cell_type:                gru
max_gradient_norm:        1.0
num_epochs:               50
data_dir:                 ../../../data/en-10k
dropout_keep_prob:        0.7
merge_mode:               concat
learning_rate:            0.01
val_split:                0.1
num_units:                256
batch_size:               16
encoder_type:             bi
num_enc_layers:           1
model_dir:                models/dummy
restore_from_dir:         None
optimizer:                adam
embedding_size:           256
model_type:               normal
task:                     18
vocab:                    ../../../data/vocab.txt
Loading data...
vocabulary size = 487
Building model...
Running initializers...
Creating summary writers...
Performing evaluation before training...
---- Qualitative Analysis
Context: is the chocolate bigger than the box ? the container is bigger than the chocolate . the box of chocolates is bigger than the chocolate . the box is bigger than the box of chocolates . the box of chocolates fits inside the chest . the chocolate fits inside the box . is the chocolate bigger than the box ?
Question: is the chocolate bigger than the box ?
Answer: no </s>
Model prediction: objects 68 lion following 96 143 266 247 247 247
=========================
Step 100: train_loss = 1.450875, train_acc = 0.562500, train ppl = 2.065634
Step 200: train_loss = 0.703586, train_acc = 0.937500, train ppl = 1.421614
Step 300: train_loss = 0.383691, train_acc = 0.937500, train ppl = 1.211483
Step 400: train_loss = 1.971627, train_acc = 0.812500, train ppl = 2.679991
Step 500: train_loss = 0.178910, train_acc = 0.875000, train ppl = 1.093578
==== Finshed epoch 1 ====
Evaluating model...
Epoch 1: validation accuracy = 0.909000 -- validation perplexity = 1.207375
Epoch 1: test accuracy: 0.894000
---- Qualitative Analysis
Context: is the chest bigger than the chocolate ? the container fits inside the chest . the box fits inside the chest . the chocolate fits inside the container . the chocolate fits inside the suitcase . the chocolate fits inside the box of chocolates . is the chest bigger than the chocolate ?
Question: is the chest bigger than the chocolate ?
Answer: yes </s>
Model prediction: yes </s>
=========================
Model checkpoint saved in models/dummy/best_model.ckpt
Step 600: train_loss = 0.055499, train_acc = 1.000000, train ppl = 1.028138
Step 700: train_loss = 0.655571, train_acc = 0.937500, train ppl = 1.387891
Step 800: train_loss = 0.094844, train_acc = 0.937500, train ppl = 1.048564
Step 900: train_loss = 0.539867, train_acc = 0.937500, train ppl = 1.309877
Step 1000: train_loss = 0.581485, train_acc = 0.812500, train ppl = 1.337420
Step 1100: train_loss = 0.175955, train_acc = 0.937500, train ppl = 1.091964
==== Finshed epoch 2 ====
Evaluating model...
Epoch 2: validation accuracy = 0.909000 -- validation perplexity = 1.179771
Epoch 2: test accuracy: 0.894000
---- Qualitative Analysis
Context: is the box bigger than the box of chocolates ? the container is bigger than the suitcase . the chest fits inside the box . the chest is bigger than the box of chocolates . the box is bigger than the chocolate . the container is bigger than the suitcase . is the box bigger than the box of chocolates ?
Question: is the box bigger than the box of chocolates ?
Answer: yes </s>
Model prediction: yes </s>
=========================
Step 1200: train_loss = 0.000008, train_acc = 1.000000, train ppl = 1.000004
Step 1300: train_loss = 0.320568, train_acc = 0.937500, train ppl = 1.173844
Step 1400: train_loss = 1.164053, train_acc = 0.687500, train ppl = 1.789661
Step 1500: train_loss = 0.405858, train_acc = 0.875000, train ppl = 1.224986
Step 1600: train_loss = 1.016534, train_acc = 0.812500, train ppl = 1.662408
==== Finshed epoch 3 ====
Evaluating model...
Epoch 3: validation accuracy = 0.909000 -- validation perplexity = 1.479098
Epoch 3: test accuracy: 0.894000
---- Qualitative Analysis
Context: does the chocolate fit in the chest ? the container is bigger than the box of chocolates . the chocolate fits inside the box . the box fits inside the chest . the container is bigger than the suitcase . the box is bigger than the box of chocolates . does the chocolate fit in the chest ?
Question: does the chocolate fit in the chest ?
Answer: yes </s>
Model prediction: yes </s>
=========================
Step 1700: train_loss = 0.428106, train_acc = 0.937500, train ppl = 1.238688
Step 1800: train_loss = 0.364817, train_acc = 0.812500, train ppl = 1.200105
Step 1900: train_loss = 0.024230, train_acc = 1.000000, train ppl = 1.012189
Step 2000: train_loss = 2.897660, train_acc = 0.812500, train ppl = 4.258129
Step 2100: train_loss = 1.868538, train_acc = 0.812500, train ppl = 2.545353
Step 2200: train_loss = 0.011545, train_acc = 1.000000, train ppl = 1.005789
==== Finshed epoch 4 ====
Evaluating model...
Epoch 4: validation accuracy = 0.915000 -- validation perplexity = 1.111886
Epoch 4: test accuracy: 0.908000
---- Qualitative Analysis
Context: does the suitcase fit in the chocolate ? the chest is bigger than the box . the box fits inside the chest . the chest is bigger than the box . the box of chocolates fits inside the chest . the container is bigger than the chocolate . the box of chocolates fits inside the suitcase . the box fits inside the chest . the chest is bigger than the chocolate . the box is bigger than the box of chocolates . the suitcase is bigger than the container . does the suitcase fit in the chocolate ?
Question: does the suitcase fit in the chocolate ?
Answer: no </s>
Model prediction: no </s>
=========================
Model checkpoint saved in models/dummy/best_model.ckpt
Step 2300: train_loss = 0.186528, train_acc = 0.937500, train ppl = 1.097751
Step 2400: train_loss = 0.782258, train_acc = 0.875000, train ppl = 1.478649
Step 2500: train_loss = 0.005495, train_acc = 1.000000, train ppl = 1.002751
Step 2600: train_loss = 0.019312, train_acc = 1.000000, train ppl = 1.009703
Step 2700: train_loss = 2.423630, train_acc = 0.812500, train ppl = 3.359576
Step 2800: train_loss = 0.000015, train_acc = 1.000000, train ppl = 1.000007
==== Finshed epoch 5 ====
Evaluating model...
Epoch 5: validation accuracy = 0.909000 -- validation perplexity = 1.614431
Epoch 5: test accuracy: 0.894000
---- Qualitative Analysis
Context: is the chocolate bigger than the box ? the box of chocolates fits inside the box . the box of chocolates fits inside the box . the box of chocolates is bigger than the chocolate . the box of chocolates fits inside the box . the chocolate fits inside the chest . is the chocolate bigger than the box ?
Question: is the chocolate bigger than the box ?
Answer: no </s>
Model prediction: no </s>
=========================
Step 2900: train_loss = 0.222976, train_acc = 0.875000, train ppl = 1.117940
Step 3000: train_loss = 0.000000, train_acc = 1.000000, train ppl = 1.000000
Step 3100: train_loss = 0.301204, train_acc = 0.937500, train ppl = 1.162534
Step 3200: train_loss = 0.281019, train_acc = 0.937500, train ppl = 1.150860
Step 3300: train_loss = 0.246174, train_acc = 0.937500, train ppl = 1.130983
==== Finshed epoch 6 ====
Evaluating model...
Epoch 6: validation accuracy = 0.920000 -- validation perplexity = 1.402006
Epoch 6: test accuracy: 0.914000
---- Qualitative Analysis
Context: does the box fit in the chocolate ? the container is bigger than the chocolate . the box is bigger than the container . the container fits inside the box . the chest is bigger than the suitcase . the container fits inside the box . does the box fit in the chocolate ?
Question: does the box fit in the chocolate ?
Answer: no </s>
Model prediction: no </s>
=========================
Model checkpoint saved in models/dummy/best_model.ckpt
Step 3400: train_loss = 0.235192, train_acc = 0.812500, train ppl = 1.124790
Step 3500: train_loss = 0.517538, train_acc = 0.812500, train ppl = 1.295334
Step 3600: train_loss = 0.817851, train_acc = 0.937500, train ppl = 1.505200
Step 3700: train_loss = 0.499654, train_acc = 0.937500, train ppl = 1.283804
Step 3800: train_loss = 0.273750, train_acc = 0.937500, train ppl = 1.146685
Step 3900: train_loss = 0.274929, train_acc = 0.937500, train ppl = 1.147361
==== Finshed epoch 7 ====
Evaluating model...
Epoch 7: validation accuracy = 0.909000 -- validation perplexity = 1.237917
Epoch 7: test accuracy: 0.894000
---- Qualitative Analysis
Context: does the container fit in the chocolate ? the box of chocolates is bigger than the chocolate . the suitcase is bigger than the chest . the container is bigger than the box . the box is bigger than the chocolate . the box fits inside the suitcase . does the container fit in the chocolate ?
Question: does the container fit in the chocolate ?
Answer: no </s>
Model prediction: no </s>
=========================
Step 4000: train_loss = 0.226115, train_acc = 0.875000, train ppl = 1.119696
Step 4100: train_loss = 0.059742, train_acc = 1.000000, train ppl = 1.030322
Step 4200: train_loss = 0.001406, train_acc = 1.000000, train ppl = 1.000703
Step 4300: train_loss = 1.222346, train_acc = 0.875000, train ppl = 1.842591
Step 4400: train_loss = 0.387957, train_acc = 0.875000, train ppl = 1.214070
Step 4500: train_loss = 0.000000, train_acc = 1.000000, train ppl = 1.000000
==== Finshed epoch 8 ====
Evaluating model...
Epoch 8: validation accuracy = 0.920000 -- validation perplexity = 1.426241
Epoch 8: test accuracy: 0.914000
---- Qualitative Analysis
Context: does the box fit in the box of chocolates ? the container is bigger than the chocolate . the box is bigger than the suitcase . the container is bigger than the chest . the suitcase is bigger than the box of chocolates . the box of chocolates fits inside the container . does the box fit in the box of chocolates ?
Question: does the box fit in the box of chocolates ?
Answer: no </s>
Model prediction: no </s>
=========================
Step 4600: train_loss = 0.743509, train_acc = 0.875000, train ppl = 1.450277
Step 4700: train_loss = 0.029646, train_acc = 1.000000, train ppl = 1.014933
Step 4800: train_loss = 0.000000, train_acc = 1.000000, train ppl = 1.000000
Step 4900: train_loss = 1.887222, train_acc = 0.687500, train ppl = 2.569242
Step 5000: train_loss = 0.000033, train_acc = 1.000000, train ppl = 1.000017
==== Finshed epoch 9 ====
Evaluating model...
Epoch 9: validation accuracy = 0.920000 -- validation perplexity = 1.504350
Epoch 9: test accuracy: 0.914000
---- Qualitative Analysis
Context: does the chocolate fit in the box ? the suitcase fits inside the chest . the box of chocolates is bigger than the chocolate . the box of chocolates fits inside the box . the suitcase fits inside the chest . the chest is bigger than the chocolate . does the chocolate fit in the box ?
Question: does the chocolate fit in the box ?
Answer: yes </s>
Model prediction: yes </s>
=========================
Step 5100: train_loss = 0.561151, train_acc = 0.937500, train ppl = 1.323891
Step 5200: train_loss = 0.416617, train_acc = 0.812500, train ppl = 1.231593
Step 5300: train_loss = 1.588167, train_acc = 0.750000, train ppl = 2.212412
Step 5400: train_loss = 0.829227, train_acc = 0.875000, train ppl = 1.513786
Step 5500: train_loss = 0.399083, train_acc = 0.750000, train ppl = 1.220843
Step 5600: train_loss = 0.338439, train_acc = 0.937500, train ppl = 1.184380
==== Finshed epoch 10 ====
Evaluating model...
Epoch 10: validation accuracy = 0.920000 -- validation perplexity = 1.164173
Epoch 10: test accuracy: 0.914000
---- Qualitative Analysis
Context: is the chocolate bigger than the chest ? the chest is bigger than the container . the suitcase is bigger than the box of chocolates . the chocolate fits inside the chest . the chocolate fits inside the box . the container is bigger than the chocolate . is the chocolate bigger than the chest ?
Question: is the chocolate bigger than the chest ?
Answer: no </s>
Model prediction: no </s>
=========================
Step 5700: train_loss = 0.857578, train_acc = 0.875000, train ppl = 1.535397
Step 5800: train_loss = 0.415231, train_acc = 0.937500, train ppl = 1.230740
Step 5900: train_loss = 0.097537, train_acc = 0.937500, train ppl = 1.049977
Step 6000: train_loss = 0.000014, train_acc = 1.000000, train ppl = 1.000007
Step 6100: train_loss = 0.395127, train_acc = 0.875000, train ppl = 1.218430
==== Finshed epoch 11 ====
Evaluating model...
Epoch 11: validation accuracy = 0.911000 -- validation perplexity = 1.110609
Epoch 11: test accuracy: 0.898000
---- Qualitative Analysis
Context: is the chest bigger than the box of chocolates ? the box is bigger than the box of chocolates . the suitcase is bigger than the chocolate . the chest is bigger than the box . the box of chocolates fits inside the container . the box is bigger than the chocolate . is the chest bigger than the box of chocolates ?
Question: is the chest bigger than the box of chocolates ?
Answer: yes </s>
Model prediction: yes </s>
=========================
Step 6200: train_loss = 0.399198, train_acc = 0.875000, train ppl = 1.220913
Step 6300: train_loss = 0.903186, train_acc = 0.875000, train ppl = 1.570812
Step 6400: train_loss = 0.498159, train_acc = 0.875000, train ppl = 1.282844
Step 6500: train_loss = 0.001805, train_acc = 1.000000, train ppl = 1.000903
Step 6600: train_loss = 0.417350, train_acc = 0.875000, train ppl = 1.232044
Step 6700: train_loss = 0.704851, train_acc = 0.937500, train ppl = 1.422513
==== Finshed epoch 12 ====
Evaluating model...
Epoch 12: validation accuracy = 0.909000 -- validation perplexity = 2.197124
Epoch 12: test accuracy: 0.894000
---- Qualitative Analysis
Context: does the suitcase fit in the box of chocolates ? the chocolate fits inside the box of chocolates . the container fits inside the suitcase . the container is bigger than the box of chocolates . the container is bigger than the chocolate . the suitcase is bigger than the chocolate . does the suitcase fit in the box of chocolates ?
Question: does the suitcase fit in the box of chocolates ?
Answer: no </s>
Model prediction: no </s>
=========================
Step 6800: train_loss = 0.073881, train_acc = 1.000000, train ppl = 1.037631
Step 6900: train_loss = 1.112632, train_acc = 0.875000, train ppl = 1.744235
Step 7000: train_loss = 3.217385, train_acc = 0.812500, train ppl = 4.996274
Step 7100: train_loss = 1.109018, train_acc = 0.875000, train ppl = 1.741086
Step 7200: train_loss = 0.291508, train_acc = 0.937500, train ppl = 1.156912
