model_dir:                models/dummy
num_units:                256
embedding_size:           256
num_enc_layers:           1
vocab:                    data/vocab.txt
cell_type:                gru
optimizer:                adam
val_split:                0.1
data_dir:                 data/en-10k
num_epochs:               50
model_type:               attention
learning_rate:            0.01
merge_mode:               concat
batch_size:               8
task:                     3
dropout_keep_prob:        0.7
encoder_type:             bi
max_gradient_norm:        1.0
restore_from_dir:         None
Loading data...
vocabulary size = 487
Building model...
Running initializers...
Creating summary writers...
Performing evaluation before training...
---- Qualitative Analysis
Context: where was the football before the hallway ? sandra picked up the milk . john took the apple . mary got the football . sandra travelled to the garden . mary travelled to the office . john discarded the apple . mary moved to the kitchen . john got the apple there . john left the apple . sandra journeyed to the hallway . john picked up the apple . sandra dropped the milk there . sandra journeyed to the kitchen . daniel journeyed to the kitchen . john went to the hallway . mary moved to the hallway . john discarded the apple . john journeyed to the office . mary went back to the bedroom . mary went back to the hallway . mary grabbed the milk . mary discarded the milk there . sandra journeyed to the office . mary dropped the football . mary went back to the office . john travelled to the bathroom . where was the football before the hallway ?
Question: where was the football before the hallway ?
Answer: bedroom </s>
Model prediction: 264 264 264 264 264 264 264 264 264 264
=========================
Step 100: train_loss = 3.117594, train_acc = 0.000000, train ppl = 4.753101
Step 200: train_loss = 2.134029, train_acc = 0.000000, train ppl = 2.906689
Step 300: train_loss = 2.398977, train_acc = 0.125000, train ppl = 3.318420
Step 400: train_loss = 1.618047, train_acc = 0.375000, train ppl = 2.245714
Step 500: train_loss = 2.227850, train_acc = 0.250000, train ppl = 3.046292
Step 600: train_loss = 1.589407, train_acc = 0.125000, train ppl = 2.213785
Step 700: train_loss = 2.172762, train_acc = 0.125000, train ppl = 2.963530
Step 800: train_loss = 1.570137, train_acc = 0.125000, train ppl = 2.192557
Step 900: train_loss = 3.236030, train_acc = 0.125000, train ppl = 5.043069
Step 1000: train_loss = 2.179532, train_acc = 0.250000, train ppl = 2.973577
Step 1100: train_loss = 1.910022, train_acc = 0.125000, train ppl = 2.598700
==== Finshed epoch 1 ====
Evaluating model...
Epoch 1: validation accuracy = 0.213000 -- validation perplexity = 2.493393
Epoch 1: test accuracy: 0.176000
---- Qualitative Analysis
Context: where was the apple before the bathroom ? sandra journeyed to the bedroom . john moved to the kitchen . john went to the hallway . sandra went to the bathroom . john went back to the kitchen . daniel went to the hallway . sandra got the football . sandra travelled to the garden . daniel journeyed to the garden . daniel journeyed to the kitchen . daniel went back to the office . daniel travelled to the bedroom . john went back to the bedroom . sandra went to the bedroom . sandra went to the hallway . sandra travelled to the office . sandra went back to the bedroom . sandra moved to the office . sandra journeyed to the kitchen . sandra travelled to the garden . john went back to the bathroom . daniel moved to the office . john grabbed the apple . daniel got the milk there . daniel left the milk . mary travelled to the bedroom . mary moved to the kitchen . daniel grabbed the milk . daniel left the milk . sandra left the football there . john travelled to the office . mary went back to the bedroom . john went back to the bathroom . mary journeyed to the kitchen . sandra went to the bedroom . john went back to the garden . mary travelled to the office . john dropped the apple . daniel got the milk there . sandra went to the office . where was the apple before the bathroom ?
Question: where was the apple before the bathroom ?
Answer: office </s>
Model prediction: office </s>
=========================
Model checkpoint saved in models/dummy/best_model.ckpt
Step 1200: train_loss = 2.151132, train_acc = 0.125000, train ppl = 2.931652
Step 1300: train_loss = 1.917046, train_acc = 0.125000, train ppl = 2.607842
Step 1400: train_loss = 1.961294, train_acc = 0.375000, train ppl = 2.666181
Step 1500: train_loss = 1.912950, train_acc = 0.250000, train ppl = 2.602507
Step 1600: train_loss = 2.735574, train_acc = 0.000000, train ppl = 3.926652
Step 1700: train_loss = 2.342533, train_acc = 0.125000, train ppl = 3.226075
Step 1800: train_loss = 3.149754, train_acc = 0.000000, train ppl = 4.830147
Step 1900: train_loss = 4.030117, train_acc = 0.250000, train ppl = 7.501166
Step 2000: train_loss = 2.736820, train_acc = 0.375000, train ppl = 3.929098
Step 2100: train_loss = 1.771483, train_acc = 0.375000, train ppl = 2.424782
Step 2200: train_loss = 2.097228, train_acc = 0.125000, train ppl = 2.853693
==== Finshed epoch 2 ====
Evaluating model...
Epoch 2: validation accuracy = 0.214000 -- validation perplexity = 3.124280
Epoch 2: test accuracy: 0.212000
---- Qualitative Analysis
Context: where was the milk before the hallway ? john travelled to the garden . daniel journeyed to the bathroom . daniel moved to the bedroom . sandra grabbed the milk . mary travelled to the bedroom . mary travelled to the garden . daniel went back to the bathroom . daniel travelled to the hallway . daniel travelled to the office . john journeyed to the kitchen . daniel picked up the football there . daniel moved to the hallway . sandra travelled to the bathroom . daniel left the football . daniel moved to the garden . mary went to the hallway . mary journeyed to the office . mary moved to the kitchen . john moved to the hallway . john grabbed the football . john journeyed to the garden . sandra moved to the hallway . john went back to the hallway . john journeyed to the garden . mary journeyed to the garden . sandra left the milk there . john dropped the football . daniel picked up the football . where was the milk before the hallway ?
Question: where was the milk before the hallway ?
Answer: bathroom </s>
Model prediction: bedroom </s>
=========================
Model checkpoint saved in models/dummy/best_model.ckpt
Step 2300: train_loss = 2.209103, train_acc = 0.125000, train ppl = 3.017871
Step 2400: train_loss = 1.843082, train_acc = 0.125000, train ppl = 2.513161
Step 2500: train_loss = 1.776328, train_acc = 0.250000, train ppl = 2.430663
Step 2600: train_loss = 2.258073, train_acc = 0.125000, train ppl = 3.092676
Step 2700: train_loss = 1.409423, train_acc = 0.500000, train ppl = 2.023263
Step 2800: train_loss = 1.421262, train_acc = 0.500000, train ppl = 2.035275
Step 2900: train_loss = 2.474923, train_acc = 0.250000, train ppl = 3.446852
Step 3000: train_loss = 1.430134, train_acc = 0.625000, train ppl = 2.044324
Step 3100: train_loss = 1.541053, train_acc = 0.250000, train ppl = 2.160903
Step 3200: train_loss = 1.616621, train_acc = 0.250000, train ppl = 2.244113
Step 3300: train_loss = 2.141439, train_acc = 0.125000, train ppl = 2.917478
==== Finshed epoch 3 ====
Evaluating model...
Epoch 3: validation accuracy = 0.205000 -- validation perplexity = 3.149646
Epoch 3: test accuracy: 0.219000
---- Qualitative Analysis
Context: where was the apple before the hallway ? sandra took the apple . daniel journeyed to the hallway . sandra left the apple . mary went to the hallway . sandra got the apple . john moved to the bedroom . sandra travelled to the garden . john went to the garden . sandra travelled to the bathroom . sandra journeyed to the garden . john went to the office . john travelled to the garden . mary travelled to the garden . john went to the bedroom . mary travelled to the office . john grabbed the milk . john put down the milk . john grabbed the milk . john dropped the milk . john picked up the milk . john journeyed to the hallway . john discarded the milk . daniel grabbed the milk . daniel dropped the milk . sandra journeyed to the kitchen . daniel travelled to the garden . daniel travelled to the office . mary journeyed to the kitchen . sandra got the football . sandra journeyed to the office . john got the milk . john discarded the milk there . john went back to the bedroom . sandra put down the football there . sandra moved to the hallway . mary went to the hallway . daniel got the football . daniel discarded the football . sandra took the milk . john went to the bathroom . mary went back to the bathroom . daniel went back to the hallway . mary went back to the hallway . sandra went to the kitchen . sandra put down the milk . sandra put down the apple . john journeyed to the office . sandra got the milk . where was the apple before the hallway ?
Question: where was the apple before the hallway ?
Answer: office </s>
Model prediction: bathroom </s>
=========================
Step 3400: train_loss = 1.959905, train_acc = 0.125000, train ppl = 2.664330
Step 3500: train_loss = 1.760285, train_acc = 0.500000, train ppl = 2.411243
Step 3600: train_loss = 1.856749, train_acc = 0.125000, train ppl = 2.530392
Step 3700: train_loss = 1.728639, train_acc = 0.250000, train ppl = 2.373390
Step 3800: train_loss = 1.719653, train_acc = 0.500000, train ppl = 2.362751
Step 3900: train_loss = 1.388146, train_acc = 0.250000, train ppl = 2.001852
Step 4000: train_loss = 1.942491, train_acc = 0.125000, train ppl = 2.641232
Step 4100: train_loss = 1.560430, train_acc = 0.250000, train ppl = 2.181941
Step 4200: train_loss = 2.220649, train_acc = 0.125000, train ppl = 3.035344
Step 4300: train_loss = 2.169016, train_acc = 0.125000, train ppl = 2.957985
Step 4400: train_loss = 1.972394, train_acc = 0.125000, train ppl = 2.681019
Step 4500: train_loss = 1.966251, train_acc = 0.250000, train ppl = 2.672797
==== Finshed epoch 4 ====
Evaluating model...
Epoch 4: validation accuracy = 0.202000 -- validation perplexity = 2.451608
Epoch 4: test accuracy: 0.181000
---- Qualitative Analysis
Context: where was the football before the hallway ? john took the football . daniel went back to the garden . mary moved to the bathroom . mary went to the bedroom . mary went to the hallway . john dropped the football . daniel journeyed to the hallway . sandra grabbed the football . john moved to the office . sandra put down the football . sandra took the football . daniel went to the bedroom . mary moved to the office . mary journeyed to the bedroom . mary grabbed the apple there . sandra went back to the kitchen . sandra picked up the milk there . mary discarded the apple . john went back to the bathroom . mary got the apple . mary left the apple . mary took the apple . mary put down the apple . sandra put down the milk . daniel went to the kitchen . sandra journeyed to the office . sandra journeyed to the bedroom . john moved to the garden . sandra journeyed to the garden . mary got the apple . mary discarded the apple . mary travelled to the hallway . daniel went to the garden . sandra went back to the hallway . sandra travelled to the garden . sandra went back to the office . daniel went to the bathroom . sandra dropped the football . where was the football before the hallway ?
Question: where was the football before the hallway ?
Answer: garden </s>
Model prediction: bedroom </s>
=========================
Step 4600: train_loss = 1.730436, train_acc = 0.250000, train ppl = 2.375524
Step 4700: train_loss = 1.577157, train_acc = 0.375000, train ppl = 2.200267
Step 4800: train_loss = 1.930885, train_acc = 0.000000, train ppl = 2.625949
Step 4900: train_loss = 2.151934, train_acc = 0.250000, train ppl = 2.932828
Step 5000: train_loss = 2.431795, train_acc = 0.250000, train ppl = 3.373320
Step 5100: train_loss = 1.866770, train_acc = 0.250000, train ppl = 2.543103
Step 5200: train_loss = 2.182120, train_acc = 0.250000, train ppl = 2.977428
Step 5300: train_loss = 2.796515, train_acc = 0.000000, train ppl = 4.048140
Step 5400: train_loss = 1.899507, train_acc = 0.125000, train ppl = 2.585073
Step 5500: train_loss = 2.235710, train_acc = 0.125000, train ppl = 3.058287
Step 5600: train_loss = 2.030139, train_acc = 0.375000, train ppl = 2.759555
==== Finshed epoch 5 ====
Evaluating model...
Epoch 5: validation accuracy = 0.181000 -- validation perplexity = 3.563145
Epoch 5: test accuracy: 0.209000
---- Qualitative Analysis
Context: where was the football before the hallway ? sandra picked up the milk . john took the apple . mary got the football . sandra travelled to the garden . mary travelled to the office . john discarded the apple . mary moved to the kitchen . john got the apple there . john left the apple . sandra journeyed to the hallway . john picked up the apple . sandra dropped the milk there . sandra journeyed to the kitchen . daniel journeyed to the kitchen . john went to the hallway . mary moved to the hallway . john discarded the apple . john journeyed to the office . mary went back to the bedroom . mary went back to the hallway . mary grabbed the milk . mary discarded the milk there . sandra journeyed to the office . mary dropped the football . mary went back to the office . john travelled to the bathroom . where was the football before the hallway ?
Question: where was the football before the hallway ?
Answer: bedroom </s>
Model prediction: bedroom </s>
=========================
Step 5700: train_loss = 1.932128, train_acc = 0.125000, train ppl = 2.627582
Step 5800: train_loss = 2.478175, train_acc = 0.125000, train ppl = 3.452462
Step 5900: train_loss = 1.599641, train_acc = 0.250000, train ppl = 2.225142
Step 6000: train_loss = 2.180241, train_acc = 0.000000, train ppl = 2.974633
Step 6100: train_loss = 1.375406, train_acc = 0.500000, train ppl = 1.989141
Step 6200: train_loss = 2.761020, train_acc = 0.125000, train ppl = 3.976929
Step 6300: train_loss = 1.816417, train_acc = 0.375000, train ppl = 2.479877
Step 6400: train_loss = 2.263304, train_acc = 0.250000, train ppl = 3.100775
Step 6500: train_loss = 2.642527, train_acc = 0.375000, train ppl = 3.748154
Step 6600: train_loss = 1.599307, train_acc = 0.250000, train ppl = 2.224770
Step 6700: train_loss = 1.979864, train_acc = 0.250000, train ppl = 2.691051
==== Finshed epoch 6 ====
Evaluating model...
Epoch 6: validation accuracy = 0.194000 -- validation perplexity = 2.628420
Epoch 6: test accuracy: 0.181000
---- Qualitative Analysis
Context: where was the apple before the hallway ? john moved to the bathroom . sandra took the apple there . daniel journeyed to the hallway . john journeyed to the hallway . john went to the kitchen . sandra moved to the bedroom . sandra went back to the garden . sandra grabbed the football . john travelled to the office . john grabbed the milk . daniel went back to the office . sandra dropped the apple . mary moved to the garden . mary got the apple . mary moved to the office . daniel went back to the bedroom . mary went back to the kitchen . mary went to the hallway . mary went back to the garden . mary discarded the apple . where was the apple before the hallway ?
Question: where was the apple before the hallway ?
Answer: kitchen </s>
Model prediction: bedroom </s>
=========================
Step 6800: train_loss = 2.300169, train_acc = 0.125000, train ppl = 3.158460
Step 6900: train_loss = 1.842214, train_acc = 0.250000, train ppl = 2.512070
Step 7000: train_loss = 1.968645, train_acc = 0.250000, train ppl = 2.675998
Step 7100: train_loss = 1.704013, train_acc = 0.000000, train ppl = 2.344346
Step 7200: train_loss = 3.497376, train_acc = 0.125000, train ppl = 5.747059
Step 7300: train_loss = 1.663122, train_acc = 0.500000, train ppl = 2.296901
Step 7400: train_loss = 2.693190, train_acc = 0.250000, train ppl = 3.844314
Step 7500: train_loss = 2.069072, train_acc = 0.000000, train ppl = 2.813800
Step 7600: train_loss = 2.111092, train_acc = 0.250000, train ppl = 2.873544
Step 7700: train_loss = 1.964594, train_acc = 0.000000, train ppl = 2.670583
Step 7800: train_loss = 1.893348, train_acc = 0.250000, train ppl = 2.577124
==== Finshed epoch 7 ====
Evaluating model...
Epoch 7: validation accuracy = 0.199000 -- validation perplexity = 2.784009
Epoch 7: test accuracy: 0.186000
---- Qualitative Analysis
Context: where was the apple before the hallway ? mary got the milk . john moved to the bedroom . daniel journeyed to the office . john grabbed the apple there . john got the football . john journeyed to the garden . mary left the milk . john left the football . daniel moved to the garden . daniel grabbed the football . mary moved to the hallway . mary went to the kitchen . john put down the apple there . john picked up the apple . sandra moved to the hallway . daniel left the football there . daniel took the football . john travelled to the kitchen . daniel dropped the football . john dropped the apple . john grabbed the apple . john went to the office . sandra went back to the bedroom . sandra took the milk . john journeyed to the bathroom . john travelled to the office . sandra left the milk . mary went to the bedroom . mary moved to the office . john travelled to the hallway . sandra moved to the garden . mary moved to the kitchen . daniel took the football . mary journeyed to the bedroom . mary grabbed the milk there . mary discarded the milk . john went to the garden . john discarded the apple there . sandra travelled to the bedroom . daniel moved to the bathroom . sandra got the milk . daniel travelled to the garden . where was the apple before the hallway ?
Question: where was the apple before the hallway ?
Answer: office </s>
Model prediction: office </s>
=========================
Step 7900: train_loss = 2.103859, train_acc = 0.250000, train ppl = 2.863171
Step 8000: train_loss = 2.144320, train_acc = 0.125000, train ppl = 2.921683
Step 8100: train_loss = 1.669896, train_acc = 0.250000, train ppl = 2.304694
Step 8200: train_loss = 1.694464, train_acc = 0.250000, train ppl = 2.333179
Step 8300: train_loss = 1.782107, train_acc = 0.250000, train ppl = 2.437696
Step 8400: train_loss = 1.775874, train_acc = 0.500000, train ppl = 2.430111
Step 8500: train_loss = 2.196809, train_acc = 0.250000, train ppl = 2.999376
Step 8600: train_loss = 1.968395, train_acc = 0.000000, train ppl = 2.675663
Step 8700: train_loss = 1.421080, train_acc = 0.250000, train ppl = 2.035090
Step 8800: train_loss = 1.065180, train_acc = 0.625000, train ppl = 1.703338
Step 8900: train_loss = 2.287012, train_acc = 0.375000, train ppl = 3.137751
Step 9000: train_loss = 2.167037, train_acc = 0.125000, train ppl = 2.955059
==== Finshed epoch 8 ====
Evaluating model...
Epoch 8: validation accuracy = 0.180000 -- validation perplexity = 2.648041
Epoch 8: test accuracy: 0.192000
---- Qualitative Analysis
Context: where was the football before the hallway ? mary went back to the office . mary went back to the bathroom . mary went back to the hallway . mary went back to the bedroom . mary journeyed to the kitchen . daniel moved to the bedroom . mary picked up the football . daniel travelled to the hallway . daniel journeyed to the bedroom . sandra travelled to the hallway . mary moved to the garden . mary put down the football there . mary travelled to the kitchen . daniel moved to the hallway . sandra moved to the garden . mary went to the bathroom . mary picked up the apple . mary moved to the garden . sandra picked up the football . daniel went back to the office . sandra left the football . mary put down the apple . john journeyed to the bathroom . john grabbed the milk . daniel travelled to the kitchen . sandra got the apple there . mary moved to the office . sandra journeyed to the hallway . sandra left the apple . sandra moved to the bathroom . sandra went to the kitchen . sandra went to the hallway . sandra took the apple . mary went back to the hallway . sandra travelled to the garden . sandra dropped the apple . mary journeyed to the bathroom . mary travelled to the office . sandra travelled to the kitchen . sandra travelled to the bedroom . daniel journeyed to the bathroom . john went back to the office . john left the milk . mary went back to the bathroom . john grabbed the milk . john went back to the hallway . john moved to the garden . sandra went to the bathroom . sandra moved to the hallway . john grabbed the football there . daniel travelled to the kitchen . john put down the football there . mary travelled to the garden . mary got the football . daniel went to the garden . daniel travelled to the kitchen . john discarded the milk . john got the apple there . john picked up the milk . john dropped the apple . john picked up the apple . mary travelled to the kitchen . mary went back to the office . john journeyed to the hallway . john discarded the milk . mary went to the bathroom . mary moved to the hallway . sandra went to the bedroom . sandra went to the bathroom . mary dropped the football there . john dropped the apple . daniel travelled to the office . mary went to the garden . sandra moved to the kitchen . where was the football before the hallway ?
Question: where was the football before the hallway ?
Answer: bathroom </s>
Model prediction: office </s>
=========================
Step 9100: train_loss = 1.649997, train_acc = 0.375000, train ppl = 2.281878
Step 9200: train_loss = 2.541540, train_acc = 0.250000, train ppl = 3.563595
Step 9300: train_loss = 1.905180, train_acc = 0.000000, train ppl = 2.592416
Step 9400: train_loss = 2.316264, train_acc = 0.250000, train ppl = 3.183981
Step 9500: train_loss = 1.841409, train_acc = 0.000000, train ppl = 2.511058
Step 9600: train_loss = 2.500620, train_acc = 0.125000, train ppl = 3.491426
Step 9700: train_loss = 2.675759, train_acc = 0.375000, train ppl = 3.810954
Step 9800: train_loss = 2.311281, train_acc = 0.375000, train ppl = 3.176057
Step 9900: train_loss = 2.131327, train_acc = 0.250000, train ppl = 2.902764
Step 10000: train_loss = 2.499092, train_acc = 0.125000, train ppl = 3.488758
Step 10100: train_loss = 3.555171, train_acc = 0.125000, train ppl = 5.915556
==== Finshed epoch 9 ====
Evaluating model...
Epoch 9: validation accuracy = 0.206000 -- validation perplexity = 2.432723
Epoch 9: test accuracy: 0.214000
---- Qualitative Analysis
Context: where was the football before the office ? mary picked up the apple . mary put down the apple . daniel grabbed the apple . daniel discarded the apple there . sandra moved to the bathroom . john went back to the kitchen . daniel moved to the bathroom . daniel picked up the football . mary went back to the bedroom . daniel moved to the bedroom . daniel travelled to the office . john travelled to the garden . john took the milk . john journeyed to the office . daniel discarded the football . john dropped the milk there . where was the football before the office ?
Question: where was the football before the office ?
Answer: bedroom </s>
Model prediction: hallway </s>
=========================
Step 10200: train_loss = 1.774947, train_acc = 0.375000, train ppl = 2.428985
Step 10300: train_loss = 1.806363, train_acc = 0.125000, train ppl = 2.467441
Step 10400: train_loss = 2.021211, train_acc = 0.000000, train ppl = 2.747264
Step 10500: train_loss = 2.183522, train_acc = 0.000000, train ppl = 2.979516
Step 10600: train_loss = 1.894656, train_acc = 0.125000, train ppl = 2.578810
Step 10700: train_loss = 1.259366, train_acc = 0.500000, train ppl = 1.877015
Step 10800: train_loss = 2.007864, train_acc = 0.125000, train ppl = 2.728992
Step 10900: train_loss = 1.570916, train_acc = 0.125000, train ppl = 2.193411
Step 11000: train_loss = 1.986670, train_acc = 0.125000, train ppl = 2.700225
Step 11100: train_loss = 2.501678, train_acc = 0.125000, train ppl = 3.493272
Step 11200: train_loss = 2.275819, train_acc = 0.000000, train ppl = 3.120238
==== Finshed epoch 10 ====
Evaluating model...
Epoch 10: validation accuracy = 0.195000 -- validation perplexity = 2.436872
Epoch 10: test accuracy: 0.190000
---- Qualitative Analysis
Context: where was the milk before the bedroom ? mary journeyed to the bathroom . daniel got the milk . john journeyed to the office . daniel travelled to the kitchen . mary went back to the hallway . sandra journeyed to the kitchen . sandra picked up the apple . john journeyed to the hallway . sandra discarded the apple . mary got the football . sandra went to the hallway . sandra moved to the garden . sandra went to the bathroom . sandra went back to the garden . daniel discarded the milk . sandra journeyed to the hallway . sandra journeyed to the garden . mary discarded the football . mary got the football . mary went to the kitchen . john journeyed to the garden . mary put down the football . daniel journeyed to the garden . mary travelled to the garden . daniel moved to the kitchen . mary journeyed to the hallway . sandra journeyed to the office . mary went to the bedroom . sandra went to the bathroom . john moved to the hallway . daniel grabbed the milk . daniel took the football . sandra moved to the bedroom . sandra went back to the office . daniel went to the garden . daniel left the milk . john went back to the office . daniel grabbed the milk there . daniel went back to the office . daniel moved to the bedroom . daniel moved to the office . mary went to the office . daniel left the milk . mary moved to the garden . where was the milk before the bedroom ?
Question: where was the milk before the bedroom ?
Answer: office </s>
Model prediction: hallway </s>
=========================
Step 11300: train_loss = 2.216902, train_acc = 0.000000, train ppl = 3.029663
Step 11400: train_loss = 4.479623, train_acc = 0.125000, train ppl = 9.391560
Step 11500: train_loss = 2.024233, train_acc = 0.250000, train ppl = 2.751418
Step 11600: train_loss = 2.637191, train_acc = 0.250000, train ppl = 3.738168
Step 11700: train_loss = 1.882557, train_acc = 0.125000, train ppl = 2.563256
Step 11800: train_loss = 1.727567, train_acc = 0.250000, train ppl = 2.372118
Step 11900: train_loss = 1.882985, train_acc = 0.250000, train ppl = 2.563805
Step 12000: train_loss = 2.745311, train_acc = 0.000000, train ppl = 3.945815
Step 12100: train_loss = 2.114185, train_acc = 0.125000, train ppl = 2.877991
Step 12200: train_loss = 1.896943, train_acc = 0.250000, train ppl = 2.581761
Step 12300: train_loss = 1.428699, train_acc = 0.250000, train ppl = 2.042857
==== Finshed epoch 11 ====
Evaluating model...
Epoch 11: validation accuracy = 0.184000 -- validation perplexity = 2.775138
Epoch 11: test accuracy: 0.188000
---- Qualitative Analysis
Context: where was the apple before the kitchen ? john journeyed to the bedroom . mary grabbed the apple . mary went back to the bathroom . daniel journeyed to the bedroom . daniel moved to the garden . mary travelled to the kitchen . john journeyed to the kitchen . sandra went back to the kitchen . daniel took the football . mary travelled to the garden . mary went back to the kitchen . mary dropped the apple . where was the apple before the kitchen ?
Question: where was the apple before the kitchen ?
Answer: garden </s>
Model prediction: hallway </s>
=========================
Step 12400: train_loss = 2.752287, train_acc = 0.375000, train ppl = 3.959603
Step 12500: train_loss = 2.758727, train_acc = 0.125000, train ppl = 3.972373
Step 12600: train_loss = 2.113907, train_acc = 0.125000, train ppl = 2.877591
Step 12700: train_loss = 2.704387, train_acc = 0.375000, train ppl = 3.865896
Step 12800: train_loss = 2.579527, train_acc = 0.250000, train ppl = 3.631928
Step 12900: train_loss = 2.468001, train_acc = 0.125000, train ppl = 3.434944
Step 13000: train_loss = 2.353792, train_acc = 0.125000, train ppl = 3.244289
Step 13100: train_loss = 2.021889, train_acc = 0.125000, train ppl = 2.748195
Step 13200: train_loss = 1.600962, train_acc = 0.250000, train ppl = 2.226611
Step 13300: train_loss = 2.082179, train_acc = 0.125000, train ppl = 2.832301
Step 13400: train_loss = 1.758949, train_acc = 0.375000, train ppl = 2.409633
Step 13500: train_loss = 1.601823, train_acc = 0.250000, train ppl = 2.227571
==== Finshed epoch 12 ====
Evaluating model...
Epoch 12: validation accuracy = 0.226000 -- validation perplexity = 2.510263
Epoch 12: test accuracy: 0.172000
---- Qualitative Analysis
Context: where was the apple before the garden ? john took the apple . mary went to the bedroom . john went back to the office . mary journeyed to the office . sandra went back to the hallway . sandra moved to the bathroom . sandra got the football . john went to the bathroom . daniel went to the hallway . sandra went to the hallway . john dropped the apple . john took the apple . john went back to the hallway . daniel travelled to the office . daniel journeyed to the bathroom . john went to the garden . where was the apple before the garden ?
Question: where was the apple before the garden ?
Answer: hallway </s>
Model prediction: hallway </s>
=========================
Model checkpoint saved in models/dummy/best_model.ckpt
Step 13600: train_loss = 1.770609, train_acc = 0.125000, train ppl = 2.423723
Step 13700: train_loss = 1.897084, train_acc = 0.375000, train ppl = 2.581943
Step 13800: train_loss = 1.437798, train_acc = 0.375000, train ppl = 2.052172
Step 13900: train_loss = 2.777075, train_acc = 0.000000, train ppl = 4.008983
Step 14000: train_loss = 1.554718, train_acc = 0.250000, train ppl = 2.175718
Step 14100: train_loss = 1.561208, train_acc = 0.125000, train ppl = 2.182791
Step 14200: train_loss = 1.462575, train_acc = 0.500000, train ppl = 2.077754
Step 14300: train_loss = 2.476976, train_acc = 0.125000, train ppl = 3.450392
Step 14400: train_loss = 1.783353, train_acc = 0.250000, train ppl = 2.439215
Step 14500: train_loss = 2.145566, train_acc = 0.000000, train ppl = 2.923505
Step 14600: train_loss = 2.148569, train_acc = 0.125000, train ppl = 2.927898
==== Finshed epoch 13 ====
Evaluating model...
Epoch 13: validation accuracy = 0.207000 -- validation perplexity = 2.708977
Epoch 13: test accuracy: 0.252000
---- Qualitative Analysis
Context: where was the football before the kitchen ? john picked up the milk . sandra got the football there . mary went to the hallway . daniel travelled to the bedroom . john dropped the milk . john grabbed the milk . sandra went to the kitchen . sandra travelled to the hallway . sandra journeyed to the office . sandra grabbed the apple . john discarded the milk . sandra discarded the apple . mary went to the bathroom . mary moved to the kitchen . sandra took the apple . sandra journeyed to the kitchen . john picked up the milk . sandra dropped the apple . sandra travelled to the bathroom . daniel travelled to the bathroom . john discarded the milk . sandra journeyed to the hallway . john got the apple there . sandra journeyed to the kitchen . john journeyed to the hallway . sandra grabbed the milk . sandra went back to the hallway . daniel went back to the hallway . john discarded the apple there . daniel went to the office . john moved to the office . john went back to the bedroom . sandra picked up the apple . daniel journeyed to the kitchen . daniel travelled to the bedroom . daniel travelled to the garden . daniel went back to the hallway . sandra left the apple . john travelled to the garden . mary travelled to the garden . daniel journeyed to the bathroom . daniel went to the hallway . sandra went back to the kitchen . mary went to the bathroom . john journeyed to the office . sandra left the football . sandra moved to the garden . mary went to the garden . daniel grabbed the apple . sandra put down the milk . where was the football before the kitchen ?
Question: where was the football before the kitchen ?
Answer: hallway </s>
Model prediction: bathroom </s>
=========================
Step 14700: train_loss = 2.349831, train_acc = 0.250000, train ppl = 3.237869
Step 14800: train_loss = 1.574794, train_acc = 0.250000, train ppl = 2.197669
Step 14900: train_loss = 2.354100, train_acc = 0.000000, train ppl = 3.244787
Step 15000: train_loss = 2.050787, train_acc = 0.250000, train ppl = 2.788192
Step 15100: train_loss = 2.105696, train_acc = 0.000000, train ppl = 2.865802
Step 15200: train_loss = 2.055881, train_acc = 0.250000, train ppl = 2.795302
Step 15300: train_loss = 1.750306, train_acc = 0.125000, train ppl = 2.399243
Step 15400: train_loss = 2.103817, train_acc = 0.125000, train ppl = 2.863111
Step 15500: train_loss = 1.775828, train_acc = 0.375000, train ppl = 2.430055
Step 15600: train_loss = 1.824402, train_acc = 0.000000, train ppl = 2.489796
Step 15700: train_loss = 1.393381, train_acc = 0.500000, train ppl = 2.007099
==== Finshed epoch 14 ====
Evaluating model...
Epoch 14: validation accuracy = 0.199000 -- validation perplexity = 2.395788
Epoch 14: test accuracy: 0.147000
---- Qualitative Analysis
Context: where was the apple before the bathroom ? john travelled to the kitchen . mary got the football . mary got the apple . sandra moved to the office . mary journeyed to the hallway . mary left the football . mary left the apple there . sandra moved to the bathroom . sandra travelled to the office . mary took the football . sandra moved to the hallway . daniel moved to the bathroom . john journeyed to the garden . daniel went back to the hallway . mary travelled to the bathroom . sandra grabbed the apple . mary discarded the football . sandra left the apple . sandra travelled to the kitchen . mary got the football . daniel grabbed the apple . mary travelled to the garden . daniel dropped the apple . sandra went to the garden . daniel went to the garden . daniel went back to the office . sandra journeyed to the bedroom . john travelled to the hallway . mary left the football . john went to the bathroom . sandra went back to the kitchen . mary went back to the bedroom . daniel went to the bathroom . john went to the kitchen . mary travelled to the bathroom . john travelled to the bedroom . john travelled to the garden . daniel travelled to the garden . john picked up the football . john left the football . john grabbed the football . daniel went to the office . daniel got the milk there . daniel discarded the milk there . john dropped the football . john picked up the football . john journeyed to the bathroom . daniel got the milk there . sandra journeyed to the bedroom . sandra went to the kitchen . sandra travelled to the garden . sandra went back to the office . mary journeyed to the office . john discarded the football . john travelled to the kitchen . daniel dropped the milk there . daniel picked up the milk . daniel journeyed to the bedroom . mary travelled to the bedroom . mary went to the kitchen . john journeyed to the office . sandra journeyed to the bathroom . mary moved to the office . john went back to the bathroom . sandra took the football . mary travelled to the bedroom . sandra put down the football . john got the football . daniel went back to the hallway . sandra journeyed to the office . daniel discarded the milk . john put down the football . sandra went back to the kitchen . john got the football there . mary went to the hallway . john dropped the football . daniel went back to the bedroom . sandra travelled to the bedroom . sandra went back to the kitchen . mary travelled to the office . john got the football . john put down the football . john journeyed to the kitchen . daniel went to the bathroom . daniel took the football there . john moved to the garden . daniel dropped the football . sandra moved to the bathroom . john travelled to the bathroom . mary went to the bedroom . sandra grabbed the football . sandra journeyed to the hallway . sandra put down the football . john journeyed to the kitchen . mary went to the kitchen . sandra went to the bathroom . mary travelled to the garden . daniel moved to the bedroom . john moved to the office . sandra travelled to the office . john went back to the hallway . john took the apple . john moved to the kitchen . john travelled to the garden . mary travelled to the office . daniel moved to the bathroom . john went back to the bathroom . mary went back to the kitchen . john dropped the apple . john got the apple there . john discarded the apple . john went to the hallway . john took the milk . daniel grabbed the apple . john left the milk . john grabbed the football . sandra moved to the garden . daniel went to the office . john took the milk . john discarded the milk . sandra went back to the hallway . daniel went back to the hallway . daniel journeyed to the bathroom . john grabbed the milk . john left the football . mary went back to the bathroom . daniel moved to the garden . daniel dropped the apple . where was the apple before the bathroom ?
Question: where was the apple before the bathroom ?
Answer: hallway </s>
Model prediction: kitchen </s>
=========================
Step 15800: train_loss = 2.919275, train_acc = 0.000000, train ppl = 4.304399
Step 15900: train_loss = 1.749053, train_acc = 0.000000, train ppl = 2.397739
Step 16000: train_loss = 2.308830, train_acc = 0.250000, train ppl = 3.172168
Step 16100: train_loss = 1.841904, train_acc = 0.250000, train ppl = 2.511681
