cell_type:                gru
vocab:                    data/vocab.txt
learning_rate:            0.005
model_dir:                models/dummy
num_enc_layers:           1
optimizer:                adam
model_type:               attention
merge_mode:               concat
num_epochs:               50
max_gradient_norm:        1.0
dropout_keep_prob:        0.7
num_units:                128
data_dir:                 data/en-10k
val_split:                0.1
batch_size:               8
restore_from_dir:         None
embedding_size:           128
task:                     17
encoder_type:             bi
Loading data...
vocabulary size = 487
Building model...
Running initializers...
Creating summary writers...
Performing evaluation before training...
---- Qualitative Analysis
Context: is the blue square below the red sphere ? the triangle is to the right of the red sphere . the triangle is above the blue square . is the blue square below the red sphere ?
Question: is the blue square below the red sphere ?
Answer: yes </s>
Model prediction: 221 221 221 221 221 221 221 221 221 221
=========================
Step 100: train_loss = 0.799180, train_acc = 0.375000, train ppl = 1.491213
Step 200: train_loss = 0.716461, train_acc = 0.500000, train ppl = 1.430795
Step 300: train_loss = 0.720514, train_acc = 0.625000, train ppl = 1.433698
Step 400: train_loss = 1.023221, train_acc = 0.125000, train ppl = 1.667976
Step 500: train_loss = 0.765954, train_acc = 0.500000, train ppl = 1.466644
Step 600: train_loss = 0.684543, train_acc = 0.625000, train ppl = 1.408143
Step 700: train_loss = 0.728691, train_acc = 0.500000, train ppl = 1.439572
Step 800: train_loss = 0.709300, train_acc = 0.500000, train ppl = 1.425682
Step 900: train_loss = 0.727580, train_acc = 0.375000, train ppl = 1.438772
Step 1000: train_loss = 0.703536, train_acc = 0.500000, train ppl = 1.421579
Step 1100: train_loss = 0.666222, train_acc = 0.625000, train ppl = 1.395302
==== Finshed epoch 1 ====
Evaluating model...
Epoch 1: validation accuracy = 0.507000 -- validation perplexity = 1.439713
Epoch 1: test accuracy: 0.480000
---- Qualitative Analysis
Context: is the blue square to the left of the triangle ? the red sphere is below the triangle . the blue square is below the red sphere . is the blue square to the left of the triangle ?
Question: is the blue square to the left of the triangle ?
Answer: no </s>
Model prediction: no </s>
=========================
Model checkpoint saved in models/dummy/best_model.ckpt
Step 1200: train_loss = 0.710355, train_acc = 0.250000, train ppl = 1.426434
Step 1300: train_loss = 0.779545, train_acc = 0.375000, train ppl = 1.476645
Step 1400: train_loss = 1.024014, train_acc = 0.250000, train ppl = 1.668637
Step 1500: train_loss = 0.721366, train_acc = 0.500000, train ppl = 1.434309
Step 1600: train_loss = 1.426277, train_acc = 0.375000, train ppl = 2.040385
Step 1700: train_loss = 0.696242, train_acc = 0.500000, train ppl = 1.416404
Step 1800: train_loss = 0.716597, train_acc = 0.375000, train ppl = 1.430893
Step 1900: train_loss = 0.584165, train_acc = 0.750000, train ppl = 1.339214
Step 2000: train_loss = 0.674358, train_acc = 0.625000, train ppl = 1.400990
Step 2100: train_loss = 0.662190, train_acc = 0.625000, train ppl = 1.392492
Step 2200: train_loss = 0.691256, train_acc = 0.500000, train ppl = 1.412877
==== Finshed epoch 2 ====
Evaluating model...
Epoch 2: validation accuracy = 0.507000 -- validation perplexity = 1.439542
Epoch 2: test accuracy: 0.480000
---- Qualitative Analysis
Context: is the red sphere to the left of the blue square ? the triangle is to the right of the red sphere . the triangle is above the blue square . is the red sphere to the left of the blue square ?
Question: is the red sphere to the left of the blue square ?
Answer: yes </s>
Model prediction: no </s>
=========================
Step 2300: train_loss = 1.169029, train_acc = 0.500000, train ppl = 1.794120
Step 2400: train_loss = 0.684507, train_acc = 0.750000, train ppl = 1.408117
Step 2500: train_loss = 0.660819, train_acc = 0.625000, train ppl = 1.391538
Step 2600: train_loss = 0.807227, train_acc = 0.250000, train ppl = 1.497225
Step 2700: train_loss = 1.000212, train_acc = 0.375000, train ppl = 1.648896
Step 2800: train_loss = 0.786964, train_acc = 0.375000, train ppl = 1.482133
Step 2900: train_loss = 0.861825, train_acc = 0.125000, train ppl = 1.538661
Step 3000: train_loss = 0.834126, train_acc = 0.250000, train ppl = 1.517498
Step 3100: train_loss = 0.753189, train_acc = 0.500000, train ppl = 1.457313
Step 3200: train_loss = 0.752760, train_acc = 0.500000, train ppl = 1.457000
Step 3300: train_loss = 0.996436, train_acc = 0.375000, train ppl = 1.645786
==== Finshed epoch 3 ====
Evaluating model...
Epoch 3: validation accuracy = 0.507000 -- validation perplexity = 1.421912
Epoch 3: test accuracy: 0.480000
---- Qualitative Analysis
Context: is the red sphere above the pink rectangle ? the pink rectangle is to the left of the triangle . the triangle is below the red sphere . is the red sphere above the pink rectangle ?
Question: is the red sphere above the pink rectangle ?
Answer: yes </s>
Model prediction: no </s>
=========================
Step 3400: train_loss = 0.736849, train_acc = 0.500000, train ppl = 1.445455
Step 3500: train_loss = 0.794014, train_acc = 0.500000, train ppl = 1.487366
Step 3600: train_loss = 1.137093, train_acc = 0.250000, train ppl = 1.765699
Step 3700: train_loss = 0.660454, train_acc = 0.625000, train ppl = 1.391284
Step 3800: train_loss = 0.746202, train_acc = 0.500000, train ppl = 1.452231
Step 3900: train_loss = 0.635947, train_acc = 0.750000, train ppl = 1.374340
Step 4000: train_loss = 0.748285, train_acc = 0.625000, train ppl = 1.453744
Step 4100: train_loss = 0.998776, train_acc = 0.250000, train ppl = 1.647713
Step 4200: train_loss = 0.625910, train_acc = 0.750000, train ppl = 1.367460
Step 4300: train_loss = 0.656379, train_acc = 0.875000, train ppl = 1.388452
Step 4400: train_loss = 1.271869, train_acc = 0.250000, train ppl = 1.888786
Step 4500: train_loss = 0.718527, train_acc = 0.375000, train ppl = 1.432274
==== Finshed epoch 4 ====
Evaluating model...
Epoch 4: validation accuracy = 0.507000 -- validation perplexity = 1.416385
Epoch 4: test accuracy: 0.480000
---- Qualitative Analysis
Context: is the red square above the blue square ? the red sphere is to the right of the blue square . the red sphere is below the red square . is the red square above the blue square ?
Question: is the red square above the blue square ?
Answer: yes </s>
Model prediction: no </s>
=========================
Step 4600: train_loss = 0.790566, train_acc = 0.500000, train ppl = 1.484804
Step 4700: train_loss = 0.662969, train_acc = 0.625000, train ppl = 1.393034
Step 4800: train_loss = 0.654390, train_acc = 0.750000, train ppl = 1.387072
Step 4900: train_loss = 0.723433, train_acc = 0.500000, train ppl = 1.435791
Step 5000: train_loss = 1.328414, train_acc = 0.250000, train ppl = 1.942949
Step 5100: train_loss = 0.783961, train_acc = 0.250000, train ppl = 1.479909
Step 5200: train_loss = 0.908984, train_acc = 0.250000, train ppl = 1.575373
Step 5300: train_loss = 0.578541, train_acc = 0.750000, train ppl = 1.335453
Step 5400: train_loss = 0.714486, train_acc = 0.500000, train ppl = 1.429383
Step 5500: train_loss = 0.760574, train_acc = 0.375000, train ppl = 1.462705
Step 5600: train_loss = 0.763381, train_acc = 0.500000, train ppl = 1.464759
==== Finshed epoch 5 ====
Evaluating model...
Epoch 5: validation accuracy = 0.507000 -- validation perplexity = 1.482577
Epoch 5: test accuracy: 0.480000
---- Qualitative Analysis
Context: is the yellow square above the triangle ? the triangle is above the blue square . the blue square is above the yellow square . is the yellow square above the triangle ?
Question: is the yellow square above the triangle ?
Answer: no </s>
Model prediction: no </s>
=========================
Step 5700: train_loss = 0.746771, train_acc = 0.250000, train ppl = 1.452644
Step 5800: train_loss = 0.703871, train_acc = 0.500000, train ppl = 1.421817
Step 5900: train_loss = 0.926416, train_acc = 0.375000, train ppl = 1.589163
Step 6000: train_loss = 0.745266, train_acc = 0.375000, train ppl = 1.451551
Step 6100: train_loss = 0.725637, train_acc = 0.500000, train ppl = 1.437375
Step 6200: train_loss = 0.523459, train_acc = 0.875000, train ppl = 1.299175
Step 6300: train_loss = 0.841381, train_acc = 0.250000, train ppl = 1.523013
Step 6400: train_loss = 0.695353, train_acc = 0.500000, train ppl = 1.415774
Step 6500: train_loss = 0.693237, train_acc = 0.500000, train ppl = 1.414277
Step 6600: train_loss = 0.673392, train_acc = 0.625000, train ppl = 1.400313
Step 6700: train_loss = 0.577891, train_acc = 0.750000, train ppl = 1.335019
==== Finshed epoch 6 ====
Evaluating model...
Epoch 6: validation accuracy = 0.493000 -- validation perplexity = 1.414931
Epoch 6: test accuracy: 0.520000
---- Qualitative Analysis
Context: is the pink rectangle to the left of the red sphere ? the blue square is to the left of the red sphere . the blue square is below the pink rectangle . is the pink rectangle to the left of the red sphere ?
Question: is the pink rectangle to the left of the red sphere ?
Answer: yes </s>
Model prediction: yes </s>
=========================
Step 6800: train_loss = 0.700849, train_acc = 0.500000, train ppl = 1.419670
Step 6900: train_loss = 1.092462, train_acc = 0.250000, train ppl = 1.726732
Step 7000: train_loss = 0.591266, train_acc = 0.750000, train ppl = 1.343977
Step 7100: train_loss = 0.755734, train_acc = 0.625000, train ppl = 1.459169
Step 7200: train_loss = 0.902052, train_acc = 0.375000, train ppl = 1.569922
Step 7300: train_loss = 0.681619, train_acc = 0.625000, train ppl = 1.406085
Step 7400: train_loss = 0.711217, train_acc = 0.500000, train ppl = 1.427049
Step 7500: train_loss = 0.676016, train_acc = 0.625000, train ppl = 1.402152
Step 7600: train_loss = 0.766167, train_acc = 0.375000, train ppl = 1.466800
Step 7700: train_loss = 0.734935, train_acc = 0.500000, train ppl = 1.444073
Step 7800: train_loss = 0.567607, train_acc = 0.750000, train ppl = 1.328172
==== Finshed epoch 7 ====
Evaluating model...
Epoch 7: validation accuracy = 0.507000 -- validation perplexity = 1.417205
Epoch 7: test accuracy: 0.480000
---- Qualitative Analysis
Context: is the red sphere to the right of the red square ? the yellow square is below the red square . the yellow square is to the left of the red sphere . is the red sphere to the right of the red square ?
Question: is the red sphere to the right of the red square ?
Answer: yes </s>
Model prediction: no </s>
=========================
Step 7900: train_loss = 0.673632, train_acc = 0.625000, train ppl = 1.400482
Step 8000: train_loss = 1.166060, train_acc = 0.375000, train ppl = 1.791458
Step 8100: train_loss = 0.692958, train_acc = 0.500000, train ppl = 1.414080
Step 8200: train_loss = 0.665242, train_acc = 0.625000, train ppl = 1.394619
Step 8300: train_loss = 0.830505, train_acc = 0.375000, train ppl = 1.514753
Step 8400: train_loss = 0.699359, train_acc = 0.500000, train ppl = 1.418613
Step 8500: train_loss = 0.664970, train_acc = 0.625000, train ppl = 1.394429
Step 8600: train_loss = 0.662045, train_acc = 0.625000, train ppl = 1.392391
Step 8700: train_loss = 0.817083, train_acc = 0.375000, train ppl = 1.504622
Step 8800: train_loss = 0.669629, train_acc = 0.625000, train ppl = 1.397681
Step 8900: train_loss = 0.699034, train_acc = 0.500000, train ppl = 1.418382
Step 9000: train_loss = 0.718722, train_acc = 0.375000, train ppl = 1.432414
==== Finshed epoch 8 ====
Evaluating model...
Epoch 8: validation accuracy = 0.493000 -- validation perplexity = 1.423515
Epoch 8: test accuracy: 0.520000
---- Qualitative Analysis
Context: is the red square to the right of the pink rectangle ? the triangle is to the left of the red square . the pink rectangle is below the triangle . is the red square to the right of the pink rectangle ?
Question: is the red square to the right of the pink rectangle ?
Answer: yes </s>
Model prediction: yes </s>
=========================
Step 9100: train_loss = 0.661274, train_acc = 0.625000, train ppl = 1.391855
Step 9200: train_loss = 0.686097, train_acc = 0.625000, train ppl = 1.409237
Step 9300: train_loss = 0.716251, train_acc = 0.500000, train ppl = 1.430645
Step 9400: train_loss = 0.673219, train_acc = 0.625000, train ppl = 1.400192
Step 9500: train_loss = 0.693604, train_acc = 0.500000, train ppl = 1.414537
Step 9600: train_loss = 0.658490, train_acc = 0.625000, train ppl = 1.389918
Step 9700: train_loss = 0.671133, train_acc = 0.625000, train ppl = 1.398732
Step 9800: train_loss = 0.704763, train_acc = 0.625000, train ppl = 1.422451
Step 9900: train_loss = 0.680292, train_acc = 0.750000, train ppl = 1.405153
Step 10000: train_loss = 0.698784, train_acc = 0.375000, train ppl = 1.418205
Step 10100: train_loss = 0.695749, train_acc = 0.625000, train ppl = 1.416055
==== Finshed epoch 9 ====
Evaluating model...
Epoch 9: validation accuracy = 0.507000 -- validation perplexity = 1.888385
Epoch 9: test accuracy: 0.480000
---- Qualitative Analysis
Context: is the red square to the right of the red sphere ? the pink rectangle is to the right of the red sphere . the red square is below the pink rectangle . is the red square to the right of the red sphere ?
Question: is the red square to the right of the red sphere ?
Answer: yes </s>
Model prediction: no </s>
=========================
Step 10200: train_loss = 0.754677, train_acc = 0.375000, train ppl = 1.458398
Step 10300: train_loss = 0.724957, train_acc = 0.375000, train ppl = 1.436886
Step 10400: train_loss = 0.657451, train_acc = 0.625000, train ppl = 1.389197
Step 10500: train_loss = 0.645034, train_acc = 0.875000, train ppl = 1.380598
Step 10600: train_loss = 0.663419, train_acc = 0.625000, train ppl = 1.393348
Step 10700: train_loss = 0.688256, train_acc = 0.625000, train ppl = 1.410759
Step 10800: train_loss = 0.699561, train_acc = 0.375000, train ppl = 1.418756
Step 10900: train_loss = 0.694238, train_acc = 0.500000, train ppl = 1.414985
Step 11000: train_loss = 0.708796, train_acc = 0.500000, train ppl = 1.425323
Step 11100: train_loss = 0.831329, train_acc = 0.500000, train ppl = 1.515377
Step 11200: train_loss = 0.665023, train_acc = 0.625000, train ppl = 1.394466
==== Finshed epoch 10 ====
Evaluating model...
Epoch 10: validation accuracy = 0.507000 -- validation perplexity = 1.437565
Epoch 10: test accuracy: 0.480000
---- Qualitative Analysis
Context: is the yellow square below the triangle ? the blue square is below the triangle . the blue square is above the yellow square . is the yellow square below the triangle ?
Question: is the yellow square below the triangle ?
Answer: yes </s>
Model prediction: no </s>
=========================
Step 11300: train_loss = 0.653888, train_acc = 0.625000, train ppl = 1.386724
Step 11400: train_loss = 1.202577, train_acc = 0.500000, train ppl = 1.824468
Step 11500: train_loss = 0.728283, train_acc = 0.375000, train ppl = 1.439278
Step 11600: train_loss = 0.693261, train_acc = 0.500000, train ppl = 1.414294
Step 11700: train_loss = 0.679057, train_acc = 0.500000, train ppl = 1.404286
Step 11800: train_loss = 0.707277, train_acc = 0.250000, train ppl = 1.424240
Step 11900: train_loss = 0.714110, train_acc = 0.250000, train ppl = 1.429114
Step 12000: train_loss = 0.704425, train_acc = 0.625000, train ppl = 1.422211
Step 12100: train_loss = 0.701033, train_acc = 0.500000, train ppl = 1.419801
Step 12200: train_loss = 0.805165, train_acc = 0.375000, train ppl = 1.495682
Step 12300: train_loss = 0.846074, train_acc = 0.500000, train ppl = 1.526590
==== Finshed epoch 11 ====
Evaluating model...
Epoch 11: validation accuracy = 0.493000 -- validation perplexity = 1.558895
Epoch 11: test accuracy: 0.520000
---- Qualitative Analysis
Context: is the pink rectangle to the left of the triangle ? the pink rectangle is below the red square . the triangle is to the left of the red square . is the pink rectangle to the left of the triangle ?
Question: is the pink rectangle to the left of the triangle ?
Answer: no </s>
Model prediction: yes </s>
=========================
Step 12400: train_loss = 0.686396, train_acc = 0.625000, train ppl = 1.409448
Step 12500: train_loss = 0.767429, train_acc = 0.625000, train ppl = 1.467726
Step 12600: train_loss = 0.758628, train_acc = 0.500000, train ppl = 1.461281
Step 12700: train_loss = 0.672926, train_acc = 0.625000, train ppl = 1.399987
Step 12800: train_loss = 0.872038, train_acc = 0.375000, train ppl = 1.546538
Step 12900: train_loss = 0.696888, train_acc = 0.500000, train ppl = 1.416861
Step 13000: train_loss = 0.440156, train_acc = 0.875000, train ppl = 1.246174
Step 13100: train_loss = 0.967970, train_acc = 0.500000, train ppl = 1.622527
Step 13200: train_loss = 0.773223, train_acc = 0.375000, train ppl = 1.471984
Step 13300: train_loss = 0.711246, train_acc = 0.500000, train ppl = 1.427069
Step 13400: train_loss = 1.062658, train_acc = 0.250000, train ppl = 1.701192
Step 13500: train_loss = 0.751570, train_acc = 0.625000, train ppl = 1.456134
==== Finshed epoch 12 ====
Evaluating model...
Epoch 12: validation accuracy = 0.507000 -- validation perplexity = 1.598964
Epoch 12: test accuracy: 0.480000
---- Qualitative Analysis
Context: is the pink rectangle above the red sphere ? the blue square is to the left of the red sphere . the blue square is to the right of the pink rectangle . is the pink rectangle above the red sphere ?
Question: is the pink rectangle above the red sphere ?
Answer: no </s>
Model prediction: no </s>
=========================
Step 13600: train_loss = 0.692436, train_acc = 0.500000, train ppl = 1.413711
Step 13700: train_loss = 0.713005, train_acc = 0.375000, train ppl = 1.428325
Step 13800: train_loss = 0.698304, train_acc = 0.500000, train ppl = 1.417865
Step 13900: train_loss = 0.710524, train_acc = 0.375000, train ppl = 1.426555
Step 14000: train_loss = 0.448007, train_acc = 0.875000, train ppl = 1.251076
Step 14100: train_loss = 0.909455, train_acc = 0.250000, train ppl = 1.575744
Step 14200: train_loss = 0.553534, train_acc = 0.875000, train ppl = 1.318859
Step 14300: train_loss = 0.830295, train_acc = 0.500000, train ppl = 1.514594
Step 14400: train_loss = 0.657405, train_acc = 0.625000, train ppl = 1.389164
Step 14500: train_loss = 0.769153, train_acc = 0.375000, train ppl = 1.468992
Step 14600: train_loss = 0.691899, train_acc = 0.375000, train ppl = 1.413331
==== Finshed epoch 13 ====
Evaluating model...
Epoch 13: validation accuracy = 0.507000 -- validation perplexity = 1.445668
Epoch 13: test accuracy: 0.480000
---- Qualitative Analysis
Context: is the red sphere below the blue square ? the triangle is above the red sphere . the blue square is to the left of the triangle . is the red sphere below the blue square ?
Question: is the red sphere below the blue square ?
Answer: yes </s>
Model prediction: no </s>
=========================
Step 14700: train_loss = 0.764418, train_acc = 0.625000, train ppl = 1.465518
Step 14800: train_loss = 0.491239, train_acc = 0.875000, train ppl = 1.278413
Step 14900: train_loss = 0.712124, train_acc = 0.625000, train ppl = 1.427696
Step 15000: train_loss = 0.651151, train_acc = 0.750000, train ppl = 1.384827
Step 15100: train_loss = 0.669286, train_acc = 0.750000, train ppl = 1.397442
Step 15200: train_loss = 0.732057, train_acc = 0.375000, train ppl = 1.441996
Step 15300: train_loss = 0.682056, train_acc = 0.625000, train ppl = 1.406392
Step 15400: train_loss = 0.712255, train_acc = 0.500000, train ppl = 1.427789
Step 15500: train_loss = 0.901853, train_acc = 0.375000, train ppl = 1.569766
Step 15600: train_loss = 0.661561, train_acc = 0.625000, train ppl = 1.392055
Step 15700: train_loss = 0.946174, train_acc = 0.375000, train ppl = 1.604941
==== Finshed epoch 14 ====
Evaluating model...
Epoch 14: validation accuracy = 0.507000 -- validation perplexity = 1.430971
Epoch 14: test accuracy: 0.480000
---- Qualitative Analysis
Context: is the triangle below the red sphere ? the pink rectangle is above the red sphere . the pink rectangle is to the left of the triangle . is the triangle below the red sphere ?
Question: is the triangle below the red sphere ?
Answer: no </s>
Model prediction: no </s>
=========================
Step 15800: train_loss = 0.731636, train_acc = 0.375000, train ppl = 1.441693
Step 15900: train_loss = 0.712996, train_acc = 0.500000, train ppl = 1.428319
Step 16000: train_loss = 0.836094, train_acc = 0.125000, train ppl = 1.518992
Step 16100: train_loss = 0.684797, train_acc = 0.625000, train ppl = 1.408321
Step 16200: train_loss = 0.972858, train_acc = 0.125000, train ppl = 1.626498
Step 16300: train_loss = 0.660050, train_acc = 0.625000, train ppl = 1.391003
Step 16400: train_loss = 0.675283, train_acc = 0.625000, train ppl = 1.401638
Step 16500: train_loss = 0.704046, train_acc = 0.625000, train ppl = 1.421941
Step 16600: train_loss = 0.650903, train_acc = 0.750000, train ppl = 1.384656
Step 16700: train_loss = 0.696075, train_acc = 0.625000, train ppl = 1.416285
Step 16800: train_loss = 0.705965, train_acc = 0.375000, train ppl = 1.423306
==== Finshed epoch 15 ====
Evaluating model...
Epoch 15: validation accuracy = 0.507000 -- validation perplexity = 1.510466
Epoch 15: test accuracy: 0.480000
---- Qualitative Analysis
Context: is the triangle to the right of the blue square ? the yellow square is to the right of the blue square . the yellow square is below the triangle . is the triangle to the right of the blue square ?
Question: is the triangle to the right of the blue square ?
Answer: yes </s>
Model prediction: no </s>
=========================
Step 16900: train_loss = 0.641636, train_acc = 0.625000, train ppl = 1.378255
Step 17000: train_loss = 0.756250, train_acc = 0.375000, train ppl = 1.459545
Step 17100: train_loss = 0.678757, train_acc = 0.625000, train ppl = 1.404074
Step 17200: train_loss = 0.718197, train_acc = 0.375000, train ppl = 1.432038
Step 17300: train_loss = 0.741571, train_acc = 0.500000, train ppl = 1.448872
Step 17400: train_loss = 0.673117, train_acc = 0.625000, train ppl = 1.400121
Step 17500: train_loss = 0.726246, train_acc = 0.500000, train ppl = 1.437813
Step 17600: train_loss = 0.681780, train_acc = 0.625000, train ppl = 1.406199
Step 17700: train_loss = 0.826543, train_acc = 0.250000, train ppl = 1.511755
Step 17800: train_loss = 0.871727, train_acc = 0.375000, train ppl = 1.546298
Step 17900: train_loss = 0.644632, train_acc = 0.625000, train ppl = 1.380321
Step 18000: train_loss = 0.641179, train_acc = 0.625000, train ppl = 1.377940
==== Finshed epoch 16 ====
Evaluating model...
Epoch 16: validation accuracy = 0.493000 -- validation perplexity = 1.428841
Epoch 16: test accuracy: 0.520000
---- Qualitative Analysis
Context: is the red sphere to the left of the blue square ? the red square is to the right of the red sphere . the red square is to the left of the blue square . is the red sphere to the left of the blue square ?
Question: is the red sphere to the left of the blue square ?
Answer: yes </s>
Model prediction: yes </s>
=========================
Step 18100: train_loss = 0.708349, train_acc = 0.625000, train ppl = 1.425004
Step 18200: train_loss = 0.723283, train_acc = 0.375000, train ppl = 1.435684
Step 18300: train_loss = 0.680234, train_acc = 0.875000, train ppl = 1.405112
Step 18400: train_loss = 0.989312, train_acc = 0.250000, train ppl = 1.639934
Step 18500: train_loss = 0.671235, train_acc = 0.625000, train ppl = 1.398804
Step 18600: train_loss = 0.754143, train_acc = 0.500000, train ppl = 1.458009
Step 18700: train_loss = 0.987747, train_acc = 0.250000, train ppl = 1.638651
Step 18800: train_loss = 0.851608, train_acc = 0.625000, train ppl = 1.530821
Step 18900: train_loss = 0.694022, train_acc = 0.500000, train ppl = 1.414832
Step 19000: train_loss = 0.703754, train_acc = 0.375000, train ppl = 1.421734
Step 19100: train_loss = 0.617653, train_acc = 0.750000, train ppl = 1.361826
==== Finshed epoch 17 ====
Evaluating model...
Epoch 17: validation accuracy = 0.493000 -- validation perplexity = 1.420360
Epoch 17: test accuracy: 0.520000
---- Qualitative Analysis
Context: is the pink rectangle below the triangle ? the pink rectangle is below the red square . the triangle is to the left of the red square . is the pink rectangle below the triangle ?
Question: is the pink rectangle below the triangle ?
Answer: yes </s>
Model prediction: yes </s>
=========================
Step 19200: train_loss = 0.685237, train_acc = 0.500000, train ppl = 1.408632
Step 19300: train_loss = 0.684833, train_acc = 0.625000, train ppl = 1.408346
Step 19400: train_loss = 0.685084, train_acc = 0.625000, train ppl = 1.408523
Step 19500: train_loss = 0.669300, train_acc = 0.625000, train ppl = 1.397451
Step 19600: train_loss = 0.717005, train_acc = 0.500000, train ppl = 1.431185
Step 19700: train_loss = 0.777926, train_acc = 0.375000, train ppl = 1.475450
Step 19800: train_loss = 0.680183, train_acc = 0.750000, train ppl = 1.405076
Step 19900: train_loss = 0.681982, train_acc = 0.625000, train ppl = 1.406340
Step 20000: train_loss = 0.547701, train_acc = 0.750000, train ppl = 1.315018
Step 20100: train_loss = 0.719118, train_acc = 0.375000, train ppl = 1.432697
Step 20200: train_loss = 0.820173, train_acc = 0.375000, train ppl = 1.506948
==== Finshed epoch 18 ====
Evaluating model...
Epoch 18: validation accuracy = 0.493000 -- validation perplexity = 1.465397
Epoch 18: test accuracy: 0.520000
---- Qualitative Analysis
Context: is the pink rectangle below the red square ? the red sphere is to the right of the red square . the red sphere is to the left of the pink rectangle . is the pink rectangle below the red square ?
Question: is the pink rectangle below the red square ?
Answer: no </s>
Model prediction: yes </s>
=========================
Step 20300: train_loss = 0.772434, train_acc = 0.250000, train ppl = 1.471404
Step 20400: train_loss = 0.719498, train_acc = 0.500000, train ppl = 1.432970
Step 20500: train_loss = 0.764189, train_acc = 0.375000, train ppl = 1.465351
Step 20600: train_loss = 0.590179, train_acc = 0.750000, train ppl = 1.343246
Step 20700: train_loss = 0.657473, train_acc = 0.625000, train ppl = 1.389212
Step 20800: train_loss = 0.878499, train_acc = 0.250000, train ppl = 1.551542
Step 20900: train_loss = 0.740521, train_acc = 0.375000, train ppl = 1.448112
Step 21000: train_loss = 0.580225, train_acc = 0.750000, train ppl = 1.336578
Step 21100: train_loss = 1.109264, train_acc = 0.125000, train ppl = 1.741300
Step 21200: train_loss = 0.668440, train_acc = 0.625000, train ppl = 1.396850
Step 21300: train_loss = 0.733658, train_acc = 0.500000, train ppl = 1.443151
==== Finshed epoch 19 ====
Evaluating model...
Epoch 19: validation accuracy = 0.469000 -- validation perplexity = 1.419529
Epoch 19: test accuracy: 0.500000
---- Qualitative Analysis
Context: is the red square above the blue square ? the red sphere is to the right of the blue square . the red sphere is below the red square . is the red square above the blue square ?
Question: is the red square above the blue square ?
Answer: yes </s>
Model prediction: yes </s>
=========================
Step 21400: train_loss = 0.703766, train_acc = 0.500000, train ppl = 1.421742
Step 21500: train_loss = 0.704918, train_acc = 0.375000, train ppl = 1.422561
Step 21600: train_loss = 0.761487, train_acc = 0.500000, train ppl = 1.463372
Step 21700: train_loss = 0.700736, train_acc = 0.500000, train ppl = 1.419590
Step 21800: train_loss = 0.649854, train_acc = 0.625000, train ppl = 1.383930
Step 21900: train_loss = 0.677191, train_acc = 0.625000, train ppl = 1.402976
Step 22000: train_loss = 0.677570, train_acc = 0.625000, train ppl = 1.403241
Step 22100: train_loss = 0.673604, train_acc = 0.625000, train ppl = 1.400462
Step 22200: train_loss = 0.730384, train_acc = 0.500000, train ppl = 1.440790
Step 22300: train_loss = 0.854127, train_acc = 0.375000, train ppl = 1.532750
Step 22400: train_loss = 0.695664, train_acc = 0.625000, train ppl = 1.415994
Step 22500: train_loss = 0.662169, train_acc = 0.625000, train ppl = 1.392477
==== Finshed epoch 20 ====
Evaluating model...
Epoch 20: validation accuracy = 0.507000 -- validation perplexity = 1.448658
Epoch 20: test accuracy: 0.480000
---- Qualitative Analysis
Context: is the red square below the blue square ? the pink rectangle is to the left of the blue square . the pink rectangle is below the red square . is the red square below the blue square ?
Question: is the red square below the blue square ?
Answer: no </s>
Model prediction: no </s>
=========================
Step 22600: train_loss = 0.550192, train_acc = 0.750000, train ppl = 1.316657
Step 22700: train_loss = 0.751454, train_acc = 0.500000, train ppl = 1.456050
Step 22800: train_loss = 0.719214, train_acc = 0.500000, train ppl = 1.432766
Step 22900: train_loss = 0.616857, train_acc = 0.750000, train ppl = 1.361284
Step 23000: train_loss = 0.712337, train_acc = 0.375000, train ppl = 1.427848
Step 23100: train_loss = 0.676466, train_acc = 0.625000, train ppl = 1.402467
Step 23200: train_loss = 0.687506, train_acc = 0.625000, train ppl = 1.410230
Step 23300: train_loss = 0.667839, train_acc = 0.500000, train ppl = 1.396431
Step 23400: train_loss = 0.684571, train_acc = 0.500000, train ppl = 1.408162
Step 23500: train_loss = 0.782438, train_acc = 0.500000, train ppl = 1.478782
Step 23600: train_loss = 0.720531, train_acc = 0.500000, train ppl = 1.433710
==== Finshed epoch 21 ====
Evaluating model...
Epoch 21: validation accuracy = 0.493000 -- validation perplexity = 1.466044
Epoch 21: test accuracy: 0.520000
---- Qualitative Analysis
Context: is the blue square to the left of the pink rectangle ? the triangle is to the right of the blue square . the triangle is to the left of the pink rectangle . is the blue square to the left of the pink rectangle ?
Question: is the blue square to the left of the pink rectangle ?
Answer: yes </s>
Model prediction: yes </s>
=========================
Step 23700: train_loss = 0.866288, train_acc = 0.500000, train ppl = 1.542098
Step 23800: train_loss = 0.781323, train_acc = 0.250000, train ppl = 1.477958
Step 23900: train_loss = 0.689714, train_acc = 0.500000, train ppl = 1.411788
Step 24000: train_loss = 0.798162, train_acc = 0.500000, train ppl = 1.490454
Step 24100: train_loss = 0.786560, train_acc = 0.500000, train ppl = 1.481833
Step 24200: train_loss = 0.613542, train_acc = 0.750000, train ppl = 1.359030
Step 24300: train_loss = 1.253620, train_acc = 0.250000, train ppl = 1.871630
Step 24400: train_loss = 0.697300, train_acc = 0.500000, train ppl = 1.417153
Step 24500: train_loss = 0.551147, train_acc = 0.750000, train ppl = 1.317286
Step 24600: train_loss = 0.658935, train_acc = 0.625000, train ppl = 1.390228
Step 24700: train_loss = 0.725214, train_acc = 0.750000, train ppl = 1.437071
==== Finshed epoch 22 ====
Evaluating model...
Epoch 22: validation accuracy = 0.507000 -- validation perplexity = 1.462138
Epoch 22: test accuracy: 0.480000
---- Qualitative Analysis
Context: is the red square below the pink rectangle ? the yellow square is below the red square . the pink rectangle is below the yellow square . is the red square below the pink rectangle ?
Question: is the red square below the pink rectangle ?
Answer: no </s>
Model prediction: no </s>
=========================
Step 24800: train_loss = 0.689653, train_acc = 0.500000, train ppl = 1.411745
Step 24900: train_loss = 0.634976, train_acc = 0.750000, train ppl = 1.373673
Step 25000: train_loss = 0.685652, train_acc = 0.500000, train ppl = 1.408924
Step 25100: train_loss = 0.730837, train_acc = 0.625000, train ppl = 1.441117
Step 25200: train_loss = 0.665287, train_acc = 0.625000, train ppl = 1.394650
Step 25300: train_loss = 0.729175, train_acc = 0.375000, train ppl = 1.439920
Step 25400: train_loss = 0.746425, train_acc = 0.500000, train ppl = 1.452393
Step 25500: train_loss = 0.668289, train_acc = 0.625000, train ppl = 1.396745
Step 25600: train_loss = 0.620065, train_acc = 0.750000, train ppl = 1.363470
Step 25700: train_loss = 0.727420, train_acc = 0.500000, train ppl = 1.438657
Step 25800: train_loss = 0.852218, train_acc = 0.375000, train ppl = 1.531288
==== Finshed epoch 23 ====
Evaluating model...
Epoch 23: validation accuracy = 0.507000 -- validation perplexity = 1.420990
Epoch 23: test accuracy: 0.480000
---- Qualitative Analysis
Context: is the yellow square to the left of the red square ? the red square is below the red sphere . the yellow square is to the left of the red sphere . is the yellow square to the left of the red square ?
Question: is the yellow square to the left of the red square ?
Answer: yes </s>
Model prediction: no </s>
=========================
Step 25900: train_loss = 0.697502, train_acc = 0.625000, train ppl = 1.417296
Step 26000: train_loss = 0.645736, train_acc = 0.750000, train ppl = 1.381083
Step 26100: train_loss = 1.069181, train_acc = 0.500000, train ppl = 1.706749
Step 26200: train_loss = 0.686964, train_acc = 0.500000, train ppl = 1.409848
Step 26300: train_loss = 0.708033, train_acc = 0.625000, train ppl = 1.424779
Step 26400: train_loss = 0.869955, train_acc = 0.500000, train ppl = 1.544928
Step 26500: train_loss = 0.814344, train_acc = 0.625000, train ppl = 1.502563
Step 26600: train_loss = 0.649055, train_acc = 0.625000, train ppl = 1.383377
Step 26700: train_loss = 0.799052, train_acc = 0.500000, train ppl = 1.491118
Step 26800: train_loss = 0.894305, train_acc = 0.250000, train ppl = 1.563853
Step 26900: train_loss = 0.735465, train_acc = 0.500000, train ppl = 1.444456
Step 27000: train_loss = 0.723255, train_acc = 0.500000, train ppl = 1.435664
==== Finshed epoch 24 ====
Evaluating model...
Epoch 24: validation accuracy = 0.493000 -- validation perplexity = 1.425376
Epoch 24: test accuracy: 0.520000
---- Qualitative Analysis
Context: is the red sphere to the left of the blue square ? the triangle is above the red sphere . the blue square is to the left of the triangle . is the red sphere to the left of the blue square ?
Question: is the red sphere to the left of the blue square ?
Answer: no </s>
Model prediction: yes </s>
=========================
Step 27100: train_loss = 0.907685, train_acc = 0.375000, train ppl = 1.574350
Step 27200: train_loss = 1.375538, train_acc = 0.125000, train ppl = 1.989272
Step 27300: train_loss = 0.923348, train_acc = 0.375000, train ppl = 1.586728
Step 27400: train_loss = 0.875017, train_acc = 0.375000, train ppl = 1.548844
Step 27500: train_loss = 0.652097, train_acc = 0.625000, train ppl = 1.385483
Step 27600: train_loss = 1.077889, train_acc = 0.375000, train ppl = 1.714197
Step 27700: train_loss = 1.034787, train_acc = 0.125000, train ppl = 1.677649
Step 27800: train_loss = 0.878620, train_acc = 0.375000, train ppl = 1.551637
Step 27900: train_loss = 0.760577, train_acc = 0.375000, train ppl = 1.462707
Step 28000: train_loss = 0.701345, train_acc = 0.625000, train ppl = 1.420022
Step 28100: train_loss = 1.016464, train_acc = 0.250000, train ppl = 1.662349
==== Finshed epoch 25 ====
Evaluating model...
Epoch 25: validation accuracy = 0.507000 -- validation perplexity = 1.498603
Epoch 25: test accuracy: 0.480000
---- Qualitative Analysis
Context: is the triangle below the red square ? the pink rectangle is below the red square . the triangle is to the left of the pink rectangle . is the triangle below the red square ?
Question: is the triangle below the red square ?
Answer: yes </s>
Model prediction: no </s>
=========================
Step 28200: train_loss = 0.483393, train_acc = 0.875000, train ppl = 1.273408
Step 28300: train_loss = 0.692800, train_acc = 0.625000, train ppl = 1.413968
Step 28400: train_loss = 0.728844, train_acc = 0.625000, train ppl = 1.439682
Step 28500: train_loss = 0.652349, train_acc = 0.625000, train ppl = 1.385657
Step 28600: train_loss = 0.706471, train_acc = 0.375000, train ppl = 1.423667
Step 28700: train_loss = 0.755639, train_acc = 0.250000, train ppl = 1.459100
Step 28800: train_loss = 0.675765, train_acc = 0.625000, train ppl = 1.401976
Step 28900: train_loss = 0.865943, train_acc = 0.375000, train ppl = 1.541832
Step 29000: train_loss = 0.700122, train_acc = 0.625000, train ppl = 1.419154
Step 29100: train_loss = 1.609432, train_acc = 0.250000, train ppl = 2.236062
Step 29200: train_loss = 0.819463, train_acc = 0.375000, train ppl = 1.506414
==== Finshed epoch 26 ====
Evaluating model...
Epoch 26: validation accuracy = 0.507000 -- validation perplexity = 1.424562
Epoch 26: test accuracy: 0.480000
---- Qualitative Analysis
Context: is the red square to the right of the red sphere ? the red sphere is to the left of the triangle . the triangle is to the left of the red square . is the red square to the right of the red sphere ?
Question: is the red square to the right of the red sphere ?
Answer: yes </s>
Model prediction: no </s>
=========================
Step 29300: train_loss = 0.587785, train_acc = 0.750000, train ppl = 1.341640
Step 29400: train_loss = 0.866373, train_acc = 0.500000, train ppl = 1.542164
Step 29500: train_loss = 1.292583, train_acc = 0.250000, train ppl = 1.908450
Step 29600: train_loss = 0.678942, train_acc = 0.625000, train ppl = 1.404204
Step 29700: train_loss = 0.761163, train_acc = 0.625000, train ppl = 1.463135
Step 29800: train_loss = 0.862305, train_acc = 0.500000, train ppl = 1.539031
Step 29900: train_loss = 0.672619, train_acc = 0.500000, train ppl = 1.399772
Step 30000: train_loss = 0.745948, train_acc = 0.500000, train ppl = 1.452046
Step 30100: train_loss = 0.703494, train_acc = 0.375000, train ppl = 1.421549
Step 30200: train_loss = 0.619218, train_acc = 0.750000, train ppl = 1.362892
Step 30300: train_loss = 0.728681, train_acc = 0.625000, train ppl = 1.439564
==== Finshed epoch 27 ====
Evaluating model...
Epoch 27: validation accuracy = 0.491000 -- validation perplexity = 1.415688
Epoch 27: test accuracy: 0.497000
---- Qualitative Analysis
Context: is the triangle below the blue square ? the yellow square is above the triangle . the yellow square is to the left of the blue square . is the triangle below the blue square ?
Question: is the triangle below the blue square ?
Answer: yes </s>
Model prediction: no </s>
=========================
Step 30400: train_loss = 0.651570, train_acc = 0.750000, train ppl = 1.385117
Step 30500: train_loss = 0.665014, train_acc = 0.625000, train ppl = 1.394460
Step 30600: train_loss = 0.563279, train_acc = 0.750000, train ppl = 1.325301
Step 30700: train_loss = 0.701645, train_acc = 0.375000, train ppl = 1.420235
Step 30800: train_loss = 0.698044, train_acc = 0.500000, train ppl = 1.417681
Step 30900: train_loss = 0.738970, train_acc = 0.250000, train ppl = 1.446989
Step 31000: train_loss = 0.697219, train_acc = 0.500000, train ppl = 1.417096
Step 31100: train_loss = 0.506040, train_acc = 0.875000, train ppl = 1.287909
Step 31200: train_loss = 0.655066, train_acc = 0.750000, train ppl = 1.387541
Step 31300: train_loss = 0.783612, train_acc = 0.500000, train ppl = 1.479651
Step 31400: train_loss = 0.706625, train_acc = 0.500000, train ppl = 1.423776
Step 31500: train_loss = 0.681865, train_acc = 0.500000, train ppl = 1.406259
==== Finshed epoch 28 ====
Evaluating model...
Epoch 28: validation accuracy = 0.507000 -- validation perplexity = 1.418937
Epoch 28: test accuracy: 0.480000
---- Qualitative Analysis
Context: is the pink rectangle to the right of the triangle ? the pink rectangle is below the red square . the triangle is to the left of the red square . is the pink rectangle to the right of the triangle ?
Question: is the pink rectangle to the right of the triangle ?
Answer: yes </s>
Model prediction: no </s>
=========================
Step 31600: train_loss = 0.661735, train_acc = 0.625000, train ppl = 1.392175
Step 31700: train_loss = 0.713367, train_acc = 0.500000, train ppl = 1.428584
Step 31800: train_loss = 0.729580, train_acc = 0.625000, train ppl = 1.440211
Step 31900: train_loss = 0.851056, train_acc = 0.500000, train ppl = 1.530398
Step 32000: train_loss = 0.646000, train_acc = 0.750000, train ppl = 1.381265
Step 32100: train_loss = 0.684531, train_acc = 0.625000, train ppl = 1.408134
Step 32200: train_loss = 0.850775, train_acc = 0.250000, train ppl = 1.530184
Step 32300: train_loss = 0.706576, train_acc = 0.375000, train ppl = 1.423741
Step 32400: train_loss = 0.705310, train_acc = 0.500000, train ppl = 1.422840
Step 32500: train_loss = 0.805330, train_acc = 0.250000, train ppl = 1.495806
Step 32600: train_loss = 0.679494, train_acc = 0.625000, train ppl = 1.404592
==== Finshed epoch 29 ====
Evaluating model...
Epoch 29: validation accuracy = 0.469000 -- validation perplexity = 1.418334
Epoch 29: test accuracy: 0.500000
---- Qualitative Analysis
Context: is the yellow square below the red square ? the triangle is to the left of the yellow square . the red square is to the left of the triangle . is the yellow square below the red square ?
Question: is the yellow square below the red square ?
Answer: no </s>
Model prediction: yes </s>
=========================
Step 32700: train_loss = 0.655617, train_acc = 0.625000, train ppl = 1.387923
Step 32800: train_loss = 0.784600, train_acc = 0.125000, train ppl = 1.480382
Step 32900: train_loss = 0.586914, train_acc = 0.750000, train ppl = 1.341056
Step 33000: train_loss = 0.877232, train_acc = 0.250000, train ppl = 1.550560
Step 33100: train_loss = 0.736629, train_acc = 0.250000, train ppl = 1.445297
Step 33200: train_loss = 0.840216, train_acc = 0.375000, train ppl = 1.522126
Step 33300: train_loss = 0.784913, train_acc = 0.500000, train ppl = 1.480613
Step 33400: train_loss = 0.757133, train_acc = 0.375000, train ppl = 1.460190
Step 33500: train_loss = 0.753410, train_acc = 0.375000, train ppl = 1.457474
Step 33600: train_loss = 0.725230, train_acc = 0.375000, train ppl = 1.437083
Step 33700: train_loss = 0.804371, train_acc = 0.500000, train ppl = 1.495089
==== Finshed epoch 30 ====
Evaluating model...
Epoch 30: validation accuracy = 0.507000 -- validation perplexity = 1.428653
Epoch 30: test accuracy: 0.480000
---- Qualitative Analysis
Context: is the triangle to the left of the blue square ? the yellow square is above the triangle . the yellow square is to the left of the blue square . is the triangle to the left of the blue square ?
Question: is the triangle to the left of the blue square ?
Answer: yes </s>
Model prediction: no </s>
=========================
Step 33800: train_loss = 0.670126, train_acc = 0.625000, train ppl = 1.398028
Step 33900: train_loss = 0.815583, train_acc = 0.625000, train ppl = 1.503493
Step 34000: train_loss = 0.687313, train_acc = 0.625000, train ppl = 1.410094
Step 34100: train_loss = 1.956666, train_acc = 0.000000, train ppl = 2.660018
Step 34200: train_loss = 0.642117, train_acc = 0.625000, train ppl = 1.378586
Step 34300: train_loss = 0.706874, train_acc = 0.500000, train ppl = 1.423953
Step 34400: train_loss = 0.595928, train_acc = 0.750000, train ppl = 1.347113
Step 34500: train_loss = 0.810716, train_acc = 0.500000, train ppl = 1.499839
Step 34600: train_loss = 0.760096, train_acc = 0.375000, train ppl = 1.462355
Step 34700: train_loss = 0.763288, train_acc = 0.375000, train ppl = 1.464691
Step 34800: train_loss = 0.683669, train_acc = 0.625000, train ppl = 1.407527
==== Finshed epoch 31 ====
Evaluating model...
Epoch 31: validation accuracy = 0.493000 -- validation perplexity = 1.470049
Epoch 31: test accuracy: 0.520000
---- Qualitative Analysis
Context: is the yellow square to the left of the pink rectangle ? the red sphere is to the right of the yellow square . the red sphere is above the pink rectangle . is the yellow square to the left of the pink rectangle ?
Question: is the yellow square to the left of the pink rectangle ?
Answer: yes </s>
Model prediction: yes </s>
=========================
Step 34900: train_loss = 0.756070, train_acc = 0.500000, train ppl = 1.459414
Step 35000: train_loss = 0.591846, train_acc = 0.750000, train ppl = 1.344367
Step 35100: train_loss = 0.742835, train_acc = 0.375000, train ppl = 1.449788
Step 35200: train_loss = 0.633557, train_acc = 0.625000, train ppl = 1.372699
Step 35300: train_loss = 0.719877, train_acc = 0.250000, train ppl = 1.433241
Step 35400: train_loss = 0.598416, train_acc = 0.750000, train ppl = 1.348790
Step 35500: train_loss = 0.682175, train_acc = 0.625000, train ppl = 1.406477
Step 35600: train_loss = 0.815354, train_acc = 0.250000, train ppl = 1.503321
Step 35700: train_loss = 0.762395, train_acc = 0.625000, train ppl = 1.464037
Step 35800: train_loss = 0.811805, train_acc = 0.500000, train ppl = 1.500656
Step 35900: train_loss = 0.558166, train_acc = 0.750000, train ppl = 1.321917
Step 36000: train_loss = 0.761685, train_acc = 0.375000, train ppl = 1.463517
==== Finshed epoch 32 ====
Evaluating model...
Epoch 32: validation accuracy = 0.491000 -- validation perplexity = 1.416122
Epoch 32: test accuracy: 0.497000
---- Qualitative Analysis
Context: is the triangle to the left of the blue square ? the yellow square is above the triangle . the yellow square is to the left of the blue square . is the triangle to the left of the blue square ?
Question: is the triangle to the left of the blue square ?
Answer: yes </s>
Model prediction: no </s>
=========================
Step 36100: train_loss = 1.143559, train_acc = 0.125000, train ppl = 1.771417
Step 36200: train_loss = 0.661053, train_acc = 0.625000, train ppl = 1.391701
Step 36300: train_loss = 0.684747, train_acc = 0.625000, train ppl = 1.408286
Step 36400: train_loss = 0.662557, train_acc = 0.625000, train ppl = 1.392748
Step 36500: train_loss = 0.669438, train_acc = 0.500000, train ppl = 1.397547
Step 36600: train_loss = 1.203941, train_acc = 0.250000, train ppl = 1.825713
Step 36700: train_loss = 0.731947, train_acc = 0.500000, train ppl = 1.441917
Step 36800: train_loss = 0.855801, train_acc = 0.250000, train ppl = 1.534033
Step 36900: train_loss = 0.790898, train_acc = 0.375000, train ppl = 1.485051
Step 37000: train_loss = 0.772731, train_acc = 0.500000, train ppl = 1.471622
Step 37100: train_loss = 0.962730, train_acc = 0.500000, train ppl = 1.618282
==== Finshed epoch 33 ====
Evaluating model...
Epoch 33: validation accuracy = 0.507000 -- validation perplexity = 1.525206
Epoch 33: test accuracy: 0.480000
---- Qualitative Analysis
Context: is the red sphere to the left of the pink rectangle ? the pink rectangle is to the right of the blue square . the red sphere is below the blue square . is the red sphere to the left of the pink rectangle ?
Question: is the red sphere to the left of the pink rectangle ?
Answer: yes </s>
Model prediction: no </s>
=========================
Step 37200: train_loss = 0.788047, train_acc = 0.375000, train ppl = 1.482936
Step 37300: train_loss = 0.744593, train_acc = 0.625000, train ppl = 1.451063
Step 37400: train_loss = 0.673624, train_acc = 0.625000, train ppl = 1.400476
Step 37500: train_loss = 0.766541, train_acc = 0.375000, train ppl = 1.467075
Step 37600: train_loss = 0.991024, train_acc = 0.500000, train ppl = 1.641338
Step 37700: train_loss = 0.707882, train_acc = 0.500000, train ppl = 1.424671
Step 37800: train_loss = 0.744406, train_acc = 0.500000, train ppl = 1.450927
Step 37900: train_loss = 0.711288, train_acc = 0.375000, train ppl = 1.427099
Step 38000: train_loss = 0.570243, train_acc = 0.750000, train ppl = 1.329923
Step 38100: train_loss = 1.107095, train_acc = 0.500000, train ppl = 1.739413
Step 38200: train_loss = 0.712836, train_acc = 0.375000, train ppl = 1.428205
==== Finshed epoch 34 ====
Evaluating model...
Epoch 34: validation accuracy = 0.507000 -- validation perplexity = 1.483010
Epoch 34: test accuracy: 0.480000
---- Qualitative Analysis
Context: is the red square to the right of the pink rectangle ? the yellow square is below the red square . the pink rectangle is below the yellow square . is the red square to the right of the pink rectangle ?
Question: is the red square to the right of the pink rectangle ?
Answer: no </s>
Model prediction: no </s>
=========================
Step 38300: train_loss = 0.875370, train_acc = 0.250000, train ppl = 1.549117
Step 38400: train_loss = 0.659249, train_acc = 0.625000, train ppl = 1.390446
Step 38500: train_loss = 0.684375, train_acc = 0.625000, train ppl = 1.408024
Step 38600: train_loss = 0.741538, train_acc = 0.500000, train ppl = 1.448849
Step 38700: train_loss = 0.669060, train_acc = 0.750000, train ppl = 1.397283
Step 38800: train_loss = 0.717013, train_acc = 0.250000, train ppl = 1.431190
Step 38900: train_loss = 0.582989, train_acc = 0.750000, train ppl = 1.338426
Step 39000: train_loss = 0.671820, train_acc = 0.500000, train ppl = 1.399213
Step 39100: train_loss = 0.748532, train_acc = 0.500000, train ppl = 1.453924
Step 39200: train_loss = 1.022982, train_acc = 0.375000, train ppl = 1.667776
Step 39300: train_loss = 0.372854, train_acc = 0.875000, train ppl = 1.204937
==== Finshed epoch 35 ====
Evaluating model...
Epoch 35: validation accuracy = 0.469000 -- validation perplexity = 1.415670
Epoch 35: test accuracy: 0.500000
---- Qualitative Analysis
Context: is the red sphere to the right of the red square ? the yellow square is below the red square . the yellow square is to the left of the red sphere . is the red sphere to the right of the red square ?
Question: is the red sphere to the right of the red square ?
Answer: yes </s>
Model prediction: yes </s>
=========================
Step 39400: train_loss = 0.677698, train_acc = 0.500000, train ppl = 1.403332
Step 39500: train_loss = 0.782964, train_acc = 0.500000, train ppl = 1.479172
Step 39600: train_loss = 0.704477, train_acc = 0.500000, train ppl = 1.422248
Step 39700: train_loss = 0.581845, train_acc = 0.750000, train ppl = 1.337661
Step 39800: train_loss = 0.658329, train_acc = 0.625000, train ppl = 1.389807
Step 39900: train_loss = 0.660115, train_acc = 0.750000, train ppl = 1.391048
Step 40000: train_loss = 0.717469, train_acc = 0.375000, train ppl = 1.431517
Step 40100: train_loss = 0.697338, train_acc = 0.375000, train ppl = 1.417180
Step 40200: train_loss = 1.155046, train_acc = 0.375000, train ppl = 1.781620
Step 40300: train_loss = 0.734770, train_acc = 0.500000, train ppl = 1.443954
Step 40400: train_loss = 0.669300, train_acc = 0.500000, train ppl = 1.397451
Step 40500: train_loss = 0.789054, train_acc = 0.125000, train ppl = 1.483683
==== Finshed epoch 36 ====
Evaluating model...
Epoch 36: validation accuracy = 0.507000 -- validation perplexity = 1.421049
Epoch 36: test accuracy: 0.480000
---- Qualitative Analysis
Context: is the red sphere to the left of the red square ? the yellow square is to the right of the red sphere . the yellow square is to the left of the red square . is the red sphere to the left of the red square ?
Question: is the red sphere to the left of the red square ?
Answer: yes </s>
Model prediction: no </s>
=========================
Step 40600: train_loss = 0.632500, train_acc = 0.750000, train ppl = 1.371974
Step 40700: train_loss = 0.740830, train_acc = 0.375000, train ppl = 1.448336
Step 40800: train_loss = 0.839909, train_acc = 0.500000, train ppl = 1.521892
Step 40900: train_loss = 0.666295, train_acc = 0.625000, train ppl = 1.395353
Step 41000: train_loss = 0.706548, train_acc = 0.500000, train ppl = 1.423721
Step 41100: train_loss = 0.535858, train_acc = 0.750000, train ppl = 1.307254
Step 41200: train_loss = 0.676807, train_acc = 0.625000, train ppl = 1.402707
Step 41300: train_loss = 0.724471, train_acc = 0.375000, train ppl = 1.436537
Step 41400: train_loss = 0.595528, train_acc = 0.625000, train ppl = 1.346844
Step 41500: train_loss = 0.491903, train_acc = 0.875000, train ppl = 1.278838
Step 41600: train_loss = 0.603540, train_acc = 0.750000, train ppl = 1.352250
==== Finshed epoch 37 ====
Evaluating model...
Epoch 37: validation accuracy = 0.493000 -- validation perplexity = 1.670041
Epoch 37: test accuracy: 0.520000
---- Qualitative Analysis
Context: is the blue square to the right of the red square ? the triangle is to the left of the red square . the triangle is below the blue square . is the blue square to the right of the red square ?
Question: is the blue square to the right of the red square ?
Answer: no </s>
Model prediction: yes </s>
=========================
Step 41700: train_loss = 0.918825, train_acc = 0.375000, train ppl = 1.583144
Step 41800: train_loss = 0.904579, train_acc = 0.375000, train ppl = 1.571907
Step 41900: train_loss = 0.666032, train_acc = 0.750000, train ppl = 1.395170
Step 42000: train_loss = 0.720980, train_acc = 0.375000, train ppl = 1.434032
Step 42100: train_loss = 1.155298, train_acc = 0.375000, train ppl = 1.781844
Step 42200: train_loss = 0.735353, train_acc = 0.500000, train ppl = 1.444375
Step 42300: train_loss = 0.667030, train_acc = 0.750000, train ppl = 1.395866
Step 42400: train_loss = 0.605842, train_acc = 0.750000, train ppl = 1.353808
Step 42500: train_loss = 0.684852, train_acc = 0.500000, train ppl = 1.408360
Step 42600: train_loss = 0.705178, train_acc = 0.500000, train ppl = 1.422746
Step 42700: train_loss = 0.761284, train_acc = 0.500000, train ppl = 1.463223
==== Finshed epoch 38 ====
Evaluating model...
Epoch 38: validation accuracy = 0.493000 -- validation perplexity = 1.422516
Epoch 38: test accuracy: 0.520000
---- Qualitative Analysis
Context: is the red square to the left of the blue square ? the red sphere is to the right of the blue square . the red sphere is below the red square . is the red square to the left of the blue square ?
Question: is the red square to the left of the blue square ?
Answer: no </s>
Model prediction: yes </s>
=========================
Step 42800: train_loss = 0.659819, train_acc = 0.625000, train ppl = 1.390842
Step 42900: train_loss = 0.581486, train_acc = 0.750000, train ppl = 1.337421
Step 43000: train_loss = 0.719863, train_acc = 0.500000, train ppl = 1.433231
Step 43100: train_loss = 0.758000, train_acc = 0.250000, train ppl = 1.460823
Step 43200: train_loss = 1.236535, train_acc = 0.375000, train ppl = 1.855711
Step 43300: train_loss = 0.745486, train_acc = 0.125000, train ppl = 1.451711
Step 43400: train_loss = 0.700531, train_acc = 0.500000, train ppl = 1.419444
Step 43500: train_loss = 0.719649, train_acc = 0.375000, train ppl = 1.433078
Step 43600: train_loss = 0.639571, train_acc = 0.625000, train ppl = 1.376832
Step 43700: train_loss = 0.811145, train_acc = 0.250000, train ppl = 1.500161
Step 43800: train_loss = 0.805501, train_acc = 0.500000, train ppl = 1.495934
==== Finshed epoch 39 ====
Evaluating model...
Epoch 39: validation accuracy = 0.493000 -- validation perplexity = 1.466293
Epoch 39: test accuracy: 0.520000
---- Qualitative Analysis
Context: is the red sphere above the blue square ? the blue square is below the triangle . the triangle is to the right of the red sphere . is the red sphere above the blue square ?
Question: is the red sphere above the blue square ?
Answer: yes </s>
Model prediction: yes </s>
=========================
Step 43900: train_loss = 0.743641, train_acc = 0.500000, train ppl = 1.450373
Step 44000: train_loss = 0.682807, train_acc = 0.750000, train ppl = 1.406921
Step 44100: train_loss = 0.916008, train_acc = 0.375000, train ppl = 1.580916
Step 44200: train_loss = 0.727413, train_acc = 0.250000, train ppl = 1.438652
Step 44300: train_loss = 0.699323, train_acc = 0.500000, train ppl = 1.418587
Step 44400: train_loss = 0.754633, train_acc = 0.375000, train ppl = 1.458366
Step 44500: train_loss = 0.673869, train_acc = 0.625000, train ppl = 1.400648
Step 44600: train_loss = 0.831011, train_acc = 0.250000, train ppl = 1.515136
Step 44700: train_loss = 0.586361, train_acc = 0.625000, train ppl = 1.340685
Step 44800: train_loss = 0.806133, train_acc = 0.375000, train ppl = 1.496406
Step 44900: train_loss = 0.672809, train_acc = 0.625000, train ppl = 1.399905
Step 45000: train_loss = 0.720378, train_acc = 0.500000, train ppl = 1.433600
==== Finshed epoch 40 ====
Evaluating model...
Epoch 40: validation accuracy = 0.469000 -- validation perplexity = 1.418974
Epoch 40: test accuracy: 0.500000
---- Qualitative Analysis
Context: is the yellow square below the pink rectangle ? the red sphere is to the right of the yellow square . the red sphere is above the pink rectangle . is the yellow square below the pink rectangle ?
Question: is the yellow square below the pink rectangle ?
Answer: no </s>
Model prediction: no </s>
=========================
Step 45100: train_loss = 0.790586, train_acc = 0.375000, train ppl = 1.484819
Step 45200: train_loss = 0.723521, train_acc = 0.000000, train ppl = 1.435855
Step 45300: train_loss = 0.695737, train_acc = 0.625000, train ppl = 1.416046
Step 45400: train_loss = 0.730918, train_acc = 0.500000, train ppl = 1.441175
Step 45500: train_loss = 0.730675, train_acc = 0.375000, train ppl = 1.441000
Step 45600: train_loss = 0.676024, train_acc = 0.625000, train ppl = 1.402157
Step 45700: train_loss = 0.659692, train_acc = 0.625000, train ppl = 1.390754
Step 45800: train_loss = 0.707756, train_acc = 0.625000, train ppl = 1.424581
Step 45900: train_loss = 0.980383, train_acc = 0.375000, train ppl = 1.632629
Step 46000: train_loss = 0.721309, train_acc = 0.375000, train ppl = 1.434268
Step 46100: train_loss = 0.745292, train_acc = 0.375000, train ppl = 1.451570
==== Finshed epoch 41 ====
Evaluating model...
Epoch 41: validation accuracy = 0.493000 -- validation perplexity = 1.489157
Epoch 41: test accuracy: 0.520000
---- Qualitative Analysis
Context: is the blue square below the red square ? the yellow square is to the left of the blue square . the red square is below the yellow square . is the blue square below the red square ?
Question: is the blue square below the red square ?
Answer: no </s>
Model prediction: yes </s>
=========================
Step 46200: train_loss = 0.790191, train_acc = 0.125000, train ppl = 1.484526
Step 46300: train_loss = 0.594715, train_acc = 0.750000, train ppl = 1.346297
Step 46400: train_loss = 0.563971, train_acc = 0.750000, train ppl = 1.325760
Step 46500: train_loss = 0.744240, train_acc = 0.500000, train ppl = 1.450807
Step 46600: train_loss = 0.672494, train_acc = 0.625000, train ppl = 1.399685
Step 46700: train_loss = 0.984697, train_acc = 0.250000, train ppl = 1.636154
Step 46800: train_loss = 0.828850, train_acc = 0.500000, train ppl = 1.513500
Step 46900: train_loss = 0.732977, train_acc = 0.375000, train ppl = 1.442659
Step 47000: train_loss = 0.914885, train_acc = 0.250000, train ppl = 1.580028
Step 47100: train_loss = 0.744170, train_acc = 0.500000, train ppl = 1.450756
Step 47200: train_loss = 0.704184, train_acc = 0.500000, train ppl = 1.422040
==== Finshed epoch 42 ====
Evaluating model...
Epoch 42: validation accuracy = 0.507000 -- validation perplexity = 1.443197
Epoch 42: test accuracy: 0.480000
---- Qualitative Analysis
Context: is the red square above the blue square ? the yellow square is to the right of the red square . the yellow square is below the blue square . is the red square above the blue square ?
Question: is the red square above the blue square ?
Answer: no </s>
Model prediction: no </s>
=========================
Step 47300: train_loss = 0.734185, train_acc = 0.500000, train ppl = 1.443531
Step 47400: train_loss = 0.927194, train_acc = 0.500000, train ppl = 1.589782
Step 47500: train_loss = 0.705555, train_acc = 0.500000, train ppl = 1.423014
Step 47600: train_loss = 0.863240, train_acc = 0.500000, train ppl = 1.539750
Step 47700: train_loss = 0.700911, train_acc = 0.375000, train ppl = 1.419714
Step 47800: train_loss = 0.965349, train_acc = 0.375000, train ppl = 1.620402
Step 47900: train_loss = 0.701035, train_acc = 0.500000, train ppl = 1.419802
Step 48000: train_loss = 1.178371, train_acc = 0.375000, train ppl = 1.802520
Step 48100: train_loss = 0.721431, train_acc = 0.375000, train ppl = 1.434355
Step 48200: train_loss = 0.665465, train_acc = 0.625000, train ppl = 1.394774
Step 48300: train_loss = 0.772432, train_acc = 0.250000, train ppl = 1.471402
==== Finshed epoch 43 ====
Evaluating model...
Epoch 43: validation accuracy = 0.469000 -- validation perplexity = 1.415922
Epoch 43: test accuracy: 0.500000
---- Qualitative Analysis
Context: is the red square to the right of the red sphere ? the yellow square is to the right of the red sphere . the yellow square is to the left of the red square . is the red square to the right of the red sphere ?
Question: is the red square to the right of the red sphere ?
Answer: yes </s>
Model prediction: no </s>
=========================
Step 48400: train_loss = 0.648058, train_acc = 0.625000, train ppl = 1.382687
Step 48500: train_loss = 0.791690, train_acc = 0.500000, train ppl = 1.485639
Step 48600: train_loss = 0.741481, train_acc = 0.500000, train ppl = 1.448807
Step 48700: train_loss = 0.713031, train_acc = 0.625000, train ppl = 1.428344
Step 48800: train_loss = 0.640659, train_acc = 0.750000, train ppl = 1.377582
Step 48900: train_loss = 0.868937, train_acc = 0.125000, train ppl = 1.544142
Step 49000: train_loss = 0.740125, train_acc = 0.500000, train ppl = 1.447825
Step 49100: train_loss = 0.693727, train_acc = 0.500000, train ppl = 1.414623
Step 49200: train_loss = 0.869033, train_acc = 0.375000, train ppl = 1.544216
Step 49300: train_loss = 0.793102, train_acc = 0.375000, train ppl = 1.486688
Step 49400: train_loss = 0.743357, train_acc = 0.375000, train ppl = 1.450167
Step 49500: train_loss = 0.762008, train_acc = 0.500000, train ppl = 1.463753
==== Finshed epoch 44 ====
Evaluating model...
Epoch 44: validation accuracy = 0.493000 -- validation perplexity = 1.453230
Epoch 44: test accuracy: 0.520000
---- Qualitative Analysis
Context: is the triangle to the right of the yellow square ? the pink rectangle is below the yellow square . the pink rectangle is to the right of the triangle . is the triangle to the right of the yellow square ?
Question: is the triangle to the right of the yellow square ?
Answer: no </s>
Model prediction: yes </s>
=========================
Step 49600: train_loss = 0.886354, train_acc = 0.375000, train ppl = 1.557648
Step 49700: train_loss = 0.682215, train_acc = 0.625000, train ppl = 1.406504
Step 49800: train_loss = 0.680110, train_acc = 0.625000, train ppl = 1.405025
Step 49900: train_loss = 0.707874, train_acc = 0.625000, train ppl = 1.424666
Step 50000: train_loss = 0.666326, train_acc = 0.625000, train ppl = 1.395375
Step 50100: train_loss = 0.709240, train_acc = 0.500000, train ppl = 1.425639
Step 50200: train_loss = 0.855177, train_acc = 0.375000, train ppl = 1.533555
Step 50300: train_loss = 0.709603, train_acc = 0.500000, train ppl = 1.425898
Step 50400: train_loss = 0.730124, train_acc = 0.625000, train ppl = 1.440603
Step 50500: train_loss = 0.856451, train_acc = 0.500000, train ppl = 1.534532
Step 50600: train_loss = 0.678519, train_acc = 0.875000, train ppl = 1.403908
==== Finshed epoch 45 ====
Evaluating model...
Epoch 45: validation accuracy = 0.507000 -- validation perplexity = 1.433821
Epoch 45: test accuracy: 0.480000
---- Qualitative Analysis
Context: is the pink rectangle to the right of the triangle ? the red square is to the right of the triangle . the pink rectangle is below the red square . is the pink rectangle to the right of the triangle ?
Question: is the pink rectangle to the right of the triangle ?
Answer: yes </s>
Model prediction: no </s>
=========================
Step 50700: train_loss = 0.713733, train_acc = 0.375000, train ppl = 1.428845
Step 50800: train_loss = 1.723037, train_acc = 0.000000, train ppl = 2.366752
Step 50900: train_loss = 0.659124, train_acc = 0.625000, train ppl = 1.390359
Step 51000: train_loss = 1.073501, train_acc = 0.375000, train ppl = 1.710440
Step 51100: train_loss = 0.592877, train_acc = 0.750000, train ppl = 1.345060
Step 51200: train_loss = 0.864754, train_acc = 0.250000, train ppl = 1.540916
Step 51300: train_loss = 0.571604, train_acc = 0.750000, train ppl = 1.330829
Step 51400: train_loss = 0.717359, train_acc = 0.500000, train ppl = 1.431438
Step 51500: train_loss = 0.797574, train_acc = 0.375000, train ppl = 1.490017
Step 51600: train_loss = 0.688002, train_acc = 0.500000, train ppl = 1.410580
Step 51700: train_loss = 0.664994, train_acc = 0.625000, train ppl = 1.394446
==== Finshed epoch 46 ====
Evaluating model...
Epoch 46: validation accuracy = 0.509000 -- validation perplexity = 1.414543
Epoch 46: test accuracy: 0.503000
---- Qualitative Analysis
Context: is the pink rectangle to the left of the red square ? the red square is below the red sphere . the red sphere is to the left of the pink rectangle . is the pink rectangle to the left of the red square ?
Question: is the pink rectangle to the left of the red square ?
Answer: no </s>
Model prediction: yes </s>
=========================
Model checkpoint saved in models/dummy/best_model.ckpt
Step 51800: train_loss = 0.633547, train_acc = 0.625000, train ppl = 1.372691
Step 51900: train_loss = 0.723611, train_acc = 0.625000, train ppl = 1.435920
Step 52000: train_loss = 0.676992, train_acc = 0.500000, train ppl = 1.402836
Step 52100: train_loss = 0.824577, train_acc = 0.250000, train ppl = 1.510270
Step 52200: train_loss = 0.769566, train_acc = 0.250000, train ppl = 1.469295
Step 52300: train_loss = 0.676866, train_acc = 0.500000, train ppl = 1.402748
Step 52400: train_loss = 0.952305, train_acc = 0.250000, train ppl = 1.609869
Step 52500: train_loss = 0.717817, train_acc = 0.500000, train ppl = 1.431766
Step 52600: train_loss = 0.766593, train_acc = 0.500000, train ppl = 1.467113
Step 52700: train_loss = 0.678703, train_acc = 0.750000, train ppl = 1.404037
Step 52800: train_loss = 0.813287, train_acc = 0.250000, train ppl = 1.501768
==== Finshed epoch 47 ====
Evaluating model...
Epoch 47: validation accuracy = 0.493000 -- validation perplexity = 1.416729
Epoch 47: test accuracy: 0.520000
---- Qualitative Analysis
Context: is the red square above the yellow square ? the yellow square is below the pink rectangle . the pink rectangle is below the red square . is the red square above the yellow square ?
Question: is the red square above the yellow square ?
Answer: yes </s>
Model prediction: yes </s>
=========================
Step 52900: train_loss = 0.997902, train_acc = 0.375000, train ppl = 1.646993
Step 53000: train_loss = 0.715752, train_acc = 0.375000, train ppl = 1.430288
Step 53100: train_loss = 0.957407, train_acc = 0.125000, train ppl = 1.613980
Step 53200: train_loss = 0.759598, train_acc = 0.500000, train ppl = 1.461991
Step 53300: train_loss = 0.682896, train_acc = 0.625000, train ppl = 1.406984
Step 53400: train_loss = 0.763395, train_acc = 0.625000, train ppl = 1.464769
Step 53500: train_loss = 0.696121, train_acc = 0.625000, train ppl = 1.416318
Step 53600: train_loss = 0.664280, train_acc = 0.625000, train ppl = 1.393948
Step 53700: train_loss = 0.631232, train_acc = 0.625000, train ppl = 1.371104
Step 53800: train_loss = 0.713499, train_acc = 0.375000, train ppl = 1.428678
Step 53900: train_loss = 0.935147, train_acc = 0.375000, train ppl = 1.596117
Step 54000: train_loss = 0.938632, train_acc = 0.125000, train ppl = 1.598900
==== Finshed epoch 48 ====
Evaluating model...
Epoch 48: validation accuracy = 0.493000 -- validation perplexity = 1.423931
Epoch 48: test accuracy: 0.520000
---- Qualitative Analysis
Context: is the blue square to the right of the red square ? the triangle is above the blue square . the triangle is below the red square . is the blue square to the right of the red square ?
Question: is the blue square to the right of the red square ?
Answer: no </s>
Model prediction: yes </s>
=========================
Step 54100: train_loss = 0.669230, train_acc = 0.750000, train ppl = 1.397402
Step 54200: train_loss = 0.597303, train_acc = 0.750000, train ppl = 1.348040
Step 54300: train_loss = 0.704159, train_acc = 0.625000, train ppl = 1.422022
Step 54400: train_loss = 0.656860, train_acc = 0.625000, train ppl = 1.388786
Step 54500: train_loss = 0.804657, train_acc = 0.500000, train ppl = 1.495303
Step 54600: train_loss = 0.602213, train_acc = 0.750000, train ppl = 1.351353
Step 54700: train_loss = 0.720353, train_acc = 0.375000, train ppl = 1.433582
Step 54800: train_loss = 0.704932, train_acc = 0.375000, train ppl = 1.422571
Step 54900: train_loss = 0.743610, train_acc = 0.500000, train ppl = 1.450350
Step 55000: train_loss = 0.631398, train_acc = 0.625000, train ppl = 1.371217
Step 55100: train_loss = 0.663773, train_acc = 0.625000, train ppl = 1.393595
==== Finshed epoch 49 ====
Evaluating model...
Epoch 49: validation accuracy = 0.469000 -- validation perplexity = 1.417940
Epoch 49: test accuracy: 0.500000
---- Qualitative Analysis
Context: is the blue square to the left of the pink rectangle ? the pink rectangle is above the triangle . the triangle is to the right of the blue square . is the blue square to the left of the pink rectangle ?
Question: is the blue square to the left of the pink rectangle ?
Answer: yes </s>
Model prediction: no </s>
=========================
Step 55200: train_loss = 0.694062, train_acc = 0.500000, train ppl = 1.414860
Step 55300: train_loss = 0.745047, train_acc = 0.375000, train ppl = 1.451393
Step 55400: train_loss = 0.725533, train_acc = 0.375000, train ppl = 1.437300
Step 55500: train_loss = 0.975353, train_acc = 0.375000, train ppl = 1.628528
Step 55600: train_loss = 0.940570, train_acc = 0.250000, train ppl = 1.600450
Step 55700: train_loss = 0.874543, train_acc = 0.375000, train ppl = 1.548477
Step 55800: train_loss = 0.713835, train_acc = 0.500000, train ppl = 1.428918
Step 55900: train_loss = 0.776406, train_acc = 0.500000, train ppl = 1.474329
Step 56000: train_loss = 0.673692, train_acc = 0.625000, train ppl = 1.400523
Step 56100: train_loss = 0.656178, train_acc = 0.500000, train ppl = 1.388313
Step 56200: train_loss = 0.722542, train_acc = 0.500000, train ppl = 1.435153
==== Finshed epoch 50 ====
Evaluating model...
Epoch 50: validation accuracy = 0.493000 -- validation perplexity = 1.430450
Epoch 50: test accuracy: 0.520000
---- Qualitative Analysis
Context: is the red sphere to the right of the red square ? the red square is to the left of the blue square . the blue square is above the red sphere . is the red sphere to the right of the red square ?
Question: is the red sphere to the right of the red square ?
Answer: yes </s>
Model prediction: yes </s>
=========================
Best model (acc) at epoch 46 -- validation perplexity = 1.414543 -- validation accuracy = 0.509000 -- test accuracy = 0.503000
0.509
