max_gradient_norm:        1.0
data_dir:                 data/en-10k
optimizer:                adam
cell_type:                gru
batch_size:               8
num_enc_layers:           1
learning_rate:            0.001
merge_mode:               concat
embedding_size:           256
encoder_type:             bi
val_split:                0.1
restore_from_dir:         None
task:                     19
model_type:               attention
vocab:                    data/vocab.txt
num_units:                64
dropout_keep_prob:        0.7
model_dir:                models/dummy
num_epochs:               50
Loading data...
vocabulary size = 487
Building model...
Running initializers...
Creating summary writers...
Performing evaluation before training...
---- Qualitative Analysis
Context: how do you go from the kitchen to the hallway ? the bathroom is east of the kitchen . the office is east of the garden . the bedroom is west of the hallway . the garden is north of the hallway . the garden is south of the kitchen . how do you go from the kitchen to the hallway ?
Question: how do you go from the kitchen to the hallway ?
Answer: s s </s>
Model prediction: 50 50 50 50 50 50 50 50 50 50
=========================
Step 100: train_loss = 4.644843, train_acc = 0.000000, train ppl = 4.703379
Step 200: train_loss = 4.668584, train_acc = 0.000000, train ppl = 4.740747
Step 300: train_loss = 4.723508, train_acc = 0.000000, train ppl = 4.828340
Step 400: train_loss = 4.859293, train_acc = 0.000000, train ppl = 5.051899
Step 500: train_loss = 4.583659, train_acc = 0.000000, train ppl = 4.608426
Step 600: train_loss = 4.947590, train_acc = 0.000000, train ppl = 5.202799
Step 700: train_loss = 4.546408, train_acc = 0.000000, train ppl = 4.551556
Step 800: train_loss = 4.561317, train_acc = 0.000000, train ppl = 4.574233
Step 900: train_loss = 4.819044, train_acc = 0.000000, train ppl = 4.984574
Step 1000: train_loss = 4.778048, train_acc = 0.000000, train ppl = 4.916922
Step 1100: train_loss = 4.891085, train_acc = 0.000000, train ppl = 5.105721
==== Finshed epoch 1 ====
Evaluating model...
Epoch 1: validation accuracy = 0.000000 -- validation perplexity = 4.767157
Epoch 1: test accuracy: 0.000000
---- Qualitative Analysis
Context: how do you go from the bedroom to the bathroom ? the office is south of the bathroom . the garden is east of the bedroom . the hallway is west of the bedroom . the bedroom is south of the kitchen . the bathroom is west of the hallway . how do you go from the bedroom to the bathroom ?
Question: how do you go from the bedroom to the bathroom ?
Answer: w w </s>
Model prediction: </s>
=========================
Model checkpoint saved in models/dummy/best_model.ckpt
Step 1200: train_loss = 4.664620, train_acc = 0.000000, train ppl = 4.734488
Step 1300: train_loss = 4.686086, train_acc = 0.000000, train ppl = 4.768485
Step 1400: train_loss = 4.797504, train_acc = 0.000000, train ppl = 4.948914
Step 1500: train_loss = 4.712519, train_acc = 0.000000, train ppl = 4.810685
Step 1600: train_loss = 4.653977, train_acc = 0.000000, train ppl = 4.717721
Step 1700: train_loss = 4.651959, train_acc = 0.000000, train ppl = 4.714548
Step 1800: train_loss = 4.736558, train_acc = 0.000000, train ppl = 4.849389
Step 1900: train_loss = 4.647666, train_acc = 0.000000, train ppl = 4.707806
Step 2000: train_loss = 4.742343, train_acc = 0.000000, train ppl = 4.858749
Step 2100: train_loss = 4.674018, train_acc = 0.000000, train ppl = 4.749341
Step 2200: train_loss = 4.679960, train_acc = 0.000000, train ppl = 4.758758
==== Finshed epoch 2 ====
Evaluating model...
Epoch 2: validation accuracy = 0.000000 -- validation perplexity = 4.808656
Epoch 2: test accuracy: 0.000000
---- Qualitative Analysis
Context: how do you go from the office to the bathroom ? the hallway is west of the office . the kitchen is east of the garden . the garden is north of the bathroom . the bedroom is north of the garden . the office is west of the garden . how do you go from the office to the bathroom ?
Question: how do you go from the office to the bathroom ?
Answer: e s </s>
Model prediction: </s>
=========================
Step 2300: train_loss = 4.706012, train_acc = 0.000000, train ppl = 4.800263
Step 2400: train_loss = 4.692219, train_acc = 0.000000, train ppl = 4.778243
Step 2500: train_loss = 4.693185, train_acc = 0.000000, train ppl = 4.779783
Step 2600: train_loss = 4.845945, train_acc = 0.000000, train ppl = 5.029472
Step 2700: train_loss = 4.721248, train_acc = 0.000000, train ppl = 4.824704
Step 2800: train_loss = 4.724553, train_acc = 0.000000, train ppl = 4.830021
Step 2900: train_loss = 4.670357, train_acc = 0.000000, train ppl = 4.743549
Step 3000: train_loss = 4.771482, train_acc = 0.000000, train ppl = 4.906171
Step 3100: train_loss = 4.798193, train_acc = 0.000000, train ppl = 4.950050
Step 3200: train_loss = 4.614953, train_acc = 0.000000, train ppl = 4.656750
Step 3300: train_loss = 4.741661, train_acc = 0.000000, train ppl = 4.857645
==== Finshed epoch 3 ====
Evaluating model...
Epoch 3: validation accuracy = 0.000000 -- validation perplexity = 4.816147
Epoch 3: test accuracy: 0.000000
---- Qualitative Analysis
Context: how do you go from the garden to the bedroom ? the bedroom is east of the bathroom . the garden is west of the hallway . the office is east of the bedroom . the bedroom is north of the hallway . the kitchen is east of the hallway . how do you go from the garden to the bedroom ?
Question: how do you go from the garden to the bedroom ?
Answer: e n </s>
Model prediction: </s>
=========================
Step 3400: train_loss = 4.705781, train_acc = 0.000000, train ppl = 4.799892
Step 3500: train_loss = 4.835490, train_acc = 0.000000, train ppl = 5.011975
Step 3600: train_loss = 4.826519, train_acc = 0.000000, train ppl = 4.997009
Step 3700: train_loss = 4.649833, train_acc = 0.000000, train ppl = 4.711208
Step 3800: train_loss = 4.716650, train_acc = 0.000000, train ppl = 4.817316
Step 3900: train_loss = 4.721211, train_acc = 0.000000, train ppl = 4.824645
Step 4000: train_loss = 4.694267, train_acc = 0.000000, train ppl = 4.781507
Step 4100: train_loss = 4.635998, train_acc = 0.000000, train ppl = 4.689531
Step 4200: train_loss = 4.578988, train_acc = 0.000000, train ppl = 4.601256
Step 4300: train_loss = 4.758115, train_acc = 0.000000, train ppl = 4.884361
Step 4400: train_loss = 4.720053, train_acc = 0.000000, train ppl = 4.822783
Step 4500: train_loss = 4.735057, train_acc = 0.000000, train ppl = 4.846963
==== Finshed epoch 4 ====
Evaluating model...
Epoch 4: validation accuracy = 0.000000 -- validation perplexity = 4.790778
Epoch 4: test accuracy: 0.000000
---- Qualitative Analysis
Context: how do you go from the garden to the kitchen ? the bedroom is south of the garden . the garden is south of the bathroom . the bathroom is west of the office . the bathroom is south of the kitchen . the kitchen is west of the hallway . how do you go from the garden to the kitchen ?
Question: how do you go from the garden to the kitchen ?
Answer: n n </s>
Model prediction: </s>
=========================
Step 4600: train_loss = 4.606317, train_acc = 0.000000, train ppl = 4.643363
Step 4700: train_loss = 4.705382, train_acc = 0.000000, train ppl = 4.799254
Step 4800: train_loss = 4.603908, train_acc = 0.000000, train ppl = 4.639637
Step 4900: train_loss = 2.703862, train_acc = 0.312500, train ppl = 2.462771
Step 5000: train_loss = 2.816693, train_acc = 0.125000, train ppl = 2.557161
Step 5100: train_loss = 2.816704, train_acc = 0.250000, train ppl = 2.557170
Step 5200: train_loss = 2.743254, train_acc = 0.250000, train ppl = 2.495323
Step 5300: train_loss = 2.754850, train_acc = 0.312500, train ppl = 2.504987
Step 5400: train_loss = 2.796091, train_acc = 0.187500, train ppl = 2.539660
Step 5500: train_loss = 2.686234, train_acc = 0.437500, train ppl = 2.448343
Step 5600: train_loss = 2.766337, train_acc = 0.312500, train ppl = 2.514597
==== Finshed epoch 5 ====
Evaluating model...
Epoch 5: validation accuracy = 0.252500 -- validation perplexity = 2.546063
Epoch 5: test accuracy: 0.243500
---- Qualitative Analysis
Context: how do you go from the kitchen to the bathroom ? the kitchen is east of the garden . the bathroom is north of the bedroom . the hallway is west of the bathroom . the office is east of the kitchen . the hallway is south of the kitchen . how do you go from the kitchen to the bathroom ?
Question: how do you go from the kitchen to the bathroom ?
Answer: s e </s>
Model prediction: s s </s>
=========================
Model checkpoint saved in models/dummy/best_model.ckpt
Step 5700: train_loss = 2.764628, train_acc = 0.312500, train ppl = 2.513165
Step 5800: train_loss = 2.764305, train_acc = 0.250000, train ppl = 2.512893
Step 5900: train_loss = 2.753872, train_acc = 0.312500, train ppl = 2.504170
Step 6000: train_loss = 2.746761, train_acc = 0.437500, train ppl = 2.498242
Step 6100: train_loss = 3.048186, train_acc = 0.062500, train ppl = 2.762296
Step 6200: train_loss = 2.802217, train_acc = 0.187500, train ppl = 2.544852
Step 6300: train_loss = 2.782411, train_acc = 0.187500, train ppl = 2.528105
Step 6400: train_loss = 2.894387, train_acc = 0.125000, train ppl = 2.624251
Step 6500: train_loss = 2.848324, train_acc = 0.437500, train ppl = 2.584266
Step 6600: train_loss = 2.879998, train_acc = 0.125000, train ppl = 2.611695
Step 6700: train_loss = 2.824666, train_acc = 0.125000, train ppl = 2.563966
==== Finshed epoch 6 ====
Evaluating model...
Epoch 6: validation accuracy = 0.255000 -- validation perplexity = 2.542961
Epoch 6: test accuracy: 0.243500
---- Qualitative Analysis
Context: how do you go from the hallway to the kitchen ? the office is south of the hallway . the hallway is south of the bedroom . the kitchen is west of the bedroom . the bathroom is north of the bedroom . the garden is east of the bedroom . how do you go from the hallway to the kitchen ?
Question: how do you go from the hallway to the kitchen ?
Answer: n w </s>
Model prediction: w w </s>
=========================
Model checkpoint saved in models/dummy/best_model.ckpt
Step 6800: train_loss = 2.673476, train_acc = 0.437500, train ppl = 2.437953
Step 6900: train_loss = 2.743163, train_acc = 0.250000, train ppl = 2.495247
Step 7000: train_loss = 2.757444, train_acc = 0.312500, train ppl = 2.507153
Step 7100: train_loss = 2.849195, train_acc = 0.437500, train ppl = 2.585016
Step 7200: train_loss = 2.753607, train_acc = 0.312500, train ppl = 2.503948
Step 7300: train_loss = 2.782058, train_acc = 0.250000, train ppl = 2.527808
Step 7400: train_loss = 2.793138, train_acc = 0.250000, train ppl = 2.537162
Step 7500: train_loss = 2.832399, train_acc = 0.250000, train ppl = 2.570584
Step 7600: train_loss = 2.721887, train_acc = 0.375000, train ppl = 2.477613
Step 7700: train_loss = 2.818039, train_acc = 0.187500, train ppl = 2.558309
Step 7800: train_loss = 2.794955, train_acc = 0.187500, train ppl = 2.538698
==== Finshed epoch 7 ====
Evaluating model...
Epoch 7: validation accuracy = 0.239500 -- validation perplexity = 2.533067
Epoch 7: test accuracy: 0.248500
---- Qualitative Analysis
Context: how do you go from the kitchen to the bathroom ? the office is west of the bathroom . the kitchen is west of the office . the hallway is south of the bathroom . the bedroom is south of the office . the garden is north of the bathroom . how do you go from the kitchen to the bathroom ?
Question: how do you go from the kitchen to the bathroom ?
Answer: e e </s>
Model prediction: e e </s>
=========================
Step 7900: train_loss = 2.768920, train_acc = 0.312500, train ppl = 2.516762
Step 8000: train_loss = 2.704802, train_acc = 0.312500, train ppl = 2.463543
Step 8100: train_loss = 2.754097, train_acc = 0.250000, train ppl = 2.504358
Step 8200: train_loss = 2.844889, train_acc = 0.187500, train ppl = 2.581308
Step 8300: train_loss = 2.800757, train_acc = 0.187500, train ppl = 2.543614
Step 8400: train_loss = 2.852468, train_acc = 0.187500, train ppl = 2.587837
Step 8500: train_loss = 2.790406, train_acc = 0.250000, train ppl = 2.534853
Step 8600: train_loss = 3.076198, train_acc = 0.062500, train ppl = 2.788208
Step 8700: train_loss = 2.863449, train_acc = 0.125000, train ppl = 2.597327
Step 8800: train_loss = 2.758945, train_acc = 0.375000, train ppl = 2.508409
Step 8900: train_loss = 2.675537, train_acc = 0.500000, train ppl = 2.439628
Step 9000: train_loss = 2.870765, train_acc = 0.125000, train ppl = 2.603669
==== Finshed epoch 8 ====
Evaluating model...
Epoch 8: validation accuracy = 0.255000 -- validation perplexity = 2.532442
Epoch 8: test accuracy: 0.243500
---- Qualitative Analysis
Context: how do you go from the hallway to the garden ? the bedroom is south of the hallway . the office is east of the garden . the kitchen is west of the garden . the hallway is east of the office . the bathroom is north of the garden . how do you go from the hallway to the garden ?
Question: how do you go from the hallway to the garden ?
Answer: w w </s>
Model prediction: w w </s>
=========================
Step 9100: train_loss = 2.797566, train_acc = 0.250000, train ppl = 2.540909
Step 9200: train_loss = 2.799195, train_acc = 0.187500, train ppl = 2.542289
Step 9300: train_loss = 2.746958, train_acc = 0.312500, train ppl = 2.498405
Step 9400: train_loss = 2.606120, train_acc = 0.500000, train ppl = 2.383826
Step 9500: train_loss = 2.795447, train_acc = 0.125000, train ppl = 2.539115
Step 9600: train_loss = 2.757577, train_acc = 0.187500, train ppl = 2.507264
Step 9700: train_loss = 2.911008, train_acc = 0.062500, train ppl = 2.638831
Step 9800: train_loss = 2.836885, train_acc = 0.187500, train ppl = 2.574431
Step 9900: train_loss = 2.880369, train_acc = 0.187500, train ppl = 2.612017
Step 10000: train_loss = 2.791537, train_acc = 0.187500, train ppl = 2.535808
Step 10100: train_loss = 2.857011, train_acc = 0.125000, train ppl = 2.591759
==== Finshed epoch 9 ====
Evaluating model...
Epoch 9: validation accuracy = 0.239500 -- validation perplexity = 2.524069
Epoch 9: test accuracy: 0.248500
---- Qualitative Analysis
Context: how do you go from the bedroom to the garden ? the office is east of the garden . the hallway is east of the bathroom . the bedroom is north of the kitchen . the bathroom is south of the garden . the bathroom is north of the bedroom . how do you go from the bedroom to the garden ?
Question: how do you go from the bedroom to the garden ?
Answer: n n </s>
Model prediction: e e </s>
=========================
Step 10200: train_loss = 2.795027, train_acc = 0.187500, train ppl = 2.538760
Step 10300: train_loss = 2.879793, train_acc = 0.187500, train ppl = 2.611516
Step 10400: train_loss = 2.853356, train_acc = 0.250000, train ppl = 2.588604
Step 10500: train_loss = 2.774918, train_acc = 0.250000, train ppl = 2.521800
Step 10600: train_loss = 2.834094, train_acc = 0.250000, train ppl = 2.572036
Step 10700: train_loss = 2.794039, train_acc = 0.187500, train ppl = 2.537924
Step 10800: train_loss = 2.762754, train_acc = 0.312500, train ppl = 2.511595
Step 10900: train_loss = 2.760678, train_acc = 0.062500, train ppl = 2.509857
Step 11000: train_loss = 2.831908, train_acc = 0.250000, train ppl = 2.570163
Step 11100: train_loss = 2.762418, train_acc = 0.250000, train ppl = 2.511314
Step 11200: train_loss = 2.740904, train_acc = 0.250000, train ppl = 2.493369
==== Finshed epoch 10 ====
Evaluating model...
Epoch 10: validation accuracy = 0.253000 -- validation perplexity = 2.530684
Epoch 10: test accuracy: 0.264500
---- Qualitative Analysis
Context: how do you go from the garden to the hallway ? the hallway is west of the bathroom . the kitchen is south of the garden . the hallway is north of the bedroom . the garden is south of the bedroom . the office is east of the garden . how do you go from the garden to the hallway ?
Question: how do you go from the garden to the hallway ?
Answer: n n </s>
Model prediction: n n </s>
=========================
Step 11300: train_loss = 2.768493, train_acc = 0.250000, train ppl = 2.516404
Step 11400: train_loss = 2.772553, train_acc = 0.250000, train ppl = 2.519813
Step 11500: train_loss = 2.859084, train_acc = 0.187500, train ppl = 2.593551
Step 11600: train_loss = 2.855443, train_acc = 0.125000, train ppl = 2.590405
Step 11700: train_loss = 2.756758, train_acc = 0.375000, train ppl = 2.506580
Step 11800: train_loss = 2.764504, train_acc = 0.250000, train ppl = 2.513061
Step 11900: train_loss = 2.798863, train_acc = 0.187500, train ppl = 2.542008
Step 12000: train_loss = 2.851644, train_acc = 0.125000, train ppl = 2.587127
Step 12100: train_loss = 2.841381, train_acc = 0.125000, train ppl = 2.578292
Step 12200: train_loss = 2.767277, train_acc = 0.250000, train ppl = 2.515384
Step 12300: train_loss = 2.816854, train_acc = 0.187500, train ppl = 2.557298
==== Finshed epoch 11 ====
Evaluating model...
Epoch 11: validation accuracy = 0.239500 -- validation perplexity = 2.542661
Epoch 11: test accuracy: 0.248500
---- Qualitative Analysis
Context: how do you go from the office to the bedroom ? the kitchen is west of the bedroom . the hallway is north of the office . the garden is east of the office . the bedroom is north of the hallway . the bathroom is west of the office . how do you go from the office to the bedroom ?
Question: how do you go from the office to the bedroom ?
Answer: n n </s>
Model prediction: e e </s>
=========================
Step 12400: train_loss = 2.796982, train_acc = 0.250000, train ppl = 2.540415
Step 12500: train_loss = 2.914522, train_acc = 0.250000, train ppl = 2.641924
Step 12600: train_loss = 2.775814, train_acc = 0.312500, train ppl = 2.522552
Step 12700: train_loss = 2.767267, train_acc = 0.375000, train ppl = 2.515376
Step 12800: train_loss = 2.847844, train_acc = 0.125000, train ppl = 2.583852
Step 12900: train_loss = 2.907064, train_acc = 0.187500, train ppl = 2.635365
Step 13000: train_loss = 2.760362, train_acc = 0.250000, train ppl = 2.509593
Step 13100: train_loss = 2.820663, train_acc = 0.125000, train ppl = 2.560548
Step 13200: train_loss = 2.794512, train_acc = 0.312500, train ppl = 2.538324
Step 13300: train_loss = 2.757911, train_acc = 0.000000, train ppl = 2.507544
Step 13400: train_loss = 2.755512, train_acc = 0.187500, train ppl = 2.505539
Step 13500: train_loss = 2.851664, train_acc = 0.187500, train ppl = 2.587144
==== Finshed epoch 12 ====
Evaluating model...
Epoch 12: validation accuracy = 0.252500 -- validation perplexity = 2.535134
Epoch 12: test accuracy: 0.243500
---- Qualitative Analysis
Context: how do you go from the bedroom to the hallway ? the bedroom is west of the office . the bedroom is north of the kitchen . the bathroom is south of the hallway . the office is west of the hallway . the garden is north of the hallway . how do you go from the bedroom to the hallway ?
Question: how do you go from the bedroom to the hallway ?
Answer: e e </s>
Model prediction: s s </s>
=========================
Step 13600: train_loss = 2.752705, train_acc = 0.187500, train ppl = 2.503196
Step 13700: train_loss = 2.945084, train_acc = 0.125000, train ppl = 2.668975
Step 13800: train_loss = 2.736866, train_acc = 0.375000, train ppl = 2.490015
Step 13900: train_loss = 2.749041, train_acc = 0.312500, train ppl = 2.500141
Step 14000: train_loss = 2.823499, train_acc = 0.187500, train ppl = 2.562969
Step 14100: train_loss = 2.803112, train_acc = 0.250000, train ppl = 2.545610
Step 14200: train_loss = 2.801090, train_acc = 0.187500, train ppl = 2.543896
Step 14300: train_loss = 2.949402, train_acc = 0.250000, train ppl = 2.672820
Step 14400: train_loss = 2.749562, train_acc = 0.250000, train ppl = 2.500575
Step 14500: train_loss = 2.815369, train_acc = 0.250000, train ppl = 2.556032
Step 14600: train_loss = 2.758271, train_acc = 0.312500, train ppl = 2.507844
==== Finshed epoch 13 ====
Evaluating model...
Epoch 13: validation accuracy = 0.244000 -- validation perplexity = 2.521997
Epoch 13: test accuracy: 0.236000
---- Qualitative Analysis
Context: how do you go from the bedroom to the bathroom ? the office is east of the bathroom . the bathroom is south of the kitchen . the office is north of the bedroom . the hallway is east of the office . the bathroom is east of the garden . how do you go from the bedroom to the bathroom ?
Question: how do you go from the bedroom to the bathroom ?
Answer: n w </s>
Model prediction: s s </s>
=========================
Step 14700: train_loss = 2.769053, train_acc = 0.187500, train ppl = 2.516874
Step 14800: train_loss = 2.748031, train_acc = 0.375000, train ppl = 2.499299
Step 14900: train_loss = 2.709989, train_acc = 0.250000, train ppl = 2.467806
Step 15000: train_loss = 2.732896, train_acc = 0.375000, train ppl = 2.486722
Step 15100: train_loss = 2.766932, train_acc = 0.312500, train ppl = 2.515095
Step 15200: train_loss = 2.712388, train_acc = 0.312500, train ppl = 2.469780
Step 15300: train_loss = 2.812637, train_acc = 0.187500, train ppl = 2.553706
Step 15400: train_loss = 2.713995, train_acc = 0.312500, train ppl = 2.471104
Step 15500: train_loss = 2.800622, train_acc = 0.250000, train ppl = 2.543499
Step 15600: train_loss = 2.625538, train_acc = 0.437500, train ppl = 2.399305
Step 15700: train_loss = 2.789159, train_acc = 0.187500, train ppl = 2.533799
==== Finshed epoch 14 ====
Evaluating model...
Epoch 14: validation accuracy = 0.292500 -- validation perplexity = 2.510283
Epoch 14: test accuracy: 0.253500
---- Qualitative Analysis
Context: how do you go from the bedroom to the office ? the bedroom is south of the bathroom . the hallway is south of the office . the garden is east of the office . the kitchen is west of the office . the bedroom is west of the kitchen . how do you go from the bedroom to the office ?
Question: how do you go from the bedroom to the office ?
Answer: e e </s>
Model prediction: w w </s>
=========================
Model checkpoint saved in models/dummy/best_model.ckpt
Step 15800: train_loss = 2.772708, train_acc = 0.187500, train ppl = 2.519943
Step 15900: train_loss = 2.728384, train_acc = 0.187500, train ppl = 2.482985
Step 16000: train_loss = 2.850440, train_acc = 0.250000, train ppl = 2.586089
Step 16100: train_loss = 2.837513, train_acc = 0.187500, train ppl = 2.574970
Step 16200: train_loss = 2.744573, train_acc = 0.250000, train ppl = 2.496420
Step 16300: train_loss = 2.894379, train_acc = 0.312500, train ppl = 2.624244
Step 16400: train_loss = 2.726974, train_acc = 0.250000, train ppl = 2.481818
Step 16500: train_loss = 2.744429, train_acc = 0.250000, train ppl = 2.496300
Step 16600: train_loss = 2.768572, train_acc = 0.312500, train ppl = 2.516471
Step 16700: train_loss = 2.826831, train_acc = 0.187500, train ppl = 2.565818
Step 16800: train_loss = 2.835476, train_acc = 0.187500, train ppl = 2.573222
==== Finshed epoch 15 ====
Evaluating model...
Epoch 15: validation accuracy = 0.267000 -- validation perplexity = 2.510991
Epoch 15: test accuracy: 0.276000
---- Qualitative Analysis
Context: how do you go from the bedroom to the hallway ? the office is west of the hallway . the bathroom is north of the garden . the bedroom is south of the garden . the hallway is west of the garden . the kitchen is east of the garden . how do you go from the bedroom to the hallway ?
Question: how do you go from the bedroom to the hallway ?
Answer: n w </s>
Model prediction: w w </s>
=========================
Step 16900: train_loss = 2.662697, train_acc = 0.500000, train ppl = 2.429209
Step 17000: train_loss = 2.734056, train_acc = 0.250000, train ppl = 2.487684
Step 17100: train_loss = 2.751439, train_acc = 0.250000, train ppl = 2.502140
Step 17200: train_loss = 2.756794, train_acc = 0.312500, train ppl = 2.506611
Step 17300: train_loss = 2.730857, train_acc = 0.375000, train ppl = 2.485032
Step 17400: train_loss = 2.760492, train_acc = 0.250000, train ppl = 2.509702
Step 17500: train_loss = 2.729004, train_acc = 0.375000, train ppl = 2.483498
Step 17600: train_loss = 2.774160, train_acc = 0.250000, train ppl = 2.521162
Step 17700: train_loss = 2.823503, train_acc = 0.250000, train ppl = 2.562972
Step 17800: train_loss = 2.711865, train_acc = 0.250000, train ppl = 2.469350
Step 17900: train_loss = 2.731524, train_acc = 0.437500, train ppl = 2.485585
Step 18000: train_loss = 2.789437, train_acc = 0.250000, train ppl = 2.534034
==== Finshed epoch 16 ====
Evaluating model...
Epoch 16: validation accuracy = 0.294000 -- validation perplexity = 2.510241
Epoch 16: test accuracy: 0.252000
---- Qualitative Analysis
Context: how do you go from the bedroom to the bathroom ? the office is east of the bathroom . the kitchen is north of the bathroom . the bathroom is east of the hallway . the garden is north of the bedroom . the office is south of the bedroom . how do you go from the bedroom to the bathroom ?
Question: how do you go from the bedroom to the bathroom ?
Answer: s w </s>
Model prediction: s s </s>
=========================
Model checkpoint saved in models/dummy/best_model.ckpt
Step 18100: train_loss = 2.702988, train_acc = 0.250000, train ppl = 2.462054
Step 18200: train_loss = 2.802723, train_acc = 0.125000, train ppl = 2.545281
Step 18300: train_loss = 2.858096, train_acc = 0.125000, train ppl = 2.592697
Step 18400: train_loss = 2.764343, train_acc = 0.250000, train ppl = 2.512925
Step 18500: train_loss = 2.727992, train_acc = 0.375000, train ppl = 2.482661
Step 18600: train_loss = 2.699588, train_acc = 0.187500, train ppl = 2.459266
Step 18700: train_loss = 3.050648, train_acc = 0.125000, train ppl = 2.764563
Step 18800: train_loss = 2.687368, train_acc = 0.312500, train ppl = 2.449268
Step 18900: train_loss = 2.788192, train_acc = 0.187500, train ppl = 2.532982
Step 19000: train_loss = 2.652217, train_acc = 0.375000, train ppl = 2.420738
Step 19100: train_loss = 2.731600, train_acc = 0.500000, train ppl = 2.485647
==== Finshed epoch 17 ====
Evaluating model...
Epoch 17: validation accuracy = 0.277000 -- validation perplexity = 2.513576
Epoch 17: test accuracy: 0.280500
---- Qualitative Analysis
Context: how do you go from the hallway to the bathroom ? the bathroom is north of the office . the garden is north of the bathroom . the bedroom is west of the bathroom . the kitchen is east of the hallway . the hallway is east of the office . how do you go from the hallway to the bathroom ?
Question: how do you go from the hallway to the bathroom ?
Answer: w n </s>
Model prediction: w w </s>
=========================
Step 19200: train_loss = 2.740710, train_acc = 0.250000, train ppl = 2.493208
Step 19300: train_loss = 2.811990, train_acc = 0.250000, train ppl = 2.553155
Step 19400: train_loss = 2.807236, train_acc = 0.062500, train ppl = 2.549113
Step 19500: train_loss = 2.774055, train_acc = 0.250000, train ppl = 2.521074
Step 19600: train_loss = 2.821046, train_acc = 0.312500, train ppl = 2.560874
Step 19700: train_loss = 2.804382, train_acc = 0.250000, train ppl = 2.546689
Step 19800: train_loss = 2.847603, train_acc = 0.312500, train ppl = 2.583645
Step 19900: train_loss = 2.763599, train_acc = 0.312500, train ppl = 2.512303
Step 20000: train_loss = 2.996962, train_acc = 0.125000, train ppl = 2.715530
Step 20100: train_loss = 2.728043, train_acc = 0.437500, train ppl = 2.482702
Step 20200: train_loss = 2.800453, train_acc = 0.312500, train ppl = 2.543355
==== Finshed epoch 18 ====
Evaluating model...
Epoch 18: validation accuracy = 0.279000 -- validation perplexity = 2.508997
Epoch 18: test accuracy: 0.288500
---- Qualitative Analysis
Context: how do you go from the kitchen to the bathroom ? the kitchen is north of the hallway . the bedroom is south of the hallway . the garden is east of the hallway . the bathroom is north of the office . the bathroom is west of the hallway . how do you go from the kitchen to the bathroom ?
Question: how do you go from the kitchen to the bathroom ?
Answer: s w </s>
Model prediction: n n </s>
=========================
Step 20300: train_loss = 2.543032, train_acc = 0.125000, train ppl = 2.334219
Step 20400: train_loss = 2.878242, train_acc = 0.250000, train ppl = 2.610167
Step 20500: train_loss = 2.831681, train_acc = 0.125000, train ppl = 2.569968
Step 20600: train_loss = 2.793700, train_acc = 0.250000, train ppl = 2.537637
Step 20700: train_loss = 2.784791, train_acc = 0.187500, train ppl = 2.530112
Step 20800: train_loss = 2.712638, train_acc = 0.250000, train ppl = 2.469987
Step 20900: train_loss = 2.684861, train_acc = 0.187500, train ppl = 2.447222
Step 21000: train_loss = 2.669195, train_acc = 0.375000, train ppl = 2.434476
Step 21100: train_loss = 2.750504, train_acc = 0.312500, train ppl = 2.501360
Step 21200: train_loss = 2.802225, train_acc = 0.250000, train ppl = 2.544858
Step 21300: train_loss = 2.765297, train_acc = 0.375000, train ppl = 2.513725
==== Finshed epoch 19 ====
Evaluating model...
Epoch 19: validation accuracy = 0.277000 -- validation perplexity = 2.504627
Epoch 19: test accuracy: 0.279000
---- Qualitative Analysis
Context: how do you go from the bathroom to the office ? the bathroom is west of the bedroom . the garden is north of the hallway . the hallway is north of the bathroom . the kitchen is south of the office . the hallway is east of the office . how do you go from the bathroom to the office ?
Question: how do you go from the bathroom to the office ?
Answer: n w </s>
Model prediction: w w </s>
=========================
Step 21400: train_loss = 2.912714, train_acc = 0.125000, train ppl = 2.640332
Step 21500: train_loss = 2.877871, train_acc = 0.187500, train ppl = 2.609843
Step 21600: train_loss = 2.637637, train_acc = 0.437500, train ppl = 2.409001
Step 21700: train_loss = 2.763623, train_acc = 0.312500, train ppl = 2.512323
Step 21800: train_loss = 2.731610, train_acc = 0.375000, train ppl = 2.485656
Step 21900: train_loss = 2.763439, train_acc = 0.375000, train ppl = 2.512169
Step 22000: train_loss = 2.845335, train_acc = 0.125000, train ppl = 2.581692
Step 22100: train_loss = 2.662708, train_acc = 0.250000, train ppl = 2.429218
Step 22200: train_loss = 2.755714, train_acc = 0.312500, train ppl = 2.505708
Step 22300: train_loss = 2.725063, train_acc = 0.312500, train ppl = 2.480238
Step 22400: train_loss = 2.768513, train_acc = 0.250000, train ppl = 2.516421
Step 22500: train_loss = 2.673767, train_acc = 0.375000, train ppl = 2.438190
==== Finshed epoch 20 ====
Evaluating model...
Epoch 20: validation accuracy = 0.282500 -- validation perplexity = 2.504481
Epoch 20: test accuracy: 0.253500
---- Qualitative Analysis
Context: how do you go from the garden to the bedroom ? the garden is north of the kitchen . the hallway is south of the bedroom . the garden is east of the office . the bathroom is east of the garden . the office is north of the bedroom . how do you go from the garden to the bedroom ?
Question: how do you go from the garden to the bedroom ?
Answer: w s </s>
Model prediction: s s </s>
=========================
Step 22600: train_loss = 4.075751, train_acc = 0.250000, train ppl = 3.890679
Step 22700: train_loss = 4.191559, train_acc = 0.125000, train ppl = 4.043806
Step 22800: train_loss = 4.117290, train_acc = 0.125000, train ppl = 3.944926
Step 22900: train_loss = 4.400059, train_acc = 0.125000, train ppl = 4.334847
Step 23000: train_loss = 4.242271, train_acc = 0.000000, train ppl = 4.112744
Step 23100: train_loss = 4.060459, train_acc = 0.250000, train ppl = 3.870898
Step 23200: train_loss = 4.191607, train_acc = 0.250000, train ppl = 4.043871
Step 23300: train_loss = 4.122223, train_acc = 0.125000, train ppl = 3.951418
Step 23400: train_loss = 4.082754, train_acc = 0.187500, train ppl = 3.899771
Step 23500: train_loss = 3.939056, train_acc = 0.312500, train ppl = 3.717378
Step 23600: train_loss = 4.167835, train_acc = 0.062500, train ppl = 4.011953
==== Finshed epoch 21 ====
Evaluating model...
Epoch 21: validation accuracy = 0.137000 -- validation perplexity = 4.005684
Epoch 21: test accuracy: 0.151000
---- Qualitative Analysis
Context: how do you go from the hallway to the garden ? the bedroom is west of the garden . the kitchen is north of the hallway . the kitchen is east of the garden . the office is north of the garden . the bathroom is south of the garden . how do you go from the hallway to the garden ?
Question: how do you go from the hallway to the garden ?
Answer: n w </s>
Model prediction: n </s>
=========================
Step 23700: train_loss = 4.282121, train_acc = 0.125000, train ppl = 4.167739
Step 23800: train_loss = 4.026878, train_acc = 0.187500, train ppl = 3.827810
Step 23900: train_loss = 4.070903, train_acc = 0.187500, train ppl = 3.884397
Step 24000: train_loss = 4.164192, train_acc = 0.125000, train ppl = 4.007085
Step 24100: train_loss = 4.208246, train_acc = 0.125000, train ppl = 4.066362
Step 24200: train_loss = 4.160997, train_acc = 0.125000, train ppl = 4.002820
Step 24300: train_loss = 4.240893, train_acc = 0.062500, train ppl = 4.110855
Step 24400: train_loss = 4.117096, train_acc = 0.125000, train ppl = 3.944671
Step 24500: train_loss = 4.140787, train_acc = 0.062500, train ppl = 3.975945
Step 24600: train_loss = 4.169720, train_acc = 0.187500, train ppl = 4.014476
Step 24700: train_loss = 4.018538, train_acc = 0.187500, train ppl = 3.817182
==== Finshed epoch 22 ====
Evaluating model...
Epoch 22: validation accuracy = 0.145000 -- validation perplexity = 3.989910
Epoch 22: test accuracy: 0.139000
---- Qualitative Analysis
Context: how do you go from the garden to the bathroom ? the hallway is north of the office . the garden is south of the office . the bedroom is east of the garden . the bathroom is south of the kitchen . the bathroom is west of the office . how do you go from the garden to the bathroom ?
Question: how do you go from the garden to the bathroom ?
Answer: n w </s>
Model prediction: w </s>
=========================
Step 24800: train_loss = 4.087441, train_acc = 0.250000, train ppl = 3.905869
Step 24900: train_loss = 4.206779, train_acc = 0.000000, train ppl = 4.064373
Step 25000: train_loss = 4.113975, train_acc = 0.250000, train ppl = 3.940568
Step 25100: train_loss = 4.187202, train_acc = 0.062500, train ppl = 4.037937
Step 25200: train_loss = 4.137088, train_acc = 0.125000, train ppl = 3.971045
Step 25300: train_loss = 4.098501, train_acc = 0.125000, train ppl = 3.920296
Step 25400: train_loss = 4.187017, train_acc = 0.187500, train ppl = 4.037689
Step 25500: train_loss = 4.116702, train_acc = 0.062500, train ppl = 3.944152
Step 25600: train_loss = 4.037313, train_acc = 0.250000, train ppl = 3.841148
Step 25700: train_loss = 4.013835, train_acc = 0.250000, train ppl = 3.811204
Step 25800: train_loss = 4.181662, train_acc = 0.250000, train ppl = 4.030487
==== Finshed epoch 23 ====
Evaluating model...
Epoch 23: validation accuracy = 0.142000 -- validation perplexity = 4.018612
Epoch 23: test accuracy: 0.132000
---- Qualitative Analysis
Context: how do you go from the kitchen to the hallway ? the kitchen is north of the garden . the hallway is west of the office . the bathroom is south of the office . the bedroom is north of the hallway . the kitchen is east of the office . how do you go from the kitchen to the hallway ?
Question: how do you go from the kitchen to the hallway ?
Answer: w w </s>
Model prediction: w </s>
=========================
Step 25900: train_loss = 4.161575, train_acc = 0.125000, train ppl = 4.003591
Step 26000: train_loss = 4.153343, train_acc = 0.125000, train ppl = 3.992620
Step 26100: train_loss = 4.322802, train_acc = 0.062500, train ppl = 4.224639
Step 26200: train_loss = 4.039905, train_acc = 0.187500, train ppl = 3.844467
Step 26300: train_loss = 4.099366, train_acc = 0.062500, train ppl = 3.921425
Step 26400: train_loss = 4.058781, train_acc = 0.125000, train ppl = 3.868732
Step 26500: train_loss = 4.123774, train_acc = 0.250000, train ppl = 3.953461
Step 26600: train_loss = 4.117489, train_acc = 0.125000, train ppl = 3.945188
Step 26700: train_loss = 4.131858, train_acc = 0.125000, train ppl = 3.964128
Step 26800: train_loss = 4.385500, train_acc = 0.125000, train ppl = 4.313861
Step 26900: train_loss = 4.039251, train_acc = 0.187500, train ppl = 3.843629
Step 27000: train_loss = 4.224428, train_acc = 0.125000, train ppl = 4.088355
==== Finshed epoch 24 ====
Evaluating model...
Epoch 24: validation accuracy = 0.143000 -- validation perplexity = 4.010983
Epoch 24: test accuracy: 0.138000
---- Qualitative Analysis
Context: how do you go from the office to the hallway ? the bedroom is east of the hallway . the office is east of the bathroom . the hallway is south of the garden . the kitchen is east of the office . the bedroom is north of the office . how do you go from the office to the hallway ?
Question: how do you go from the office to the hallway ?
Answer: n w </s>
Model prediction: w </s>
=========================
Step 27100: train_loss = 4.140539, train_acc = 0.125000, train ppl = 3.975615
Step 27200: train_loss = 4.187975, train_acc = 0.187500, train ppl = 4.038979
Step 27300: train_loss = 4.106882, train_acc = 0.187500, train ppl = 3.931263
Step 27400: train_loss = 4.088745, train_acc = 0.125000, train ppl = 3.907567
Step 27500: train_loss = 4.134394, train_acc = 0.062500, train ppl = 3.967481
Step 27600: train_loss = 4.079144, train_acc = 0.062500, train ppl = 3.895082
Step 27700: train_loss = 3.926507, train_acc = 0.187500, train ppl = 3.701862
Step 27800: train_loss = 4.058111, train_acc = 0.250000, train ppl = 3.867869
Step 27900: train_loss = 4.119554, train_acc = 0.187500, train ppl = 3.947903
Step 28000: train_loss = 4.139551, train_acc = 0.187500, train ppl = 3.974307
Step 28100: train_loss = 4.089830, train_acc = 0.125000, train ppl = 3.908981
==== Finshed epoch 25 ====
Evaluating model...
Epoch 25: validation accuracy = 0.137500 -- validation perplexity = 3.979695
Epoch 25: test accuracy: 0.140500
---- Qualitative Analysis
Context: how do you go from the kitchen to the hallway ? the hallway is north of the bathroom . the garden is south of the kitchen . the garden is north of the hallway . the bedroom is west of the kitchen . the office is west of the hallway . how do you go from the kitchen to the hallway ?
Question: how do you go from the kitchen to the hallway ?
Answer: s s </s>
Model prediction: w </s>
=========================
Step 28200: train_loss = 4.159953, train_acc = 0.125000, train ppl = 4.001427
Step 28300: train_loss = 4.196280, train_acc = 0.125000, train ppl = 4.050175
Step 28400: train_loss = 4.284171, train_acc = 0.187500, train ppl = 4.170588
Step 28500: train_loss = 4.033402, train_acc = 0.187500, train ppl = 3.836142
Step 28600: train_loss = 4.047123, train_acc = 0.062500, train ppl = 3.853728
Step 28700: train_loss = 4.310210, train_acc = 0.125000, train ppl = 4.206944
Step 28800: train_loss = 4.248546, train_acc = 0.187500, train ppl = 4.121355
Step 28900: train_loss = 4.238130, train_acc = 0.062500, train ppl = 4.107070
Step 29000: train_loss = 4.276900, train_acc = 0.125000, train ppl = 4.160492
Step 29100: train_loss = 4.055176, train_acc = 0.187500, train ppl = 3.864086
Step 29200: train_loss = 4.142158, train_acc = 0.062500, train ppl = 3.977761
==== Finshed epoch 26 ====
Evaluating model...
Epoch 26: validation accuracy = 0.157000 -- validation perplexity = 3.978466
Epoch 26: test accuracy: 0.138000
---- Qualitative Analysis
Context: how do you go from the office to the kitchen ? the office is east of the garden . the kitchen is south of the garden . the bathroom is north of the garden . the hallway is west of the kitchen . the kitchen is west of the bedroom . how do you go from the office to the kitchen ?
Question: how do you go from the office to the kitchen ?
Answer: w s </s>
Model prediction: w </s>
=========================
Step 29300: train_loss = 4.166339, train_acc = 0.125000, train ppl = 4.009953
Step 29400: train_loss = 4.193398, train_acc = 0.062500, train ppl = 4.046286
Step 29500: train_loss = 4.055743, train_acc = 0.062500, train ppl = 3.864817
Step 29600: train_loss = 4.222557, train_acc = 0.250000, train ppl = 4.085806
Step 29700: train_loss = 4.220209, train_acc = 0.187500, train ppl = 4.082610
Step 29800: train_loss = 4.201261, train_acc = 0.062500, train ppl = 4.056904
Step 29900: train_loss = 4.147326, train_acc = 0.187500, train ppl = 3.984621
Step 30000: train_loss = 4.123970, train_acc = 0.125000, train ppl = 3.953719
Step 30100: train_loss = 4.163570, train_acc = 0.125000, train ppl = 4.006255
Step 30200: train_loss = 4.161877, train_acc = 0.000000, train ppl = 4.003994
Step 30300: train_loss = 4.277544, train_acc = 0.062500, train ppl = 4.161385
==== Finshed epoch 27 ====
Evaluating model...
Epoch 27: validation accuracy = 0.139000 -- validation perplexity = 3.986172
Epoch 27: test accuracy: 0.145000
---- Qualitative Analysis
Context: how do you go from the kitchen to the bedroom ? the garden is east of the bedroom . the kitchen is north of the bathroom . the office is north of the bedroom . the hallway is south of the bedroom . the kitchen is west of the hallway . how do you go from the kitchen to the bedroom ?
Question: how do you go from the kitchen to the bedroom ?
Answer: e n </s>
Model prediction: s </s>
=========================
Step 30400: train_loss = 4.028414, train_acc = 0.250000, train ppl = 3.829769
Step 30500: train_loss = 4.120497, train_acc = 0.187500, train ppl = 3.949144
Step 30600: train_loss = 4.014964, train_acc = 0.187500, train ppl = 3.812638
Step 30700: train_loss = 4.252521, train_acc = 0.125000, train ppl = 4.126820
Step 30800: train_loss = 4.006723, train_acc = 0.312500, train ppl = 3.802180
Step 30900: train_loss = 4.168777, train_acc = 0.187500, train ppl = 4.013215
Step 31000: train_loss = 4.302936, train_acc = 0.000000, train ppl = 4.196756
Step 31100: train_loss = 4.196346, train_acc = 0.062500, train ppl = 4.050264
Step 31200: train_loss = 4.174606, train_acc = 0.125000, train ppl = 4.021019
Step 31300: train_loss = 4.143944, train_acc = 0.125000, train ppl = 3.980131
Step 31400: train_loss = 4.261896, train_acc = 0.125000, train ppl = 4.139735
Step 31500: train_loss = 4.372070, train_acc = 0.062500, train ppl = 4.294593
==== Finshed epoch 28 ====
Evaluating model...
Epoch 28: validation accuracy = 0.155000 -- validation perplexity = 3.983652
Epoch 28: test accuracy: 0.138500
---- Qualitative Analysis
Context: how do you go from the bedroom to the hallway ? the bathroom is north of the bedroom . the kitchen is west of the hallway . the office is south of the bedroom . the bedroom is east of the garden . the office is north of the hallway . how do you go from the bedroom to the hallway ?
Question: how do you go from the bedroom to the hallway ?
Answer: s s </s>
Model prediction: s </s>
=========================
Step 31600: train_loss = 4.134267, train_acc = 0.250000, train ppl = 3.967313
Step 31700: train_loss = 3.973812, train_acc = 0.250000, train ppl = 3.760696
Step 31800: train_loss = 4.005655, train_acc = 0.000000, train ppl = 3.800826
Step 31900: train_loss = 3.972082, train_acc = 0.375000, train ppl = 3.758528
Step 32000: train_loss = 4.294357, train_acc = 0.000000, train ppl = 4.184772
Step 32100: train_loss = 4.120978, train_acc = 0.125000, train ppl = 3.949779
Step 32200: train_loss = 4.167105, train_acc = 0.187500, train ppl = 4.010977
Step 32300: train_loss = 4.261458, train_acc = 0.000000, train ppl = 4.139132
Step 32400: train_loss = 4.210340, train_acc = 0.062500, train ppl = 4.069201
Step 32500: train_loss = 4.069100, train_acc = 0.125000, train ppl = 3.882063
Step 32600: train_loss = 4.108477, train_acc = 0.187500, train ppl = 3.933353
==== Finshed epoch 29 ====
Evaluating model...
Epoch 29: validation accuracy = 0.146000 -- validation perplexity = 3.991059
Epoch 29: test accuracy: 0.143000
---- Qualitative Analysis
Context: how do you go from the bedroom to the office ? the office is north of the hallway . the kitchen is east of the bedroom . the office is west of the garden . the bedroom is north of the garden . the bedroom is south of the bathroom . how do you go from the bedroom to the office ?
Question: how do you go from the bedroom to the office ?
Answer: s w </s>
Model prediction: n </s>
=========================
Step 32700: train_loss = 4.259272, train_acc = 0.125000, train ppl = 4.136116
Step 32800: train_loss = 4.271986, train_acc = 0.062500, train ppl = 4.153683
Step 32900: train_loss = 4.014334, train_acc = 0.125000, train ppl = 3.811838
Step 33000: train_loss = 4.040353, train_acc = 0.125000, train ppl = 3.845042
Step 33100: train_loss = 3.955780, train_acc = 0.187500, train ppl = 3.738159
Step 33200: train_loss = 4.169552, train_acc = 0.125000, train ppl = 4.014250
Step 33300: train_loss = 4.156745, train_acc = 0.125000, train ppl = 3.997150
Step 33400: train_loss = 4.111172, train_acc = 0.250000, train ppl = 3.936888
Step 33500: train_loss = 4.160014, train_acc = 0.125000, train ppl = 4.001509
Step 33600: train_loss = 4.079191, train_acc = 0.125000, train ppl = 3.895143
Step 33700: train_loss = 3.962042, train_acc = 0.312500, train ppl = 3.745970
==== Finshed epoch 30 ====
Evaluating model...
Epoch 30: validation accuracy = 0.155500 -- validation perplexity = 3.933209
Epoch 30: test accuracy: 0.136500
---- Qualitative Analysis
Context: how do you go from the bathroom to the hallway ? the bathroom is north of the office . the bathroom is south of the kitchen . the bedroom is east of the bathroom . the hallway is north of the kitchen . the hallway is south of the garden . how do you go from the bathroom to the hallway ?
Question: how do you go from the bathroom to the hallway ?
Answer: n n </s>
Model prediction: n </s>
=========================
Step 33800: train_loss = 4.293719, train_acc = 0.000000, train ppl = 4.183882
Step 33900: train_loss = 3.928389, train_acc = 0.250000, train ppl = 3.704184
Step 34000: train_loss = 4.176375, train_acc = 0.125000, train ppl = 4.023391
Step 34100: train_loss = 4.053968, train_acc = 0.125000, train ppl = 3.862531
Step 34200: train_loss = 3.969074, train_acc = 0.312500, train ppl = 3.754761
Step 34300: train_loss = 4.062311, train_acc = 0.125000, train ppl = 3.873287
Step 34400: train_loss = 3.780044, train_acc = 0.250000, train ppl = 3.525473
Step 34500: train_loss = 4.110893, train_acc = 0.187500, train ppl = 3.936522
Step 34600: train_loss = 4.155736, train_acc = 0.187500, train ppl = 3.995806
Step 34700: train_loss = 4.112869, train_acc = 0.062500, train ppl = 3.939116
Step 34800: train_loss = 3.958283, train_acc = 0.187500, train ppl = 3.741280
==== Finshed epoch 31 ====
Evaluating model...
Epoch 31: validation accuracy = 0.150000 -- validation perplexity = 3.951144
Epoch 31: test accuracy: 0.145500
---- Qualitative Analysis
Context: how do you go from the bedroom to the hallway ? the hallway is north of the kitchen . the office is south of the kitchen . the hallway is west of the garden . the hallway is south of the bathroom . the bedroom is west of the kitchen . how do you go from the bedroom to the hallway ?
Question: how do you go from the bedroom to the hallway ?
Answer: e n </s>
Model prediction: w </s>
=========================
Step 34900: train_loss = 4.140309, train_acc = 0.062500, train ppl = 3.975312
Step 35000: train_loss = 3.997849, train_acc = 0.250000, train ppl = 3.790949
Step 35100: train_loss = 2.750561, train_acc = 0.312500, train ppl = 2.501408
Step 35200: train_loss = 2.583328, train_acc = 0.312500, train ppl = 2.365783
Step 35300: train_loss = 2.643983, train_acc = 0.312500, train ppl = 2.414103
Step 35400: train_loss = 2.857270, train_acc = 0.312500, train ppl = 2.591984
Step 35500: train_loss = 2.612656, train_acc = 0.437500, train ppl = 2.389025
Step 35600: train_loss = 2.742000, train_acc = 0.250000, train ppl = 2.494279
Step 35700: train_loss = 2.653839, train_acc = 0.312500, train ppl = 2.422047
Step 35800: train_loss = 2.650741, train_acc = 0.437500, train ppl = 2.419547
Step 35900: train_loss = 2.674437, train_acc = 0.312500, train ppl = 2.438734
Step 36000: train_loss = 2.587459, train_acc = 0.375000, train ppl = 2.369043
==== Finshed epoch 32 ====
Evaluating model...
Epoch 32: validation accuracy = 0.312000 -- validation perplexity = 2.456394
Epoch 32: test accuracy: 0.301500
---- Qualitative Analysis
Context: how do you go from the office to the bathroom ? the bathroom is east of the kitchen . the garden is north of the kitchen . the hallway is west of the kitchen . the kitchen is north of the office . the bedroom is south of the bathroom . how do you go from the office to the bathroom ?
Question: how do you go from the office to the bathroom ?
Answer: n e </s>
Model prediction: w w </s>
=========================
Model checkpoint saved in models/dummy/best_model.ckpt
Step 36100: train_loss = 2.515125, train_acc = 0.437500, train ppl = 2.312606
Step 36200: train_loss = 2.538425, train_acc = 0.500000, train ppl = 2.330637
Step 36300: train_loss = 2.416286, train_acc = 0.375000, train ppl = 2.237656
Step 36400: train_loss = 2.602325, train_acc = 0.437500, train ppl = 2.380812
Step 36500: train_loss = 2.664964, train_acc = 0.437500, train ppl = 2.431045
Step 36600: train_loss = 2.814173, train_acc = 0.250000, train ppl = 2.555014
Step 36700: train_loss = 2.804098, train_acc = 0.187500, train ppl = 2.546448
Step 36800: train_loss = 2.539945, train_acc = 0.500000, train ppl = 2.331819
Step 36900: train_loss = 2.747814, train_acc = 0.312500, train ppl = 2.499119
Step 37000: train_loss = 2.841465, train_acc = 0.250000, train ppl = 2.578364
Step 37100: train_loss = 2.616449, train_acc = 0.437500, train ppl = 2.392048
==== Finshed epoch 33 ====
Evaluating model...
Epoch 33: validation accuracy = 0.317500 -- validation perplexity = 2.460463
Epoch 33: test accuracy: 0.306000
---- Qualitative Analysis
Context: how do you go from the bathroom to the hallway ? the hallway is east of the office . the kitchen is north of the office . the garden is south of the hallway . the bedroom is west of the bathroom . the office is north of the bathroom . how do you go from the bathroom to the hallway ?
Question: how do you go from the bathroom to the hallway ?
Answer: n e </s>
Model prediction: e e </s>
=========================
Model checkpoint saved in models/dummy/best_model.ckpt
Step 37200: train_loss = 2.586003, train_acc = 0.250000, train ppl = 2.367894
Step 37300: train_loss = 2.632582, train_acc = 0.312500, train ppl = 2.404946
Step 37400: train_loss = 2.932357, train_acc = 0.125000, train ppl = 2.657677
Step 37500: train_loss = 2.597891, train_acc = 0.375000, train ppl = 2.377296
Step 37600: train_loss = 2.637988, train_acc = 0.437500, train ppl = 2.409283
Step 37700: train_loss = 2.718505, train_acc = 0.250000, train ppl = 2.474822
Step 37800: train_loss = 2.666739, train_acc = 0.250000, train ppl = 2.432484
Step 37900: train_loss = 2.596742, train_acc = 0.437500, train ppl = 2.376385
Step 38000: train_loss = 2.814405, train_acc = 0.312500, train ppl = 2.555212
Step 38100: train_loss = 2.638977, train_acc = 0.312500, train ppl = 2.410078
Step 38200: train_loss = 2.490708, train_acc = 0.562500, train ppl = 2.293860
==== Finshed epoch 34 ====
Evaluating model...
Epoch 34: validation accuracy = 0.319000 -- validation perplexity = 2.453841
Epoch 34: test accuracy: 0.300000
---- Qualitative Analysis
Context: how do you go from the bathroom to the hallway ? the office is east of the kitchen . the hallway is north of the bedroom . the garden is east of the hallway . the hallway is south of the kitchen . the bathroom is west of the kitchen . how do you go from the bathroom to the hallway ?
Question: how do you go from the bathroom to the hallway ?
Answer: e s </s>
Model prediction: s s </s>
=========================
Model checkpoint saved in models/dummy/best_model.ckpt
Step 38300: train_loss = 2.725199, train_acc = 0.062500, train ppl = 2.480350
Step 38400: train_loss = 2.675426, train_acc = 0.250000, train ppl = 2.439538
Step 38500: train_loss = 2.651716, train_acc = 0.437500, train ppl = 2.420333
Step 38600: train_loss = 2.546600, train_acc = 0.437500, train ppl = 2.336997
Step 38700: train_loss = 2.753098, train_acc = 0.437500, train ppl = 2.503524
Step 38800: train_loss = 2.765669, train_acc = 0.250000, train ppl = 2.514037
Step 38900: train_loss = 2.734445, train_acc = 0.250000, train ppl = 2.488006
Step 39000: train_loss = 2.785462, train_acc = 0.312500, train ppl = 2.530678
Step 39100: train_loss = 2.481480, train_acc = 0.250000, train ppl = 2.286815
Step 39200: train_loss = 2.435360, train_acc = 0.375000, train ppl = 2.251928
Step 39300: train_loss = 2.686338, train_acc = 0.312500, train ppl = 2.448427
==== Finshed epoch 35 ====
Evaluating model...
Epoch 35: validation accuracy = 0.307500 -- validation perplexity = 2.442503
Epoch 35: test accuracy: 0.308500
---- Qualitative Analysis
Context: how do you go from the office to the bathroom ? the garden is north of the office . the hallway is south of the kitchen . the bathroom is east of the kitchen . the bedroom is south of the bathroom . the kitchen is east of the office . how do you go from the office to the bathroom ?
Question: how do you go from the office to the bathroom ?
Answer: e e </s>
Model prediction: w w </s>
=========================
Step 39400: train_loss = 2.424770, train_acc = 0.375000, train ppl = 2.243993
Step 39500: train_loss = 2.854787, train_acc = 0.375000, train ppl = 2.589839
Step 39600: train_loss = 2.747441, train_acc = 0.250000, train ppl = 2.498807
Step 39700: train_loss = 2.673626, train_acc = 0.187500, train ppl = 2.438075
Step 39800: train_loss = 2.674531, train_acc = 0.375000, train ppl = 2.438810
Step 39900: train_loss = 2.678751, train_acc = 0.125000, train ppl = 2.442243
Step 40000: train_loss = 2.633786, train_acc = 0.312500, train ppl = 2.405911
Step 40100: train_loss = 2.686614, train_acc = 0.250000, train ppl = 2.448653
Step 40200: train_loss = 2.499522, train_acc = 0.375000, train ppl = 2.300609
Step 40300: train_loss = 2.681377, train_acc = 0.187500, train ppl = 2.444382
Step 40400: train_loss = 2.430686, train_acc = 0.437500, train ppl = 2.248422
Step 40500: train_loss = 2.721147, train_acc = 0.250000, train ppl = 2.477002
==== Finshed epoch 36 ====
Evaluating model...
Epoch 36: validation accuracy = 0.306000 -- validation perplexity = 2.437111
Epoch 36: test accuracy: 0.305500
---- Qualitative Analysis
Context: how do you go from the garden to the bathroom ? the office is north of the bathroom . the kitchen is north of the garden . the bedroom is west of the garden . the hallway is south of the bathroom . the kitchen is east of the bathroom . how do you go from the garden to the bathroom ?
Question: how do you go from the garden to the bathroom ?
Answer: n w </s>
Model prediction: w w </s>
=========================
Step 40600: train_loss = 2.631567, train_acc = 0.187500, train ppl = 2.404132
Step 40700: train_loss = 2.642063, train_acc = 0.125000, train ppl = 2.412558
Step 40800: train_loss = 2.447611, train_acc = 0.375000, train ppl = 2.261143
Step 40900: train_loss = 2.625962, train_acc = 0.500000, train ppl = 2.399645
Step 41000: train_loss = 2.886559, train_acc = 0.187500, train ppl = 2.617413
Step 41100: train_loss = 2.671862, train_acc = 0.250000, train ppl = 2.436641
Step 41200: train_loss = 2.816889, train_acc = 0.250000, train ppl = 2.557328
Step 41300: train_loss = 2.581908, train_acc = 0.250000, train ppl = 2.364665
Step 41400: train_loss = 2.714819, train_acc = 0.312500, train ppl = 2.471783
Step 41500: train_loss = 2.557370, train_acc = 0.562500, train ppl = 2.345402
Step 41600: train_loss = 2.425249, train_acc = 0.312500, train ppl = 2.244351
==== Finshed epoch 37 ====
Evaluating model...
Epoch 37: validation accuracy = 0.306000 -- validation perplexity = 2.441338
Epoch 37: test accuracy: 0.303500
---- Qualitative Analysis
Context: how do you go from the bedroom to the hallway ? the garden is west of the hallway . the bathroom is east of the kitchen . the office is north of the kitchen . the bedroom is south of the kitchen . the hallway is west of the kitchen . how do you go from the bedroom to the hallway ?
Question: how do you go from the bedroom to the hallway ?
Answer: n w </s>
Model prediction: w w </s>
=========================
Step 41700: train_loss = 2.592469, train_acc = 0.375000, train ppl = 2.373003
Step 41800: train_loss = 2.980261, train_acc = 0.125000, train ppl = 2.700455
Step 41900: train_loss = 2.665203, train_acc = 0.312500, train ppl = 2.431239
Step 42000: train_loss = 2.512688, train_acc = 0.500000, train ppl = 2.310728
Step 42100: train_loss = 2.407753, train_acc = 0.250000, train ppl = 2.231300
Step 42200: train_loss = 2.799399, train_acc = 0.312500, train ppl = 2.542462
Step 42300: train_loss = 2.836112, train_acc = 0.437500, train ppl = 2.573767
Step 42400: train_loss = 2.525851, train_acc = 0.437500, train ppl = 2.320889
Step 42500: train_loss = 2.877140, train_acc = 0.250000, train ppl = 2.609208
Step 42600: train_loss = 2.515154, train_acc = 0.312500, train ppl = 2.312628
Step 42700: train_loss = 2.695675, train_acc = 0.312500, train ppl = 2.456060
==== Finshed epoch 38 ====
Evaluating model...
Epoch 38: validation accuracy = 0.326500 -- validation perplexity = 2.443367
Epoch 38: test accuracy: 0.304500
---- Qualitative Analysis
Context: how do you go from the bedroom to the kitchen ? the bedroom is east of the hallway . the office is west of the kitchen . the bathroom is east of the garden . the bedroom is west of the garden . the kitchen is north of the garden . how do you go from the bedroom to the kitchen ?
Question: how do you go from the bedroom to the kitchen ?
Answer: e n </s>
Model prediction: w w </s>
=========================
Model checkpoint saved in models/dummy/best_model.ckpt
Step 42800: train_loss = 2.578632, train_acc = 0.500000, train ppl = 2.362084
Step 42900: train_loss = 2.608884, train_acc = 0.437500, train ppl = 2.386023
Step 43000: train_loss = 2.908821, train_acc = 0.062500, train ppl = 2.636908
Step 43100: train_loss = 2.605588, train_acc = 0.250000, train ppl = 2.383404
Step 43200: train_loss = 2.790350, train_acc = 0.250000, train ppl = 2.534805
Step 43300: train_loss = 2.102883, train_acc = 0.562500, train ppl = 2.015689
Step 43400: train_loss = 2.561026, train_acc = 0.312500, train ppl = 2.348262
Step 43500: train_loss = 2.476224, train_acc = 0.437500, train ppl = 2.282812
Step 43600: train_loss = 2.588058, train_acc = 0.312500, train ppl = 2.369516
Step 43700: train_loss = 2.360284, train_acc = 0.562500, train ppl = 2.196272
Step 43800: train_loss = 2.649746, train_acc = 0.375000, train ppl = 2.418745
==== Finshed epoch 39 ====
Evaluating model...
Epoch 39: validation accuracy = 0.319000 -- validation perplexity = 2.432807
Epoch 39: test accuracy: 0.305000
---- Qualitative Analysis
Context: how do you go from the office to the bathroom ? the garden is south of the office . the bedroom is north of the office . the office is east of the kitchen . the hallway is north of the bathroom . the bathroom is north of the kitchen . how do you go from the office to the bathroom ?
Question: how do you go from the office to the bathroom ?
Answer: w n </s>
Model prediction: e e </s>
=========================
Step 43900: train_loss = 2.489494, train_acc = 0.375000, train ppl = 2.292932
Step 44000: train_loss = 2.729360, train_acc = 0.375000, train ppl = 2.483793
Step 44100: train_loss = 2.837471, train_acc = 0.375000, train ppl = 2.574933
Step 44200: train_loss = 2.640642, train_acc = 0.187500, train ppl = 2.411416
Step 44300: train_loss = 2.792531, train_acc = 0.312500, train ppl = 2.536648
Step 44400: train_loss = 2.307074, train_acc = 0.687500, train ppl = 2.157661
Step 44500: train_loss = 2.663842, train_acc = 0.312500, train ppl = 2.430136
Step 44600: train_loss = 2.701355, train_acc = 0.250000, train ppl = 2.460715
Step 44700: train_loss = 2.607450, train_acc = 0.500000, train ppl = 2.384883
Step 44800: train_loss = 2.437581, train_acc = 0.500000, train ppl = 2.253595
Step 44900: train_loss = 2.638360, train_acc = 0.562500, train ppl = 2.409582
Step 45000: train_loss = 2.330388, train_acc = 0.500000, train ppl = 2.174494
==== Finshed epoch 40 ====
Evaluating model...
Epoch 40: validation accuracy = 0.312000 -- validation perplexity = 2.432601
Epoch 40: test accuracy: 0.291500
---- Qualitative Analysis
Context: how do you go from the hallway to the bathroom ? the bedroom is north of the office . the office is west of the hallway . the garden is west of the bathroom . the kitchen is north of the hallway . the office is north of the bathroom . how do you go from the hallway to the bathroom ?
Question: how do you go from the hallway to the bathroom ?
Answer: w s </s>
Model prediction: s s </s>
=========================
Step 45100: train_loss = 2.807742, train_acc = 0.437500, train ppl = 2.549543
Step 45200: train_loss = 2.692170, train_acc = 0.375000, train ppl = 2.453192
Step 45300: train_loss = 2.971114, train_acc = 0.062500, train ppl = 2.692234
Step 45400: train_loss = 2.638512, train_acc = 0.437500, train ppl = 2.409704
Step 45500: train_loss = 2.296175, train_acc = 0.625000, train ppl = 2.149837
Step 45600: train_loss = 2.721677, train_acc = 0.375000, train ppl = 2.477440
Step 45700: train_loss = 2.653127, train_acc = 0.187500, train ppl = 2.421472
Step 45800: train_loss = 2.541063, train_acc = 0.500000, train ppl = 2.332687
Step 45900: train_loss = 2.690033, train_acc = 0.375000, train ppl = 2.451445
Step 46000: train_loss = 3.001191, train_acc = 0.312500, train ppl = 2.719362
Step 46100: train_loss = 2.899241, train_acc = 0.250000, train ppl = 2.628501
==== Finshed epoch 41 ====
Evaluating model...
Epoch 41: validation accuracy = 0.302500 -- validation perplexity = 2.442081
Epoch 41: test accuracy: 0.302500
---- Qualitative Analysis
Context: how do you go from the hallway to the bathroom ? the bedroom is south of the hallway . the office is west of the bedroom . the garden is south of the bathroom . the hallway is east of the kitchen . the bedroom is west of the bathroom . how do you go from the hallway to the bathroom ?
Question: how do you go from the hallway to the bathroom ?
Answer: s e </s>
Model prediction: w w </s>
=========================
Step 46200: train_loss = 2.480016, train_acc = 0.500000, train ppl = 2.285699
Step 46300: train_loss = 2.242274, train_acc = 0.500000, train ppl = 2.111555
Step 46400: train_loss = 2.476654, train_acc = 0.500000, train ppl = 2.283139
Step 46500: train_loss = 2.483688, train_acc = 0.500000, train ppl = 2.288499
Step 46600: train_loss = 2.518466, train_acc = 0.625000, train ppl = 2.315183
Step 46700: train_loss = 2.721991, train_acc = 0.062500, train ppl = 2.477699
Step 46800: train_loss = 2.545531, train_acc = 0.437500, train ppl = 2.336164
Step 46900: train_loss = 2.583752, train_acc = 0.437500, train ppl = 2.366118
Step 47000: train_loss = 2.633276, train_acc = 0.500000, train ppl = 2.405502
Step 47100: train_loss = 2.709871, train_acc = 0.312500, train ppl = 2.467709
Step 47200: train_loss = 2.322800, train_acc = 0.500000, train ppl = 2.169001
==== Finshed epoch 42 ====
Evaluating model...
Epoch 42: validation accuracy = 0.323500 -- validation perplexity = 2.428880
Epoch 42: test accuracy: 0.286000
---- Qualitative Analysis
Context: how do you go from the hallway to the bedroom ? the garden is north of the hallway . the bedroom is north of the kitchen . the office is west of the bedroom . the bathroom is west of the hallway . the kitchen is east of the hallway . how do you go from the hallway to the bedroom ?
Question: how do you go from the hallway to the bedroom ?
Answer: e n </s>
Model prediction: w w </s>
=========================
Step 47300: train_loss = 2.646171, train_acc = 0.437500, train ppl = 2.415864
Step 47400: train_loss = 2.686379, train_acc = 0.312500, train ppl = 2.448461
Step 47500: train_loss = 2.410079, train_acc = 0.500000, train ppl = 2.233031
Step 47600: train_loss = 2.820094, train_acc = 0.437500, train ppl = 2.560062
Step 47700: train_loss = 2.599914, train_acc = 0.500000, train ppl = 2.378899
Step 47800: train_loss = 2.432996, train_acc = 0.500000, train ppl = 2.250154
Step 47900: train_loss = 2.474867, train_acc = 0.687500, train ppl = 2.281780
Step 48000: train_loss = 2.634215, train_acc = 0.500000, train ppl = 2.406255
Step 48100: train_loss = 2.546832, train_acc = 0.375000, train ppl = 2.337177
Step 48200: train_loss = 2.790771, train_acc = 0.250000, train ppl = 2.535161
Step 48300: train_loss = 2.577877, train_acc = 0.437500, train ppl = 2.361489
==== Finshed epoch 43 ====
Evaluating model...
Epoch 43: validation accuracy = 0.320500 -- validation perplexity = 2.452754
Epoch 43: test accuracy: 0.300500
---- Qualitative Analysis
Context: how do you go from the garden to the hallway ? the kitchen is west of the garden . the bedroom is north of the hallway . the garden is south of the office . the office is south of the hallway . the bathroom is east of the hallway . how do you go from the garden to the hallway ?
Question: how do you go from the garden to the hallway ?
Answer: n n </s>
Model prediction: s s </s>
=========================
Step 48400: train_loss = 2.379700, train_acc = 0.500000, train ppl = 2.210532
Step 48500: train_loss = 2.356852, train_acc = 0.562500, train ppl = 2.193760
Step 48600: train_loss = 2.638376, train_acc = 0.500000, train ppl = 2.409595
Step 48700: train_loss = 2.625981, train_acc = 0.500000, train ppl = 2.399660
Step 48800: train_loss = 2.329814, train_acc = 0.500000, train ppl = 2.174078
Step 48900: train_loss = 2.267276, train_acc = 0.562500, train ppl = 2.129226
Step 49000: train_loss = 2.506211, train_acc = 0.187500, train ppl = 2.305745
Step 49100: train_loss = 2.930631, train_acc = 0.125000, train ppl = 2.656148
Step 49200: train_loss = 2.126700, train_acc = 0.312500, train ppl = 2.031755
Step 49300: train_loss = 2.663212, train_acc = 0.312500, train ppl = 2.429626
Step 49400: train_loss = 2.605463, train_acc = 0.375000, train ppl = 2.383303
Step 49500: train_loss = 2.747127, train_acc = 0.500000, train ppl = 2.498546
==== Finshed epoch 44 ====
Evaluating model...
Epoch 44: validation accuracy = 0.317500 -- validation perplexity = 2.448503
Epoch 44: test accuracy: 0.294500
---- Qualitative Analysis
Context: how do you go from the bathroom to the kitchen ? the garden is south of the office . the bedroom is south of the bathroom . the kitchen is east of the hallway . the office is south of the kitchen . the office is west of the bathroom . how do you go from the bathroom to the kitchen ?
Question: how do you go from the bathroom to the kitchen ?
Answer: w n </s>
Model prediction: n n </s>
=========================
Step 49600: train_loss = 2.508482, train_acc = 0.437500, train ppl = 2.307491
Step 49700: train_loss = 2.452515, train_acc = 0.500000, train ppl = 2.264842
Step 49800: train_loss = 2.531252, train_acc = 0.250000, train ppl = 2.325071
Step 49900: train_loss = 2.699412, train_acc = 0.312500, train ppl = 2.459121
Step 50000: train_loss = 2.441755, train_acc = 0.500000, train ppl = 2.256733
Step 50100: train_loss = 2.695396, train_acc = 0.187500, train ppl = 2.455831
Step 50200: train_loss = 2.461146, train_acc = 0.375000, train ppl = 2.271368
Step 50300: train_loss = 2.630716, train_acc = 0.250000, train ppl = 2.403450
Step 50400: train_loss = 2.833444, train_acc = 0.250000, train ppl = 2.571480
Step 50500: train_loss = 2.650877, train_acc = 0.125000, train ppl = 2.419656
Step 50600: train_loss = 2.447735, train_acc = 0.250000, train ppl = 2.261236
==== Finshed epoch 45 ====
Evaluating model...
Epoch 45: validation accuracy = 0.324500 -- validation perplexity = 2.434061
Epoch 45: test accuracy: 0.306500
---- Qualitative Analysis
Context: how do you go from the bedroom to the office ? the bedroom is north of the garden . the office is north of the kitchen . the hallway is east of the office . the bathroom is east of the kitchen . the bedroom is west of the kitchen . how do you go from the bedroom to the office ?
Question: how do you go from the bedroom to the office ?
Answer: e n </s>
Model prediction: w w </s>
=========================
Step 50700: train_loss = 2.578240, train_acc = 0.312500, train ppl = 2.361775
Step 50800: train_loss = 2.641909, train_acc = 0.437500, train ppl = 2.412434
Step 50900: train_loss = 2.484105, train_acc = 0.312500, train ppl = 2.288816
Step 51000: train_loss = 2.922228, train_acc = 0.125000, train ppl = 2.648719
Step 51100: train_loss = 2.313243, train_acc = 0.500000, train ppl = 2.162102
Step 51200: train_loss = 2.671312, train_acc = 0.375000, train ppl = 2.436195
Step 51300: train_loss = 2.538492, train_acc = 0.312500, train ppl = 2.330689
Step 51400: train_loss = 2.491007, train_acc = 0.375000, train ppl = 2.294089
Step 51500: train_loss = 2.439281, train_acc = 0.437500, train ppl = 2.254873
Step 51600: train_loss = 2.152046, train_acc = 0.750000, train ppl = 2.048993
Step 51700: train_loss = 2.897056, train_acc = 0.187500, train ppl = 2.626587
==== Finshed epoch 46 ====
Evaluating model...
Epoch 46: validation accuracy = 0.333000 -- validation perplexity = 2.446114
Epoch 46: test accuracy: 0.306000
---- Qualitative Analysis
Context: how do you go from the office to the garden ? the hallway is south of the garden . the garden is west of the bathroom . the bathroom is west of the office . the garden is east of the kitchen . the office is north of the bedroom . how do you go from the office to the garden ?
Question: how do you go from the office to the garden ?
Answer: w w </s>
Model prediction: w w </s>
=========================
Model checkpoint saved in models/dummy/best_model.ckpt
Step 51800: train_loss = 2.312532, train_acc = 0.500000, train ppl = 2.161590
Step 51900: train_loss = 2.465367, train_acc = 0.375000, train ppl = 2.274566
Step 52000: train_loss = 2.802512, train_acc = 0.375000, train ppl = 2.545102
Step 52100: train_loss = 2.773905, train_acc = 0.375000, train ppl = 2.520948
Step 52200: train_loss = 2.584218, train_acc = 0.375000, train ppl = 2.366486
Step 52300: train_loss = 2.738466, train_acc = 0.375000, train ppl = 2.491343
Step 52400: train_loss = 2.576776, train_acc = 0.312500, train ppl = 2.360622
Step 52500: train_loss = 2.542986, train_acc = 0.500000, train ppl = 2.334183
Step 52600: train_loss = 2.373824, train_acc = 0.562500, train ppl = 2.206207
Step 52700: train_loss = 2.644357, train_acc = 0.250000, train ppl = 2.414404
Step 52800: train_loss = 2.048260, train_acc = 0.562500, train ppl = 1.979320
==== Finshed epoch 47 ====
Evaluating model...
Epoch 47: validation accuracy = 0.315000 -- validation perplexity = 2.455339
Epoch 47: test accuracy: 0.295500
---- Qualitative Analysis
Context: how do you go from the office to the garden ? the kitchen is south of the office . the bathroom is west of the bedroom . the garden is north of the bathroom . the hallway is west of the office . the office is south of the bathroom . how do you go from the office to the garden ?
Question: how do you go from the office to the garden ?
Answer: n n </s>
Model prediction: n n </s>
=========================
Step 52900: train_loss = 2.573437, train_acc = 0.375000, train ppl = 2.357997
Step 53000: train_loss = 2.348682, train_acc = 0.437500, train ppl = 2.187795
Step 53100: train_loss = 2.678348, train_acc = 0.312500, train ppl = 2.441915
Step 53200: train_loss = 2.632939, train_acc = 0.500000, train ppl = 2.405232
Step 53300: train_loss = 2.653747, train_acc = 0.437500, train ppl = 2.421973
Step 53400: train_loss = 2.626706, train_acc = 0.250000, train ppl = 2.400240
Step 53500: train_loss = 2.531702, train_acc = 0.437500, train ppl = 2.325420
Step 53600: train_loss = 2.665866, train_acc = 0.375000, train ppl = 2.431776
Step 53700: train_loss = 2.823899, train_acc = 0.312500, train ppl = 2.563311
Step 53800: train_loss = 2.512220, train_acc = 0.312500, train ppl = 2.310368
Step 53900: train_loss = 2.563134, train_acc = 0.187500, train ppl = 2.349912
Step 54000: train_loss = 2.524117, train_acc = 0.375000, train ppl = 2.319548
==== Finshed epoch 48 ====
Evaluating model...
Epoch 48: validation accuracy = 0.325000 -- validation perplexity = 2.443972
Epoch 48: test accuracy: 0.302500
---- Qualitative Analysis
Context: how do you go from the garden to the bathroom ? the bedroom is east of the garden . the kitchen is west of the hallway . the bathroom is west of the office . the kitchen is north of the garden . the bathroom is north of the kitchen . how do you go from the garden to the bathroom ?
Question: how do you go from the garden to the bathroom ?
Answer: n n </s>
Model prediction: s s </s>
=========================
Step 54100: train_loss = 2.926297, train_acc = 0.250000, train ppl = 2.652313
Step 54200: train_loss = 2.627342, train_acc = 0.500000, train ppl = 2.400749
Step 54300: train_loss = 2.530731, train_acc = 0.250000, train ppl = 2.324668
Step 54400: train_loss = 2.617527, train_acc = 0.250000, train ppl = 2.392907
Step 54500: train_loss = 2.716064, train_acc = 0.375000, train ppl = 2.472809
Step 54600: train_loss = 2.944329, train_acc = 0.187500, train ppl = 2.668304
Step 54700: train_loss = 2.438631, train_acc = 0.375000, train ppl = 2.254385
Step 54800: train_loss = 2.636281, train_acc = 0.375000, train ppl = 2.407913
Step 54900: train_loss = 2.615172, train_acc = 0.312500, train ppl = 2.391030
Step 55000: train_loss = 2.521452, train_acc = 0.312500, train ppl = 2.317489
Step 55100: train_loss = 2.693076, train_acc = 0.312500, train ppl = 2.453933
==== Finshed epoch 49 ====
Evaluating model...
Epoch 49: validation accuracy = 0.330000 -- validation perplexity = 2.447543
Epoch 49: test accuracy: 0.307500
---- Qualitative Analysis
Context: how do you go from the bathroom to the hallway ? the kitchen is south of the bedroom . the kitchen is east of the office . the bathroom is south of the kitchen . the hallway is north of the garden . the hallway is east of the kitchen . how do you go from the bathroom to the hallway ?
Question: how do you go from the bathroom to the hallway ?
Answer: n e </s>
Model prediction: n n </s>
=========================
Step 55200: train_loss = 2.270782, train_acc = 0.562500, train ppl = 2.131716
Step 55300: train_loss = 2.454680, train_acc = 0.437500, train ppl = 2.266477
Step 55400: train_loss = 2.311466, train_acc = 0.500000, train ppl = 2.160822
Step 55500: train_loss = 2.552803, train_acc = 0.375000, train ppl = 2.341834
Step 55600: train_loss = 2.286742, train_acc = 0.625000, train ppl = 2.143087
Step 55700: train_loss = 2.618701, train_acc = 0.437500, train ppl = 2.393844
Step 55800: train_loss = 2.744121, train_acc = 0.312500, train ppl = 2.496043
Step 55900: train_loss = 2.766222, train_acc = 0.437500, train ppl = 2.514500
Step 56000: train_loss = 2.446958, train_acc = 0.562500, train ppl = 2.260651
Step 56100: train_loss = 2.704443, train_acc = 0.500000, train ppl = 2.463249
Step 56200: train_loss = 2.359550, train_acc = 0.625000, train ppl = 2.195735
==== Finshed epoch 50 ====
Evaluating model...
Epoch 50: validation accuracy = 0.316000 -- validation perplexity = 2.440655
Epoch 50: test accuracy: 0.302000
---- Qualitative Analysis
Context: how do you go from the garden to the bathroom ? the hallway is west of the garden . the office is east of the garden . the kitchen is south of the garden . the bathroom is west of the hallway . the hallway is north of the bedroom . how do you go from the garden to the bathroom ?
Question: how do you go from the garden to the bathroom ?
Answer: w w </s>
Model prediction: w w </s>
=========================
Best model (acc) at epoch 46 -- validation perplexity = 2.446114 -- validation accuracy = 0.333000 -- test accuracy = 0.306000
0.333
