model_dir:                models/dummy
dropout_keep_prob:        0.7
data_dir:                 data/en-10k
vocab:                    data/vocab.txt
merge_mode:               concat
cell_type:                gru
batch_size:               32
max_gradient_norm:        1.0
num_units:                32
restore_from_dir:         None
embedding_size:           256
num_epochs:               50
val_split:                0.1
learning_rate:            0.001
task:                     16
model_type:               attention
optimizer:                adam
num_enc_layers:           1
encoder_type:             bi
Loading data...
vocabulary size = 487
Building model...
Running initializers...
Creating summary writers...
Performing evaluation before training...
---- Qualitative Analysis
Context: what color is julius ? lily is a rhino . lily is white . bernhard is a swan . bernhard is yellow . greg is a swan . greg is white . brian is a swan . brian is green . julius is a rhino . what color is julius ?
Question: what color is julius ?
Answer: white </s>
Model prediction: two two two two two two two two two two
=========================
Step 100: train_loss = 2.781193, train_acc = 0.000000, train ppl = 4.017245
Step 200: train_loss = 2.783029, train_acc = 0.000000, train ppl = 4.020936
==== Finshed epoch 1 ====
Evaluating model...
Epoch 1: validation accuracy = 0.000000 -- validation perplexity = 4.021817
Epoch 1: test accuracy: 0.000000
---- Qualitative Analysis
Context: what color is julius ? brian is a rhino . brian is yellow . greg is a frog . greg is gray . lily is a rhino . bernhard is a swan . bernhard is yellow . lily is gray . julius is a swan . what color is julius ?
Question: what color is julius ?
Answer: yellow </s>
Model prediction: </s>
=========================
Model checkpoint saved in models/dummy/best_model.ckpt
Step 300: train_loss = 2.801231, train_acc = 0.000000, train ppl = 4.057697
Step 400: train_loss = 2.784008, train_acc = 0.000000, train ppl = 4.022904
Step 500: train_loss = 2.757699, train_acc = 0.000000, train ppl = 3.970331
==== Finshed epoch 2 ====
Evaluating model...
Epoch 2: validation accuracy = 0.000000 -- validation perplexity = 4.012313
Epoch 2: test accuracy: 0.000000
---- Qualitative Analysis
Context: what color is julius ? brian is a lion . brian is white . greg is a frog . julius is a lion . bernhard is a frog . bernhard is yellow . greg is yellow . lily is a frog . lily is gray . what color is julius ?
Question: what color is julius ?
Answer: white </s>
Model prediction: </s>
=========================
Step 600: train_loss = 2.784456, train_acc = 0.000000, train ppl = 4.023806
Step 700: train_loss = 2.775802, train_acc = 0.000000, train ppl = 4.006431
Step 800: train_loss = 2.780718, train_acc = 0.000000, train ppl = 4.016291
==== Finshed epoch 3 ====
Evaluating model...
Epoch 3: validation accuracy = 0.000000 -- validation perplexity = 4.002041
Epoch 3: test accuracy: 0.000000
---- Qualitative Analysis
Context: what color is greg ? brian is a swan . lily is a swan . greg is a lion . brian is green . bernhard is a lion . julius is a rhino . julius is yellow . lily is green . bernhard is white . what color is greg ?
Question: what color is greg ?
Answer: white </s>
Model prediction: </s>
=========================
Step 900: train_loss = 2.802944, train_acc = 0.000000, train ppl = 4.061174
Step 1000: train_loss = 2.748765, train_acc = 0.000000, train ppl = 3.952636
Step 1100: train_loss = 2.712391, train_acc = 0.000000, train ppl = 3.881399
==== Finshed epoch 4 ====
Evaluating model...
Epoch 4: validation accuracy = 0.000000 -- validation perplexity = 3.875987
Epoch 4: test accuracy: 0.000000
---- Qualitative Analysis
Context: what color is lily ? bernhard is a frog . bernhard is green . julius is a frog . brian is a swan . julius is gray . lily is a swan . brian is yellow . greg is a rhino . greg is green . what color is lily ?
Question: what color is lily ?
Answer: yellow </s>
Model prediction: </s>
=========================
Step 1200: train_loss = 2.617064, train_acc = 0.000000, train ppl = 3.700736
Step 1300: train_loss = 2.525744, train_acc = 0.000000, train ppl = 3.535562
Step 1400: train_loss = 2.436593, train_acc = 0.000000, train ppl = 3.381423
==== Finshed epoch 5 ====
Evaluating model...
Epoch 5: validation accuracy = 0.000000 -- validation perplexity = 3.367300
Epoch 5: test accuracy: 0.000000
---- Qualitative Analysis
Context: what color is brian ? brian is a swan . greg is a frog . julius is a frog . greg is yellow . julius is yellow . bernhard is a rhino . lily is a swan . lily is white . bernhard is white . what color is brian ?
Question: what color is brian ?
Answer: white </s>
Model prediction: </s>
=========================
Step 1500: train_loss = 2.332090, train_acc = 0.000000, train ppl = 3.209275
Step 1600: train_loss = 2.374522, train_acc = 0.000000, train ppl = 3.278090
==== Finshed epoch 6 ====
Evaluating model...
Epoch 6: validation accuracy = 0.025000 -- validation perplexity = 3.208514
Epoch 6: test accuracy: 0.022000
---- Qualitative Analysis
Context: what color is greg ? bernhard is a rhino . lily is a swan . julius is a swan . lily is white . greg is a rhino . julius is white . brian is a lion . bernhard is gray . brian is yellow . what color is greg ?
Question: what color is greg ?
Answer: gray </s>
Model prediction: </s> <unk> <unk> <unk> <unk> <unk> <unk> <unk> <unk> <unk>
=========================
Model checkpoint saved in models/dummy/best_model.ckpt
Step 1700: train_loss = 2.307534, train_acc = 0.000000, train ppl = 3.170113
Step 1800: train_loss = 2.126673, train_acc = 0.000000, train ppl = 2.896017
Step 1900: train_loss = 2.358073, train_acc = 0.000000, train ppl = 3.251240
==== Finshed epoch 7 ====
Evaluating model...
Epoch 7: validation accuracy = 0.004000 -- validation perplexity = 3.158932
Epoch 7: test accuracy: 0.001000
---- Qualitative Analysis
Context: what color is brian ? greg is a frog . julius is a rhino . julius is gray . lily is a swan . bernhard is a lion . brian is a lion . greg is yellow . lily is green . bernhard is green . what color is brian ?
Question: what color is brian ?
Answer: green </s>
Model prediction: </s> <unk> <unk> <unk> <unk> <unk> <unk> <unk> <unk> <unk>
=========================
Step 2000: train_loss = 2.310896, train_acc = 0.000000, train ppl = 3.175446
Step 2100: train_loss = 2.265341, train_acc = 0.000000, train ppl = 3.103934
Step 2200: train_loss = 0.911278, train_acc = 0.500000, train ppl = 1.577181
==== Finshed epoch 8 ====
Evaluating model...
Epoch 8: validation accuracy = 0.441000 -- validation perplexity = 1.591484
Epoch 8: test accuracy: 0.474000
---- Qualitative Analysis
Context: what color is lily ? bernhard is a swan . brian is a frog . julius is a lion . brian is yellow . julius is green . bernhard is yellow . greg is a rhino . lily is a rhino . greg is gray . what color is lily ?
Question: what color is lily ?
Answer: gray </s>
Model prediction: green </s>
=========================
Model checkpoint saved in models/dummy/best_model.ckpt
Step 2300: train_loss = 0.928620, train_acc = 0.406250, train ppl = 1.590916
Step 2400: train_loss = 0.898916, train_acc = 0.437500, train ppl = 1.567462
Step 2500: train_loss = 0.926847, train_acc = 0.375000, train ppl = 1.589507
==== Finshed epoch 9 ====
Evaluating model...
Epoch 9: validation accuracy = 0.458000 -- validation perplexity = 1.567995
Epoch 9: test accuracy: 0.447000
---- Qualitative Analysis
Context: what color is greg ? lily is a frog . julius is a frog . lily is white . julius is white . bernhard is a lion . brian is a rhino . bernhard is green . greg is a rhino . brian is gray . what color is greg ?
Question: what color is greg ?
Answer: gray </s>
Model prediction: gray </s>
=========================
Model checkpoint saved in models/dummy/best_model.ckpt
Step 2600: train_loss = 0.809162, train_acc = 0.562500, train ppl = 1.498674
Step 2700: train_loss = 0.884730, train_acc = 0.437500, train ppl = 1.556384
Step 2800: train_loss = 0.960661, train_acc = 0.406250, train ppl = 1.616609
==== Finshed epoch 10 ====
Evaluating model...
Epoch 10: validation accuracy = 0.463000 -- validation perplexity = 1.562690
Epoch 10: test accuracy: 0.480000
---- Qualitative Analysis
Context: what color is lily ? greg is a frog . julius is a lion . greg is yellow . julius is white . bernhard is a rhino . bernhard is gray . brian is a swan . lily is a lion . brian is white . what color is lily ?
Question: what color is lily ?
Answer: white </s>
Model prediction: white </s>
=========================
Model checkpoint saved in models/dummy/best_model.ckpt
Step 2900: train_loss = 0.818539, train_acc = 0.375000, train ppl = 1.505718
Step 3000: train_loss = 0.888000, train_acc = 0.531250, train ppl = 1.558931
Step 3100: train_loss = 0.831111, train_acc = 0.437500, train ppl = 1.515212
==== Finshed epoch 11 ====
Evaluating model...
Epoch 11: validation accuracy = 0.464000 -- validation perplexity = 1.562026
Epoch 11: test accuracy: 0.476000
---- Qualitative Analysis
Context: what color is lily ? brian is a frog . bernhard is a swan . lily is a swan . brian is white . julius is a lion . bernhard is yellow . julius is yellow . greg is a lion . greg is white . what color is lily ?
Question: what color is lily ?
Answer: yellow </s>
Model prediction: white </s>
=========================
Model checkpoint saved in models/dummy/best_model.ckpt
Step 3200: train_loss = 0.831101, train_acc = 0.562500, train ppl = 1.515205
Step 3300: train_loss = 0.932336, train_acc = 0.468750, train ppl = 1.593874
==== Finshed epoch 12 ====
Evaluating model...
Epoch 12: validation accuracy = 0.474000 -- validation perplexity = 1.557012
Epoch 12: test accuracy: 0.475000
---- Qualitative Analysis
Context: what color is brian ? julius is a swan . lily is a lion . lily is gray . greg is a swan . greg is green . bernhard is a frog . brian is a lion . bernhard is yellow . julius is green . what color is brian ?
Question: what color is brian ?
Answer: gray </s>
Model prediction: yellow </s>
=========================
Model checkpoint saved in models/dummy/best_model.ckpt
Step 3400: train_loss = 0.900083, train_acc = 0.312500, train ppl = 1.568377
Step 3500: train_loss = 0.879985, train_acc = 0.500000, train ppl = 1.552696
Step 3600: train_loss = 0.737295, train_acc = 0.562500, train ppl = 1.445778
==== Finshed epoch 13 ====
Evaluating model...
Epoch 13: validation accuracy = 0.463000 -- validation perplexity = 1.558455
Epoch 13: test accuracy: 0.485000
---- Qualitative Analysis
Context: what color is brian ? greg is a lion . lily is a lion . lily is yellow . julius is a lion . brian is a lion . greg is gray . julius is gray . bernhard is a frog . bernhard is white . what color is brian ?
Question: what color is brian ?
Answer: gray </s>
Model prediction: gray </s>
=========================
Step 3700: train_loss = 0.836559, train_acc = 0.500000, train ppl = 1.519346
Step 3800: train_loss = 0.844988, train_acc = 0.468750, train ppl = 1.525762
Step 3900: train_loss = 0.942968, train_acc = 0.437500, train ppl = 1.602370
==== Finshed epoch 14 ====
Evaluating model...
Epoch 14: validation accuracy = 0.464000 -- validation perplexity = 1.559032
Epoch 14: test accuracy: 0.492000
---- Qualitative Analysis
Context: what color is bernhard ? greg is a lion . lily is a frog . brian is a swan . lily is gray . brian is yellow . julius is a rhino . greg is white . julius is green . bernhard is a swan . what color is bernhard ?
Question: what color is bernhard ?
Answer: yellow </s>
Model prediction: gray </s>
=========================
Step 4000: train_loss = 0.876448, train_acc = 0.468750, train ppl = 1.549952
Step 4100: train_loss = 0.855124, train_acc = 0.562500, train ppl = 1.533514
Step 4200: train_loss = 0.889169, train_acc = 0.468750, train ppl = 1.559842
==== Finshed epoch 15 ====
Evaluating model...
Epoch 15: validation accuracy = 0.471000 -- validation perplexity = 1.558912
Epoch 15: test accuracy: 0.479000
---- Qualitative Analysis
Context: what color is brian ? lily is a frog . greg is a rhino . bernhard is a swan . greg is yellow . brian is a swan . bernhard is green . lily is yellow . julius is a lion . julius is gray . what color is brian ?
Question: what color is brian ?
Answer: green </s>
Model prediction: gray </s>
=========================
Step 4300: train_loss = 0.810980, train_acc = 0.500000, train ppl = 1.500037
Step 4400: train_loss = 0.984969, train_acc = 0.375000, train ppl = 1.636376
Step 4500: train_loss = 0.870490, train_acc = 0.468750, train ppl = 1.545341
==== Finshed epoch 16 ====
Evaluating model...
Epoch 16: validation accuracy = 0.477000 -- validation perplexity = 1.555545
Epoch 16: test accuracy: 0.487000
---- Qualitative Analysis
Context: what color is bernhard ? lily is a rhino . greg is a rhino . julius is a rhino . bernhard is a rhino . brian is a rhino . julius is gray . lily is gray . brian is gray . greg is gray . what color is bernhard ?
Question: what color is bernhard ?
Answer: gray </s>
Model prediction: gray </s>
=========================
Model checkpoint saved in models/dummy/best_model.ckpt
Step 4600: train_loss = 0.783354, train_acc = 0.625000, train ppl = 1.479460
Step 4700: train_loss = 0.976861, train_acc = 0.500000, train ppl = 1.629756
==== Finshed epoch 17 ====
Evaluating model...
Epoch 17: validation accuracy = 0.472000 -- validation perplexity = 1.558199
Epoch 17: test accuracy: 0.483000
---- Qualitative Analysis
Context: what color is julius ? bernhard is a swan . greg is a lion . bernhard is yellow . julius is a rhino . brian is a rhino . greg is white . lily is a lion . brian is white . lily is gray . what color is julius ?
Question: what color is julius ?
Answer: white </s>
Model prediction: white </s>
=========================
Step 4800: train_loss = 0.813984, train_acc = 0.593750, train ppl = 1.502292
Step 4900: train_loss = 0.860423, train_acc = 0.531250, train ppl = 1.537583
Step 5000: train_loss = 0.976547, train_acc = 0.375000, train ppl = 1.629500
==== Finshed epoch 18 ====
Evaluating model...
Epoch 18: validation accuracy = 0.465000 -- validation perplexity = 1.555913
Epoch 18: test accuracy: 0.498000
---- Qualitative Analysis
Context: what color is brian ? brian is a lion . lily is a swan . greg is a lion . julius is a swan . julius is gray . bernhard is a frog . bernhard is yellow . lily is gray . greg is gray . what color is brian ?
Question: what color is brian ?
Answer: gray </s>
Model prediction: yellow </s>
=========================
Step 5100: train_loss = 0.825445, train_acc = 0.375000, train ppl = 1.510926
Step 5200: train_loss = 0.887314, train_acc = 0.562500, train ppl = 1.558396
Step 5300: train_loss = 0.749317, train_acc = 0.593750, train ppl = 1.454495
==== Finshed epoch 19 ====
Evaluating model...
Epoch 19: validation accuracy = 0.485000 -- validation perplexity = 1.550285
Epoch 19: test accuracy: 0.480000
---- Qualitative Analysis
Context: what color is greg ? lily is a swan . greg is a frog . brian is a rhino . lily is green . julius is a swan . julius is white . brian is white . bernhard is a frog . bernhard is gray . what color is greg ?
Question: what color is greg ?
Answer: gray </s>
Model prediction: white </s>
=========================
Model checkpoint saved in models/dummy/best_model.ckpt
Step 5400: train_loss = 0.911559, train_acc = 0.406250, train ppl = 1.577402
Step 5500: train_loss = 0.874993, train_acc = 0.468750, train ppl = 1.548825
Step 5600: train_loss = 0.855673, train_acc = 0.437500, train ppl = 1.533936
==== Finshed epoch 20 ====
Evaluating model...
Epoch 20: validation accuracy = 0.485000 -- validation perplexity = 1.551605
Epoch 20: test accuracy: 0.482000
---- Qualitative Analysis
Context: what color is julius ? greg is a rhino . greg is white . brian is a frog . bernhard is a lion . bernhard is white . lily is a swan . brian is green . lily is white . julius is a frog . what color is julius ?
Question: what color is julius ?
Answer: green </s>
Model prediction: white </s>
=========================
Step 5700: train_loss = 0.929760, train_acc = 0.406250, train ppl = 1.591823
Step 5800: train_loss = 0.826545, train_acc = 0.375000, train ppl = 1.511757
Step 5900: train_loss = 0.771543, train_acc = 0.593750, train ppl = 1.470749
==== Finshed epoch 21 ====
Evaluating model...
Epoch 21: validation accuracy = 0.486000 -- validation perplexity = 1.550027
Epoch 21: test accuracy: 0.484000
---- Qualitative Analysis
Context: what color is lily ? bernhard is a swan . brian is a frog . bernhard is yellow . brian is yellow . greg is a rhino . julius is a lion . julius is gray . lily is a swan . greg is green . what color is lily ?
Question: what color is lily ?
Answer: yellow </s>
Model prediction: yellow </s>
=========================
Model checkpoint saved in models/dummy/best_model.ckpt
Step 6000: train_loss = 0.844911, train_acc = 0.562500, train ppl = 1.525703
Step 6100: train_loss = 0.928059, train_acc = 0.468750, train ppl = 1.590470
Step 6200: train_loss = 0.850733, train_acc = 0.468750, train ppl = 1.530151
==== Finshed epoch 22 ====
Evaluating model...
Epoch 22: validation accuracy = 0.479000 -- validation perplexity = 1.551354
Epoch 22: test accuracy: 0.505000
---- Qualitative Analysis
Context: what color is greg ? lily is a swan . julius is a swan . lily is yellow . julius is yellow . bernhard is a rhino . greg is a rhino . bernhard is yellow . brian is a lion . brian is yellow . what color is greg ?
Question: what color is greg ?
Answer: yellow </s>
Model prediction: yellow </s>
=========================
Step 6300: train_loss = 0.836309, train_acc = 0.437500, train ppl = 1.519155
Step 6400: train_loss = 0.951531, train_acc = 0.406250, train ppl = 1.609245
==== Finshed epoch 23 ====
Evaluating model...
Epoch 23: validation accuracy = 0.453000 -- validation perplexity = 1.562533
Epoch 23: test accuracy: 0.490000
---- Qualitative Analysis
Context: what color is greg ? lily is a lion . lily is white . greg is a frog . brian is a frog . julius is a swan . bernhard is a swan . brian is yellow . julius is gray . bernhard is gray . what color is greg ?
Question: what color is greg ?
Answer: yellow </s>
Model prediction: gray </s>
=========================
Step 6500: train_loss = 0.905229, train_acc = 0.500000, train ppl = 1.572418
Step 6600: train_loss = 0.936459, train_acc = 0.531250, train ppl = 1.597164
Step 6700: train_loss = 0.959857, train_acc = 0.343750, train ppl = 1.615958
==== Finshed epoch 24 ====
Evaluating model...
Epoch 24: validation accuracy = 0.476000 -- validation perplexity = 1.549827
Epoch 24: test accuracy: 0.504000
---- Qualitative Analysis
Context: what color is greg ? greg is a rhino . bernhard is a lion . brian is a rhino . lily is a lion . lily is white . julius is a swan . brian is yellow . julius is white . bernhard is white . what color is greg ?
Question: what color is greg ?
Answer: yellow </s>
Model prediction: white </s>
=========================
Step 6800: train_loss = 0.868038, train_acc = 0.500000, train ppl = 1.543448
Step 6900: train_loss = 0.957127, train_acc = 0.375000, train ppl = 1.613755
Step 7000: train_loss = 0.834638, train_acc = 0.437500, train ppl = 1.517887
==== Finshed epoch 25 ====
Evaluating model...
Epoch 25: validation accuracy = 0.481000 -- validation perplexity = 1.552835
Epoch 25: test accuracy: 0.494000
---- Qualitative Analysis
Context: what color is brian ? bernhard is a rhino . julius is a lion . lily is a swan . lily is yellow . bernhard is green . brian is a rhino . julius is white . greg is a lion . greg is gray . what color is brian ?
Question: what color is brian ?
Answer: green </s>
Model prediction: yellow </s>
=========================
Step 7100: train_loss = 0.799924, train_acc = 0.593750, train ppl = 1.491768
Step 7200: train_loss = 0.837328, train_acc = 0.625000, train ppl = 1.519930
Step 7300: train_loss = 0.713544, train_acc = 0.531250, train ppl = 1.428710
==== Finshed epoch 26 ====
Evaluating model...
Epoch 26: validation accuracy = 0.482000 -- validation perplexity = 1.554019
Epoch 26: test accuracy: 0.498000
---- Qualitative Analysis
Context: what color is brian ? greg is a swan . bernhard is a frog . bernhard is yellow . greg is yellow . julius is a frog . lily is a rhino . lily is white . brian is a rhino . julius is yellow . what color is brian ?
Question: what color is brian ?
Answer: white </s>
Model prediction: yellow </s>
=========================
Step 7400: train_loss = 0.985348, train_acc = 0.375000, train ppl = 1.636687
Step 7500: train_loss = 0.890231, train_acc = 0.500000, train ppl = 1.560670
Step 7600: train_loss = 0.866439, train_acc = 0.437500, train ppl = 1.542215
==== Finshed epoch 27 ====
Evaluating model...
Epoch 27: validation accuracy = 0.480000 -- validation perplexity = 1.552345
Epoch 27: test accuracy: 0.490000
---- Qualitative Analysis
Context: what color is bernhard ? lily is a lion . greg is a frog . greg is green . brian is a rhino . lily is green . brian is white . julius is a rhino . julius is yellow . bernhard is a lion . what color is bernhard ?
Question: what color is bernhard ?
Answer: green </s>
Model prediction: white </s>
=========================
Step 7700: train_loss = 0.818103, train_acc = 0.406250, train ppl = 1.505389
Step 7800: train_loss = 0.797757, train_acc = 0.625000, train ppl = 1.490153
==== Finshed epoch 28 ====
Evaluating model...
Epoch 28: validation accuracy = 0.465000 -- validation perplexity = 1.558952
Epoch 28: test accuracy: 0.489000
---- Qualitative Analysis
Context: what color is lily ? bernhard is a frog . bernhard is green . lily is a frog . brian is a rhino . brian is yellow . greg is a lion . julius is a rhino . julius is green . greg is gray . what color is lily ?
Question: what color is lily ?
Answer: green </s>
Model prediction: green </s>
=========================
Step 7900: train_loss = 0.863510, train_acc = 0.531250, train ppl = 1.539958
Step 8000: train_loss = 0.886016, train_acc = 0.500000, train ppl = 1.557385
Step 8100: train_loss = 0.869798, train_acc = 0.500000, train ppl = 1.544807
==== Finshed epoch 29 ====
Evaluating model...
Epoch 29: validation accuracy = 0.462000 -- validation perplexity = 1.553456
Epoch 29: test accuracy: 0.506000
---- Qualitative Analysis
Context: what color is greg ? lily is a rhino . lily is green . bernhard is a frog . brian is a lion . bernhard is white . julius is a lion . brian is gray . julius is gray . greg is a frog . what color is greg ?
Question: what color is greg ?
Answer: white </s>
Model prediction: gray </s>
=========================
Step 8200: train_loss = 0.866959, train_acc = 0.531250, train ppl = 1.542616
Step 8300: train_loss = 0.855757, train_acc = 0.656250, train ppl = 1.534000
Step 8400: train_loss = 0.941120, train_acc = 0.406250, train ppl = 1.600890
==== Finshed epoch 30 ====
Evaluating model...
Epoch 30: validation accuracy = 0.461000 -- validation perplexity = 1.558019
Epoch 30: test accuracy: 0.479000
---- Qualitative Analysis
Context: what color is greg ? brian is a frog . greg is a swan . julius is a swan . brian is gray . julius is gray . lily is a rhino . lily is gray . bernhard is a frog . bernhard is yellow . what color is greg ?
Question: what color is greg ?
Answer: gray </s>
Model prediction: gray </s>
=========================
Step 8500: train_loss = 0.935485, train_acc = 0.468750, train ppl = 1.596386
Step 8600: train_loss = 0.969098, train_acc = 0.468750, train ppl = 1.623443
Step 8700: train_loss = 0.856117, train_acc = 0.500000, train ppl = 1.534276
==== Finshed epoch 31 ====
Evaluating model...
Epoch 31: validation accuracy = 0.477000 -- validation perplexity = 1.551901
Epoch 31: test accuracy: 0.492000
---- Qualitative Analysis
Context: what color is lily ? bernhard is a frog . greg is a swan . brian is a swan . greg is yellow . brian is yellow . bernhard is yellow . julius is a lion . julius is white . lily is a frog . what color is lily ?
Question: what color is lily ?
Answer: yellow </s>
Model prediction: yellow </s>
=========================
Step 8800: train_loss = 0.903230, train_acc = 0.343750, train ppl = 1.570847
Step 8900: train_loss = 0.846179, train_acc = 0.593750, train ppl = 1.526671
Step 9000: train_loss = 0.804764, train_acc = 0.593750, train ppl = 1.495383
==== Finshed epoch 32 ====
Evaluating model...
Epoch 32: validation accuracy = 0.490000 -- validation perplexity = 1.551740
Epoch 32: test accuracy: 0.480000
---- Qualitative Analysis
Context: what color is bernhard ? lily is a frog . julius is a frog . greg is a rhino . lily is white . brian is a swan . julius is white . greg is gray . brian is gray . bernhard is a swan . what color is bernhard ?
Question: what color is bernhard ?
Answer: gray </s>
Model prediction: white </s>
=========================
Model checkpoint saved in models/dummy/best_model.ckpt
Step 9100: train_loss = 0.793049, train_acc = 0.656250, train ppl = 1.486649
Step 9200: train_loss = 0.754281, train_acc = 0.687500, train ppl = 1.458109
Step 9300: train_loss = 0.833724, train_acc = 0.593750, train ppl = 1.517193
==== Finshed epoch 33 ====
Evaluating model...
Epoch 33: validation accuracy = 0.459000 -- validation perplexity = 1.555333
Epoch 33: test accuracy: 0.474000
---- Qualitative Analysis
Context: what color is brian ? greg is a swan . bernhard is a frog . lily is a rhino . bernhard is white . julius is a lion . lily is green . greg is white . julius is yellow . brian is a frog . what color is brian ?
Question: what color is brian ?
Answer: white </s>
Model prediction: white </s>
=========================
Step 9400: train_loss = 0.867059, train_acc = 0.500000, train ppl = 1.542693
Step 9500: train_loss = 0.805913, train_acc = 0.593750, train ppl = 1.496242
==== Finshed epoch 34 ====
Evaluating model...
Epoch 34: validation accuracy = 0.479000 -- validation perplexity = 1.552593
Epoch 34: test accuracy: 0.499000
---- Qualitative Analysis
Context: what color is julius ? brian is a frog . lily is a frog . lily is gray . greg is a frog . greg is yellow . brian is yellow . bernhard is a frog . bernhard is yellow . julius is a frog . what color is julius ?
Question: what color is julius ?
Answer: yellow </s>
Model prediction: yellow </s>
=========================
Step 9600: train_loss = 0.806025, train_acc = 0.562500, train ppl = 1.496326
Step 9700: train_loss = 0.819229, train_acc = 0.562500, train ppl = 1.506237
Step 9800: train_loss = 0.852838, train_acc = 0.468750, train ppl = 1.531763
==== Finshed epoch 35 ====
Evaluating model...
Epoch 35: validation accuracy = 0.476000 -- validation perplexity = 1.556719
Epoch 35: test accuracy: 0.499000
---- Qualitative Analysis
Context: what color is brian ? julius is a frog . julius is gray . bernhard is a lion . bernhard is gray . lily is a swan . lily is white . greg is a lion . greg is gray . brian is a frog . what color is brian ?
Question: what color is brian ?
Answer: gray </s>
Model prediction: gray </s>
=========================
Step 9900: train_loss = 0.809196, train_acc = 0.562500, train ppl = 1.498700
Step 10000: train_loss = 0.844186, train_acc = 0.500000, train ppl = 1.525151
Step 10100: train_loss = 0.862575, train_acc = 0.593750, train ppl = 1.539238
==== Finshed epoch 36 ====
Evaluating model...
Epoch 36: validation accuracy = 0.475000 -- validation perplexity = 1.551939
Epoch 36: test accuracy: 0.483000
---- Qualitative Analysis
Context: what color is bernhard ? lily is a lion . greg is a frog . brian is a swan . brian is yellow . lily is green . julius is a lion . julius is gray . greg is green . bernhard is a swan . what color is bernhard ?
Question: what color is bernhard ?
Answer: yellow </s>
Model prediction: gray </s>
=========================
Step 10200: train_loss = 0.718479, train_acc = 0.687500, train ppl = 1.432239
Step 10300: train_loss = 0.854085, train_acc = 0.562500, train ppl = 1.532718
Step 10400: train_loss = 0.822779, train_acc = 0.562500, train ppl = 1.508913
==== Finshed epoch 37 ====
Evaluating model...
Epoch 37: validation accuracy = 0.472000 -- validation perplexity = 1.554744
Epoch 37: test accuracy: 0.486000
---- Qualitative Analysis
Context: what color is bernhard ? lily is a swan . lily is white . greg is a swan . brian is a frog . julius is a lion . julius is gray . brian is gray . greg is gray . bernhard is a lion . what color is bernhard ?
Question: what color is bernhard ?
Answer: gray </s>
Model prediction: white </s>
=========================
Step 10500: train_loss = 0.844365, train_acc = 0.562500, train ppl = 1.525287
Step 10600: train_loss = 0.797653, train_acc = 0.562500, train ppl = 1.490075
Step 10700: train_loss = 0.913745, train_acc = 0.468750, train ppl = 1.579127
==== Finshed epoch 38 ====
Evaluating model...
Epoch 38: validation accuracy = 0.473000 -- validation perplexity = 1.554081
Epoch 38: test accuracy: 0.485000
---- Qualitative Analysis
Context: what color is lily ? julius is a frog . greg is a swan . brian is a swan . bernhard is a rhino . julius is white . greg is green . brian is green . lily is a frog . bernhard is green . what color is lily ?
Question: what color is lily ?
Answer: white </s>
Model prediction: green </s>
=========================
Step 10800: train_loss = 0.932862, train_acc = 0.406250, train ppl = 1.594294
Step 10900: train_loss = 0.846673, train_acc = 0.531250, train ppl = 1.527048
==== Finshed epoch 39 ====
Evaluating model...
Epoch 39: validation accuracy = 0.483000 -- validation perplexity = 1.554252
Epoch 39: test accuracy: 0.506000
---- Qualitative Analysis
Context: what color is julius ? lily is a rhino . bernhard is a frog . julius is a lion . brian is a lion . brian is white . bernhard is white . lily is white . greg is a rhino . greg is white . what color is julius ?
Question: what color is julius ?
Answer: white </s>
Model prediction: white </s>
=========================
Step 11000: train_loss = 0.908735, train_acc = 0.562500, train ppl = 1.575176
Step 11100: train_loss = 0.881878, train_acc = 0.500000, train ppl = 1.554166
Step 11200: train_loss = 0.900629, train_acc = 0.468750, train ppl = 1.568806
==== Finshed epoch 40 ====
Evaluating model...
Epoch 40: validation accuracy = 0.462000 -- validation perplexity = 1.559458
Epoch 40: test accuracy: 0.500000
---- Qualitative Analysis
Context: what color is julius ? greg is a lion . bernhard is a rhino . brian is a swan . bernhard is gray . lily is a frog . lily is white . greg is green . brian is yellow . julius is a lion . what color is julius ?
Question: what color is julius ?
Answer: green </s>
Model prediction: gray </s>
=========================
Step 11300: train_loss = 0.911951, train_acc = 0.562500, train ppl = 1.577712
Step 11400: train_loss = 0.790299, train_acc = 0.500000, train ppl = 1.484606
Step 11500: train_loss = 1.000367, train_acc = 0.468750, train ppl = 1.649024
==== Finshed epoch 41 ====
Evaluating model...
Epoch 41: validation accuracy = 0.484000 -- validation perplexity = 1.553355
Epoch 41: test accuracy: 0.496000
---- Qualitative Analysis
Context: what color is lily ? greg is a lion . julius is a lion . greg is gray . bernhard is a swan . julius is gray . brian is a lion . bernhard is green . brian is green . lily is a lion . what color is lily ?
Question: what color is lily ?
Answer: green </s>
Model prediction: green </s>
=========================
Step 11600: train_loss = 0.863620, train_acc = 0.468750, train ppl = 1.540043
Step 11700: train_loss = 0.759099, train_acc = 0.593750, train ppl = 1.461626
Step 11800: train_loss = 0.921967, train_acc = 0.375000, train ppl = 1.585633
==== Finshed epoch 42 ====
Evaluating model...
Epoch 42: validation accuracy = 0.468000 -- validation perplexity = 1.554634
Epoch 42: test accuracy: 0.495000
---- Qualitative Analysis
Context: what color is lily ? brian is a swan . julius is a rhino . brian is white . bernhard is a rhino . greg is a lion . greg is green . julius is yellow . lily is a lion . bernhard is yellow . what color is lily ?
Question: what color is lily ?
Answer: green </s>
Model prediction: yellow </s>
=========================
Step 11900: train_loss = 0.751051, train_acc = 0.625000, train ppl = 1.455756
Step 12000: train_loss = 0.796902, train_acc = 0.531250, train ppl = 1.489516
Step 12100: train_loss = 0.768810, train_acc = 0.593750, train ppl = 1.468740
==== Finshed epoch 43 ====
Evaluating model...
Epoch 43: validation accuracy = 0.468000 -- validation perplexity = 1.558541
Epoch 43: test accuracy: 0.499000
---- Qualitative Analysis
Context: what color is brian ? bernhard is a frog . lily is a frog . greg is a rhino . greg is yellow . julius is a swan . bernhard is gray . brian is a swan . julius is gray . lily is gray . what color is brian ?
Question: what color is brian ?
Answer: gray </s>
Model prediction: gray </s>
=========================
Step 12200: train_loss = 0.879772, train_acc = 0.531250, train ppl = 1.552530
Step 12300: train_loss = 0.824853, train_acc = 0.562500, train ppl = 1.510479
Step 12400: train_loss = 0.902184, train_acc = 0.500000, train ppl = 1.570025
==== Finshed epoch 44 ====
Evaluating model...
Epoch 44: validation accuracy = 0.472000 -- validation perplexity = 1.553789
Epoch 44: test accuracy: 0.490000
---- Qualitative Analysis
Context: what color is greg ? bernhard is a swan . greg is a frog . brian is a swan . julius is a rhino . brian is white . lily is a frog . lily is green . bernhard is white . julius is gray . what color is greg ?
Question: what color is greg ?
Answer: green </s>
Model prediction: white </s>
=========================
Step 12500: train_loss = 0.804355, train_acc = 0.531250, train ppl = 1.495077
Step 12600: train_loss = 0.806467, train_acc = 0.656250, train ppl = 1.496656
==== Finshed epoch 45 ====
Evaluating model...
Epoch 45: validation accuracy = 0.465000 -- validation perplexity = 1.557967
Epoch 45: test accuracy: 0.478000
---- Qualitative Analysis
Context: what color is lily ? julius is a lion . bernhard is a rhino . brian is a rhino . greg is a rhino . lily is a rhino . greg is green . brian is green . julius is yellow . bernhard is green . what color is lily ?
Question: what color is lily ?
Answer: green </s>
Model prediction: green </s>
=========================
Step 12700: train_loss = 0.872760, train_acc = 0.375000, train ppl = 1.547096
Step 12800: train_loss = 0.752553, train_acc = 0.562500, train ppl = 1.456850
Step 12900: train_loss = 0.794499, train_acc = 0.562500, train ppl = 1.487727
==== Finshed epoch 46 ====
Evaluating model...
Epoch 46: validation accuracy = 0.486000 -- validation perplexity = 1.557324
Epoch 46: test accuracy: 0.486000
---- Qualitative Analysis
Context: what color is julius ? lily is a rhino . bernhard is a swan . bernhard is green . greg is a frog . lily is yellow . julius is a rhino . greg is green . brian is a lion . brian is yellow . what color is julius ?
Question: what color is julius ?
Answer: yellow </s>
Model prediction: yellow </s>
=========================
Step 13000: train_loss = 0.694957, train_acc = 0.625000, train ppl = 1.415494
Step 13100: train_loss = 0.902928, train_acc = 0.437500, train ppl = 1.570610
Step 13200: train_loss = 0.829870, train_acc = 0.593750, train ppl = 1.514273
==== Finshed epoch 47 ====
Evaluating model...
Epoch 47: validation accuracy = 0.466000 -- validation perplexity = 1.560047
Epoch 47: test accuracy: 0.485000
---- Qualitative Analysis
Context: what color is greg ? julius is a frog . julius is gray . lily is a lion . bernhard is a rhino . brian is a frog . lily is yellow . greg is a lion . bernhard is gray . brian is gray . what color is greg ?
Question: what color is greg ?
Answer: yellow </s>
Model prediction: gray </s>
=========================
Step 13300: train_loss = 0.820291, train_acc = 0.562500, train ppl = 1.507037
Step 13400: train_loss = 0.939331, train_acc = 0.531250, train ppl = 1.599459
Step 13500: train_loss = 0.823678, train_acc = 0.562500, train ppl = 1.509592
==== Finshed epoch 48 ====
Evaluating model...
Epoch 48: validation accuracy = 0.468000 -- validation perplexity = 1.563077
Epoch 48: test accuracy: 0.491000
---- Qualitative Analysis
Context: what color is bernhard ? lily is a frog . brian is a rhino . lily is gray . greg is a swan . greg is white . bernhard is a rhino . julius is a frog . brian is white . julius is yellow . what color is bernhard ?
Question: what color is bernhard ?
Answer: white </s>
Model prediction: white </s>
=========================
Step 13600: train_loss = 0.779638, train_acc = 0.562500, train ppl = 1.476714
Step 13700: train_loss = 0.774472, train_acc = 0.625000, train ppl = 1.472904
Step 13800: train_loss = 0.853223, train_acc = 0.562500, train ppl = 1.532057
==== Finshed epoch 49 ====
Evaluating model...
Epoch 49: validation accuracy = 0.475000 -- validation perplexity = 1.555429
Epoch 49: test accuracy: 0.483000
---- Qualitative Analysis
Context: what color is lily ? brian is a lion . bernhard is a frog . julius is a swan . julius is white . lily is a lion . greg is a rhino . bernhard is gray . greg is gray . brian is green . what color is lily ?
Question: what color is lily ?
Answer: green </s>
Model prediction: gray </s>
=========================
Step 13900: train_loss = 0.925559, train_acc = 0.437500, train ppl = 1.588483
Step 14000: train_loss = 0.936579, train_acc = 0.312500, train ppl = 1.597260
Step 14100: train_loss = 0.780800, train_acc = 0.375000, train ppl = 1.477571
==== Finshed epoch 50 ====
Evaluating model...
Epoch 50: validation accuracy = 0.471000 -- validation perplexity = 1.559808
Epoch 50: test accuracy: 0.497000
---- Qualitative Analysis
Context: what color is lily ? julius is a frog . brian is a rhino . brian is white . greg is a lion . greg is gray . bernhard is a swan . bernhard is gray . julius is green . lily is a rhino . what color is lily ?
Question: what color is lily ?
Answer: white </s>
Model prediction: gray </s>
=========================
Best model (acc) at epoch 32 -- validation perplexity = 1.551740 -- validation accuracy = 0.490000 -- test accuracy = 0.480000
0.49
