data_dir:                 data/en-10k
model_dir:                models/dummy
restore_from_dir:         None
num_units:                256
max_gradient_norm:        1.0
optimizer:                adam
vocab:                    data/vocab.txt
num_enc_layers:           1
merge_mode:               concat
batch_size:               16
model_type:               attention
num_epochs:               50
encoder_type:             bi
dropout_keep_prob:        0.7
task:                     7
learning_rate:            0.001
embedding_size:           128
cell_type:                gru
val_split:                0.1
Loading data...
vocabulary size = 487
Building model...
Running initializers...
Creating summary writers...
Performing evaluation before training...
---- Qualitative Analysis
Context: how many objects is sandra carrying ? sandra travelled to the hallway . john went back to the office . john moved to the bedroom . john moved to the office . daniel travelled to the bedroom . daniel journeyed to the bathroom . mary journeyed to the garden . mary travelled to the bedroom . sandra went to the bathroom . daniel moved to the hallway . sandra went back to the hallway . sandra journeyed to the bedroom . sandra went back to the bathroom . john moved to the bedroom . john journeyed to the hallway . mary grabbed the football there . mary left the football . daniel went to the garden . sandra took the apple there . sandra took the milk there . how many objects is sandra carrying ?
Question: how many objects is sandra carrying ?
Answer: two </s>
Model prediction: 74 74 74 74 74 74 74 74 74 74
=========================
Step 100: train_loss = 1.030386, train_acc = 0.500000, train ppl = 1.673961
Step 200: train_loss = 0.730515, train_acc = 0.437500, train ppl = 1.440885
Step 300: train_loss = 1.187793, train_acc = 0.437500, train ppl = 1.811031
Step 400: train_loss = 0.902156, train_acc = 0.687500, train ppl = 1.570003
Step 500: train_loss = 0.711966, train_acc = 0.625000, train ppl = 1.427583
==== Finshed epoch 1 ====
Evaluating model...
Epoch 1: validation accuracy = 0.757000 -- validation perplexity = 1.358786
Epoch 1: test accuracy: 0.750000
---- Qualitative Analysis
Context: how many objects is mary carrying ? daniel moved to the kitchen . john went to the garden . daniel journeyed to the hallway . daniel moved to the kitchen . daniel went to the hallway . mary grabbed the football there . how many objects is mary carrying ?
Question: how many objects is mary carrying ?
Answer: one </s>
Model prediction: one </s>
=========================
Model checkpoint saved in models/dummy/best_model.ckpt
Step 600: train_loss = 0.771230, train_acc = 0.875000, train ppl = 1.470519
Step 700: train_loss = 0.674814, train_acc = 0.687500, train ppl = 1.401309
Step 800: train_loss = 0.494551, train_acc = 0.812500, train ppl = 1.280532
Step 900: train_loss = 0.599596, train_acc = 0.875000, train ppl = 1.349586
Step 1000: train_loss = 0.371880, train_acc = 0.875000, train ppl = 1.204350
Step 1100: train_loss = 0.893945, train_acc = 0.625000, train ppl = 1.563571
==== Finshed epoch 2 ====
Evaluating model...
Epoch 2: validation accuracy = 0.810000 -- validation perplexity = 1.293106
Epoch 2: test accuracy: 0.796000
---- Qualitative Analysis
Context: how many objects is sandra carrying ? mary got the football there . john went back to the bathroom . sandra got the milk there . sandra passed the milk to john . john passed the milk to sandra . sandra passed the milk to john . john passed the milk to sandra . mary travelled to the hallway . how many objects is sandra carrying ?
Question: how many objects is sandra carrying ?
Answer: one </s>
Model prediction: none </s>
=========================
Model checkpoint saved in models/dummy/best_model.ckpt
Step 1200: train_loss = 1.194241, train_acc = 0.687500, train ppl = 1.816879
Step 1300: train_loss = 0.501840, train_acc = 0.875000, train ppl = 1.285208
Step 1400: train_loss = 0.329634, train_acc = 0.875000, train ppl = 1.179177
Step 1500: train_loss = 0.448107, train_acc = 0.812500, train ppl = 1.251138
Step 1600: train_loss = 0.667542, train_acc = 0.750000, train ppl = 1.396223
==== Finshed epoch 3 ====
Evaluating model...
Epoch 3: validation accuracy = 0.810000 -- validation perplexity = 1.264317
Epoch 3: test accuracy: 0.796000
---- Qualitative Analysis
Context: how many objects is john carrying ? john journeyed to the bathroom . mary journeyed to the bedroom . daniel went to the office . mary took the apple there . sandra moved to the garden . mary left the apple . mary picked up the apple there . john took the milk there . how many objects is john carrying ?
Question: how many objects is john carrying ?
Answer: one </s>
Model prediction: one </s>
=========================
Step 1700: train_loss = 0.643569, train_acc = 0.687500, train ppl = 1.379587
Step 1800: train_loss = 0.837632, train_acc = 0.750000, train ppl = 1.520161
Step 1900: train_loss = 0.582810, train_acc = 0.750000, train ppl = 1.338306
Step 2000: train_loss = 0.569786, train_acc = 0.812500, train ppl = 1.329620
Step 2100: train_loss = 0.660937, train_acc = 0.687500, train ppl = 1.391620
Step 2200: train_loss = 0.796044, train_acc = 0.750000, train ppl = 1.488877
==== Finshed epoch 4 ====
Evaluating model...
Epoch 4: validation accuracy = 0.810000 -- validation perplexity = 1.266808
Epoch 4: test accuracy: 0.796000
---- Qualitative Analysis
Context: how many objects is mary carrying ? sandra moved to the garden . sandra picked up the football there . sandra discarded the football there . john journeyed to the hallway . mary grabbed the milk there . john went back to the bedroom . daniel went back to the office . sandra went back to the bathroom . how many objects is mary carrying ?
Question: how many objects is mary carrying ?
Answer: one </s>
Model prediction: one </s>
=========================
Step 2300: train_loss = 0.281437, train_acc = 0.812500, train ppl = 1.151100
Step 2400: train_loss = 0.388764, train_acc = 0.937500, train ppl = 1.214560
Step 2500: train_loss = 0.548832, train_acc = 0.687500, train ppl = 1.315762
Step 2600: train_loss = 0.277594, train_acc = 0.812500, train ppl = 1.148891
Step 2700: train_loss = 0.852940, train_acc = 0.750000, train ppl = 1.531841
Step 2800: train_loss = 0.655062, train_acc = 0.687500, train ppl = 1.387538
==== Finshed epoch 5 ====
Evaluating model...
Epoch 5: validation accuracy = 0.804000 -- validation perplexity = 1.252685
Epoch 5: test accuracy: 0.796000
---- Qualitative Analysis
Context: how many objects is mary carrying ? john picked up the apple there . john journeyed to the bathroom . daniel went to the office . mary journeyed to the garden . daniel went back to the bathroom . sandra moved to the hallway . mary took the football there . mary went to the office . how many objects is mary carrying ?
Question: how many objects is mary carrying ?
Answer: one </s>
Model prediction: one </s>
=========================
Step 2900: train_loss = 0.145262, train_acc = 0.937500, train ppl = 1.075333
Step 3000: train_loss = 0.440526, train_acc = 0.812500, train ppl = 1.246404
Step 3100: train_loss = 0.600721, train_acc = 0.750000, train ppl = 1.350346
Step 3200: train_loss = 0.515910, train_acc = 0.750000, train ppl = 1.294281
Step 3300: train_loss = 0.296066, train_acc = 0.875000, train ppl = 1.159551
==== Finshed epoch 6 ====
Evaluating model...
Epoch 6: validation accuracy = 0.809000 -- validation perplexity = 1.221118
Epoch 6: test accuracy: 0.798000
---- Qualitative Analysis
Context: how many objects is sandra carrying ? john went to the office . sandra picked up the apple there . how many objects is sandra carrying ?
Question: how many objects is sandra carrying ?
Answer: one </s>
Model prediction: one </s>
=========================
Step 3400: train_loss = 0.469768, train_acc = 0.687500, train ppl = 1.264762
Step 3500: train_loss = 0.756755, train_acc = 0.687500, train ppl = 1.459914
Step 3600: train_loss = 0.489223, train_acc = 0.875000, train ppl = 1.277125
Step 3700: train_loss = 0.338178, train_acc = 0.875000, train ppl = 1.184225
Step 3800: train_loss = 0.251917, train_acc = 0.875000, train ppl = 1.134235
Step 3900: train_loss = 0.468999, train_acc = 0.812500, train ppl = 1.264276
==== Finshed epoch 7 ====
Evaluating model...
Epoch 7: validation accuracy = 0.807000 -- validation perplexity = 1.231589
Epoch 7: test accuracy: 0.812000
---- Qualitative Analysis
Context: how many objects is daniel carrying ? mary travelled to the bedroom . john travelled to the garden . mary journeyed to the bathroom . sandra went back to the bathroom . sandra moved to the hallway . john moved to the office . mary got the milk there . sandra went to the bedroom . daniel went back to the bedroom . daniel got the apple there . how many objects is daniel carrying ?
Question: how many objects is daniel carrying ?
Answer: one </s>
Model prediction: one </s>
=========================
Step 4000: train_loss = 0.492458, train_acc = 0.625000, train ppl = 1.279192
Step 4100: train_loss = 0.296249, train_acc = 0.812500, train ppl = 1.159657
Step 4200: train_loss = 0.380349, train_acc = 0.750000, train ppl = 1.209461
Step 4300: train_loss = 0.426509, train_acc = 0.750000, train ppl = 1.237699
Step 4400: train_loss = 0.617099, train_acc = 0.625000, train ppl = 1.361449
Step 4500: train_loss = 0.622583, train_acc = 0.687500, train ppl = 1.365187
==== Finshed epoch 8 ====
Evaluating model...
Epoch 8: validation accuracy = 0.806000 -- validation perplexity = 1.231500
Epoch 8: test accuracy: 0.796000
---- Qualitative Analysis
Context: how many objects is mary carrying ? mary grabbed the milk there . mary moved to the bathroom . john went back to the hallway . mary grabbed the apple there . daniel journeyed to the hallway . sandra went back to the bedroom . how many objects is mary carrying ?
Question: how many objects is mary carrying ?
Answer: two </s>
Model prediction: one </s>
=========================
Step 4600: train_loss = 0.086384, train_acc = 1.000000, train ppl = 1.044139
Step 4700: train_loss = 0.436013, train_acc = 0.750000, train ppl = 1.243595
Step 4800: train_loss = 0.382394, train_acc = 0.750000, train ppl = 1.210698
Step 4900: train_loss = 0.460939, train_acc = 0.812500, train ppl = 1.259191
Step 5000: train_loss = 0.432581, train_acc = 0.812500, train ppl = 1.241463
==== Finshed epoch 9 ====
Evaluating model...
Epoch 9: validation accuracy = 0.803000 -- validation perplexity = 1.224362
Epoch 9: test accuracy: 0.813000
---- Qualitative Analysis
Context: how many objects is john carrying ? john went back to the bathroom . john went back to the hallway . mary moved to the hallway . daniel went back to the bathroom . john grabbed the football there . mary went to the bathroom . john discarded the football there . sandra travelled to the garden . john took the football there . sandra went back to the bedroom . mary journeyed to the office . daniel went back to the bedroom . how many objects is john carrying ?
Question: how many objects is john carrying ?
Answer: one </s>
Model prediction: one </s>
=========================
Step 5100: train_loss = 0.502013, train_acc = 0.750000, train ppl = 1.285319
Step 5200: train_loss = 0.405549, train_acc = 0.750000, train ppl = 1.224797
Step 5300: train_loss = 0.297805, train_acc = 0.812500, train ppl = 1.160560
Step 5400: train_loss = 0.545639, train_acc = 0.750000, train ppl = 1.313663
Step 5500: train_loss = 0.200460, train_acc = 1.000000, train ppl = 1.105425
Step 5600: train_loss = 0.473226, train_acc = 0.812500, train ppl = 1.266951
==== Finshed epoch 10 ====
Evaluating model...
Epoch 10: validation accuracy = 0.808000 -- validation perplexity = 1.224975
Epoch 10: test accuracy: 0.801000
---- Qualitative Analysis
Context: how many objects is john carrying ? daniel got the milk there . sandra moved to the bathroom . sandra travelled to the office . daniel gave the milk to john . john discarded the milk there . john went back to the garden . how many objects is john carrying ?
Question: how many objects is john carrying ?
Answer: none </s>
Model prediction: none </s>
=========================
Step 5700: train_loss = 0.139838, train_acc = 1.000000, train ppl = 1.072422
Step 5800: train_loss = 0.343590, train_acc = 0.750000, train ppl = 1.187434
Step 5900: train_loss = 0.353708, train_acc = 0.750000, train ppl = 1.193457
Step 6000: train_loss = 0.569412, train_acc = 0.687500, train ppl = 1.329371
Step 6100: train_loss = 0.473144, train_acc = 0.875000, train ppl = 1.266899
==== Finshed epoch 11 ====
Evaluating model...
Epoch 11: validation accuracy = 0.811000 -- validation perplexity = 1.229445
Epoch 11: test accuracy: 0.813000
---- Qualitative Analysis
Context: how many objects is john carrying ? john picked up the football there . john passed the football to mary . how many objects is john carrying ?
Question: how many objects is john carrying ?
Answer: none </s>
Model prediction: none </s>
=========================
Model checkpoint saved in models/dummy/best_model.ckpt
Step 6200: train_loss = 0.130976, train_acc = 0.937500, train ppl = 1.067680
Step 6300: train_loss = 0.360791, train_acc = 0.812500, train ppl = 1.197691
Step 6400: train_loss = 0.349833, train_acc = 0.812500, train ppl = 1.191147
Step 6500: train_loss = 0.289754, train_acc = 0.812500, train ppl = 1.155897
Step 6600: train_loss = 0.565852, train_acc = 0.750000, train ppl = 1.327007
Step 6700: train_loss = 0.401132, train_acc = 0.812500, train ppl = 1.222095
==== Finshed epoch 12 ====
Evaluating model...
Epoch 12: validation accuracy = 0.835000 -- validation perplexity = 1.209983
Epoch 12: test accuracy: 0.826000
---- Qualitative Analysis
Context: how many objects is john carrying ? daniel went to the bathroom . john moved to the office . daniel went to the kitchen . john got the apple there . how many objects is john carrying ?
Question: how many objects is john carrying ?
Answer: one </s>
Model prediction: one </s>
=========================
Model checkpoint saved in models/dummy/best_model.ckpt
Step 6800: train_loss = 0.582213, train_acc = 0.875000, train ppl = 1.337907
Step 6900: train_loss = 0.471590, train_acc = 0.875000, train ppl = 1.265915
Step 7000: train_loss = 0.594432, train_acc = 0.687500, train ppl = 1.346106
Step 7100: train_loss = 0.244521, train_acc = 0.937500, train ppl = 1.130049
Step 7200: train_loss = 0.088532, train_acc = 1.000000, train ppl = 1.045260
Step 7300: train_loss = 0.400965, train_acc = 0.750000, train ppl = 1.221992
==== Finshed epoch 13 ====
Evaluating model...
Epoch 13: validation accuracy = 0.881000 -- validation perplexity = 1.151361
Epoch 13: test accuracy: 0.869000
---- Qualitative Analysis
Context: how many objects is mary carrying ? mary got the football there . sandra went back to the garden . mary dropped the football there . daniel moved to the bedroom . how many objects is mary carrying ?
Question: how many objects is mary carrying ?
Answer: none </s>
Model prediction: none </s>
=========================
Model checkpoint saved in models/dummy/best_model.ckpt
Step 7400: train_loss = 0.076587, train_acc = 1.000000, train ppl = 1.039036
Step 7500: train_loss = 0.207196, train_acc = 0.937500, train ppl = 1.109155
Step 7600: train_loss = 0.201252, train_acc = 0.937500, train ppl = 1.105863
Step 7700: train_loss = 0.622131, train_acc = 0.812500, train ppl = 1.364879
Step 7800: train_loss = 0.381634, train_acc = 0.812500, train ppl = 1.210238
==== Finshed epoch 14 ====
Evaluating model...
Epoch 14: validation accuracy = 0.886000 -- validation perplexity = 1.138928
Epoch 14: test accuracy: 0.873000
---- Qualitative Analysis
Context: how many objects is mary carrying ? john journeyed to the kitchen . mary got the football there . john travelled to the hallway . daniel journeyed to the bathroom . mary left the football . daniel travelled to the garden . sandra went to the bathroom . john travelled to the kitchen . how many objects is mary carrying ?
Question: how many objects is mary carrying ?
Answer: none </s>
Model prediction: none </s>
=========================
Model checkpoint saved in models/dummy/best_model.ckpt
Step 7900: train_loss = 0.281660, train_acc = 0.937500, train ppl = 1.151229
Step 8000: train_loss = 0.036892, train_acc = 1.000000, train ppl = 1.018617
Step 8100: train_loss = 0.440128, train_acc = 0.750000, train ppl = 1.246156
Step 8200: train_loss = 0.226753, train_acc = 0.937500, train ppl = 1.120053
Step 8300: train_loss = 0.286329, train_acc = 0.937500, train ppl = 1.153920
Step 8400: train_loss = 0.423883, train_acc = 0.812500, train ppl = 1.236076
==== Finshed epoch 15 ====
Evaluating model...
Epoch 15: validation accuracy = 0.915000 -- validation perplexity = 1.114233
Epoch 15: test accuracy: 0.899000
---- Qualitative Analysis
Context: how many objects is john carrying ? daniel picked up the apple there . john took the milk there . how many objects is john carrying ?
Question: how many objects is john carrying ?
Answer: one </s>
Model prediction: one </s>
=========================
Model checkpoint saved in models/dummy/best_model.ckpt
Step 8500: train_loss = 0.260776, train_acc = 0.750000, train ppl = 1.139270
Step 8600: train_loss = 0.749023, train_acc = 0.875000, train ppl = 1.454281
Step 8700: train_loss = 0.283119, train_acc = 0.937500, train ppl = 1.152069
Step 8800: train_loss = 0.296375, train_acc = 0.812500, train ppl = 1.159730
Step 8900: train_loss = 0.091737, train_acc = 0.937500, train ppl = 1.046937
Step 9000: train_loss = 0.034569, train_acc = 1.000000, train ppl = 1.017435
==== Finshed epoch 16 ====
Evaluating model...
Epoch 16: validation accuracy = 0.916000 -- validation perplexity = 1.108848
Epoch 16: test accuracy: 0.903000
---- Qualitative Analysis
Context: how many objects is john carrying ? john grabbed the football there . john handed the football to daniel . daniel handed the football to john . john passed the football to daniel . daniel gave the football to john . john handed the football to daniel . how many objects is john carrying ?
Question: how many objects is john carrying ?
Answer: none </s>
Model prediction: none </s>
=========================
Model checkpoint saved in models/dummy/best_model.ckpt
Step 9100: train_loss = 0.032693, train_acc = 1.000000, train ppl = 1.016481
Step 9200: train_loss = 0.117967, train_acc = 0.937500, train ppl = 1.060758
Step 9300: train_loss = 0.174843, train_acc = 0.937500, train ppl = 1.091356
Step 9400: train_loss = 0.172460, train_acc = 0.937500, train ppl = 1.090057
Step 9500: train_loss = 0.109564, train_acc = 0.937500, train ppl = 1.056310
==== Finshed epoch 17 ====
Evaluating model...
Epoch 17: validation accuracy = 0.933000 -- validation perplexity = 1.095062
Epoch 17: test accuracy: 0.915000
---- Qualitative Analysis
Context: how many objects is mary carrying ? mary took the apple there . sandra went back to the office . mary put down the apple . john moved to the office . how many objects is mary carrying ?
Question: how many objects is mary carrying ?
Answer: none </s>
Model prediction: none </s>
=========================
Model checkpoint saved in models/dummy/best_model.ckpt
Step 9600: train_loss = 0.109256, train_acc = 0.937500, train ppl = 1.056148
Step 9700: train_loss = 0.048203, train_acc = 1.000000, train ppl = 1.024394
Step 9800: train_loss = 0.121057, train_acc = 0.937500, train ppl = 1.062398
Step 9900: train_loss = 0.038318, train_acc = 1.000000, train ppl = 1.019344
Step 10000: train_loss = 0.114513, train_acc = 0.875000, train ppl = 1.058927
Step 10100: train_loss = 0.188600, train_acc = 0.875000, train ppl = 1.098889
==== Finshed epoch 18 ====
Evaluating model...
Epoch 18: validation accuracy = 0.941000 -- validation perplexity = 1.086757
Epoch 18: test accuracy: 0.917000
---- Qualitative Analysis
Context: how many objects is mary carrying ? mary took the apple there . sandra went back to the office . how many objects is mary carrying ?
Question: how many objects is mary carrying ?
Answer: one </s>
Model prediction: one </s>
=========================
Model checkpoint saved in models/dummy/best_model.ckpt
Step 10200: train_loss = 0.230289, train_acc = 0.875000, train ppl = 1.122035
Step 10300: train_loss = 0.149567, train_acc = 0.937500, train ppl = 1.077651
Step 10400: train_loss = 0.234340, train_acc = 0.937500, train ppl = 1.124310
Step 10500: train_loss = 0.107610, train_acc = 0.937500, train ppl = 1.055279
Step 10600: train_loss = 0.021184, train_acc = 1.000000, train ppl = 1.010648
==== Finshed epoch 19 ====
Evaluating model...
Epoch 19: validation accuracy = 0.945000 -- validation perplexity = 1.067304
Epoch 19: test accuracy: 0.923000
---- Qualitative Analysis
Context: how many objects is sandra carrying ? sandra went back to the office . daniel travelled to the garden . daniel journeyed to the hallway . mary moved to the garden . sandra went back to the bathroom . sandra grabbed the milk there . how many objects is sandra carrying ?
Question: how many objects is sandra carrying ?
Answer: one </s>
Model prediction: one </s>
=========================
Model checkpoint saved in models/dummy/best_model.ckpt
Step 10700: train_loss = 0.131663, train_acc = 0.937500, train ppl = 1.068047
Step 10800: train_loss = 0.023889, train_acc = 1.000000, train ppl = 1.012016
Step 10900: train_loss = 0.041991, train_acc = 1.000000, train ppl = 1.021217
Step 11000: train_loss = 0.029223, train_acc = 1.000000, train ppl = 1.014719
Step 11100: train_loss = 0.086024, train_acc = 0.937500, train ppl = 1.043951
Step 11200: train_loss = 0.003350, train_acc = 1.000000, train ppl = 1.001676
==== Finshed epoch 20 ====
Evaluating model...
Epoch 20: validation accuracy = 0.946000 -- validation perplexity = 1.078238
Epoch 20: test accuracy: 0.927000
---- Qualitative Analysis
Context: how many objects is john carrying ? john took the football there . mary went to the kitchen . daniel moved to the bedroom . daniel moved to the garden . daniel grabbed the milk there . john gave the football to sandra . daniel left the milk . sandra put down the football there . john journeyed to the bedroom . daniel picked up the milk there . how many objects is john carrying ?
Question: how many objects is john carrying ?
Answer: none </s>
Model prediction: none </s>
=========================
Model checkpoint saved in models/dummy/best_model.ckpt
Step 11300: train_loss = 0.354489, train_acc = 0.937500, train ppl = 1.193923
Step 11400: train_loss = 0.020288, train_acc = 1.000000, train ppl = 1.010196
Step 11500: train_loss = 0.149278, train_acc = 0.937500, train ppl = 1.077495
Step 11600: train_loss = 0.051081, train_acc = 1.000000, train ppl = 1.025870
Step 11700: train_loss = 0.106038, train_acc = 0.937500, train ppl = 1.054450
Step 11800: train_loss = 0.160803, train_acc = 0.875000, train ppl = 1.083722
==== Finshed epoch 21 ====
Evaluating model...
Epoch 21: validation accuracy = 0.940000 -- validation perplexity = 1.083908
Epoch 21: test accuracy: 0.925000
---- Qualitative Analysis
Context: how many objects is daniel carrying ? daniel went to the kitchen . mary travelled to the hallway . mary went back to the bedroom . john journeyed to the garden . daniel picked up the apple there . mary travelled to the garden . how many objects is daniel carrying ?
Question: how many objects is daniel carrying ?
Answer: one </s>
Model prediction: one </s>
=========================
Step 11900: train_loss = 0.000398, train_acc = 1.000000, train ppl = 1.000199
Step 12000: train_loss = 0.005394, train_acc = 1.000000, train ppl = 1.002701
Step 12100: train_loss = 0.001355, train_acc = 1.000000, train ppl = 1.000678
Step 12200: train_loss = 0.002165, train_acc = 1.000000, train ppl = 1.001083
Step 12300: train_loss = 0.017110, train_acc = 1.000000, train ppl = 1.008592
==== Finshed epoch 22 ====
Evaluating model...
Epoch 22: validation accuracy = 0.955000 -- validation perplexity = 1.071157
Epoch 22: test accuracy: 0.934000
---- Qualitative Analysis
Context: how many objects is sandra carrying ? daniel went back to the hallway . mary journeyed to the kitchen . mary grabbed the apple there . mary moved to the office . mary handed the apple to sandra . sandra passed the apple to mary . how many objects is sandra carrying ?
Question: how many objects is sandra carrying ?
Answer: none </s>
Model prediction: none </s>
=========================
Model checkpoint saved in models/dummy/best_model.ckpt
Step 12400: train_loss = 0.041589, train_acc = 1.000000, train ppl = 1.021012
Step 12500: train_loss = 0.150764, train_acc = 0.937500, train ppl = 1.078296
Step 12600: train_loss = 0.028695, train_acc = 1.000000, train ppl = 1.014451
Step 12700: train_loss = 0.108810, train_acc = 0.937500, train ppl = 1.055912
Step 12800: train_loss = 0.001467, train_acc = 1.000000, train ppl = 1.000734
Step 12900: train_loss = 0.014149, train_acc = 1.000000, train ppl = 1.007100
==== Finshed epoch 23 ====
Evaluating model...
Epoch 23: validation accuracy = 0.956000 -- validation perplexity = 1.066282
Epoch 23: test accuracy: 0.939000
---- Qualitative Analysis
Context: how many objects is sandra carrying ? sandra went to the hallway . sandra grabbed the apple there . how many objects is sandra carrying ?
Question: how many objects is sandra carrying ?
Answer: one </s>
Model prediction: one </s>
=========================
Model checkpoint saved in models/dummy/best_model.ckpt
Step 13000: train_loss = 0.021102, train_acc = 1.000000, train ppl = 1.010607
Step 13100: train_loss = 0.003704, train_acc = 1.000000, train ppl = 1.001854
Step 13200: train_loss = 0.039285, train_acc = 1.000000, train ppl = 1.019837
Step 13300: train_loss = 0.003097, train_acc = 1.000000, train ppl = 1.001549
Step 13400: train_loss = 0.059086, train_acc = 0.937500, train ppl = 1.029984
Step 13500: train_loss = 0.083614, train_acc = 0.937500, train ppl = 1.042693
==== Finshed epoch 24 ====
Evaluating model...
Epoch 24: validation accuracy = 0.964000 -- validation perplexity = 1.062056
Epoch 24: test accuracy: 0.939000
---- Qualitative Analysis
Context: how many objects is sandra carrying ? sandra travelled to the bedroom . sandra grabbed the football there . john journeyed to the hallway . mary went to the garden . sandra went back to the office . john journeyed to the bedroom . sandra got the milk there . mary moved to the hallway . john went to the office . sandra passed the football to john . how many objects is sandra carrying ?
Question: how many objects is sandra carrying ?
Answer: one </s>
Model prediction: none </s>
=========================
Model checkpoint saved in models/dummy/best_model.ckpt
Step 13600: train_loss = 0.002580, train_acc = 1.000000, train ppl = 1.001291
Step 13700: train_loss = 0.082459, train_acc = 0.937500, train ppl = 1.042091
Step 13800: train_loss = 0.000738, train_acc = 1.000000, train ppl = 1.000369
Step 13900: train_loss = 0.191974, train_acc = 0.937500, train ppl = 1.100745
Step 14000: train_loss = 0.063581, train_acc = 0.937500, train ppl = 1.032301
==== Finshed epoch 25 ====
Evaluating model...
Epoch 25: validation accuracy = 0.956000 -- validation perplexity = 1.077674
Epoch 25: test accuracy: 0.948000
---- Qualitative Analysis
Context: how many objects is john carrying ? sandra moved to the garden . john grabbed the milk there . daniel grabbed the apple there . mary moved to the garden . mary went back to the bathroom . daniel dropped the apple . john gave the milk to daniel . daniel grabbed the apple there . daniel gave the apple to john . john handed the apple to daniel . how many objects is john carrying ?
Question: how many objects is john carrying ?
Answer: none </s>
Model prediction: none </s>
=========================
Step 14100: train_loss = 0.075216, train_acc = 0.937500, train ppl = 1.038324
Step 14200: train_loss = 0.000463, train_acc = 1.000000, train ppl = 1.000232
Step 14300: train_loss = 0.070920, train_acc = 0.937500, train ppl = 1.036096
Step 14400: train_loss = 0.000178, train_acc = 1.000000, train ppl = 1.000089
Step 14500: train_loss = 0.180328, train_acc = 0.875000, train ppl = 1.094354
Step 14600: train_loss = 0.012516, train_acc = 1.000000, train ppl = 1.006278
==== Finshed epoch 26 ====
Evaluating model...
Epoch 26: validation accuracy = 0.964000 -- validation perplexity = 1.062386
Epoch 26: test accuracy: 0.946000
---- Qualitative Analysis
Context: how many objects is daniel carrying ? mary took the milk there . sandra journeyed to the bedroom . mary passed the milk to daniel . daniel gave the milk to mary . daniel moved to the kitchen . mary put down the milk . daniel picked up the football there . daniel travelled to the office . daniel left the football . mary took the milk there . how many objects is daniel carrying ?
Question: how many objects is daniel carrying ?
Answer: none </s>
Model prediction: none </s>
=========================
Step 14700: train_loss = 0.007522, train_acc = 1.000000, train ppl = 1.003768
Step 14800: train_loss = 0.078938, train_acc = 0.937500, train ppl = 1.040258
Step 14900: train_loss = 0.002549, train_acc = 1.000000, train ppl = 1.001275
Step 15000: train_loss = 0.274383, train_acc = 0.937500, train ppl = 1.147048
Step 15100: train_loss = 0.022265, train_acc = 1.000000, train ppl = 1.011195
Step 15200: train_loss = 0.059664, train_acc = 1.000000, train ppl = 1.030281
==== Finshed epoch 27 ====
Evaluating model...
Epoch 27: validation accuracy = 0.962000 -- validation perplexity = 1.063596
Epoch 27: test accuracy: 0.946000
---- Qualitative Analysis
Context: how many objects is daniel carrying ? daniel picked up the apple there . john went to the hallway . how many objects is daniel carrying ?
Question: how many objects is daniel carrying ?
Answer: one </s>
Model prediction: one </s>
=========================
Step 15300: train_loss = 0.979433, train_acc = 0.875000, train ppl = 1.631853
Step 15400: train_loss = 0.000599, train_acc = 1.000000, train ppl = 1.000299
Step 15500: train_loss = 0.242421, train_acc = 0.937500, train ppl = 1.128862
Step 15600: train_loss = 0.003967, train_acc = 1.000000, train ppl = 1.001986
