model_dir:                models/dummy
merge_mode:               concat
val_split:                0.1
max_gradient_norm:        1.0
encoder_type:             bi
task:                     8
num_enc_layers:           1
dropout_keep_prob:        0.7
model_type:               attention
vocab:                    data/vocab.txt
batch_size:               16
num_epochs:               50
data_dir:                 data/en-10k
restore_from_dir:         None
num_units:                256
optimizer:                adam
embedding_size:           128
learning_rate:            0.001
cell_type:                gru
Loading data...
vocabulary size = 487
Building model...
Running initializers...
Creating summary writers...
Performing evaluation before training...
---- Qualitative Analysis
Context: what is sandra carrying ? sandra took the football there . mary went back to the hallway . what is sandra carrying ?
Question: what is sandra carrying ?
Answer: football </s>
Model prediction: . . . . . . . . . .
=========================
Step 100: train_loss = 1.690210, train_acc = 0.437500, train ppl = 2.269355
Step 200: train_loss = 1.330598, train_acc = 0.562500, train ppl = 1.945072
Step 300: train_loss = 2.164017, train_acc = 0.375000, train ppl = 2.689257
Step 400: train_loss = 2.195510, train_acc = 0.375000, train ppl = 2.728253
Step 500: train_loss = 2.027238, train_acc = 0.437500, train ppl = 2.596058
==== Finshed epoch 1 ====
Evaluating model...
Epoch 1: validation accuracy = 0.739000 -- validation perplexity = 1.715904
Epoch 1: test accuracy: 0.725000
---- Qualitative Analysis
Context: what is sandra carrying ? daniel journeyed to the hallway . mary travelled to the office . john went back to the hallway . sandra picked up the apple there . john journeyed to the garden . sandra moved to the office . what is sandra carrying ?
Question: what is sandra carrying ?
Answer: apple </s>
Model prediction: apple </s>
=========================
Model checkpoint saved in models/dummy/best_model.ckpt
Step 600: train_loss = 1.232602, train_acc = 0.687500, train ppl = 1.817797
Step 700: train_loss = 0.661903, train_acc = 0.843750, train ppl = 1.378399
Step 800: train_loss = 0.853894, train_acc = 0.781250, train ppl = 1.494561
Step 900: train_loss = 0.350216, train_acc = 0.937500, train ppl = 1.191375
Step 1000: train_loss = 0.481750, train_acc = 0.875000, train ppl = 1.272362
Step 1100: train_loss = 0.394230, train_acc = 0.875000, train ppl = 1.217884
==== Finshed epoch 2 ====
Evaluating model...
Epoch 2: validation accuracy = 0.787500 -- validation perplexity = 1.386043
Epoch 2: test accuracy: 0.775667
---- Qualitative Analysis
Context: what is john carrying ? john went back to the office . john took the apple there . john journeyed to the garden . john moved to the bedroom . john picked up the football there . sandra travelled to the office . daniel travelled to the hallway . john travelled to the garden . john got the milk there . sandra moved to the garden . what is john carrying ?
Question: what is john carrying ?
Answer: apple football milk </s>
Model prediction: milk milk milk milk milk milk milk milk milk milk
=========================
Model checkpoint saved in models/dummy/best_model.ckpt
Step 1200: train_loss = 0.709093, train_acc = 0.812500, train ppl = 1.410300
Step 1300: train_loss = 0.353987, train_acc = 0.875000, train ppl = 1.193623
Step 1400: train_loss = 0.549178, train_acc = 0.906250, train ppl = 1.305085
Step 1500: train_loss = 0.627800, train_acc = 0.750000, train ppl = 1.355795
Step 1600: train_loss = 0.323551, train_acc = 0.875000, train ppl = 1.175596
==== Finshed epoch 3 ====
Evaluating model...
Epoch 3: validation accuracy = 0.787500 -- validation perplexity = 1.373712
Epoch 3: test accuracy: 0.777833
---- Qualitative Analysis
Context: what is sandra carrying ? mary went back to the office . sandra travelled to the garden . mary journeyed to the garden . john went to the kitchen . john went to the office . sandra went back to the office . john journeyed to the garden . sandra moved to the kitchen . mary went to the bedroom . sandra journeyed to the hallway . daniel travelled to the garden . mary went back to the hallway . sandra got the football there . daniel travelled to the bathroom . what is sandra carrying ?
Question: what is sandra carrying ?
Answer: football </s>
Model prediction: football </s>
=========================
Step 1700: train_loss = 1.075465, train_acc = 0.750000, train ppl = 1.634997
Step 1800: train_loss = 0.594872, train_acc = 0.875000, train ppl = 1.334321
Step 1900: train_loss = 0.396474, train_acc = 0.906250, train ppl = 1.211949
Step 2000: train_loss = 0.902528, train_acc = 0.625000, train ppl = 1.548969
Step 2100: train_loss = 1.414230, train_acc = 0.562500, train ppl = 1.908858
Step 2200: train_loss = 1.007723, train_acc = 0.500000, train ppl = 1.630021
==== Finshed epoch 4 ====
Evaluating model...
Epoch 4: validation accuracy = 0.797500 -- validation perplexity = 1.321441
Epoch 4: test accuracy: 0.788167
---- Qualitative Analysis
Context: what is mary carrying ? sandra moved to the bedroom . mary got the football there . what is mary carrying ?
Question: what is mary carrying ?
Answer: football </s>
Model prediction: football </s>
=========================
Model checkpoint saved in models/dummy/best_model.ckpt
Step 2300: train_loss = 0.498225, train_acc = 0.875000, train ppl = 1.273238
Step 2400: train_loss = 0.703210, train_acc = 0.750000, train ppl = 1.392251
Step 2500: train_loss = 0.436284, train_acc = 0.875000, train ppl = 1.243763
Step 2600: train_loss = 0.223750, train_acc = 0.937500, train ppl = 1.118373
Step 2700: train_loss = 1.303913, train_acc = 0.468750, train ppl = 1.847080
Step 2800: train_loss = 0.684201, train_acc = 0.875000, train ppl = 1.379853
==== Finshed epoch 5 ====
Evaluating model...
Epoch 5: validation accuracy = 0.779833 -- validation perplexity = 1.332811
Epoch 5: test accuracy: 0.775667
---- Qualitative Analysis
Context: what is john carrying ? john journeyed to the office . john got the milk there . mary picked up the apple there . daniel went back to the office . sandra journeyed to the garden . john went back to the bathroom . daniel journeyed to the kitchen . john discarded the milk . john went back to the kitchen . daniel went back to the office . what is john carrying ?
Question: what is john carrying ?
Answer: nothing </s>
Model prediction: nothing </s> <unk> <unk> <unk> <unk> <unk> <unk> <unk> <unk>
=========================
Step 2900: train_loss = 0.361548, train_acc = 0.937500, train ppl = 1.198144
Step 3000: train_loss = 0.349417, train_acc = 0.937500, train ppl = 1.184611
Step 3100: train_loss = 0.865453, train_acc = 0.718750, train ppl = 1.502713
Step 3200: train_loss = 0.787116, train_acc = 0.687500, train ppl = 1.448325
Step 3300: train_loss = 0.713338, train_acc = 0.843750, train ppl = 1.413206
==== Finshed epoch 6 ====
Evaluating model...
Epoch 6: validation accuracy = 0.797333 -- validation perplexity = 1.315617
Epoch 6: test accuracy: 0.796833
---- Qualitative Analysis
Context: what is mary carrying ? mary went back to the bathroom . mary picked up the milk there . mary dropped the milk there . mary grabbed the milk there . mary went to the garden . john went to the garden . mary dropped the milk . john journeyed to the office . mary moved to the kitchen . sandra travelled to the kitchen . what is mary carrying ?
Question: what is mary carrying ?
Answer: nothing </s>
Model prediction: nothing </s> <unk> <unk> <unk> <unk> <unk> <unk> <unk> <unk>
=========================
Step 3400: train_loss = 0.579213, train_acc = 0.812500, train ppl = 1.313336
Step 3500: train_loss = 0.430870, train_acc = 0.937500, train ppl = 1.232330
Step 3600: train_loss = 0.513722, train_acc = 0.687500, train ppl = 1.292866
Step 3700: train_loss = 0.876569, train_acc = 0.750000, train ppl = 1.476370
Step 3800: train_loss = 0.495132, train_acc = 0.750000, train ppl = 1.280904
Step 3900: train_loss = 1.161602, train_acc = 0.687500, train ppl = 1.675761
==== Finshed epoch 7 ====
Evaluating model...
Epoch 7: validation accuracy = 0.788500 -- validation perplexity = 1.310612
Epoch 7: test accuracy: 0.775333
---- Qualitative Analysis
Context: what is john carrying ? john journeyed to the office . mary moved to the office . sandra took the apple there . sandra picked up the football there . sandra dropped the football . john grabbed the football there . john discarded the football . sandra put down the apple . mary grabbed the apple there . john picked up the football there . what is john carrying ?
Question: what is john carrying ?
Answer: football </s>
Model prediction: football </s> <unk> <unk> <unk> <unk> <unk> <unk> <unk> <unk>
=========================
Step 4000: train_loss = 0.562012, train_acc = 0.843750, train ppl = 1.313231
Step 4100: train_loss = 0.301592, train_acc = 0.875000, train ppl = 1.162760
Step 4200: train_loss = 0.718837, train_acc = 0.812500, train ppl = 1.416978
Step 4300: train_loss = 0.362586, train_acc = 0.875000, train ppl = 1.192199
Step 4400: train_loss = 0.199705, train_acc = 0.937500, train ppl = 1.105008
Step 4500: train_loss = 0.677229, train_acc = 0.750000, train ppl = 1.375333
==== Finshed epoch 8 ====
Evaluating model...
Epoch 8: validation accuracy = 0.787333 -- validation perplexity = 1.314524
Epoch 8: test accuracy: 0.771333
---- Qualitative Analysis
Context: what is john carrying ? john took the milk there . sandra moved to the bedroom . john dropped the milk . john picked up the milk there . daniel travelled to the bedroom . sandra went to the bathroom . john went to the hallway . john went back to the kitchen . what is john carrying ?
Question: what is john carrying ?
Answer: milk </s>
Model prediction: milk </s>
=========================
Step 4600: train_loss = 0.878140, train_acc = 0.656250, train ppl = 1.511711
Step 4700: train_loss = 0.319647, train_acc = 0.875000, train ppl = 1.173303
Step 4800: train_loss = 0.983101, train_acc = 0.739583, train ppl = 1.547954
Step 4900: train_loss = 1.101948, train_acc = 0.593750, train ppl = 1.654911
Step 5000: train_loss = 0.995916, train_acc = 0.593750, train ppl = 1.576609
==== Finshed epoch 9 ====
Evaluating model...
Epoch 9: validation accuracy = 0.790167 -- validation perplexity = 1.299684
Epoch 9: test accuracy: 0.759333
---- Qualitative Analysis
Context: what is sandra carrying ? mary went back to the office . sandra travelled to the garden . mary journeyed to the garden . john went to the kitchen . john went to the office . sandra went back to the office . john journeyed to the garden . sandra moved to the kitchen . mary went to the bedroom . sandra journeyed to the hallway . daniel travelled to the garden . mary went back to the hallway . sandra got the football there . daniel travelled to the bathroom . sandra dropped the football . daniel went back to the garden . sandra picked up the football there . daniel went to the office . sandra put down the football . sandra travelled to the office . what is sandra carrying ?
Question: what is sandra carrying ?
Answer: nothing </s>
Model prediction: nothing </s> <unk> <unk> <unk> <unk> <unk> <unk> <unk> <unk>
=========================
Step 5100: train_loss = 0.575710, train_acc = 0.781250, train ppl = 1.321982
Step 5200: train_loss = 0.740644, train_acc = 0.843750, train ppl = 1.402954
Step 5300: train_loss = 0.977477, train_acc = 0.656250, train ppl = 1.584057
Step 5400: train_loss = 0.755636, train_acc = 0.750000, train ppl = 1.427027
Step 5500: train_loss = 0.970998, train_acc = 0.531250, train ppl = 1.558751
Step 5600: train_loss = 0.422660, train_acc = 0.843750, train ppl = 1.227434
==== Finshed epoch 10 ====
Evaluating model...
Epoch 10: validation accuracy = 0.785667 -- validation perplexity = 1.314976
Epoch 10: test accuracy: 0.770167
---- Qualitative Analysis
Context: what is john carrying ? daniel travelled to the garden . sandra went to the office . john went to the garden . john went back to the kitchen . daniel went to the bedroom . daniel moved to the office . daniel got the milk there . daniel put down the milk . daniel travelled to the garden . mary went back to the garden . sandra went back to the garden . daniel journeyed to the bathroom . john went to the hallway . john journeyed to the bathroom . sandra journeyed to the bedroom . john took the apple there . what is john carrying ?
Question: what is john carrying ?
Answer: apple </s>
Model prediction: apple </s> <unk> <unk> <unk> <unk> <unk> <unk> <unk> <unk>
=========================
Step 5700: train_loss = 0.360664, train_acc = 0.968750, train ppl = 1.191088
Step 5800: train_loss = 0.562135, train_acc = 0.781250, train ppl = 1.302824
Step 5900: train_loss = 0.605399, train_acc = 0.750000, train ppl = 1.329621
Step 6000: train_loss = 0.616360, train_acc = 0.843750, train ppl = 1.348295
Step 6100: train_loss = 0.779717, train_acc = 0.750000, train ppl = 1.443290
==== Finshed epoch 11 ====
Evaluating model...
Epoch 11: validation accuracy = 0.782000 -- validation perplexity = 1.307791
Epoch 11: test accuracy: 0.742000
---- Qualitative Analysis
Context: what is daniel carrying ? daniel went back to the bedroom . john journeyed to the bathroom . daniel journeyed to the office . mary moved to the hallway . sandra picked up the milk there . sandra put down the milk . sandra picked up the milk there . sandra left the milk . daniel grabbed the football there . john journeyed to the office . sandra journeyed to the hallway . mary went back to the bathroom . daniel left the football there . john got the milk there . what is daniel carrying ?
Question: what is daniel carrying ?
Answer: nothing </s>
Model prediction: milk </s>
=========================
Step 6200: train_loss = 0.555632, train_acc = 0.812500, train ppl = 1.309175
Step 6300: train_loss = 0.687336, train_acc = 0.781250, train ppl = 1.369178
Step 6400: train_loss = 0.893689, train_acc = 0.687500, train ppl = 1.522814
Step 6500: train_loss = 0.146310, train_acc = 0.937500, train ppl = 1.075897
Step 6600: train_loss = 0.818987, train_acc = 0.687500, train ppl = 1.470210
Step 6700: train_loss = 0.854745, train_acc = 0.843750, train ppl = 1.462119
==== Finshed epoch 12 ====
Evaluating model...
Epoch 12: validation accuracy = 0.787333 -- validation perplexity = 1.303443
Epoch 12: test accuracy: 0.754333
---- Qualitative Analysis
Context: what is john carrying ? sandra moved to the garden . sandra moved to the office . john journeyed to the bedroom . sandra journeyed to the bedroom . sandra moved to the garden . daniel moved to the office . daniel journeyed to the kitchen . daniel went to the bedroom . mary journeyed to the hallway . mary journeyed to the bathroom . john went back to the garden . mary took the milk there . john went to the kitchen . mary left the milk . mary picked up the milk there . john got the football there . what is john carrying ?
Question: what is john carrying ?
Answer: football </s>
Model prediction: football </s> <unk> <unk> <unk> <unk> <unk> <unk> <unk> <unk>
=========================
Step 6800: train_loss = 0.452417, train_acc = 0.906250, train ppl = 1.245271
Step 6900: train_loss = 0.450226, train_acc = 0.875000, train ppl = 1.243950
Step 7000: train_loss = 0.525745, train_acc = 0.843750, train ppl = 1.280703
Step 7100: train_loss = 0.680598, train_acc = 0.750000, train ppl = 1.377515
Step 7200: train_loss = 0.383642, train_acc = 0.843750, train ppl = 1.204432
Step 7300: train_loss = 0.452744, train_acc = 0.718750, train ppl = 1.245469
==== Finshed epoch 13 ====
Evaluating model...
Epoch 13: validation accuracy = 0.783333 -- validation perplexity = 1.307061
Epoch 13: test accuracy: 0.761333
---- Qualitative Analysis
Context: what is john carrying ? mary moved to the garden . sandra moved to the kitchen . john took the milk there . mary went to the bathroom . what is john carrying ?
Question: what is john carrying ?
Answer: milk </s>
Model prediction: milk </s> <unk> <unk> <unk> <unk> <unk> <unk> <unk> <unk>
=========================
Step 7400: train_loss = 0.793093, train_acc = 0.739583, train ppl = 1.436999
Step 7500: train_loss = 0.555628, train_acc = 0.843750, train ppl = 1.309173
Step 7600: train_loss = 0.771392, train_acc = 0.687500, train ppl = 1.437647
Step 7700: train_loss = 0.822653, train_acc = 0.593750, train ppl = 1.490128
Step 7800: train_loss = 1.052286, train_acc = 0.781250, train ppl = 1.617764
==== Finshed epoch 14 ====
Evaluating model...
Epoch 14: validation accuracy = 0.796167 -- validation perplexity = 1.312780
Epoch 14: test accuracy: 0.770333
---- Qualitative Analysis
Context: what is john carrying ? john took the milk there . john journeyed to the office . sandra journeyed to the bathroom . john dropped the milk . daniel took the football there . john grabbed the milk there . sandra went to the bedroom . daniel moved to the bedroom . what is john carrying ?
Question: what is john carrying ?
Answer: milk </s>
Model prediction: football </s> <unk> <unk> <unk> <unk> <unk> <unk> <unk> <unk>
=========================
Step 7900: train_loss = 0.608626, train_acc = 0.843750, train ppl = 1.343249
Step 8000: train_loss = 0.593410, train_acc = 0.843750, train ppl = 1.333376
Step 8100: train_loss = 0.271636, train_acc = 0.875000, train ppl = 1.145473
Step 8200: train_loss = 0.258093, train_acc = 0.875000, train ppl = 1.137743
Step 8300: train_loss = 0.487720, train_acc = 0.750000, train ppl = 1.266770
Step 8400: train_loss = 0.488659, train_acc = 0.812500, train ppl = 1.267347
==== Finshed epoch 15 ====
Evaluating model...
Epoch 15: validation accuracy = 0.792833 -- validation perplexity = 1.303213
Epoch 15: test accuracy: 0.775833
---- Qualitative Analysis
Context: what is sandra carrying ? sandra got the football there . mary journeyed to the bathroom . mary went back to the kitchen . john travelled to the garden . sandra moved to the kitchen . sandra put down the football . what is sandra carrying ?
Question: what is sandra carrying ?
Answer: nothing </s>
Model prediction: nothing </s> <unk> <unk> <unk> <unk> <unk> <unk> <unk> <unk>
=========================
Step 8500: train_loss = 0.247244, train_acc = 0.875000, train ppl = 1.131588
Step 8600: train_loss = 0.282743, train_acc = 0.937500, train ppl = 1.146928
Step 8700: train_loss = 0.315036, train_acc = 0.937500, train ppl = 1.170602
Step 8800: train_loss = 0.214123, train_acc = 0.937500, train ppl = 1.113003
Step 8900: train_loss = 0.532120, train_acc = 0.781250, train ppl = 1.294336
Step 9000: train_loss = 0.710494, train_acc = 0.750000, train ppl = 1.397032
==== Finshed epoch 16 ====
Evaluating model...
Epoch 16: validation accuracy = 0.827167 -- validation perplexity = 1.268273
Epoch 16: test accuracy: 0.794833
---- Qualitative Analysis
Context: what is sandra carrying ? mary took the milk there . mary travelled to the garden . mary put down the milk . sandra journeyed to the garden . mary moved to the hallway . sandra went to the bedroom . john journeyed to the bathroom . daniel went back to the hallway . sandra got the apple there . mary journeyed to the garden . what is sandra carrying ?
Question: what is sandra carrying ?
Answer: apple </s>
Model prediction: apple </s> <unk> <unk> <unk> <unk> <unk> <unk> <unk> <unk>
=========================
Model checkpoint saved in models/dummy/best_model.ckpt
Step 9100: train_loss = 0.217328, train_acc = 0.937500, train ppl = 1.114788
Step 9200: train_loss = 0.562765, train_acc = 0.781250, train ppl = 1.293386
Step 9300: train_loss = 0.172330, train_acc = 0.937500, train ppl = 1.089986
Step 9400: train_loss = 0.084194, train_acc = 1.000000, train ppl = 1.042996
Step 9500: train_loss = 0.426771, train_acc = 0.906250, train ppl = 1.222421
==== Finshed epoch 17 ====
Evaluating model...
Epoch 17: validation accuracy = 0.865333 -- validation perplexity = 1.231161
Epoch 17: test accuracy: 0.847667
---- Qualitative Analysis
Context: what is daniel carrying ? mary went to the kitchen . daniel took the football there . what is daniel carrying ?
Question: what is daniel carrying ?
Answer: football </s>
Model prediction: football </s> <unk> <unk> <unk> <unk> <unk> <unk> <unk> <unk>
=========================
Model checkpoint saved in models/dummy/best_model.ckpt
Step 9600: train_loss = 0.015002, train_acc = 1.000000, train ppl = 1.007529
Step 9700: train_loss = 0.422415, train_acc = 0.875000, train ppl = 1.235169
Step 9800: train_loss = 0.245906, train_acc = 0.937500, train ppl = 1.122682
Step 9900: train_loss = 0.275775, train_acc = 0.979167, train ppl = 1.138574
Step 10000: train_loss = 0.078750, train_acc = 0.937500, train ppl = 1.040160
Step 10100: train_loss = 0.263597, train_acc = 0.906250, train ppl = 1.132067
==== Finshed epoch 18 ====
Evaluating model...
Epoch 18: validation accuracy = 0.924167 -- validation perplexity = 1.144163
Epoch 18: test accuracy: 0.909333
---- Qualitative Analysis
Context: what is sandra carrying ? sandra travelled to the garden . sandra took the football there . john travelled to the bathroom . sandra left the football . mary moved to the bathroom . mary journeyed to the bedroom . mary travelled to the kitchen . mary journeyed to the bedroom . john went back to the bedroom . sandra took the football there . what is sandra carrying ?
Question: what is sandra carrying ?
Answer: football </s>
Model prediction: football </s> <unk> <unk> <unk> <unk> <unk> <unk> <unk> <unk>
=========================
Model checkpoint saved in models/dummy/best_model.ckpt
Step 10200: train_loss = 0.321220, train_acc = 0.906250, train ppl = 1.158173
Step 10300: train_loss = 0.122110, train_acc = 0.937500, train ppl = 1.062957
Step 10400: train_loss = 0.067830, train_acc = 1.000000, train ppl = 1.034497
Step 10500: train_loss = 0.031138, train_acc = 1.000000, train ppl = 1.015691
Step 10600: train_loss = 0.180059, train_acc = 0.937500, train ppl = 1.094206
==== Finshed epoch 19 ====
Evaluating model...
Epoch 19: validation accuracy = 0.948833 -- validation perplexity = 1.108047
Epoch 19: test accuracy: 0.918333
---- Qualitative Analysis
Context: what is daniel carrying ? daniel went back to the garden . daniel grabbed the apple there . daniel dropped the apple . daniel took the apple there . mary journeyed to the office . john went to the garden . mary journeyed to the hallway . john journeyed to the kitchen . what is daniel carrying ?
Question: what is daniel carrying ?
Answer: apple </s>
Model prediction: apple </s> <unk> <unk> <unk> <unk> <unk> <unk> <unk> <unk>
=========================
Model checkpoint saved in models/dummy/best_model.ckpt
Step 10700: train_loss = 0.187500, train_acc = 0.937500, train ppl = 1.092245
Step 10800: train_loss = 0.223817, train_acc = 0.968750, train ppl = 1.111072
Step 10900: train_loss = 0.390820, train_acc = 0.937500, train ppl = 1.208631
Step 11000: train_loss = 0.341320, train_acc = 0.968750, train ppl = 1.168864
Step 11100: train_loss = 0.097176, train_acc = 1.000000, train ppl = 1.048243
Step 11200: train_loss = 0.305216, train_acc = 0.906250, train ppl = 1.149730
==== Finshed epoch 20 ====
Evaluating model...
Epoch 20: validation accuracy = 0.974000 -- validation perplexity = 1.081155
Epoch 20: test accuracy: 0.949167
---- Qualitative Analysis
Context: what is mary carrying ? daniel moved to the kitchen . sandra went back to the office . mary took the apple there . mary moved to the garden . daniel moved to the bathroom . mary dropped the apple . what is mary carrying ?
Question: what is mary carrying ?
Answer: nothing </s>
Model prediction: nothing </s> <unk> <unk> <unk> <unk> <unk> <unk> <unk> <unk>
=========================
Model checkpoint saved in models/dummy/best_model.ckpt
Step 11300: train_loss = 0.091864, train_acc = 0.968750, train ppl = 1.045547
Step 11400: train_loss = 0.380926, train_acc = 0.906250, train ppl = 1.184476
Step 11500: train_loss = 0.111286, train_acc = 1.000000, train ppl = 1.055439
Step 11600: train_loss = 0.112989, train_acc = 0.968750, train ppl = 1.056311
Step 11700: train_loss = 0.001268, train_acc = 1.000000, train ppl = 1.000634
Step 11800: train_loss = 0.367875, train_acc = 0.875000, train ppl = 1.177625
==== Finshed epoch 21 ====
Evaluating model...
Epoch 21: validation accuracy = 0.969167 -- validation perplexity = 1.067255
Epoch 21: test accuracy: 0.946833
---- Qualitative Analysis
Context: what is mary carrying ? mary travelled to the office . mary moved to the kitchen . mary took the football there . sandra moved to the office . daniel went back to the bedroom . daniel grabbed the milk there . mary put down the football . mary got the football there . john travelled to the bathroom . mary journeyed to the garden . mary discarded the football . mary moved to the kitchen . what is mary carrying ?
Question: what is mary carrying ?
Answer: nothing </s>
Model prediction: nothing </s> <unk> <unk> <unk> <unk> <unk> <unk> <unk> <unk>
=========================
Step 11900: train_loss = 0.094502, train_acc = 1.000000, train ppl = 1.046885
Step 12000: train_loss = 0.000270, train_acc = 1.000000, train ppl = 1.000135
Step 12100: train_loss = 0.092561, train_acc = 0.968750, train ppl = 1.045900
Step 12200: train_loss = 0.183643, train_acc = 0.968750, train ppl = 1.090264
Step 12300: train_loss = 0.096761, train_acc = 1.000000, train ppl = 1.048032
==== Finshed epoch 22 ====
Evaluating model...
Epoch 22: validation accuracy = 0.984500 -- validation perplexity = 1.060199
Epoch 22: test accuracy: 0.969167
---- Qualitative Analysis
Context: what is daniel carrying ? daniel went back to the garden . daniel grabbed the apple there . daniel dropped the apple . daniel took the apple there . mary journeyed to the office . john went to the garden . mary journeyed to the hallway . john journeyed to the kitchen . what is daniel carrying ?
Question: what is daniel carrying ?
Answer: apple </s>
Model prediction: apple </s> <unk> <unk> <unk> <unk> <unk> <unk> <unk> <unk>
=========================
Model checkpoint saved in models/dummy/best_model.ckpt
Step 12400: train_loss = 0.095539, train_acc = 0.968750, train ppl = 1.047411
Step 12500: train_loss = 0.183710, train_acc = 0.968750, train ppl = 1.090299
Step 12600: train_loss = 0.090919, train_acc = 1.000000, train ppl = 1.045068
Step 12700: train_loss = 0.415463, train_acc = 0.927083, train ppl = 1.202798
Step 12800: train_loss = 0.190938, train_acc = 0.968750, train ppl = 1.094014
Step 12900: train_loss = 0.092376, train_acc = 0.968750, train ppl = 1.045806
==== Finshed epoch 23 ====
Evaluating model...
Epoch 23: validation accuracy = 0.979500 -- validation perplexity = 1.066696
Epoch 23: test accuracy: 0.956833
---- Qualitative Analysis
Context: what is mary carrying ? mary grabbed the milk there . daniel moved to the bedroom . john travelled to the bedroom . daniel grabbed the apple there . daniel discarded the apple . john went back to the garden . daniel went back to the office . mary travelled to the garden . mary journeyed to the hallway . daniel went to the hallway . john went to the bathroom . john went back to the kitchen . mary discarded the milk there . sandra grabbed the milk there . what is mary carrying ?
Question: what is mary carrying ?
Answer: nothing </s>
Model prediction: nothing </s> <unk> <unk> <unk> <unk> <unk> <unk> <unk> <unk>
=========================
Step 13000: train_loss = 0.093928, train_acc = 1.000000, train ppl = 1.046594
Step 13100: train_loss = 0.093961, train_acc = 1.000000, train ppl = 1.046611
Step 13200: train_loss = 0.176618, train_acc = 0.968750, train ppl = 1.086666
Step 13300: train_loss = 0.178323, train_acc = 0.968750, train ppl = 1.087539
Step 13400: train_loss = 0.000205, train_acc = 1.000000, train ppl = 1.000103
Step 13500: train_loss = 0.270368, train_acc = 0.937500, train ppl = 1.131559
==== Finshed epoch 24 ====
Evaluating model...
Epoch 24: validation accuracy = 0.984500 -- validation perplexity = 1.058982
Epoch 24: test accuracy: 0.961833
---- Qualitative Analysis
Context: what is sandra carrying ? daniel travelled to the kitchen . john travelled to the office . daniel took the football there . sandra grabbed the apple there . sandra went to the garden . john journeyed to the kitchen . sandra left the apple . mary went back to the office . mary went back to the bathroom . john moved to the hallway . sandra got the apple there . sandra moved to the bathroom . what is sandra carrying ?
Question: what is sandra carrying ?
Answer: apple </s>
Model prediction: apple </s> <unk> <unk> <unk> <unk> <unk> <unk> <unk> <unk>
=========================
Step 13600: train_loss = 0.000402, train_acc = 1.000000, train ppl = 1.000201
Step 13700: train_loss = 0.000202, train_acc = 1.000000, train ppl = 1.000101
Step 13800: train_loss = 0.000110, train_acc = 1.000000, train ppl = 1.000055
Step 13900: train_loss = 0.104224, train_acc = 0.968750, train ppl = 1.051831
Step 14000: train_loss = 0.297329, train_acc = 0.927083, train ppl = 1.145592
==== Finshed epoch 25 ====
Evaluating model...
Epoch 25: validation accuracy = 0.978167 -- validation perplexity = 1.063929
Epoch 25: test accuracy: 0.959833
---- Qualitative Analysis
Context: what is sandra carrying ? sandra journeyed to the bedroom . mary journeyed to the bathroom . daniel went to the garden . daniel went back to the bathroom . sandra journeyed to the hallway . daniel went to the hallway . mary went back to the office . sandra travelled to the kitchen . john travelled to the kitchen . john went to the bedroom . sandra picked up the apple there . john travelled to the hallway . john got the milk there . daniel went back to the office . mary travelled to the bedroom . sandra travelled to the hallway . sandra dropped the apple . john went back to the kitchen . what is sandra carrying ?
Question: what is sandra carrying ?
Answer: nothing </s>
Model prediction: nothing </s> <unk> <unk> <unk> <unk> <unk> <unk> <unk> <unk>
=========================
Step 14100: train_loss = 0.000313, train_acc = 1.000000, train ppl = 1.000156
Step 14200: train_loss = 0.184042, train_acc = 1.000000, train ppl = 1.090469
Step 14300: train_loss = 0.110457, train_acc = 0.968750, train ppl = 1.055015
Step 14400: train_loss = 0.000481, train_acc = 1.000000, train ppl = 1.000240
Step 14500: train_loss = 0.087875, train_acc = 1.000000, train ppl = 1.043527
Step 14600: train_loss = 0.240509, train_acc = 0.968750, train ppl = 1.123681
==== Finshed epoch 26 ====
Evaluating model...
Epoch 26: validation accuracy = 0.985500 -- validation perplexity = 1.055827
Epoch 26: test accuracy: 0.956833
---- Qualitative Analysis
Context: what is mary carrying ? mary grabbed the milk there . mary moved to the kitchen . mary put down the milk . john took the milk there . mary got the football there . john journeyed to the office . mary left the football . john left the milk . sandra grabbed the football there . john moved to the bathroom . what is mary carrying ?
Question: what is mary carrying ?
Answer: nothing </s>
Model prediction: nothing </s> <unk> <unk> <unk> <unk> <unk> <unk> <unk> <unk>
=========================
Model checkpoint saved in models/dummy/best_model.ckpt
Step 14700: train_loss = 0.269256, train_acc = 0.937500, train ppl = 1.130984
Step 14800: train_loss = 0.277283, train_acc = 0.906250, train ppl = 1.135142
Step 14900: train_loss = 0.000205, train_acc = 1.000000, train ppl = 1.000103
Step 15000: train_loss = 0.097438, train_acc = 0.968750, train ppl = 1.048377
Step 15100: train_loss = 0.088153, train_acc = 0.968750, train ppl = 1.043668
Step 15200: train_loss = 0.183242, train_acc = 0.937500, train ppl = 1.090059
==== Finshed epoch 27 ====
Evaluating model...
Epoch 27: validation accuracy = 0.980667 -- validation perplexity = 1.051879
Epoch 27: test accuracy: 0.958833
---- Qualitative Analysis
Context: what is daniel carrying ? john went back to the kitchen . sandra journeyed to the bedroom . sandra went to the kitchen . john went back to the garden . john moved to the kitchen . mary went to the hallway . daniel went back to the garden . mary went back to the bathroom . mary went back to the office . sandra went to the garden . sandra went to the bedroom . daniel picked up the football there . sandra grabbed the apple there . john went back to the hallway . daniel took the milk there . daniel went back to the bedroom . daniel travelled to the garden . mary went back to the hallway . what is daniel carrying ?
Question: what is daniel carrying ?
Answer: football milk </s>
Model prediction: football </s> <unk> <unk> <unk> <unk> <unk> <unk> <unk> <unk>
=========================
Step 15300: train_loss = 0.177069, train_acc = 0.968750, train ppl = 1.086897
Step 15400: train_loss = 0.000130, train_acc = 1.000000, train ppl = 1.000065
Step 15500: train_loss = 0.000097, train_acc = 1.000000, train ppl = 1.000048
Step 15600: train_loss = 0.104492, train_acc = 1.000000, train ppl = 1.051968
Step 15700: train_loss = 0.208466, train_acc = 0.937500, train ppl = 1.103075
==== Finshed epoch 28 ====
Evaluating model...
Epoch 28: validation accuracy = 0.981500 -- validation perplexity = 1.063906
Epoch 28: test accuracy: 0.963167
---- Qualitative Analysis
Context: what is daniel carrying ? daniel travelled to the kitchen . john travelled to the office . daniel took the football there . sandra grabbed the apple there . what is daniel carrying ?
Question: what is daniel carrying ?
Answer: football </s>
Model prediction: football </s> <unk> <unk> <unk> <unk> <unk> <unk> <unk> <unk>
=========================
Step 15800: train_loss = 0.174351, train_acc = 0.968750, train ppl = 1.085507
