learning_rate:            0.01
model_type:               attention
embedding_size:           128
encoder_type:             bi
num_enc_layers:           1
data_dir:                 data/en-10k
model_dir:                models/dummy
merge_mode:               concat
val_split:                0.1
num_epochs:               50
restore_from_dir:         None
optimizer:                adam
batch_size:               32
vocab:                    data/vocab.txt
max_gradient_norm:        1.0
cell_type:                gru
dropout_keep_prob:        0.7
num_units:                128
task:                     17
Loading data...
vocabulary size = 487
Building model...
Running initializers...
Creating summary writers...
Performing evaluation before training...
---- Qualitative Analysis
Context: is the blue square below the red square ? the triangle is above the blue square . the triangle is below the red square . is the blue square below the red square ?
Question: is the blue square below the red square ?
Answer: yes </s>
Model prediction: 93 93 93 93 93 93 93 93 93 93
=========================
Step 100: train_loss = 1.017421, train_acc = 0.375000, train ppl = 1.663146
Step 200: train_loss = 0.704670, train_acc = 0.593750, train ppl = 1.422385
==== Finshed epoch 1 ====
Evaluating model...
Epoch 1: validation accuracy = 0.493000 -- validation perplexity = 1.470466
Epoch 1: test accuracy: 0.480000
---- Qualitative Analysis
Context: is the triangle below the blue square ? the red sphere is below the triangle . the blue square is below the red sphere . is the triangle below the blue square ?
Question: is the triangle below the blue square ?
Answer: no </s>
Model prediction: no </s>
=========================
Model checkpoint saved in models/dummy/best_model.ckpt
Step 300: train_loss = 0.674658, train_acc = 0.593750, train ppl = 1.401200
Step 400: train_loss = 0.705048, train_acc = 0.593750, train ppl = 1.422654
Step 500: train_loss = 0.689347, train_acc = 0.562500, train ppl = 1.411529
==== Finshed epoch 2 ====
Evaluating model...
Epoch 2: validation accuracy = 0.507000 -- validation perplexity = 1.421373
Epoch 2: test accuracy: 0.520000
---- Qualitative Analysis
Context: is the red square above the yellow square ? the yellow square is to the left of the blue square . the blue square is above the red square . is the red square above the yellow square ?
Question: is the red square above the yellow square ?
Answer: no </s>
Model prediction: yes </s>
=========================
Model checkpoint saved in models/dummy/best_model.ckpt
Step 600: train_loss = 0.696124, train_acc = 0.531250, train ppl = 1.416320
Step 700: train_loss = 0.725206, train_acc = 0.562500, train ppl = 1.437065
Step 800: train_loss = 0.659483, train_acc = 0.625000, train ppl = 1.390609
==== Finshed epoch 3 ====
Evaluating model...
Epoch 3: validation accuracy = 0.493000 -- validation perplexity = 1.442199
Epoch 3: test accuracy: 0.480000
---- Qualitative Analysis
Context: is the red sphere to the right of the blue square ? the red square is to the right of the red sphere . the red square is to the left of the blue square . is the red sphere to the right of the blue square ?
Question: is the red sphere to the right of the blue square ?
Answer: no </s>
Model prediction: no </s>
=========================
Step 900: train_loss = 1.106340, train_acc = 0.531250, train ppl = 1.738756
Step 1000: train_loss = 0.743824, train_acc = 0.468750, train ppl = 1.450505
Step 1100: train_loss = 0.667657, train_acc = 0.625000, train ppl = 1.396303
==== Finshed epoch 4 ====
Evaluating model...
Epoch 4: validation accuracy = 0.507000 -- validation perplexity = 1.443541
Epoch 4: test accuracy: 0.520000
---- Qualitative Analysis
Context: is the pink rectangle below the yellow square ? the yellow square is above the triangle . the pink rectangle is below the triangle . is the pink rectangle below the yellow square ?
Question: is the pink rectangle below the yellow square ?
Answer: yes </s>
Model prediction: yes </s>
=========================
Step 1200: train_loss = 0.695166, train_acc = 0.531250, train ppl = 1.415642
Step 1300: train_loss = 0.694233, train_acc = 0.437500, train ppl = 1.414982
Step 1400: train_loss = 0.772899, train_acc = 0.437500, train ppl = 1.471746
==== Finshed epoch 5 ====
Evaluating model...
Epoch 5: validation accuracy = 0.507000 -- validation perplexity = 1.417039
Epoch 5: test accuracy: 0.520000
---- Qualitative Analysis
Context: is the yellow square below the blue square ? the pink rectangle is above the blue square . the yellow square is above the pink rectangle . is the yellow square below the blue square ?
Question: is the yellow square below the blue square ?
Answer: no </s>
Model prediction: yes </s>
=========================
Step 1500: train_loss = 0.673486, train_acc = 0.625000, train ppl = 1.400379
Step 1600: train_loss = 0.682670, train_acc = 0.593750, train ppl = 1.406824
==== Finshed epoch 6 ====
Evaluating model...
Epoch 6: validation accuracy = 0.507000 -- validation perplexity = 1.687939
Epoch 6: test accuracy: 0.520000
---- Qualitative Analysis
Context: is the pink rectangle to the right of the red square ? the triangle is below the pink rectangle . the triangle is to the left of the red square . is the pink rectangle to the right of the red square ?
Question: is the pink rectangle to the right of the red square ?
Answer: no </s>
Model prediction: yes </s>
=========================
Step 1700: train_loss = 0.742789, train_acc = 0.593750, train ppl = 1.449755
Step 1800: train_loss = 0.806858, train_acc = 0.437500, train ppl = 1.496949
Step 1900: train_loss = 0.774742, train_acc = 0.531250, train ppl = 1.473103
==== Finshed epoch 7 ====
Evaluating model...
Epoch 7: validation accuracy = 0.507000 -- validation perplexity = 1.422831
Epoch 7: test accuracy: 0.520000
---- Qualitative Analysis
Context: is the red sphere to the left of the yellow square ? the pink rectangle is to the right of the yellow square . the pink rectangle is to the left of the red sphere . is the red sphere to the left of the yellow square ?
Question: is the red sphere to the left of the yellow square ?
Answer: no </s>
Model prediction: yes </s>
=========================
Step 2000: train_loss = 0.686398, train_acc = 0.562500, train ppl = 1.409449
Step 2100: train_loss = 0.708918, train_acc = 0.468750, train ppl = 1.425409
Step 2200: train_loss = 0.766011, train_acc = 0.468750, train ppl = 1.466686
==== Finshed epoch 8 ====
Evaluating model...
Epoch 8: validation accuracy = 0.507000 -- validation perplexity = 1.425979
Epoch 8: test accuracy: 0.520000
---- Qualitative Analysis
Context: is the pink rectangle below the triangle ? the red square is to the right of the triangle . the red square is above the pink rectangle . is the pink rectangle below the triangle ?
Question: is the pink rectangle below the triangle ?
Answer: yes </s>
Model prediction: yes </s>
=========================
Step 2300: train_loss = 0.697916, train_acc = 0.500000, train ppl = 1.417590
Step 2400: train_loss = 0.709887, train_acc = 0.312500, train ppl = 1.426100
Step 2500: train_loss = 0.679498, train_acc = 0.593750, train ppl = 1.404595
==== Finshed epoch 9 ====
Evaluating model...
Epoch 9: validation accuracy = 0.507000 -- validation perplexity = 1.420487
Epoch 9: test accuracy: 0.520000
---- Qualitative Analysis
Context: is the yellow square to the right of the triangle ? the yellow square is above the pink rectangle . the triangle is to the right of the pink rectangle . is the yellow square to the right of the triangle ?
Question: is the yellow square to the right of the triangle ?
Answer: no </s>
Model prediction: yes </s>
=========================
Step 2600: train_loss = 0.711788, train_acc = 0.531250, train ppl = 1.427456
Step 2700: train_loss = 0.749293, train_acc = 0.468750, train ppl = 1.454477
Step 2800: train_loss = 0.757843, train_acc = 0.531250, train ppl = 1.460709
==== Finshed epoch 10 ====
Evaluating model...
Epoch 10: validation accuracy = 0.507000 -- validation perplexity = 1.437732
Epoch 10: test accuracy: 0.520000
---- Qualitative Analysis
Context: is the yellow square above the red sphere ? the pink rectangle is to the left of the red sphere . the yellow square is above the pink rectangle . is the yellow square above the red sphere ?
Question: is the yellow square above the red sphere ?
Answer: yes </s>
Model prediction: yes </s>
=========================
Step 2900: train_loss = 0.723102, train_acc = 0.468750, train ppl = 1.435555
Step 3000: train_loss = 0.712429, train_acc = 0.531250, train ppl = 1.427914
Step 3100: train_loss = 0.895992, train_acc = 0.437500, train ppl = 1.565172
==== Finshed epoch 11 ====
Evaluating model...
Epoch 11: validation accuracy = 0.493000 -- validation perplexity = 1.527511
Epoch 11: test accuracy: 0.480000
---- Qualitative Analysis
Context: is the yellow square to the right of the red square ? the red square is above the blue square . the blue square is to the left of the yellow square . is the yellow square to the right of the red square ?
Question: is the yellow square to the right of the red square ?
Answer: yes </s>
Model prediction: no </s>
=========================
Step 3200: train_loss = 0.777064, train_acc = 0.468750, train ppl = 1.474814
Step 3300: train_loss = 2.107526, train_acc = 0.000000, train ppl = 2.868424
==== Finshed epoch 12 ====
Evaluating model...
Epoch 12: validation accuracy = 0.000000 -- validation perplexity = 2.842738
Epoch 12: test accuracy: 0.000000
---- Qualitative Analysis
Context: is the yellow square above the blue square ? the pink rectangle is above the blue square . the yellow square is above the pink rectangle . is the yellow square above the blue square ?
Question: is the yellow square above the blue square ?
Answer: yes </s>
Model prediction: </s>
=========================
Step 3400: train_loss = 2.115101, train_acc = 0.000000, train ppl = 2.879310
Step 3500: train_loss = 2.186135, train_acc = 0.000000, train ppl = 2.983412
Step 3600: train_loss = 2.104573, train_acc = 0.000000, train ppl = 2.864193
==== Finshed epoch 13 ====
Evaluating model...
Epoch 13: validation accuracy = 0.493000 -- validation perplexity = 3.221671
Epoch 13: test accuracy: 0.480000
---- Qualitative Analysis
Context: is the red sphere above the pink rectangle ? the yellow square is to the right of the pink rectangle . the red sphere is below the yellow square . is the red sphere above the pink rectangle ?
Question: is the red sphere above the pink rectangle ?
Answer: no </s>
Model prediction: no no no no no no no no no no
=========================
Step 3700: train_loss = 2.088003, train_acc = 0.000000, train ppl = 2.840560
Step 3800: train_loss = 2.124300, train_acc = 0.000000, train ppl = 2.892583
Step 3900: train_loss = 2.083256, train_acc = 0.000000, train ppl = 2.833827
==== Finshed epoch 14 ====
Evaluating model...
Epoch 14: validation accuracy = 0.000000 -- validation perplexity = 2.912887
Epoch 14: test accuracy: 0.000000
---- Qualitative Analysis
Context: is the yellow square to the right of the pink rectangle ? the yellow square is above the triangle . the pink rectangle is below the triangle . is the yellow square to the right of the pink rectangle ?
Question: is the yellow square to the right of the pink rectangle ?
Answer: no </s>
Model prediction: </s>
=========================
Step 4000: train_loss = 2.076622, train_acc = 0.000000, train ppl = 2.824443
Step 4100: train_loss = 2.083162, train_acc = 0.000000, train ppl = 2.833693
Step 4200: train_loss = 2.090229, train_acc = 0.000000, train ppl = 2.843724
==== Finshed epoch 15 ====
Evaluating model...
Epoch 15: validation accuracy = 0.000000 -- validation perplexity = 2.844904
Epoch 15: test accuracy: 0.000000
---- Qualitative Analysis
Context: is the blue square below the yellow square ? the red square is below the yellow square . the red square is above the blue square . is the blue square below the yellow square ?
Question: is the blue square below the yellow square ?
Answer: yes </s>
Model prediction: </s>
=========================
Step 4300: train_loss = 2.219616, train_acc = 0.000000, train ppl = 3.033776
Step 4400: train_loss = 2.329102, train_acc = 0.000000, train ppl = 3.204484
Step 4500: train_loss = 2.194583, train_acc = 0.000000, train ppl = 2.996040
==== Finshed epoch 16 ====
Evaluating model...
Epoch 16: validation accuracy = 0.000000 -- validation perplexity = 2.889236
Epoch 16: test accuracy: 0.000000
---- Qualitative Analysis
Context: is the triangle to the right of the pink rectangle ? the red square is to the right of the triangle . the pink rectangle is below the red square . is the triangle to the right of the pink rectangle ?
Question: is the triangle to the right of the pink rectangle ?
Answer: no </s>
Model prediction: </s>
=========================
Step 4600: train_loss = 2.079027, train_acc = 0.000000, train ppl = 2.827841
Step 4700: train_loss = 2.080308, train_acc = 0.000000, train ppl = 2.829653
==== Finshed epoch 17 ====
Evaluating model...
Epoch 17: validation accuracy = 0.000000 -- validation perplexity = 2.988302
Epoch 17: test accuracy: 0.000000
---- Qualitative Analysis
Context: is the red square to the right of the triangle ? the triangle is to the left of the blue square . the blue square is above the red square . is the red square to the right of the triangle ?
Question: is the red square to the right of the triangle ?
Answer: yes </s>
Model prediction: </s>
=========================
Step 4800: train_loss = 2.113647, train_acc = 0.000000, train ppl = 2.877217
Step 4900: train_loss = 2.133263, train_acc = 0.000000, train ppl = 2.905576
Step 5000: train_loss = 2.168550, train_acc = 0.000000, train ppl = 2.957294
==== Finshed epoch 18 ====
Evaluating model...
Epoch 18: validation accuracy = 0.000000 -- validation perplexity = 2.915474
Epoch 18: test accuracy: 0.000000
---- Qualitative Analysis
Context: is the triangle above the blue square ? the yellow square is above the triangle . the yellow square is to the left of the blue square . is the triangle above the blue square ?
Question: is the triangle above the blue square ?
Answer: no </s>
Model prediction: </s>
=========================
Step 5100: train_loss = 2.101244, train_acc = 0.000000, train ppl = 2.859429
Step 5200: train_loss = 2.099654, train_acc = 0.000000, train ppl = 2.857157
Step 5300: train_loss = 2.103365, train_acc = 0.000000, train ppl = 2.862463
==== Finshed epoch 19 ====
Evaluating model...
Epoch 19: validation accuracy = 0.000000 -- validation perplexity = 2.859871
Epoch 19: test accuracy: 0.000000
---- Qualitative Analysis
Context: is the red square to the right of the triangle ? the red square is above the red sphere . the triangle is to the right of the red sphere . is the red square to the right of the triangle ?
Question: is the red square to the right of the triangle ?
Answer: no </s>
Model prediction: </s>
=========================
Step 5400: train_loss = 2.154562, train_acc = 0.000000, train ppl = 2.936683
Step 5500: train_loss = 2.150020, train_acc = 0.000000, train ppl = 2.930022
Step 5600: train_loss = 2.080510, train_acc = 0.000000, train ppl = 2.829939
==== Finshed epoch 20 ====
Evaluating model...
Epoch 20: validation accuracy = 0.000000 -- validation perplexity = 2.852504
Epoch 20: test accuracy: 0.000000
---- Qualitative Analysis
Context: is the red sphere to the left of the pink rectangle ? the pink rectangle is to the left of the triangle . the triangle is below the red sphere . is the red sphere to the left of the pink rectangle ?
Question: is the red sphere to the left of the pink rectangle ?
Answer: no </s>
Model prediction: </s>
=========================
Step 5700: train_loss = 2.085232, train_acc = 0.000000, train ppl = 2.836628
Step 5800: train_loss = 2.082096, train_acc = 0.000000, train ppl = 2.832184
Step 5900: train_loss = 2.074464, train_acc = 0.000000, train ppl = 2.821397
==== Finshed epoch 21 ====
Evaluating model...
Epoch 21: validation accuracy = 0.000000 -- validation perplexity = 2.879257
Epoch 21: test accuracy: 0.000000
---- Qualitative Analysis
Context: is the red square to the left of the blue square ? the triangle is to the left of the blue square . the red square is to the left of the triangle . is the red square to the left of the blue square ?
Question: is the red square to the left of the blue square ?
Answer: yes </s>
Model prediction: </s>
=========================
Step 6000: train_loss = 2.446698, train_acc = 0.000000, train ppl = 3.398551
Step 6100: train_loss = 2.049345, train_acc = 0.000000, train ppl = 2.786184
Step 6200: train_loss = 2.117408, train_acc = 0.000000, train ppl = 2.882632
==== Finshed epoch 22 ====
Evaluating model...
Epoch 22: validation accuracy = 0.000000 -- validation perplexity = 2.843441
Epoch 22: test accuracy: 0.000000
---- Qualitative Analysis
Context: is the red square to the left of the red sphere ? the pink rectangle is to the right of the red sphere . the red square is below the pink rectangle . is the red square to the left of the red sphere ?
Question: is the red square to the left of the red sphere ?
Answer: no </s>
Model prediction: </s>
=========================
Step 6300: train_loss = 2.276361, train_acc = 0.593750, train ppl = 3.121084
Step 6400: train_loss = 2.111431, train_acc = 0.000000, train ppl = 2.874031
==== Finshed epoch 23 ====
Evaluating model...
Epoch 23: validation accuracy = 0.000000 -- validation perplexity = 2.844199
Epoch 23: test accuracy: 0.000000
---- Qualitative Analysis
Context: is the yellow square below the red sphere ? the pink rectangle is above the red sphere . the pink rectangle is to the right of the yellow square . is the yellow square below the red sphere ?
Question: is the yellow square below the red sphere ?
Answer: no </s>
Model prediction: </s>
=========================
Step 6500: train_loss = 2.083464, train_acc = 0.000000, train ppl = 2.834121
Step 6600: train_loss = 2.114862, train_acc = 0.000000, train ppl = 2.878965
Step 6700: train_loss = 2.084343, train_acc = 0.000000, train ppl = 2.835368
==== Finshed epoch 24 ====
Evaluating model...
Epoch 24: validation accuracy = 0.000000 -- validation perplexity = 2.838344
Epoch 24: test accuracy: 0.000000
---- Qualitative Analysis
Context: is the red square below the pink rectangle ? the red square is below the red sphere . the red sphere is to the left of the pink rectangle . is the red square below the pink rectangle ?
Question: is the red square below the pink rectangle ?
Answer: yes </s>
Model prediction: </s>
=========================
Step 6800: train_loss = 2.101627, train_acc = 0.000000, train ppl = 2.859977
Step 6900: train_loss = 2.080339, train_acc = 0.000000, train ppl = 2.829697
Step 7000: train_loss = 2.095247, train_acc = 0.000000, train ppl = 2.850868
==== Finshed epoch 25 ====
Evaluating model...
Epoch 25: validation accuracy = 0.000000 -- validation perplexity = 2.832206
Epoch 25: test accuracy: 0.000000
---- Qualitative Analysis
Context: is the yellow square below the pink rectangle ? the yellow square is above the triangle . the pink rectangle is below the triangle . is the yellow square below the pink rectangle ?
Question: is the yellow square below the pink rectangle ?
Answer: no </s>
Model prediction: </s>
=========================
Step 7100: train_loss = 2.081807, train_acc = 0.000000, train ppl = 2.831774
Step 7200: train_loss = 2.041738, train_acc = 0.000000, train ppl = 2.775605
Step 7300: train_loss = 2.061918, train_acc = 0.000000, train ppl = 2.803753
==== Finshed epoch 26 ====
Evaluating model...
Epoch 26: validation accuracy = 0.000000 -- validation perplexity = 2.864938
Epoch 26: test accuracy: 0.000000
---- Qualitative Analysis
Context: is the blue square above the pink rectangle ? the pink rectangle is to the left of the red square . the red square is to the left of the blue square . is the blue square above the pink rectangle ?
Question: is the blue square above the pink rectangle ?
Answer: no </s>
Model prediction: </s>
=========================
Step 7400: train_loss = 2.166300, train_acc = 0.000000, train ppl = 2.953970
Step 7500: train_loss = 2.346076, train_acc = 0.000000, train ppl = 3.231795
Step 7600: train_loss = 2.101550, train_acc = 0.000000, train ppl = 2.859866
==== Finshed epoch 27 ====
Evaluating model...
Epoch 27: validation accuracy = 0.000000 -- validation perplexity = 2.831003
Epoch 27: test accuracy: 0.000000
---- Qualitative Analysis
Context: is the pink rectangle to the left of the red square ? the pink rectangle is to the left of the triangle . the triangle is to the left of the red square . is the pink rectangle to the left of the red square ?
Question: is the pink rectangle to the left of the red square ?
Answer: yes </s>
Model prediction: </s>
=========================
Step 7700: train_loss = 2.285022, train_acc = 0.000000, train ppl = 3.134629
Step 7800: train_loss = 2.181203, train_acc = 0.000000, train ppl = 2.976064
==== Finshed epoch 28 ====
Evaluating model...
Epoch 28: validation accuracy = 0.000000 -- validation perplexity = 2.829616
Epoch 28: test accuracy: 0.000000
---- Qualitative Analysis
Context: is the yellow square to the left of the red sphere ? the triangle is to the left of the yellow square . the triangle is below the red sphere . is the yellow square to the left of the red sphere ?
Question: is the yellow square to the left of the red sphere ?
Answer: no </s>
Model prediction: </s>
=========================
Step 7900: train_loss = 2.086689, train_acc = 0.000000, train ppl = 2.838696
Step 8000: train_loss = 2.243652, train_acc = 0.500000, train ppl = 3.070456
Step 8100: train_loss = 2.070861, train_acc = 0.000000, train ppl = 2.816318
==== Finshed epoch 29 ====
Evaluating model...
Epoch 29: validation accuracy = 0.000000 -- validation perplexity = 2.841509
Epoch 29: test accuracy: 0.000000
---- Qualitative Analysis
Context: is the red sphere to the right of the pink rectangle ? the pink rectangle is to the right of the blue square . the red sphere is below the blue square . is the red sphere to the right of the pink rectangle ?
Question: is the red sphere to the right of the pink rectangle ?
Answer: no </s>
Model prediction: </s>
=========================
Step 8200: train_loss = 2.144278, train_acc = 0.000000, train ppl = 2.921622
Step 8300: train_loss = 2.169981, train_acc = 0.000000, train ppl = 2.959412
Step 8400: train_loss = 2.263216, train_acc = 0.000000, train ppl = 3.100638
==== Finshed epoch 30 ====
Evaluating model...
Epoch 30: validation accuracy = 0.000000 -- validation perplexity = 2.995814
Epoch 30: test accuracy: 0.000000
---- Qualitative Analysis
Context: is the pink rectangle above the triangle ? the triangle is to the left of the red sphere . the pink rectangle is to the right of the red sphere . is the pink rectangle above the triangle ?
Question: is the pink rectangle above the triangle ?
Answer: no </s>
Model prediction: </s>
=========================
Step 8500: train_loss = 2.139950, train_acc = 0.000000, train ppl = 2.915306
Step 8600: train_loss = 2.079409, train_acc = 0.000000, train ppl = 2.828381
Step 8700: train_loss = 2.174179, train_acc = 0.000000, train ppl = 2.965629
==== Finshed epoch 31 ====
Evaluating model...
Epoch 31: validation accuracy = 0.000000 -- validation perplexity = 2.870210
Epoch 31: test accuracy: 0.000000
---- Qualitative Analysis
Context: is the blue square above the red square ? the yellow square is to the right of the blue square . the yellow square is below the red square . is the blue square above the red square ?
Question: is the blue square above the red square ?
Answer: no </s>
Model prediction: </s>
=========================
Step 8800: train_loss = 2.085515, train_acc = 0.000000, train ppl = 2.837030
Step 8900: train_loss = 2.078528, train_acc = 0.000000, train ppl = 2.827136
Step 9000: train_loss = 2.100539, train_acc = 0.000000, train ppl = 2.858421
==== Finshed epoch 32 ====
Evaluating model...
Epoch 32: validation accuracy = 0.000000 -- validation perplexity = 2.960176
Epoch 32: test accuracy: 0.000000
---- Qualitative Analysis
Context: is the yellow square to the left of the red sphere ? the pink rectangle is above the red sphere . the pink rectangle is to the right of the yellow square . is the yellow square to the left of the red sphere ?
Question: is the yellow square to the left of the red sphere ?
Answer: yes </s>
Model prediction: </s>
=========================
Step 9100: train_loss = 2.086928, train_acc = 0.000000, train ppl = 2.839034
Step 9200: train_loss = 2.082270, train_acc = 0.000000, train ppl = 2.832430
Step 9300: train_loss = 2.074808, train_acc = 0.000000, train ppl = 2.821881
==== Finshed epoch 33 ====
Evaluating model...
Epoch 33: validation accuracy = 0.000000 -- validation perplexity = 2.851222
Epoch 33: test accuracy: 0.000000
---- Qualitative Analysis
Context: is the red square to the left of the red sphere ? the yellow square is to the right of the red sphere . the yellow square is to the left of the red square . is the red square to the left of the red sphere ?
Question: is the red square to the left of the red sphere ?
Answer: no </s>
Model prediction: </s>
=========================
Step 9400: train_loss = 2.072980, train_acc = 0.000000, train ppl = 2.819304
Step 9500: train_loss = 2.273019, train_acc = 0.000000, train ppl = 3.115873
==== Finshed epoch 34 ====
Evaluating model...
Epoch 34: validation accuracy = 0.000000 -- validation perplexity = 2.953921
Epoch 34: test accuracy: 0.000000
---- Qualitative Analysis
Context: is the blue square to the left of the red sphere ? the red square is below the red sphere . the red square is to the right of the blue square . is the blue square to the left of the red sphere ?
Question: is the blue square to the left of the red sphere ?
Answer: yes </s>
Model prediction: </s>
=========================
Step 9600: train_loss = 2.094350, train_acc = 0.000000, train ppl = 2.849589
Step 9700: train_loss = 2.083205, train_acc = 0.000000, train ppl = 2.833755
Step 9800: train_loss = 2.087690, train_acc = 0.000000, train ppl = 2.840117
==== Finshed epoch 35 ====
Evaluating model...
Epoch 35: validation accuracy = 0.000000 -- validation perplexity = 2.883427
Epoch 35: test accuracy: 0.000000
---- Qualitative Analysis
Context: is the red sphere above the pink rectangle ? the red sphere is to the right of the yellow square . the yellow square is below the pink rectangle . is the red sphere above the pink rectangle ?
Question: is the red sphere above the pink rectangle ?
Answer: no </s>
Model prediction: </s>
=========================
Step 9900: train_loss = 2.079233, train_acc = 0.000000, train ppl = 2.828132
Step 10000: train_loss = 2.445454, train_acc = 0.531250, train ppl = 3.396437
Step 10100: train_loss = 2.113170, train_acc = 0.000000, train ppl = 2.876531
==== Finshed epoch 36 ====
Evaluating model...
Epoch 36: validation accuracy = 0.000000 -- validation perplexity = 2.873900
Epoch 36: test accuracy: 0.000000
---- Qualitative Analysis
Context: is the triangle to the left of the blue square ? the yellow square is above the blue square . the yellow square is to the left of the triangle . is the triangle to the left of the blue square ?
Question: is the triangle to the left of the blue square ?
Answer: no </s>
Model prediction: </s>
=========================
Step 10200: train_loss = 2.102227, train_acc = 0.000000, train ppl = 2.860835
Step 10300: train_loss = 2.083179, train_acc = 0.000000, train ppl = 2.833718
Step 10400: train_loss = 2.082203, train_acc = 0.000000, train ppl = 2.832336
==== Finshed epoch 37 ====
Evaluating model...
Epoch 37: validation accuracy = 0.000000 -- validation perplexity = 2.912759
Epoch 37: test accuracy: 0.000000
---- Qualitative Analysis
Context: is the red sphere to the left of the pink rectangle ? the red square is to the left of the pink rectangle . the red square is to the right of the red sphere . is the red sphere to the left of the pink rectangle ?
Question: is the red sphere to the left of the pink rectangle ?
Answer: yes </s>
Model prediction: </s>
=========================
Step 10500: train_loss = 2.068351, train_acc = 0.000000, train ppl = 2.812786
Step 10600: train_loss = 2.308218, train_acc = 0.000000, train ppl = 3.171196
Step 10700: train_loss = 2.136132, train_acc = 0.000000, train ppl = 2.909747
==== Finshed epoch 38 ====
Evaluating model...
Epoch 38: validation accuracy = 0.000000 -- validation perplexity = 2.922886
Epoch 38: test accuracy: 0.000000
---- Qualitative Analysis
Context: is the yellow square above the red sphere ? the triangle is below the red sphere . the yellow square is below the triangle . is the yellow square above the red sphere ?
Question: is the yellow square above the red sphere ?
Answer: no </s>
Model prediction: </s>
=========================
Step 10800: train_loss = 2.164607, train_acc = 0.000000, train ppl = 2.951470
Step 10900: train_loss = 2.072579, train_acc = 0.000000, train ppl = 2.818738
==== Finshed epoch 39 ====
Evaluating model...
Epoch 39: validation accuracy = 0.000000 -- validation perplexity = 2.828696
Epoch 39: test accuracy: 0.000000
---- Qualitative Analysis
Context: is the blue square above the red sphere ? the triangle is to the right of the red sphere . the triangle is above the blue square . is the blue square above the red sphere ?
Question: is the blue square above the red sphere ?
Answer: no </s>
Model prediction: </s>
=========================
Step 11000: train_loss = 2.078839, train_acc = 0.000000, train ppl = 2.827575
Step 11100: train_loss = 2.126617, train_acc = 0.000000, train ppl = 2.895936
Step 11200: train_loss = 2.096217, train_acc = 0.000000, train ppl = 2.852251
==== Finshed epoch 40 ====
Evaluating model...
Epoch 40: validation accuracy = 0.000000 -- validation perplexity = 2.880375
Epoch 40: test accuracy: 0.000000
---- Qualitative Analysis
Context: is the triangle to the right of the pink rectangle ? the pink rectangle is to the left of the blue square . the blue square is to the left of the triangle . is the triangle to the right of the pink rectangle ?
Question: is the triangle to the right of the pink rectangle ?
Answer: yes </s>
Model prediction: </s>
=========================
Step 11300: train_loss = 2.194788, train_acc = 0.000000, train ppl = 2.996347
Step 11400: train_loss = 2.295119, train_acc = 0.000000, train ppl = 3.150495
Step 11500: train_loss = 2.162679, train_acc = 0.000000, train ppl = 2.948627
==== Finshed epoch 41 ====
Evaluating model...
Epoch 41: validation accuracy = 0.000000 -- validation perplexity = 2.901612
Epoch 41: test accuracy: 0.000000
---- Qualitative Analysis
Context: is the red sphere to the left of the blue square ? the red square is to the right of the red sphere . the red square is to the left of the blue square . is the red sphere to the left of the blue square ?
Question: is the red sphere to the left of the blue square ?
Answer: yes </s>
Model prediction: </s>
=========================
Step 11600: train_loss = 2.130943, train_acc = 0.000000, train ppl = 2.902207
Step 11700: train_loss = 2.119164, train_acc = 0.000000, train ppl = 2.885164
Step 11800: train_loss = 2.109008, train_acc = 0.000000, train ppl = 2.870551
==== Finshed epoch 42 ====
Evaluating model...
Epoch 42: validation accuracy = 0.000000 -- validation perplexity = 2.944139
Epoch 42: test accuracy: 0.000000
---- Qualitative Analysis
Context: is the triangle to the left of the pink rectangle ? the pink rectangle is to the left of the blue square . the blue square is to the left of the triangle . is the triangle to the left of the pink rectangle ?
Question: is the triangle to the left of the pink rectangle ?
Answer: no </s>
Model prediction: </s>
=========================
Step 11900: train_loss = 2.116921, train_acc = 0.000000, train ppl = 2.881931
Step 12000: train_loss = 2.159278, train_acc = 0.000000, train ppl = 2.943617
Step 12100: train_loss = 2.064560, train_acc = 0.000000, train ppl = 2.807459
==== Finshed epoch 43 ====
Evaluating model...
Epoch 43: validation accuracy = 0.000000 -- validation perplexity = 2.831616
Epoch 43: test accuracy: 0.000000
---- Qualitative Analysis
Context: is the red square to the right of the blue square ? the pink rectangle is to the left of the blue square . the pink rectangle is below the red square . is the red square to the right of the blue square ?
Question: is the red square to the right of the blue square ?
Answer: no </s>
Model prediction: </s>
=========================
Step 12200: train_loss = 2.088339, train_acc = 0.000000, train ppl = 2.841038
Step 12300: train_loss = 2.080397, train_acc = 0.000000, train ppl = 2.829779
Step 12400: train_loss = 2.060872, train_acc = 0.000000, train ppl = 2.802288
==== Finshed epoch 44 ====
Evaluating model...
Epoch 44: validation accuracy = 0.000000 -- validation perplexity = 2.860324
Epoch 44: test accuracy: 0.000000
---- Qualitative Analysis
Context: is the yellow square above the triangle ? the yellow square is to the right of the blue square . the blue square is above the triangle . is the yellow square above the triangle ?
Question: is the yellow square above the triangle ?
Answer: yes </s>
Model prediction: </s>
=========================
Step 12500: train_loss = 2.086792, train_acc = 0.000000, train ppl = 2.838842
Step 12600: train_loss = 2.109862, train_acc = 0.000000, train ppl = 2.871776
==== Finshed epoch 45 ====
Evaluating model...
Epoch 45: validation accuracy = 0.000000 -- validation perplexity = 2.856082
Epoch 45: test accuracy: 0.000000
---- Qualitative Analysis
Context: is the pink rectangle to the right of the red sphere ? the red square is to the left of the pink rectangle . the red square is to the right of the red sphere . is the pink rectangle to the right of the red sphere ?
Question: is the pink rectangle to the right of the red sphere ?
Answer: yes </s>
Model prediction: </s>
=========================
Step 12700: train_loss = 2.376055, train_acc = 0.000000, train ppl = 3.280604
Step 12800: train_loss = 2.150101, train_acc = 0.000000, train ppl = 2.930140
Step 12900: train_loss = 2.091174, train_acc = 0.000000, train ppl = 2.845068
==== Finshed epoch 46 ====
Evaluating model...
Epoch 46: validation accuracy = 0.000000 -- validation perplexity = 2.847070
Epoch 46: test accuracy: 0.000000
---- Qualitative Analysis
Context: is the red square above the blue square ? the red sphere is to the right of the blue square . the red sphere is below the red square . is the red square above the blue square ?
Question: is the red square above the blue square ?
Answer: yes </s>
Model prediction: </s>
=========================
Step 13000: train_loss = 2.102594, train_acc = 0.000000, train ppl = 2.861360
Step 13100: train_loss = 2.155476, train_acc = 0.000000, train ppl = 2.938026
Step 13200: train_loss = 2.077704, train_acc = 0.000000, train ppl = 2.825971
==== Finshed epoch 47 ====
Evaluating model...
Epoch 47: validation accuracy = 0.000000 -- validation perplexity = 2.838914
Epoch 47: test accuracy: 0.000000
---- Qualitative Analysis
Context: is the blue square to the left of the pink rectangle ? the red square is below the blue square . the red square is to the left of the pink rectangle . is the blue square to the left of the pink rectangle ?
Question: is the blue square to the left of the pink rectangle ?
Answer: yes </s>
Model prediction: </s>
=========================
Step 13300: train_loss = 2.108634, train_acc = 0.000000, train ppl = 2.870015
Step 13400: train_loss = 2.102030, train_acc = 0.000000, train ppl = 2.860553
Step 13500: train_loss = 2.090452, train_acc = 0.000000, train ppl = 2.844042
==== Finshed epoch 48 ====
Evaluating model...
Epoch 48: validation accuracy = 0.000000 -- validation perplexity = 2.849637
Epoch 48: test accuracy: 0.000000
---- Qualitative Analysis
Context: is the yellow square to the left of the triangle ? the pink rectangle is below the yellow square . the pink rectangle is to the right of the triangle . is the yellow square to the left of the triangle ?
Question: is the yellow square to the left of the triangle ?
Answer: no </s>
Model prediction: </s>
=========================
Step 13600: train_loss = 2.272975, train_acc = 0.000000, train ppl = 3.115805
Step 13700: train_loss = 2.153681, train_acc = 0.000000, train ppl = 2.935391
Step 13800: train_loss = 2.184383, train_acc = 0.000000, train ppl = 2.980800
==== Finshed epoch 49 ====
Evaluating model...
Epoch 49: validation accuracy = 0.000000 -- validation perplexity = 2.839961
Epoch 49: test accuracy: 0.000000
---- Qualitative Analysis
Context: is the blue square below the red sphere ? the blue square is below the triangle . the triangle is to the right of the red sphere . is the blue square below the red sphere ?
Question: is the blue square below the red sphere ?
Answer: yes </s>
Model prediction: </s>
=========================
Step 13900: train_loss = 2.074927, train_acc = 0.000000, train ppl = 2.822050
Step 14000: train_loss = 2.101078, train_acc = 0.000000, train ppl = 2.859191
Step 14100: train_loss = 2.086597, train_acc = 0.000000, train ppl = 2.838565
==== Finshed epoch 50 ====
Evaluating model...
Epoch 50: validation accuracy = 0.000000 -- validation perplexity = 2.831858
Epoch 50: test accuracy: 0.000000
---- Qualitative Analysis
Context: is the pink rectangle below the yellow square ? the yellow square is above the triangle . the pink rectangle is below the triangle . is the pink rectangle below the yellow square ?
Question: is the pink rectangle below the yellow square ?
Answer: yes </s>
Model prediction: </s>
=========================
Best model (acc) at epoch 2 -- validation perplexity = 1.421373 -- validation accuracy = 0.507000 -- test accuracy = 0.520000
0.507
