max_gradient_norm:        1.0
data_dir:                 data/en-10k
encoder_type:             bi
num_epochs:               50
embedding_size:           256
restore_from_dir:         None
num_units:                256
dropout_keep_prob:        0.7
learning_rate:            0.001
model_dir:                models/dummy
optimizer:                adam
num_enc_layers:           1
task:                     3
cell_type:                gru
merge_mode:               concat
val_split:                0.1
batch_size:               8
vocab:                    data/vocab.txt
model_type:               attention
Loading data...
vocabulary size = 487
Building model...
Running initializers...
Creating summary writers...
Performing evaluation before training...
---- Qualitative Analysis
Context: where was the football before the hallway ? sandra travelled to the office . sandra travelled to the bathroom . john journeyed to the kitchen . john got the apple . sandra grabbed the football there . sandra dropped the football . sandra took the football . mary travelled to the kitchen . daniel journeyed to the office . john moved to the hallway . sandra journeyed to the kitchen . john travelled to the office . john put down the apple there . john grabbed the apple . sandra journeyed to the hallway . sandra put down the football . where was the football before the hallway ?
Question: where was the football before the hallway ?
Answer: kitchen </s>
Model prediction: 206 206 206 206 206 206 206 206 206 206
=========================
Step 100: train_loss = 1.740782, train_acc = 0.250000, train ppl = 2.387844
Step 200: train_loss = 1.878380, train_acc = 0.000000, train ppl = 2.557908
Step 300: train_loss = 1.814483, train_acc = 0.125000, train ppl = 2.477479
Step 400: train_loss = 1.880898, train_acc = 0.125000, train ppl = 2.561131
Step 500: train_loss = 1.969885, train_acc = 0.125000, train ppl = 2.677659
Step 600: train_loss = 1.898245, train_acc = 0.125000, train ppl = 2.583441
Step 700: train_loss = 1.713801, train_acc = 0.125000, train ppl = 2.355847
Step 800: train_loss = 1.896424, train_acc = 0.125000, train ppl = 2.581090
Step 900: train_loss = 1.781051, train_acc = 0.250000, train ppl = 2.436410
Step 1000: train_loss = 1.717002, train_acc = 0.250000, train ppl = 2.359621
Step 1100: train_loss = 1.672237, train_acc = 0.250000, train ppl = 2.307393
==== Finshed epoch 1 ====
Evaluating model...
Epoch 1: validation accuracy = 0.226000 -- validation perplexity = 2.371550
Epoch 1: test accuracy: 0.221000
---- Qualitative Analysis
Context: where was the milk before the kitchen ? daniel journeyed to the bedroom . sandra picked up the football . sandra picked up the apple . daniel travelled to the office . sandra put down the apple . sandra left the football . daniel journeyed to the bathroom . sandra went back to the hallway . john went back to the kitchen . mary went to the bathroom . sandra travelled to the bedroom . mary travelled to the office . john journeyed to the garden . mary journeyed to the kitchen . mary took the milk . john went back to the kitchen . daniel travelled to the kitchen . sandra went to the bathroom . mary left the milk there . daniel moved to the office . john moved to the bedroom . john moved to the kitchen . john picked up the milk . john discarded the milk . mary grabbed the milk . sandra travelled to the kitchen . mary moved to the bathroom . mary put down the milk . john went to the hallway . mary grabbed the milk . daniel travelled to the garden . daniel got the apple . mary travelled to the office . daniel moved to the bedroom . mary went to the kitchen . mary journeyed to the garden . sandra went back to the bathroom . mary put down the milk there . daniel dropped the apple . daniel grabbed the apple . mary moved to the kitchen . mary went to the office . where was the milk before the kitchen ?
Question: where was the milk before the kitchen ?
Answer: office </s>
Model prediction: bathroom </s>
=========================
Model checkpoint saved in models/dummy/best_model.ckpt
Step 1200: train_loss = 1.458280, train_acc = 0.500000, train ppl = 2.073297
Step 1300: train_loss = 1.585243, train_acc = 0.375000, train ppl = 2.209180
Step 1400: train_loss = 1.643487, train_acc = 0.250000, train ppl = 2.274462
Step 1500: train_loss = 1.430784, train_acc = 0.500000, train ppl = 2.044988
Step 1600: train_loss = 1.753968, train_acc = 0.125000, train ppl = 2.403639
Step 1700: train_loss = 1.648642, train_acc = 0.250000, train ppl = 2.280332
Step 1800: train_loss = 1.671030, train_acc = 0.250000, train ppl = 2.306001
Step 1900: train_loss = 1.781119, train_acc = 0.125000, train ppl = 2.436492
Step 2000: train_loss = 1.713086, train_acc = 0.125000, train ppl = 2.355006
Step 2100: train_loss = 1.505566, train_acc = 0.500000, train ppl = 2.122900
Step 2200: train_loss = 1.687202, train_acc = 0.125000, train ppl = 2.324723
==== Finshed epoch 2 ====
Evaluating model...
Epoch 2: validation accuracy = 0.196000 -- validation perplexity = 2.309203
Epoch 2: test accuracy: 0.184000
---- Qualitative Analysis
Context: where was the apple before the office ? john travelled to the bathroom . sandra moved to the office . john moved to the garden . john got the milk . john got the football . sandra journeyed to the hallway . john discarded the football . john got the football . mary went to the kitchen . daniel went to the bedroom . daniel picked up the apple . daniel moved to the bathroom . daniel journeyed to the garden . mary journeyed to the office . john dropped the milk . mary went to the bedroom . daniel grabbed the milk . daniel travelled to the office . daniel left the milk there . daniel put down the apple . john went back to the bedroom . daniel went back to the hallway . mary journeyed to the garden . mary journeyed to the bathroom . where was the apple before the office ?
Question: where was the apple before the office ?
Answer: garden </s>
Model prediction: garden </s>
=========================
Step 2300: train_loss = 1.753991, train_acc = 0.125000, train ppl = 2.403667
Step 2400: train_loss = 1.519834, train_acc = 0.625000, train ppl = 2.138099
Step 2500: train_loss = 1.858515, train_acc = 0.125000, train ppl = 2.532628
Step 2600: train_loss = 1.667374, train_acc = 0.250000, train ppl = 2.301790
Step 2700: train_loss = 1.587743, train_acc = 0.000000, train ppl = 2.211943
Step 2800: train_loss = 1.524478, train_acc = 0.375000, train ppl = 2.143069
Step 2900: train_loss = 1.688740, train_acc = 0.250000, train ppl = 2.326512
Step 3000: train_loss = 1.538291, train_acc = 0.375000, train ppl = 2.157921
Step 3100: train_loss = 1.704087, train_acc = 0.375000, train ppl = 2.344432
Step 3200: train_loss = 1.455037, train_acc = 0.500000, train ppl = 2.069937
Step 3300: train_loss = 1.684390, train_acc = 0.125000, train ppl = 2.321457
==== Finshed epoch 3 ====
Evaluating model...
Epoch 3: validation accuracy = 0.233000 -- validation perplexity = 2.330875
Epoch 3: test accuracy: 0.219000
---- Qualitative Analysis
Context: where was the apple before the bedroom ? daniel went to the hallway . sandra went back to the bedroom . sandra got the football . sandra discarded the football there . daniel moved to the garden . mary went to the office . sandra went to the kitchen . mary took the milk there . daniel travelled to the kitchen . sandra journeyed to the garden . mary took the apple . daniel went back to the hallway . mary travelled to the bathroom . sandra went back to the office . mary discarded the apple there . mary took the apple . john journeyed to the bedroom . mary journeyed to the kitchen . mary went to the bedroom . mary went back to the garden . sandra travelled to the bedroom . john journeyed to the kitchen . sandra took the football . john went to the garden . mary discarded the milk there . john grabbed the milk . mary discarded the apple . daniel moved to the office . sandra dropped the football . mary travelled to the bathroom . where was the apple before the bedroom ?
Question: where was the apple before the bedroom ?
Answer: kitchen </s>
Model prediction: bathroom </s>
=========================
Model checkpoint saved in models/dummy/best_model.ckpt
Step 3400: train_loss = 1.473615, train_acc = 0.375000, train ppl = 2.089255
Step 3500: train_loss = 1.768603, train_acc = 0.125000, train ppl = 2.421293
Step 3600: train_loss = 1.744367, train_acc = 0.125000, train ppl = 2.392128
Step 3700: train_loss = 1.805638, train_acc = 0.125000, train ppl = 2.466547
Step 3800: train_loss = 1.711519, train_acc = 0.250000, train ppl = 2.353161
Step 3900: train_loss = 1.807766, train_acc = 0.125000, train ppl = 2.469172
Step 4000: train_loss = 1.690926, train_acc = 0.250000, train ppl = 2.329056
Step 4100: train_loss = 1.710945, train_acc = 0.125000, train ppl = 2.352485
Step 4200: train_loss = 1.544231, train_acc = 0.250000, train ppl = 2.164340
Step 4300: train_loss = 1.712926, train_acc = 0.125000, train ppl = 2.354817
Step 4400: train_loss = 1.605791, train_acc = 0.375000, train ppl = 2.231995
Step 4500: train_loss = 1.660631, train_acc = 0.250000, train ppl = 2.294042
==== Finshed epoch 4 ====
Evaluating model...
Epoch 4: validation accuracy = 0.168000 -- validation perplexity = 2.296899
Epoch 4: test accuracy: 0.181000
---- Qualitative Analysis
Context: where was the football before the kitchen ? sandra took the apple there . mary travelled to the garden . john took the milk . john discarded the milk there . mary moved to the bathroom . daniel travelled to the bathroom . john picked up the football . mary went to the office . daniel went to the office . john took the milk . sandra discarded the apple there . john left the milk . daniel took the milk . sandra went to the kitchen . john left the football . mary got the football . sandra moved to the office . sandra went back to the garden . mary went back to the bathroom . john went to the kitchen . daniel dropped the milk . mary moved to the garden . daniel grabbed the milk . sandra travelled to the kitchen . mary dropped the football . mary took the football . mary journeyed to the hallway . mary discarded the football there . mary went back to the kitchen . sandra journeyed to the garden . sandra moved to the hallway . john went to the bathroom . mary journeyed to the garden . sandra took the apple . sandra grabbed the football . daniel went back to the bathroom . sandra went to the bedroom . sandra moved to the kitchen . where was the football before the kitchen ?
Question: where was the football before the kitchen ?
Answer: bedroom </s>
Model prediction: hallway </s>
=========================
Step 4600: train_loss = 1.756260, train_acc = 0.000000, train ppl = 2.406395
Step 4700: train_loss = 1.693205, train_acc = 0.250000, train ppl = 2.331712
Step 4800: train_loss = 1.983271, train_acc = 0.250000, train ppl = 2.695640
Step 4900: train_loss = 1.816626, train_acc = 0.000000, train ppl = 2.480134
Step 5000: train_loss = 1.540849, train_acc = 0.500000, train ppl = 2.160683
Step 5100: train_loss = 1.662137, train_acc = 0.250000, train ppl = 2.295770
Step 5200: train_loss = 1.707493, train_acc = 0.125000, train ppl = 2.348429
Step 5300: train_loss = 1.765875, train_acc = 0.375000, train ppl = 2.417992
Step 5400: train_loss = 1.680534, train_acc = 0.125000, train ppl = 2.316986
Step 5500: train_loss = 1.576439, train_acc = 0.250000, train ppl = 2.199477
Step 5600: train_loss = 1.534795, train_acc = 0.375000, train ppl = 2.154153
==== Finshed epoch 5 ====
Evaluating model...
Epoch 5: validation accuracy = 0.226000 -- validation perplexity = 2.270617
Epoch 5: test accuracy: 0.248000
---- Qualitative Analysis
Context: where was the milk before the office ? sandra grabbed the milk there . john moved to the bedroom . sandra left the milk . mary got the apple . mary went to the hallway . mary put down the apple there . sandra got the milk there . john moved to the office . mary went back to the garden . sandra moved to the bedroom . mary took the football . daniel went back to the garden . sandra went back to the garden . mary put down the football there . sandra got the football . sandra went to the bathroom . daniel travelled to the hallway . daniel took the apple there . daniel went to the garden . sandra went back to the office . john moved to the hallway . sandra went back to the hallway . sandra went to the bathroom . sandra dropped the milk . sandra got the milk . mary went back to the office . john travelled to the bedroom . mary moved to the hallway . mary went to the bedroom . daniel went to the bedroom . mary went back to the garden . sandra went to the kitchen . daniel travelled to the kitchen . daniel discarded the apple . daniel grabbed the apple . john went to the garden . daniel put down the apple there . daniel got the apple . sandra travelled to the garden . sandra put down the football . john took the football there . john put down the football there . sandra went back to the office . daniel went to the bathroom . daniel moved to the garden . daniel dropped the apple there . daniel travelled to the bathroom . sandra discarded the milk . where was the milk before the office ?
Question: where was the milk before the office ?
Answer: garden </s>
Model prediction: garden </s>
=========================
Step 5700: train_loss = 1.943161, train_acc = 0.000000, train ppl = 2.642117
Step 5800: train_loss = 1.680554, train_acc = 0.125000, train ppl = 2.317009
Step 5900: train_loss = 1.698712, train_acc = 0.125000, train ppl = 2.338141
Step 6000: train_loss = 1.699439, train_acc = 0.000000, train ppl = 2.338991
Step 6100: train_loss = 1.592783, train_acc = 0.250000, train ppl = 2.217525
Step 6200: train_loss = 1.815272, train_acc = 0.125000, train ppl = 2.478457
Step 6300: train_loss = 1.584874, train_acc = 0.250000, train ppl = 2.208773
Step 6400: train_loss = 1.861453, train_acc = 0.250000, train ppl = 2.536351
Step 6500: train_loss = 1.850616, train_acc = 0.000000, train ppl = 2.522645
Step 6600: train_loss = 1.484263, train_acc = 0.375000, train ppl = 2.100408
Step 6700: train_loss = 1.716949, train_acc = 0.000000, train ppl = 2.359559
==== Finshed epoch 6 ====
Evaluating model...
Epoch 6: validation accuracy = 0.229000 -- validation perplexity = 2.344536
Epoch 6: test accuracy: 0.238000
---- Qualitative Analysis
Context: where was the football before the bedroom ? daniel moved to the kitchen . sandra went to the hallway . daniel got the milk . mary moved to the hallway . daniel went to the office . mary went back to the garden . sandra moved to the garden . john moved to the hallway . daniel put down the milk . daniel went to the garden . john journeyed to the garden . mary went back to the kitchen . mary journeyed to the bedroom . daniel journeyed to the office . daniel travelled to the bathroom . john went to the hallway . john moved to the bathroom . sandra moved to the hallway . sandra picked up the apple there . sandra discarded the apple there . mary went back to the garden . sandra grabbed the apple . sandra dropped the apple . sandra got the apple . sandra moved to the bedroom . sandra left the apple . mary travelled to the office . sandra went back to the hallway . mary took the milk . daniel journeyed to the office . john moved to the office . mary got the football . sandra moved to the kitchen . mary travelled to the garden . daniel went back to the bedroom . mary went to the bedroom . mary put down the football there . daniel went back to the bathroom . sandra went to the hallway . daniel moved to the garden . where was the football before the bedroom ?
Question: where was the football before the bedroom ?
Answer: garden </s>
Model prediction: garden </s>
=========================
Step 6800: train_loss = 1.765602, train_acc = 0.125000, train ppl = 2.417663
Step 6900: train_loss = 1.482012, train_acc = 0.500000, train ppl = 2.098045
Step 7000: train_loss = 1.725980, train_acc = 0.125000, train ppl = 2.370237
Step 7100: train_loss = 1.711014, train_acc = 0.125000, train ppl = 2.352567
Step 7200: train_loss = 1.874413, train_acc = 0.000000, train ppl = 2.552840
Step 7300: train_loss = 1.667439, train_acc = 0.375000, train ppl = 2.301864
Step 7400: train_loss = 1.654345, train_acc = 0.375000, train ppl = 2.286844
Step 7500: train_loss = 1.480681, train_acc = 0.250000, train ppl = 2.096650
Step 7600: train_loss = 1.645337, train_acc = 0.125000, train ppl = 2.276567
Step 7700: train_loss = 1.670972, train_acc = 0.125000, train ppl = 2.305934
Step 7800: train_loss = 1.670733, train_acc = 0.125000, train ppl = 2.305659
==== Finshed epoch 7 ====
Evaluating model...
Epoch 7: validation accuracy = 0.181000 -- validation perplexity = 2.348321
Epoch 7: test accuracy: 0.173000
---- Qualitative Analysis
Context: where was the milk before the kitchen ? mary moved to the garden . daniel grabbed the football there . mary journeyed to the kitchen . mary went to the hallway . mary journeyed to the garden . john travelled to the office . daniel journeyed to the garden . mary got the milk there . daniel discarded the football . daniel went back to the office . daniel grabbed the apple . mary took the football there . daniel left the apple . john took the apple . john went to the bathroom . daniel travelled to the bathroom . mary travelled to the hallway . sandra travelled to the hallway . john discarded the apple . john went back to the garden . mary moved to the bedroom . sandra travelled to the office . john went to the hallway . mary travelled to the kitchen . sandra went back to the garden . sandra journeyed to the bedroom . mary went back to the hallway . mary travelled to the kitchen . john went back to the bathroom . john grabbed the apple . daniel moved to the hallway . mary discarded the football there . daniel journeyed to the bedroom . mary journeyed to the office . john went to the office . mary journeyed to the bedroom . sandra travelled to the hallway . mary moved to the office . john discarded the apple there . mary put down the milk . where was the milk before the kitchen ?
Question: where was the milk before the kitchen ?
Answer: hallway </s>
Model prediction: bedroom </s>
=========================
Step 7900: train_loss = 1.617010, train_acc = 0.250000, train ppl = 2.244550
Step 8000: train_loss = 1.808291, train_acc = 0.125000, train ppl = 2.469821
Step 8100: train_loss = 1.763751, train_acc = 0.125000, train ppl = 2.415426
Step 8200: train_loss = 1.505998, train_acc = 0.375000, train ppl = 2.123359
Step 8300: train_loss = 1.666363, train_acc = 0.250000, train ppl = 2.300627
Step 8400: train_loss = 1.495325, train_acc = 0.375000, train ppl = 2.112057
Step 8500: train_loss = 1.563040, train_acc = 0.125000, train ppl = 2.184791
Step 8600: train_loss = 1.664021, train_acc = 0.125000, train ppl = 2.297934
Step 8700: train_loss = 1.583295, train_acc = 0.125000, train ppl = 2.207030
Step 8800: train_loss = 1.996577, train_acc = 0.000000, train ppl = 2.713633
Step 8900: train_loss = 1.558447, train_acc = 0.375000, train ppl = 2.179779
Step 9000: train_loss = 1.581363, train_acc = 0.125000, train ppl = 2.204899
==== Finshed epoch 8 ====
Evaluating model...
Epoch 8: validation accuracy = 0.234000 -- validation perplexity = 2.265551
Epoch 8: test accuracy: 0.218000
---- Qualitative Analysis
Context: where was the football before the office ? daniel moved to the kitchen . mary went to the office . john went to the office . daniel picked up the milk there . daniel left the milk . sandra went back to the kitchen . mary travelled to the hallway . mary went back to the bedroom . daniel moved to the office . john moved to the kitchen . john took the milk . john went back to the office . daniel moved to the kitchen . sandra moved to the bedroom . john went back to the bathroom . mary picked up the apple . mary went back to the office . john went to the office . mary discarded the apple . john got the apple . daniel went back to the bedroom . john discarded the milk . sandra moved to the office . sandra took the milk . john discarded the apple . mary grabbed the apple . mary put down the apple . john picked up the apple . daniel went to the bathroom . daniel journeyed to the kitchen . john put down the apple . mary moved to the hallway . john moved to the bathroom . daniel journeyed to the hallway . sandra travelled to the garden . mary travelled to the garden . daniel moved to the bathroom . mary picked up the football there . john went to the office . mary put down the football . sandra got the football . daniel travelled to the office . john went to the kitchen . sandra put down the milk . john travelled to the bathroom . mary took the milk . john journeyed to the office . john went back to the hallway . daniel took the apple there . mary discarded the milk there . john journeyed to the garden . daniel travelled to the bedroom . sandra journeyed to the bathroom . john journeyed to the hallway . john went back to the bedroom . sandra went back to the garden . sandra left the football there . sandra moved to the office . mary got the football . mary put down the football . john journeyed to the kitchen . daniel dropped the apple there . daniel got the apple . sandra went to the garden . mary got the football . daniel moved to the kitchen . sandra went back to the office . sandra travelled to the bathroom . mary got the milk . mary journeyed to the bedroom . daniel left the apple . daniel grabbed the apple . sandra moved to the hallway . daniel dropped the apple . mary went to the office . daniel took the apple there . mary left the football . mary moved to the bathroom . daniel went to the bedroom . john journeyed to the garden . where was the football before the office ?
Question: where was the football before the office ?
Answer: bedroom </s>
Model prediction: bathroom </s>
=========================
Model checkpoint saved in models/dummy/best_model.ckpt
Step 9100: train_loss = 1.643771, train_acc = 0.125000, train ppl = 2.274785
Step 9200: train_loss = 1.766764, train_acc = 0.125000, train ppl = 2.419067
Step 9300: train_loss = 1.813661, train_acc = 0.000000, train ppl = 2.476460
Step 9400: train_loss = 1.774090, train_acc = 0.125000, train ppl = 2.427944
Step 9500: train_loss = 1.456369, train_acc = 0.625000, train ppl = 2.071316
Step 9600: train_loss = 1.778977, train_acc = 0.000000, train ppl = 2.433884
Step 9700: train_loss = 1.722595, train_acc = 0.000000, train ppl = 2.366229
Step 9800: train_loss = 1.723681, train_acc = 0.125000, train ppl = 2.367514
Step 9900: train_loss = 1.806292, train_acc = 0.125000, train ppl = 2.467354
Step 10000: train_loss = 1.770465, train_acc = 0.125000, train ppl = 2.423548
Step 10100: train_loss = 1.631552, train_acc = 0.125000, train ppl = 2.260929
==== Finshed epoch 9 ====
Evaluating model...
Epoch 9: validation accuracy = 0.213000 -- validation perplexity = 2.274408
Epoch 9: test accuracy: 0.184000
---- Qualitative Analysis
Context: where was the football before the bedroom ? mary picked up the milk . daniel moved to the hallway . mary went to the office . mary left the milk there . mary got the milk . john journeyed to the office . daniel journeyed to the bathroom . mary put down the milk . john went back to the kitchen . mary went to the bathroom . john grabbed the football . daniel journeyed to the hallway . john went to the bathroom . sandra went back to the garden . daniel moved to the bathroom . john discarded the football there . daniel got the football . mary moved to the hallway . daniel journeyed to the kitchen . john went back to the garden . mary journeyed to the bathroom . sandra travelled to the kitchen . daniel dropped the football . sandra journeyed to the hallway . daniel picked up the apple . mary travelled to the bedroom . daniel dropped the apple . sandra journeyed to the office . daniel moved to the office . john travelled to the kitchen . sandra picked up the milk . sandra moved to the garden . sandra journeyed to the kitchen . sandra took the football . mary travelled to the office . john picked up the apple . daniel moved to the hallway . sandra left the football . sandra moved to the garden . daniel went back to the garden . john travelled to the bathroom . mary journeyed to the bathroom . mary went to the bedroom . sandra moved to the bedroom . john put down the apple . john grabbed the apple . john discarded the apple . john travelled to the bedroom . sandra dropped the milk . mary went to the bathroom . john grabbed the milk . john moved to the garden . mary journeyed to the garden . john discarded the milk . mary grabbed the milk . mary put down the milk . daniel journeyed to the bedroom . mary took the milk . john moved to the kitchen . john grabbed the football . mary left the milk . john travelled to the garden . john grabbed the milk . mary went back to the bedroom . john dropped the football there . daniel went to the office . daniel travelled to the hallway . john picked up the football . daniel went back to the garden . john went back to the hallway . john put down the milk . john grabbed the milk . john went to the office . mary went to the bathroom . john journeyed to the garden . john journeyed to the bedroom . daniel journeyed to the hallway . john dropped the football . where was the football before the bedroom ?
Question: where was the football before the bedroom ?
Answer: garden </s>
Model prediction: bathroom </s>
=========================
Step 10200: train_loss = 1.603229, train_acc = 0.250000, train ppl = 2.229137
Step 10300: train_loss = 1.587515, train_acc = 0.125000, train ppl = 2.211691
Step 10400: train_loss = 1.591420, train_acc = 0.250000, train ppl = 2.216014
Step 10500: train_loss = 1.478623, train_acc = 0.375000, train ppl = 2.094492
Step 10600: train_loss = 1.542973, train_acc = 0.375000, train ppl = 2.162979
Step 10700: train_loss = 1.332536, train_acc = 0.500000, train ppl = 1.946958
Step 10800: train_loss = 1.612615, train_acc = 0.375000, train ppl = 2.239623
Step 10900: train_loss = 1.670343, train_acc = 0.000000, train ppl = 2.305209
Step 11000: train_loss = 1.530628, train_acc = 0.250000, train ppl = 2.149670
Step 11100: train_loss = 2.073399, train_acc = 0.125000, train ppl = 2.819895
Step 11200: train_loss = 1.702866, train_acc = 0.125000, train ppl = 2.343002
==== Finshed epoch 10 ====
Evaluating model...
Epoch 10: validation accuracy = 0.185000 -- validation perplexity = 2.287685
Epoch 10: test accuracy: 0.172000
---- Qualitative Analysis
Context: where was the apple before the bedroom ? daniel journeyed to the kitchen . sandra went back to the bathroom . mary journeyed to the bathroom . mary went to the hallway . sandra went to the office . john moved to the hallway . john travelled to the kitchen . daniel went back to the hallway . sandra journeyed to the bedroom . john went back to the bathroom . daniel moved to the bathroom . john went back to the bedroom . daniel travelled to the kitchen . mary travelled to the bedroom . daniel travelled to the bathroom . daniel travelled to the kitchen . mary moved to the bathroom . sandra went to the kitchen . daniel travelled to the office . john journeyed to the garden . daniel travelled to the kitchen . daniel picked up the apple . daniel dropped the apple . mary moved to the garden . sandra grabbed the apple . sandra moved to the hallway . john went back to the bedroom . sandra travelled to the bedroom . john moved to the office . mary travelled to the bedroom . sandra moved to the hallway . sandra journeyed to the office . john travelled to the garden . sandra discarded the apple there . daniel grabbed the milk . daniel travelled to the hallway . daniel dropped the milk . daniel took the milk . where was the apple before the bedroom ?
Question: where was the apple before the bedroom ?
Answer: hallway </s>
Model prediction: kitchen </s>
=========================
Step 11300: train_loss = 1.683560, train_acc = 0.000000, train ppl = 2.320494
Step 11400: train_loss = 1.814481, train_acc = 0.000000, train ppl = 2.477477
Step 11500: train_loss = 1.720332, train_acc = 0.125000, train ppl = 2.363553
Step 11600: train_loss = 1.598374, train_acc = 0.250000, train ppl = 2.223732
Step 11700: train_loss = 1.655390, train_acc = 0.125000, train ppl = 2.288039
Step 11800: train_loss = 1.604412, train_acc = 0.500000, train ppl = 2.230456
Step 11900: train_loss = 1.562342, train_acc = 0.375000, train ppl = 2.184028
Step 12000: train_loss = 1.652088, train_acc = 0.250000, train ppl = 2.284264
Step 12100: train_loss = 1.688532, train_acc = 0.125000, train ppl = 2.326269
Step 12200: train_loss = 1.632603, train_acc = 0.125000, train ppl = 2.262118
Step 12300: train_loss = 1.626855, train_acc = 0.250000, train ppl = 2.255625
==== Finshed epoch 11 ====
Evaluating model...
Epoch 11: validation accuracy = 0.176000 -- validation perplexity = 2.291945
Epoch 11: test accuracy: 0.172000
---- Qualitative Analysis
Context: where was the apple before the garden ? john moved to the hallway . john got the football . john got the apple . mary travelled to the garden . john left the apple . daniel journeyed to the garden . john picked up the apple . daniel went back to the bedroom . daniel journeyed to the office . john discarded the apple . sandra journeyed to the kitchen . john took the apple there . mary travelled to the bathroom . daniel went back to the hallway . mary journeyed to the office . mary went to the bathroom . john went back to the bathroom . mary travelled to the kitchen . mary moved to the office . daniel went to the bathroom . sandra moved to the office . sandra picked up the milk . sandra moved to the bathroom . sandra went to the kitchen . sandra went back to the bathroom . john travelled to the garden . john dropped the football . john went back to the office . sandra dropped the milk . john travelled to the bathroom . john went to the garden . john put down the apple . where was the apple before the garden ?
Question: where was the apple before the garden ?
Answer: bathroom </s>
Model prediction: kitchen </s>
=========================
Step 12400: train_loss = 1.565188, train_acc = 0.375000, train ppl = 2.187138
Step 12500: train_loss = 1.560175, train_acc = 0.250000, train ppl = 2.181664
Step 12600: train_loss = 1.586980, train_acc = 0.250000, train ppl = 2.211099
Step 12700: train_loss = 1.806852, train_acc = 0.000000, train ppl = 2.468044
Step 12800: train_loss = 1.632764, train_acc = 0.250000, train ppl = 2.262300
Step 12900: train_loss = 1.691762, train_acc = 0.125000, train ppl = 2.330030
Step 13000: train_loss = 1.592787, train_acc = 0.375000, train ppl = 2.217529
Step 13100: train_loss = 1.815883, train_acc = 0.000000, train ppl = 2.479214
Step 13200: train_loss = 1.525857, train_acc = 0.125000, train ppl = 2.144547
Step 13300: train_loss = 1.684485, train_acc = 0.125000, train ppl = 2.321567
Step 13400: train_loss = 1.701746, train_acc = 0.250000, train ppl = 2.341691
Step 13500: train_loss = 1.720443, train_acc = 0.125000, train ppl = 2.363685
==== Finshed epoch 12 ====
Evaluating model...
Epoch 12: validation accuracy = 0.194000 -- validation perplexity = 2.345251
Epoch 12: test accuracy: 0.205000
---- Qualitative Analysis
Context: where was the football before the kitchen ? sandra got the milk . mary travelled to the bedroom . mary travelled to the garden . john moved to the hallway . sandra discarded the milk . mary went to the hallway . daniel went to the bedroom . daniel travelled to the hallway . daniel journeyed to the bathroom . daniel moved to the garden . mary went back to the garden . daniel travelled to the hallway . sandra went back to the office . sandra moved to the bedroom . mary went back to the hallway . sandra moved to the office . sandra went to the hallway . sandra travelled to the kitchen . sandra travelled to the bedroom . john travelled to the office . sandra took the football . john travelled to the garden . sandra left the football there . john travelled to the bathroom . john journeyed to the office . john journeyed to the bathroom . sandra journeyed to the hallway . john went back to the garden . sandra travelled to the office . mary went to the garden . daniel travelled to the bedroom . mary journeyed to the office . daniel travelled to the bathroom . mary journeyed to the bathroom . mary travelled to the office . daniel travelled to the kitchen . sandra moved to the bedroom . mary journeyed to the bedroom . john travelled to the bedroom . sandra journeyed to the bathroom . john took the football there . sandra travelled to the garden . john travelled to the hallway . daniel journeyed to the garden . sandra travelled to the bedroom . john moved to the kitchen . john picked up the apple . sandra went to the garden . john discarded the football . mary went back to the office . john discarded the apple . john went to the bedroom . where was the football before the kitchen ?
Question: where was the football before the kitchen ?
Answer: hallway </s>
Model prediction: bedroom </s>
=========================
Step 13600: train_loss = 1.747585, train_acc = 0.000000, train ppl = 2.395980
Step 13700: train_loss = 1.588250, train_acc = 0.375000, train ppl = 2.212504
Step 13800: train_loss = 1.582793, train_acc = 0.375000, train ppl = 2.206476
Step 13900: train_loss = 1.690947, train_acc = 0.125000, train ppl = 2.329080
Step 14000: train_loss = 1.561203, train_acc = 0.375000, train ppl = 2.182785
Step 14100: train_loss = 1.475372, train_acc = 0.375000, train ppl = 2.091091
Step 14200: train_loss = 1.752516, train_acc = 0.000000, train ppl = 2.401895
Step 14300: train_loss = 1.654746, train_acc = 0.125000, train ppl = 2.287302
Step 14400: train_loss = 1.546247, train_acc = 0.500000, train ppl = 2.166523
Step 14500: train_loss = 1.727018, train_acc = 0.375000, train ppl = 2.371467
Step 14600: train_loss = 1.627963, train_acc = 0.375000, train ppl = 2.256876
==== Finshed epoch 13 ====
Evaluating model...
Epoch 13: validation accuracy = 0.209000 -- validation perplexity = 2.252853
Epoch 13: test accuracy: 0.244000
---- Qualitative Analysis
Context: where was the apple before the garden ? john journeyed to the hallway . john grabbed the milk . mary moved to the bedroom . sandra went to the office . john took the football . john discarded the football there . daniel journeyed to the kitchen . sandra moved to the hallway . sandra went back to the garden . daniel went back to the bedroom . john put down the milk there . john got the milk . sandra got the apple there . john discarded the milk there . sandra moved to the bedroom . sandra journeyed to the garden . where was the apple before the garden ?
Question: where was the apple before the garden ?
Answer: bedroom </s>
Model prediction: kitchen </s>
=========================
Step 14700: train_loss = 1.629092, train_acc = 0.000000, train ppl = 2.258151
Step 14800: train_loss = 1.734188, train_acc = 0.250000, train ppl = 2.379985
Step 14900: train_loss = 1.705075, train_acc = 0.250000, train ppl = 2.345591
Step 15000: train_loss = 1.612923, train_acc = 0.250000, train ppl = 2.239968
Step 15100: train_loss = 1.600486, train_acc = 0.375000, train ppl = 2.226081
Step 15200: train_loss = 1.645367, train_acc = 0.375000, train ppl = 2.276601
Step 15300: train_loss = 1.642212, train_acc = 0.250000, train ppl = 2.273012
Step 15400: train_loss = 1.734261, train_acc = 0.125000, train ppl = 2.380071
Step 15500: train_loss = 1.657269, train_acc = 0.250000, train ppl = 2.290189
Step 15600: train_loss = 1.705010, train_acc = 0.125000, train ppl = 2.345515
Step 15700: train_loss = 1.662097, train_acc = 0.250000, train ppl = 2.295724
==== Finshed epoch 14 ====
Evaluating model...
Epoch 14: validation accuracy = 0.227000 -- validation perplexity = 2.255298
Epoch 14: test accuracy: 0.241000
---- Qualitative Analysis
Context: where was the milk before the office ? john went back to the office . mary went back to the bedroom . mary journeyed to the office . mary went to the hallway . mary journeyed to the office . mary journeyed to the bathroom . daniel grabbed the milk . mary went back to the garden . mary went back to the bedroom . mary took the apple . mary discarded the apple . mary took the apple . daniel moved to the garden . john journeyed to the bathroom . sandra journeyed to the bathroom . mary left the apple . sandra went to the bedroom . daniel went back to the bedroom . mary took the apple there . sandra picked up the football . john journeyed to the office . sandra left the football . daniel moved to the hallway . sandra grabbed the football . daniel journeyed to the office . daniel journeyed to the bedroom . mary went to the office . daniel went to the office . mary discarded the apple . mary went back to the hallway . daniel discarded the milk . sandra discarded the football . where was the milk before the office ?
Question: where was the milk before the office ?
Answer: bedroom </s>
Model prediction: garden </s>
=========================
Step 15800: train_loss = 1.646974, train_acc = 0.125000, train ppl = 2.278431
Step 15900: train_loss = 1.667337, train_acc = 0.250000, train ppl = 2.301747
Step 16000: train_loss = 1.505312, train_acc = 0.500000, train ppl = 2.122630
Step 16100: train_loss = 1.544072, train_acc = 0.375000, train ppl = 2.164168
