model_dir:                models/dummy
max_gradient_norm:        1.0
num_units:                128
merge_mode:               concat
encoder_type:             bi
embedding_size:           128
data_dir:                 data/en-10k
dropout_keep_prob:        0.7
num_enc_layers:           1
learning_rate:            0.01
optimizer:                adam
restore_from_dir:         None
num_epochs:               50
vocab:                    data/vocab.txt
task:                     17
cell_type:                gru
val_split:                0.1
model_type:               attention
batch_size:               8
Loading data...
vocabulary size = 487
Building model...
Running initializers...
Creating summary writers...
Performing evaluation before training...
---- Qualitative Analysis
Context: is the red sphere to the left of the red square ? the yellow square is to the right of the red square . the yellow square is below the red sphere . is the red sphere to the left of the red square ?
Question: is the red sphere to the left of the red square ?
Answer: no </s>
Model prediction: 179 179 179 179 179 179 179 179 179 179
=========================
Step 100: train_loss = 0.697069, train_acc = 0.375000, train ppl = 1.416989
Step 200: train_loss = 0.672290, train_acc = 0.625000, train ppl = 1.399542
Step 300: train_loss = 0.760003, train_acc = 0.500000, train ppl = 1.462287
Step 400: train_loss = 0.762419, train_acc = 0.125000, train ppl = 1.464054
Step 500: train_loss = 1.228748, train_acc = 0.250000, train ppl = 1.848499
Step 600: train_loss = 0.718568, train_acc = 0.500000, train ppl = 1.432303
Step 700: train_loss = 0.565101, train_acc = 0.750000, train ppl = 1.326509
Step 800: train_loss = 1.170410, train_acc = 0.250000, train ppl = 1.795359
Step 900: train_loss = 0.665942, train_acc = 0.625000, train ppl = 1.395107
Step 1000: train_loss = 1.635270, train_acc = 0.125000, train ppl = 2.265136
Step 1100: train_loss = 0.695279, train_acc = 0.500000, train ppl = 1.415722
==== Finshed epoch 1 ====
Evaluating model...
Epoch 1: validation accuracy = 0.523000 -- validation perplexity = 1.874608
Epoch 1: test accuracy: 0.480000
---- Qualitative Analysis
Context: is the yellow square to the right of the pink rectangle ? the red sphere is to the right of the yellow square . the red sphere is above the pink rectangle . is the yellow square to the right of the pink rectangle ?
Question: is the yellow square to the right of the pink rectangle ?
Answer: no </s>
Model prediction: no </s>
=========================
Model checkpoint saved in models/dummy/best_model.ckpt
Step 1200: train_loss = 0.685723, train_acc = 0.625000, train ppl = 1.408974
Step 1300: train_loss = 0.593292, train_acc = 0.750000, train ppl = 1.345339
Step 1400: train_loss = 0.588029, train_acc = 0.750000, train ppl = 1.341803
Step 1500: train_loss = 0.735567, train_acc = 0.375000, train ppl = 1.444529
Step 1600: train_loss = 0.906690, train_acc = 0.500000, train ppl = 1.573567
Step 1700: train_loss = 0.608210, train_acc = 0.750000, train ppl = 1.355412
Step 1800: train_loss = 1.075267, train_acc = 0.375000, train ppl = 1.711951
Step 1900: train_loss = 0.736126, train_acc = 0.375000, train ppl = 1.444933
Step 2000: train_loss = 0.566637, train_acc = 0.750000, train ppl = 1.327528
Step 2100: train_loss = 1.701876, train_acc = 0.375000, train ppl = 2.341843
Step 2200: train_loss = 0.672796, train_acc = 0.625000, train ppl = 1.399896
==== Finshed epoch 2 ====
Evaluating model...
Epoch 2: validation accuracy = 0.523000 -- validation perplexity = 1.483673
Epoch 2: test accuracy: 0.480000
---- Qualitative Analysis
Context: is the pink rectangle above the triangle ? the red square is below the triangle . the pink rectangle is to the left of the red square . is the pink rectangle above the triangle ?
Question: is the pink rectangle above the triangle ?
Answer: no </s>
Model prediction: no </s>
=========================
Step 2300: train_loss = 0.749940, train_acc = 0.500000, train ppl = 1.454948
Step 2400: train_loss = 0.661621, train_acc = 0.625000, train ppl = 1.392096
Step 2500: train_loss = 0.683403, train_acc = 0.625000, train ppl = 1.407340
Step 2600: train_loss = 0.773448, train_acc = 0.250000, train ppl = 1.472150
Step 2700: train_loss = 0.562921, train_acc = 0.750000, train ppl = 1.325064
Step 2800: train_loss = 0.829464, train_acc = 0.375000, train ppl = 1.513965
Step 2900: train_loss = 0.662087, train_acc = 0.625000, train ppl = 1.392420
Step 3000: train_loss = 0.704717, train_acc = 0.500000, train ppl = 1.422418
Step 3100: train_loss = 1.320561, train_acc = 0.250000, train ppl = 1.935335
Step 3200: train_loss = 0.754189, train_acc = 0.500000, train ppl = 1.458042
Step 3300: train_loss = 0.787640, train_acc = 0.500000, train ppl = 1.482633
==== Finshed epoch 3 ====
Evaluating model...
Epoch 3: validation accuracy = 0.477000 -- validation perplexity = 1.415893
Epoch 3: test accuracy: 0.520000
---- Qualitative Analysis
Context: is the red square above the red sphere ? the red square is to the left of the blue square . the blue square is above the red sphere . is the red square above the red sphere ?
Question: is the red square above the red sphere ?
Answer: yes </s>
Model prediction: yes </s>
=========================
Step 3400: train_loss = 0.744000, train_acc = 0.500000, train ppl = 1.450633
Step 3500: train_loss = 0.851643, train_acc = 0.125000, train ppl = 1.530847
Step 3600: train_loss = 0.771187, train_acc = 0.375000, train ppl = 1.470487
Step 3700: train_loss = 0.675745, train_acc = 0.625000, train ppl = 1.401962
Step 3800: train_loss = 0.708843, train_acc = 0.500000, train ppl = 1.425356
Step 3900: train_loss = 0.765955, train_acc = 0.625000, train ppl = 1.466645
Step 4000: train_loss = 0.665046, train_acc = 0.625000, train ppl = 1.394482
Step 4100: train_loss = 0.689770, train_acc = 0.625000, train ppl = 1.411827
Step 4200: train_loss = 0.748499, train_acc = 0.250000, train ppl = 1.453900
Step 4300: train_loss = 1.140980, train_acc = 0.125000, train ppl = 1.769134
Step 4400: train_loss = 1.199965, train_acc = 0.125000, train ppl = 1.822087
Step 4500: train_loss = 0.703599, train_acc = 0.375000, train ppl = 1.421623
==== Finshed epoch 4 ====
Evaluating model...
Epoch 4: validation accuracy = 0.523000 -- validation perplexity = 1.418325
Epoch 4: test accuracy: 0.480000
---- Qualitative Analysis
Context: is the yellow square to the left of the red sphere ? the pink rectangle is to the left of the red sphere . the yellow square is above the pink rectangle . is the yellow square to the left of the red sphere ?
Question: is the yellow square to the left of the red sphere ?
Answer: yes </s>
Model prediction: no </s>
=========================
Step 4600: train_loss = 0.759773, train_acc = 0.375000, train ppl = 1.462119
Step 4700: train_loss = 0.742776, train_acc = 0.500000, train ppl = 1.449746
Step 4800: train_loss = 0.686376, train_acc = 0.625000, train ppl = 1.409434
Step 4900: train_loss = 0.743976, train_acc = 0.375000, train ppl = 1.450615
Step 5000: train_loss = 0.747343, train_acc = 0.625000, train ppl = 1.453060
Step 5100: train_loss = 0.686055, train_acc = 0.625000, train ppl = 1.409207
Step 5200: train_loss = 0.824670, train_acc = 0.375000, train ppl = 1.510340
Step 5300: train_loss = 0.839844, train_acc = 0.500000, train ppl = 1.521843
Step 5400: train_loss = 0.677446, train_acc = 0.750000, train ppl = 1.403155
Step 5500: train_loss = 0.679491, train_acc = 0.625000, train ppl = 1.404590
Step 5600: train_loss = 0.727497, train_acc = 0.625000, train ppl = 1.438712
==== Finshed epoch 5 ====
Evaluating model...
Epoch 5: validation accuracy = 0.523000 -- validation perplexity = 1.416999
Epoch 5: test accuracy: 0.480000
---- Qualitative Analysis
Context: is the pink rectangle to the right of the red square ? the triangle is below the pink rectangle . the triangle is to the left of the red square . is the pink rectangle to the right of the red square ?
Question: is the pink rectangle to the right of the red square ?
Answer: no </s>
Model prediction: no </s>
=========================
Step 5700: train_loss = 0.696102, train_acc = 0.500000, train ppl = 1.416304
Step 5800: train_loss = 0.714694, train_acc = 0.500000, train ppl = 1.429532
Step 5900: train_loss = 0.713656, train_acc = 0.375000, train ppl = 1.428790
Step 6000: train_loss = 0.737091, train_acc = 0.750000, train ppl = 1.445631
Step 6100: train_loss = 0.879069, train_acc = 0.500000, train ppl = 1.551985
Step 6200: train_loss = 0.727887, train_acc = 0.375000, train ppl = 1.438993
Step 6300: train_loss = 1.140619, train_acc = 0.125000, train ppl = 1.768814
Step 6400: train_loss = 0.961036, train_acc = 0.500000, train ppl = 1.616912
Step 6500: train_loss = 0.673905, train_acc = 0.625000, train ppl = 1.400673
Step 6600: train_loss = 0.699932, train_acc = 0.375000, train ppl = 1.419019
Step 6700: train_loss = 0.661965, train_acc = 0.625000, train ppl = 1.392335
==== Finshed epoch 6 ====
Evaluating model...
Epoch 6: validation accuracy = 0.477000 -- validation perplexity = 1.418077
Epoch 6: test accuracy: 0.520000
---- Qualitative Analysis
Context: is the red sphere to the left of the pink rectangle ? the blue square is to the left of the red sphere . the blue square is below the pink rectangle . is the red sphere to the left of the pink rectangle ?
Question: is the red sphere to the left of the pink rectangle ?
Answer: no </s>
Model prediction: yes </s>
=========================
Step 6800: train_loss = 0.631795, train_acc = 0.750000, train ppl = 1.371490
Step 6900: train_loss = 0.562829, train_acc = 0.750000, train ppl = 1.325003
Step 7000: train_loss = 1.078871, train_acc = 0.250000, train ppl = 1.715039
Step 7100: train_loss = 0.664258, train_acc = 0.625000, train ppl = 1.393932
Step 7200: train_loss = 0.725076, train_acc = 0.375000, train ppl = 1.436972
Step 7300: train_loss = 0.693685, train_acc = 0.625000, train ppl = 1.414594
Step 7400: train_loss = 0.662136, train_acc = 0.625000, train ppl = 1.392455
Step 7500: train_loss = 0.734229, train_acc = 0.625000, train ppl = 1.443563
Step 7600: train_loss = 0.667580, train_acc = 0.625000, train ppl = 1.396250
Step 7700: train_loss = 1.163632, train_acc = 0.500000, train ppl = 1.789285
Step 7800: train_loss = 0.723964, train_acc = 0.250000, train ppl = 1.436173
==== Finshed epoch 7 ====
Evaluating model...
Epoch 7: validation accuracy = 0.523000 -- validation perplexity = 1.446290
Epoch 7: test accuracy: 0.480000
---- Qualitative Analysis
Context: is the red sphere below the red square ? the triangle is below the red sphere . the red square is to the left of the triangle . is the red sphere below the red square ?
Question: is the red sphere below the red square ?
Answer: no </s>
Model prediction: no </s>
=========================
Step 7900: train_loss = 1.097692, train_acc = 0.250000, train ppl = 1.731254
Step 8000: train_loss = 0.567261, train_acc = 0.750000, train ppl = 1.327942
Step 8100: train_loss = 0.705277, train_acc = 0.375000, train ppl = 1.422817
Step 8200: train_loss = 1.074433, train_acc = 0.250000, train ppl = 1.711237
Step 8300: train_loss = 0.870438, train_acc = 0.375000, train ppl = 1.545301
Step 8400: train_loss = 1.068698, train_acc = 0.500000, train ppl = 1.706337
Step 8500: train_loss = 0.722629, train_acc = 0.375000, train ppl = 1.435215
Step 8600: train_loss = 0.778337, train_acc = 0.500000, train ppl = 1.475753
Step 8700: train_loss = 0.974167, train_acc = 0.250000, train ppl = 1.627562
Step 8800: train_loss = 0.375291, train_acc = 0.875000, train ppl = 1.206406
Step 8900: train_loss = 1.123376, train_acc = 0.250000, train ppl = 1.753630
Step 9000: train_loss = 0.550191, train_acc = 0.625000, train ppl = 1.316656
==== Finshed epoch 8 ====
Evaluating model...
Epoch 8: validation accuracy = 0.477000 -- validation perplexity = 1.475410
Epoch 8: test accuracy: 0.520000
---- Qualitative Analysis
Context: is the yellow square to the left of the red sphere ? the pink rectangle is to the left of the red sphere . the yellow square is above the pink rectangle . is the yellow square to the left of the red sphere ?
Question: is the yellow square to the left of the red sphere ?
Answer: yes </s>
Model prediction: yes </s>
=========================
Step 9100: train_loss = 1.237411, train_acc = 0.375000, train ppl = 1.856523
Step 9200: train_loss = 0.643754, train_acc = 0.625000, train ppl = 1.379715
Step 9300: train_loss = 0.729290, train_acc = 0.625000, train ppl = 1.440003
Step 9400: train_loss = 0.947282, train_acc = 0.375000, train ppl = 1.605831
Step 9500: train_loss = 0.790177, train_acc = 0.500000, train ppl = 1.484515
Step 9600: train_loss = 1.025675, train_acc = 0.250000, train ppl = 1.670023
Step 9700: train_loss = 0.849038, train_acc = 0.375000, train ppl = 1.528855
Step 9800: train_loss = 0.756228, train_acc = 0.125000, train ppl = 1.459529
Step 9900: train_loss = 0.729857, train_acc = 0.500000, train ppl = 1.440411
Step 10000: train_loss = 0.682639, train_acc = 0.500000, train ppl = 1.406803
Step 10100: train_loss = 0.743753, train_acc = 0.375000, train ppl = 1.450454
==== Finshed epoch 9 ====
Evaluating model...
Epoch 9: validation accuracy = 0.477000 -- validation perplexity = 1.460965
Epoch 9: test accuracy: 0.520000
---- Qualitative Analysis
Context: is the blue square to the left of the triangle ? the blue square is above the red square . the red square is to the left of the triangle . is the blue square to the left of the triangle ?
Question: is the blue square to the left of the triangle ?
Answer: yes </s>
Model prediction: yes </s>
=========================
Step 10200: train_loss = 1.052890, train_acc = 0.375000, train ppl = 1.692904
Step 10300: train_loss = 0.874782, train_acc = 0.375000, train ppl = 1.548661
Step 10400: train_loss = 4.244264, train_acc = 0.375000, train ppl = 8.348917
Step 10500: train_loss = 0.753267, train_acc = 0.500000, train ppl = 1.457370
Step 10600: train_loss = 0.932034, train_acc = 0.125000, train ppl = 1.593634
Step 10700: train_loss = 0.511718, train_acc = 0.875000, train ppl = 1.291571
Step 10800: train_loss = 0.876870, train_acc = 0.500000, train ppl = 1.550279
Step 10900: train_loss = 0.662068, train_acc = 0.625000, train ppl = 1.392407
Step 11000: train_loss = 0.856111, train_acc = 0.375000, train ppl = 1.534271
Step 11100: train_loss = 0.727064, train_acc = 0.375000, train ppl = 1.438401
Step 11200: train_loss = 0.745650, train_acc = 0.500000, train ppl = 1.451830
==== Finshed epoch 10 ====
Evaluating model...
Epoch 10: validation accuracy = 0.477000 -- validation perplexity = 1.795259
Epoch 10: test accuracy: 0.520000
---- Qualitative Analysis
Context: is the yellow square to the right of the red square ? the red sphere is above the yellow square . the red sphere is to the right of the red square . is the yellow square to the right of the red square ?
Question: is the yellow square to the right of the red square ?
Answer: yes </s>
Model prediction: yes </s>
=========================
Step 11300: train_loss = 0.757885, train_acc = 0.500000, train ppl = 1.460739
Step 11400: train_loss = 0.719461, train_acc = 0.500000, train ppl = 1.432943
Step 11500: train_loss = 0.882618, train_acc = 0.375000, train ppl = 1.554741
Step 11600: train_loss = 0.838884, train_acc = 0.375000, train ppl = 1.521112
Step 11700: train_loss = 1.021925, train_acc = 0.375000, train ppl = 1.666895
Step 11800: train_loss = 1.091877, train_acc = 0.375000, train ppl = 1.726227
Step 11900: train_loss = 0.565580, train_acc = 0.750000, train ppl = 1.326826
Step 12000: train_loss = 0.595843, train_acc = 0.750000, train ppl = 1.347056
Step 12100: train_loss = 0.960460, train_acc = 0.500000, train ppl = 1.616446
Step 12200: train_loss = 0.696526, train_acc = 0.500000, train ppl = 1.416605
Step 12300: train_loss = 0.742786, train_acc = 0.500000, train ppl = 1.449753
==== Finshed epoch 11 ====
Evaluating model...
Epoch 11: validation accuracy = 0.477000 -- validation perplexity = 1.444123
Epoch 11: test accuracy: 0.520000
---- Qualitative Analysis
Context: is the yellow square to the right of the red square ? the triangle is to the left of the yellow square . the red square is to the left of the triangle . is the yellow square to the right of the red square ?
Question: is the yellow square to the right of the red square ?
Answer: yes </s>
Model prediction: yes </s>
=========================
Step 12400: train_loss = 0.763171, train_acc = 0.500000, train ppl = 1.464605
Step 12500: train_loss = 0.569686, train_acc = 0.750000, train ppl = 1.329553
Step 12600: train_loss = 0.882913, train_acc = 0.250000, train ppl = 1.554971
Step 12700: train_loss = 0.718578, train_acc = 0.500000, train ppl = 1.432311
Step 12800: train_loss = 1.475101, train_acc = 0.125000, train ppl = 2.090808
Step 12900: train_loss = 9.754282, train_acc = 0.500000, train ppl = 131.254868
Step 13000: train_loss = 1.192229, train_acc = 0.250000, train ppl = 1.815052
Step 13100: train_loss = 0.813226, train_acc = 0.500000, train ppl = 1.501723
Step 13200: train_loss = 0.693753, train_acc = 0.500000, train ppl = 1.414642
Step 13300: train_loss = 0.563455, train_acc = 0.875000, train ppl = 1.325417
Step 13400: train_loss = 0.786868, train_acc = 0.625000, train ppl = 1.482061
Step 13500: train_loss = 1.155678, train_acc = 0.500000, train ppl = 1.782183
==== Finshed epoch 12 ====
Evaluating model...
Epoch 12: validation accuracy = 0.477000 -- validation perplexity = 1.600794
Epoch 12: test accuracy: 0.520000
---- Qualitative Analysis
Context: is the red sphere to the right of the blue square ? the triangle is above the red sphere . the triangle is to the right of the blue square . is the red sphere to the right of the blue square ?
Question: is the red sphere to the right of the blue square ?
Answer: yes </s>
Model prediction: yes </s>
=========================
Step 13600: train_loss = 0.747894, train_acc = 0.375000, train ppl = 1.453460
Step 13700: train_loss = 0.506881, train_acc = 0.750000, train ppl = 1.288451
Step 13800: train_loss = 0.707582, train_acc = 0.500000, train ppl = 1.424458
Step 13900: train_loss = 1.053002, train_acc = 0.125000, train ppl = 1.692998
Step 14000: train_loss = 0.813527, train_acc = 0.500000, train ppl = 1.501949
Step 14100: train_loss = 0.655942, train_acc = 0.625000, train ppl = 1.388149
Step 14200: train_loss = 1.138885, train_acc = 0.625000, train ppl = 1.767282
Step 14300: train_loss = 0.636656, train_acc = 0.500000, train ppl = 1.374827
Step 14400: train_loss = 0.772069, train_acc = 0.500000, train ppl = 1.471135
Step 14500: train_loss = 0.801161, train_acc = 0.500000, train ppl = 1.492691
Step 14600: train_loss = 0.755191, train_acc = 0.375000, train ppl = 1.458772
==== Finshed epoch 13 ====
Evaluating model...
Epoch 13: validation accuracy = 0.477000 -- validation perplexity = 1.423630
Epoch 13: test accuracy: 0.520000
---- Qualitative Analysis
Context: is the red square to the right of the red sphere ? the yellow square is below the red square . the yellow square is to the left of the red sphere . is the red square to the right of the red sphere ?
Question: is the red square to the right of the red sphere ?
Answer: no </s>
Model prediction: yes </s>
=========================
Step 14700: train_loss = 1.111101, train_acc = 0.375000, train ppl = 1.742900
Step 14800: train_loss = 0.834289, train_acc = 0.500000, train ppl = 1.517622
Step 14900: train_loss = 0.882528, train_acc = 0.375000, train ppl = 1.554671
Step 15000: train_loss = 0.736832, train_acc = 0.500000, train ppl = 1.445443
Step 15100: train_loss = 0.672233, train_acc = 0.500000, train ppl = 1.399502
Step 15200: train_loss = 0.515756, train_acc = 0.875000, train ppl = 1.294181
Step 15300: train_loss = 0.951573, train_acc = 0.500000, train ppl = 1.609280
Step 15400: train_loss = 1.215504, train_acc = 0.375000, train ppl = 1.836299
Step 15500: train_loss = 0.806578, train_acc = 0.500000, train ppl = 1.496740
Step 15600: train_loss = 0.642218, train_acc = 0.750000, train ppl = 1.378656
Step 15700: train_loss = 0.564312, train_acc = 0.625000, train ppl = 1.325985
==== Finshed epoch 14 ====
Evaluating model...
Epoch 14: validation accuracy = 0.477000 -- validation perplexity = 1.434293
Epoch 14: test accuracy: 0.520000
---- Qualitative Analysis
Context: is the triangle below the red sphere ? the yellow square is above the triangle . the red sphere is to the left of the yellow square . is the triangle below the red sphere ?
Question: is the triangle below the red sphere ?
Answer: yes </s>
Model prediction: yes </s>
=========================
Step 15800: train_loss = 0.734547, train_acc = 0.500000, train ppl = 1.443792
Step 15900: train_loss = 0.866455, train_acc = 0.375000, train ppl = 1.542227
Step 16000: train_loss = 0.717309, train_acc = 0.625000, train ppl = 1.431402
Step 16100: train_loss = 0.708256, train_acc = 0.625000, train ppl = 1.424937
Step 16200: train_loss = 0.594700, train_acc = 0.750000, train ppl = 1.346287
Step 16300: train_loss = 0.672215, train_acc = 0.750000, train ppl = 1.399489
Step 16400: train_loss = 0.634996, train_acc = 0.625000, train ppl = 1.373687
Step 16500: train_loss = 0.703448, train_acc = 0.625000, train ppl = 1.421516
Step 16600: train_loss = 1.033439, train_acc = 0.500000, train ppl = 1.676519
Step 16700: train_loss = 0.763464, train_acc = 0.500000, train ppl = 1.464819
Step 16800: train_loss = 0.621015, train_acc = 0.625000, train ppl = 1.364118
==== Finshed epoch 15 ====
Evaluating model...
Epoch 15: validation accuracy = 0.477000 -- validation perplexity = 1.608506
Epoch 15: test accuracy: 0.520000
---- Qualitative Analysis
Context: is the triangle below the red sphere ? the pink rectangle is above the red sphere . the pink rectangle is to the left of the triangle . is the triangle below the red sphere ?
Question: is the triangle below the red sphere ?
Answer: no </s>
Model prediction: yes </s>
=========================
Step 16900: train_loss = 0.924627, train_acc = 0.500000, train ppl = 1.587743
Step 17000: train_loss = 0.571263, train_acc = 0.625000, train ppl = 1.330602
Step 17100: train_loss = 1.269041, train_acc = 0.375000, train ppl = 1.886117
Step 17200: train_loss = 0.805193, train_acc = 0.250000, train ppl = 1.495703
Step 17300: train_loss = 0.874207, train_acc = 0.375000, train ppl = 1.548216
Step 17400: train_loss = 0.849219, train_acc = 0.500000, train ppl = 1.528993
Step 17500: train_loss = 0.611300, train_acc = 0.750000, train ppl = 1.357507
Step 17600: train_loss = 0.628692, train_acc = 0.625000, train ppl = 1.369363
Step 17700: train_loss = 0.884833, train_acc = 0.250000, train ppl = 1.556464
Step 17800: train_loss = 0.662065, train_acc = 0.500000, train ppl = 1.392405
Step 17900: train_loss = 0.399197, train_acc = 0.875000, train ppl = 1.220913
Step 18000: train_loss = 0.668223, train_acc = 0.750000, train ppl = 1.396699
==== Finshed epoch 16 ====
Evaluating model...
Epoch 16: validation accuracy = 0.528000 -- validation perplexity = 1.407503
Epoch 16: test accuracy: 0.539000
---- Qualitative Analysis
Context: is the yellow square to the right of the blue square ? the blue square is above the pink rectangle . the yellow square is to the right of the pink rectangle . is the yellow square to the right of the blue square ?
Question: is the yellow square to the right of the blue square ?
Answer: yes </s>
Model prediction: no </s>
=========================
Model checkpoint saved in models/dummy/best_model.ckpt
Step 18100: train_loss = 0.628015, train_acc = 0.625000, train ppl = 1.368900
Step 18200: train_loss = 0.912581, train_acc = 0.125000, train ppl = 1.578209
Step 18300: train_loss = 0.766913, train_acc = 0.500000, train ppl = 1.467348
Step 18400: train_loss = 1.343567, train_acc = 0.375000, train ppl = 1.957725
Step 18500: train_loss = 0.972972, train_acc = 0.250000, train ppl = 1.626591
Step 18600: train_loss = 0.745836, train_acc = 0.500000, train ppl = 1.451965
Step 18700: train_loss = 0.744050, train_acc = 0.625000, train ppl = 1.450669
Step 18800: train_loss = 0.684996, train_acc = 0.625000, train ppl = 1.408462
Step 18900: train_loss = 1.188537, train_acc = 0.500000, train ppl = 1.811705
Step 19000: train_loss = 0.662707, train_acc = 0.625000, train ppl = 1.392852
Step 19100: train_loss = 0.604232, train_acc = 0.625000, train ppl = 1.352718
==== Finshed epoch 17 ====
Evaluating model...
Epoch 17: validation accuracy = 0.569000 -- validation perplexity = 1.401797
Epoch 17: test accuracy: 0.526000
---- Qualitative Analysis
Context: is the blue square below the yellow square ? the triangle is to the right of the yellow square . the triangle is below the blue square . is the blue square below the yellow square ?
Question: is the blue square below the yellow square ?
Answer: no </s>
Model prediction: no </s>
=========================
Model checkpoint saved in models/dummy/best_model.ckpt
Step 19200: train_loss = 1.401638, train_acc = 0.375000, train ppl = 2.015403
Step 19300: train_loss = 0.761461, train_acc = 0.625000, train ppl = 1.463353
Step 19400: train_loss = 0.720918, train_acc = 0.625000, train ppl = 1.433987
Step 19500: train_loss = 0.885750, train_acc = 0.500000, train ppl = 1.557178
Step 19600: train_loss = 0.544544, train_acc = 0.750000, train ppl = 1.312944
Step 19700: train_loss = 0.885487, train_acc = 0.625000, train ppl = 1.556973
Step 19800: train_loss = 0.739393, train_acc = 0.375000, train ppl = 1.447295
Step 19900: train_loss = 0.806674, train_acc = 0.625000, train ppl = 1.496812
Step 20000: train_loss = 0.768226, train_acc = 0.625000, train ppl = 1.468312
Step 20100: train_loss = 0.931940, train_acc = 0.375000, train ppl = 1.593559
Step 20200: train_loss = 0.833690, train_acc = 0.625000, train ppl = 1.517167
==== Finshed epoch 18 ====
Evaluating model...
Epoch 18: validation accuracy = 0.582000 -- validation perplexity = 1.420714
Epoch 18: test accuracy: 0.535000
---- Qualitative Analysis
Context: is the blue square above the red square ? the red square is to the left of the triangle . the triangle is to the left of the blue square . is the blue square above the red square ?
Question: is the blue square above the red square ?
Answer: no </s>
Model prediction: no </s>
=========================
Model checkpoint saved in models/dummy/best_model.ckpt
Step 20300: train_loss = 0.642727, train_acc = 0.625000, train ppl = 1.379007
Step 20400: train_loss = 0.822372, train_acc = 0.375000, train ppl = 1.508606
Step 20500: train_loss = 0.813722, train_acc = 0.375000, train ppl = 1.502095
Step 20600: train_loss = 1.226486, train_acc = 0.375000, train ppl = 1.846410
Step 20700: train_loss = 0.901495, train_acc = 0.500000, train ppl = 1.569485
Step 20800: train_loss = 0.777292, train_acc = 0.625000, train ppl = 1.474983
Step 20900: train_loss = 1.363379, train_acc = 0.375000, train ppl = 1.977216
Step 21000: train_loss = 0.825703, train_acc = 0.500000, train ppl = 1.511121
Step 21100: train_loss = 0.637233, train_acc = 0.625000, train ppl = 1.375224
Step 21200: train_loss = 0.741175, train_acc = 0.500000, train ppl = 1.448585
Step 21300: train_loss = 0.555647, train_acc = 0.750000, train ppl = 1.320253
==== Finshed epoch 19 ====
Evaluating model...
Epoch 19: validation accuracy = 0.579000 -- validation perplexity = 1.464249
Epoch 19: test accuracy: 0.535000
---- Qualitative Analysis
Context: is the pink rectangle below the red square ? the yellow square is below the red square . the pink rectangle is below the yellow square . is the pink rectangle below the red square ?
Question: is the pink rectangle below the red square ?
Answer: yes </s>
Model prediction: yes </s>
=========================
Step 21400: train_loss = 0.864146, train_acc = 0.625000, train ppl = 1.540447
Step 21500: train_loss = 0.923831, train_acc = 0.375000, train ppl = 1.587111
Step 21600: train_loss = 0.571192, train_acc = 0.750000, train ppl = 1.330555
Step 21700: train_loss = 0.684049, train_acc = 0.500000, train ppl = 1.407794
Step 21800: train_loss = 0.763995, train_acc = 0.500000, train ppl = 1.465208
Step 21900: train_loss = 0.963645, train_acc = 0.500000, train ppl = 1.619023
Step 22000: train_loss = 0.900440, train_acc = 0.250000, train ppl = 1.568657
Step 22100: train_loss = 0.595611, train_acc = 0.750000, train ppl = 1.346900
Step 22200: train_loss = 0.791457, train_acc = 0.625000, train ppl = 1.485466
Step 22300: train_loss = 0.901518, train_acc = 0.250000, train ppl = 1.569503
Step 22400: train_loss = 0.582404, train_acc = 0.750000, train ppl = 1.338035
Step 22500: train_loss = 0.664771, train_acc = 0.625000, train ppl = 1.394290
==== Finshed epoch 20 ====
Evaluating model...
Epoch 20: validation accuracy = 0.545000 -- validation perplexity = 1.405206
Epoch 20: test accuracy: 0.530000
---- Qualitative Analysis
Context: is the red square to the right of the blue square ? the pink rectangle is to the left of the blue square . the pink rectangle is below the red square . is the red square to the right of the blue square ?
Question: is the red square to the right of the blue square ?
Answer: no </s>
Model prediction: no </s>
=========================
Step 22600: train_loss = 0.568676, train_acc = 0.625000, train ppl = 1.328882
Step 22700: train_loss = 0.876750, train_acc = 0.375000, train ppl = 1.550186
Step 22800: train_loss = 0.888036, train_acc = 0.375000, train ppl = 1.558959
Step 22900: train_loss = 0.952707, train_acc = 0.375000, train ppl = 1.610192
Step 23000: train_loss = 0.870409, train_acc = 0.625000, train ppl = 1.545279
Step 23100: train_loss = 0.624315, train_acc = 0.750000, train ppl = 1.366370
Step 23200: train_loss = 0.636010, train_acc = 0.750000, train ppl = 1.374383
Step 23300: train_loss = 0.824167, train_acc = 0.500000, train ppl = 1.509960
Step 23400: train_loss = 0.741424, train_acc = 0.375000, train ppl = 1.448766
Step 23500: train_loss = 1.395333, train_acc = 0.375000, train ppl = 2.009059
Step 23600: train_loss = 0.724266, train_acc = 0.500000, train ppl = 1.436390
==== Finshed epoch 21 ====
Evaluating model...
Epoch 21: validation accuracy = 0.477000 -- validation perplexity = 1.629001
Epoch 21: test accuracy: 0.520000
---- Qualitative Analysis
Context: is the blue square to the right of the red square ? the yellow square is to the left of the red square . the yellow square is to the right of the blue square . is the blue square to the right of the red square ?
Question: is the blue square to the right of the red square ?
Answer: no </s>
Model prediction: yes </s>
=========================
Step 23700: train_loss = 0.711879, train_acc = 0.500000, train ppl = 1.427521
Step 23800: train_loss = 0.969079, train_acc = 0.375000, train ppl = 1.623428
Step 23900: train_loss = 0.683997, train_acc = 0.625000, train ppl = 1.407758
Step 24000: train_loss = 0.740960, train_acc = 0.375000, train ppl = 1.448429
Step 24100: train_loss = 1.029132, train_acc = 0.375000, train ppl = 1.672913
Step 24200: train_loss = 0.868499, train_acc = 0.375000, train ppl = 1.543804
Step 24300: train_loss = 0.617500, train_acc = 0.750000, train ppl = 1.361722
Step 24400: train_loss = 0.727215, train_acc = 0.625000, train ppl = 1.438509
Step 24500: train_loss = 0.847220, train_acc = 0.500000, train ppl = 1.527466
Step 24600: train_loss = 0.545937, train_acc = 1.000000, train ppl = 1.313859
Step 24700: train_loss = 0.542695, train_acc = 0.625000, train ppl = 1.311731
==== Finshed epoch 22 ====
Evaluating model...
Epoch 22: validation accuracy = 0.517000 -- validation perplexity = 1.422352
Epoch 22: test accuracy: 0.512000
---- Qualitative Analysis
Context: is the pink rectangle to the left of the blue square ? the pink rectangle is to the left of the triangle . the triangle is to the left of the blue square . is the pink rectangle to the left of the blue square ?
Question: is the pink rectangle to the left of the blue square ?
Answer: yes </s>
Model prediction: yes </s>
=========================
Step 24800: train_loss = 0.622428, train_acc = 0.750000, train ppl = 1.365082
Step 24900: train_loss = 0.864778, train_acc = 0.500000, train ppl = 1.540935
Step 25000: train_loss = 0.940515, train_acc = 0.500000, train ppl = 1.600407
Step 25100: train_loss = 0.742376, train_acc = 0.250000, train ppl = 1.449455
Step 25200: train_loss = 0.768172, train_acc = 0.375000, train ppl = 1.468271
Step 25300: train_loss = 0.551361, train_acc = 0.750000, train ppl = 1.317427
Step 25400: train_loss = 0.758501, train_acc = 0.625000, train ppl = 1.461189
Step 25500: train_loss = 0.645195, train_acc = 0.750000, train ppl = 1.380710
Step 25600: train_loss = 0.887440, train_acc = 0.375000, train ppl = 1.558494
Step 25700: train_loss = 0.978180, train_acc = 0.250000, train ppl = 1.630832
Step 25800: train_loss = 0.918997, train_acc = 0.250000, train ppl = 1.583280
==== Finshed epoch 23 ====
Evaluating model...
Epoch 23: validation accuracy = 0.583000 -- validation perplexity = 1.490476
Epoch 23: test accuracy: 0.535000
---- Qualitative Analysis
Context: is the pink rectangle above the red square ? the red square is below the yellow square . the pink rectangle is above the yellow square . is the pink rectangle above the red square ?
Question: is the pink rectangle above the red square ?
Answer: yes </s>
Model prediction: yes </s>
=========================
Model checkpoint saved in models/dummy/best_model.ckpt
Step 25900: train_loss = 1.758788, train_acc = 0.125000, train ppl = 2.409439
Step 26000: train_loss = 0.948663, train_acc = 0.500000, train ppl = 1.606939
Step 26100: train_loss = 1.221179, train_acc = 0.375000, train ppl = 1.841517
Step 26200: train_loss = 0.578608, train_acc = 0.875000, train ppl = 1.335498
Step 26300: train_loss = 0.599841, train_acc = 0.750000, train ppl = 1.349751
Step 26400: train_loss = 0.995732, train_acc = 0.500000, train ppl = 1.645206
Step 26500: train_loss = 0.591502, train_acc = 0.625000, train ppl = 1.344135
Step 26600: train_loss = 0.613180, train_acc = 0.625000, train ppl = 1.358783
Step 26700: train_loss = 0.633719, train_acc = 0.625000, train ppl = 1.372809
Step 26800: train_loss = 1.076792, train_acc = 0.125000, train ppl = 1.713257
Step 26900: train_loss = 0.694710, train_acc = 0.375000, train ppl = 1.415319
Step 27000: train_loss = 0.822119, train_acc = 0.500000, train ppl = 1.508415
==== Finshed epoch 24 ====
Evaluating model...
Epoch 24: validation accuracy = 0.514000 -- validation perplexity = 1.410671
Epoch 24: test accuracy: 0.512000
---- Qualitative Analysis
Context: is the blue square below the red square ? the triangle is above the blue square . the triangle is below the red square . is the blue square below the red square ?
Question: is the blue square below the red square ?
Answer: yes </s>
Model prediction: yes </s>
=========================
Step 27100: train_loss = 0.832271, train_acc = 0.250000, train ppl = 1.516091
Step 27200: train_loss = 1.210612, train_acc = 0.375000, train ppl = 1.831812
Step 27300: train_loss = 0.567414, train_acc = 0.750000, train ppl = 1.328044
Step 27400: train_loss = 0.761454, train_acc = 0.250000, train ppl = 1.463348
Step 27500: train_loss = 2.142249, train_acc = 0.250000, train ppl = 2.918660
Step 27600: train_loss = 0.705837, train_acc = 0.500000, train ppl = 1.423215
Step 27700: train_loss = 1.437943, train_acc = 0.250000, train ppl = 2.052321
Step 27800: train_loss = 0.537292, train_acc = 0.750000, train ppl = 1.308192
Step 27900: train_loss = 0.731043, train_acc = 0.375000, train ppl = 1.441265
Step 28000: train_loss = 1.013050, train_acc = 0.375000, train ppl = 1.659514
Step 28100: train_loss = 0.564944, train_acc = 0.750000, train ppl = 1.326404
==== Finshed epoch 25 ====
Evaluating model...
Epoch 25: validation accuracy = 0.526000 -- validation perplexity = 1.405767
Epoch 25: test accuracy: 0.510000
---- Qualitative Analysis
Context: is the red sphere to the left of the triangle ? the yellow square is above the triangle . the red sphere is to the left of the yellow square . is the red sphere to the left of the triangle ?
Question: is the red sphere to the left of the triangle ?
Answer: yes </s>
Model prediction: no </s>
=========================
Step 28200: train_loss = 0.796865, train_acc = 0.500000, train ppl = 1.489488
Step 28300: train_loss = 0.642536, train_acc = 0.625000, train ppl = 1.378875
Step 28400: train_loss = 0.998927, train_acc = 0.250000, train ppl = 1.647837
Step 28500: train_loss = 0.780523, train_acc = 0.625000, train ppl = 1.477367
Step 28600: train_loss = 0.734208, train_acc = 0.375000, train ppl = 1.443548
Step 28700: train_loss = 0.928469, train_acc = 0.500000, train ppl = 1.590796
Step 28800: train_loss = 0.615527, train_acc = 0.625000, train ppl = 1.360380
Step 28900: train_loss = 0.578529, train_acc = 0.750000, train ppl = 1.335445
Step 29000: train_loss = 0.886832, train_acc = 0.250000, train ppl = 1.558020
Step 29100: train_loss = 1.693469, train_acc = 0.250000, train ppl = 2.332019
Step 29200: train_loss = 0.708862, train_acc = 0.375000, train ppl = 1.425369
==== Finshed epoch 26 ====
Evaluating model...
Epoch 26: validation accuracy = 0.477000 -- validation perplexity = 1.524764
Epoch 26: test accuracy: 0.520000
---- Qualitative Analysis
Context: is the red square below the blue square ? the red square is to the left of the triangle . the triangle is to the left of the blue square . is the red square below the blue square ?
Question: is the red square below the blue square ?
Answer: no </s>
Model prediction: yes </s>
=========================
Step 29300: train_loss = 1.581780, train_acc = 0.375000, train ppl = 2.205359
Step 29400: train_loss = 0.775419, train_acc = 0.375000, train ppl = 1.473601
Step 29500: train_loss = 0.694509, train_acc = 0.500000, train ppl = 1.415177
Step 29600: train_loss = 0.984885, train_acc = 0.000000, train ppl = 1.636308
Step 29700: train_loss = 0.696804, train_acc = 0.625000, train ppl = 1.416802
Step 29800: train_loss = 0.775244, train_acc = 0.500000, train ppl = 1.473473
Step 29900: train_loss = 0.617220, train_acc = 0.625000, train ppl = 1.361531
Step 30000: train_loss = 0.762372, train_acc = 0.500000, train ppl = 1.464020
Step 30100: train_loss = 0.564373, train_acc = 0.750000, train ppl = 1.326026
Step 30200: train_loss = 0.711042, train_acc = 0.500000, train ppl = 1.426924
Step 30300: train_loss = 0.674035, train_acc = 0.750000, train ppl = 1.400764
==== Finshed epoch 27 ====
Evaluating model...
Epoch 27: validation accuracy = 0.490000 -- validation perplexity = 1.427170
Epoch 27: test accuracy: 0.528000
---- Qualitative Analysis
Context: is the red square above the triangle ? the blue square is to the left of the triangle . the blue square is below the red square . is the red square above the triangle ?
Question: is the red square above the triangle ?
Answer: yes </s>
Model prediction: no </s>
=========================
Step 30400: train_loss = 0.815397, train_acc = 0.500000, train ppl = 1.503354
Step 30500: train_loss = 0.688240, train_acc = 0.625000, train ppl = 1.410748
Step 30600: train_loss = 0.741066, train_acc = 0.375000, train ppl = 1.448507
Step 30700: train_loss = 0.854080, train_acc = 0.500000, train ppl = 1.532714
Step 30800: train_loss = 0.676446, train_acc = 0.625000, train ppl = 1.402453
Step 30900: train_loss = 0.626479, train_acc = 0.625000, train ppl = 1.367849
Step 31000: train_loss = 0.957492, train_acc = 0.500000, train ppl = 1.614049
Step 31100: train_loss = 0.837398, train_acc = 0.375000, train ppl = 1.519983
Step 31200: train_loss = 0.770362, train_acc = 0.625000, train ppl = 1.469880
Step 31300: train_loss = 1.340400, train_acc = 0.625000, train ppl = 1.954628
Step 31400: train_loss = 0.662406, train_acc = 0.625000, train ppl = 1.392642
Step 31500: train_loss = 0.697501, train_acc = 0.750000, train ppl = 1.417295
==== Finshed epoch 28 ====
Evaluating model...
Epoch 28: validation accuracy = 0.576000 -- validation perplexity = 1.569304
Epoch 28: test accuracy: 0.522000
---- Qualitative Analysis
Context: is the pink rectangle to the right of the red square ? the pink rectangle is to the left of the triangle . the triangle is to the left of the red square . is the pink rectangle to the right of the red square ?
Question: is the pink rectangle to the right of the red square ?
Answer: no </s>
Model prediction: no </s>
=========================
Step 31600: train_loss = 0.735495, train_acc = 0.625000, train ppl = 1.444477
Step 31700: train_loss = 0.649382, train_acc = 0.500000, train ppl = 1.383603
Step 31800: train_loss = 0.803096, train_acc = 0.500000, train ppl = 1.494136
Step 31900: train_loss = 0.842379, train_acc = 0.375000, train ppl = 1.523773
Step 32000: train_loss = 0.639159, train_acc = 0.500000, train ppl = 1.376549
Step 32100: train_loss = 0.762719, train_acc = 0.625000, train ppl = 1.464274
Step 32200: train_loss = 0.760156, train_acc = 0.625000, train ppl = 1.462399
Step 32300: train_loss = 0.769777, train_acc = 0.625000, train ppl = 1.469451
Step 32400: train_loss = 1.276478, train_acc = 0.250000, train ppl = 1.893144
Step 32500: train_loss = 0.796047, train_acc = 0.500000, train ppl = 1.488879
Step 32600: train_loss = 0.718242, train_acc = 0.625000, train ppl = 1.432070
==== Finshed epoch 29 ====
Evaluating model...
Epoch 29: validation accuracy = 0.477000 -- validation perplexity = 1.493698
Epoch 29: test accuracy: 0.520000
---- Qualitative Analysis
Context: is the triangle to the left of the pink rectangle ? the red square is to the right of the triangle . the pink rectangle is below the red square . is the triangle to the left of the pink rectangle ?
Question: is the triangle to the left of the pink rectangle ?
Answer: yes </s>
Model prediction: yes </s>
=========================
Step 32700: train_loss = 0.672663, train_acc = 0.625000, train ppl = 1.399803
Step 32800: train_loss = 0.950787, train_acc = 0.625000, train ppl = 1.608647
Step 32900: train_loss = 1.187447, train_acc = 0.375000, train ppl = 1.810718
Step 33000: train_loss = 0.657451, train_acc = 0.625000, train ppl = 1.389196
Step 33100: train_loss = 1.229826, train_acc = 0.625000, train ppl = 1.849496
Step 33200: train_loss = 0.547292, train_acc = 0.875000, train ppl = 1.314749
Step 33300: train_loss = 0.647091, train_acc = 0.625000, train ppl = 1.382019
Step 33400: train_loss = 0.787054, train_acc = 0.500000, train ppl = 1.482199
Step 33500: train_loss = 0.969706, train_acc = 0.375000, train ppl = 1.623937
Step 33600: train_loss = 1.164686, train_acc = 0.125000, train ppl = 1.790228
Step 33700: train_loss = 0.951425, train_acc = 0.375000, train ppl = 1.609160
==== Finshed epoch 30 ====
Evaluating model...
Epoch 30: validation accuracy = 0.523000 -- validation perplexity = 1.637478
Epoch 30: test accuracy: 0.480000
---- Qualitative Analysis
Context: is the blue square above the triangle ? the pink rectangle is to the left of the blue square . the pink rectangle is below the triangle . is the blue square above the triangle ?
Question: is the blue square above the triangle ?
Answer: no </s>
Model prediction: no </s>
=========================
Step 33800: train_loss = 0.631035, train_acc = 0.625000, train ppl = 1.370969
Step 33900: train_loss = 0.975406, train_acc = 0.250000, train ppl = 1.628571
Step 34000: train_loss = 1.369745, train_acc = 0.375000, train ppl = 1.983519
Step 34100: train_loss = 0.999561, train_acc = 0.500000, train ppl = 1.648360
Step 34200: train_loss = 0.653053, train_acc = 0.500000, train ppl = 1.386145
Step 34300: train_loss = 0.669541, train_acc = 0.625000, train ppl = 1.397620
Step 34400: train_loss = 0.661713, train_acc = 0.500000, train ppl = 1.392160
Step 34500: train_loss = 0.678541, train_acc = 0.375000, train ppl = 1.403923
Step 34600: train_loss = 0.615256, train_acc = 0.625000, train ppl = 1.360195
Step 34700: train_loss = 0.576499, train_acc = 0.750000, train ppl = 1.334090
Step 34800: train_loss = 0.699646, train_acc = 0.625000, train ppl = 1.418816
==== Finshed epoch 31 ====
Evaluating model...
Epoch 31: validation accuracy = 0.485000 -- validation perplexity = 1.431583
Epoch 31: test accuracy: 0.517000
---- Qualitative Analysis
Context: is the red square to the left of the blue square ? the red sphere is to the right of the blue square . the red sphere is below the red square . is the red square to the left of the blue square ?
Question: is the red square to the left of the blue square ?
Answer: no </s>
Model prediction: yes </s>
=========================
Step 34900: train_loss = 0.661198, train_acc = 0.500000, train ppl = 1.391802
Step 35000: train_loss = 1.036863, train_acc = 0.250000, train ppl = 1.679391
Step 35100: train_loss = 0.707210, train_acc = 0.625000, train ppl = 1.424193
Step 35200: train_loss = 0.692840, train_acc = 0.625000, train ppl = 1.413996
Step 35300: train_loss = 0.685481, train_acc = 0.625000, train ppl = 1.408803
Step 35400: train_loss = 0.813803, train_acc = 0.500000, train ppl = 1.502156
Step 35500: train_loss = 0.556305, train_acc = 0.750000, train ppl = 1.320687
Step 35600: train_loss = 0.643322, train_acc = 0.625000, train ppl = 1.379417
Step 35700: train_loss = 0.641539, train_acc = 0.500000, train ppl = 1.378188
Step 35800: train_loss = 0.581341, train_acc = 0.750000, train ppl = 1.337324
Step 35900: train_loss = 0.718771, train_acc = 0.625000, train ppl = 1.432449
Step 36000: train_loss = 0.694208, train_acc = 0.500000, train ppl = 1.414964
==== Finshed epoch 32 ====
Evaluating model...
Epoch 32: validation accuracy = 0.545000 -- validation perplexity = 1.402034
Epoch 32: test accuracy: 0.533000
---- Qualitative Analysis
Context: is the pink rectangle below the yellow square ? the yellow square is above the triangle . the pink rectangle is below the triangle . is the pink rectangle below the yellow square ?
Question: is the pink rectangle below the yellow square ?
Answer: yes </s>
Model prediction: yes </s>
=========================
Step 36100: train_loss = 0.786318, train_acc = 0.500000, train ppl = 1.481654
Step 36200: train_loss = 0.804040, train_acc = 0.500000, train ppl = 1.494842
Step 36300: train_loss = 0.636747, train_acc = 0.750000, train ppl = 1.374889
Step 36400: train_loss = 0.607332, train_acc = 0.750000, train ppl = 1.354816
Step 36500: train_loss = 0.647588, train_acc = 0.750000, train ppl = 1.382363
Step 36600: train_loss = 0.742087, train_acc = 0.625000, train ppl = 1.449246
Step 36700: train_loss = 2.213259, train_acc = 0.250000, train ppl = 3.024148
Step 36800: train_loss = 0.840346, train_acc = 0.625000, train ppl = 1.522225
Step 36900: train_loss = 0.745992, train_acc = 0.750000, train ppl = 1.452079
Step 37000: train_loss = 0.777073, train_acc = 0.500000, train ppl = 1.474821
Step 37100: train_loss = 1.013555, train_acc = 0.125000, train ppl = 1.659934
==== Finshed epoch 33 ====
Evaluating model...
Epoch 33: validation accuracy = 0.484000 -- validation perplexity = 1.426653
Epoch 33: test accuracy: 0.523000
---- Qualitative Analysis
Context: is the red square to the right of the red sphere ? the red sphere is to the left of the triangle . the triangle is to the left of the red square . is the red square to the right of the red sphere ?
Question: is the red square to the right of the red sphere ?
Answer: yes </s>
Model prediction: yes </s>
=========================
Step 37200: train_loss = 1.076470, train_acc = 0.250000, train ppl = 1.712981
Step 37300: train_loss = 0.631885, train_acc = 0.750000, train ppl = 1.371552
Step 37400: train_loss = 0.681326, train_acc = 0.500000, train ppl = 1.405880
Step 37500: train_loss = 0.707343, train_acc = 0.625000, train ppl = 1.424287
Step 37600: train_loss = 0.754006, train_acc = 0.625000, train ppl = 1.457909
Step 37700: train_loss = 0.637261, train_acc = 0.625000, train ppl = 1.375243
Step 37800: train_loss = 0.859435, train_acc = 0.375000, train ppl = 1.536824
Step 37900: train_loss = 0.567653, train_acc = 0.875000, train ppl = 1.328202
Step 38000: train_loss = 0.736699, train_acc = 0.500000, train ppl = 1.445347
Step 38100: train_loss = 0.519934, train_acc = 0.750000, train ppl = 1.296887
Step 38200: train_loss = 0.655319, train_acc = 0.750000, train ppl = 1.387716
==== Finshed epoch 34 ====
Evaluating model...
Epoch 34: validation accuracy = 0.534000 -- validation perplexity = 1.428565
Epoch 34: test accuracy: 0.547000
---- Qualitative Analysis
Context: is the triangle above the yellow square ? the red square is to the left of the triangle . the red square is above the yellow square . is the triangle above the yellow square ?
Question: is the triangle above the yellow square ?
Answer: yes </s>
Model prediction: no </s>
=========================
Step 38300: train_loss = 1.215365, train_acc = 0.500000, train ppl = 1.836171
Step 38400: train_loss = 0.634657, train_acc = 0.625000, train ppl = 1.373453
Step 38500: train_loss = 0.738074, train_acc = 0.500000, train ppl = 1.446341
Step 38600: train_loss = 1.000836, train_acc = 0.500000, train ppl = 1.649410
Step 38700: train_loss = 1.021601, train_acc = 0.375000, train ppl = 1.666625
Step 38800: train_loss = 0.637427, train_acc = 0.625000, train ppl = 1.375357
Step 38900: train_loss = 0.754724, train_acc = 0.500000, train ppl = 1.458432
Step 39000: train_loss = 1.066018, train_acc = 0.125000, train ppl = 1.704052
Step 39100: train_loss = 0.817428, train_acc = 0.625000, train ppl = 1.504882
Step 39200: train_loss = 0.758040, train_acc = 0.375000, train ppl = 1.460852
Step 39300: train_loss = 1.068403, train_acc = 0.375000, train ppl = 1.706085
==== Finshed epoch 35 ====
Evaluating model...
Epoch 35: validation accuracy = 0.582000 -- validation perplexity = 1.431598
Epoch 35: test accuracy: 0.535000
---- Qualitative Analysis
Context: is the red sphere below the pink rectangle ? the red sphere is below the red square . the red square is to the left of the pink rectangle . is the red sphere below the pink rectangle ?
Question: is the red sphere below the pink rectangle ?
Answer: yes </s>
Model prediction: no </s>
=========================
Step 39400: train_loss = 0.748385, train_acc = 0.625000, train ppl = 1.453817
Step 39500: train_loss = 0.722305, train_acc = 0.500000, train ppl = 1.434982
Step 39600: train_loss = 0.557038, train_acc = 0.750000, train ppl = 1.321172
Step 39700: train_loss = 0.720879, train_acc = 0.500000, train ppl = 1.433959
Step 39800: train_loss = 0.673471, train_acc = 0.500000, train ppl = 1.400368
Step 39900: train_loss = 0.853558, train_acc = 0.500000, train ppl = 1.532314
Step 40000: train_loss = 0.540300, train_acc = 0.750000, train ppl = 1.310161
Step 40100: train_loss = 0.649562, train_acc = 0.750000, train ppl = 1.383728
Step 40200: train_loss = 0.653704, train_acc = 0.625000, train ppl = 1.386596
Step 40300: train_loss = 0.638990, train_acc = 0.500000, train ppl = 1.376432
Step 40400: train_loss = 1.474885, train_acc = 0.000000, train ppl = 2.090582
Step 40500: train_loss = 0.585993, train_acc = 0.750000, train ppl = 1.340438
==== Finshed epoch 36 ====
Evaluating model...
Epoch 36: validation accuracy = 0.477000 -- validation perplexity = 1.605646
Epoch 36: test accuracy: 0.520000
---- Qualitative Analysis
Context: is the yellow square below the triangle ? the blue square is below the triangle . the blue square is above the yellow square . is the yellow square below the triangle ?
Question: is the yellow square below the triangle ?
Answer: yes </s>
Model prediction: yes </s>
=========================
Step 40600: train_loss = 0.331160, train_acc = 1.000000, train ppl = 1.180077
Step 40700: train_loss = 0.918699, train_acc = 0.625000, train ppl = 1.583044
Step 40800: train_loss = 0.618817, train_acc = 0.500000, train ppl = 1.362619
Step 40900: train_loss = 0.609228, train_acc = 0.625000, train ppl = 1.356102
Step 41000: train_loss = 1.049572, train_acc = 0.250000, train ppl = 1.690097
Step 41100: train_loss = 0.772426, train_acc = 0.500000, train ppl = 1.471398
Step 41200: train_loss = 0.812952, train_acc = 0.625000, train ppl = 1.501517
Step 41300: train_loss = 2.194145, train_acc = 0.250000, train ppl = 2.995384
Step 41400: train_loss = 0.724147, train_acc = 0.500000, train ppl = 1.436304
Step 41500: train_loss = 0.636596, train_acc = 0.625000, train ppl = 1.374786
Step 41600: train_loss = 0.697947, train_acc = 0.500000, train ppl = 1.417612
==== Finshed epoch 37 ====
Evaluating model...
Epoch 37: validation accuracy = 0.582000 -- validation perplexity = 1.444780
Epoch 37: test accuracy: 0.535000
---- Qualitative Analysis
Context: is the red square to the left of the triangle ? the triangle is to the left of the blue square . the blue square is above the red square . is the red square to the left of the triangle ?
Question: is the red square to the left of the triangle ?
Answer: no </s>
Model prediction: no </s>
=========================
Step 41700: train_loss = 0.928819, train_acc = 0.500000, train ppl = 1.591074
Step 41800: train_loss = 0.966185, train_acc = 0.375000, train ppl = 1.621080
Step 41900: train_loss = 0.674600, train_acc = 0.625000, train ppl = 1.401159
Step 42000: train_loss = 0.706826, train_acc = 0.625000, train ppl = 1.423919
Step 42100: train_loss = 1.680865, train_acc = 0.375000, train ppl = 2.317369
Step 42200: train_loss = 0.746246, train_acc = 0.375000, train ppl = 1.452263
Step 42300: train_loss = 0.753648, train_acc = 0.500000, train ppl = 1.457648
Step 42400: train_loss = 0.960955, train_acc = 0.625000, train ppl = 1.616846
Step 42500: train_loss = 1.160807, train_acc = 0.375000, train ppl = 1.786759
Step 42600: train_loss = 0.645738, train_acc = 0.625000, train ppl = 1.381084
Step 42700: train_loss = 0.993420, train_acc = 0.250000, train ppl = 1.643306
==== Finshed epoch 38 ====
Evaluating model...
Epoch 38: validation accuracy = 0.482000 -- validation perplexity = 1.449044
Epoch 38: test accuracy: 0.527000
---- Qualitative Analysis
Context: is the yellow square to the left of the blue square ? the yellow square is to the right of the red sphere . the red sphere is above the blue square . is the yellow square to the left of the blue square ?
Question: is the yellow square to the left of the blue square ?
Answer: no </s>
Model prediction: yes </s>
=========================
Step 42800: train_loss = 0.775579, train_acc = 0.500000, train ppl = 1.473719
Step 42900: train_loss = 0.713290, train_acc = 0.625000, train ppl = 1.428529
Step 43000: train_loss = 1.355699, train_acc = 0.500000, train ppl = 1.969638
Step 43100: train_loss = 0.609983, train_acc = 0.500000, train ppl = 1.356613
Step 43200: train_loss = 0.732095, train_acc = 0.625000, train ppl = 1.442024
Step 43300: train_loss = 0.696996, train_acc = 0.375000, train ppl = 1.416937
Step 43400: train_loss = 1.103713, train_acc = 0.500000, train ppl = 1.736474
Step 43500: train_loss = 1.075549, train_acc = 0.250000, train ppl = 1.712192
Step 43600: train_loss = 0.794139, train_acc = 0.625000, train ppl = 1.487460
Step 43700: train_loss = 0.581905, train_acc = 0.750000, train ppl = 1.337701
Step 43800: train_loss = 0.798065, train_acc = 0.375000, train ppl = 1.490382
==== Finshed epoch 39 ====
Evaluating model...
Epoch 39: validation accuracy = 0.480000 -- validation perplexity = 1.451047
Epoch 39: test accuracy: 0.524000
---- Qualitative Analysis
Context: is the blue square to the left of the red square ? the yellow square is to the left of the red square . the yellow square is to the right of the blue square . is the blue square to the left of the red square ?
Question: is the blue square to the left of the red square ?
Answer: yes </s>
Model prediction: yes </s>
=========================
Step 43900: train_loss = 1.171882, train_acc = 0.375000, train ppl = 1.796680
Step 44000: train_loss = 0.721016, train_acc = 0.500000, train ppl = 1.434058
Step 44100: train_loss = 0.641967, train_acc = 0.500000, train ppl = 1.378483
Step 44200: train_loss = 0.994947, train_acc = 0.500000, train ppl = 1.644561
Step 44300: train_loss = 0.643462, train_acc = 0.625000, train ppl = 1.379514
Step 44400: train_loss = 0.239583, train_acc = 0.875000, train ppl = 1.127262
Step 44500: train_loss = 0.999035, train_acc = 0.375000, train ppl = 1.647926
Step 44600: train_loss = 0.927561, train_acc = 0.500000, train ppl = 1.590074
Step 44700: train_loss = 0.910149, train_acc = 0.500000, train ppl = 1.576291
Step 44800: train_loss = 0.566465, train_acc = 0.750000, train ppl = 1.327414
Step 44900: train_loss = 0.896577, train_acc = 0.500000, train ppl = 1.565630
Step 45000: train_loss = 1.243229, train_acc = 0.375000, train ppl = 1.861932
==== Finshed epoch 40 ====
Evaluating model...
Epoch 40: validation accuracy = 0.477000 -- validation perplexity = 1.554865
Epoch 40: test accuracy: 0.520000
---- Qualitative Analysis
Context: is the red square below the pink rectangle ? the red sphere is below the red square . the pink rectangle is to the left of the red sphere . is the red square below the pink rectangle ?
Question: is the red square below the pink rectangle ?
Answer: no </s>
Model prediction: yes </s>
=========================
Step 45100: train_loss = 0.703395, train_acc = 0.500000, train ppl = 1.421479
Step 45200: train_loss = 0.779932, train_acc = 0.500000, train ppl = 1.476931
Step 45300: train_loss = 0.496406, train_acc = 1.000000, train ppl = 1.281720
Step 45400: train_loss = 0.780985, train_acc = 0.500000, train ppl = 1.477709
Step 45500: train_loss = 0.770696, train_acc = 0.375000, train ppl = 1.470126
Step 45600: train_loss = 0.867891, train_acc = 0.250000, train ppl = 1.543335
Step 45700: train_loss = 0.606738, train_acc = 0.625000, train ppl = 1.354414
Step 45800: train_loss = 0.552450, train_acc = 0.750000, train ppl = 1.318144
Step 45900: train_loss = 0.842451, train_acc = 0.375000, train ppl = 1.523828
Step 46000: train_loss = 1.028556, train_acc = 0.375000, train ppl = 1.672430
Step 46100: train_loss = 0.714342, train_acc = 0.625000, train ppl = 1.429281
==== Finshed epoch 41 ====
Evaluating model...
Epoch 41: validation accuracy = 0.477000 -- validation perplexity = 1.539837
Epoch 41: test accuracy: 0.520000
---- Qualitative Analysis
Context: is the pink rectangle below the triangle ? the pink rectangle is to the left of the blue square . the blue square is to the left of the triangle . is the pink rectangle below the triangle ?
Question: is the pink rectangle below the triangle ?
Answer: no </s>
Model prediction: yes </s>
=========================
Step 46200: train_loss = 0.695468, train_acc = 0.500000, train ppl = 1.415856
Step 46300: train_loss = 0.782182, train_acc = 0.750000, train ppl = 1.478593
Step 46400: train_loss = 0.755640, train_acc = 0.500000, train ppl = 1.459100
Step 46500: train_loss = 0.764452, train_acc = 0.375000, train ppl = 1.465543
Step 46600: train_loss = 0.724476, train_acc = 0.375000, train ppl = 1.436541
Step 46700: train_loss = 1.053916, train_acc = 0.500000, train ppl = 1.693772
Step 46800: train_loss = 0.563263, train_acc = 0.875000, train ppl = 1.325290
Step 46900: train_loss = 0.906720, train_acc = 0.375000, train ppl = 1.573591
Step 47000: train_loss = 0.747200, train_acc = 0.375000, train ppl = 1.452956
Step 47100: train_loss = 0.583876, train_acc = 0.750000, train ppl = 1.339020
Step 47200: train_loss = 0.710872, train_acc = 0.500000, train ppl = 1.426802
==== Finshed epoch 42 ====
Evaluating model...
Epoch 42: validation accuracy = 0.548000 -- validation perplexity = 1.402669
Epoch 42: test accuracy: 0.520000
---- Qualitative Analysis
Context: is the pink rectangle to the right of the red square ? the pink rectangle is to the left of the triangle . the triangle is to the left of the red square . is the pink rectangle to the right of the red square ?
Question: is the pink rectangle to the right of the red square ?
Answer: no </s>
Model prediction: yes </s>
=========================
Step 47300: train_loss = 0.628695, train_acc = 0.750000, train ppl = 1.369365
Step 47400: train_loss = 1.014508, train_acc = 0.375000, train ppl = 1.660724
Step 47500: train_loss = 0.814490, train_acc = 0.375000, train ppl = 1.502672
Step 47600: train_loss = 0.840447, train_acc = 0.375000, train ppl = 1.522302
Step 47700: train_loss = 0.726573, train_acc = 0.500000, train ppl = 1.438048
Step 47800: train_loss = 0.653467, train_acc = 0.375000, train ppl = 1.386432
Step 47900: train_loss = 0.725154, train_acc = 0.500000, train ppl = 1.437028
Step 48000: train_loss = 0.673413, train_acc = 0.500000, train ppl = 1.400328
Step 48100: train_loss = 1.099195, train_acc = 0.500000, train ppl = 1.732556
Step 48200: train_loss = 1.076957, train_acc = 0.250000, train ppl = 1.713398
Step 48300: train_loss = 0.502086, train_acc = 0.875000, train ppl = 1.285365
==== Finshed epoch 43 ====
Evaluating model...
Epoch 43: validation accuracy = 0.534000 -- validation perplexity = 1.413578
Epoch 43: test accuracy: 0.555000
---- Qualitative Analysis
Context: is the red square to the right of the red sphere ? the red square is to the left of the blue square . the blue square is above the red sphere . is the red square to the right of the red sphere ?
Question: is the red square to the right of the red sphere ?
Answer: no </s>
Model prediction: yes </s>
=========================
Step 48400: train_loss = 0.389802, train_acc = 0.875000, train ppl = 1.215191
Step 48500: train_loss = 0.690383, train_acc = 0.625000, train ppl = 1.412260
Step 48600: train_loss = 0.596364, train_acc = 0.750000, train ppl = 1.347407
Step 48700: train_loss = 1.353052, train_acc = 0.375000, train ppl = 1.967033
Step 48800: train_loss = 0.785588, train_acc = 0.500000, train ppl = 1.481113
Step 48900: train_loss = 1.057724, train_acc = 0.625000, train ppl = 1.697000
Step 49000: train_loss = 0.721487, train_acc = 0.500000, train ppl = 1.434395
Step 49100: train_loss = 0.568432, train_acc = 0.750000, train ppl = 1.328720
Step 49200: train_loss = 0.579559, train_acc = 0.625000, train ppl = 1.336133
Step 49300: train_loss = 0.955000, train_acc = 0.500000, train ppl = 1.612039
Step 49400: train_loss = 1.068927, train_acc = 0.250000, train ppl = 1.706532
Step 49500: train_loss = 0.593997, train_acc = 0.375000, train ppl = 1.345814
==== Finshed epoch 44 ====
Evaluating model...
Epoch 44: validation accuracy = 0.582000 -- validation perplexity = 1.419156
Epoch 44: test accuracy: 0.535000
---- Qualitative Analysis
Context: is the red sphere to the right of the blue square ? the red square is to the right of the red sphere . the red square is to the left of the blue square . is the red sphere to the right of the blue square ?
Question: is the red sphere to the right of the blue square ?
Answer: no </s>
Model prediction: no </s>
=========================
Step 49600: train_loss = 0.741816, train_acc = 0.500000, train ppl = 1.449050
Step 49700: train_loss = 0.735715, train_acc = 0.375000, train ppl = 1.444636
Step 49800: train_loss = 0.467172, train_acc = 0.875000, train ppl = 1.263121
Step 49900: train_loss = 1.599284, train_acc = 0.125000, train ppl = 2.224744
Step 50000: train_loss = 0.914909, train_acc = 0.250000, train ppl = 1.580047
Step 50100: train_loss = 0.887788, train_acc = 0.375000, train ppl = 1.558765
Step 50200: train_loss = 0.502448, train_acc = 0.875000, train ppl = 1.285598
Step 50300: train_loss = 0.552045, train_acc = 0.625000, train ppl = 1.317877
Step 50400: train_loss = 0.540250, train_acc = 0.875000, train ppl = 1.310128
Step 50500: train_loss = 0.704823, train_acc = 0.500000, train ppl = 1.422494
Step 50600: train_loss = 0.657362, train_acc = 0.625000, train ppl = 1.389135
==== Finshed epoch 45 ====
Evaluating model...
Epoch 45: validation accuracy = 0.545000 -- validation perplexity = 1.509094
Epoch 45: test accuracy: 0.507000
---- Qualitative Analysis
Context: is the yellow square to the right of the red sphere ? the pink rectangle is to the left of the red sphere . the yellow square is above the pink rectangle . is the yellow square to the right of the red sphere ?
Question: is the yellow square to the right of the red sphere ?
Answer: no </s>
Model prediction: no </s>
=========================
Step 50700: train_loss = 0.772517, train_acc = 0.500000, train ppl = 1.471465
Step 50800: train_loss = 0.578830, train_acc = 0.750000, train ppl = 1.335646
Step 50900: train_loss = 0.976941, train_acc = 0.375000, train ppl = 1.629822
Step 51000: train_loss = 0.583977, train_acc = 0.750000, train ppl = 1.339088
Step 51100: train_loss = 0.552771, train_acc = 0.875000, train ppl = 1.318356
Step 51200: train_loss = 0.564922, train_acc = 0.500000, train ppl = 1.326390
Step 51300: train_loss = 0.700029, train_acc = 0.500000, train ppl = 1.419088
Step 51400: train_loss = 0.904295, train_acc = 0.500000, train ppl = 1.571684
Step 51500: train_loss = 0.521926, train_acc = 0.750000, train ppl = 1.298180
Step 51600: train_loss = 0.638058, train_acc = 0.625000, train ppl = 1.375791
Step 51700: train_loss = 0.533684, train_acc = 0.750000, train ppl = 1.305834
==== Finshed epoch 46 ====
Evaluating model...
Epoch 46: validation accuracy = 0.548000 -- validation perplexity = 1.584105
Epoch 46: test accuracy: 0.493000
---- Qualitative Analysis
Context: is the red sphere to the right of the red square ? the pink rectangle is to the right of the red sphere . the red square is below the pink rectangle . is the red sphere to the right of the red square ?
Question: is the red sphere to the right of the red square ?
Answer: no </s>
Model prediction: no </s>
=========================
Step 51800: train_loss = 0.859202, train_acc = 0.375000, train ppl = 1.536644
Step 51900: train_loss = 0.618838, train_acc = 0.750000, train ppl = 1.362633
Step 52000: train_loss = 0.692213, train_acc = 0.500000, train ppl = 1.413553
Step 52100: train_loss = 1.109466, train_acc = 0.500000, train ppl = 1.741476
Step 52200: train_loss = 1.101774, train_acc = 0.500000, train ppl = 1.734791
Step 52300: train_loss = 0.702601, train_acc = 0.500000, train ppl = 1.420914
Step 52400: train_loss = 0.636385, train_acc = 0.750000, train ppl = 1.374641
Step 52500: train_loss = 0.541522, train_acc = 0.750000, train ppl = 1.310962
Step 52600: train_loss = 1.135684, train_acc = 0.500000, train ppl = 1.764455
Step 52700: train_loss = 0.524694, train_acc = 0.625000, train ppl = 1.299977
Step 52800: train_loss = 0.831735, train_acc = 0.625000, train ppl = 1.515685
==== Finshed epoch 47 ====
Evaluating model...
Epoch 47: validation accuracy = 0.562000 -- validation perplexity = 1.486311
Epoch 47: test accuracy: 0.528000
---- Qualitative Analysis
Context: is the red sphere below the red square ? the red square is to the left of the blue square . the blue square is above the red sphere . is the red sphere below the red square ?
Question: is the red sphere below the red square ?
Answer: yes </s>
Model prediction: no </s>
=========================
Step 52900: train_loss = 0.805213, train_acc = 0.500000, train ppl = 1.495718
Step 53000: train_loss = 0.825926, train_acc = 0.375000, train ppl = 1.511289
Step 53100: train_loss = 1.014570, train_acc = 0.500000, train ppl = 1.660776
Step 53200: train_loss = 0.669232, train_acc = 0.750000, train ppl = 1.397404
Step 53300: train_loss = 0.616376, train_acc = 0.625000, train ppl = 1.360957
Step 53400: train_loss = 1.293529, train_acc = 0.375000, train ppl = 1.909353
Step 53500: train_loss = 0.672768, train_acc = 0.500000, train ppl = 1.399876
Step 53600: train_loss = 0.495098, train_acc = 0.750000, train ppl = 1.280882
Step 53700: train_loss = 1.123542, train_acc = 0.500000, train ppl = 1.753776
Step 53800: train_loss = 0.978642, train_acc = 0.375000, train ppl = 1.631208
Step 53900: train_loss = 0.595368, train_acc = 0.750000, train ppl = 1.346736
Step 54000: train_loss = 0.818309, train_acc = 0.375000, train ppl = 1.505544
==== Finshed epoch 48 ====
Evaluating model...
Epoch 48: validation accuracy = 0.479000 -- validation perplexity = 1.427247
Epoch 48: test accuracy: 0.523000
---- Qualitative Analysis
Context: is the yellow square to the right of the triangle ? the blue square is below the triangle . the blue square is above the yellow square . is the yellow square to the right of the triangle ?
Question: is the yellow square to the right of the triangle ?
Answer: no </s>
Model prediction: yes </s>
=========================
Step 54100: train_loss = 0.814845, train_acc = 0.500000, train ppl = 1.502939
Step 54200: train_loss = 0.774264, train_acc = 0.625000, train ppl = 1.472751
Step 54300: train_loss = 0.670067, train_acc = 0.625000, train ppl = 1.397987
Step 54400: train_loss = 0.847268, train_acc = 0.250000, train ppl = 1.527502
Step 54500: train_loss = 0.767637, train_acc = 0.375000, train ppl = 1.467879
Step 54600: train_loss = 0.900134, train_acc = 0.250000, train ppl = 1.568417
Step 54700: train_loss = 0.671635, train_acc = 0.625000, train ppl = 1.399084
Step 54800: train_loss = 0.842194, train_acc = 0.500000, train ppl = 1.523632
Step 54900: train_loss = 0.713825, train_acc = 0.500000, train ppl = 1.428911
Step 55000: train_loss = 0.837536, train_acc = 0.625000, train ppl = 1.520088
Step 55100: train_loss = 0.586812, train_acc = 0.500000, train ppl = 1.340987
==== Finshed epoch 49 ====
Evaluating model...
Epoch 49: validation accuracy = 0.570000 -- validation perplexity = 1.396089
Epoch 49: test accuracy: 0.569000
---- Qualitative Analysis
Context: is the blue square to the left of the triangle ? the yellow square is to the right of the triangle . the yellow square is below the blue square . is the blue square to the left of the triangle ?
Question: is the blue square to the left of the triangle ?
Answer: no </s>
Model prediction: yes </s>
=========================
Step 55200: train_loss = 0.855671, train_acc = 0.375000, train ppl = 1.533933
Step 55300: train_loss = 0.575594, train_acc = 0.750000, train ppl = 1.333487
Step 55400: train_loss = 0.712675, train_acc = 0.375000, train ppl = 1.428089
Step 55500: train_loss = 0.667675, train_acc = 0.500000, train ppl = 1.396316
Step 55600: train_loss = 0.645907, train_acc = 0.625000, train ppl = 1.381201
Step 55700: train_loss = 1.467245, train_acc = 0.250000, train ppl = 2.082611
Step 55800: train_loss = 1.260457, train_acc = 0.375000, train ppl = 1.878039
Step 55900: train_loss = 0.861448, train_acc = 0.375000, train ppl = 1.538371
Step 56000: train_loss = 0.834282, train_acc = 0.375000, train ppl = 1.517616
Step 56100: train_loss = 0.654506, train_acc = 0.500000, train ppl = 1.387152
Step 56200: train_loss = 0.606391, train_acc = 0.750000, train ppl = 1.354180
==== Finshed epoch 50 ====
Evaluating model...
Epoch 50: validation accuracy = 0.477000 -- validation perplexity = 1.541822
Epoch 50: test accuracy: 0.520000
---- Qualitative Analysis
Context: is the red square to the right of the yellow square ? the red square is below the red sphere . the yellow square is to the left of the red sphere . is the red square to the right of the yellow square ?
Question: is the red square to the right of the yellow square ?
Answer: yes </s>
Model prediction: yes </s>
=========================
Best model (acc) at epoch 23 -- validation perplexity = 1.490476 -- validation accuracy = 0.583000 -- test accuracy = 0.535000
0.583
