learning_rate:            0.001
task:                     6
data_dir:                 data/en-10k
num_units:                256
num_enc_layers:           1
restore_from_dir:         None
cell_type:                gru
vocab:                    data/vocab.txt
model_type:               attention
optimizer:                adam
encoder_type:             bi
val_split:                0.1
dropout_keep_prob:        0.7
model_dir:                models/dummy
embedding_size:           256
merge_mode:               concat
max_gradient_norm:        1.0
num_epochs:               50
batch_size:               16
Loading data...
vocabulary size = 487
Building model...
Running initializers...
Creating summary writers...
Performing evaluation before training...
---- Qualitative Analysis
Context: is sandra in the office ? mary took the milk there . sandra went to the hallway . is sandra in the office ?
Question: is sandra in the office ?
Answer: no </s>
Model prediction: 222 222 222 222 222 222 222 222 222 222
=========================
Step 100: train_loss = 0.951706, train_acc = 0.437500, train ppl = 1.609387
Step 200: train_loss = 0.684480, train_acc = 0.625000, train ppl = 1.408098
Step 300: train_loss = 0.716629, train_acc = 0.500000, train ppl = 1.430915
Step 400: train_loss = 0.744179, train_acc = 0.375000, train ppl = 1.450763
Step 500: train_loss = 0.681942, train_acc = 0.625000, train ppl = 1.406312
==== Finshed epoch 1 ====
Evaluating model...
Epoch 1: validation accuracy = 0.500000 -- validation perplexity = 1.430623
Epoch 1: test accuracy: 0.503000
---- Qualitative Analysis
Context: is sandra in the hallway ? mary grabbed the football there . mary got the milk there . mary discarded the football . daniel went back to the garden . sandra went back to the office . sandra went back to the kitchen . is sandra in the hallway ?
Question: is sandra in the hallway ?
Answer: no </s>
Model prediction: no </s>
=========================
Model checkpoint saved in models/dummy/best_model.ckpt
Step 600: train_loss = 0.686894, train_acc = 0.562500, train ppl = 1.409799
Step 700: train_loss = 0.708110, train_acc = 0.375000, train ppl = 1.424834
Step 800: train_loss = 0.705860, train_acc = 0.375000, train ppl = 1.423231
Step 900: train_loss = 0.739482, train_acc = 0.500000, train ppl = 1.447360
Step 1000: train_loss = 0.696796, train_acc = 0.375000, train ppl = 1.416796
Step 1100: train_loss = 0.694201, train_acc = 0.375000, train ppl = 1.414959
==== Finshed epoch 2 ====
Evaluating model...
Epoch 2: validation accuracy = 0.500000 -- validation perplexity = 1.523024
Epoch 2: test accuracy: 0.503000
---- Qualitative Analysis
Context: is mary in the bedroom ? sandra journeyed to the office . mary moved to the kitchen . john grabbed the football there . john put down the football . is mary in the bedroom ?
Question: is mary in the bedroom ?
Answer: no </s>
Model prediction: no </s>
=========================
Step 1200: train_loss = 0.739208, train_acc = 0.437500, train ppl = 1.447161
Step 1300: train_loss = 0.689359, train_acc = 0.500000, train ppl = 1.411538
Step 1400: train_loss = 0.607717, train_acc = 0.750000, train ppl = 1.355077
Step 1500: train_loss = 0.811381, train_acc = 0.375000, train ppl = 1.500338
Step 1600: train_loss = 0.762472, train_acc = 0.250000, train ppl = 1.464093
==== Finshed epoch 3 ====
Evaluating model...
Epoch 3: validation accuracy = 0.500000 -- validation perplexity = 1.419074
Epoch 3: test accuracy: 0.503000
---- Qualitative Analysis
Context: is daniel in the bedroom ? sandra journeyed to the garden . mary got the milk there . sandra travelled to the office . john went to the office . sandra travelled to the kitchen . sandra went to the bathroom . daniel went to the bedroom . mary dropped the milk . john took the football there . daniel got the milk there . is daniel in the bedroom ?
Question: is daniel in the bedroom ?
Answer: yes </s>
Model prediction: no </s>
=========================
Step 1700: train_loss = 0.729787, train_acc = 0.437500, train ppl = 1.440361
Step 1800: train_loss = 0.683904, train_acc = 0.562500, train ppl = 1.407693
Step 1900: train_loss = 0.683123, train_acc = 0.625000, train ppl = 1.407143
Step 2000: train_loss = 0.695118, train_acc = 0.437500, train ppl = 1.415608
Step 2100: train_loss = 0.762735, train_acc = 0.562500, train ppl = 1.464285
Step 2200: train_loss = 0.690995, train_acc = 0.500000, train ppl = 1.412693
==== Finshed epoch 4 ====
Evaluating model...
Epoch 4: validation accuracy = 0.500000 -- validation perplexity = 1.421005
Epoch 4: test accuracy: 0.503000
---- Qualitative Analysis
Context: is sandra in the hallway ? sandra journeyed to the office . sandra grabbed the football there . sandra picked up the apple there . john got the milk there . john dropped the milk . sandra discarded the apple . mary went to the garden . sandra went to the bathroom . daniel went back to the bathroom . john picked up the milk there . is sandra in the hallway ?
Question: is sandra in the hallway ?
Answer: no </s>
Model prediction: no </s>
=========================
Step 2300: train_loss = 0.717137, train_acc = 0.437500, train ppl = 1.431279
Step 2400: train_loss = 0.667126, train_acc = 0.625000, train ppl = 1.395933
Step 2500: train_loss = 0.778040, train_acc = 0.250000, train ppl = 1.475534
Step 2600: train_loss = 0.795903, train_acc = 0.375000, train ppl = 1.488772
Step 2700: train_loss = 0.690915, train_acc = 0.562500, train ppl = 1.412636
Step 2800: train_loss = 0.669441, train_acc = 0.687500, train ppl = 1.397549
==== Finshed epoch 5 ====
Evaluating model...
Epoch 5: validation accuracy = 0.500000 -- validation perplexity = 1.444604
Epoch 5: test accuracy: 0.497000
---- Qualitative Analysis
Context: is john in the bedroom ? sandra picked up the milk there . john took the apple there . sandra took the football there . john dropped the apple . daniel travelled to the kitchen . daniel picked up the apple there . sandra discarded the milk . john got the milk there . john went to the bathroom . daniel put down the apple . daniel picked up the apple there . john journeyed to the office . is john in the bedroom ?
Question: is john in the bedroom ?
Answer: no </s>
Model prediction: yes </s>
=========================
Step 2900: train_loss = 0.712615, train_acc = 0.437500, train ppl = 1.428047
Step 3000: train_loss = 0.777098, train_acc = 0.375000, train ppl = 1.474839
Step 3100: train_loss = 0.672245, train_acc = 0.625000, train ppl = 1.399511
Step 3200: train_loss = 0.655096, train_acc = 0.687500, train ppl = 1.387562
Step 3300: train_loss = 0.679002, train_acc = 0.562500, train ppl = 1.404247
==== Finshed epoch 6 ====
Evaluating model...
Epoch 6: validation accuracy = 0.500000 -- validation perplexity = 1.417200
Epoch 6: test accuracy: 0.503000
---- Qualitative Analysis
Context: is daniel in the hallway ? sandra moved to the garden . sandra got the milk there . sandra went to the bedroom . mary journeyed to the garden . john went back to the office . daniel went back to the office . daniel moved to the hallway . daniel went to the bathroom . daniel took the football there . sandra put down the milk . is daniel in the hallway ?
Question: is daniel in the hallway ?
Answer: no </s>
Model prediction: no </s>
=========================
Step 3400: train_loss = 0.708654, train_acc = 0.250000, train ppl = 1.425221
Step 3500: train_loss = 0.695987, train_acc = 0.437500, train ppl = 1.416223
Step 3600: train_loss = 0.756579, train_acc = 0.375000, train ppl = 1.459785
Step 3700: train_loss = 0.682496, train_acc = 0.625000, train ppl = 1.406702
Step 3800: train_loss = 0.718866, train_acc = 0.312500, train ppl = 1.432517
Step 3900: train_loss = 0.689142, train_acc = 0.625000, train ppl = 1.411384
==== Finshed epoch 7 ====
Evaluating model...
Epoch 7: validation accuracy = 0.500000 -- validation perplexity = 1.428984
Epoch 7: test accuracy: 0.497000
---- Qualitative Analysis
Context: is sandra in the kitchen ? sandra travelled to the office . mary got the football there . mary moved to the kitchen . john went to the kitchen . mary dropped the football . mary went back to the office . john moved to the bedroom . daniel took the apple there . sandra travelled to the kitchen . sandra got the football there . is sandra in the kitchen ?
Question: is sandra in the kitchen ?
Answer: yes </s>
Model prediction: yes </s>
=========================
Step 4000: train_loss = 0.692862, train_acc = 0.562500, train ppl = 1.414012
Step 4100: train_loss = 0.690645, train_acc = 0.562500, train ppl = 1.412445
Step 4200: train_loss = 0.658417, train_acc = 0.687500, train ppl = 1.389868
Step 4300: train_loss = 0.759444, train_acc = 0.250000, train ppl = 1.461878
Step 4400: train_loss = 0.699148, train_acc = 0.500000, train ppl = 1.418463
Step 4500: train_loss = 0.706288, train_acc = 0.437500, train ppl = 1.423536
==== Finshed epoch 8 ====
Evaluating model...
Epoch 8: validation accuracy = 0.500000 -- validation perplexity = 1.470444
Epoch 8: test accuracy: 0.497000
---- Qualitative Analysis
Context: is john in the office ? john went to the office . sandra grabbed the football there . is john in the office ?
Question: is john in the office ?
Answer: yes </s>
Model prediction: yes </s>
=========================
Step 4600: train_loss = 0.724620, train_acc = 0.312500, train ppl = 1.436644
Step 4700: train_loss = 0.768981, train_acc = 0.437500, train ppl = 1.468866
Step 4800: train_loss = 0.707402, train_acc = 0.437500, train ppl = 1.424329
Step 4900: train_loss = 0.798233, train_acc = 0.500000, train ppl = 1.490507
Step 5000: train_loss = 0.662367, train_acc = 0.625000, train ppl = 1.392615
==== Finshed epoch 9 ====
Evaluating model...
Epoch 9: validation accuracy = 0.500000 -- validation perplexity = 1.423214
Epoch 9: test accuracy: 0.497000
---- Qualitative Analysis
Context: is sandra in the office ? sandra went back to the hallway . sandra grabbed the apple there . sandra went to the bathroom . mary went back to the bedroom . is sandra in the office ?
Question: is sandra in the office ?
Answer: no </s>
Model prediction: yes </s>
=========================
Step 5100: train_loss = 0.685549, train_acc = 0.562500, train ppl = 1.408851
Step 5200: train_loss = 0.685448, train_acc = 0.562500, train ppl = 1.408780
Step 5300: train_loss = 0.713239, train_acc = 0.250000, train ppl = 1.428492
Step 5400: train_loss = 0.750708, train_acc = 0.312500, train ppl = 1.455507
Step 5500: train_loss = 0.709139, train_acc = 0.500000, train ppl = 1.425566
Step 5600: train_loss = 0.660970, train_acc = 0.625000, train ppl = 1.391643
==== Finshed epoch 10 ====
Evaluating model...
Epoch 10: validation accuracy = 0.500000 -- validation perplexity = 1.414915
Epoch 10: test accuracy: 0.503000
---- Qualitative Analysis
Context: is sandra in the garden ? sandra travelled to the bedroom . sandra journeyed to the garden . john went to the bedroom . mary moved to the bathroom . daniel got the milk there . mary moved to the bedroom . sandra journeyed to the bedroom . john moved to the kitchen . is sandra in the garden ?
Question: is sandra in the garden ?
Answer: no </s>
Model prediction: no </s>
=========================
Step 5700: train_loss = 0.727026, train_acc = 0.375000, train ppl = 1.438373
Step 5800: train_loss = 0.696987, train_acc = 0.500000, train ppl = 1.416932
Step 5900: train_loss = 0.694939, train_acc = 0.500000, train ppl = 1.415481
Step 6000: train_loss = 0.663141, train_acc = 0.625000, train ppl = 1.393154
Step 6100: train_loss = 0.681825, train_acc = 0.500000, train ppl = 1.406230
==== Finshed epoch 11 ====
Evaluating model...
Epoch 11: validation accuracy = 0.500000 -- validation perplexity = 1.436660
Epoch 11: test accuracy: 0.503000
---- Qualitative Analysis
Context: is daniel in the bathroom ? daniel picked up the milk there . sandra went to the garden . mary moved to the office . daniel moved to the garden . is daniel in the bathroom ?
Question: is daniel in the bathroom ?
Answer: no </s>
Model prediction: no </s>
=========================
Step 6200: train_loss = 0.686313, train_acc = 0.562500, train ppl = 1.409389
Step 6300: train_loss = 0.687728, train_acc = 0.500000, train ppl = 1.410387
Step 6400: train_loss = 0.842427, train_acc = 0.375000, train ppl = 1.523810
Step 6500: train_loss = 0.680552, train_acc = 0.562500, train ppl = 1.405335
Step 6600: train_loss = 0.720784, train_acc = 0.437500, train ppl = 1.433892
Step 6700: train_loss = 0.707458, train_acc = 0.500000, train ppl = 1.424369
==== Finshed epoch 12 ====
Evaluating model...
Epoch 12: validation accuracy = 0.500000 -- validation perplexity = 1.431579
Epoch 12: test accuracy: 0.503000
---- Qualitative Analysis
Context: is daniel in the office ? mary travelled to the bedroom . mary grabbed the apple there . mary moved to the kitchen . daniel went back to the kitchen . daniel went to the bathroom . sandra went back to the office . sandra moved to the hallway . daniel went back to the office . is daniel in the office ?
Question: is daniel in the office ?
Answer: yes </s>
Model prediction: no </s>
=========================
Step 6800: train_loss = 0.688989, train_acc = 0.562500, train ppl = 1.411277
Step 6900: train_loss = 0.696579, train_acc = 0.500000, train ppl = 1.416643
Step 7000: train_loss = 0.698929, train_acc = 0.437500, train ppl = 1.418308
Step 7100: train_loss = 0.690274, train_acc = 0.562500, train ppl = 1.412184
Step 7200: train_loss = 0.697426, train_acc = 0.500000, train ppl = 1.417243
Step 7300: train_loss = 0.790894, train_acc = 0.375000, train ppl = 1.485048
==== Finshed epoch 13 ====
Evaluating model...
Epoch 13: validation accuracy = 0.500000 -- validation perplexity = 1.434769
Epoch 13: test accuracy: 0.497000
---- Qualitative Analysis
Context: is sandra in the office ? sandra went back to the hallway . sandra grabbed the apple there . sandra went to the bathroom . mary went back to the bedroom . sandra moved to the office . sandra dropped the apple there . sandra travelled to the garden . sandra took the milk there . is sandra in the office ?
Question: is sandra in the office ?
Answer: no </s>
Model prediction: yes </s>
=========================
Step 7400: train_loss = 0.700632, train_acc = 0.500000, train ppl = 1.419516
Step 7500: train_loss = 0.689897, train_acc = 0.625000, train ppl = 1.411917
Step 7600: train_loss = 0.672261, train_acc = 0.625000, train ppl = 1.399522
Step 7700: train_loss = 0.679511, train_acc = 0.625000, train ppl = 1.404604
Step 7800: train_loss = 0.682550, train_acc = 0.562500, train ppl = 1.406740
==== Finshed epoch 14 ====
Evaluating model...
Epoch 14: validation accuracy = 0.500000 -- validation perplexity = 1.419259
Epoch 14: test accuracy: 0.497000
---- Qualitative Analysis
Context: is daniel in the garden ? daniel picked up the apple there . daniel travelled to the garden . mary travelled to the hallway . daniel dropped the apple . mary picked up the milk there . daniel grabbed the apple there . is daniel in the garden ?
Question: is daniel in the garden ?
Answer: yes </s>
Model prediction: yes </s>
=========================
Step 7900: train_loss = 0.704279, train_acc = 0.437500, train ppl = 1.422107
Step 8000: train_loss = 0.684627, train_acc = 0.562500, train ppl = 1.408201
Step 8100: train_loss = 0.705570, train_acc = 0.500000, train ppl = 1.423025
Step 8200: train_loss = 0.697590, train_acc = 0.500000, train ppl = 1.417359
Step 8300: train_loss = 0.687362, train_acc = 0.625000, train ppl = 1.410129
Step 8400: train_loss = 0.738742, train_acc = 0.437500, train ppl = 1.446825
==== Finshed epoch 15 ====
Evaluating model...
Epoch 15: validation accuracy = 0.500000 -- validation perplexity = 1.420783
Epoch 15: test accuracy: 0.497000
---- Qualitative Analysis
Context: is sandra in the office ? mary journeyed to the garden . daniel travelled to the bathroom . john moved to the bedroom . mary went back to the bedroom . john got the apple there . john discarded the apple . john took the apple there . sandra moved to the office . john moved to the office . john travelled to the bathroom . is sandra in the office ?
Question: is sandra in the office ?
Answer: yes </s>
Model prediction: yes </s>
=========================
Step 8500: train_loss = 0.723284, train_acc = 0.500000, train ppl = 1.435685
Step 8600: train_loss = 0.688897, train_acc = 0.500000, train ppl = 1.411211
Step 8700: train_loss = 0.790844, train_acc = 0.375000, train ppl = 1.485010
Step 8800: train_loss = 0.685748, train_acc = 0.562500, train ppl = 1.408991
Step 8900: train_loss = 0.713649, train_acc = 0.500000, train ppl = 1.428785
Step 9000: train_loss = 0.721757, train_acc = 0.312500, train ppl = 1.434589
==== Finshed epoch 16 ====
Evaluating model...
Epoch 16: validation accuracy = 0.500000 -- validation perplexity = 1.417827
Epoch 16: test accuracy: 0.497000
---- Qualitative Analysis
Context: is mary in the hallway ? daniel moved to the bedroom . john travelled to the garden . mary went to the hallway . mary picked up the football there . is mary in the hallway ?
Question: is mary in the hallway ?
Answer: yes </s>
Model prediction: yes </s>
=========================
Step 9100: train_loss = 0.684626, train_acc = 0.500000, train ppl = 1.408201
Step 9200: train_loss = 0.687061, train_acc = 0.562500, train ppl = 1.409916
Step 9300: train_loss = 0.600872, train_acc = 0.812500, train ppl = 1.350448
Step 9400: train_loss = 0.701952, train_acc = 0.500000, train ppl = 1.420453
Step 9500: train_loss = 0.692677, train_acc = 0.562500, train ppl = 1.413881
==== Finshed epoch 17 ====
Evaluating model...
Epoch 17: validation accuracy = 0.500000 -- validation perplexity = 1.417558
Epoch 17: test accuracy: 0.503000
---- Qualitative Analysis
Context: is sandra in the bedroom ? sandra journeyed to the bedroom . daniel picked up the milk there . is sandra in the bedroom ?
Question: is sandra in the bedroom ?
Answer: yes </s>
Model prediction: no </s>
=========================
Step 9600: train_loss = 0.660836, train_acc = 0.625000, train ppl = 1.391550
Step 9700: train_loss = 0.684885, train_acc = 0.562500, train ppl = 1.408384
Step 9800: train_loss = 0.677048, train_acc = 0.687500, train ppl = 1.402875
Step 9900: train_loss = 0.666953, train_acc = 0.687500, train ppl = 1.395812
Step 10000: train_loss = 0.691129, train_acc = 0.562500, train ppl = 1.412787
Step 10100: train_loss = 0.733952, train_acc = 0.187500, train ppl = 1.443363
==== Finshed epoch 18 ====
Evaluating model...
Epoch 18: validation accuracy = 0.500000 -- validation perplexity = 1.416073
Epoch 18: test accuracy: 0.497000
---- Qualitative Analysis
Context: is mary in the kitchen ? mary picked up the apple there . mary moved to the kitchen . is mary in the kitchen ?
Question: is mary in the kitchen ?
Answer: yes </s>
Model prediction: yes </s>
=========================
Step 10200: train_loss = 0.669283, train_acc = 0.625000, train ppl = 1.397439
Step 10300: train_loss = 0.691898, train_acc = 0.500000, train ppl = 1.413331
Step 10400: train_loss = 0.683874, train_acc = 0.812500, train ppl = 1.407671
Step 10500: train_loss = 0.698961, train_acc = 0.375000, train ppl = 1.418330
Step 10600: train_loss = 0.754572, train_acc = 0.437500, train ppl = 1.458321
==== Finshed epoch 19 ====
Evaluating model...
Epoch 19: validation accuracy = 0.500000 -- validation perplexity = 1.426033
Epoch 19: test accuracy: 0.497000
---- Qualitative Analysis
Context: is mary in the bathroom ? mary took the milk there . daniel went back to the hallway . mary put down the milk . mary journeyed to the hallway . daniel travelled to the bathroom . mary went to the bathroom . sandra got the milk there . sandra put down the milk . is mary in the bathroom ?
Question: is mary in the bathroom ?
Answer: yes </s>
Model prediction: yes </s>
=========================
Step 10700: train_loss = 0.665542, train_acc = 0.625000, train ppl = 1.394828
Step 10800: train_loss = 0.663707, train_acc = 0.625000, train ppl = 1.393549
Step 10900: train_loss = 0.665486, train_acc = 0.625000, train ppl = 1.394789
Step 11000: train_loss = 0.690862, train_acc = 0.500000, train ppl = 1.412599
Step 11100: train_loss = 0.677806, train_acc = 0.625000, train ppl = 1.403407
Step 11200: train_loss = 0.699014, train_acc = 0.312500, train ppl = 1.418368
==== Finshed epoch 20 ====
Evaluating model...
Epoch 20: validation accuracy = 0.500000 -- validation perplexity = 1.432224
Epoch 20: test accuracy: 0.503000
---- Qualitative Analysis
Context: is mary in the bathroom ? daniel moved to the garden . john went to the kitchen . daniel moved to the office . daniel went back to the garden . mary went back to the bathroom . mary went back to the garden . sandra moved to the office . sandra got the apple there . sandra went to the bedroom . mary moved to the bathroom . is mary in the bathroom ?
Question: is mary in the bathroom ?
Answer: yes </s>
Model prediction: no </s>
=========================
Step 11300: train_loss = 0.700754, train_acc = 0.437500, train ppl = 1.419603
Step 11400: train_loss = 0.808989, train_acc = 0.312500, train ppl = 1.498545
Step 11500: train_loss = 0.687878, train_acc = 0.562500, train ppl = 1.410493
Step 11600: train_loss = 0.727228, train_acc = 0.312500, train ppl = 1.438519
Step 11700: train_loss = 0.758738, train_acc = 0.375000, train ppl = 1.461362
Step 11800: train_loss = 0.707762, train_acc = 0.437500, train ppl = 1.424586
==== Finshed epoch 21 ====
Evaluating model...
Epoch 21: validation accuracy = 0.500000 -- validation perplexity = 1.416425
Epoch 21: test accuracy: 0.497000
---- Qualitative Analysis
Context: is sandra in the kitchen ? mary journeyed to the office . daniel moved to the hallway . sandra journeyed to the hallway . sandra went to the garden . daniel moved to the kitchen . mary journeyed to the kitchen . is sandra in the kitchen ?
Question: is sandra in the kitchen ?
Answer: no </s>
Model prediction: yes </s>
=========================
Step 11900: train_loss = 0.700125, train_acc = 0.562500, train ppl = 1.419156
Step 12000: train_loss = 0.702648, train_acc = 0.500000, train ppl = 1.420948
Step 12100: train_loss = 0.690639, train_acc = 0.562500, train ppl = 1.412441
Step 12200: train_loss = 0.770106, train_acc = 0.375000, train ppl = 1.469693
Step 12300: train_loss = 0.742342, train_acc = 0.562500, train ppl = 1.449431
==== Finshed epoch 22 ====
Evaluating model...
Epoch 22: validation accuracy = 0.496000 -- validation perplexity = 1.414808
Epoch 22: test accuracy: 0.500000
---- Qualitative Analysis
Context: is daniel in the hallway ? sandra picked up the milk there . daniel got the apple there . sandra dropped the milk . john went back to the bedroom . daniel discarded the apple . daniel went to the bathroom . sandra took the milk there . daniel travelled to the kitchen . is daniel in the hallway ?
Question: is daniel in the hallway ?
Answer: no </s>
Model prediction: no </s>
=========================
Step 12400: train_loss = 0.706134, train_acc = 0.437500, train ppl = 1.423427
Step 12500: train_loss = 0.718523, train_acc = 0.437500, train ppl = 1.432271
Step 12600: train_loss = 0.702322, train_acc = 0.500000, train ppl = 1.420716
Step 12700: train_loss = 0.673308, train_acc = 0.625000, train ppl = 1.400255
Step 12800: train_loss = 0.714742, train_acc = 0.500000, train ppl = 1.429566
Step 12900: train_loss = 0.658651, train_acc = 0.625000, train ppl = 1.390030
==== Finshed epoch 23 ====
Evaluating model...
Epoch 23: validation accuracy = 0.531000 -- validation perplexity = 1.413359
Epoch 23: test accuracy: 0.556000
---- Qualitative Analysis
Context: is sandra in the garden ? sandra went to the garden . mary got the apple there . sandra travelled to the bedroom . mary travelled to the hallway . is sandra in the garden ?
Question: is sandra in the garden ?
Answer: no </s>
Model prediction: no </s>
=========================
Model checkpoint saved in models/dummy/best_model.ckpt
Step 13000: train_loss = 0.721207, train_acc = 0.437500, train ppl = 1.434195
Step 13100: train_loss = 0.684235, train_acc = 0.562500, train ppl = 1.407926
Step 13200: train_loss = 0.672048, train_acc = 0.562500, train ppl = 1.399373
Step 13300: train_loss = 0.628459, train_acc = 0.625000, train ppl = 1.369204
Step 13400: train_loss = 0.660262, train_acc = 0.687500, train ppl = 1.391150
Step 13500: train_loss = 0.592687, train_acc = 0.562500, train ppl = 1.344932
==== Finshed epoch 24 ====
Evaluating model...
Epoch 24: validation accuracy = 0.601000 -- validation perplexity = 1.385302
Epoch 24: test accuracy: 0.576000
---- Qualitative Analysis
Context: is mary in the kitchen ? mary journeyed to the kitchen . daniel picked up the football there . john picked up the apple there . john discarded the apple there . is mary in the kitchen ?
Question: is mary in the kitchen ?
Answer: yes </s>
Model prediction: yes </s>
=========================
Model checkpoint saved in models/dummy/best_model.ckpt
Step 13600: train_loss = 0.559409, train_acc = 0.750000, train ppl = 1.322739
Step 13700: train_loss = 0.590986, train_acc = 0.625000, train ppl = 1.343789
Step 13800: train_loss = 0.388367, train_acc = 0.875000, train ppl = 1.214319
Step 13900: train_loss = 0.749136, train_acc = 0.562500, train ppl = 1.454363
Step 14000: train_loss = 0.387194, train_acc = 0.875000, train ppl = 1.213607
==== Finshed epoch 25 ====
Evaluating model...
Epoch 25: validation accuracy = 0.759000 -- validation perplexity = 1.293509
Epoch 25: test accuracy: 0.759000
---- Qualitative Analysis
Context: is john in the office ? daniel grabbed the milk there . daniel dropped the milk . daniel picked up the milk there . mary grabbed the football there . daniel journeyed to the bedroom . daniel journeyed to the kitchen . mary left the football . mary got the football there . mary put down the football . sandra moved to the kitchen . daniel journeyed to the hallway . john travelled to the office . daniel grabbed the apple there . mary went back to the hallway . is john in the office ?
Question: is john in the office ?
Answer: yes </s>
Model prediction: no </s>
=========================
Model checkpoint saved in models/dummy/best_model.ckpt
Step 14100: train_loss = 0.401545, train_acc = 0.812500, train ppl = 1.222346
Step 14200: train_loss = 0.406946, train_acc = 0.875000, train ppl = 1.225652
Step 14300: train_loss = 0.388552, train_acc = 0.812500, train ppl = 1.214431
Step 14400: train_loss = 0.522791, train_acc = 0.812500, train ppl = 1.298741
Step 14500: train_loss = 0.772450, train_acc = 0.625000, train ppl = 1.471416
Step 14600: train_loss = 0.296669, train_acc = 0.937500, train ppl = 1.159901
==== Finshed epoch 26 ====
Evaluating model...
Epoch 26: validation accuracy = 0.834000 -- validation perplexity = 1.191232
Epoch 26: test accuracy: 0.832000
---- Qualitative Analysis
Context: is john in the kitchen ? sandra journeyed to the kitchen . john travelled to the kitchen . daniel picked up the football there . sandra went to the garden . is john in the kitchen ?
Question: is john in the kitchen ?
Answer: yes </s>
Model prediction: yes </s>
=========================
Model checkpoint saved in models/dummy/best_model.ckpt
Step 14700: train_loss = 0.358789, train_acc = 0.937500, train ppl = 1.196493
Step 14800: train_loss = 0.337171, train_acc = 0.812500, train ppl = 1.183630
Step 14900: train_loss = 0.371789, train_acc = 0.812500, train ppl = 1.204295
Step 15000: train_loss = 0.417720, train_acc = 0.812500, train ppl = 1.232273
Step 15100: train_loss = 0.354728, train_acc = 0.750000, train ppl = 1.194066
Step 15200: train_loss = 0.478662, train_acc = 0.750000, train ppl = 1.270399
==== Finshed epoch 27 ====
Evaluating model...
Epoch 27: validation accuracy = 0.853000 -- validation perplexity = 1.183239
Epoch 27: test accuracy: 0.829000
---- Qualitative Analysis
Context: is sandra in the kitchen ? sandra got the apple there . john moved to the bathroom . daniel went back to the hallway . sandra moved to the kitchen . sandra travelled to the bathroom . john went to the hallway . sandra went to the garden . mary journeyed to the hallway . is sandra in the kitchen ?
Question: is sandra in the kitchen ?
Answer: no </s>
Model prediction: no </s>
=========================
Model checkpoint saved in models/dummy/best_model.ckpt
Step 15300: train_loss = 0.192966, train_acc = 0.875000, train ppl = 1.101291
Step 15400: train_loss = 0.168120, train_acc = 0.937500, train ppl = 1.087694
Step 15500: train_loss = 0.264645, train_acc = 0.875000, train ppl = 1.141477
Step 15600: train_loss = 0.504530, train_acc = 0.750000, train ppl = 1.286937
Step 15700: train_loss = 0.560966, train_acc = 0.812500, train ppl = 1.323769
==== Finshed epoch 28 ====
Evaluating model...
Epoch 28: validation accuracy = 0.838000 -- validation perplexity = 1.184111
Epoch 28: test accuracy: 0.828000
---- Qualitative Analysis
Context: is mary in the hallway ? daniel journeyed to the office . sandra went back to the office . john moved to the bathroom . john moved to the office . sandra grabbed the football there . mary went back to the garden . sandra put down the football there . sandra went back to the bedroom . mary went back to the kitchen . mary got the apple there . is mary in the hallway ?
Question: is mary in the hallway ?
Answer: no </s>
Model prediction: no </s>
=========================
Step 15800: train_loss = 0.250633, train_acc = 0.875000, train ppl = 1.133507
Step 15900: train_loss = 0.403150, train_acc = 0.812500, train ppl = 1.223328
Step 16000: train_loss = 0.292835, train_acc = 0.812500, train ppl = 1.157679
Step 16100: train_loss = 0.278212, train_acc = 0.875000, train ppl = 1.149246
Step 16200: train_loss = 0.140816, train_acc = 1.000000, train ppl = 1.072946
Step 16300: train_loss = 0.111908, train_acc = 0.937500, train ppl = 1.057549
==== Finshed epoch 29 ====
Evaluating model...
Epoch 29: validation accuracy = 0.842000 -- validation perplexity = 1.182602
Epoch 29: test accuracy: 0.840000
---- Qualitative Analysis
Context: is john in the hallway ? sandra picked up the apple there . daniel went back to the office . sandra left the apple . john went to the hallway . sandra journeyed to the garden . sandra travelled to the office . daniel grabbed the milk there . daniel went to the hallway . is john in the hallway ?
Question: is john in the hallway ?
Answer: yes </s>
Model prediction: yes </s>
=========================
Step 16400: train_loss = 0.400142, train_acc = 0.812500, train ppl = 1.221490
Step 16500: train_loss = 0.658793, train_acc = 0.625000, train ppl = 1.390129
Step 16600: train_loss = 0.179151, train_acc = 0.937500, train ppl = 1.093710
Step 16700: train_loss = 0.218960, train_acc = 0.937500, train ppl = 1.115698
Step 16800: train_loss = 0.424931, train_acc = 0.812500, train ppl = 1.236723
==== Finshed epoch 30 ====
Evaluating model...
Epoch 30: validation accuracy = 0.853000 -- validation perplexity = 1.178890
Epoch 30: test accuracy: 0.833000
---- Qualitative Analysis
Context: is daniel in the garden ? sandra travelled to the bathroom . daniel went back to the office . sandra journeyed to the office . sandra moved to the garden . mary grabbed the milk there . mary grabbed the football there . daniel travelled to the hallway . mary put down the milk . daniel moved to the bathroom . john went to the bathroom . is daniel in the garden ?
Question: is daniel in the garden ?
Answer: no </s>
Model prediction: no </s>
=========================
Step 16900: train_loss = 0.172004, train_acc = 0.875000, train ppl = 1.089809
Step 17000: train_loss = 0.163549, train_acc = 0.937500, train ppl = 1.085211
Step 17100: train_loss = 0.174185, train_acc = 0.937500, train ppl = 1.090998
Step 17200: train_loss = 0.583344, train_acc = 0.750000, train ppl = 1.338664
Step 17300: train_loss = 0.222044, train_acc = 0.937500, train ppl = 1.117419
Step 17400: train_loss = 0.234465, train_acc = 0.812500, train ppl = 1.124381
==== Finshed epoch 31 ====
Evaluating model...
Epoch 31: validation accuracy = 0.857000 -- validation perplexity = 1.171263
Epoch 31: test accuracy: 0.844000
---- Qualitative Analysis
Context: is mary in the kitchen ? mary picked up the apple there . mary went to the bathroom . sandra went to the bathroom . sandra grabbed the football there . sandra went back to the bedroom . mary went back to the kitchen . sandra went back to the office . sandra left the football . daniel got the football there . sandra went back to the bedroom . is mary in the kitchen ?
Question: is mary in the kitchen ?
Answer: yes </s>
Model prediction: no </s>
=========================
Model checkpoint saved in models/dummy/best_model.ckpt
Step 17500: train_loss = 0.440315, train_acc = 0.750000, train ppl = 1.246273
Step 17600: train_loss = 0.334581, train_acc = 0.875000, train ppl = 1.182098
Step 17700: train_loss = 0.086666, train_acc = 1.000000, train ppl = 1.044286
Step 17800: train_loss = 0.262929, train_acc = 0.875000, train ppl = 1.140497
Step 17900: train_loss = 0.479504, train_acc = 0.750000, train ppl = 1.270934
Step 18000: train_loss = 0.188987, train_acc = 0.875000, train ppl = 1.099102
==== Finshed epoch 32 ====
Evaluating model...
Epoch 32: validation accuracy = 0.856000 -- validation perplexity = 1.166919
Epoch 32: test accuracy: 0.846000
---- Qualitative Analysis
Context: is john in the hallway ? john journeyed to the hallway . john got the apple there . daniel journeyed to the hallway . daniel went back to the kitchen . is john in the hallway ?
Question: is john in the hallway ?
Answer: yes </s>
Model prediction: yes </s>
=========================
Step 18100: train_loss = 0.229709, train_acc = 1.000000, train ppl = 1.121710
Step 18200: train_loss = 0.271984, train_acc = 0.937500, train ppl = 1.145673
Step 18300: train_loss = 0.486625, train_acc = 0.687500, train ppl = 1.275467
Step 18400: train_loss = 0.217539, train_acc = 0.937500, train ppl = 1.114905
Step 18500: train_loss = 0.153042, train_acc = 0.937500, train ppl = 1.079525
==== Finshed epoch 33 ====
Evaluating model...
Epoch 33: validation accuracy = 0.848000 -- validation perplexity = 1.175476
Epoch 33: test accuracy: 0.836000
---- Qualitative Analysis
Context: is john in the bedroom ? john moved to the bedroom . john went to the bathroom . daniel travelled to the bathroom . john picked up the apple there . sandra took the football there . john went back to the garden . john dropped the apple . sandra discarded the football . john travelled to the bedroom . john went to the hallway . is john in the bedroom ?
Question: is john in the bedroom ?
Answer: no </s>
Model prediction: yes </s>
=========================
Step 18600: train_loss = 0.310754, train_acc = 0.937500, train ppl = 1.168098
Step 18700: train_loss = 0.199329, train_acc = 0.937500, train ppl = 1.104800
Step 18800: train_loss = 0.180859, train_acc = 0.937500, train ppl = 1.094645
Step 18900: train_loss = 0.234277, train_acc = 0.875000, train ppl = 1.124275
Step 19000: train_loss = 0.577124, train_acc = 0.750000, train ppl = 1.334507
Step 19100: train_loss = 0.209956, train_acc = 0.937500, train ppl = 1.110686
==== Finshed epoch 34 ====
Evaluating model...
Epoch 34: validation accuracy = 0.851000 -- validation perplexity = 1.173499
Epoch 34: test accuracy: 0.847000
---- Qualitative Analysis
Context: is daniel in the office ? john went to the garden . john went back to the kitchen . daniel went to the office . sandra travelled to the bathroom . daniel picked up the apple there . daniel put down the apple . is daniel in the office ?
Question: is daniel in the office ?
Answer: yes </s>
Model prediction: yes </s>
=========================
Step 19200: train_loss = 0.445982, train_acc = 0.812500, train ppl = 1.249809
Step 19300: train_loss = 0.250424, train_acc = 0.875000, train ppl = 1.133389
Step 19400: train_loss = 0.259206, train_acc = 0.812500, train ppl = 1.138376
Step 19500: train_loss = 0.547855, train_acc = 0.812500, train ppl = 1.315119
Step 19600: train_loss = 0.189694, train_acc = 0.937500, train ppl = 1.099491
Step 19700: train_loss = 0.404219, train_acc = 0.812500, train ppl = 1.223982
==== Finshed epoch 35 ====
Evaluating model...
Epoch 35: validation accuracy = 0.856000 -- validation perplexity = 1.171471
Epoch 35: test accuracy: 0.841000
---- Qualitative Analysis
Context: is mary in the bedroom ? mary travelled to the hallway . daniel got the apple there . daniel journeyed to the bathroom . mary moved to the kitchen . daniel travelled to the hallway . daniel dropped the apple . is mary in the bedroom ?
Question: is mary in the bedroom ?
Answer: no </s>
Model prediction: no </s>
=========================
Step 19800: train_loss = 0.275627, train_acc = 0.875000, train ppl = 1.147762
Step 19900: train_loss = 0.168585, train_acc = 0.937500, train ppl = 1.087947
Step 20000: train_loss = 0.173638, train_acc = 0.937500, train ppl = 1.090699
Step 20100: train_loss = 0.302032, train_acc = 0.875000, train ppl = 1.163015
Step 20200: train_loss = 0.648516, train_acc = 0.625000, train ppl = 1.383004
==== Finshed epoch 36 ====
Evaluating model...
Epoch 36: validation accuracy = 0.858000 -- validation perplexity = 1.170002
Epoch 36: test accuracy: 0.846000
---- Qualitative Analysis
Context: is sandra in the bedroom ? daniel travelled to the hallway . mary got the football there . mary dropped the football . mary grabbed the football there . sandra journeyed to the bedroom . mary left the football there . is sandra in the bedroom ?
Question: is sandra in the bedroom ?
Answer: yes </s>
Model prediction: yes </s>
=========================
Model checkpoint saved in models/dummy/best_model.ckpt
Step 20300: train_loss = 0.182901, train_acc = 0.875000, train ppl = 1.095763
Step 20400: train_loss = 0.091944, train_acc = 1.000000, train ppl = 1.047045
Step 20500: train_loss = 0.293028, train_acc = 0.875000, train ppl = 1.157791
Step 20600: train_loss = 0.195273, train_acc = 0.937500, train ppl = 1.102562
Step 20700: train_loss = 0.135790, train_acc = 1.000000, train ppl = 1.070253
Step 20800: train_loss = 0.111648, train_acc = 1.000000, train ppl = 1.057411
==== Finshed epoch 37 ====
Evaluating model...
Epoch 37: validation accuracy = 0.856000 -- validation perplexity = 1.186810
Epoch 37: test accuracy: 0.854000
---- Qualitative Analysis
Context: is daniel in the bedroom ? sandra picked up the apple there . john took the football there . sandra put down the apple . john dropped the football . mary got the milk there . daniel went to the kitchen . is daniel in the bedroom ?
Question: is daniel in the bedroom ?
Answer: no </s>
Model prediction: no </s>
=========================
Step 20900: train_loss = 0.372088, train_acc = 0.750000, train ppl = 1.204475
Step 21000: train_loss = 0.290338, train_acc = 0.875000, train ppl = 1.156235
Step 21100: train_loss = 0.223029, train_acc = 0.937500, train ppl = 1.117970
Step 21200: train_loss = 0.451223, train_acc = 0.812500, train ppl = 1.253089
Step 21300: train_loss = 0.401616, train_acc = 0.750000, train ppl = 1.222390
==== Finshed epoch 38 ====
Evaluating model...
Epoch 38: validation accuracy = 0.845000 -- validation perplexity = 1.169643
Epoch 38: test accuracy: 0.839000
---- Qualitative Analysis
Context: is john in the kitchen ? daniel went to the office . daniel travelled to the kitchen . john took the milk there . mary went to the hallway . john went back to the garden . sandra went to the garden . daniel travelled to the hallway . john journeyed to the bedroom . mary travelled to the office . john went to the office . is john in the kitchen ?
Question: is john in the kitchen ?
Answer: no </s>
Model prediction: no </s>
=========================
Step 21400: train_loss = 0.108619, train_acc = 1.000000, train ppl = 1.055811
Step 21500: train_loss = 0.525487, train_acc = 0.687500, train ppl = 1.300493
Step 21600: train_loss = 0.383672, train_acc = 0.812500, train ppl = 1.211472
Step 21700: train_loss = 0.545704, train_acc = 0.687500, train ppl = 1.313706
Step 21800: train_loss = 0.145339, train_acc = 0.937500, train ppl = 1.075375
Step 21900: train_loss = 0.094148, train_acc = 1.000000, train ppl = 1.048199
==== Finshed epoch 39 ====
Evaluating model...
Epoch 39: validation accuracy = 0.843000 -- validation perplexity = 1.172545
Epoch 39: test accuracy: 0.846000
---- Qualitative Analysis
Context: is mary in the bathroom ? mary travelled to the hallway . daniel got the apple there . is mary in the bathroom ?
Question: is mary in the bathroom ?
Answer: no </s>
Model prediction: no </s>
=========================
Step 22000: train_loss = 0.382488, train_acc = 0.812500, train ppl = 1.210755
Step 22100: train_loss = 0.310537, train_acc = 0.875000, train ppl = 1.167971
Step 22200: train_loss = 0.250608, train_acc = 0.875000, train ppl = 1.133493
Step 22300: train_loss = 0.235266, train_acc = 0.937500, train ppl = 1.124831
Step 22400: train_loss = 0.219377, train_acc = 0.875000, train ppl = 1.115930
Step 22500: train_loss = 0.302158, train_acc = 0.875000, train ppl = 1.163089
==== Finshed epoch 40 ====
Evaluating model...
Epoch 40: validation accuracy = 0.848000 -- validation perplexity = 1.179895
Epoch 40: test accuracy: 0.833000
---- Qualitative Analysis
Context: is sandra in the office ? mary travelled to the garden . sandra journeyed to the hallway . daniel journeyed to the garden . john moved to the garden . mary journeyed to the office . sandra grabbed the milk there . sandra journeyed to the bathroom . sandra journeyed to the kitchen . is sandra in the office ?
Question: is sandra in the office ?
Answer: no </s>
Model prediction: no </s>
=========================
Step 22600: train_loss = 0.231157, train_acc = 0.875000, train ppl = 1.122523
Step 22700: train_loss = 0.150773, train_acc = 0.937500, train ppl = 1.078301
Step 22800: train_loss = 0.213361, train_acc = 0.875000, train ppl = 1.112579
Step 22900: train_loss = 0.301424, train_acc = 0.875000, train ppl = 1.162662
Step 23000: train_loss = 0.439601, train_acc = 0.687500, train ppl = 1.245828
==== Finshed epoch 41 ====
Evaluating model...
Epoch 41: validation accuracy = 0.856000 -- validation perplexity = 1.171484
Epoch 41: test accuracy: 0.843000
---- Qualitative Analysis
Context: is john in the bedroom ? mary took the milk there . sandra went to the hallway . mary went back to the bathroom . john went to the garden . is john in the bedroom ?
Question: is john in the bedroom ?
Answer: no </s>
Model prediction: no </s>
=========================
Step 23100: train_loss = 0.178441, train_acc = 0.937500, train ppl = 1.093321
Step 23200: train_loss = 0.180175, train_acc = 0.937500, train ppl = 1.094270
Step 23300: train_loss = 0.630110, train_acc = 0.812500, train ppl = 1.370335
Step 23400: train_loss = 0.361551, train_acc = 0.750000, train ppl = 1.198146
Step 23500: train_loss = 0.181173, train_acc = 0.875000, train ppl = 1.094816
Step 23600: train_loss = 0.192834, train_acc = 0.937500, train ppl = 1.101218
==== Finshed epoch 42 ====
Evaluating model...
Epoch 42: validation accuracy = 0.829000 -- validation perplexity = 1.192021
Epoch 42: test accuracy: 0.830000
---- Qualitative Analysis
Context: is john in the hallway ? john went back to the hallway . sandra picked up the football there . mary moved to the kitchen . daniel grabbed the apple there . sandra left the football . sandra grabbed the football there . john moved to the bedroom . daniel discarded the apple there . is john in the hallway ?
Question: is john in the hallway ?
Answer: no </s>
Model prediction: no </s>
=========================
Step 23700: train_loss = 0.234996, train_acc = 0.875000, train ppl = 1.124679
Step 23800: train_loss = 0.247702, train_acc = 0.937500, train ppl = 1.131847
Step 23900: train_loss = 0.122801, train_acc = 0.937500, train ppl = 1.063324
Step 24000: train_loss = 0.169040, train_acc = 0.937500, train ppl = 1.088195
Step 24100: train_loss = 0.143766, train_acc = 1.000000, train ppl = 1.074529
Step 24200: train_loss = 0.355056, train_acc = 0.875000, train ppl = 1.194261
==== Finshed epoch 43 ====
Evaluating model...
Epoch 43: validation accuracy = 0.848000 -- validation perplexity = 1.181159
Epoch 43: test accuracy: 0.834000
---- Qualitative Analysis
Context: is john in the garden ? sandra went to the office . mary went back to the bedroom . daniel travelled to the bathroom . john went to the hallway . daniel moved to the garden . sandra moved to the bathroom . daniel moved to the office . mary picked up the apple there . john took the milk there . john moved to the garden . is john in the garden ?
Question: is john in the garden ?
Answer: yes </s>
Model prediction: yes </s>
=========================
Step 24300: train_loss = 0.325964, train_acc = 0.875000, train ppl = 1.177015
Step 24400: train_loss = 0.453828, train_acc = 0.750000, train ppl = 1.254722
Step 24500: train_loss = 0.507002, train_acc = 0.750000, train ppl = 1.288529
Step 24600: train_loss = 0.280679, train_acc = 0.812500, train ppl = 1.150665
Step 24700: train_loss = 0.195924, train_acc = 0.937500, train ppl = 1.102921
==== Finshed epoch 44 ====
Evaluating model...
Epoch 44: validation accuracy = 0.859000 -- validation perplexity = 1.177781
Epoch 44: test accuracy: 0.835000
---- Qualitative Analysis
Context: is sandra in the office ? sandra travelled to the hallway . sandra moved to the bathroom . john grabbed the football there . mary got the apple there . is sandra in the office ?
Question: is sandra in the office ?
Answer: no </s>
Model prediction: no </s>
=========================
Model checkpoint saved in models/dummy/best_model.ckpt
Step 24800: train_loss = 0.712196, train_acc = 0.750000, train ppl = 1.427747
Step 24900: train_loss = 0.259567, train_acc = 0.875000, train ppl = 1.138582
Step 25000: train_loss = 0.369654, train_acc = 0.875000, train ppl = 1.203010
Step 25100: train_loss = 0.051960, train_acc = 1.000000, train ppl = 1.026320
Step 25200: train_loss = 0.393950, train_acc = 0.875000, train ppl = 1.217714
Step 25300: train_loss = 0.298835, train_acc = 0.875000, train ppl = 1.161157
==== Finshed epoch 45 ====
Evaluating model...
Epoch 45: validation accuracy = 0.833000 -- validation perplexity = 1.189540
Epoch 45: test accuracy: 0.838000
---- Qualitative Analysis
Context: is daniel in the bedroom ? sandra journeyed to the garden . mary got the milk there . sandra travelled to the office . john went to the office . sandra travelled to the kitchen . sandra went to the bathroom . daniel went to the bedroom . mary dropped the milk . john took the football there . daniel got the milk there . is daniel in the bedroom ?
Question: is daniel in the bedroom ?
Answer: yes </s>
Model prediction: yes </s>
=========================
Step 25400: train_loss = 0.395585, train_acc = 0.812500, train ppl = 1.218709
Step 25500: train_loss = 0.137264, train_acc = 1.000000, train ppl = 1.071042
Step 25600: train_loss = 0.126758, train_acc = 1.000000, train ppl = 1.065430
Step 25700: train_loss = 0.271121, train_acc = 1.000000, train ppl = 1.145179
Step 25800: train_loss = 0.178338, train_acc = 0.937500, train ppl = 1.093265
==== Finshed epoch 46 ====
Evaluating model...
Epoch 46: validation accuracy = 0.857000 -- validation perplexity = 1.183064
Epoch 46: test accuracy: 0.836000
---- Qualitative Analysis
Context: is john in the hallway ? sandra journeyed to the bathroom . john moved to the kitchen . mary took the milk there . daniel travelled to the bathroom . daniel moved to the hallway . mary put down the milk . john went to the hallway . mary picked up the milk there . is john in the hallway ?
Question: is john in the hallway ?
Answer: yes </s>
Model prediction: yes </s>
=========================
Step 25900: train_loss = 0.233707, train_acc = 0.875000, train ppl = 1.123955
Step 26000: train_loss = 0.058190, train_acc = 1.000000, train ppl = 1.029523
Step 26100: train_loss = 0.391056, train_acc = 0.875000, train ppl = 1.215953
Step 26200: train_loss = 0.395687, train_acc = 0.875000, train ppl = 1.218772
Step 26300: train_loss = 0.297516, train_acc = 0.875000, train ppl = 1.160392
