data_dir:                 data/en-10k
merge_mode:               concat
model_dir:                models/dummy
cell_type:                gru
learning_rate:            0.005
model_type:               attention
vocab:                    data/vocab.txt
dropout_keep_prob:        0.7
num_epochs:               50
encoder_type:             bi
batch_size:               16
optimizer:                adam
max_gradient_norm:        1.0
task:                     17
val_split:                0.1
num_enc_layers:           1
num_units:                128
restore_from_dir:         None
embedding_size:           128
Loading data...
vocabulary size = 487
Building model...
Running initializers...
Creating summary writers...
Performing evaluation before training...
---- Qualitative Analysis
Context: is the red square below the red sphere ? the pink rectangle is to the right of the red sphere . the red square is below the pink rectangle . is the red square below the red sphere ?
Question: is the red square below the red sphere ?
Answer: yes </s>
Model prediction: 4 4 4 4 4 4 4 4 4 4
=========================
Step 100: train_loss = 2.129291, train_acc = 0.000000, train ppl = 2.899811
Step 200: train_loss = 2.081170, train_acc = 0.000000, train ppl = 2.830872
Step 300: train_loss = 2.308553, train_acc = 0.125000, train ppl = 3.171727
Step 400: train_loss = 2.092355, train_acc = 0.000000, train ppl = 2.846749
Step 500: train_loss = 2.171537, train_acc = 0.000000, train ppl = 2.961715
==== Finshed epoch 1 ====
Evaluating model...
Epoch 1: validation accuracy = 0.000000 -- validation perplexity = 2.971874
Epoch 1: test accuracy: 0.000000
---- Qualitative Analysis
Context: is the red square to the right of the blue square ? the red square is to the left of the triangle . the triangle is to the left of the blue square . is the red square to the right of the blue square ?
Question: is the red square to the right of the blue square ?
Answer: no </s>
Model prediction: </s>
=========================
Model checkpoint saved in models/dummy/best_model.ckpt
Step 600: train_loss = 2.270975, train_acc = 0.000000, train ppl = 3.112691
Step 700: train_loss = 2.092547, train_acc = 0.000000, train ppl = 2.847022
Step 800: train_loss = 2.112782, train_acc = 0.000000, train ppl = 2.875973
Step 900: train_loss = 2.079806, train_acc = 0.000000, train ppl = 2.828943
Step 1000: train_loss = 2.050875, train_acc = 0.000000, train ppl = 2.788315
Step 1100: train_loss = 2.105229, train_acc = 0.000000, train ppl = 2.865133
==== Finshed epoch 2 ====
Evaluating model...
Epoch 2: validation accuracy = 0.000000 -- validation perplexity = 2.946817
Epoch 2: test accuracy: 0.000000
---- Qualitative Analysis
Context: is the pink rectangle to the right of the red sphere ? the red sphere is below the red square . the red square is to the left of the pink rectangle . is the pink rectangle to the right of the red sphere ?
Question: is the pink rectangle to the right of the red sphere ?
Answer: yes </s>
Model prediction: </s>
=========================
Step 1200: train_loss = 2.106930, train_acc = 0.000000, train ppl = 2.867570
Step 1300: train_loss = 2.081925, train_acc = 0.000000, train ppl = 2.831941
Step 1400: train_loss = 2.263251, train_acc = 0.000000, train ppl = 3.100693
Step 1500: train_loss = 2.131589, train_acc = 0.000000, train ppl = 2.903145
Step 1600: train_loss = 2.122845, train_acc = 0.000000, train ppl = 2.890480
==== Finshed epoch 3 ====
Evaluating model...
Epoch 3: validation accuracy = 0.000000 -- validation perplexity = 2.833489
Epoch 3: test accuracy: 0.000000
---- Qualitative Analysis
Context: is the triangle below the red sphere ? the pink rectangle is above the red sphere . the pink rectangle is to the left of the triangle . is the triangle below the red sphere ?
Question: is the triangle below the red sphere ?
Answer: no </s>
Model prediction: </s>
=========================
Step 1700: train_loss = 2.076118, train_acc = 0.000000, train ppl = 2.823731
Step 1800: train_loss = 2.344264, train_acc = 0.500000, train ppl = 3.228869
Step 1900: train_loss = 2.040606, train_acc = 0.000000, train ppl = 2.774035
Step 2000: train_loss = 2.091790, train_acc = 0.000000, train ppl = 2.845944
Step 2100: train_loss = 2.092757, train_acc = 0.000000, train ppl = 2.847321
Step 2200: train_loss = 2.095973, train_acc = 0.000000, train ppl = 2.851903
==== Finshed epoch 4 ====
Evaluating model...
Epoch 4: validation accuracy = 0.000000 -- validation perplexity = 2.827932
Epoch 4: test accuracy: 0.000000
---- Qualitative Analysis
Context: is the red sphere below the triangle ? the red square is to the left of the triangle . the red square is below the red sphere . is the red sphere below the triangle ?
Question: is the red sphere below the triangle ?
Answer: no </s>
Model prediction: </s>
=========================
Step 2300: train_loss = 2.096679, train_acc = 0.000000, train ppl = 2.852910
Step 2400: train_loss = 2.083456, train_acc = 0.000000, train ppl = 2.834110
Step 2500: train_loss = 2.144205, train_acc = 0.000000, train ppl = 2.921515
Step 2600: train_loss = 2.107935, train_acc = 0.000000, train ppl = 2.869012
Step 2700: train_loss = 2.107325, train_acc = 0.000000, train ppl = 2.868136
Step 2800: train_loss = 2.059897, train_acc = 0.000000, train ppl = 2.800921
==== Finshed epoch 5 ====
Evaluating model...
Epoch 5: validation accuracy = 0.000000 -- validation perplexity = 3.016793
Epoch 5: test accuracy: 0.000000
---- Qualitative Analysis
Context: is the blue square to the left of the red sphere ? the yellow square is below the red sphere . the blue square is to the left of the yellow square . is the blue square to the left of the red sphere ?
Question: is the blue square to the left of the red sphere ?
Answer: yes </s>
Model prediction: </s>
=========================
Step 2900: train_loss = 2.075167, train_acc = 0.000000, train ppl = 2.822389
Step 3000: train_loss = 2.101526, train_acc = 0.000000, train ppl = 2.859833
Step 3100: train_loss = 2.399705, train_acc = 0.000000, train ppl = 3.319627
Step 3200: train_loss = 1.995672, train_acc = 0.000000, train ppl = 2.712406
Step 3300: train_loss = 2.235059, train_acc = 0.000000, train ppl = 3.057293
==== Finshed epoch 6 ====
Evaluating model...
Epoch 6: validation accuracy = 0.527000 -- validation perplexity = 3.051299
Epoch 6: test accuracy: 0.480000
---- Qualitative Analysis
Context: is the red square above the red sphere ? the yellow square is to the right of the red square . the yellow square is below the red sphere . is the red square above the red sphere ?
Question: is the red square above the red sphere ?
Answer: no </s>
Model prediction: no no no no no no no no no no
=========================
Model checkpoint saved in models/dummy/best_model.ckpt
Step 3400: train_loss = 2.085483, train_acc = 0.000000, train ppl = 2.836984
Step 3500: train_loss = 2.313181, train_acc = 0.000000, train ppl = 3.179076
Step 3600: train_loss = 2.087711, train_acc = 0.000000, train ppl = 2.840146
Step 3700: train_loss = 2.020434, train_acc = 0.000000, train ppl = 2.746197
Step 3800: train_loss = 2.070211, train_acc = 0.000000, train ppl = 2.815403
Step 3900: train_loss = 2.103926, train_acc = 0.000000, train ppl = 2.863266
==== Finshed epoch 7 ====
Evaluating model...
Epoch 7: validation accuracy = 0.000000 -- validation perplexity = 2.863935
Epoch 7: test accuracy: 0.000000
---- Qualitative Analysis
Context: is the yellow square above the blue square ? the red square is below the yellow square . the red square is above the blue square . is the yellow square above the blue square ?
Question: is the yellow square above the blue square ?
Answer: yes </s>
Model prediction: </s>
=========================
Step 4000: train_loss = 2.192216, train_acc = 0.000000, train ppl = 2.992497
Step 4100: train_loss = 2.091114, train_acc = 0.000000, train ppl = 2.844982
Step 4200: train_loss = 2.149086, train_acc = 0.000000, train ppl = 2.928654
Step 4300: train_loss = 2.132408, train_acc = 0.000000, train ppl = 2.904333
Step 4400: train_loss = 2.009589, train_acc = 0.000000, train ppl = 2.731347
Step 4500: train_loss = 2.340750, train_acc = 0.000000, train ppl = 3.223202
==== Finshed epoch 8 ====
Evaluating model...
Epoch 8: validation accuracy = 0.000000 -- validation perplexity = 2.876123
Epoch 8: test accuracy: 0.000000
---- Qualitative Analysis
Context: is the yellow square to the left of the red square ? the red sphere is to the right of the yellow square . the red sphere is above the red square . is the yellow square to the left of the red square ?
Question: is the yellow square to the left of the red square ?
Answer: yes </s>
Model prediction: </s>
=========================
Step 4600: train_loss = 2.158490, train_acc = 0.000000, train ppl = 2.942457
Step 4700: train_loss = 2.083362, train_acc = 0.000000, train ppl = 2.833977
Step 4800: train_loss = 2.074871, train_acc = 0.000000, train ppl = 2.821970
Step 4900: train_loss = 2.076725, train_acc = 0.000000, train ppl = 2.824588
Step 5000: train_loss = 2.183218, train_acc = 0.000000, train ppl = 2.979063
==== Finshed epoch 9 ====
Evaluating model...
Epoch 9: validation accuracy = 0.473000 -- validation perplexity = 3.404660
Epoch 9: test accuracy: 0.520000
---- Qualitative Analysis
Context: is the triangle to the left of the blue square ? the yellow square is above the triangle . the yellow square is to the left of the blue square . is the triangle to the left of the blue square ?
Question: is the triangle to the left of the blue square ?
Answer: yes </s>
Model prediction: yes yes yes yes yes yes yes yes yes yes
=========================
Step 5100: train_loss = 2.084789, train_acc = 0.000000, train ppl = 2.835999
Step 5200: train_loss = 2.159760, train_acc = 0.000000, train ppl = 2.944327
Step 5300: train_loss = 2.253419, train_acc = 0.562500, train ppl = 3.085486
Step 5400: train_loss = 2.025249, train_acc = 0.000000, train ppl = 2.752817
Step 5500: train_loss = 2.142591, train_acc = 0.000000, train ppl = 2.919159
Step 5600: train_loss = 2.209915, train_acc = 0.000000, train ppl = 3.019096
==== Finshed epoch 10 ====
Evaluating model...
Epoch 10: validation accuracy = 0.000000 -- validation perplexity = 2.832462
Epoch 10: test accuracy: 0.000000
---- Qualitative Analysis
Context: is the red sphere below the triangle ? the pink rectangle is above the red sphere . the pink rectangle is to the left of the triangle . is the red sphere below the triangle ?
Question: is the red sphere below the triangle ?
Answer: yes </s>
Model prediction: </s>
=========================
Step 5700: train_loss = 2.196077, train_acc = 0.000000, train ppl = 2.998279
Step 5800: train_loss = 2.353692, train_acc = 0.250000, train ppl = 3.244126
Step 5900: train_loss = 2.056037, train_acc = 0.000000, train ppl = 2.795521
Step 6000: train_loss = 2.130778, train_acc = 0.000000, train ppl = 2.901968
Step 6100: train_loss = 2.112100, train_acc = 0.000000, train ppl = 2.874993
==== Finshed epoch 11 ====
Evaluating model...
Epoch 11: validation accuracy = 0.000000 -- validation perplexity = 2.871053
Epoch 11: test accuracy: 0.000000
---- Qualitative Analysis
Context: is the pink rectangle above the yellow square ? the blue square is to the right of the pink rectangle . the blue square is below the yellow square . is the pink rectangle above the yellow square ?
Question: is the pink rectangle above the yellow square ?
Answer: no </s>
Model prediction: </s>
=========================
Step 6200: train_loss = 2.279196, train_acc = 0.000000, train ppl = 3.125511
Step 6300: train_loss = 2.182359, train_acc = 0.000000, train ppl = 2.977785
Step 6400: train_loss = 2.112379, train_acc = 0.000000, train ppl = 2.875393
Step 6500: train_loss = 2.091899, train_acc = 0.000000, train ppl = 2.846100
Step 6600: train_loss = 2.270072, train_acc = 0.000000, train ppl = 3.111285
Step 6700: train_loss = 2.197681, train_acc = 0.000000, train ppl = 3.000685
==== Finshed epoch 12 ====
Evaluating model...
Epoch 12: validation accuracy = 0.000000 -- validation perplexity = 2.836826
Epoch 12: test accuracy: 0.000000
---- Qualitative Analysis
Context: is the yellow square to the right of the red sphere ? the red square is to the left of the yellow square . the red square is to the right of the red sphere . is the yellow square to the right of the red sphere ?
Question: is the yellow square to the right of the red sphere ?
Answer: yes </s>
Model prediction: </s>
=========================
Step 6800: train_loss = 2.130065, train_acc = 0.000000, train ppl = 2.900934
Step 6900: train_loss = 2.121899, train_acc = 0.000000, train ppl = 2.889113
Step 7000: train_loss = 2.561811, train_acc = 0.312500, train ppl = 3.599898
Step 7100: train_loss = 2.125570, train_acc = 0.000000, train ppl = 2.894421
Step 7200: train_loss = 2.155240, train_acc = 0.000000, train ppl = 2.937680
Step 7300: train_loss = 1.834937, train_acc = 0.000000, train ppl = 2.502947
==== Finshed epoch 13 ====
Evaluating model...
Epoch 13: validation accuracy = 0.000000 -- validation perplexity = 2.861670
Epoch 13: test accuracy: 0.000000
---- Qualitative Analysis
Context: is the blue square below the red square ? the triangle is to the left of the blue square . the red square is to the left of the triangle . is the blue square below the red square ?
Question: is the blue square below the red square ?
Answer: no </s>
Model prediction: </s>
=========================
Step 7400: train_loss = 2.078252, train_acc = 0.000000, train ppl = 2.826746
Step 7500: train_loss = 2.049460, train_acc = 0.000000, train ppl = 2.786344
Step 7600: train_loss = 2.155825, train_acc = 0.000000, train ppl = 2.938540
Step 7700: train_loss = 2.055420, train_acc = 0.000000, train ppl = 2.794658
Step 7800: train_loss = 2.081225, train_acc = 0.000000, train ppl = 2.830951
==== Finshed epoch 14 ====
Evaluating model...
Epoch 14: validation accuracy = 0.000000 -- validation perplexity = 2.840520
Epoch 14: test accuracy: 0.000000
---- Qualitative Analysis
Context: is the blue square below the red square ? the yellow square is to the right of the blue square . the yellow square is below the red square . is the blue square below the red square ?
Question: is the blue square below the red square ?
Answer: yes </s>
Model prediction: </s>
=========================
Step 7900: train_loss = 2.012095, train_acc = 0.000000, train ppl = 2.734770
Step 8000: train_loss = 2.129843, train_acc = 0.000000, train ppl = 2.900611
Step 8100: train_loss = 2.113542, train_acc = 0.000000, train ppl = 2.877066
Step 8200: train_loss = 2.074244, train_acc = 0.000000, train ppl = 2.821087
Step 8300: train_loss = 2.197116, train_acc = 0.000000, train ppl = 2.999837
Step 8400: train_loss = 2.228686, train_acc = 0.000000, train ppl = 3.047565
==== Finshed epoch 15 ====
Evaluating model...
Epoch 15: validation accuracy = 0.000000 -- validation perplexity = 2.920715
Epoch 15: test accuracy: 0.000000
---- Qualitative Analysis
Context: is the yellow square to the right of the blue square ? the pink rectangle is above the blue square . the yellow square is above the pink rectangle . is the yellow square to the right of the blue square ?
Question: is the yellow square to the right of the blue square ?
Answer: no </s>
Model prediction: </s>
=========================
Step 8500: train_loss = 2.254682, train_acc = 0.000000, train ppl = 3.087436
Step 8600: train_loss = 2.089579, train_acc = 0.000000, train ppl = 2.842801
Step 8700: train_loss = 2.218132, train_acc = 0.000000, train ppl = 3.031526
Step 8800: train_loss = 2.081448, train_acc = 0.000000, train ppl = 2.831266
Step 8900: train_loss = 2.126791, train_acc = 0.000000, train ppl = 2.896188
Step 9000: train_loss = 2.106807, train_acc = 0.000000, train ppl = 2.867394
==== Finshed epoch 16 ====
Evaluating model...
Epoch 16: validation accuracy = 0.000000 -- validation perplexity = 3.265557
Epoch 16: test accuracy: 0.000000
---- Qualitative Analysis
Context: is the pink rectangle to the right of the red square ? the triangle is below the pink rectangle . the triangle is to the left of the red square . is the pink rectangle to the right of the red square ?
Question: is the pink rectangle to the right of the red square ?
Answer: no </s>
Model prediction: </s>
=========================
Step 9100: train_loss = 2.077299, train_acc = 0.000000, train ppl = 2.825399
Step 9200: train_loss = 2.080101, train_acc = 0.000000, train ppl = 2.829360
Step 9300: train_loss = 1.999779, train_acc = 0.000000, train ppl = 2.717981
Step 9400: train_loss = 2.063214, train_acc = 0.000000, train ppl = 2.805571
Step 9500: train_loss = 2.093580, train_acc = 0.000000, train ppl = 2.848492
==== Finshed epoch 17 ====
Evaluating model...
Epoch 17: validation accuracy = 0.000000 -- validation perplexity = 2.831472
Epoch 17: test accuracy: 0.000000
---- Qualitative Analysis
Context: is the yellow square above the triangle ? the yellow square is to the right of the blue square . the blue square is above the triangle . is the yellow square above the triangle ?
Question: is the yellow square above the triangle ?
Answer: yes </s>
Model prediction: </s>
=========================
Step 9600: train_loss = 2.140721, train_acc = 0.000000, train ppl = 2.916430
Step 9700: train_loss = 2.017514, train_acc = 0.000000, train ppl = 2.742190
Step 9800: train_loss = 2.115987, train_acc = 0.000000, train ppl = 2.880585
Step 9900: train_loss = 2.131109, train_acc = 0.000000, train ppl = 2.902447
Step 10000: train_loss = 2.005229, train_acc = 0.000000, train ppl = 2.725399
Step 10100: train_loss = 2.080418, train_acc = 0.000000, train ppl = 2.829808
==== Finshed epoch 18 ====
Evaluating model...
Epoch 18: validation accuracy = 0.000000 -- validation perplexity = 2.863583
Epoch 18: test accuracy: 0.000000
---- Qualitative Analysis
Context: is the pink rectangle to the left of the red square ? the red square is below the red sphere . the red sphere is to the left of the pink rectangle . is the pink rectangle to the left of the red square ?
Question: is the pink rectangle to the left of the red square ?
Answer: no </s>
Model prediction: </s>
=========================
Step 10200: train_loss = 2.086202, train_acc = 0.000000, train ppl = 2.838004
Step 10300: train_loss = 2.119643, train_acc = 0.000000, train ppl = 2.885855
Step 10400: train_loss = 2.086067, train_acc = 0.000000, train ppl = 2.837813
Step 10500: train_loss = 2.088791, train_acc = 0.000000, train ppl = 2.841681
Step 10600: train_loss = 2.020465, train_acc = 0.000000, train ppl = 2.746239
==== Finshed epoch 19 ====
Evaluating model...
Epoch 19: validation accuracy = 0.000000 -- validation perplexity = 2.852989
Epoch 19: test accuracy: 0.000000
---- Qualitative Analysis
Context: is the blue square to the left of the red sphere ? the blue square is below the triangle . the triangle is to the right of the red sphere . is the blue square to the left of the red sphere ?
Question: is the blue square to the left of the red sphere ?
Answer: no </s>
Model prediction: </s>
=========================
Step 10700: train_loss = 2.076025, train_acc = 0.000000, train ppl = 2.823600
Step 10800: train_loss = 2.179158, train_acc = 0.000000, train ppl = 2.973022
Step 10900: train_loss = 2.121308, train_acc = 0.000000, train ppl = 2.888259
Step 11000: train_loss = 2.092539, train_acc = 0.000000, train ppl = 2.847011
Step 11100: train_loss = 2.179878, train_acc = 0.000000, train ppl = 2.974093
Step 11200: train_loss = 2.052458, train_acc = 0.000000, train ppl = 2.790523
==== Finshed epoch 20 ====
Evaluating model...
Epoch 20: validation accuracy = 0.000000 -- validation perplexity = 2.843484
Epoch 20: test accuracy: 0.000000
---- Qualitative Analysis
Context: is the red sphere to the left of the triangle ? the yellow square is above the triangle . the red sphere is to the left of the yellow square . is the red sphere to the left of the triangle ?
Question: is the red sphere to the left of the triangle ?
Answer: yes </s>
Model prediction: </s>
=========================
Step 11300: train_loss = 2.067743, train_acc = 0.000000, train ppl = 2.811932
Step 11400: train_loss = 2.287444, train_acc = 0.000000, train ppl = 3.138428
Step 11500: train_loss = 2.093379, train_acc = 0.000000, train ppl = 2.848207
Step 11600: train_loss = 2.071957, train_acc = 0.000000, train ppl = 2.817862
Step 11700: train_loss = 2.072394, train_acc = 0.000000, train ppl = 2.818478
Step 11800: train_loss = 2.224751, train_acc = 0.000000, train ppl = 3.041574
==== Finshed epoch 21 ====
Evaluating model...
Epoch 21: validation accuracy = 0.000000 -- validation perplexity = 2.854463
Epoch 21: test accuracy: 0.000000
---- Qualitative Analysis
Context: is the red square to the right of the red sphere ? the blue square is to the left of the red square . the red sphere is to the left of the blue square . is the red square to the right of the red sphere ?
Question: is the red square to the right of the red sphere ?
Answer: yes </s>
Model prediction: </s>
=========================
Step 11900: train_loss = 2.072133, train_acc = 0.000000, train ppl = 2.818110
Step 12000: train_loss = 2.048446, train_acc = 0.000000, train ppl = 2.784930
Step 12100: train_loss = 2.073981, train_acc = 0.000000, train ppl = 2.820715
Step 12200: train_loss = 2.374266, train_acc = 0.000000, train ppl = 3.277670
Step 12300: train_loss = 2.165167, train_acc = 0.000000, train ppl = 2.952297
==== Finshed epoch 22 ====
Evaluating model...
Epoch 22: validation accuracy = 0.000000 -- validation perplexity = 2.838202
Epoch 22: test accuracy: 0.000000
---- Qualitative Analysis
Context: is the blue square to the right of the red square ? the yellow square is to the right of the red square . the yellow square is below the blue square . is the blue square to the right of the red square ?
Question: is the blue square to the right of the red square ?
Answer: yes </s>
Model prediction: </s>
=========================
Step 12400: train_loss = 2.157492, train_acc = 0.000000, train ppl = 2.940990
Step 12500: train_loss = 2.352713, train_acc = 0.000000, train ppl = 3.242539
Step 12600: train_loss = 2.175979, train_acc = 0.000000, train ppl = 2.968300
Step 12700: train_loss = 2.173296, train_acc = 0.000000, train ppl = 2.964322
Step 12800: train_loss = 2.135250, train_acc = 0.000000, train ppl = 2.908464
Step 12900: train_loss = 2.071201, train_acc = 0.000000, train ppl = 2.816798
==== Finshed epoch 23 ====
Evaluating model...
Epoch 23: validation accuracy = 0.000000 -- validation perplexity = 2.937802
Epoch 23: test accuracy: 0.000000
---- Qualitative Analysis
Context: is the red square below the red sphere ? the red square is below the pink rectangle . the pink rectangle is below the red sphere . is the red square below the red sphere ?
Question: is the red square below the red sphere ?
Answer: yes </s>
Model prediction: </s>
=========================
Step 13000: train_loss = 2.089294, train_acc = 0.000000, train ppl = 2.842395
Step 13100: train_loss = 2.412187, train_acc = 0.000000, train ppl = 3.340410
Step 13200: train_loss = 2.074274, train_acc = 0.000000, train ppl = 2.821129
Step 13300: train_loss = 2.239728, train_acc = 0.000000, train ppl = 3.064438
Step 13400: train_loss = 2.119673, train_acc = 0.000000, train ppl = 2.885899
Step 13500: train_loss = 1.922251, train_acc = 0.000000, train ppl = 2.614638
==== Finshed epoch 24 ====
Evaluating model...
Epoch 24: validation accuracy = 0.000000 -- validation perplexity = 2.896914
Epoch 24: test accuracy: 0.000000
---- Qualitative Analysis
Context: is the red square to the left of the pink rectangle ? the triangle is to the left of the red square . the pink rectangle is below the triangle . is the red square to the left of the pink rectangle ?
Question: is the red square to the left of the pink rectangle ?
Answer: no </s>
Model prediction: </s>
=========================
Step 13600: train_loss = 2.087665, train_acc = 0.000000, train ppl = 2.840080
Step 13700: train_loss = 1.956638, train_acc = 0.000000, train ppl = 2.659981
Step 13800: train_loss = 2.072932, train_acc = 0.000000, train ppl = 2.819236
Step 13900: train_loss = 2.107592, train_acc = 0.000000, train ppl = 2.868519
Step 14000: train_loss = 2.100328, train_acc = 0.000000, train ppl = 2.858120
==== Finshed epoch 25 ====
Evaluating model...
Epoch 25: validation accuracy = 0.000000 -- validation perplexity = 2.889330
Epoch 25: test accuracy: 0.000000
---- Qualitative Analysis
Context: is the red square below the blue square ? the yellow square is to the left of the red square . the yellow square is to the right of the blue square . is the red square below the blue square ?
Question: is the red square below the blue square ?
Answer: no </s>
Model prediction: </s>
=========================
Step 14100: train_loss = 2.056723, train_acc = 0.000000, train ppl = 2.796481
Step 14200: train_loss = 2.101701, train_acc = 0.000000, train ppl = 2.860083
Step 14300: train_loss = 2.199388, train_acc = 0.000000, train ppl = 3.003247
Step 14400: train_loss = 2.044238, train_acc = 0.000000, train ppl = 2.779077
Step 14500: train_loss = 2.081871, train_acc = 0.000000, train ppl = 2.831865
Step 14600: train_loss = 2.099887, train_acc = 0.000000, train ppl = 2.857490
==== Finshed epoch 26 ====
Evaluating model...
Epoch 26: validation accuracy = 0.000000 -- validation perplexity = 3.008955
Epoch 26: test accuracy: 0.000000
---- Qualitative Analysis
Context: is the yellow square to the left of the pink rectangle ? the red sphere is to the right of the yellow square . the red sphere is above the pink rectangle . is the yellow square to the left of the pink rectangle ?
Question: is the yellow square to the left of the pink rectangle ?
Answer: yes </s>
Model prediction: </s>
=========================
Step 14700: train_loss = 2.103404, train_acc = 0.000000, train ppl = 2.862518
Step 14800: train_loss = 2.024848, train_acc = 0.000000, train ppl = 2.752264
Step 14900: train_loss = 2.129110, train_acc = 0.000000, train ppl = 2.899548
Step 15000: train_loss = 2.087945, train_acc = 0.000000, train ppl = 2.840479
Step 15100: train_loss = 2.103930, train_acc = 0.000000, train ppl = 2.863273
Step 15200: train_loss = 2.046076, train_acc = 0.000000, train ppl = 2.781633
==== Finshed epoch 27 ====
Evaluating model...
Epoch 27: validation accuracy = 0.000000 -- validation perplexity = 2.840715
Epoch 27: test accuracy: 0.000000
---- Qualitative Analysis
Context: is the red square below the pink rectangle ? the pink rectangle is below the blue square . the red square is above the blue square . is the red square below the pink rectangle ?
Question: is the red square below the pink rectangle ?
Answer: no </s>
Model prediction: </s>
=========================
Step 15300: train_loss = 2.061101, train_acc = 0.000000, train ppl = 2.802608
Step 15400: train_loss = 2.055963, train_acc = 0.000000, train ppl = 2.795418
Step 15500: train_loss = 2.107037, train_acc = 0.000000, train ppl = 2.867723
Step 15600: train_loss = 2.170276, train_acc = 0.000000, train ppl = 2.959848
Step 15700: train_loss = 2.248028, train_acc = 0.000000, train ppl = 3.077181
==== Finshed epoch 28 ====
Evaluating model...
Epoch 28: validation accuracy = 0.000000 -- validation perplexity = 2.838505
Epoch 28: test accuracy: 0.000000
---- Qualitative Analysis
Context: is the red square to the right of the yellow square ? the red square is to the left of the red sphere . the red sphere is above the yellow square . is the red square to the right of the yellow square ?
Question: is the red square to the right of the yellow square ?
Answer: no </s>
Model prediction: </s>
=========================
Step 15800: train_loss = 2.233404, train_acc = 0.000000, train ppl = 3.054763
Step 15900: train_loss = 2.072710, train_acc = 0.000000, train ppl = 2.818924
Step 16000: train_loss = 2.082757, train_acc = 0.000000, train ppl = 2.833120
Step 16100: train_loss = 2.129854, train_acc = 0.000000, train ppl = 2.900628
Step 16200: train_loss = 2.133331, train_acc = 0.000000, train ppl = 2.905674
Step 16300: train_loss = 2.051321, train_acc = 0.000000, train ppl = 2.788937
==== Finshed epoch 29 ====
Evaluating model...
Epoch 29: validation accuracy = 0.000000 -- validation perplexity = 2.826446
Epoch 29: test accuracy: 0.000000
---- Qualitative Analysis
Context: is the triangle to the right of the blue square ? the red sphere is to the right of the triangle . the red sphere is above the blue square . is the triangle to the right of the blue square ?
Question: is the triangle to the right of the blue square ?
Answer: no </s>
Model prediction: </s>
=========================
Step 16400: train_loss = 2.074032, train_acc = 0.000000, train ppl = 2.820787
Step 16500: train_loss = 2.075974, train_acc = 0.000000, train ppl = 2.823527
Step 16600: train_loss = 2.052563, train_acc = 0.000000, train ppl = 2.790670
Step 16700: train_loss = 2.192111, train_acc = 0.000000, train ppl = 2.992339
Step 16800: train_loss = 2.073719, train_acc = 0.000000, train ppl = 2.820346
==== Finshed epoch 30 ====
Evaluating model...
Epoch 30: validation accuracy = 0.000000 -- validation perplexity = 2.934903
Epoch 30: test accuracy: 0.000000
---- Qualitative Analysis
Context: is the triangle above the blue square ? the red sphere is to the right of the triangle . the red sphere is above the blue square . is the triangle above the blue square ?
Question: is the triangle above the blue square ?
Answer: yes </s>
Model prediction: </s>
=========================
Step 16900: train_loss = 2.090657, train_acc = 0.000000, train ppl = 2.844332
Step 17000: train_loss = 2.022482, train_acc = 0.000000, train ppl = 2.749010
Step 17100: train_loss = 2.183701, train_acc = 0.000000, train ppl = 2.979783
Step 17200: train_loss = 2.070924, train_acc = 0.000000, train ppl = 2.816407
Step 17300: train_loss = 2.125939, train_acc = 0.000000, train ppl = 2.894954
Step 17400: train_loss = 2.081661, train_acc = 0.000000, train ppl = 2.831568
==== Finshed epoch 31 ====
Evaluating model...
Epoch 31: validation accuracy = 0.000000 -- validation perplexity = 3.039399
Epoch 31: test accuracy: 0.000000
---- Qualitative Analysis
Context: is the red square above the yellow square ? the yellow square is to the left of the blue square . the blue square is above the red square . is the red square above the yellow square ?
Question: is the red square above the yellow square ?
Answer: no </s>
Model prediction: </s>
=========================
Step 17500: train_loss = 2.020476, train_acc = 0.000000, train ppl = 2.746255
Step 17600: train_loss = 2.229514, train_acc = 0.000000, train ppl = 3.048827
Step 17700: train_loss = 2.132794, train_acc = 0.000000, train ppl = 2.904895
Step 17800: train_loss = 2.125133, train_acc = 0.000000, train ppl = 2.893788
Step 17900: train_loss = 2.189170, train_acc = 0.000000, train ppl = 2.987943
Step 18000: train_loss = 2.080789, train_acc = 0.000000, train ppl = 2.830333
==== Finshed epoch 32 ====
Evaluating model...
Epoch 32: validation accuracy = 0.000000 -- validation perplexity = 2.956069
Epoch 32: test accuracy: 0.000000
---- Qualitative Analysis
Context: is the pink rectangle above the blue square ? the red square is below the blue square . the red square is to the left of the pink rectangle . is the pink rectangle above the blue square ?
Question: is the pink rectangle above the blue square ?
Answer: no </s>
Model prediction: </s>
=========================
Step 18100: train_loss = 2.100746, train_acc = 0.000000, train ppl = 2.858718
Step 18200: train_loss = 2.098830, train_acc = 0.000000, train ppl = 2.855980
Step 18300: train_loss = 2.115279, train_acc = 0.000000, train ppl = 2.879566
Step 18400: train_loss = 2.102067, train_acc = 0.000000, train ppl = 2.860606
Step 18500: train_loss = 2.072553, train_acc = 0.000000, train ppl = 2.818702
==== Finshed epoch 33 ====
Evaluating model...
Epoch 33: validation accuracy = 0.000000 -- validation perplexity = 3.094141
Epoch 33: test accuracy: 0.000000
---- Qualitative Analysis
Context: is the pink rectangle to the right of the red square ? the red sphere is to the right of the red square . the red sphere is to the left of the pink rectangle . is the pink rectangle to the right of the red square ?
Question: is the pink rectangle to the right of the red square ?
Answer: yes </s>
Model prediction: </s>
=========================
Step 18600: train_loss = 2.085168, train_acc = 0.000000, train ppl = 2.836538
Step 18700: train_loss = 2.093471, train_acc = 0.000000, train ppl = 2.848337
Step 18800: train_loss = 2.098891, train_acc = 0.000000, train ppl = 2.856068
Step 18900: train_loss = 2.131355, train_acc = 0.000000, train ppl = 2.902805
Step 19000: train_loss = 2.095942, train_acc = 0.000000, train ppl = 2.851859
Step 19100: train_loss = 2.356088, train_acc = 0.000000, train ppl = 3.248015
==== Finshed epoch 34 ====
Evaluating model...
Epoch 34: validation accuracy = 0.000000 -- validation perplexity = 2.847407
Epoch 34: test accuracy: 0.000000
---- Qualitative Analysis
Context: is the triangle below the red sphere ? the yellow square is above the triangle . the red sphere is to the left of the yellow square . is the triangle below the red sphere ?
Question: is the triangle below the red sphere ?
Answer: yes </s>
Model prediction: </s>
=========================
Step 19200: train_loss = 2.088257, train_acc = 0.000000, train ppl = 2.840921
Step 19300: train_loss = 2.071807, train_acc = 0.000000, train ppl = 2.817650
Step 19400: train_loss = 2.081653, train_acc = 0.687500, train ppl = 2.831557
Step 19500: train_loss = 2.092602, train_acc = 0.000000, train ppl = 2.847100
Step 19600: train_loss = 2.129540, train_acc = 0.000000, train ppl = 2.900172
Step 19700: train_loss = 2.161544, train_acc = 0.000000, train ppl = 2.946954
==== Finshed epoch 35 ====
Evaluating model...
Epoch 35: validation accuracy = 0.000000 -- validation perplexity = 2.842321
Epoch 35: test accuracy: 0.000000
---- Qualitative Analysis
Context: is the yellow square below the pink rectangle ? the triangle is to the right of the pink rectangle . the triangle is above the yellow square . is the yellow square below the pink rectangle ?
Question: is the yellow square below the pink rectangle ?
Answer: yes </s>
Model prediction: </s>
=========================
Step 19800: train_loss = 2.074342, train_acc = 0.000000, train ppl = 2.821225
Step 19900: train_loss = 2.117558, train_acc = 0.000000, train ppl = 2.882849
Step 20000: train_loss = 2.057022, train_acc = 0.000000, train ppl = 2.796898
Step 20100: train_loss = 2.083367, train_acc = 0.000000, train ppl = 2.833983
Step 20200: train_loss = 2.113452, train_acc = 0.000000, train ppl = 2.876937
==== Finshed epoch 36 ====
Evaluating model...
Epoch 36: validation accuracy = 0.000000 -- validation perplexity = 2.904592
Epoch 36: test accuracy: 0.000000
---- Qualitative Analysis
Context: is the red sphere to the right of the red square ? the red square is to the left of the blue square . the blue square is above the red sphere . is the red sphere to the right of the red square ?
Question: is the red sphere to the right of the red square ?
Answer: yes </s>
Model prediction: </s>
=========================
Step 20300: train_loss = 2.084387, train_acc = 0.000000, train ppl = 2.835429
Step 20400: train_loss = 2.353732, train_acc = 0.000000, train ppl = 3.244191
Step 20500: train_loss = 2.205029, train_acc = 0.000000, train ppl = 3.011729
Step 20600: train_loss = 2.075820, train_acc = 0.000000, train ppl = 2.823310
Step 20700: train_loss = 2.104528, train_acc = 0.000000, train ppl = 2.864128
Step 20800: train_loss = 2.088046, train_acc = 0.000000, train ppl = 2.840622
==== Finshed epoch 37 ====
Evaluating model...
Epoch 37: validation accuracy = 0.000000 -- validation perplexity = 2.935304
Epoch 37: test accuracy: 0.000000
---- Qualitative Analysis
Context: is the red square above the pink rectangle ? the red sphere is to the left of the pink rectangle . the red sphere is below the red square . is the red square above the pink rectangle ?
Question: is the red square above the pink rectangle ?
Answer: yes </s>
Model prediction: </s>
=========================
Step 20900: train_loss = 2.098378, train_acc = 0.000000, train ppl = 2.855335
Step 21000: train_loss = 2.095966, train_acc = 0.000000, train ppl = 2.851892
Step 21100: train_loss = 2.267267, train_acc = 0.000000, train ppl = 3.106925
Step 21200: train_loss = 2.079597, train_acc = 0.000000, train ppl = 2.828648
Step 21300: train_loss = 2.120746, train_acc = 0.000000, train ppl = 2.887448
==== Finshed epoch 38 ====
Evaluating model...
Epoch 38: validation accuracy = 0.000000 -- validation perplexity = 2.869201
Epoch 38: test accuracy: 0.000000
---- Qualitative Analysis
Context: is the pink rectangle below the triangle ? the pink rectangle is below the red square . the triangle is to the left of the red square . is the pink rectangle below the triangle ?
Question: is the pink rectangle below the triangle ?
Answer: yes </s>
Model prediction: </s>
=========================
Step 21400: train_loss = 2.413042, train_acc = 0.000000, train ppl = 3.341838
Step 21500: train_loss = 2.082664, train_acc = 0.000000, train ppl = 2.832987
Step 21600: train_loss = 2.171636, train_acc = 0.000000, train ppl = 2.961862
Step 21700: train_loss = 2.677351, train_acc = 0.375000, train ppl = 3.813988
Step 21800: train_loss = 2.225496, train_acc = 0.000000, train ppl = 3.042708
Step 21900: train_loss = 2.079250, train_acc = 0.000000, train ppl = 2.828157
==== Finshed epoch 39 ====
Evaluating model...
Epoch 39: validation accuracy = 0.000000 -- validation perplexity = 3.009128
Epoch 39: test accuracy: 0.000000
---- Qualitative Analysis
Context: is the red square above the yellow square ? the red sphere is to the right of the yellow square . the red sphere is above the red square . is the red square above the yellow square ?
Question: is the red square above the yellow square ?
Answer: no </s>
Model prediction: </s>
=========================
Step 22000: train_loss = 2.679573, train_acc = 0.000000, train ppl = 3.818229
Step 22100: train_loss = 2.084585, train_acc = 0.000000, train ppl = 2.835710
Step 22200: train_loss = 2.088176, train_acc = 0.000000, train ppl = 2.840807
Step 22300: train_loss = 2.372111, train_acc = 0.000000, train ppl = 3.274140
Step 22400: train_loss = 2.095810, train_acc = 0.000000, train ppl = 2.851671
Step 22500: train_loss = 2.079578, train_acc = 0.000000, train ppl = 2.828620
==== Finshed epoch 40 ====
Evaluating model...
Epoch 40: validation accuracy = 0.000000 -- validation perplexity = 2.905122
Epoch 40: test accuracy: 0.000000
---- Qualitative Analysis
Context: is the triangle below the pink rectangle ? the blue square is above the pink rectangle . the triangle is to the left of the blue square . is the triangle below the pink rectangle ?
Question: is the triangle below the pink rectangle ?
Answer: no </s>
Model prediction: </s>
=========================
Step 22600: train_loss = 2.084314, train_acc = 0.000000, train ppl = 2.835327
Step 22700: train_loss = 2.176296, train_acc = 0.000000, train ppl = 2.968771
Step 22800: train_loss = 2.630106, train_acc = 0.000000, train ppl = 3.724949
Step 22900: train_loss = 2.079765, train_acc = 0.000000, train ppl = 2.828884
Step 23000: train_loss = 2.021382, train_acc = 0.000000, train ppl = 2.747499
==== Finshed epoch 41 ====
Evaluating model...
Epoch 41: validation accuracy = 0.000000 -- validation perplexity = 3.183670
Epoch 41: test accuracy: 0.000000
---- Qualitative Analysis
Context: is the triangle to the left of the pink rectangle ? the triangle is to the left of the red sphere . the pink rectangle is to the right of the red sphere . is the triangle to the left of the pink rectangle ?
Question: is the triangle to the left of the pink rectangle ?
Answer: yes </s>
Model prediction: </s>
=========================
Step 23100: train_loss = 2.064479, train_acc = 0.000000, train ppl = 2.807345
Step 23200: train_loss = 2.077446, train_acc = 0.000000, train ppl = 2.825606
Step 23300: train_loss = 2.048128, train_acc = 0.000000, train ppl = 2.784487
Step 23400: train_loss = 2.107426, train_acc = 0.000000, train ppl = 2.868282
Step 23500: train_loss = 2.088188, train_acc = 0.000000, train ppl = 2.840824
Step 23600: train_loss = 2.165672, train_acc = 0.000000, train ppl = 2.953042
==== Finshed epoch 42 ====
Evaluating model...
Epoch 42: validation accuracy = 0.000000 -- validation perplexity = 2.926903
Epoch 42: test accuracy: 0.000000
---- Qualitative Analysis
Context: is the yellow square below the red square ? the yellow square is below the pink rectangle . the pink rectangle is below the red square . is the yellow square below the red square ?
Question: is the yellow square below the red square ?
Answer: yes </s>
Model prediction: </s>
=========================
Step 23700: train_loss = 2.095190, train_acc = 0.000000, train ppl = 2.850787
Step 23800: train_loss = 2.703241, train_acc = 0.437500, train ppl = 3.863682
Step 23900: train_loss = 2.036654, train_acc = 0.000000, train ppl = 2.768560
Step 24000: train_loss = 2.092867, train_acc = 0.000000, train ppl = 2.847477
Step 24100: train_loss = 2.101820, train_acc = 0.000000, train ppl = 2.860252
Step 24200: train_loss = 2.085911, train_acc = 0.000000, train ppl = 2.837591
==== Finshed epoch 43 ====
Evaluating model...
Epoch 43: validation accuracy = 0.000000 -- validation perplexity = 2.845141
Epoch 43: test accuracy: 0.000000
---- Qualitative Analysis
Context: is the pink rectangle to the right of the red square ? the triangle is below the pink rectangle . the triangle is to the left of the red square . is the pink rectangle to the right of the red square ?
Question: is the pink rectangle to the right of the red square ?
Answer: no </s>
Model prediction: </s>
=========================
Step 24300: train_loss = 1.958414, train_acc = 0.000000, train ppl = 2.662344
Step 24400: train_loss = 2.079939, train_acc = 0.000000, train ppl = 2.829131
Step 24500: train_loss = 2.072941, train_acc = 0.000000, train ppl = 2.819249
Step 24600: train_loss = 2.080975, train_acc = 0.000000, train ppl = 2.830597
Step 24700: train_loss = 2.122334, train_acc = 0.000000, train ppl = 2.889741
==== Finshed epoch 44 ====
Evaluating model...
Epoch 44: validation accuracy = 0.000000 -- validation perplexity = 3.095612
Epoch 44: test accuracy: 0.000000
---- Qualitative Analysis
Context: is the red sphere to the right of the yellow square ? the triangle is below the red sphere . the yellow square is below the triangle . is the red sphere to the right of the yellow square ?
Question: is the red sphere to the right of the yellow square ?
Answer: no </s>
Model prediction: </s>
=========================
Step 24800: train_loss = 2.087238, train_acc = 0.000000, train ppl = 2.839474
Step 24900: train_loss = 2.514931, train_acc = 0.000000, train ppl = 3.516498
Step 25000: train_loss = 2.454480, train_acc = 0.000000, train ppl = 3.411800
Step 25100: train_loss = 2.116427, train_acc = 0.000000, train ppl = 2.881219
Step 25200: train_loss = 2.077029, train_acc = 0.000000, train ppl = 2.825017
Step 25300: train_loss = 2.082645, train_acc = 0.000000, train ppl = 2.832961
==== Finshed epoch 45 ====
Evaluating model...
Epoch 45: validation accuracy = 0.000000 -- validation perplexity = 2.829056
Epoch 45: test accuracy: 0.000000
---- Qualitative Analysis
Context: is the blue square to the left of the red sphere ? the blue square is above the pink rectangle . the pink rectangle is to the left of the red sphere . is the blue square to the left of the red sphere ?
Question: is the blue square to the left of the red sphere ?
Answer: yes </s>
Model prediction: </s>
=========================
Step 25400: train_loss = 2.188371, train_acc = 0.000000, train ppl = 2.986749
Step 25500: train_loss = 2.050579, train_acc = 0.000000, train ppl = 2.787903
Step 25600: train_loss = 2.061764, train_acc = 0.000000, train ppl = 2.803537
Step 25700: train_loss = 2.218003, train_acc = 0.000000, train ppl = 3.031330
Step 25800: train_loss = 2.143116, train_acc = 0.000000, train ppl = 2.919926
==== Finshed epoch 46 ====
Evaluating model...
Epoch 46: validation accuracy = 0.000000 -- validation perplexity = 2.898189
Epoch 46: test accuracy: 0.000000
---- Qualitative Analysis
Context: is the red square below the pink rectangle ? the red square is below the red sphere . the red sphere is to the left of the pink rectangle . is the red square below the pink rectangle ?
Question: is the red square below the pink rectangle ?
Answer: yes </s>
Model prediction: </s>
=========================
Step 25900: train_loss = 2.089580, train_acc = 0.000000, train ppl = 2.842802
Step 26000: train_loss = 2.086315, train_acc = 0.000000, train ppl = 2.838165
Step 26100: train_loss = 2.167359, train_acc = 0.000000, train ppl = 2.955535
Step 26200: train_loss = 2.019453, train_acc = 0.000000, train ppl = 2.744850
Step 26300: train_loss = 2.090530, train_acc = 0.000000, train ppl = 2.844152
Step 26400: train_loss = 2.076956, train_acc = 0.000000, train ppl = 2.824915
==== Finshed epoch 47 ====
Evaluating model...
Epoch 47: validation accuracy = 0.000000 -- validation perplexity = 2.837826
Epoch 47: test accuracy: 0.000000
---- Qualitative Analysis
Context: is the blue square below the triangle ? the pink rectangle is to the left of the blue square . the pink rectangle is below the triangle . is the blue square below the triangle ?
Question: is the blue square below the triangle ?
Answer: yes </s>
Model prediction: </s>
=========================
Step 26500: train_loss = 2.125192, train_acc = 0.000000, train ppl = 2.893873
Step 26600: train_loss = 2.078880, train_acc = 0.000000, train ppl = 2.827632
Step 26700: train_loss = 2.143941, train_acc = 0.000000, train ppl = 2.921129
Step 26800: train_loss = 2.078675, train_acc = 0.000000, train ppl = 2.827344
Step 26900: train_loss = 2.108060, train_acc = 0.000000, train ppl = 2.869191
Step 27000: train_loss = 2.149375, train_acc = 0.000000, train ppl = 2.929077
==== Finshed epoch 48 ====
Evaluating model...
Epoch 48: validation accuracy = 0.000000 -- validation perplexity = 2.879710
Epoch 48: test accuracy: 0.000000
---- Qualitative Analysis
Context: is the yellow square to the left of the red square ? the red sphere is above the yellow square . the red sphere is to the right of the red square . is the yellow square to the left of the red square ?
Question: is the yellow square to the left of the red square ?
Answer: no </s>
Model prediction: </s>
=========================
Step 27100: train_loss = 2.013962, train_acc = 0.000000, train ppl = 2.737325
Step 27200: train_loss = 2.187559, train_acc = 0.000000, train ppl = 2.985537
Step 27300: train_loss = 2.436660, train_acc = 0.312500, train ppl = 3.381535
Step 27400: train_loss = 2.077299, train_acc = 0.000000, train ppl = 2.825399
Step 27500: train_loss = 2.117041, train_acc = 0.000000, train ppl = 2.882103
==== Finshed epoch 49 ====
Evaluating model...
Epoch 49: validation accuracy = 0.000000 -- validation perplexity = 3.056217
Epoch 49: test accuracy: 0.000000
---- Qualitative Analysis
Context: is the triangle below the blue square ? the yellow square is to the right of the blue square . the yellow square is below the triangle . is the triangle below the blue square ?
Question: is the triangle below the blue square ?
Answer: no </s>
Model prediction: </s>
=========================
Step 27600: train_loss = 1.898101, train_acc = 0.000000, train ppl = 2.583255
Step 27700: train_loss = 2.062665, train_acc = 0.000000, train ppl = 2.804800
Step 27800: train_loss = 2.131983, train_acc = 0.000000, train ppl = 2.903716
Step 27900: train_loss = 2.214935, train_acc = 0.000000, train ppl = 3.026683
Step 28000: train_loss = 2.300509, train_acc = 0.000000, train ppl = 3.158997
Step 28100: train_loss = 2.136251, train_acc = 0.000000, train ppl = 2.909920
==== Finshed epoch 50 ====
Evaluating model...
Epoch 50: validation accuracy = 0.000000 -- validation perplexity = 2.842385
Epoch 50: test accuracy: 0.000000
---- Qualitative Analysis
Context: is the pink rectangle to the left of the red square ? the triangle is below the pink rectangle . the triangle is to the left of the red square . is the pink rectangle to the left of the red square ?
Question: is the pink rectangle to the left of the red square ?
Answer: yes </s>
Model prediction: </s>
=========================
Best model (acc) at epoch 6 -- validation perplexity = 3.051299 -- validation accuracy = 0.527000 -- test accuracy = 0.480000
0.527
