optimizer:                adam
learning_rate:            0.001
batch_size:               16
dropout_keep_prob:        0.7
max_gradient_norm:        1.0
cell_type:                gru
task:                     3
val_split:                0.1
model_dir:                models/dummy
restore_from_dir:         None
num_enc_layers:           1
merge_mode:               concat
model_type:               attention
vocab:                    data/vocab.txt
data_dir:                 data/en-10k
encoder_type:             bi
num_epochs:               50
num_units:                256
embedding_size:           256
Loading data...
vocabulary size = 487
Building model...
Running initializers...
Creating summary writers...
Performing evaluation before training...
---- Qualitative Analysis
Context: where was the milk before the kitchen ? daniel travelled to the hallway . daniel grabbed the apple there . mary journeyed to the garden . mary grabbed the football . mary dropped the football there . daniel dropped the apple there . daniel moved to the kitchen . mary took the football . mary put down the football . mary travelled to the bathroom . daniel went back to the hallway . daniel got the apple . daniel put down the apple . daniel travelled to the bathroom . john went back to the bedroom . john travelled to the hallway . john got the apple there . mary travelled to the hallway . john travelled to the garden . john got the football . daniel journeyed to the hallway . mary moved to the office . mary moved to the bedroom . john put down the football . john grabbed the football . daniel journeyed to the bedroom . john moved to the hallway . sandra went back to the bathroom . john left the football . john grabbed the football there . john went back to the kitchen . john went back to the hallway . mary went back to the office . mary moved to the hallway . sandra moved to the bedroom . sandra went to the bathroom . john went back to the kitchen . john went back to the garden . john grabbed the milk there . john put down the milk . daniel went back to the garden . mary went back to the garden . john picked up the milk . john travelled to the office . john discarded the football . john travelled to the kitchen . daniel went back to the office . john dropped the milk . daniel took the football . daniel put down the football . where was the milk before the kitchen ?
Question: where was the milk before the kitchen ?
Answer: office </s>
Model prediction: 206 206 206 206 206 206 206 206 206 206
=========================
Step 100: train_loss = 1.859020, train_acc = 0.187500, train ppl = 2.533268
Step 200: train_loss = 1.797989, train_acc = 0.125000, train ppl = 2.457132
Step 300: train_loss = 1.795440, train_acc = 0.250000, train ppl = 2.454002
Step 400: train_loss = 1.970969, train_acc = 0.062500, train ppl = 2.679110
Step 500: train_loss = 1.820686, train_acc = 0.187500, train ppl = 2.485175
==== Finshed epoch 1 ====
Evaluating model...
Epoch 1: validation accuracy = 0.184000 -- validation perplexity = 2.535426
Epoch 1: test accuracy: 0.185000
---- Qualitative Analysis
Context: where was the milk before the hallway ? mary went to the garden . sandra went back to the office . sandra journeyed to the hallway . mary picked up the apple . mary got the milk there . mary journeyed to the bathroom . mary put down the apple there . mary grabbed the apple . mary travelled to the hallway . sandra journeyed to the kitchen . john went to the kitchen . mary discarded the apple . mary picked up the apple . john went to the office . mary moved to the office . mary picked up the football there . sandra journeyed to the garden . mary discarded the football . mary took the football . daniel travelled to the bedroom . sandra travelled to the office . mary left the milk . where was the milk before the hallway ?
Question: where was the milk before the hallway ?
Answer: bathroom </s>
Model prediction: bathroom </s>
=========================
Model checkpoint saved in models/dummy/best_model.ckpt
Step 600: train_loss = 1.771060, train_acc = 0.250000, train ppl = 2.424268
Step 700: train_loss = 1.814511, train_acc = 0.187500, train ppl = 2.477514
Step 800: train_loss = 1.800251, train_acc = 0.125000, train ppl = 2.459912
Step 900: train_loss = 1.693232, train_acc = 0.250000, train ppl = 2.331743
Step 1000: train_loss = 1.785120, train_acc = 0.250000, train ppl = 2.441372
Step 1100: train_loss = 1.693100, train_acc = 0.250000, train ppl = 2.331589
==== Finshed epoch 2 ====
Evaluating model...
Epoch 2: validation accuracy = 0.205000 -- validation perplexity = 2.404755
Epoch 2: test accuracy: 0.209000
---- Qualitative Analysis
Context: where was the milk before the bedroom ? mary moved to the garden . mary picked up the apple . sandra moved to the kitchen . daniel travelled to the hallway . daniel moved to the office . mary moved to the bedroom . john journeyed to the garden . sandra picked up the milk . mary left the apple . sandra dropped the milk . mary went back to the kitchen . mary went back to the bathroom . john went back to the kitchen . daniel journeyed to the kitchen . john travelled to the hallway . sandra travelled to the bathroom . john went to the bedroom . mary moved to the kitchen . daniel grabbed the milk . daniel travelled to the garden . daniel journeyed to the bedroom . john went back to the bathroom . john travelled to the hallway . mary journeyed to the garden . john went to the garden . daniel dropped the milk . where was the milk before the bedroom ?
Question: where was the milk before the bedroom ?
Answer: garden </s>
Model prediction: office </s>
=========================
Model checkpoint saved in models/dummy/best_model.ckpt
Step 1200: train_loss = 1.755651, train_acc = 0.312500, train ppl = 2.405663
Step 1300: train_loss = 1.892005, train_acc = 0.000000, train ppl = 2.575394
Step 1400: train_loss = 1.638989, train_acc = 0.187500, train ppl = 2.269353
Step 1500: train_loss = 1.715405, train_acc = 0.375000, train ppl = 2.357737
Step 1600: train_loss = 1.833001, train_acc = 0.125000, train ppl = 2.500524
==== Finshed epoch 3 ====
Evaluating model...
Epoch 3: validation accuracy = 0.195000 -- validation perplexity = 2.370870
Epoch 3: test accuracy: 0.171000
---- Qualitative Analysis
Context: where was the milk before the hallway ? mary went to the garden . sandra went back to the office . sandra journeyed to the hallway . mary picked up the apple . mary got the milk there . mary journeyed to the bathroom . mary put down the apple there . mary grabbed the apple . mary travelled to the hallway . sandra journeyed to the kitchen . john went to the kitchen . mary discarded the apple . mary picked up the apple . john went to the office . mary moved to the office . mary picked up the football there . sandra journeyed to the garden . mary discarded the football . mary took the football . daniel travelled to the bedroom . sandra travelled to the office . mary left the milk . where was the milk before the hallway ?
Question: where was the milk before the hallway ?
Answer: bathroom </s>
Model prediction: office </s>
=========================
Step 1700: train_loss = 1.732046, train_acc = 0.125000, train ppl = 2.377437
Step 1800: train_loss = 1.695319, train_acc = 0.187500, train ppl = 2.334178
Step 1900: train_loss = 1.749241, train_acc = 0.187500, train ppl = 2.397965
Step 2000: train_loss = 1.797304, train_acc = 0.187500, train ppl = 2.456290
Step 2100: train_loss = 1.820791, train_acc = 0.000000, train ppl = 2.485305
Step 2200: train_loss = 1.758722, train_acc = 0.000000, train ppl = 2.409360
==== Finshed epoch 4 ====
Evaluating model...
Epoch 4: validation accuracy = 0.207000 -- validation perplexity = 2.316103
Epoch 4: test accuracy: 0.157000
---- Qualitative Analysis
Context: where was the milk before the kitchen ? mary went back to the kitchen . sandra moved to the bathroom . sandra journeyed to the office . john journeyed to the hallway . daniel went to the hallway . daniel travelled to the kitchen . john moved to the office . daniel picked up the milk . mary went back to the bedroom . daniel got the apple . sandra travelled to the hallway . john travelled to the hallway . mary took the football . mary journeyed to the hallway . daniel went back to the garden . mary dropped the football . mary got the football . daniel left the apple . daniel left the milk . mary left the football . sandra got the football . daniel went back to the bathroom . mary went back to the garden . mary journeyed to the kitchen . sandra discarded the football . sandra travelled to the bedroom . john took the football . mary moved to the office . daniel went back to the bedroom . john discarded the football . mary went back to the hallway . john took the football . mary travelled to the kitchen . john travelled to the bedroom . daniel moved to the kitchen . john left the football there . sandra got the football there . sandra discarded the football there . daniel went back to the bathroom . john went back to the hallway . sandra picked up the football . john travelled to the office . mary went to the hallway . john travelled to the bedroom . mary went to the kitchen . mary moved to the bathroom . john journeyed to the hallway . sandra travelled to the kitchen . sandra moved to the bathroom . sandra discarded the football . sandra journeyed to the office . mary grabbed the football . daniel moved to the office . daniel journeyed to the kitchen . mary went back to the bedroom . john journeyed to the bathroom . mary went back to the garden . mary went to the office . sandra went to the bathroom . john went back to the office . mary moved to the bedroom . daniel journeyed to the bathroom . sandra went back to the kitchen . sandra went back to the bathroom . john went back to the bathroom . daniel moved to the garden . daniel grabbed the milk . mary travelled to the bathroom . daniel travelled to the hallway . daniel journeyed to the kitchen . where was the milk before the kitchen ?
Question: where was the milk before the kitchen ?
Answer: hallway </s>
Model prediction: garden </s>
=========================
Model checkpoint saved in models/dummy/best_model.ckpt
Step 2300: train_loss = 1.699294, train_acc = 0.125000, train ppl = 2.338821
Step 2400: train_loss = 1.593819, train_acc = 0.375000, train ppl = 2.218673
Step 2500: train_loss = 1.667950, train_acc = 0.375000, train ppl = 2.302453
Step 2600: train_loss = 1.599641, train_acc = 0.312500, train ppl = 2.225142
Step 2700: train_loss = 1.593615, train_acc = 0.312500, train ppl = 2.218447
Step 2800: train_loss = 1.578883, train_acc = 0.437500, train ppl = 2.202166
==== Finshed epoch 5 ====
Evaluating model...
Epoch 5: validation accuracy = 0.212000 -- validation perplexity = 2.284107
Epoch 5: test accuracy: 0.209000
---- Qualitative Analysis
Context: where was the milk before the garden ? john went back to the hallway . mary picked up the apple . sandra journeyed to the bedroom . sandra grabbed the milk . daniel moved to the office . sandra went to the office . mary discarded the apple . daniel went back to the kitchen . sandra put down the milk . sandra went back to the bedroom . mary went back to the bathroom . sandra grabbed the football there . mary went to the garden . daniel picked up the apple . mary travelled to the office . mary picked up the milk . sandra went back to the office . mary journeyed to the kitchen . john travelled to the office . mary went to the garden . sandra discarded the football . daniel dropped the apple there . sandra went back to the garden . john moved to the bathroom . mary dropped the milk there . john moved to the bedroom . where was the milk before the garden ?
Question: where was the milk before the garden ?
Answer: kitchen </s>
Model prediction: bedroom </s>
=========================
Model checkpoint saved in models/dummy/best_model.ckpt
Step 2900: train_loss = 1.674715, train_acc = 0.062500, train ppl = 2.310254
Step 3000: train_loss = 1.590402, train_acc = 0.125000, train ppl = 2.214887
Step 3100: train_loss = 1.601477, train_acc = 0.312500, train ppl = 2.227185
Step 3200: train_loss = 1.568442, train_acc = 0.187500, train ppl = 2.190699
Step 3300: train_loss = 1.715624, train_acc = 0.125000, train ppl = 2.357996
==== Finshed epoch 6 ====
Evaluating model...
Epoch 6: validation accuracy = 0.191000 -- validation perplexity = 2.263699
Epoch 6: test accuracy: 0.175000
---- Qualitative Analysis
Context: where was the apple before the bathroom ? john took the apple . mary went to the bedroom . john went back to the office . mary journeyed to the office . sandra went back to the hallway . sandra moved to the bathroom . sandra got the football . john went to the bathroom . daniel went to the hallway . sandra went to the hallway . john dropped the apple . john took the apple . john went back to the hallway . daniel travelled to the office . daniel journeyed to the bathroom . john went to the garden . john journeyed to the bathroom . sandra left the football . mary went back to the garden . sandra journeyed to the garden . john went back to the hallway . mary moved to the bedroom . john grabbed the football . sandra took the milk . john left the football . sandra discarded the milk . daniel went back to the hallway . john went back to the office . sandra travelled to the office . mary went to the kitchen . john left the apple . sandra went back to the garden . where was the apple before the bathroom ?
Question: where was the apple before the bathroom ?
Answer: garden </s>
Model prediction: garden </s>
=========================
Step 3400: train_loss = 1.650275, train_acc = 0.250000, train ppl = 2.282195
Step 3500: train_loss = 1.637843, train_acc = 0.187500, train ppl = 2.268053
Step 3600: train_loss = 1.511251, train_acc = 0.375000, train ppl = 2.128943
Step 3700: train_loss = 1.660698, train_acc = 0.250000, train ppl = 2.294119
Step 3800: train_loss = 1.589907, train_acc = 0.187500, train ppl = 2.214338
Step 3900: train_loss = 1.634034, train_acc = 0.187500, train ppl = 2.263736
==== Finshed epoch 7 ====
Evaluating model...
Epoch 7: validation accuracy = 0.179000 -- validation perplexity = 2.271796
Epoch 7: test accuracy: 0.239000
---- Qualitative Analysis
Context: where was the apple before the office ? daniel journeyed to the bedroom . sandra picked up the football . sandra picked up the apple . daniel travelled to the office . sandra put down the apple . sandra left the football . daniel journeyed to the bathroom . sandra went back to the hallway . john went back to the kitchen . mary went to the bathroom . sandra travelled to the bedroom . mary travelled to the office . john journeyed to the garden . mary journeyed to the kitchen . mary took the milk . john went back to the kitchen . daniel travelled to the kitchen . sandra went to the bathroom . mary left the milk there . daniel moved to the office . john moved to the bedroom . john moved to the kitchen . john picked up the milk . john discarded the milk . mary grabbed the milk . sandra travelled to the kitchen . mary moved to the bathroom . mary put down the milk . john went to the hallway . mary grabbed the milk . daniel travelled to the garden . daniel got the apple . mary travelled to the office . daniel moved to the bedroom . mary went to the kitchen . mary journeyed to the garden . sandra went back to the bathroom . mary put down the milk there . daniel dropped the apple . daniel grabbed the apple . mary moved to the kitchen . mary went to the office . daniel left the apple . daniel went back to the kitchen . mary travelled to the hallway . daniel went to the garden . mary went back to the office . mary travelled to the kitchen . sandra went back to the office . daniel journeyed to the hallway . sandra went back to the hallway . sandra moved to the bedroom . john journeyed to the bedroom . sandra grabbed the apple there . sandra left the apple . mary went to the bedroom . john picked up the apple . daniel journeyed to the office . john left the apple there . sandra picked up the apple . john travelled to the kitchen . sandra travelled to the bathroom . sandra went back to the kitchen . mary travelled to the hallway . john moved to the garden . sandra moved to the office . sandra went to the kitchen . sandra discarded the apple . where was the apple before the office ?
Question: where was the apple before the office ?
Answer: kitchen </s>
Model prediction: bedroom </s>
=========================
Step 4000: train_loss = 1.663541, train_acc = 0.250000, train ppl = 2.297383
Step 4100: train_loss = 1.763532, train_acc = 0.062500, train ppl = 2.415161
Step 4200: train_loss = 1.626150, train_acc = 0.312500, train ppl = 2.254831
Step 4300: train_loss = 1.594213, train_acc = 0.375000, train ppl = 2.219111
Step 4400: train_loss = 1.627576, train_acc = 0.312500, train ppl = 2.256440
Step 4500: train_loss = 1.698567, train_acc = 0.000000, train ppl = 2.337971
==== Finshed epoch 8 ====
Evaluating model...
Epoch 8: validation accuracy = 0.202000 -- validation perplexity = 2.273466
Epoch 8: test accuracy: 0.235000
---- Qualitative Analysis
Context: where was the football before the office ? mary took the apple . mary dropped the apple there . mary grabbed the apple . sandra went to the bedroom . sandra travelled to the bathroom . daniel travelled to the hallway . mary put down the apple . john travelled to the office . john grabbed the football . mary got the apple . daniel went back to the office . daniel got the milk . mary discarded the apple . mary got the apple there . john journeyed to the hallway . mary discarded the apple . daniel travelled to the bathroom . john went to the garden . sandra travelled to the bedroom . sandra journeyed to the garden . mary picked up the apple . daniel discarded the milk . daniel went to the hallway . mary put down the apple there . daniel went back to the garden . sandra picked up the apple . daniel moved to the hallway . john discarded the football there . mary picked up the football . daniel moved to the garden . sandra left the apple . mary got the apple . mary left the football . sandra picked up the football . sandra went back to the kitchen . john went back to the hallway . sandra went back to the office . john journeyed to the bathroom . john travelled to the office . sandra dropped the football there . where was the football before the office ?
Question: where was the football before the office ?
Answer: kitchen </s>
Model prediction: bedroom </s>
=========================
Step 4600: train_loss = 1.612401, train_acc = 0.312500, train ppl = 2.239383
Step 4700: train_loss = 1.629136, train_acc = 0.187500, train ppl = 2.258200
Step 4800: train_loss = 1.666641, train_acc = 0.187500, train ppl = 2.300946
Step 4900: train_loss = 1.709958, train_acc = 0.187500, train ppl = 2.351325
Step 5000: train_loss = 1.654930, train_acc = 0.062500, train ppl = 2.287512
==== Finshed epoch 9 ====
Evaluating model...
Epoch 9: validation accuracy = 0.180000 -- validation perplexity = 2.311825
Epoch 9: test accuracy: 0.175000
---- Qualitative Analysis
Context: where was the milk before the bedroom ? daniel journeyed to the office . john moved to the garden . daniel travelled to the hallway . mary went back to the bedroom . mary journeyed to the office . sandra travelled to the bedroom . mary travelled to the kitchen . mary took the football . mary left the football . mary journeyed to the bedroom . john journeyed to the kitchen . mary went back to the garden . mary journeyed to the bedroom . john travelled to the bathroom . mary travelled to the garden . john grabbed the milk . john travelled to the bedroom . mary journeyed to the kitchen . mary travelled to the bathroom . daniel went back to the bedroom . daniel went back to the office . john moved to the hallway . daniel went to the kitchen . daniel grabbed the football there . daniel grabbed the apple . john put down the milk . sandra journeyed to the hallway . sandra journeyed to the office . daniel went back to the office . john journeyed to the garden . john travelled to the kitchen . daniel left the football . daniel put down the apple there . sandra grabbed the football . mary travelled to the office . sandra put down the football . mary picked up the football there . daniel went back to the hallway . sandra travelled to the kitchen . daniel travelled to the office . mary grabbed the apple . daniel went to the bedroom . sandra went back to the bedroom . mary moved to the bathroom . daniel journeyed to the garden . daniel travelled to the bedroom . mary put down the football there . john went to the office . daniel went to the kitchen . mary discarded the apple there . daniel went back to the hallway . sandra went back to the bathroom . mary went to the office . mary went back to the bedroom . john went to the hallway . sandra went to the garden . john moved to the office . daniel got the milk . john moved to the bedroom . mary went to the hallway . mary journeyed to the garden . mary travelled to the kitchen . sandra journeyed to the kitchen . sandra journeyed to the office . daniel moved to the kitchen . john travelled to the bathroom . john took the football . john journeyed to the hallway . john put down the football . sandra went back to the bedroom . daniel travelled to the bedroom . john took the football . daniel went back to the hallway . john dropped the football there . john grabbed the football . mary journeyed to the hallway . mary travelled to the bedroom . john went back to the bathroom . daniel went to the kitchen . john took the apple . john travelled to the hallway . daniel journeyed to the bedroom . john discarded the football there . john took the football . mary went back to the garden . john left the football . john picked up the football . daniel left the milk . where was the milk before the bedroom ?
Question: where was the milk before the bedroom ?
Answer: kitchen </s>
Model prediction: kitchen </s>
=========================
Step 5100: train_loss = 1.759338, train_acc = 0.125000, train ppl = 2.410101
Step 5200: train_loss = 1.546300, train_acc = 0.375000, train ppl = 2.166581
Step 5300: train_loss = 1.525569, train_acc = 0.437500, train ppl = 2.144239
Step 5400: train_loss = 1.639591, train_acc = 0.250000, train ppl = 2.270035
Step 5500: train_loss = 1.651658, train_acc = 0.125000, train ppl = 2.283774
Step 5600: train_loss = 1.750554, train_acc = 0.125000, train ppl = 2.399539
==== Finshed epoch 10 ====
Evaluating model...
Epoch 10: validation accuracy = 0.196000 -- validation perplexity = 2.260750
Epoch 10: test accuracy: 0.230000
---- Qualitative Analysis
Context: where was the football before the hallway ? daniel picked up the football . daniel discarded the football . mary went back to the hallway . sandra journeyed to the hallway . sandra travelled to the office . daniel moved to the garden . sandra journeyed to the garden . john got the apple . sandra travelled to the hallway . john journeyed to the garden . sandra took the milk there . mary went back to the office . sandra discarded the milk . mary moved to the hallway . john dropped the apple . daniel got the apple there . daniel discarded the apple . mary took the milk there . sandra went to the office . mary journeyed to the office . daniel went back to the hallway . john picked up the apple . john put down the apple . daniel moved to the garden . mary journeyed to the bedroom . daniel journeyed to the bedroom . daniel went back to the kitchen . daniel moved to the garden . daniel moved to the kitchen . mary left the milk . sandra moved to the bathroom . mary got the milk . mary discarded the milk . mary travelled to the kitchen . john journeyed to the kitchen . mary moved to the bedroom . mary took the milk . daniel picked up the football . mary dropped the milk . mary grabbed the milk . mary went back to the hallway . mary went back to the bedroom . daniel left the football . john grabbed the football . daniel went to the hallway . john moved to the bathroom . sandra travelled to the hallway . john went to the hallway . john put down the football . john moved to the bathroom . where was the football before the hallway ?
Question: where was the football before the hallway ?
Answer: bathroom </s>
Model prediction: bathroom </s>
=========================
Step 5700: train_loss = 1.693810, train_acc = 0.125000, train ppl = 2.332417
Step 5800: train_loss = 1.647508, train_acc = 0.250000, train ppl = 2.279039
Step 5900: train_loss = 1.547689, train_acc = 0.312500, train ppl = 2.168086
Step 6000: train_loss = 1.700511, train_acc = 0.000000, train ppl = 2.340245
Step 6100: train_loss = 1.638841, train_acc = 0.187500, train ppl = 2.269185
==== Finshed epoch 11 ====
Evaluating model...
Epoch 11: validation accuracy = 0.190000 -- validation perplexity = 2.304838
Epoch 11: test accuracy: 0.245000
---- Qualitative Analysis
Context: where was the milk before the kitchen ? mary journeyed to the kitchen . sandra travelled to the office . john got the apple . mary went back to the bathroom . sandra went back to the garden . mary moved to the hallway . john discarded the apple . john took the apple . sandra journeyed to the office . sandra went to the bedroom . daniel went to the hallway . daniel went to the office . sandra took the milk there . john left the apple . john got the apple . daniel went back to the bathroom . john journeyed to the kitchen . sandra dropped the milk . john dropped the apple . daniel travelled to the bedroom . sandra took the milk there . sandra journeyed to the hallway . sandra left the milk there . mary picked up the milk . sandra journeyed to the office . daniel travelled to the bathroom . john travelled to the hallway . john went back to the kitchen . john picked up the apple . john dropped the apple there . john went to the office . mary left the milk . sandra moved to the bathroom . daniel journeyed to the office . mary went to the garden . john went back to the bathroom . daniel moved to the bedroom . sandra went back to the garden . daniel went to the office . sandra took the football . sandra went back to the bedroom . john went back to the bedroom . john moved to the bathroom . daniel journeyed to the bathroom . mary went back to the kitchen . john went back to the bedroom . daniel went to the kitchen . sandra went to the bathroom . john travelled to the bathroom . sandra moved to the bedroom . john journeyed to the office . sandra went to the bathroom . sandra travelled to the garden . sandra dropped the football there . daniel took the apple . daniel put down the apple . sandra travelled to the hallway . daniel travelled to the garden . daniel grabbed the football . mary got the apple . daniel travelled to the hallway . john went back to the garden . john went back to the office . sandra travelled to the kitchen . john went back to the bathroom . daniel left the football . mary journeyed to the office . john moved to the kitchen . daniel took the milk . daniel travelled to the office . mary put down the apple . sandra travelled to the garden . sandra travelled to the hallway . mary went to the garden . john journeyed to the office . daniel picked up the apple . sandra travelled to the kitchen . sandra journeyed to the bedroom . john journeyed to the hallway . daniel went back to the kitchen . john moved to the kitchen . daniel put down the apple . sandra travelled to the kitchen . sandra grabbed the apple . daniel moved to the garden . sandra discarded the apple there . mary moved to the hallway . mary picked up the football . mary dropped the football . sandra travelled to the bedroom . john grabbed the apple . mary grabbed the football . daniel discarded the milk . mary journeyed to the bathroom . john put down the apple . daniel journeyed to the bathroom . where was the milk before the kitchen ?
Question: where was the milk before the kitchen ?
Answer: office </s>
Model prediction: office </s>
=========================
Step 6200: train_loss = 1.551196, train_acc = 0.250000, train ppl = 2.171890
Step 6300: train_loss = 1.691588, train_acc = 0.187500, train ppl = 2.329827
Step 6400: train_loss = 1.680436, train_acc = 0.250000, train ppl = 2.316871
Step 6500: train_loss = 1.582408, train_acc = 0.187500, train ppl = 2.206051
Step 6600: train_loss = 1.643533, train_acc = 0.187500, train ppl = 2.274515
Step 6700: train_loss = 1.721273, train_acc = 0.000000, train ppl = 2.364666
==== Finshed epoch 12 ====
Evaluating model...
Epoch 12: validation accuracy = 0.219000 -- validation perplexity = 2.292472
Epoch 12: test accuracy: 0.219000
---- Qualitative Analysis
Context: where was the milk before the office ? mary took the football . daniel went back to the hallway . sandra moved to the kitchen . mary put down the football . mary went back to the bathroom . john went back to the hallway . mary went back to the garden . daniel took the milk there . daniel went back to the bedroom . john went back to the bedroom . john journeyed to the office . daniel moved to the office . john grabbed the football there . daniel discarded the milk . where was the milk before the office ?
Question: where was the milk before the office ?
Answer: bedroom </s>
Model prediction: bathroom </s>
=========================
Model checkpoint saved in models/dummy/best_model.ckpt
Step 6800: train_loss = 1.725889, train_acc = 0.187500, train ppl = 2.370130
Step 6900: train_loss = 1.645110, train_acc = 0.187500, train ppl = 2.276309
Step 7000: train_loss = 1.594506, train_acc = 0.250000, train ppl = 2.219436
Step 7100: train_loss = 1.550379, train_acc = 0.250000, train ppl = 2.171004
Step 7200: train_loss = 1.764811, train_acc = 0.062500, train ppl = 2.416706
Step 7300: train_loss = 1.593089, train_acc = 0.375000, train ppl = 2.217864
==== Finshed epoch 13 ====
Evaluating model...
Epoch 13: validation accuracy = 0.194000 -- validation perplexity = 2.279441
Epoch 13: test accuracy: 0.216000
---- Qualitative Analysis
Context: where was the apple before the bedroom ? sandra took the apple there . mary travelled to the garden . john took the milk . john discarded the milk there . mary moved to the bathroom . daniel travelled to the bathroom . john picked up the football . mary went to the office . daniel went to the office . john took the milk . sandra discarded the apple there . john left the milk . daniel took the milk . sandra went to the kitchen . john left the football . mary got the football . sandra moved to the office . sandra went back to the garden . mary went back to the bathroom . john went to the kitchen . daniel dropped the milk . mary moved to the garden . daniel grabbed the milk . sandra travelled to the kitchen . mary dropped the football . mary took the football . mary journeyed to the hallway . mary discarded the football there . mary went back to the kitchen . sandra journeyed to the garden . sandra moved to the hallway . john went to the bathroom . mary journeyed to the garden . sandra took the apple . sandra grabbed the football . daniel went back to the bathroom . sandra went to the bedroom . sandra moved to the kitchen . daniel travelled to the hallway . sandra moved to the hallway . john moved to the bedroom . daniel went to the office . sandra travelled to the bedroom . daniel travelled to the garden . john went to the garden . daniel journeyed to the hallway . mary went to the bedroom . sandra put down the apple . sandra put down the football there . john went to the kitchen . where was the apple before the bedroom ?
Question: where was the apple before the bedroom ?
Answer: hallway </s>
Model prediction: hallway </s>
=========================
Step 7400: train_loss = 1.632702, train_acc = 0.312500, train ppl = 2.262229
Step 7500: train_loss = 1.781050, train_acc = 0.000000, train ppl = 2.436409
Step 7600: train_loss = 1.621953, train_acc = 0.250000, train ppl = 2.250104
Step 7700: train_loss = 1.639563, train_acc = 0.187500, train ppl = 2.270004
Step 7800: train_loss = 1.643987, train_acc = 0.187500, train ppl = 2.275031
==== Finshed epoch 14 ====
Evaluating model...
Epoch 14: validation accuracy = 0.191000 -- validation perplexity = 2.276487
Epoch 14: test accuracy: 0.248000
---- Qualitative Analysis
Context: where was the apple before the office ? john went to the bedroom . john picked up the football . john put down the football . sandra went to the garden . sandra picked up the milk . sandra took the apple . mary journeyed to the bathroom . daniel went to the bedroom . daniel went back to the hallway . sandra dropped the milk there . john got the football . daniel moved to the bedroom . john left the football . john went to the kitchen . mary went to the kitchen . john went back to the office . sandra moved to the kitchen . daniel got the football . daniel journeyed to the bathroom . sandra put down the apple . mary picked up the apple . john moved to the bathroom . daniel travelled to the garden . sandra journeyed to the bedroom . daniel took the milk . mary dropped the apple . john went back to the bedroom . mary went back to the hallway . john moved to the bathroom . daniel moved to the hallway . daniel left the football . john journeyed to the hallway . john went to the bedroom . daniel dropped the milk . daniel went back to the office . sandra travelled to the office . mary journeyed to the bathroom . sandra journeyed to the kitchen . sandra got the apple . sandra left the apple . mary travelled to the hallway . sandra took the apple . john travelled to the kitchen . daniel moved to the garden . mary went to the garden . sandra journeyed to the garden . sandra moved to the office . sandra left the apple . sandra moved to the kitchen . sandra went back to the garden . john moved to the garden . john went to the hallway . where was the apple before the office ?
Question: where was the apple before the office ?
Answer: garden </s>
Model prediction: garden </s>
=========================
Step 7900: train_loss = 1.564265, train_acc = 0.375000, train ppl = 2.186129
Step 8000: train_loss = 1.565919, train_acc = 0.250000, train ppl = 2.187938
Step 8100: train_loss = 1.645285, train_acc = 0.187500, train ppl = 2.276507
Step 8200: train_loss = 1.594205, train_acc = 0.062500, train ppl = 2.219102
Step 8300: train_loss = 1.652133, train_acc = 0.125000, train ppl = 2.284316
Step 8400: train_loss = 1.612188, train_acc = 0.250000, train ppl = 2.239145
==== Finshed epoch 15 ====
Evaluating model...
Epoch 15: validation accuracy = 0.203000 -- validation perplexity = 2.323373
Epoch 15: test accuracy: 0.190000
---- Qualitative Analysis
Context: where was the milk before the office ? mary went back to the bedroom . daniel got the apple . sandra went back to the office . daniel put down the apple . sandra picked up the apple . mary journeyed to the office . john went back to the office . john travelled to the kitchen . mary travelled to the bedroom . john travelled to the garden . daniel went to the garden . daniel took the milk . sandra put down the apple . daniel journeyed to the bathroom . daniel dropped the milk . sandra got the apple . sandra left the apple . john travelled to the hallway . daniel picked up the milk . john moved to the kitchen . mary went back to the kitchen . sandra took the apple . sandra dropped the apple . john journeyed to the bathroom . daniel dropped the milk . sandra moved to the kitchen . john picked up the milk there . john discarded the milk . john went to the kitchen . sandra travelled to the bedroom . daniel grabbed the milk . daniel travelled to the bedroom . daniel journeyed to the garden . daniel put down the milk . daniel moved to the bathroom . john went back to the garden . mary travelled to the bathroom . mary journeyed to the hallway . sandra went to the kitchen . john went back to the bedroom . mary went back to the office . mary picked up the apple . daniel travelled to the kitchen . sandra travelled to the bathroom . sandra travelled to the garden . sandra picked up the milk . daniel went to the garden . mary journeyed to the garden . sandra discarded the milk . mary put down the apple there . mary grabbed the milk . daniel took the apple . mary dropped the milk . daniel went to the bathroom . daniel left the apple . daniel travelled to the garden . daniel got the milk there . john travelled to the garden . mary moved to the office . daniel discarded the milk . sandra moved to the hallway . sandra moved to the garden . daniel picked up the milk . sandra went to the hallway . mary journeyed to the hallway . sandra got the football there . daniel moved to the office . daniel left the milk . daniel got the milk . daniel left the milk . sandra went back to the kitchen . daniel moved to the hallway . sandra discarded the football . sandra grabbed the football . daniel travelled to the bedroom . daniel travelled to the office . john moved to the office . john got the milk . john discarded the milk . daniel grabbed the milk . sandra discarded the football . mary went back to the bedroom . daniel travelled to the bedroom . daniel went back to the office . daniel discarded the milk there . daniel went to the bedroom . where was the milk before the office ?
Question: where was the milk before the office ?
Answer: bedroom </s>
Model prediction: hallway </s>
=========================
Step 8500: train_loss = 1.588113, train_acc = 0.312500, train ppl = 2.212353
Step 8600: train_loss = 1.605651, train_acc = 0.125000, train ppl = 2.231838
Step 8700: train_loss = 1.699118, train_acc = 0.062500, train ppl = 2.338615
Step 8800: train_loss = 1.634177, train_acc = 0.312500, train ppl = 2.263899
Step 8900: train_loss = 1.465412, train_acc = 0.437500, train ppl = 2.080703
Step 9000: train_loss = 1.653753, train_acc = 0.187500, train ppl = 2.286166
==== Finshed epoch 16 ====
Evaluating model...
Epoch 16: validation accuracy = 0.214000 -- validation perplexity = 2.255582
Epoch 16: test accuracy: 0.241000
---- Qualitative Analysis
Context: where was the football before the bedroom ? mary moved to the garden . mary picked up the apple . sandra moved to the kitchen . daniel travelled to the hallway . daniel moved to the office . mary moved to the bedroom . john journeyed to the garden . sandra picked up the milk . mary left the apple . sandra dropped the milk . mary went back to the kitchen . mary went back to the bathroom . john went back to the kitchen . daniel journeyed to the kitchen . john travelled to the hallway . sandra travelled to the bathroom . john went to the bedroom . mary moved to the kitchen . daniel grabbed the milk . daniel travelled to the garden . daniel journeyed to the bedroom . john went back to the bathroom . john travelled to the hallway . mary journeyed to the garden . john went to the garden . daniel dropped the milk . sandra went to the office . mary moved to the kitchen . daniel got the apple . daniel left the apple . sandra went back to the bathroom . sandra went to the office . daniel went back to the bathroom . daniel went to the kitchen . mary went to the hallway . john journeyed to the office . mary journeyed to the kitchen . mary went back to the office . john moved to the bathroom . sandra moved to the bathroom . mary went back to the kitchen . mary journeyed to the office . daniel moved to the garden . sandra went back to the bedroom . daniel went back to the bathroom . mary went back to the garden . mary went back to the bedroom . daniel went back to the bedroom . john journeyed to the office . sandra grabbed the football there . sandra grabbed the milk there . mary picked up the apple . daniel moved to the hallway . mary put down the apple . john went back to the garden . sandra moved to the kitchen . sandra dropped the milk there . sandra discarded the football there . john moved to the kitchen . john picked up the milk . sandra grabbed the football . sandra journeyed to the garden . mary took the apple . sandra moved to the bedroom . where was the football before the bedroom ?
Question: where was the football before the bedroom ?
Answer: garden </s>
Model prediction: hallway </s>
=========================
Step 9100: train_loss = 1.644732, train_acc = 0.187500, train ppl = 2.275878
Step 9200: train_loss = 1.765393, train_acc = 0.187500, train ppl = 2.417409
Step 9300: train_loss = 1.648997, train_acc = 0.250000, train ppl = 2.280737
Step 9400: train_loss = 1.592516, train_acc = 0.250000, train ppl = 2.217229
Step 9500: train_loss = 1.624141, train_acc = 0.250000, train ppl = 2.252567
==== Finshed epoch 17 ====
Evaluating model...
Epoch 17: validation accuracy = 0.213000 -- validation perplexity = 2.270529
Epoch 17: test accuracy: 0.225000
---- Qualitative Analysis
Context: where was the apple before the hallway ? mary travelled to the garden . john went to the hallway . sandra went to the kitchen . mary went to the office . daniel picked up the milk there . daniel travelled to the bathroom . sandra moved to the office . daniel went to the hallway . daniel dropped the milk . john got the milk . john dropped the milk . daniel picked up the milk . john went to the bathroom . daniel went back to the bedroom . sandra picked up the apple . sandra travelled to the garden . sandra went to the office . mary moved to the garden . sandra moved to the hallway . sandra travelled to the bathroom . sandra put down the apple there . daniel went to the bathroom . sandra went back to the garden . daniel moved to the office . john picked up the apple . sandra went to the bathroom . john went to the office . john moved to the hallway . where was the apple before the hallway ?
Question: where was the apple before the hallway ?
Answer: office </s>
Model prediction: bathroom </s>
=========================
Step 9600: train_loss = 1.620927, train_acc = 0.187500, train ppl = 2.248951
Step 9700: train_loss = 1.623394, train_acc = 0.187500, train ppl = 2.251725
Step 9800: train_loss = 1.619348, train_acc = 0.250000, train ppl = 2.247175
Step 9900: train_loss = 1.568934, train_acc = 0.312500, train ppl = 2.191239
Step 10000: train_loss = 1.640984, train_acc = 0.250000, train ppl = 2.271617
Step 10100: train_loss = 1.672527, train_acc = 0.125000, train ppl = 2.307729
==== Finshed epoch 18 ====
Evaluating model...
Epoch 18: validation accuracy = 0.197000 -- validation perplexity = 2.268639
Epoch 18: test accuracy: 0.187000
---- Qualitative Analysis
Context: where was the milk before the kitchen ? sandra moved to the bathroom . john went to the bathroom . sandra got the apple . mary moved to the office . sandra went to the hallway . daniel travelled to the hallway . sandra dropped the apple . daniel picked up the apple . daniel discarded the apple there . sandra moved to the kitchen . sandra went back to the office . john moved to the office . daniel journeyed to the garden . sandra went to the bedroom . sandra went to the bathroom . sandra went to the hallway . sandra journeyed to the office . mary moved to the bathroom . sandra moved to the bathroom . mary went back to the office . mary travelled to the bedroom . john moved to the bedroom . daniel went to the hallway . daniel went to the bedroom . mary went back to the kitchen . daniel went to the bathroom . john journeyed to the garden . sandra moved to the kitchen . mary took the milk . mary discarded the milk . john travelled to the bathroom . john went to the hallway . john got the apple . daniel went to the garden . daniel went back to the kitchen . john put down the apple . sandra moved to the garden . john got the apple . sandra travelled to the hallway . john discarded the apple . mary got the football . sandra took the apple . mary put down the football . john went to the bedroom . mary moved to the hallway . john went to the bathroom . sandra put down the apple there . daniel picked up the football . mary took the apple there . mary went back to the kitchen . daniel went back to the hallway . mary travelled to the garden . mary discarded the apple . daniel left the football there . daniel picked up the football . mary got the apple . daniel journeyed to the office . sandra travelled to the bathroom . daniel put down the football . john travelled to the garden . daniel took the football . mary left the apple . daniel put down the football . john got the apple . john put down the apple . mary got the apple . daniel picked up the football . mary discarded the apple . daniel left the football . mary grabbed the apple . daniel got the football . sandra journeyed to the garden . mary put down the apple . sandra picked up the apple . sandra left the apple . sandra picked up the apple there . john travelled to the hallway . mary moved to the kitchen . daniel journeyed to the bedroom . john moved to the kitchen . daniel travelled to the office . john got the milk there . daniel dropped the football . daniel picked up the football . daniel moved to the bathroom . john left the milk . john moved to the bathroom . daniel left the football . john picked up the football there . sandra put down the apple . mary took the milk . daniel travelled to the garden . daniel journeyed to the office . john moved to the garden . john travelled to the bedroom . mary travelled to the hallway . john dropped the football . sandra grabbed the apple there . john grabbed the football . mary journeyed to the kitchen . john journeyed to the kitchen . daniel journeyed to the garden . sandra travelled to the bedroom . john travelled to the hallway . sandra went back to the kitchen . mary went back to the hallway . john journeyed to the kitchen . mary discarded the milk . where was the milk before the kitchen ?
Question: where was the milk before the kitchen ?
Answer: hallway </s>
Model prediction: hallway </s>
=========================
Step 10200: train_loss = 1.644975, train_acc = 0.187500, train ppl = 2.276155
Step 10300: train_loss = 1.545109, train_acc = 0.312500, train ppl = 2.165290
Step 10400: train_loss = 1.732283, train_acc = 0.125000, train ppl = 2.377719
Step 10500: train_loss = 1.778805, train_acc = 0.125000, train ppl = 2.433675
Step 10600: train_loss = 1.673057, train_acc = 0.125000, train ppl = 2.308340
==== Finshed epoch 19 ====
Evaluating model...
Epoch 19: validation accuracy = 0.207000 -- validation perplexity = 2.269662
Epoch 19: test accuracy: 0.147000
---- Qualitative Analysis
Context: where was the football before the bathroom ? john picked up the football . john dropped the football there . sandra travelled to the office . daniel moved to the kitchen . daniel travelled to the garden . john journeyed to the office . sandra travelled to the garden . sandra travelled to the office . daniel travelled to the kitchen . sandra took the milk . mary went back to the office . mary got the apple . daniel went to the office . john went to the bedroom . john took the football . daniel went back to the hallway . sandra went back to the bedroom . sandra dropped the milk . sandra got the milk . mary discarded the apple . sandra discarded the milk . john put down the football . sandra went to the kitchen . john moved to the kitchen . mary picked up the apple . daniel moved to the bathroom . daniel travelled to the garden . mary left the apple . mary journeyed to the bedroom . mary went back to the bathroom . sandra journeyed to the hallway . sandra travelled to the bathroom . daniel went to the hallway . sandra travelled to the bedroom . sandra grabbed the football there . john journeyed to the office . sandra put down the football there . john took the apple . john journeyed to the kitchen . john dropped the apple there . mary went back to the office . john went back to the hallway . daniel moved to the garden . sandra got the milk . sandra moved to the bathroom . sandra travelled to the office . sandra left the milk . sandra went back to the bathroom . daniel went to the bathroom . mary travelled to the bathroom . john went to the garden . daniel travelled to the kitchen . daniel went back to the hallway . john journeyed to the kitchen . john journeyed to the office . john went back to the bathroom . john moved to the office . sandra moved to the bedroom . sandra grabbed the football . mary moved to the kitchen . john travelled to the garden . john journeyed to the bathroom . sandra went to the garden . sandra went to the bedroom . sandra travelled to the hallway . mary went to the office . john travelled to the bedroom . sandra went back to the bathroom . sandra left the football . daniel moved to the office . mary picked up the milk . sandra took the football . daniel went back to the bedroom . mary went back to the garden . sandra discarded the football . mary dropped the milk . mary went back to the bathroom . mary picked up the football there . mary discarded the football there . mary went back to the hallway . mary went to the kitchen . sandra took the football . sandra moved to the kitchen . sandra went back to the bathroom . where was the football before the bathroom ?
Question: where was the football before the bathroom ?
Answer: kitchen </s>
Model prediction: kitchen </s>
=========================
Step 10700: train_loss = 1.635751, train_acc = 0.187500, train ppl = 2.265681
Step 10800: train_loss = 1.595898, train_acc = 0.187500, train ppl = 2.220981
Step 10900: train_loss = 1.667503, train_acc = 0.125000, train ppl = 2.301938
Step 11000: train_loss = 1.684566, train_acc = 0.250000, train ppl = 2.321661
Step 11100: train_loss = 1.683734, train_acc = 0.250000, train ppl = 2.320695
