merge_mode:               concat
embedding_size:           256
num_units:                64
max_gradient_norm:        1.0
restore_from_dir:         None
val_split:                0.1
task:                     19
encoder_type:             bi
dropout_keep_prob:        0.7
model_dir:                models/dummy
cell_type:                gru
batch_size:               8
num_enc_layers:           1
vocab:                    data/vocab.txt
data_dir:                 data/en-10k
learning_rate:            0.01
num_epochs:               50
model_type:               attention
optimizer:                adam
Loading data...
vocabulary size = 487
Building model...
Running initializers...
Creating summary writers...
Performing evaluation before training...
---- Qualitative Analysis
Context: how do you go from the bathroom to the office ? the bedroom is south of the office . the office is east of the kitchen . the hallway is west of the bathroom . the garden is north of the kitchen . the bathroom is south of the kitchen . how do you go from the bathroom to the office ?
Question: how do you go from the bathroom to the office ?
Answer: n e </s>
Model prediction: 211 211 211 211 211 211 211 211 211 211
=========================
Step 100: train_loss = 4.876243, train_acc = 0.000000, train ppl = 5.080523
Step 200: train_loss = 4.505500, train_acc = 0.000000, train ppl = 4.489913
Step 300: train_loss = 4.881910, train_acc = 0.250000, train ppl = 5.090130
Step 400: train_loss = 4.811374, train_acc = 0.000000, train ppl = 4.971847
Step 500: train_loss = 4.886765, train_acc = 0.000000, train ppl = 5.098373
Step 600: train_loss = 4.883656, train_acc = 0.000000, train ppl = 5.093093
Step 700: train_loss = 4.787399, train_acc = 0.000000, train ppl = 4.932272
Step 800: train_loss = 4.583765, train_acc = 0.000000, train ppl = 4.608588
Step 900: train_loss = 4.847620, train_acc = 0.375000, train ppl = 5.032281
Step 1000: train_loss = 5.689070, train_acc = 0.000000, train ppl = 6.661579
Step 1100: train_loss = 4.848254, train_acc = 0.000000, train ppl = 5.033345
==== Finshed epoch 1 ====
Evaluating model...
Epoch 1: validation accuracy = 0.000000 -- validation perplexity = 4.972960
Epoch 1: test accuracy: 0.000000
---- Qualitative Analysis
Context: how do you go from the bedroom to the office ? the bedroom is south of the kitchen . the garden is east of the office . the hallway is north of the office . the kitchen is west of the bathroom . the office is north of the kitchen . how do you go from the bedroom to the office ?
Question: how do you go from the bedroom to the office ?
Answer: n n </s>
Model prediction: </s>
=========================
Model checkpoint saved in models/dummy/best_model.ckpt
Step 1200: train_loss = 4.827053, train_acc = 0.000000, train ppl = 4.997898
Step 1300: train_loss = 5.640300, train_acc = 0.000000, train ppl = 6.554160
Step 1400: train_loss = 4.747373, train_acc = 0.000000, train ppl = 4.866902
Step 1500: train_loss = 5.035560, train_acc = 0.000000, train ppl = 5.357620
Step 1600: train_loss = 5.795764, train_acc = 0.000000, train ppl = 6.902760
Step 1700: train_loss = 4.471419, train_acc = 0.000000, train ppl = 4.439196
Step 1800: train_loss = 4.557415, train_acc = 0.000000, train ppl = 4.568288
Step 1900: train_loss = 4.727430, train_acc = 0.000000, train ppl = 4.834656
Step 2000: train_loss = 4.628788, train_acc = 0.000000, train ppl = 4.678274
Step 2100: train_loss = 5.181223, train_acc = 0.000000, train ppl = 5.624177
Step 2200: train_loss = 4.558295, train_acc = 0.000000, train ppl = 4.569628
==== Finshed epoch 2 ====
Evaluating model...
Epoch 2: validation accuracy = 0.000000 -- validation perplexity = 4.806351
Epoch 2: test accuracy: 0.000000
---- Qualitative Analysis
Context: how do you go from the garden to the bedroom ? the bathroom is north of the garden . the office is east of the bedroom . the hallway is south of the garden . the kitchen is north of the office . the garden is east of the office . how do you go from the garden to the bedroom ?
Question: how do you go from the garden to the bedroom ?
Answer: w w </s>
Model prediction: </s>
=========================
Step 2300: train_loss = 4.727612, train_acc = 0.000000, train ppl = 4.834950
Step 2400: train_loss = 5.078007, train_acc = 0.000000, train ppl = 5.433964
Step 2500: train_loss = 4.647353, train_acc = 0.000000, train ppl = 4.707314
Step 2600: train_loss = 4.870722, train_acc = 0.000000, train ppl = 5.071182
Step 2700: train_loss = 4.687938, train_acc = 0.000000, train ppl = 4.771430
Step 2800: train_loss = 5.018304, train_acc = 0.000000, train ppl = 5.326892
Step 2900: train_loss = 5.016496, train_acc = 0.000000, train ppl = 5.323683
Step 3000: train_loss = 4.898938, train_acc = 0.000000, train ppl = 5.119104
Step 3100: train_loss = 4.557689, train_acc = 0.000000, train ppl = 4.568705
Step 3200: train_loss = 5.038371, train_acc = 0.000000, train ppl = 5.362644
Step 3300: train_loss = 4.846543, train_acc = 0.000000, train ppl = 5.030474
==== Finshed epoch 3 ====
Evaluating model...
Epoch 3: validation accuracy = 0.000000 -- validation perplexity = 4.781830
Epoch 3: test accuracy: 0.000000
---- Qualitative Analysis
Context: how do you go from the hallway to the bathroom ? the bathroom is south of the garden . the bathroom is west of the bedroom . the hallway is north of the kitchen . the bedroom is north of the hallway . the office is east of the hallway . how do you go from the hallway to the bathroom ?
Question: how do you go from the hallway to the bathroom ?
Answer: n w </s>
Model prediction: </s>
=========================
Step 3400: train_loss = 4.787749, train_acc = 0.000000, train ppl = 4.932847
Step 3500: train_loss = 4.712523, train_acc = 0.000000, train ppl = 4.810693
Step 3600: train_loss = 4.790453, train_acc = 0.000000, train ppl = 4.937295
Step 3700: train_loss = 4.923031, train_acc = 0.000000, train ppl = 5.160380
Step 3800: train_loss = 4.899367, train_acc = 0.000000, train ppl = 5.119836
Step 3900: train_loss = 4.642456, train_acc = 0.000000, train ppl = 4.699637
Step 4000: train_loss = 4.677940, train_acc = 0.000000, train ppl = 4.755555
Step 4100: train_loss = 5.147294, train_acc = 0.000000, train ppl = 5.560925
Step 4200: train_loss = 4.566974, train_acc = 0.000000, train ppl = 4.582867
Step 4300: train_loss = 4.825746, train_acc = 0.000000, train ppl = 4.995722
Step 4400: train_loss = 4.845753, train_acc = 0.000000, train ppl = 5.029150
Step 4500: train_loss = 4.615920, train_acc = 0.000000, train ppl = 4.658251
==== Finshed epoch 4 ====
Evaluating model...
Epoch 4: validation accuracy = 0.000000 -- validation perplexity = 5.002228
Epoch 4: test accuracy: 0.000000
---- Qualitative Analysis
Context: how do you go from the garden to the hallway ? the hallway is east of the kitchen . the bathroom is west of the office . the office is north of the garden . the bedroom is east of the office . the hallway is north of the office . how do you go from the garden to the hallway ?
Question: how do you go from the garden to the hallway ?
Answer: n n </s>
Model prediction: </s>
=========================
Step 4600: train_loss = 4.670919, train_acc = 0.000000, train ppl = 4.744439
Step 4700: train_loss = 4.794951, train_acc = 0.000000, train ppl = 4.944704
Step 4800: train_loss = 4.753392, train_acc = 0.000000, train ppl = 4.876677
Step 4900: train_loss = 4.765347, train_acc = 0.000000, train ppl = 4.896150
Step 5000: train_loss = 4.814230, train_acc = 0.000000, train ppl = 4.976583
Step 5100: train_loss = 4.663113, train_acc = 0.000000, train ppl = 4.732109
Step 5200: train_loss = 4.747322, train_acc = 0.000000, train ppl = 4.866819
Step 5300: train_loss = 4.642971, train_acc = 0.000000, train ppl = 4.700444
Step 5400: train_loss = 4.916996, train_acc = 0.000000, train ppl = 5.150010
Step 5500: train_loss = 5.682369, train_acc = 0.000000, train ppl = 6.646717
Step 5600: train_loss = 4.697714, train_acc = 0.000000, train ppl = 4.787004
==== Finshed epoch 5 ====
Evaluating model...
Epoch 5: validation accuracy = 0.269000 -- validation perplexity = 5.201273
Epoch 5: test accuracy: 0.243500
---- Qualitative Analysis
Context: how do you go from the bathroom to the hallway ? the kitchen is west of the hallway . the garden is east of the hallway . the bedroom is south of the office . the office is south of the hallway . the bathroom is east of the office . how do you go from the bathroom to the hallway ?
Question: how do you go from the bathroom to the hallway ?
Answer: w n </s>
Model prediction: w w w w w w w w w w
=========================
Model checkpoint saved in models/dummy/best_model.ckpt
Step 5700: train_loss = 4.684206, train_acc = 0.000000, train ppl = 4.765499
Step 5800: train_loss = 4.880372, train_acc = 0.000000, train ppl = 5.087521
Step 5900: train_loss = 4.155929, train_acc = 0.000000, train ppl = 3.996063
Step 6000: train_loss = 4.855958, train_acc = 0.000000, train ppl = 5.046286
Step 6100: train_loss = 4.625647, train_acc = 0.000000, train ppl = 4.673379
Step 6200: train_loss = 5.245912, train_acc = 0.000000, train ppl = 5.746766
Step 6300: train_loss = 4.503680, train_acc = 0.000000, train ppl = 4.487189
Step 6400: train_loss = 4.665250, train_acc = 0.000000, train ppl = 4.735481
Step 6500: train_loss = 4.697406, train_acc = 0.000000, train ppl = 4.786512
Step 6600: train_loss = 4.777334, train_acc = 0.000000, train ppl = 4.915752
Step 6700: train_loss = 4.684575, train_acc = 0.000000, train ppl = 4.766084
==== Finshed epoch 6 ====
Evaluating model...
Epoch 6: validation accuracy = 0.000000 -- validation perplexity = 5.019270
Epoch 6: test accuracy: 0.000000
---- Qualitative Analysis
Context: how do you go from the garden to the bedroom ? the bathroom is east of the kitchen . the garden is south of the office . the garden is west of the kitchen . the bedroom is west of the hallway . the bedroom is north of the kitchen . how do you go from the garden to the bedroom ?
Question: how do you go from the garden to the bedroom ?
Answer: e n </s>
Model prediction: </s>
=========================
Step 6800: train_loss = 4.868960, train_acc = 0.000000, train ppl = 5.068205
Step 6900: train_loss = 4.866206, train_acc = 0.000000, train ppl = 5.063555
Step 7000: train_loss = 4.545626, train_acc = 0.437500, train ppl = 4.550370
Step 7100: train_loss = 4.781625, train_acc = 0.375000, train ppl = 4.922788
Step 7200: train_loss = 4.437163, train_acc = 0.000000, train ppl = 4.388793
Step 7300: train_loss = 4.899423, train_acc = 0.000000, train ppl = 5.119931
Step 7400: train_loss = 4.743830, train_acc = 0.000000, train ppl = 4.861157
Step 7500: train_loss = 4.836342, train_acc = 0.000000, train ppl = 5.013398
Step 7600: train_loss = 4.811409, train_acc = 0.000000, train ppl = 4.971904
Step 7700: train_loss = 4.698543, train_acc = 0.000000, train ppl = 4.788326
Step 7800: train_loss = 5.140235, train_acc = 0.000000, train ppl = 5.547857
==== Finshed epoch 7 ====
Evaluating model...
Epoch 7: validation accuracy = 0.000000 -- validation perplexity = 4.762653
Epoch 7: test accuracy: 0.000000
---- Qualitative Analysis
Context: how do you go from the hallway to the bathroom ? the bathroom is south of the bedroom . the office is north of the hallway . the garden is south of the hallway . the office is south of the bathroom . the kitchen is east of the hallway . how do you go from the hallway to the bathroom ?
Question: how do you go from the hallway to the bathroom ?
Answer: n n </s>
Model prediction: </s>
=========================
Step 7900: train_loss = 4.703735, train_acc = 0.000000, train ppl = 4.796620
Step 8000: train_loss = 5.023274, train_acc = 0.000000, train ppl = 5.335725
Step 8100: train_loss = 4.744899, train_acc = 0.000000, train ppl = 4.862890
Step 8200: train_loss = 4.755266, train_acc = 0.000000, train ppl = 4.879725
Step 8300: train_loss = 4.962603, train_acc = 0.000000, train ppl = 5.228900
Step 8400: train_loss = 4.881444, train_acc = 0.000000, train ppl = 5.089340
Step 8500: train_loss = 4.622239, train_acc = 0.000000, train ppl = 4.668073
Step 8600: train_loss = 4.786437, train_acc = 0.000000, train ppl = 4.930690
Step 8700: train_loss = 4.552114, train_acc = 0.000000, train ppl = 4.560221
Step 8800: train_loss = 4.732930, train_acc = 0.000000, train ppl = 4.843528
Step 8900: train_loss = 4.379279, train_acc = 0.000000, train ppl = 4.304925
Step 9000: train_loss = 5.278997, train_acc = 0.000000, train ppl = 5.810494
==== Finshed epoch 8 ====
Evaluating model...
Epoch 8: validation accuracy = 0.000000 -- validation perplexity = 5.112951
Epoch 8: test accuracy: 0.000000
---- Qualitative Analysis
Context: how do you go from the kitchen to the office ? the office is west of the hallway . the office is north of the garden . the bedroom is west of the office . the garden is north of the kitchen . the kitchen is west of the bathroom . how do you go from the kitchen to the office ?
Question: how do you go from the kitchen to the office ?
Answer: n n </s>
Model prediction: </s>
=========================
Step 9100: train_loss = 4.843580, train_acc = 0.000000, train ppl = 5.025508
Step 9200: train_loss = 4.646725, train_acc = 0.000000, train ppl = 4.706329
Step 9300: train_loss = 5.054129, train_acc = 0.000000, train ppl = 5.390885
Step 9400: train_loss = 4.544703, train_acc = 0.000000, train ppl = 4.548972
Step 9500: train_loss = 4.529936, train_acc = 0.000000, train ppl = 4.526635
Step 9600: train_loss = 4.736979, train_acc = 0.000000, train ppl = 4.850070
Step 9700: train_loss = 4.841204, train_acc = 0.000000, train ppl = 5.021530
Step 9800: train_loss = 4.771373, train_acc = 0.000000, train ppl = 4.905994
Step 9900: train_loss = 4.565763, train_acc = 0.000000, train ppl = 4.581017
Step 10000: train_loss = 5.097842, train_acc = 0.000000, train ppl = 5.470012
Step 10100: train_loss = 4.973584, train_acc = 0.000000, train ppl = 5.248075
==== Finshed epoch 9 ====
Evaluating model...
Epoch 9: validation accuracy = 0.000000 -- validation perplexity = 5.062634
Epoch 9: test accuracy: 0.000000
---- Qualitative Analysis
Context: how do you go from the office to the garden ? the kitchen is north of the bathroom . the bathroom is west of the garden . the bedroom is north of the garden . the garden is west of the hallway . the office is south of the bathroom . how do you go from the office to the garden ?
Question: how do you go from the office to the garden ?
Answer: n e </s>
Model prediction: </s>
=========================
Step 10200: train_loss = 4.691067, train_acc = 0.000000, train ppl = 4.776408
Step 10300: train_loss = 4.746682, train_acc = 0.000000, train ppl = 4.865781
Step 10400: train_loss = 4.792124, train_acc = 0.000000, train ppl = 4.940045
Step 10500: train_loss = 4.649898, train_acc = 0.000000, train ppl = 4.711309
Step 10600: train_loss = 4.721451, train_acc = 0.000000, train ppl = 4.825030
Step 10700: train_loss = 4.694140, train_acc = 0.000000, train ppl = 4.781305
Step 10800: train_loss = 4.734429, train_acc = 0.000000, train ppl = 4.845949
Step 10900: train_loss = 4.496801, train_acc = 0.000000, train ppl = 4.476913
Step 11000: train_loss = 4.821131, train_acc = 0.000000, train ppl = 4.988043
Step 11100: train_loss = 4.725710, train_acc = 0.000000, train ppl = 4.831886
Step 11200: train_loss = 4.777307, train_acc = 0.000000, train ppl = 4.915708
==== Finshed epoch 10 ====
Evaluating model...
Epoch 10: validation accuracy = 0.000000 -- validation perplexity = 5.281228
Epoch 10: test accuracy: 0.000000
---- Qualitative Analysis
Context: how do you go from the garden to the bedroom ? the hallway is north of the garden . the office is east of the kitchen . the garden is west of the kitchen . the garden is east of the bathroom . the bedroom is south of the kitchen . how do you go from the garden to the bedroom ?
Question: how do you go from the garden to the bedroom ?
Answer: e s </s>
Model prediction: </s>
=========================
Step 11300: train_loss = 4.722976, train_acc = 0.000000, train ppl = 4.827483
Step 11400: train_loss = 4.779872, train_acc = 0.000000, train ppl = 4.919912
Step 11500: train_loss = 5.188635, train_acc = 0.000000, train ppl = 5.638089
Step 11600: train_loss = 4.884429, train_acc = 0.000000, train ppl = 5.094407
Step 11700: train_loss = 4.482280, train_acc = 0.000000, train ppl = 4.455295
Step 11800: train_loss = 4.809223, train_acc = 0.000000, train ppl = 4.968282
Step 11900: train_loss = 5.146951, train_acc = 0.000000, train ppl = 5.560291
Step 12000: train_loss = 4.647410, train_acc = 0.000000, train ppl = 4.707405
Step 12100: train_loss = 4.782391, train_acc = 0.000000, train ppl = 4.924045
Step 12200: train_loss = 5.093452, train_acc = 0.000000, train ppl = 5.462013
Step 12300: train_loss = 5.019890, train_acc = 0.000000, train ppl = 5.329709
==== Finshed epoch 11 ====
Evaluating model...
Epoch 11: validation accuracy = 0.000000 -- validation perplexity = 4.908842
Epoch 11: test accuracy: 0.000000
---- Qualitative Analysis
Context: how do you go from the hallway to the bathroom ? the kitchen is south of the bathroom . the hallway is east of the bedroom . the bathroom is south of the bedroom . the office is north of the bedroom . the garden is west of the bedroom . how do you go from the hallway to the bathroom ?
Question: how do you go from the hallway to the bathroom ?
Answer: w s </s>
Model prediction: </s>
=========================
Step 12400: train_loss = 5.011104, train_acc = 0.000000, train ppl = 5.314124
Step 12500: train_loss = 4.641111, train_acc = 0.000000, train ppl = 4.697531
Step 12600: train_loss = 4.643793, train_acc = 0.000000, train ppl = 4.701732
Step 12700: train_loss = 4.741138, train_acc = 0.000000, train ppl = 4.856798
Step 12800: train_loss = 4.878485, train_acc = 0.000000, train ppl = 5.084322
Step 12900: train_loss = 4.911442, train_acc = 0.000000, train ppl = 5.140485
Step 13000: train_loss = 4.851914, train_acc = 0.000000, train ppl = 5.039489
Step 13100: train_loss = 4.702928, train_acc = 0.000000, train ppl = 4.795330
Step 13200: train_loss = 4.848864, train_acc = 0.000000, train ppl = 5.034369
Step 13300: train_loss = 4.666882, train_acc = 0.000000, train ppl = 4.738058
Step 13400: train_loss = 4.920775, train_acc = 0.000000, train ppl = 5.156502
Step 13500: train_loss = 4.841260, train_acc = 0.000000, train ppl = 5.021624
==== Finshed epoch 12 ====
Evaluating model...
Epoch 12: validation accuracy = 0.000000 -- validation perplexity = 4.807009
Epoch 12: test accuracy: 0.000000
---- Qualitative Analysis
Context: how do you go from the garden to the office ? the kitchen is east of the office . the bedroom is east of the garden . the office is north of the bathroom . the hallway is west of the garden . the bathroom is north of the garden . how do you go from the garden to the office ?
Question: how do you go from the garden to the office ?
Answer: n n </s>
Model prediction: </s>
=========================
Step 13600: train_loss = 4.352912, train_acc = 0.000000, train ppl = 4.267255
Step 13700: train_loss = 4.431377, train_acc = 0.000000, train ppl = 4.380337
Step 13800: train_loss = 4.686503, train_acc = 0.000000, train ppl = 4.769148
Step 13900: train_loss = 4.860407, train_acc = 0.000000, train ppl = 5.053776
Step 14000: train_loss = 4.694401, train_acc = 0.000000, train ppl = 4.781720
Step 14100: train_loss = 4.964993, train_acc = 0.000000, train ppl = 5.233068
Step 14200: train_loss = 4.903229, train_acc = 0.000000, train ppl = 5.126430
Step 14300: train_loss = 4.642715, train_acc = 0.000000, train ppl = 4.700042
Step 14400: train_loss = 5.022477, train_acc = 0.000000, train ppl = 5.334307
Step 14500: train_loss = 4.788073, train_acc = 0.000000, train ppl = 4.933379
Step 14600: train_loss = 4.879839, train_acc = 0.000000, train ppl = 5.086617
==== Finshed epoch 13 ====
Evaluating model...
Epoch 13: validation accuracy = 0.000000 -- validation perplexity = 4.788402
Epoch 13: test accuracy: 0.000000
---- Qualitative Analysis
Context: how do you go from the bathroom to the office ? the bathroom is east of the kitchen . the office is east of the bedroom . the garden is north of the bedroom . the bathroom is north of the hallway . the bathroom is south of the bedroom . how do you go from the bathroom to the office ?
Question: how do you go from the bathroom to the office ?
Answer: n e </s>
Model prediction: </s>
=========================
Step 14700: train_loss = 4.131886, train_acc = 0.000000, train ppl = 3.964164
Step 14800: train_loss = 4.854671, train_acc = 0.000000, train ppl = 5.044123
Step 14900: train_loss = 5.094149, train_acc = 0.000000, train ppl = 5.463281
Step 15000: train_loss = 5.229614, train_acc = 0.000000, train ppl = 5.715631
Step 15100: train_loss = 4.785878, train_acc = 0.000000, train ppl = 4.929772
Step 15200: train_loss = 4.588076, train_acc = 0.000000, train ppl = 4.615215
Step 15300: train_loss = 4.980633, train_acc = 0.000000, train ppl = 5.260420
Step 15400: train_loss = 4.673780, train_acc = 0.000000, train ppl = 4.748965
Step 15500: train_loss = 4.555261, train_acc = 0.000000, train ppl = 4.565008
Step 15600: train_loss = 5.258389, train_acc = 0.000000, train ppl = 5.770716
Step 15700: train_loss = 4.896763, train_acc = 0.000000, train ppl = 5.115393
==== Finshed epoch 14 ====
Evaluating model...
Epoch 14: validation accuracy = 0.000000 -- validation perplexity = 4.936522
Epoch 14: test accuracy: 0.000000
---- Qualitative Analysis
Context: how do you go from the bathroom to the bedroom ? the bedroom is east of the garden . the office is east of the bathroom . the kitchen is south of the bedroom . the hallway is west of the bathroom . the bedroom is south of the office . how do you go from the bathroom to the bedroom ?
Question: how do you go from the bathroom to the bedroom ?
Answer: e s </s>
Model prediction: </s>
=========================
Step 15800: train_loss = 4.904237, train_acc = 0.000000, train ppl = 5.128153
Step 15900: train_loss = 4.380892, train_acc = 0.500000, train ppl = 4.307240
Step 16000: train_loss = 4.668755, train_acc = 0.000000, train ppl = 4.741016
Step 16100: train_loss = 4.786032, train_acc = 0.000000, train ppl = 4.930025
Step 16200: train_loss = 4.755497, train_acc = 0.000000, train ppl = 4.880100
Step 16300: train_loss = 4.781438, train_acc = 0.000000, train ppl = 4.922482
Step 16400: train_loss = 4.666965, train_acc = 0.000000, train ppl = 4.738188
Step 16500: train_loss = 4.730552, train_acc = 0.000000, train ppl = 4.839689
Step 16600: train_loss = 4.829311, train_acc = 0.000000, train ppl = 5.001663
Step 16700: train_loss = 5.161439, train_acc = 0.000000, train ppl = 5.587207
Step 16800: train_loss = 4.594353, train_acc = 0.000000, train ppl = 4.624882
==== Finshed epoch 15 ====
Evaluating model...
Epoch 15: validation accuracy = 0.000000 -- validation perplexity = 4.835404
Epoch 15: test accuracy: 0.000000
---- Qualitative Analysis
Context: how do you go from the garden to the bathroom ? the bathroom is south of the hallway . the bedroom is south of the bathroom . the kitchen is north of the hallway . the office is north of the garden . the hallway is west of the garden . how do you go from the garden to the bathroom ?
Question: how do you go from the garden to the bathroom ?
Answer: w s </s>
Model prediction: </s>
=========================
Step 16900: train_loss = 4.792859, train_acc = 0.000000, train ppl = 4.941256
Step 17000: train_loss = 4.887144, train_acc = 0.000000, train ppl = 5.099018
Step 17100: train_loss = 4.739177, train_acc = 0.000000, train ppl = 4.853624
Step 17200: train_loss = 4.612897, train_acc = 0.000000, train ppl = 4.653559
Step 17300: train_loss = 4.721389, train_acc = 0.000000, train ppl = 4.824930
Step 17400: train_loss = 4.610639, train_acc = 0.000000, train ppl = 4.650058
Step 17500: train_loss = 5.019551, train_acc = 0.000000, train ppl = 5.329108
Step 17600: train_loss = 4.602304, train_acc = 0.000000, train ppl = 4.637156
Step 17700: train_loss = 4.700920, train_acc = 0.000000, train ppl = 4.792121
Step 17800: train_loss = 5.307396, train_acc = 0.000000, train ppl = 5.865760
Step 17900: train_loss = 4.682848, train_acc = 0.000000, train ppl = 4.763341
Step 18000: train_loss = 4.789628, train_acc = 0.000000, train ppl = 4.935938
==== Finshed epoch 16 ====
Evaluating model...
Epoch 16: validation accuracy = 0.000000 -- validation perplexity = 5.002100
Epoch 16: test accuracy: 0.000000
---- Qualitative Analysis
Context: how do you go from the garden to the hallway ? the bedroom is north of the office . the bathroom is west of the hallway . the hallway is west of the bedroom . the garden is east of the bedroom . the kitchen is east of the garden . how do you go from the garden to the hallway ?
Question: how do you go from the garden to the hallway ?
Answer: w w </s>
Model prediction: </s>
=========================
Step 18100: train_loss = 4.541003, train_acc = 0.000000, train ppl = 4.543364
Step 18200: train_loss = 4.532008, train_acc = 0.000000, train ppl = 4.529762
Step 18300: train_loss = 4.720831, train_acc = 0.000000, train ppl = 4.824033
Step 18400: train_loss = 4.643401, train_acc = 0.000000, train ppl = 4.701118
Step 18500: train_loss = 4.889319, train_acc = 0.000000, train ppl = 5.102716
Step 18600: train_loss = 4.659362, train_acc = 0.000000, train ppl = 4.726196
Step 18700: train_loss = 5.384842, train_acc = 0.000000, train ppl = 6.019157
Step 18800: train_loss = 4.668392, train_acc = 0.000000, train ppl = 4.740444
Step 18900: train_loss = 4.881564, train_acc = 0.000000, train ppl = 5.089542
Step 19000: train_loss = 4.937794, train_acc = 0.000000, train ppl = 5.185837
Step 19100: train_loss = 4.632336, train_acc = 0.000000, train ppl = 4.683811
==== Finshed epoch 17 ====
Evaluating model...
Epoch 17: validation accuracy = 0.000000 -- validation perplexity = 4.895721
Epoch 17: test accuracy: 0.000000
---- Qualitative Analysis
Context: how do you go from the kitchen to the bathroom ? the bathroom is west of the bedroom . the garden is north of the kitchen . the bedroom is south of the hallway . the kitchen is east of the bedroom . the office is south of the bedroom . how do you go from the kitchen to the bathroom ?
Question: how do you go from the kitchen to the bathroom ?
Answer: w w </s>
Model prediction: </s>
=========================
Step 19200: train_loss = 4.779172, train_acc = 0.000000, train ppl = 4.918764
Step 19300: train_loss = 4.547751, train_acc = 0.000000, train ppl = 4.553596
Step 19400: train_loss = 4.376373, train_acc = 0.000000, train ppl = 4.300757
Step 19500: train_loss = 4.839512, train_acc = 0.000000, train ppl = 5.018698
Step 19600: train_loss = 4.922632, train_acc = 0.000000, train ppl = 5.159695
Step 19700: train_loss = 4.598949, train_acc = 0.000000, train ppl = 4.631974
Step 19800: train_loss = 4.997175, train_acc = 0.000000, train ppl = 5.289506
Step 19900: train_loss = 5.045951, train_acc = 0.000000, train ppl = 5.376210
Step 20000: train_loss = 4.831905, train_acc = 0.000000, train ppl = 5.005990
Step 20100: train_loss = 4.605891, train_acc = 0.000000, train ppl = 4.642704
Step 20200: train_loss = 4.664149, train_acc = 0.000000, train ppl = 4.733744
==== Finshed epoch 18 ====
Evaluating model...
Epoch 18: validation accuracy = 0.000000 -- validation perplexity = 4.969847
Epoch 18: test accuracy: 0.000000
---- Qualitative Analysis
Context: how do you go from the office to the bathroom ? the kitchen is south of the bedroom . the hallway is west of the office . the bathroom is south of the garden . the bedroom is east of the office . the bathroom is east of the bedroom . how do you go from the office to the bathroom ?
Question: how do you go from the office to the bathroom ?
Answer: e e </s>
Model prediction: </s>
=========================
Step 20300: train_loss = 4.811986, train_acc = 0.000000, train ppl = 4.972861
Step 20400: train_loss = 4.635487, train_acc = 0.000000, train ppl = 4.688732
Step 20500: train_loss = 4.049278, train_acc = 0.000000, train ppl = 3.856498
Step 20600: train_loss = 5.098280, train_acc = 0.000000, train ppl = 5.470810
Step 20700: train_loss = 5.015398, train_acc = 0.000000, train ppl = 5.321734
Step 20800: train_loss = 4.796578, train_acc = 0.000000, train ppl = 4.947386
Step 20900: train_loss = 5.056138, train_acc = 0.000000, train ppl = 5.394497
Step 21000: train_loss = 4.689709, train_acc = 0.000000, train ppl = 4.774247
Step 21100: train_loss = 5.308994, train_acc = 0.250000, train ppl = 5.868886
Step 21200: train_loss = 4.950633, train_acc = 0.000000, train ppl = 5.208078
Step 21300: train_loss = 4.972415, train_acc = 0.000000, train ppl = 5.246030
==== Finshed epoch 19 ====
Evaluating model...
Epoch 19: validation accuracy = 0.000000 -- validation perplexity = 5.196757
Epoch 19: test accuracy: 0.000000
---- Qualitative Analysis
Context: how do you go from the bedroom to the garden ? the kitchen is north of the garden . the bathroom is north of the bedroom . the hallway is west of the garden . the office is south of the bedroom . the garden is west of the office . how do you go from the bedroom to the garden ?
Question: how do you go from the bedroom to the garden ?
Answer: s w </s>
Model prediction: </s>
=========================
Step 21400: train_loss = 5.072326, train_acc = 0.000000, train ppl = 5.423685
Step 21500: train_loss = 4.636515, train_acc = 0.000000, train ppl = 4.690339
Step 21600: train_loss = 4.878544, train_acc = 0.000000, train ppl = 5.084422
Step 21700: train_loss = 4.714571, train_acc = 0.000000, train ppl = 4.813978
Step 21800: train_loss = 4.922166, train_acc = 0.000000, train ppl = 5.158893
Step 21900: train_loss = 4.546360, train_acc = 0.000000, train ppl = 4.551485
Step 22000: train_loss = 4.638307, train_acc = 0.000000, train ppl = 4.693141
Step 22100: train_loss = 4.565634, train_acc = 0.000000, train ppl = 4.580820
Step 22200: train_loss = 4.728622, train_acc = 0.000000, train ppl = 4.836577
Step 22300: train_loss = 4.819035, train_acc = 0.000000, train ppl = 4.984559
Step 22400: train_loss = 4.766551, train_acc = 0.000000, train ppl = 4.898115
Step 22500: train_loss = 4.835647, train_acc = 0.000000, train ppl = 5.012237
==== Finshed epoch 20 ====
Evaluating model...
Epoch 20: validation accuracy = 0.000000 -- validation perplexity = 4.872838
Epoch 20: test accuracy: 0.000000
---- Qualitative Analysis
Context: how do you go from the office to the bathroom ? the bedroom is north of the office . the bathroom is south of the garden . the hallway is west of the office . the bathroom is north of the hallway . the kitchen is east of the office . how do you go from the office to the bathroom ?
Question: how do you go from the office to the bathroom ?
Answer: w n </s>
Model prediction: </s>
=========================
Step 22600: train_loss = 4.837006, train_acc = 0.000000, train ppl = 5.014508
Step 22700: train_loss = 4.694381, train_acc = 0.000000, train ppl = 4.781688
Step 22800: train_loss = 5.045499, train_acc = 0.000000, train ppl = 5.375400
Step 22900: train_loss = 4.556551, train_acc = 0.000000, train ppl = 4.566972
Step 23000: train_loss = 4.760962, train_acc = 0.000000, train ppl = 4.888999
Step 23100: train_loss = 4.673476, train_acc = 0.000000, train ppl = 4.748484
Step 23200: train_loss = 4.626782, train_acc = 0.000000, train ppl = 4.675147
Step 23300: train_loss = 4.747217, train_acc = 0.000000, train ppl = 4.866649
Step 23400: train_loss = 4.648028, train_acc = 0.000000, train ppl = 4.708375
Step 23500: train_loss = 4.693456, train_acc = 0.000000, train ppl = 4.780213
Step 23600: train_loss = 4.740968, train_acc = 0.000000, train ppl = 4.856523
==== Finshed epoch 21 ====
Evaluating model...
Epoch 21: validation accuracy = 0.000000 -- validation perplexity = 4.777354
Epoch 21: test accuracy: 0.000000
---- Qualitative Analysis
Context: how do you go from the garden to the bathroom ? the kitchen is west of the garden . the garden is north of the hallway . the bathroom is north of the bedroom . the bedroom is east of the garden . the office is west of the bathroom . how do you go from the garden to the bathroom ?
Question: how do you go from the garden to the bathroom ?
Answer: e n </s>
Model prediction: </s>
=========================
Step 23700: train_loss = 4.671658, train_acc = 0.000000, train ppl = 4.745607
Step 23800: train_loss = 4.576106, train_acc = 0.000000, train ppl = 4.596838
Step 23900: train_loss = 4.458777, train_acc = 0.000000, train ppl = 4.420528
Step 24000: train_loss = 4.850961, train_acc = 0.000000, train ppl = 5.037889
Step 24100: train_loss = 4.828061, train_acc = 0.000000, train ppl = 4.999578
Step 24200: train_loss = 4.933259, train_acc = 0.000000, train ppl = 5.178004
Step 24300: train_loss = 5.212655, train_acc = 0.000000, train ppl = 5.683412
Step 24400: train_loss = 4.591898, train_acc = 0.437500, train ppl = 4.621099
Step 24500: train_loss = 4.948249, train_acc = 0.000000, train ppl = 5.203941
Step 24600: train_loss = 4.659245, train_acc = 0.000000, train ppl = 4.726013
Step 24700: train_loss = 4.552997, train_acc = 0.000000, train ppl = 4.561565
==== Finshed epoch 22 ====
Evaluating model...
Epoch 22: validation accuracy = 0.000000 -- validation perplexity = 4.840398
Epoch 22: test accuracy: 0.000000
---- Qualitative Analysis
Context: how do you go from the office to the hallway ? the bedroom is north of the office . the kitchen is north of the hallway . the hallway is north of the garden . the bathroom is west of the garden . the garden is west of the office . how do you go from the office to the hallway ?
Question: how do you go from the office to the hallway ?
Answer: w n </s>
Model prediction: </s>
=========================
Step 24800: train_loss = 4.909809, train_acc = 0.000000, train ppl = 5.137687
Step 24900: train_loss = 4.795850, train_acc = 0.000000, train ppl = 4.946186
Step 25000: train_loss = 4.753115, train_acc = 0.000000, train ppl = 4.876226
Step 25100: train_loss = 4.675835, train_acc = 0.000000, train ppl = 4.752219
Step 25200: train_loss = 4.705270, train_acc = 0.000000, train ppl = 4.799076
Step 25300: train_loss = 4.927230, train_acc = 0.000000, train ppl = 5.167608
Step 25400: train_loss = 5.001344, train_acc = 0.000000, train ppl = 5.296862
Step 25500: train_loss = 4.701650, train_acc = 0.000000, train ppl = 4.793288
Step 25600: train_loss = 4.783869, train_acc = 0.000000, train ppl = 4.926472
Step 25700: train_loss = 4.874157, train_acc = 0.000000, train ppl = 5.076993
Step 25800: train_loss = 4.857874, train_acc = 0.000000, train ppl = 5.049510
==== Finshed epoch 23 ====
Evaluating model...
Epoch 23: validation accuracy = 0.000000 -- validation perplexity = 4.893611
Epoch 23: test accuracy: 0.000000
---- Qualitative Analysis
Context: how do you go from the hallway to the kitchen ? the bedroom is west of the hallway . the kitchen is west of the bedroom . the bathroom is south of the hallway . the garden is north of the kitchen . the office is east of the hallway . how do you go from the hallway to the kitchen ?
Question: how do you go from the hallway to the kitchen ?
Answer: w w </s>
Model prediction: </s>
=========================
Step 25900: train_loss = 4.573146, train_acc = 0.000000, train ppl = 4.592305
Step 26000: train_loss = 4.516784, train_acc = 0.000000, train ppl = 4.506833
Step 26100: train_loss = 4.883043, train_acc = 0.000000, train ppl = 5.092053
Step 26200: train_loss = 4.813503, train_acc = 0.000000, train ppl = 4.975377
Step 26300: train_loss = 4.500154, train_acc = 0.000000, train ppl = 4.481919
Step 26400: train_loss = 4.983715, train_acc = 0.000000, train ppl = 5.265827
Step 26500: train_loss = 4.768901, train_acc = 0.000000, train ppl = 4.901952
Step 26600: train_loss = 4.709641, train_acc = 0.000000, train ppl = 4.806074
Step 26700: train_loss = 4.839019, train_acc = 0.000000, train ppl = 5.017873
Step 26800: train_loss = 4.876389, train_acc = 0.000000, train ppl = 5.080770
Step 26900: train_loss = 4.796070, train_acc = 0.000000, train ppl = 4.946548
Step 27000: train_loss = 4.794541, train_acc = 0.000000, train ppl = 4.944027
==== Finshed epoch 24 ====
Evaluating model...
Epoch 24: validation accuracy = 0.000000 -- validation perplexity = 5.102779
Epoch 24: test accuracy: 0.000000
---- Qualitative Analysis
Context: how do you go from the kitchen to the bathroom ? the kitchen is north of the hallway . the bedroom is south of the hallway . the garden is east of the hallway . the bathroom is north of the office . the bathroom is west of the hallway . how do you go from the kitchen to the bathroom ?
Question: how do you go from the kitchen to the bathroom ?
Answer: s w </s>
Model prediction: </s>
=========================
Step 27100: train_loss = 4.849765, train_acc = 0.000000, train ppl = 5.035880
Step 27200: train_loss = 4.626250, train_acc = 0.000000, train ppl = 4.674318
Step 27300: train_loss = 4.947859, train_acc = 0.000000, train ppl = 5.203265
Step 27400: train_loss = 4.686250, train_acc = 0.000000, train ppl = 4.768745
Step 27500: train_loss = 4.597640, train_acc = 0.000000, train ppl = 4.629952
Step 27600: train_loss = 4.792592, train_acc = 0.000000, train ppl = 4.940817
Step 27700: train_loss = 4.680142, train_acc = 0.000000, train ppl = 4.759048
Step 27800: train_loss = 4.677782, train_acc = 0.000000, train ppl = 4.755304
Step 27900: train_loss = 4.777564, train_acc = 0.000000, train ppl = 4.916128
Step 28000: train_loss = 5.224941, train_acc = 0.000000, train ppl = 5.706736
Step 28100: train_loss = 4.505834, train_acc = 0.000000, train ppl = 4.490412
==== Finshed epoch 25 ====
Evaluating model...
Epoch 25: validation accuracy = 0.000000 -- validation perplexity = 4.849742
Epoch 25: test accuracy: 0.000000
---- Qualitative Analysis
Context: how do you go from the kitchen to the office ? the bedroom is west of the kitchen . the hallway is north of the kitchen . the office is north of the bathroom . the hallway is west of the garden . the office is west of the hallway . how do you go from the kitchen to the office ?
Question: how do you go from the kitchen to the office ?
Answer: n w </s>
Model prediction: </s>
=========================
Step 28200: train_loss = 4.635309, train_acc = 0.000000, train ppl = 4.688455
Step 28300: train_loss = 4.905025, train_acc = 0.000000, train ppl = 5.129501
Step 28400: train_loss = 4.871467, train_acc = 0.000000, train ppl = 5.072441
Step 28500: train_loss = 4.729798, train_acc = 0.000000, train ppl = 4.838474
Step 28600: train_loss = 4.749615, train_acc = 0.000000, train ppl = 4.870542
Step 28700: train_loss = 4.922153, train_acc = 0.000000, train ppl = 5.158870
Step 28800: train_loss = 4.716470, train_acc = 0.000000, train ppl = 4.817026
Step 28900: train_loss = 4.629679, train_acc = 0.000000, train ppl = 4.679664
Step 29000: train_loss = 4.651862, train_acc = 0.000000, train ppl = 4.714396
Step 29100: train_loss = 4.780103, train_acc = 0.000000, train ppl = 4.920291
Step 29200: train_loss = 4.757366, train_acc = 0.000000, train ppl = 4.883141
==== Finshed epoch 26 ====
Evaluating model...
Epoch 26: validation accuracy = 0.000000 -- validation perplexity = 4.899624
Epoch 26: test accuracy: 0.000000
---- Qualitative Analysis
Context: how do you go from the hallway to the garden ? the bedroom is west of the office . the hallway is south of the kitchen . the office is south of the garden . the garden is west of the bathroom . the office is west of the hallway . how do you go from the hallway to the garden ?
Question: how do you go from the hallway to the garden ?
Answer: w n </s>
Model prediction: </s>
=========================
Step 29300: train_loss = 5.093516, train_acc = 0.000000, train ppl = 5.462129
Step 29400: train_loss = 5.068462, train_acc = 0.000000, train ppl = 5.416704
Step 29500: train_loss = 4.688354, train_acc = 0.000000, train ppl = 4.772092
Step 29600: train_loss = 5.228368, train_acc = 0.000000, train ppl = 5.713258
Step 29700: train_loss = 4.916084, train_acc = 0.000000, train ppl = 5.148445
Step 29800: train_loss = 4.915655, train_acc = 0.000000, train ppl = 5.147709
Step 29900: train_loss = 4.813574, train_acc = 0.000000, train ppl = 4.975494
Step 30000: train_loss = 4.661530, train_acc = 0.000000, train ppl = 4.729612
Step 30100: train_loss = 4.809495, train_acc = 0.000000, train ppl = 4.968734
Step 30200: train_loss = 4.685960, train_acc = 0.000000, train ppl = 4.768284
Step 30300: train_loss = 4.919359, train_acc = 0.000000, train ppl = 5.154068
==== Finshed epoch 27 ====
Evaluating model...
Epoch 27: validation accuracy = 0.000000 -- validation perplexity = 4.954181
Epoch 27: test accuracy: 0.000000
---- Qualitative Analysis
Context: how do you go from the bathroom to the office ? the garden is south of the bathroom . the office is west of the kitchen . the bathroom is east of the kitchen . the hallway is north of the bathroom . the kitchen is south of the bedroom . how do you go from the bathroom to the office ?
Question: how do you go from the bathroom to the office ?
Answer: w w </s>
Model prediction: </s>
=========================
Step 30400: train_loss = 5.262958, train_acc = 0.000000, train ppl = 5.779511
Step 30500: train_loss = 4.688296, train_acc = 0.000000, train ppl = 4.772000
Step 30600: train_loss = 5.015697, train_acc = 0.000000, train ppl = 5.322266
Step 30700: train_loss = 5.062344, train_acc = 0.000000, train ppl = 5.405667
Step 30800: train_loss = 4.779953, train_acc = 0.000000, train ppl = 4.920045
Step 30900: train_loss = 4.802026, train_acc = 0.000000, train ppl = 4.956378
Step 31000: train_loss = 4.567910, train_acc = 0.000000, train ppl = 4.584296
Step 31100: train_loss = 4.963916, train_acc = 0.000000, train ppl = 5.231189
Step 31200: train_loss = 4.890236, train_acc = 0.000000, train ppl = 5.104277
Step 31300: train_loss = 4.868546, train_acc = 0.000000, train ppl = 5.067506
Step 31400: train_loss = 4.991526, train_acc = 0.000000, train ppl = 5.279555
Step 31500: train_loss = 4.701442, train_acc = 0.000000, train ppl = 4.792956
==== Finshed epoch 28 ====
Evaluating model...
Epoch 28: validation accuracy = 0.000000 -- validation perplexity = 4.897201
Epoch 28: test accuracy: 0.000000
---- Qualitative Analysis
Context: how do you go from the hallway to the garden ? the bedroom is east of the office . the kitchen is west of the hallway . the office is south of the hallway . the office is east of the garden . the bathroom is west of the garden . how do you go from the hallway to the garden ?
Question: how do you go from the hallway to the garden ?
Answer: s w </s>
Model prediction: </s>
=========================
Step 31600: train_loss = 5.415143, train_acc = 0.000000, train ppl = 6.080261
Step 31700: train_loss = 4.665016, train_acc = 0.000000, train ppl = 4.735112
Step 31800: train_loss = 4.557890, train_acc = 0.000000, train ppl = 4.569011
Step 31900: train_loss = 4.802832, train_acc = 0.000000, train ppl = 4.957710
Step 32000: train_loss = 4.638817, train_acc = 0.000000, train ppl = 4.693940
Step 32100: train_loss = 4.705900, train_acc = 0.000000, train ppl = 4.800084
Step 32200: train_loss = 4.703630, train_acc = 0.000000, train ppl = 4.796453
Step 32300: train_loss = 4.790360, train_acc = 0.000000, train ppl = 4.937143
Step 32400: train_loss = 4.576028, train_acc = 0.000000, train ppl = 4.596719
Step 32500: train_loss = 4.835338, train_acc = 0.000000, train ppl = 5.011720
Step 32600: train_loss = 4.765292, train_acc = 0.000000, train ppl = 4.896060
==== Finshed epoch 29 ====
Evaluating model...
Epoch 29: validation accuracy = 0.000000 -- validation perplexity = 5.259203
Epoch 29: test accuracy: 0.000000
---- Qualitative Analysis
Context: how do you go from the bedroom to the office ? the office is south of the kitchen . the bedroom is west of the hallway . the garden is west of the bathroom . the bathroom is south of the bedroom . the bathroom is west of the office . how do you go from the bedroom to the office ?
Question: how do you go from the bedroom to the office ?
Answer: s e </s>
Model prediction: </s>
=========================
Step 32700: train_loss = 4.778922, train_acc = 0.000000, train ppl = 4.918355
Step 32800: train_loss = 4.738256, train_acc = 0.000000, train ppl = 4.852135
Step 32900: train_loss = 5.161929, train_acc = 0.000000, train ppl = 5.588121
Step 33000: train_loss = 5.038502, train_acc = 0.000000, train ppl = 5.362878
Step 33100: train_loss = 4.970007, train_acc = 0.000000, train ppl = 5.241822
Step 33200: train_loss = 4.605048, train_acc = 0.000000, train ppl = 4.641400
Step 33300: train_loss = 4.642006, train_acc = 0.000000, train ppl = 4.698932
Step 33400: train_loss = 5.184397, train_acc = 0.000000, train ppl = 5.630128
Step 33500: train_loss = 4.889554, train_acc = 0.000000, train ppl = 5.103116
Step 33600: train_loss = 4.745121, train_acc = 0.000000, train ppl = 4.863250
Step 33700: train_loss = 4.644200, train_acc = 0.000000, train ppl = 4.702370
==== Finshed epoch 30 ====
Evaluating model...
Epoch 30: validation accuracy = 0.000000 -- validation perplexity = 4.810109
Epoch 30: test accuracy: 0.000000
---- Qualitative Analysis
Context: how do you go from the garden to the hallway ? the kitchen is east of the garden . the bathroom is east of the kitchen . the hallway is south of the kitchen . the office is north of the kitchen . the bedroom is west of the garden . how do you go from the garden to the hallway ?
Question: how do you go from the garden to the hallway ?
Answer: e s </s>
Model prediction: </s>
=========================
Step 33800: train_loss = 4.824635, train_acc = 0.000000, train ppl = 4.993872
Step 33900: train_loss = 4.775668, train_acc = 0.000000, train ppl = 4.913023
Step 34000: train_loss = 4.618389, train_acc = 0.000000, train ppl = 4.662086
Step 34100: train_loss = 4.701971, train_acc = 0.000000, train ppl = 4.793801
Step 34200: train_loss = 4.892869, train_acc = 0.000000, train ppl = 5.108759
Step 34300: train_loss = 4.652057, train_acc = 0.000000, train ppl = 4.714702
Step 34400: train_loss = 4.730195, train_acc = 0.000000, train ppl = 4.839114
Step 34500: train_loss = 5.314424, train_acc = 0.125000, train ppl = 5.879516
Step 34600: train_loss = 4.773236, train_acc = 0.000000, train ppl = 4.909042
Step 34700: train_loss = 4.771268, train_acc = 0.000000, train ppl = 4.905822
Step 34800: train_loss = 4.908066, train_acc = 0.000000, train ppl = 5.134703
==== Finshed epoch 31 ====
Evaluating model...
Epoch 31: validation accuracy = 0.000000 -- validation perplexity = 5.199035
Epoch 31: test accuracy: 0.000000
---- Qualitative Analysis
Context: how do you go from the bathroom to the hallway ? the bedroom is east of the bathroom . the garden is south of the kitchen . the kitchen is south of the bathroom . the hallway is west of the kitchen . the office is east of the kitchen . how do you go from the bathroom to the hallway ?
Question: how do you go from the bathroom to the hallway ?
Answer: s w </s>
Model prediction: </s>
=========================
Step 34900: train_loss = 4.677155, train_acc = 0.000000, train ppl = 4.754310
Step 35000: train_loss = 5.606514, train_acc = 0.000000, train ppl = 6.480761
Step 35100: train_loss = 5.121290, train_acc = 0.000000, train ppl = 5.512932
Step 35200: train_loss = 4.685195, train_acc = 0.000000, train ppl = 4.767070
Step 35300: train_loss = 4.714885, train_acc = 0.250000, train ppl = 4.814481
Step 35400: train_loss = 4.689244, train_acc = 0.000000, train ppl = 4.773508
Step 35500: train_loss = 5.171125, train_acc = 0.000000, train ppl = 5.605277
Step 35600: train_loss = 4.651155, train_acc = 0.000000, train ppl = 4.713284
Step 35700: train_loss = 4.621974, train_acc = 0.000000, train ppl = 4.667661
Step 35800: train_loss = 4.584234, train_acc = 0.000000, train ppl = 4.609309
Step 35900: train_loss = 5.374904, train_acc = 0.000000, train ppl = 5.999251
Step 36000: train_loss = 4.880260, train_acc = 0.000000, train ppl = 5.087330
==== Finshed epoch 32 ====
Evaluating model...
Epoch 32: validation accuracy = 0.000000 -- validation perplexity = 4.954798
Epoch 32: test accuracy: 0.000000
---- Qualitative Analysis
Context: how do you go from the bedroom to the garden ? the garden is west of the kitchen . the hallway is west of the office . the bathroom is south of the garden . the office is south of the bedroom . the office is west of the garden . how do you go from the bedroom to the garden ?
Question: how do you go from the bedroom to the garden ?
Answer: s e </s>
Model prediction: </s>
=========================
Step 36100: train_loss = 5.025183, train_acc = 0.000000, train ppl = 5.339120
Step 36200: train_loss = 4.904874, train_acc = 0.000000, train ppl = 5.129243
Step 36300: train_loss = 4.532231, train_acc = 0.000000, train ppl = 4.530099
Step 36400: train_loss = 4.773705, train_acc = 0.000000, train ppl = 4.909810
Step 36500: train_loss = 4.778109, train_acc = 0.000000, train ppl = 4.917022
Step 36600: train_loss = 5.152858, train_acc = 0.000000, train ppl = 5.571249
Step 36700: train_loss = 4.689436, train_acc = 0.000000, train ppl = 4.773813
Step 36800: train_loss = 4.940300, train_acc = 0.000000, train ppl = 5.190171
Step 36900: train_loss = 4.727650, train_acc = 0.000000, train ppl = 4.835011
Step 37000: train_loss = 4.490539, train_acc = 0.000000, train ppl = 4.467577
Step 37100: train_loss = 4.777456, train_acc = 0.000000, train ppl = 4.915952
==== Finshed epoch 33 ====
Evaluating model...
Epoch 33: validation accuracy = 0.000000 -- validation perplexity = 4.964382
Epoch 33: test accuracy: 0.000000
---- Qualitative Analysis
Context: how do you go from the garden to the office ? the garden is north of the bedroom . the hallway is south of the bathroom . the office is north of the bathroom . the garden is west of the bathroom . the kitchen is west of the office . how do you go from the garden to the office ?
Question: how do you go from the garden to the office ?
Answer: e n </s>
Model prediction: </s>
=========================
Step 37200: train_loss = 5.068967, train_acc = 0.000000, train ppl = 5.417615
Step 37300: train_loss = 5.231397, train_acc = 0.000000, train ppl = 5.719028
Step 37400: train_loss = 4.783768, train_acc = 0.000000, train ppl = 4.926305
Step 37500: train_loss = 4.587761, train_acc = 0.000000, train ppl = 4.614731
Step 37600: train_loss = 4.603019, train_acc = 0.000000, train ppl = 4.638261
Step 37700: train_loss = 5.190063, train_acc = 0.000000, train ppl = 5.640773
Step 37800: train_loss = 4.800066, train_acc = 0.000000, train ppl = 4.953141
Step 37900: train_loss = 4.900119, train_acc = 0.000000, train ppl = 5.121119
Step 38000: train_loss = 4.638482, train_acc = 0.000000, train ppl = 4.693416
Step 38100: train_loss = 4.652253, train_acc = 0.000000, train ppl = 4.715010
Step 38200: train_loss = 4.555638, train_acc = 0.000000, train ppl = 4.565582
==== Finshed epoch 34 ====
Evaluating model...
Epoch 34: validation accuracy = 0.000000 -- validation perplexity = 4.835451
Epoch 34: test accuracy: 0.000000
---- Qualitative Analysis
Context: how do you go from the garden to the kitchen ? the office is east of the garden . the bedroom is south of the kitchen . the kitchen is east of the hallway . the hallway is east of the bathroom . the garden is south of the hallway . how do you go from the garden to the kitchen ?
Question: how do you go from the garden to the kitchen ?
Answer: n e </s>
Model prediction: </s>
=========================
Step 38300: train_loss = 5.357161, train_acc = 0.000000, train ppl = 5.963874
Step 38400: train_loss = 4.703593, train_acc = 0.000000, train ppl = 4.796394
Step 38500: train_loss = 4.697989, train_acc = 0.000000, train ppl = 4.787442
Step 38600: train_loss = 4.636760, train_acc = 0.000000, train ppl = 4.690722
Step 38700: train_loss = 4.818460, train_acc = 0.000000, train ppl = 4.983605
Step 38800: train_loss = 4.548213, train_acc = 0.000000, train ppl = 4.554297
Step 38900: train_loss = 5.544683, train_acc = 0.000000, train ppl = 6.348557
Step 39000: train_loss = 4.914666, train_acc = 0.000000, train ppl = 5.146011
Step 39100: train_loss = 4.544559, train_acc = 0.000000, train ppl = 4.548752
Step 39200: train_loss = 4.993492, train_acc = 0.000000, train ppl = 5.283017
Step 39300: train_loss = 4.864508, train_acc = 0.000000, train ppl = 5.060689
==== Finshed epoch 35 ====
Evaluating model...
Epoch 35: validation accuracy = 0.000000 -- validation perplexity = 4.900310
Epoch 35: test accuracy: 0.000000
---- Qualitative Analysis
Context: how do you go from the kitchen to the office ? the bathroom is south of the bedroom . the bedroom is west of the office . the hallway is north of the office . the kitchen is south of the garden . the kitchen is west of the bedroom . how do you go from the kitchen to the office ?
Question: how do you go from the kitchen to the office ?
Answer: e e </s>
Model prediction: </s>
=========================
Step 39400: train_loss = 4.532063, train_acc = 0.000000, train ppl = 4.529845
Step 39500: train_loss = 5.512567, train_acc = 0.000000, train ppl = 6.280956
Step 39600: train_loss = 4.760577, train_acc = 0.000000, train ppl = 4.888371
Step 39700: train_loss = 5.188496, train_acc = 0.000000, train ppl = 5.637826
Step 39800: train_loss = 4.878760, train_acc = 0.000000, train ppl = 5.084789
Step 39900: train_loss = 4.574515, train_acc = 0.000000, train ppl = 4.594401
Step 40000: train_loss = 4.531487, train_acc = 0.000000, train ppl = 4.528975
Step 40100: train_loss = 4.889482, train_acc = 0.000000, train ppl = 5.102993
Step 40200: train_loss = 4.656682, train_acc = 0.000000, train ppl = 4.721977
Step 40300: train_loss = 4.757766, train_acc = 0.000000, train ppl = 4.883793
Step 40400: train_loss = 4.910642, train_acc = 0.000000, train ppl = 5.139113
Step 40500: train_loss = 4.690872, train_acc = 0.000000, train ppl = 4.776099
==== Finshed epoch 36 ====
Evaluating model...
Epoch 36: validation accuracy = 0.000000 -- validation perplexity = 4.821104
Epoch 36: test accuracy: 0.000000
---- Qualitative Analysis
Context: how do you go from the office to the hallway ? the office is east of the kitchen . the kitchen is south of the hallway . the bathroom is west of the kitchen . the garden is south of the office . the bedroom is east of the office . how do you go from the office to the hallway ?
Question: how do you go from the office to the hallway ?
Answer: w n </s>
Model prediction: </s>
=========================
Step 40600: train_loss = 4.661150, train_acc = 0.000000, train ppl = 4.729014
Step 40700: train_loss = 4.744718, train_acc = 0.000000, train ppl = 4.862597
Step 40800: train_loss = 4.808919, train_acc = 0.000000, train ppl = 4.967780
Step 40900: train_loss = 4.601708, train_acc = 0.000000, train ppl = 4.636236
Step 41000: train_loss = 4.736816, train_acc = 0.000000, train ppl = 4.849807
Step 41100: train_loss = 4.642471, train_acc = 0.000000, train ppl = 4.699661
Step 41200: train_loss = 4.778236, train_acc = 0.000000, train ppl = 4.917230
Step 41300: train_loss = 4.737980, train_acc = 0.000000, train ppl = 4.851688
Step 41400: train_loss = 4.617008, train_acc = 0.000000, train ppl = 4.659941
Step 41500: train_loss = 4.920475, train_acc = 0.000000, train ppl = 5.155986
Step 41600: train_loss = 4.807864, train_acc = 0.000000, train ppl = 4.966033
==== Finshed epoch 37 ====
Evaluating model...
Epoch 37: validation accuracy = 0.000000 -- validation perplexity = 5.057867
Epoch 37: test accuracy: 0.000000
---- Qualitative Analysis
Context: how do you go from the kitchen to the bathroom ? the bathroom is north of the bedroom . the kitchen is west of the bedroom . the hallway is south of the bedroom . the bathroom is east of the garden . the kitchen is south of the office . how do you go from the kitchen to the bathroom ?
Question: how do you go from the kitchen to the bathroom ?
Answer: e n </s>
Model prediction: </s>
=========================
Step 41700: train_loss = 5.189868, train_acc = 0.000000, train ppl = 5.640406
Step 41800: train_loss = 5.198646, train_acc = 0.000000, train ppl = 5.656934
Step 41900: train_loss = 4.817727, train_acc = 0.000000, train ppl = 4.982387
Step 42000: train_loss = 4.609256, train_acc = 0.000000, train ppl = 4.647914
Step 42100: train_loss = 4.777515, train_acc = 0.000000, train ppl = 4.916049
Step 42200: train_loss = 4.606492, train_acc = 0.000000, train ppl = 4.643634
Step 42300: train_loss = 4.701959, train_acc = 0.000000, train ppl = 4.793781
Step 42400: train_loss = 4.914707, train_acc = 0.000000, train ppl = 5.146081
Step 42500: train_loss = 4.525634, train_acc = 0.000000, train ppl = 4.520147
Step 42600: train_loss = 4.783515, train_acc = 0.000000, train ppl = 4.925890
Step 42700: train_loss = 4.948090, train_acc = 0.000000, train ppl = 5.203665
==== Finshed epoch 38 ====
Evaluating model...
Epoch 38: validation accuracy = 0.000000 -- validation perplexity = 4.801517
Epoch 38: test accuracy: 0.000000
---- Qualitative Analysis
Context: how do you go from the bedroom to the kitchen ? the bedroom is north of the bathroom . the bedroom is south of the hallway . the garden is east of the kitchen . the office is west of the kitchen . the kitchen is north of the hallway . how do you go from the bedroom to the kitchen ?
Question: how do you go from the bedroom to the kitchen ?
Answer: n n </s>
Model prediction: </s>
=========================
Step 42800: train_loss = 4.558280, train_acc = 0.000000, train ppl = 4.569603
Step 42900: train_loss = 4.736250, train_acc = 0.000000, train ppl = 4.848892
Step 43000: train_loss = 4.718545, train_acc = 0.000000, train ppl = 4.820359
Step 43100: train_loss = 5.676571, train_acc = 0.000000, train ppl = 6.633884
Step 43200: train_loss = 4.973926, train_acc = 0.000000, train ppl = 5.248672
Step 43300: train_loss = 4.374567, train_acc = 0.000000, train ppl = 4.298169
Step 43400: train_loss = 5.143518, train_acc = 0.000000, train ppl = 5.553931
Step 43500: train_loss = 4.895550, train_acc = 0.000000, train ppl = 5.113325
Step 43600: train_loss = 4.644212, train_acc = 0.000000, train ppl = 4.702390
Step 43700: train_loss = 4.959247, train_acc = 0.000000, train ppl = 5.223054
Step 43800: train_loss = 4.743292, train_acc = 0.000000, train ppl = 4.860286
==== Finshed epoch 39 ====
Evaluating model...
Epoch 39: validation accuracy = 0.000000 -- validation perplexity = 5.019160
Epoch 39: test accuracy: 0.000000
---- Qualitative Analysis
Context: how do you go from the bathroom to the office ? the garden is south of the bathroom . the office is west of the kitchen . the bathroom is east of the kitchen . the hallway is north of the bathroom . the kitchen is south of the bedroom . how do you go from the bathroom to the office ?
Question: how do you go from the bathroom to the office ?
Answer: w w </s>
Model prediction: </s>
=========================
Step 43900: train_loss = 4.636566, train_acc = 0.000000, train ppl = 4.690420
Step 44000: train_loss = 4.827628, train_acc = 0.000000, train ppl = 4.998857
Step 44100: train_loss = 4.925179, train_acc = 0.000000, train ppl = 5.164078
Step 44200: train_loss = 4.703986, train_acc = 0.000000, train ppl = 4.797021
Step 44300: train_loss = 4.629976, train_acc = 0.000000, train ppl = 4.680127
Step 44400: train_loss = 5.411093, train_acc = 0.000000, train ppl = 6.072058
Step 44500: train_loss = 4.975175, train_acc = 0.000000, train ppl = 5.250858
Step 44600: train_loss = 5.434362, train_acc = 0.000000, train ppl = 6.119339
Step 44700: train_loss = 4.778818, train_acc = 0.000000, train ppl = 4.918184
Step 44800: train_loss = 4.477706, train_acc = 0.000000, train ppl = 4.448507
Step 44900: train_loss = 4.940695, train_acc = 0.000000, train ppl = 5.190854
Step 45000: train_loss = 5.158999, train_acc = 0.000000, train ppl = 5.582665
==== Finshed epoch 40 ====
Evaluating model...
Epoch 40: validation accuracy = 0.000000 -- validation perplexity = 5.191169
Epoch 40: test accuracy: 0.000000
---- Qualitative Analysis
Context: how do you go from the bathroom to the office ? the bedroom is south of the office . the office is east of the kitchen . the hallway is west of the bathroom . the garden is north of the kitchen . the bathroom is south of the kitchen . how do you go from the bathroom to the office ?
Question: how do you go from the bathroom to the office ?
Answer: n e </s>
Model prediction: </s>
=========================
Step 45100: train_loss = 4.682980, train_acc = 0.000000, train ppl = 4.763551
Step 45200: train_loss = 4.661728, train_acc = 0.000000, train ppl = 4.729925
Step 45300: train_loss = 4.822805, train_acc = 0.000000, train ppl = 4.990828
Step 45400: train_loss = 4.708681, train_acc = 0.000000, train ppl = 4.804536
Step 45500: train_loss = 4.553749, train_acc = 0.000000, train ppl = 4.562707
Step 45600: train_loss = 4.744206, train_acc = 0.000000, train ppl = 4.861768
Step 45700: train_loss = 4.872257, train_acc = 0.000000, train ppl = 5.073778
Step 45800: train_loss = 4.752176, train_acc = 0.000000, train ppl = 4.874701
Step 45900: train_loss = 4.568749, train_acc = 0.000000, train ppl = 4.585579
Step 46000: train_loss = 4.992574, train_acc = 0.000000, train ppl = 5.281400
Step 46100: train_loss = 5.117499, train_acc = 0.000000, train ppl = 5.505970
==== Finshed epoch 41 ====
Evaluating model...
Epoch 41: validation accuracy = 0.000000 -- validation perplexity = 5.132809
Epoch 41: test accuracy: 0.000000
---- Qualitative Analysis
Context: how do you go from the office to the hallway ? the office is south of the bathroom . the bedroom is west of the hallway . the garden is east of the office . the hallway is north of the kitchen . the kitchen is west of the office . how do you go from the office to the hallway ?
Question: how do you go from the office to the hallway ?
Answer: w n </s>
Model prediction: </s>
=========================
Step 46200: train_loss = 4.490406, train_acc = 0.000000, train ppl = 4.467380
Step 46300: train_loss = 4.825802, train_acc = 0.000000, train ppl = 4.995815
Step 46400: train_loss = 4.861489, train_acc = 0.000000, train ppl = 5.055599
Step 46500: train_loss = 4.448402, train_acc = 0.000000, train ppl = 4.405267
Step 46600: train_loss = 4.673432, train_acc = 0.000000, train ppl = 4.748414
Step 46700: train_loss = 4.713428, train_acc = 0.000000, train ppl = 4.812144
Step 46800: train_loss = 4.582946, train_acc = 0.000000, train ppl = 4.607330
Step 46900: train_loss = 4.607892, train_acc = 0.000000, train ppl = 4.645802
Step 47000: train_loss = 4.852256, train_acc = 0.000000, train ppl = 5.040063
Step 47100: train_loss = 4.623473, train_acc = 0.000000, train ppl = 4.669994
Step 47200: train_loss = 4.784123, train_acc = 0.000000, train ppl = 4.926889
==== Finshed epoch 42 ====
Evaluating model...
Epoch 42: validation accuracy = 0.000000 -- validation perplexity = 5.037936
Epoch 42: test accuracy: 0.000000
---- Qualitative Analysis
Context: how do you go from the bathroom to the bedroom ? the hallway is east of the kitchen . the office is north of the bathroom . the garden is west of the bedroom . the bathroom is east of the hallway . the bedroom is north of the hallway . how do you go from the bathroom to the bedroom ?
Question: how do you go from the bathroom to the bedroom ?
Answer: w n </s>
Model prediction: </s>
=========================
Step 47300: train_loss = 4.697268, train_acc = 0.000000, train ppl = 4.786291
Step 47400: train_loss = 4.925437, train_acc = 0.187500, train ppl = 5.164521
Step 47500: train_loss = 4.477679, train_acc = 0.000000, train ppl = 4.448468
Step 47600: train_loss = 5.246639, train_acc = 0.000000, train ppl = 5.748160
Step 47700: train_loss = 4.539066, train_acc = 0.000000, train ppl = 4.540431
Step 47800: train_loss = 4.355564, train_acc = 0.000000, train ppl = 4.271029
Step 47900: train_loss = 4.674053, train_acc = 0.000000, train ppl = 4.749397
Step 48000: train_loss = 4.619266, train_acc = 0.000000, train ppl = 4.663449
Step 48100: train_loss = 5.216706, train_acc = 0.187500, train ppl = 5.691092
Step 48200: train_loss = 4.857546, train_acc = 0.000000, train ppl = 5.048959
Step 48300: train_loss = 4.704123, train_acc = 0.000000, train ppl = 4.797240
==== Finshed epoch 43 ====
Evaluating model...
Epoch 43: validation accuracy = 0.000000 -- validation perplexity = 4.803736
Epoch 43: test accuracy: 0.000000
---- Qualitative Analysis
Context: how do you go from the office to the garden ? the kitchen is north of the bathroom . the hallway is south of the office . the bedroom is south of the garden . the garden is south of the bathroom . the office is east of the bathroom . how do you go from the office to the garden ?
Question: how do you go from the office to the garden ?
Answer: w s </s>
Model prediction: </s>
=========================
Step 48400: train_loss = 4.705146, train_acc = 0.000000, train ppl = 4.798877
Step 48500: train_loss = 4.826906, train_acc = 0.000000, train ppl = 4.997654
Step 48600: train_loss = 4.772471, train_acc = 0.000000, train ppl = 4.907790
Step 48700: train_loss = 5.236828, train_acc = 0.187500, train ppl = 5.729391
Step 48800: train_loss = 4.624629, train_acc = 0.000000, train ppl = 4.671793
Step 48900: train_loss = 4.798427, train_acc = 0.000000, train ppl = 4.950435
Step 49000: train_loss = 5.055743, train_acc = 0.000000, train ppl = 5.393787
Step 49100: train_loss = 5.251153, train_acc = 0.000000, train ppl = 5.756815
Step 49200: train_loss = 4.668868, train_acc = 0.000000, train ppl = 4.741196
Step 49300: train_loss = 4.736052, train_acc = 0.000000, train ppl = 4.848571
Step 49400: train_loss = 4.879910, train_acc = 0.000000, train ppl = 5.086737
Step 49500: train_loss = 4.819691, train_acc = 0.000000, train ppl = 4.985650
==== Finshed epoch 44 ====
Evaluating model...
Epoch 44: validation accuracy = 0.000000 -- validation perplexity = 4.981264
Epoch 44: test accuracy: 0.000000
---- Qualitative Analysis
Context: how do you go from the bedroom to the kitchen ? the garden is north of the kitchen . the bathroom is east of the hallway . the hallway is east of the bedroom . the bedroom is south of the office . the hallway is south of the kitchen . how do you go from the bedroom to the kitchen ?
Question: how do you go from the bedroom to the kitchen ?
Answer: e n </s>
Model prediction: </s>
=========================
Step 49600: train_loss = 4.693713, train_acc = 0.000000, train ppl = 4.780623
Step 49700: train_loss = 5.043242, train_acc = 0.000000, train ppl = 5.371356
Step 49800: train_loss = 4.907363, train_acc = 0.000000, train ppl = 5.133500
Step 49900: train_loss = 4.646290, train_acc = 0.000000, train ppl = 4.705647
Step 50000: train_loss = 4.827338, train_acc = 0.000000, train ppl = 4.998374
Step 50100: train_loss = 4.724727, train_acc = 0.000000, train ppl = 4.830301
Step 50200: train_loss = 4.839224, train_acc = 0.000000, train ppl = 5.018218
Step 50300: train_loss = 4.799041, train_acc = 0.000000, train ppl = 4.951449
Step 50400: train_loss = 4.714285, train_acc = 0.000000, train ppl = 4.813519
Step 50500: train_loss = 5.340127, train_acc = 0.000000, train ppl = 5.930107
Step 50600: train_loss = 4.772127, train_acc = 0.000000, train ppl = 4.907228
==== Finshed epoch 45 ====
Evaluating model...
Epoch 45: validation accuracy = 0.000000 -- validation perplexity = 5.106287
Epoch 45: test accuracy: 0.000000
---- Qualitative Analysis
Context: how do you go from the garden to the office ? the bedroom is north of the hallway . the garden is west of the hallway . the garden is north of the bathroom . the office is south of the kitchen . the office is east of the hallway . how do you go from the garden to the office ?
Question: how do you go from the garden to the office ?
Answer: e e </s>
Model prediction: </s>
=========================
Step 50700: train_loss = 4.934118, train_acc = 0.250000, train ppl = 5.179486
Step 50800: train_loss = 4.900707, train_acc = 0.000000, train ppl = 5.122124
Step 50900: train_loss = 5.712620, train_acc = 0.000000, train ppl = 6.714079
Step 51000: train_loss = 4.578946, train_acc = 0.000000, train ppl = 4.601192
Step 51100: train_loss = 4.939352, train_acc = 0.000000, train ppl = 5.188531
Step 51200: train_loss = 4.457854, train_acc = 0.000000, train ppl = 4.419168
Step 51300: train_loss = 4.598921, train_acc = 0.000000, train ppl = 4.631930
Step 51400: train_loss = 4.748815, train_acc = 0.000000, train ppl = 4.869242
Step 51500: train_loss = 4.762802, train_acc = 0.312500, train ppl = 4.891997
Step 51600: train_loss = 4.735024, train_acc = 0.000000, train ppl = 4.846910
Step 51700: train_loss = 4.503860, train_acc = 0.000000, train ppl = 4.487459
==== Finshed epoch 46 ====
Evaluating model...
Epoch 46: validation accuracy = 0.000000 -- validation perplexity = 4.932437
Epoch 46: test accuracy: 0.000000
---- Qualitative Analysis
Context: how do you go from the bedroom to the bathroom ? the bathroom is east of the kitchen . the garden is north of the bedroom . the hallway is west of the kitchen . the kitchen is south of the bedroom . the bathroom is north of the office . how do you go from the bedroom to the bathroom ?
Question: how do you go from the bedroom to the bathroom ?
Answer: s e </s>
Model prediction: </s>
=========================
Step 51800: train_loss = 5.053234, train_acc = 0.000000, train ppl = 5.389278
Step 51900: train_loss = 5.099689, train_acc = 0.000000, train ppl = 5.473379
Step 52000: train_loss = 4.719379, train_acc = 0.000000, train ppl = 4.821700
Step 52100: train_loss = 4.691057, train_acc = 0.000000, train ppl = 4.776393
Step 52200: train_loss = 4.812894, train_acc = 0.000000, train ppl = 4.974366
Step 52300: train_loss = 4.737864, train_acc = 0.000000, train ppl = 4.851501
Step 52400: train_loss = 4.892117, train_acc = 0.000000, train ppl = 5.107477
Step 52500: train_loss = 4.861024, train_acc = 0.000000, train ppl = 5.054815
Step 52600: train_loss = 4.931146, train_acc = 0.000000, train ppl = 5.174358
Step 52700: train_loss = 4.594348, train_acc = 0.000000, train ppl = 4.624875
Step 52800: train_loss = 4.647076, train_acc = 0.000000, train ppl = 4.706880
==== Finshed epoch 47 ====
Evaluating model...
Epoch 47: validation accuracy = 0.000000 -- validation perplexity = 5.039994
Epoch 47: test accuracy: 0.000000
---- Qualitative Analysis
Context: how do you go from the kitchen to the bedroom ? the kitchen is east of the garden . the bedroom is west of the garden . the kitchen is north of the bathroom . the office is north of the bedroom . the hallway is west of the bedroom . how do you go from the kitchen to the bedroom ?
Question: how do you go from the kitchen to the bedroom ?
Answer: w w </s>
Model prediction: </s>
=========================
Step 52900: train_loss = 6.181491, train_acc = 0.000000, train ppl = 7.849871
Step 53000: train_loss = 5.141820, train_acc = 0.250000, train ppl = 5.550789
Step 53100: train_loss = 5.369987, train_acc = 0.000000, train ppl = 5.989426
Step 53200: train_loss = 4.881349, train_acc = 0.000000, train ppl = 5.089178
Step 53300: train_loss = 4.742535, train_acc = 0.000000, train ppl = 4.859060
Step 53400: train_loss = 5.451681, train_acc = 0.000000, train ppl = 6.154767
Step 53500: train_loss = 4.665329, train_acc = 0.000000, train ppl = 4.735606
Step 53600: train_loss = 4.949810, train_acc = 0.000000, train ppl = 5.206649
Step 53700: train_loss = 4.679389, train_acc = 0.000000, train ppl = 4.757852
Step 53800: train_loss = 4.447576, train_acc = 0.000000, train ppl = 4.404053
Step 53900: train_loss = 4.561452, train_acc = 0.000000, train ppl = 4.574439
Step 54000: train_loss = 4.662128, train_acc = 0.000000, train ppl = 4.730556
==== Finshed epoch 48 ====
Evaluating model...
Epoch 48: validation accuracy = 0.000000 -- validation perplexity = 4.781177
Epoch 48: test accuracy: 0.000000
---- Qualitative Analysis
Context: how do you go from the garden to the kitchen ? the hallway is east of the kitchen . the garden is south of the office . the bedroom is west of the garden . the bathroom is west of the bedroom . the bedroom is north of the kitchen . how do you go from the garden to the kitchen ?
Question: how do you go from the garden to the kitchen ?
Answer: w s </s>
Model prediction: </s>
=========================
Step 54100: train_loss = 4.659385, train_acc = 0.000000, train ppl = 4.726232
Step 54200: train_loss = 4.552407, train_acc = 0.000000, train ppl = 4.560668
Step 54300: train_loss = 4.702239, train_acc = 0.000000, train ppl = 4.794230
Step 54400: train_loss = 4.744869, train_acc = 0.000000, train ppl = 4.862842
Step 54500: train_loss = 4.619773, train_acc = 0.000000, train ppl = 4.664238
Step 54600: train_loss = 4.902107, train_acc = 0.000000, train ppl = 5.124514
Step 54700: train_loss = 4.703889, train_acc = 0.000000, train ppl = 4.796867
Step 54800: train_loss = 4.660013, train_acc = 0.000000, train ppl = 4.727222
Step 54900: train_loss = 4.563295, train_acc = 0.000000, train ppl = 4.577250
Step 55000: train_loss = 5.173036, train_acc = 0.000000, train ppl = 5.608847
Step 55100: train_loss = 4.697582, train_acc = 0.000000, train ppl = 4.786793
==== Finshed epoch 49 ====
Evaluating model...
Epoch 49: validation accuracy = 0.000000 -- validation perplexity = 4.792206
Epoch 49: test accuracy: 0.000000
---- Qualitative Analysis
Context: how do you go from the kitchen to the hallway ? the bathroom is north of the hallway . the office is east of the hallway . the garden is south of the hallway . the kitchen is east of the office . the bedroom is north of the office . how do you go from the kitchen to the hallway ?
Question: how do you go from the kitchen to the hallway ?
Answer: w w </s>
Model prediction: </s>
=========================
Step 55200: train_loss = 4.798869, train_acc = 0.000000, train ppl = 4.951166
Step 55300: train_loss = 4.725900, train_acc = 0.000000, train ppl = 4.832191
Step 55400: train_loss = 4.761867, train_acc = 0.000000, train ppl = 4.890472
Step 55500: train_loss = 4.691764, train_acc = 0.000000, train ppl = 4.777519
Step 55600: train_loss = 4.787687, train_acc = 0.000000, train ppl = 4.932745
Step 55700: train_loss = 4.672484, train_acc = 0.000000, train ppl = 4.746914
Step 55800: train_loss = 4.852455, train_acc = 0.000000, train ppl = 5.040398
Step 55900: train_loss = 4.726540, train_acc = 0.000000, train ppl = 4.833222
Step 56000: train_loss = 4.625391, train_acc = 0.000000, train ppl = 4.672980
Step 56100: train_loss = 4.880670, train_acc = 0.000000, train ppl = 5.088026
Step 56200: train_loss = 4.735036, train_acc = 0.000000, train ppl = 4.846929
==== Finshed epoch 50 ====
Evaluating model...
Epoch 50: validation accuracy = 0.000000 -- validation perplexity = 4.842913
Epoch 50: test accuracy: 0.000000
---- Qualitative Analysis
Context: how do you go from the bedroom to the bathroom ? the hallway is west of the office . the bathroom is west of the kitchen . the garden is west of the bedroom . the hallway is north of the bedroom . the bathroom is north of the hallway . how do you go from the bedroom to the bathroom ?
Question: how do you go from the bedroom to the bathroom ?
Answer: n n </s>
Model prediction: </s>
=========================
Best model (acc) at epoch 5 -- validation perplexity = 5.201273 -- validation accuracy = 0.269000 -- test accuracy = 0.243500
0.269
