encoder_type:             bi
num_epochs:               50
batch_size:               32
vocab:                    data/vocab.txt
model_type:               attention
num_enc_layers:           1
optimizer:                adam
learning_rate:            0.005
max_gradient_norm:        1.0
cell_type:                gru
data_dir:                 data/en-10k
model_dir:                models/dummy
restore_from_dir:         None
val_split:                0.1
task:                     18
dropout_keep_prob:        0.7
merge_mode:               concat
num_units:                256
embedding_size:           256
Loading data...
vocabulary size = 487
Building model...
Running initializers...
Creating summary writers...
Performing evaluation before training...
---- Qualitative Analysis
Context: does the chocolate fit in the box ? the suitcase is bigger than the chocolate . the box of chocolates fits inside the chest . the suitcase fits inside the box . the box is bigger than the chocolate . the chest fits inside the box . does the chocolate fit in the box ?
Question: does the chocolate fit in the box ?
Answer: yes </s>
Model prediction: 64 64 64 64 64 64 64 64 64 64
=========================
Step 100: train_loss = 0.747097, train_acc = 0.531250, train ppl = 1.452881
Step 200: train_loss = 0.463774, train_acc = 0.750000, train ppl = 1.260978
==== Finshed epoch 1 ====
Evaluating model...
Epoch 1: validation accuracy = 0.704000 -- validation perplexity = 1.258680
Epoch 1: test accuracy: 0.709000
---- Qualitative Analysis
Context: does the chocolate fit in the box ? the suitcase is bigger than the container . the chest is bigger than the container . the box of chocolates fits inside the box . the chocolate fits inside the box of chocolates . the chocolate fits inside the suitcase . does the chocolate fit in the box ?
Question: does the chocolate fit in the box ?
Answer: yes </s>
Model prediction: no </s>
=========================
Model checkpoint saved in models/dummy/best_model.ckpt
Step 300: train_loss = 0.255829, train_acc = 0.937500, train ppl = 1.136456
Step 400: train_loss = 0.434725, train_acc = 0.843750, train ppl = 1.242794
Step 500: train_loss = 0.246733, train_acc = 0.906250, train ppl = 1.131299
==== Finshed epoch 2 ====
Evaluating model...
Epoch 2: validation accuracy = 0.704000 -- validation perplexity = 1.257173
Epoch 2: test accuracy: 0.709000
---- Qualitative Analysis
Context: does the container fit in the box ? the suitcase is bigger than the container . the chocolate fits inside the chest . the chocolate fits inside the container . the suitcase fits inside the box . the chocolate fits inside the suitcase . does the container fit in the box ?
Question: does the container fit in the box ?
Answer: yes </s>
Model prediction: no </s>
=========================
Step 600: train_loss = 0.134940, train_acc = 0.968750, train ppl = 1.069798
Step 700: train_loss = 0.388595, train_acc = 0.843750, train ppl = 1.214458
Step 800: train_loss = 0.206641, train_acc = 0.937500, train ppl = 1.108847
==== Finshed epoch 3 ====
Evaluating model...
Epoch 3: validation accuracy = 0.909000 -- validation perplexity = 1.124140
Epoch 3: test accuracy: 0.914000
---- Qualitative Analysis
Context: does the box of chocolates fit in the suitcase ? the suitcase is bigger than the chocolate . the box of chocolates fits inside the chest . the box is bigger than the box of chocolates . the suitcase is bigger than the chest . the suitcase is bigger than the chocolate . does the box of chocolates fit in the suitcase ?
Question: does the box of chocolates fit in the suitcase ?
Answer: yes </s>
Model prediction: yes </s>
=========================
Model checkpoint saved in models/dummy/best_model.ckpt
Step 900: train_loss = 0.229269, train_acc = 0.906250, train ppl = 1.121463
Step 1000: train_loss = 0.091485, train_acc = 0.937500, train ppl = 1.046805
Step 1100: train_loss = 0.042988, train_acc = 0.968750, train ppl = 1.021727
==== Finshed epoch 4 ====
Evaluating model...
Epoch 4: validation accuracy = 0.912000 -- validation perplexity = 1.087122
Epoch 4: test accuracy: 0.894000
---- Qualitative Analysis
Context: does the chocolate fit in the chest ? the container is bigger than the box of chocolates . the chocolate fits inside the box . the box fits inside the chest . the container is bigger than the suitcase . the box is bigger than the box of chocolates . does the chocolate fit in the chest ?
Question: does the chocolate fit in the chest ?
Answer: yes </s>
Model prediction: yes </s>
=========================
Model checkpoint saved in models/dummy/best_model.ckpt
Step 1200: train_loss = 0.098532, train_acc = 0.937500, train ppl = 1.050500
Step 1300: train_loss = 0.096319, train_acc = 0.937500, train ppl = 1.049338
Step 1400: train_loss = 0.160980, train_acc = 0.906250, train ppl = 1.083818
==== Finshed epoch 5 ====
Evaluating model...
Epoch 5: validation accuracy = 0.912000 -- validation perplexity = 1.095222
Epoch 5: test accuracy: 0.894000
---- Qualitative Analysis
Context: does the box fit in the suitcase ? the chocolate fits inside the container . the chest fits inside the box . the container fits inside the box . the chocolate fits inside the box of chocolates . the chest is bigger than the suitcase . does the box fit in the suitcase ?
Question: does the box fit in the suitcase ?
Answer: no </s>
Model prediction: yes </s>
=========================
Step 1500: train_loss = 0.084970, train_acc = 0.937500, train ppl = 1.043401
Step 1600: train_loss = 0.131747, train_acc = 0.906250, train ppl = 1.068092
==== Finshed epoch 6 ====
Evaluating model...
Epoch 6: validation accuracy = 0.909000 -- validation perplexity = 1.090283
Epoch 6: test accuracy: 0.914000
---- Qualitative Analysis
Context: is the box of chocolates bigger than the chest ? the box is bigger than the box of chocolates . the chocolate fits inside the chest . the box of chocolates fits inside the box . the container is bigger than the chocolate . the box is bigger than the chocolate . the suitcase fits inside the chest . the chest is bigger than the suitcase . the chest is bigger than the chocolate . the chocolate fits inside the box of chocolates . the container is bigger than the box of chocolates . the chocolate fits inside the box of chocolates . the box of chocolates fits inside the chest . the suitcase fits inside the box . the suitcase is bigger than the box of chocolates . the box is bigger than the box of chocolates . is the box of chocolates bigger than the chest ?
Question: is the box of chocolates bigger than the chest ?
Answer: no </s>
Model prediction: no </s>
=========================
Step 1700: train_loss = 0.082837, train_acc = 0.937500, train ppl = 1.042288
Step 1800: train_loss = 0.224673, train_acc = 0.875000, train ppl = 1.118889
Step 1900: train_loss = 0.157566, train_acc = 0.843750, train ppl = 1.081970
==== Finshed epoch 7 ====
Evaluating model...
Epoch 7: validation accuracy = 0.912000 -- validation perplexity = 1.084550
Epoch 7: test accuracy: 0.894000
---- Qualitative Analysis
Context: is the chocolate bigger than the box ? the box of chocolates fits inside the box . the box of chocolates fits inside the box . the box of chocolates is bigger than the chocolate . the box of chocolates fits inside the box . the chocolate fits inside the chest . is the chocolate bigger than the box ?
Question: is the chocolate bigger than the box ?
Answer: no </s>
Model prediction: no </s>
=========================
Step 2000: train_loss = 0.136299, train_acc = 0.906250, train ppl = 1.070525
Step 2100: train_loss = 0.113692, train_acc = 0.906250, train ppl = 1.058493
Step 2200: train_loss = 0.071419, train_acc = 1.000000, train ppl = 1.036355
==== Finshed epoch 8 ====
Evaluating model...
Epoch 8: validation accuracy = 0.910000 -- validation perplexity = 1.071924
Epoch 8: test accuracy: 0.910000
---- Qualitative Analysis
Context: does the container fit in the chocolate ? the box fits inside the container . the suitcase is bigger than the box of chocolates . the box is bigger than the chocolate . the chest is bigger than the box of chocolates . the container is bigger than the chocolate . does the container fit in the chocolate ?
Question: does the container fit in the chocolate ?
Answer: no </s>
Model prediction: no </s>
=========================
Step 2300: train_loss = 0.149832, train_acc = 0.906250, train ppl = 1.077794
Step 2400: train_loss = 0.027265, train_acc = 1.000000, train ppl = 1.013726
Step 2500: train_loss = 0.189772, train_acc = 0.906250, train ppl = 1.099534
==== Finshed epoch 9 ====
Evaluating model...
Epoch 9: validation accuracy = 0.909000 -- validation perplexity = 1.141783
Epoch 9: test accuracy: 0.914000
---- Qualitative Analysis
Context: is the chocolate bigger than the suitcase ? the chocolate fits inside the container . the chocolate fits inside the box of chocolates . the chocolate fits inside the chest . the suitcase is bigger than the box of chocolates . the chocolate fits inside the suitcase . is the chocolate bigger than the suitcase ?
Question: is the chocolate bigger than the suitcase ?
Answer: no </s>
Model prediction: no </s>
=========================
Step 2600: train_loss = 0.102950, train_acc = 0.968750, train ppl = 1.052823
Step 2700: train_loss = 0.232407, train_acc = 0.812500, train ppl = 1.123225
Step 2800: train_loss = 0.024571, train_acc = 1.000000, train ppl = 1.012361
==== Finshed epoch 10 ====
Evaluating model...
Epoch 10: validation accuracy = 0.912000 -- validation perplexity = 1.065935
Epoch 10: test accuracy: 0.894000
---- Qualitative Analysis
Context: does the suitcase fit in the box of chocolates ? the chest is bigger than the suitcase . the container is bigger than the box of chocolates . the chocolate fits inside the box of chocolates . the box of chocolates fits inside the chest . the suitcase is bigger than the container . does the suitcase fit in the box of chocolates ?
Question: does the suitcase fit in the box of chocolates ?
Answer: no </s>
Model prediction: no </s>
=========================
Step 2900: train_loss = 0.183000, train_acc = 0.843750, train ppl = 1.095817
Step 3000: train_loss = 0.107223, train_acc = 0.937500, train ppl = 1.055074
Step 3100: train_loss = 0.104135, train_acc = 0.906250, train ppl = 1.053447
==== Finshed epoch 11 ====
Evaluating model...
Epoch 11: validation accuracy = 0.911000 -- validation perplexity = 1.065270
Epoch 11: test accuracy: 0.898000
---- Qualitative Analysis
Context: is the chocolate bigger than the container ? the chocolate fits inside the container . the suitcase fits inside the container . the chest fits inside the container . the chest fits inside the box . the container is bigger than the suitcase . the box of chocolates fits inside the chest . the box is bigger than the chocolate . the chocolate fits inside the chest . the container is bigger than the chocolate . the chocolate fits inside the box of chocolates . is the chocolate bigger than the container ?
Question: is the chocolate bigger than the container ?
Answer: no </s>
Model prediction: no </s>
=========================
Step 3200: train_loss = 0.134145, train_acc = 0.906250, train ppl = 1.069373
Step 3300: train_loss = 0.103783, train_acc = 0.968750, train ppl = 1.053262
==== Finshed epoch 12 ====
Evaluating model...
Epoch 12: validation accuracy = 0.917000 -- validation perplexity = 1.064223
Epoch 12: test accuracy: 0.908000
---- Qualitative Analysis
Context: is the chocolate bigger than the box ? the container is bigger than the chocolate . the box of chocolates is bigger than the chocolate . the box is bigger than the box of chocolates . the box of chocolates fits inside the chest . the chocolate fits inside the box . is the chocolate bigger than the box ?
Question: is the chocolate bigger than the box ?
Answer: no </s>
Model prediction: no </s>
=========================
Model checkpoint saved in models/dummy/best_model.ckpt
Step 3400: train_loss = 0.077162, train_acc = 0.937500, train ppl = 1.039335
Step 3500: train_loss = 0.133509, train_acc = 0.875000, train ppl = 1.069033
Step 3600: train_loss = 0.242368, train_acc = 0.875000, train ppl = 1.128832
==== Finshed epoch 13 ====
Evaluating model...
Epoch 13: validation accuracy = 0.912000 -- validation perplexity = 1.072375
Epoch 13: test accuracy: 0.894000
---- Qualitative Analysis
Context: is the chocolate bigger than the box ? the box is bigger than the suitcase . the chocolate fits inside the container . the box of chocolates is bigger than the chocolate . the chest fits inside the container . the chocolate fits inside the box . the suitcase fits inside the container . the container is bigger than the chest . the box of chocolates fits inside the box . the chocolate fits inside the box . the suitcase is bigger than the chocolate . is the chocolate bigger than the box ?
Question: is the chocolate bigger than the box ?
Answer: no </s>
Model prediction: no </s>
=========================
Step 3700: train_loss = 0.152088, train_acc = 0.875000, train ppl = 1.079010
Step 3800: train_loss = 0.492302, train_acc = 0.812500, train ppl = 1.279093
Step 3900: train_loss = 0.066791, train_acc = 0.937500, train ppl = 1.033959
==== Finshed epoch 14 ====
Evaluating model...
Epoch 14: validation accuracy = 0.909000 -- validation perplexity = 1.081741
Epoch 14: test accuracy: 0.914000
---- Qualitative Analysis
Context: does the chocolate fit in the box ? the box of chocolates fits inside the box . the chocolate fits inside the container . the container fits inside the box . the box is bigger than the chocolate . the box is bigger than the chocolate . does the chocolate fit in the box ?
Question: does the chocolate fit in the box ?
Answer: yes </s>
Model prediction: yes </s>
=========================
Step 4000: train_loss = 0.058099, train_acc = 0.968750, train ppl = 1.029476
Step 4100: train_loss = 0.170111, train_acc = 0.843750, train ppl = 1.088777
Step 4200: train_loss = 0.062156, train_acc = 0.968750, train ppl = 1.031566
==== Finshed epoch 15 ====
Evaluating model...
Epoch 15: validation accuracy = 0.912000 -- validation perplexity = 1.083782
Epoch 15: test accuracy: 0.894000
---- Qualitative Analysis
Context: is the box of chocolates bigger than the chest ? the box is bigger than the box of chocolates . the chocolate fits inside the container . the box fits inside the chest . the box fits inside the suitcase . the suitcase is bigger than the chocolate . is the box of chocolates bigger than the chest ?
Question: is the box of chocolates bigger than the chest ?
Answer: no </s>
Model prediction: no </s>
=========================
Step 4300: train_loss = 0.115822, train_acc = 0.937500, train ppl = 1.059621
Step 4400: train_loss = 0.041787, train_acc = 1.000000, train ppl = 1.021113
Step 4500: train_loss = 0.100705, train_acc = 0.906250, train ppl = 1.051642
==== Finshed epoch 16 ====
Evaluating model...
Epoch 16: validation accuracy = 0.916000 -- validation perplexity = 1.067336
Epoch 16: test accuracy: 0.905000
---- Qualitative Analysis
Context: is the chocolate bigger than the box ? the box of chocolates fits inside the box . the chocolate fits inside the box of chocolates . the container is bigger than the chocolate . the chest is bigger than the suitcase . the container is bigger than the box of chocolates . is the chocolate bigger than the box ?
Question: is the chocolate bigger than the box ?
Answer: no </s>
Model prediction: no </s>
=========================
Step 4600: train_loss = 0.333890, train_acc = 0.812500, train ppl = 1.181689
Step 4700: train_loss = 0.258406, train_acc = 0.875000, train ppl = 1.137921
==== Finshed epoch 17 ====
Evaluating model...
Epoch 17: validation accuracy = 0.912000 -- validation perplexity = 1.133447
Epoch 17: test accuracy: 0.894000
---- Qualitative Analysis
Context: is the suitcase bigger than the box of chocolates ? the box of chocolates fits inside the container . the chocolate fits inside the chest . the box of chocolates fits inside the suitcase . the box fits inside the chest . the container fits inside the suitcase . is the suitcase bigger than the box of chocolates ?
Question: is the suitcase bigger than the box of chocolates ?
Answer: yes </s>
Model prediction: yes </s>
=========================
Step 4800: train_loss = 0.050280, train_acc = 0.968750, train ppl = 1.025459
Step 4900: train_loss = 0.176991, train_acc = 0.906250, train ppl = 1.092529
Step 5000: train_loss = 0.144437, train_acc = 0.937500, train ppl = 1.074890
==== Finshed epoch 18 ====
Evaluating model...
Epoch 18: validation accuracy = 0.909000 -- validation perplexity = 1.095739
Epoch 18: test accuracy: 0.914000
---- Qualitative Analysis
Context: is the chocolate bigger than the suitcase ? the chocolate fits inside the suitcase . the chest is bigger than the chocolate . the suitcase is bigger than the box of chocolates . the box of chocolates fits inside the box . the chocolate fits inside the box of chocolates . is the chocolate bigger than the suitcase ?
Question: is the chocolate bigger than the suitcase ?
Answer: no </s>
Model prediction: no </s>
=========================
Step 5100: train_loss = 0.088177, train_acc = 0.937500, train ppl = 1.045075
Step 5200: train_loss = 0.196122, train_acc = 0.875000, train ppl = 1.103030
Step 5300: train_loss = 0.094998, train_acc = 0.968750, train ppl = 1.048645
==== Finshed epoch 19 ====
Evaluating model...
Epoch 19: validation accuracy = 0.912000 -- validation perplexity = 1.098037
Epoch 19: test accuracy: 0.894000
---- Qualitative Analysis
Context: does the chocolate fit in the box ? the box is bigger than the suitcase . the box of chocolates is bigger than the chocolate . the box is bigger than the box of chocolates . the box is bigger than the chest . the box is bigger than the chocolate . does the chocolate fit in the box ?
Question: does the chocolate fit in the box ?
Answer: yes </s>
Model prediction: yes </s>
=========================
Step 5400: train_loss = 0.322895, train_acc = 0.843750, train ppl = 1.175210
Step 5500: train_loss = 0.099670, train_acc = 0.906250, train ppl = 1.051098
Step 5600: train_loss = 0.120812, train_acc = 0.937500, train ppl = 1.062268
==== Finshed epoch 20 ====
Evaluating model...
Epoch 20: validation accuracy = 0.909000 -- validation perplexity = 1.071249
Epoch 20: test accuracy: 0.914000
---- Qualitative Analysis
Context: does the suitcase fit in the chocolate ? the chocolate fits inside the suitcase . the chest is bigger than the chocolate . the suitcase is bigger than the box of chocolates . the box of chocolates fits inside the box . the chocolate fits inside the box of chocolates . does the suitcase fit in the chocolate ?
Question: does the suitcase fit in the chocolate ?
Answer: no </s>
Model prediction: no </s>
=========================
Step 5700: train_loss = 0.091239, train_acc = 0.906250, train ppl = 1.046676
Step 5800: train_loss = 0.092754, train_acc = 1.000000, train ppl = 1.047469
Step 5900: train_loss = 0.122856, train_acc = 0.906250, train ppl = 1.063354
==== Finshed epoch 21 ====
Evaluating model...
Epoch 21: validation accuracy = 0.910000 -- validation perplexity = 1.065274
Epoch 21: test accuracy: 0.910000
---- Qualitative Analysis
Context: does the chocolate fit in the suitcase ? the chocolate fits inside the box of chocolates . the suitcase is bigger than the box of chocolates . the box of chocolates fits inside the suitcase . the chest fits inside the suitcase . the chest fits inside the suitcase . does the chocolate fit in the suitcase ?
Question: does the chocolate fit in the suitcase ?
Answer: yes </s>
Model prediction: yes </s>
=========================
Step 6000: train_loss = 0.076293, train_acc = 0.968750, train ppl = 1.038883
Step 6100: train_loss = 0.180915, train_acc = 0.843750, train ppl = 1.094675
Step 6200: train_loss = 0.145471, train_acc = 0.937500, train ppl = 1.075446
==== Finshed epoch 22 ====
Evaluating model...
Epoch 22: validation accuracy = 0.912000 -- validation perplexity = 1.083819
Epoch 22: test accuracy: 0.894000
---- Qualitative Analysis
Context: does the box fit in the chest ? the suitcase is bigger than the box . the chocolate fits inside the suitcase . the suitcase is bigger than the chocolate . the suitcase fits inside the chest . the chocolate fits inside the container . does the box fit in the chest ?
Question: does the box fit in the chest ?
Answer: yes </s>
Model prediction: yes </s>
=========================
Step 6300: train_loss = 0.107132, train_acc = 0.937500, train ppl = 1.055026
Step 6400: train_loss = 0.184639, train_acc = 0.875000, train ppl = 1.096715
==== Finshed epoch 23 ====
Evaluating model...
Epoch 23: validation accuracy = 0.909000 -- validation perplexity = 1.065632
Epoch 23: test accuracy: 0.914000
---- Qualitative Analysis
Context: is the box bigger than the chest ? the chest is bigger than the box . the chest is bigger than the chocolate . the chest is bigger than the chocolate . the chest is bigger than the container . the container is bigger than the box . is the box bigger than the chest ?
Question: is the box bigger than the chest ?
Answer: no </s>
Model prediction: no </s>
=========================
Step 6500: train_loss = 0.237210, train_acc = 0.843750, train ppl = 1.125925
Step 6600: train_loss = 0.197686, train_acc = 0.843750, train ppl = 1.103893
Step 6700: train_loss = 0.124308, train_acc = 0.875000, train ppl = 1.064126
==== Finshed epoch 24 ====
Evaluating model...
Epoch 24: validation accuracy = 0.911000 -- validation perplexity = 1.065175
Epoch 24: test accuracy: 0.906000
---- Qualitative Analysis
Context: is the suitcase bigger than the container ? the box of chocolates fits inside the chest . the box is bigger than the container . the chest is bigger than the container . the chest is bigger than the chocolate . the suitcase is bigger than the box . is the suitcase bigger than the container ?
Question: is the suitcase bigger than the container ?
Answer: yes </s>
Model prediction: yes </s>
=========================
Step 6800: train_loss = 0.222638, train_acc = 0.875000, train ppl = 1.117752
Step 6900: train_loss = 0.229684, train_acc = 0.812500, train ppl = 1.121696
Step 7000: train_loss = 0.133850, train_acc = 0.937500, train ppl = 1.069215
==== Finshed epoch 25 ====
Evaluating model...
Epoch 25: validation accuracy = 0.913000 -- validation perplexity = 1.067955
Epoch 25: test accuracy: 0.890000
---- Qualitative Analysis
Context: does the chocolate fit in the box ? the suitcase fits inside the chest . the container fits inside the box . the box is bigger than the suitcase . the container is bigger than the chocolate . the suitcase is bigger than the box of chocolates . does the chocolate fit in the box ?
Question: does the chocolate fit in the box ?
Answer: yes </s>
Model prediction: yes </s>
=========================
Step 7100: train_loss = 0.099746, train_acc = 0.937500, train ppl = 1.051138
Step 7200: train_loss = 0.212591, train_acc = 0.906250, train ppl = 1.112151
Step 7300: train_loss = 0.103321, train_acc = 0.906250, train ppl = 1.053018
==== Finshed epoch 26 ====
Evaluating model...
Epoch 26: validation accuracy = 0.909000 -- validation perplexity = 1.090923
Epoch 26: test accuracy: 0.914000
---- Qualitative Analysis
Context: does the suitcase fit in the chocolate ? the chocolate fits inside the box of chocolates . the chocolate fits inside the chest . the suitcase is bigger than the box of chocolates . the suitcase is bigger than the chest . the chocolate fits inside the container . does the suitcase fit in the chocolate ?
Question: does the suitcase fit in the chocolate ?
Answer: no </s>
Model prediction: no </s>
=========================
Step 7400: train_loss = 0.008938, train_acc = 1.000000, train ppl = 1.004479
Step 7500: train_loss = 0.155454, train_acc = 0.906250, train ppl = 1.080828
Step 7600: train_loss = 0.181945, train_acc = 0.875000, train ppl = 1.095239
==== Finshed epoch 27 ====
Evaluating model...
Epoch 27: validation accuracy = 0.909000 -- validation perplexity = 1.075072
Epoch 27: test accuracy: 0.914000
---- Qualitative Analysis
Context: does the chest fit in the chocolate ? the box is bigger than the chocolate . the chest is bigger than the box of chocolates . the box fits inside the chest . the chest is bigger than the chocolate . the box is bigger than the box of chocolates . does the chest fit in the chocolate ?
Question: does the chest fit in the chocolate ?
Answer: no </s>
Model prediction: no </s>
=========================
Step 7700: train_loss = 0.043840, train_acc = 1.000000, train ppl = 1.022162
Step 7800: train_loss = 0.026863, train_acc = 1.000000, train ppl = 1.013522
==== Finshed epoch 28 ====
Evaluating model...
Epoch 28: validation accuracy = 0.907000 -- validation perplexity = 1.080512
Epoch 28: test accuracy: 0.913000
---- Qualitative Analysis
Context: is the chest bigger than the chocolate ? the container fits inside the chest . the box fits inside the chest . the chocolate fits inside the container . the chocolate fits inside the suitcase . the chocolate fits inside the box of chocolates . is the chest bigger than the chocolate ?
Question: is the chest bigger than the chocolate ?
Answer: yes </s>
Model prediction: yes </s>
=========================
Step 7900: train_loss = 0.172135, train_acc = 0.843750, train ppl = 1.089880
Step 8000: train_loss = 0.134682, train_acc = 0.968750, train ppl = 1.069660
Step 8100: train_loss = 0.151806, train_acc = 0.937500, train ppl = 1.078858
==== Finshed epoch 29 ====
Evaluating model...
Epoch 29: validation accuracy = 0.910000 -- validation perplexity = 1.072873
Epoch 29: test accuracy: 0.916000
---- Qualitative Analysis
Context: is the chest bigger than the box ? the suitcase is bigger than the box . the chocolate fits inside the suitcase . the suitcase is bigger than the chocolate . the suitcase fits inside the chest . the chocolate fits inside the container . is the chest bigger than the box ?
Question: is the chest bigger than the box ?
Answer: yes </s>
Model prediction: yes </s>
=========================
Step 8200: train_loss = 0.179026, train_acc = 0.906250, train ppl = 1.093642
Step 8300: train_loss = 0.096364, train_acc = 0.906250, train ppl = 1.049362
Step 8400: train_loss = 0.064409, train_acc = 0.968750, train ppl = 1.032729
==== Finshed epoch 30 ====
Evaluating model...
Epoch 30: validation accuracy = 0.912000 -- validation perplexity = 1.086252
Epoch 30: test accuracy: 0.894000
---- Qualitative Analysis
Context: is the chocolate bigger than the box ? the box of chocolates fits inside the box . the box of chocolates fits inside the box . the box of chocolates is bigger than the chocolate . the box of chocolates fits inside the box . the chocolate fits inside the chest . is the chocolate bigger than the box ?
Question: is the chocolate bigger than the box ?
Answer: no </s>
Model prediction: no </s>
=========================
Step 8500: train_loss = 0.222984, train_acc = 0.843750, train ppl = 1.117945
Step 8600: train_loss = 0.132222, train_acc = 0.906250, train ppl = 1.068345
Step 8700: train_loss = 0.210846, train_acc = 0.906250, train ppl = 1.111181
==== Finshed epoch 31 ====
Evaluating model...
Epoch 31: validation accuracy = 0.915000 -- validation perplexity = 1.065551
Epoch 31: test accuracy: 0.917000
---- Qualitative Analysis
Context: is the chocolate bigger than the container ? the chocolate fits inside the chest . the chocolate fits inside the box . the chocolate fits inside the suitcase . the box is bigger than the box of chocolates . the box is bigger than the chocolate . the box is bigger than the chocolate . the suitcase fits inside the container . the chocolate fits inside the container . the chocolate fits inside the chest . the chest fits inside the box . is the chocolate bigger than the container ?
Question: is the chocolate bigger than the container ?
Answer: no </s>
Model prediction: no </s>
=========================
Step 8800: train_loss = 0.139957, train_acc = 0.906250, train ppl = 1.072485
Step 8900: train_loss = 0.142946, train_acc = 0.875000, train ppl = 1.074089
Step 9000: train_loss = 0.123887, train_acc = 0.937500, train ppl = 1.063902
==== Finshed epoch 32 ====
Evaluating model...
Epoch 32: validation accuracy = 0.912000 -- validation perplexity = 1.073522
Epoch 32: test accuracy: 0.894000
---- Qualitative Analysis
Context: does the chocolate fit in the container ? the box is bigger than the chocolate . the box of chocolates fits inside the container . the chocolate fits inside the suitcase . the container is bigger than the suitcase . the box of chocolates fits inside the suitcase . does the chocolate fit in the container ?
Question: does the chocolate fit in the container ?
Answer: yes </s>
Model prediction: yes </s>
=========================
Step 9100: train_loss = 0.162327, train_acc = 0.875000, train ppl = 1.084548
Step 9200: train_loss = 8.817363, train_acc = 0.687500, train ppl = 82.161057
Step 9300: train_loss = 1.491609, train_acc = 0.656250, train ppl = 2.108137
==== Finshed epoch 33 ====
Evaluating model...
Epoch 33: validation accuracy = 0.660000 -- validation perplexity = 2.084245
Epoch 33: test accuracy: 0.671000
---- Qualitative Analysis
Context: is the chocolate bigger than the chest ? the box is bigger than the box of chocolates . the box of chocolates fits inside the suitcase . the box is bigger than the box of chocolates . the box of chocolates fits inside the suitcase . the chocolate fits inside the chest . the box of chocolates is bigger than the chocolate . the chest is bigger than the container . the chocolate fits inside the box . the container is bigger than the chocolate . the chocolate fits inside the container . is the chocolate bigger than the chest ?
Question: is the chocolate bigger than the chest ?
Answer: no </s>
Model prediction: no </s> <unk> <unk> <unk> <unk> <unk> <unk> <unk> <unk>
=========================
Step 9400: train_loss = 1.555730, train_acc = 0.343750, train ppl = 2.176820
Step 9500: train_loss = 1.526624, train_acc = 0.687500, train ppl = 2.145370
==== Finshed epoch 34 ====
Evaluating model...
Epoch 34: validation accuracy = 0.918000 -- validation perplexity = 1.066550
Epoch 34: test accuracy: 0.916000
---- Qualitative Analysis
Context: does the chocolate fit in the box ? the box is bigger than the suitcase . the box of chocolates is bigger than the chocolate . the box is bigger than the box of chocolates . the box is bigger than the chest . the box is bigger than the chocolate . does the chocolate fit in the box ?
Question: does the chocolate fit in the box ?
Answer: yes </s>
Model prediction: yes </s>
=========================
Model checkpoint saved in models/dummy/best_model.ckpt
Step 9600: train_loss = 0.072178, train_acc = 0.937500, train ppl = 1.036748
Step 9700: train_loss = 0.077440, train_acc = 0.968750, train ppl = 1.039479
Step 9800: train_loss = 0.107620, train_acc = 0.937500, train ppl = 1.055284
==== Finshed epoch 35 ====
Evaluating model...
Epoch 35: validation accuracy = 0.912000 -- validation perplexity = 1.085163
Epoch 35: test accuracy: 0.894000
---- Qualitative Analysis
Context: does the box fit in the chocolate ? the box is bigger than the box of chocolates . the chocolate fits inside the chest . the box of chocolates fits inside the box . the container is bigger than the chocolate . the box is bigger than the chocolate . the suitcase fits inside the chest . the chest is bigger than the suitcase . the chest is bigger than the chocolate . the chocolate fits inside the box of chocolates . the container is bigger than the box of chocolates . the chocolate fits inside the box of chocolates . the box of chocolates fits inside the chest . the suitcase fits inside the box . the suitcase is bigger than the box of chocolates . the box is bigger than the box of chocolates . does the box fit in the chocolate ?
Question: does the box fit in the chocolate ?
Answer: no </s>
Model prediction: no </s>
=========================
Step 9900: train_loss = 0.077059, train_acc = 0.937500, train ppl = 1.039282
Step 10000: train_loss = 0.131381, train_acc = 0.906250, train ppl = 1.067896
Step 10100: train_loss = 0.236619, train_acc = 0.875000, train ppl = 1.125592
==== Finshed epoch 36 ====
Evaluating model...
Epoch 36: validation accuracy = 0.916000 -- validation perplexity = 1.075240
Epoch 36: test accuracy: 0.914000
---- Qualitative Analysis
Context: does the suitcase fit in the box of chocolates ? the suitcase is bigger than the chest . the container fits inside the suitcase . the suitcase is bigger than the chest . the box is bigger than the box of chocolates . the chest is bigger than the box of chocolates . does the suitcase fit in the box of chocolates ?
Question: does the suitcase fit in the box of chocolates ?
Answer: no </s>
Model prediction: no </s>
=========================
Step 10200: train_loss = 0.062879, train_acc = 1.000000, train ppl = 1.031939
Step 10300: train_loss = 0.167492, train_acc = 0.875000, train ppl = 1.087352
Step 10400: train_loss = 0.318789, train_acc = 0.812500, train ppl = 1.172801
==== Finshed epoch 37 ====
Evaluating model...
Epoch 37: validation accuracy = 0.912000 -- validation perplexity = 1.071020
Epoch 37: test accuracy: 0.892000
---- Qualitative Analysis
Context: is the suitcase bigger than the chest ? the chest fits inside the box . the box is bigger than the chest . the chocolate fits inside the box of chocolates . the suitcase is bigger than the box . the box of chocolates is bigger than the chocolate . is the suitcase bigger than the chest ?
Question: is the suitcase bigger than the chest ?
Answer: yes </s>
Model prediction: yes </s>
=========================
Step 10500: train_loss = 0.189642, train_acc = 0.875000, train ppl = 1.099462
Step 10600: train_loss = 0.042533, train_acc = 0.968750, train ppl = 1.021494
Step 10700: train_loss = 0.124702, train_acc = 0.937500, train ppl = 1.064336
==== Finshed epoch 38 ====
Evaluating model...
Epoch 38: validation accuracy = 0.913000 -- validation perplexity = 1.065094
Epoch 38: test accuracy: 0.893000
---- Qualitative Analysis
Context: does the suitcase fit in the box ? the suitcase is bigger than the chest . the suitcase is bigger than the container . the chest is bigger than the box of chocolates . the chocolate fits inside the box . the box fits inside the container . does the suitcase fit in the box ?
Question: does the suitcase fit in the box ?
Answer: no </s>
Model prediction: yes </s>
=========================
Step 10800: train_loss = 0.142897, train_acc = 0.968750, train ppl = 1.074063
Step 10900: train_loss = 0.159041, train_acc = 0.906250, train ppl = 1.082768
==== Finshed epoch 39 ====
Evaluating model...
Epoch 39: validation accuracy = 0.909000 -- validation perplexity = 1.113895
Epoch 39: test accuracy: 0.914000
---- Qualitative Analysis
Context: does the chocolate fit in the container ? the container is bigger than the chocolate . the chest fits inside the box . the box of chocolates is bigger than the chocolate . the box of chocolates is bigger than the chocolate . the container is bigger than the box of chocolates . does the chocolate fit in the container ?
Question: does the chocolate fit in the container ?
Answer: yes </s>
Model prediction: yes </s>
=========================
Step 11000: train_loss = 0.385976, train_acc = 0.875000, train ppl = 1.212869
Step 11100: train_loss = 0.140687, train_acc = 0.875000, train ppl = 1.072876
Step 11200: train_loss = 0.151198, train_acc = 0.906250, train ppl = 1.078530
==== Finshed epoch 40 ====
Evaluating model...
Epoch 40: validation accuracy = 0.907000 -- validation perplexity = 1.079507
Epoch 40: test accuracy: 0.910000
---- Qualitative Analysis
Context: is the chocolate bigger than the box ? the box is bigger than the chocolate . the box of chocolates is bigger than the chocolate . the suitcase fits inside the box . the chocolate fits inside the chest . the box is bigger than the box of chocolates . is the chocolate bigger than the box ?
Question: is the chocolate bigger than the box ?
Answer: no </s>
Model prediction: no </s>
=========================
Step 11300: train_loss = 0.194554, train_acc = 0.906250, train ppl = 1.102166
Step 11400: train_loss = 0.178192, train_acc = 0.875000, train ppl = 1.093185
Step 11500: train_loss = 0.064211, train_acc = 0.968750, train ppl = 1.032627
==== Finshed epoch 41 ====
Evaluating model...
Epoch 41: validation accuracy = 0.913000 -- validation perplexity = 1.072447
Epoch 41: test accuracy: 0.912000
---- Qualitative Analysis
Context: is the chocolate bigger than the suitcase ? the chocolate fits inside the container . the chocolate fits inside the box of chocolates . the chocolate fits inside the chest . the suitcase is bigger than the box of chocolates . the chocolate fits inside the suitcase . is the chocolate bigger than the suitcase ?
Question: is the chocolate bigger than the suitcase ?
Answer: no </s>
Model prediction: no </s>
=========================
Step 11600: train_loss = 0.113811, train_acc = 0.937500, train ppl = 1.058556
Step 11700: train_loss = 0.074525, train_acc = 0.968750, train ppl = 1.037965
Step 11800: train_loss = 0.145963, train_acc = 0.937500, train ppl = 1.075710
==== Finshed epoch 42 ====
Evaluating model...
Epoch 42: validation accuracy = 0.913000 -- validation perplexity = 1.085196
Epoch 42: test accuracy: 0.913000
---- Qualitative Analysis
Context: is the container bigger than the box of chocolates ? the chocolate fits inside the container . the chocolate fits inside the chest . the box of chocolates fits inside the chest . the box is bigger than the box of chocolates . the box is bigger than the suitcase . the box fits inside the container . the chest is bigger than the box of chocolates . the box of chocolates fits inside the container . the chest is bigger than the box of chocolates . the suitcase fits inside the container . is the container bigger than the box of chocolates ?
Question: is the container bigger than the box of chocolates ?
Answer: yes </s>
Model prediction: yes </s>
=========================
Step 11900: train_loss = 0.154226, train_acc = 0.906250, train ppl = 1.080164
Step 12000: train_loss = 0.068292, train_acc = 1.000000, train ppl = 1.034736
Step 12100: train_loss = 0.210139, train_acc = 0.875000, train ppl = 1.110788
