batch_size:               16
cell_type:                gru
val_split:                0.1
task:                     8
restore_from_dir:         None
num_units:                256
model_dir:                models/dummy
learning_rate:            0.005
num_enc_layers:           1
dropout_keep_prob:        0.7
data_dir:                 data/en-10k
vocab:                    data/vocab.txt
model_type:               attention
merge_mode:               concat
max_gradient_norm:        1.0
embedding_size:           128
encoder_type:             bi
num_epochs:               50
optimizer:                adam
Loading data...
vocabulary size = 487
Building model...
Running initializers...
Creating summary writers...
Performing evaluation before training...
---- Qualitative Analysis
Context: what is john carrying ? john took the milk there . john journeyed to the office . what is john carrying ?
Question: what is john carrying ?
Answer: milk </s>
Model prediction: 132 132 132 132 132 132 132 132 132 132
=========================
Step 100: train_loss = 2.808510, train_acc = 0.000000, train ppl = 4.072491
Step 200: train_loss = 2.861689, train_acc = 0.000000, train ppl = 4.182230
Step 300: train_loss = 3.275552, train_acc = 0.000000, train ppl = 4.470030
Step 400: train_loss = 2.626594, train_acc = 0.000000, train ppl = 3.718413
Step 500: train_loss = 2.722170, train_acc = 0.000000, train ppl = 3.900423
==== Finshed epoch 1 ====
Evaluating model...
Epoch 1: validation accuracy = 0.000000 -- validation perplexity = 3.732471
Epoch 1: test accuracy: 0.000000
---- Qualitative Analysis
Context: what is sandra carrying ? sandra moved to the bathroom . mary moved to the hallway . sandra went to the bedroom . john moved to the bathroom . daniel journeyed to the office . sandra went to the office . sandra journeyed to the kitchen . john went to the office . john moved to the bedroom . sandra went back to the bathroom . john picked up the milk there . mary went to the bedroom . mary went to the office . john moved to the kitchen . mary went to the kitchen . john travelled to the hallway . sandra moved to the office . daniel journeyed to the garden . john put down the milk . daniel travelled to the hallway . sandra journeyed to the hallway . mary travelled to the bathroom . sandra took the milk there . john went back to the bathroom . what is sandra carrying ?
Question: what is sandra carrying ?
Answer: milk </s>
Model prediction: </s>
=========================
Model checkpoint saved in models/dummy/best_model.ckpt
Step 600: train_loss = 2.681774, train_acc = 0.000000, train ppl = 3.670230
Step 700: train_loss = 2.592614, train_acc = 0.000000, train ppl = 3.514949
Step 800: train_loss = 2.530759, train_acc = 0.000000, train ppl = 3.411099
Step 900: train_loss = 2.807989, train_acc = 0.000000, train ppl = 4.071430
Step 1000: train_loss = 2.747474, train_acc = 0.000000, train ppl = 3.950084
Step 1100: train_loss = 2.887914, train_acc = 0.000000, train ppl = 4.056015
==== Finshed epoch 2 ====
Evaluating model...
Epoch 2: validation accuracy = 0.000000 -- validation perplexity = 3.721730
Epoch 2: test accuracy: 0.000000
---- Qualitative Analysis
Context: what is daniel carrying ? john moved to the hallway . john journeyed to the garden . daniel moved to the garden . daniel grabbed the apple there . what is daniel carrying ?
Question: what is daniel carrying ?
Answer: apple </s>
Model prediction: </s>
=========================
Step 1200: train_loss = 2.981741, train_acc = 0.000000, train ppl = 4.440959
Step 1300: train_loss = 2.459238, train_acc = 0.000000, train ppl = 3.419926
Step 1400: train_loss = 2.482563, train_acc = 0.000000, train ppl = 3.332314
Step 1500: train_loss = 2.583886, train_acc = 0.000000, train ppl = 3.500106
Step 1600: train_loss = 2.509933, train_acc = 0.000000, train ppl = 3.507722
==== Finshed epoch 3 ====
Evaluating model...
Epoch 3: validation accuracy = 0.000000 -- validation perplexity = 4.028918
Epoch 3: test accuracy: 0.000000
---- Qualitative Analysis
Context: what is sandra carrying ? sandra moved to the hallway . john moved to the hallway . mary went back to the office . sandra journeyed to the kitchen . john went back to the garden . mary went back to the bedroom . mary went back to the garden . john went to the office . sandra grabbed the apple there . daniel went back to the bathroom . sandra journeyed to the bathroom . sandra journeyed to the kitchen . what is sandra carrying ?
Question: what is sandra carrying ?
Answer: apple </s>
Model prediction: </s>
=========================
Step 1700: train_loss = 2.739593, train_acc = 0.000000, train ppl = 3.774573
Step 1800: train_loss = 2.388510, train_acc = 0.000000, train ppl = 3.301098
Step 1900: train_loss = 3.151920, train_acc = 0.000000, train ppl = 4.407274
Step 2000: train_loss = 2.531137, train_acc = 0.000000, train ppl = 3.545108
Step 2100: train_loss = 2.857270, train_acc = 0.000000, train ppl = 4.172998
Step 2200: train_loss = 3.160627, train_acc = 0.000000, train ppl = 4.241250
==== Finshed epoch 4 ====
Evaluating model...
Epoch 4: validation accuracy = 0.000000 -- validation perplexity = 3.904742
Epoch 4: test accuracy: 0.000000
---- Qualitative Analysis
Context: what is john carrying ? john journeyed to the bathroom . mary moved to the kitchen . sandra picked up the football there . mary moved to the bedroom . sandra left the football there . mary went to the hallway . mary went back to the kitchen . mary travelled to the hallway . daniel went to the office . john grabbed the football there . what is john carrying ?
Question: what is john carrying ?
Answer: football </s>
Model prediction: </s>
=========================
Step 2300: train_loss = 3.109978, train_acc = 0.000000, train ppl = 4.517091
Step 2400: train_loss = 2.509017, train_acc = 0.000000, train ppl = 3.375329
Step 2500: train_loss = 2.958026, train_acc = 0.406250, train ppl = 4.196264
Step 2600: train_loss = 3.152442, train_acc = 0.375000, train ppl = 4.408356
Step 2700: train_loss = 2.560275, train_acc = 0.000000, train ppl = 3.597134
Step 2800: train_loss = 2.881557, train_acc = 0.000000, train ppl = 4.043531
==== Finshed epoch 5 ====
Evaluating model...
Epoch 5: validation accuracy = 0.000000 -- validation perplexity = 4.106677
Epoch 5: test accuracy: 0.000000
---- Qualitative Analysis
Context: what is sandra carrying ? sandra took the milk there . john got the apple there . sandra went to the garden . mary moved to the bathroom . sandra travelled to the bedroom . mary travelled to the hallway . sandra moved to the hallway . sandra dropped the milk . sandra grabbed the milk there . mary went to the garden . what is sandra carrying ?
Question: what is sandra carrying ?
Answer: milk </s>
Model prediction: </s>
=========================
Step 2900: train_loss = 2.311931, train_acc = 0.250000, train ppl = 3.177090
Step 3000: train_loss = 3.002218, train_acc = 0.312500, train ppl = 3.797410
Step 3100: train_loss = 2.603256, train_acc = 0.437500, train ppl = 3.533132
Step 3200: train_loss = 2.438113, train_acc = 0.000000, train ppl = 3.149827
Step 3300: train_loss = 2.475758, train_acc = 0.000000, train ppl = 3.321337
==== Finshed epoch 6 ====
Evaluating model...
Epoch 6: validation accuracy = 0.123667 -- validation perplexity = 3.490263
Epoch 6: test accuracy: 0.134667
---- Qualitative Analysis
Context: what is john carrying ? sandra moved to the garden . sandra moved to the office . john journeyed to the bedroom . sandra journeyed to the bedroom . sandra moved to the garden . daniel moved to the office . daniel journeyed to the kitchen . daniel went to the bedroom . mary journeyed to the hallway . mary journeyed to the bathroom . john went back to the garden . mary took the milk there . john went to the kitchen . mary left the milk . mary picked up the milk there . john got the football there . what is john carrying ?
Question: what is john carrying ?
Answer: football </s>
Model prediction: </s> <unk> <unk> <unk> <unk> <unk> <unk> <unk> <unk> <unk>
=========================
Model checkpoint saved in models/dummy/best_model.ckpt
Step 3400: train_loss = 2.526535, train_acc = 0.250000, train ppl = 3.404120
Step 3500: train_loss = 2.890340, train_acc = 0.000000, train ppl = 3.748284
Step 3600: train_loss = 2.481348, train_acc = 0.000000, train ppl = 3.330351
Step 3700: train_loss = 3.534980, train_acc = 0.062500, train ppl = 4.811950
Step 3800: train_loss = 2.330761, train_acc = 0.312500, train ppl = 3.207144
Step 3900: train_loss = 2.306882, train_acc = 0.062500, train ppl = 3.169080
==== Finshed epoch 7 ====
Evaluating model...
Epoch 7: validation accuracy = 0.000000 -- validation perplexity = 3.379140
Epoch 7: test accuracy: 0.000000
---- Qualitative Analysis
Context: what is daniel carrying ? mary grabbed the milk there . daniel moved to the bedroom . john travelled to the bedroom . daniel grabbed the apple there . daniel discarded the apple . john went back to the garden . what is daniel carrying ?
Question: what is daniel carrying ?
Answer: nothing </s>
Model prediction: </s>
=========================
Step 4000: train_loss = 2.225976, train_acc = 0.000000, train ppl = 3.043439
Step 4100: train_loss = 2.295080, train_acc = 0.000000, train ppl = 3.042763
Step 4200: train_loss = 2.437627, train_acc = 0.156250, train ppl = 3.260498
Step 4300: train_loss = 2.386792, train_acc = 0.000000, train ppl = 3.181117
Step 4400: train_loss = 2.046780, train_acc = 0.187500, train ppl = 2.782612
Step 4500: train_loss = 2.865552, train_acc = 0.000000, train ppl = 3.706051
==== Finshed epoch 8 ====
Evaluating model...
Epoch 8: validation accuracy = 0.000000 -- validation perplexity = 3.861002
Epoch 8: test accuracy: 0.000000
---- Qualitative Analysis
Context: what is john carrying ? john grabbed the football there . mary went to the kitchen . sandra travelled to the hallway . daniel journeyed to the office . sandra went back to the bathroom . john went back to the kitchen . sandra moved to the garden . john picked up the apple there . what is john carrying ?
Question: what is john carrying ?
Answer: football apple </s>
Model prediction: </s>
=========================
Step 4600: train_loss = 2.964123, train_acc = 0.000000, train ppl = 3.733656
Step 4700: train_loss = 2.852699, train_acc = 0.000000, train ppl = 3.828398
Step 4800: train_loss = 2.358436, train_acc = 0.000000, train ppl = 3.251830
Step 4900: train_loss = 2.904242, train_acc = 0.093750, train ppl = 3.922394
Step 5000: train_loss = 2.362103, train_acc = 0.000000, train ppl = 3.257799
==== Finshed epoch 9 ====
Evaluating model...
Epoch 9: validation accuracy = 0.123667 -- validation perplexity = 3.532324
Epoch 9: test accuracy: 0.134667
---- Qualitative Analysis
Context: what is daniel carrying ? daniel went back to the garden . daniel grabbed the apple there . daniel dropped the apple . daniel took the apple there . mary journeyed to the office . john went to the garden . mary journeyed to the hallway . john journeyed to the kitchen . daniel dropped the apple . sandra took the apple there . what is daniel carrying ?
Question: what is daniel carrying ?
Answer: nothing </s>
Model prediction: </s> <unk> <unk> <unk> <unk> <unk> <unk> <unk> <unk> <unk>
=========================
Step 5100: train_loss = 2.685988, train_acc = 0.000000, train ppl = 3.539531
Step 5200: train_loss = 2.399903, train_acc = 0.000000, train ppl = 3.319956
Step 5300: train_loss = 2.255764, train_acc = 0.000000, train ppl = 3.089106
Step 5400: train_loss = 2.805551, train_acc = 0.093750, train ppl = 3.744392
Step 5500: train_loss = 2.614096, train_acc = 0.093750, train ppl = 3.551750
Step 5600: train_loss = 2.881472, train_acc = 0.250000, train ppl = 3.733120
==== Finshed epoch 10 ====
Evaluating model...
Epoch 10: validation accuracy = 0.000000 -- validation perplexity = 3.406794
Epoch 10: test accuracy: 0.000000
---- Qualitative Analysis
Context: what is john carrying ? john went back to the office . john took the apple there . john journeyed to the garden . john moved to the bedroom . john picked up the football there . sandra travelled to the office . daniel travelled to the hallway . john travelled to the garden . what is john carrying ?
Question: what is john carrying ?
Answer: apple football </s>
Model prediction: </s>
=========================
Step 5700: train_loss = 2.446331, train_acc = 0.000000, train ppl = 3.274285
Step 5800: train_loss = 2.703669, train_acc = 0.218750, train ppl = 3.709398
Step 5900: train_loss = 2.779205, train_acc = 0.000000, train ppl = 3.698256
Step 6000: train_loss = 2.323785, train_acc = 0.187500, train ppl = 3.195976
Step 6100: train_loss = 2.793371, train_acc = 0.000000, train ppl = 3.874287
==== Finshed epoch 11 ====
Evaluating model...
Epoch 11: validation accuracy = 0.123667 -- validation perplexity = 4.112268
Epoch 11: test accuracy: 0.134667
---- Qualitative Analysis
Context: what is john carrying ? sandra moved to the bathroom . john got the apple there . what is john carrying ?
Question: what is john carrying ?
Answer: apple </s>
Model prediction: </s> <unk> <unk> <unk> <unk> <unk> <unk> <unk> <unk> <unk>
=========================
Step 6200: train_loss = 2.322865, train_acc = 0.000000, train ppl = 3.194507
Step 6300: train_loss = 2.222945, train_acc = 0.000000, train ppl = 3.038831
Step 6400: train_loss = 2.424283, train_acc = 0.343750, train ppl = 3.239470
Step 6500: train_loss = 2.859371, train_acc = 0.093750, train ppl = 3.840438
Step 6600: train_loss = 2.190475, train_acc = 0.000000, train ppl = 2.989893
Step 6700: train_loss = 2.834714, train_acc = 0.000000, train ppl = 4.126200
==== Finshed epoch 12 ====
Evaluating model...
Epoch 12: validation accuracy = 0.123667 -- validation perplexity = 3.702064
Epoch 12: test accuracy: 0.134667
---- Qualitative Analysis
Context: what is sandra carrying ? sandra grabbed the milk there . sandra went back to the office . daniel journeyed to the hallway . sandra went back to the garden . mary journeyed to the garden . daniel travelled to the bathroom . mary travelled to the kitchen . sandra travelled to the office . john travelled to the office . sandra discarded the milk there . what is sandra carrying ?
Question: what is sandra carrying ?
Answer: nothing </s>
Model prediction: </s> <unk> <unk> <unk> <unk> <unk> <unk> <unk> <unk> <unk>
=========================
Step 6800: train_loss = 2.382873, train_acc = 0.000000, train ppl = 3.069001
Step 6900: train_loss = 2.514263, train_acc = 0.125000, train ppl = 3.515324
Step 7000: train_loss = 2.738905, train_acc = 0.000000, train ppl = 3.628780
Step 7100: train_loss = 2.754024, train_acc = 0.250000, train ppl = 3.963043
Step 7200: train_loss = 2.074018, train_acc = 0.312500, train ppl = 2.820767
Step 7300: train_loss = 2.517020, train_acc = 0.062500, train ppl = 3.520173
==== Finshed epoch 13 ====
Evaluating model...
Epoch 13: validation accuracy = 0.217167 -- validation perplexity = 3.601646
Epoch 13: test accuracy: 0.240667
---- Qualitative Analysis
Context: what is mary carrying ? daniel went to the hallway . daniel journeyed to the kitchen . mary went back to the kitchen . mary took the football there . mary dropped the football there . john took the football there . mary travelled to the office . mary travelled to the garden . daniel moved to the hallway . mary picked up the apple there . what is mary carrying ?
Question: what is mary carrying ?
Answer: apple </s>
Model prediction: </s> <unk> <unk> <unk> <unk> <unk> <unk> <unk> <unk> <unk>
=========================
Model checkpoint saved in models/dummy/best_model.ckpt
Step 7400: train_loss = 2.692892, train_acc = 0.062500, train ppl = 3.690066
Step 7500: train_loss = 2.288383, train_acc = 0.000000, train ppl = 3.139903
Step 7600: train_loss = 2.517463, train_acc = 0.187500, train ppl = 3.520953
Step 7700: train_loss = 2.840237, train_acc = 0.000000, train ppl = 3.963330
Step 7800: train_loss = 2.702678, train_acc = 0.000000, train ppl = 3.567440
==== Finshed epoch 14 ====
Evaluating model...
Epoch 14: validation accuracy = 0.000000 -- validation perplexity = 3.530555
Epoch 14: test accuracy: 0.000000
---- Qualitative Analysis
Context: what is john carrying ? john journeyed to the bedroom . sandra went back to the office . john got the apple there . daniel moved to the bathroom . john discarded the apple . mary went to the office . mary travelled to the hallway . john grabbed the apple there . john took the football there . john journeyed to the office . sandra went to the bathroom . john discarded the apple there . what is john carrying ?
Question: what is john carrying ?
Answer: football </s>
Model prediction: </s>
=========================
Step 7900: train_loss = 2.465197, train_acc = 0.000000, train ppl = 3.304373
Step 8000: train_loss = 2.521274, train_acc = 0.062500, train ppl = 3.395448
Step 8100: train_loss = 3.018735, train_acc = 0.000000, train ppl = 4.139526
Step 8200: train_loss = 2.631200, train_acc = 0.000000, train ppl = 3.581327
Step 8300: train_loss = 2.523873, train_acc = 0.062500, train ppl = 3.532256
Step 8400: train_loss = 2.638757, train_acc = 0.343750, train ppl = 3.461729
==== Finshed epoch 15 ====
Evaluating model...
Epoch 15: validation accuracy = 0.000000 -- validation perplexity = 3.481272
Epoch 15: test accuracy: 0.000000
---- Qualitative Analysis
Context: what is sandra carrying ? mary took the milk there . mary travelled to the garden . mary put down the milk . sandra journeyed to the garden . mary moved to the hallway . sandra went to the bedroom . john journeyed to the bathroom . daniel went back to the hallway . sandra got the apple there . mary journeyed to the garden . john went to the hallway . daniel moved to the garden . what is sandra carrying ?
Question: what is sandra carrying ?
Answer: apple </s>
Model prediction: </s>
=========================
Step 8500: train_loss = 2.925419, train_acc = 0.093750, train ppl = 4.130445
Step 8600: train_loss = 2.895742, train_acc = 0.000000, train ppl = 3.757553
Step 8700: train_loss = 2.960760, train_acc = 0.062500, train ppl = 4.028117
Step 8800: train_loss = 2.402693, train_acc = 0.000000, train ppl = 3.205737
Step 8900: train_loss = 2.470444, train_acc = 0.000000, train ppl = 3.312790
Step 9000: train_loss = 2.484173, train_acc = 0.156250, train ppl = 3.334916
==== Finshed epoch 16 ====
Evaluating model...
Epoch 16: validation accuracy = 0.000000 -- validation perplexity = 3.450031
Epoch 16: test accuracy: 0.000000
---- Qualitative Analysis
Context: what is daniel carrying ? john travelled to the office . mary travelled to the bathroom . daniel grabbed the milk there . john journeyed to the bedroom . daniel discarded the milk . daniel got the milk there . daniel discarded the milk there . sandra journeyed to the bathroom . daniel took the milk there . daniel went to the bedroom . john picked up the apple there . john moved to the office . what is daniel carrying ?
Question: what is daniel carrying ?
Answer: milk </s>
Model prediction: </s>
=========================
Step 9100: train_loss = 2.536845, train_acc = 0.000000, train ppl = 3.421180
Step 9200: train_loss = 2.339670, train_acc = 0.093750, train ppl = 3.109262
Step 9300: train_loss = 2.362911, train_acc = 0.093750, train ppl = 3.144497
Step 9400: train_loss = 3.126306, train_acc = 0.312500, train ppl = 4.354469
Step 9500: train_loss = 2.760099, train_acc = 0.000000, train ppl = 3.812289
==== Finshed epoch 17 ====
Evaluating model...
Epoch 17: validation accuracy = 0.000000 -- validation perplexity = 3.469741
Epoch 17: test accuracy: 0.000000
---- Qualitative Analysis
Context: what is sandra carrying ? sandra travelled to the garden . sandra took the football there . what is sandra carrying ?
Question: what is sandra carrying ?
Answer: football </s>
Model prediction: </s>
=========================
Step 9600: train_loss = 2.396765, train_acc = 0.000000, train ppl = 3.196536
Step 9700: train_loss = 2.359839, train_acc = 0.062500, train ppl = 3.254112
Step 9800: train_loss = 2.508967, train_acc = 0.000000, train ppl = 3.148595
Step 9900: train_loss = 2.622664, train_acc = 0.000000, train ppl = 3.435612
Step 10000: train_loss = 2.391499, train_acc = 0.281250, train ppl = 3.188385
Step 10100: train_loss = 2.671673, train_acc = 0.218750, train ppl = 3.515768
==== Finshed epoch 18 ====
Evaluating model...
Epoch 18: validation accuracy = 0.000000 -- validation perplexity = 3.538669
Epoch 18: test accuracy: 0.000000
---- Qualitative Analysis
Context: what is sandra carrying ? mary moved to the bedroom . sandra got the milk there . what is sandra carrying ?
Question: what is sandra carrying ?
Answer: milk </s>
Model prediction: </s>
=========================
Step 10200: train_loss = 2.561667, train_acc = 0.218750, train ppl = 3.338396
Step 10300: train_loss = 2.548249, train_acc = 0.000000, train ppl = 3.440149
Step 10400: train_loss = 2.559024, train_acc = 0.145833, train ppl = 3.334246
Step 10500: train_loss = 2.522794, train_acc = 0.000000, train ppl = 3.397952
Step 10600: train_loss = 2.554053, train_acc = 0.125000, train ppl = 3.326456
==== Finshed epoch 19 ====
Evaluating model...
Epoch 19: validation accuracy = 0.169000 -- validation perplexity = 3.707560
Epoch 19: test accuracy: 0.178000
---- Qualitative Analysis
Context: what is daniel carrying ? daniel went to the bathroom . daniel grabbed the milk there . daniel discarded the milk . daniel went to the garden . sandra went back to the bedroom . john went to the kitchen . what is daniel carrying ?
Question: what is daniel carrying ?
Answer: nothing </s>
Model prediction: nothing nothing nothing nothing nothing nothing nothing nothing nothing nothing
=========================
Step 10700: train_loss = 2.926441, train_acc = 0.000000, train ppl = 4.132492
Step 10800: train_loss = 2.457693, train_acc = 0.125000, train ppl = 3.292373
Step 10900: train_loss = 2.457548, train_acc = 0.125000, train ppl = 3.417037
Step 11000: train_loss = 2.318135, train_acc = 0.125000, train ppl = 3.186959
Step 11100: train_loss = 2.355823, train_acc = 0.187500, train ppl = 3.133709
Step 11200: train_loss = 2.580124, train_acc = 0.000000, train ppl = 3.493727
==== Finshed epoch 20 ====
Evaluating model...
Epoch 20: validation accuracy = 0.123667 -- validation perplexity = 3.447628
Epoch 20: test accuracy: 0.134667
---- Qualitative Analysis
Context: what is sandra carrying ? sandra got the apple there . john went back to the bedroom . mary travelled to the bathroom . sandra journeyed to the hallway . sandra dropped the apple there . daniel travelled to the hallway . what is sandra carrying ?
Question: what is sandra carrying ?
Answer: nothing </s>
Model prediction: </s> <unk> <unk> <unk> <unk> <unk> <unk> <unk> <unk> <unk>
=========================
Step 11300: train_loss = 2.476675, train_acc = 0.000000, train ppl = 3.207508
Step 11400: train_loss = 2.683657, train_acc = 0.000000, train ppl = 3.673581
Step 11500: train_loss = 2.634604, train_acc = 0.250000, train ppl = 3.733336
Step 11600: train_loss = 2.871745, train_acc = 0.000000, train ppl = 4.024342
Step 11700: train_loss = 2.326762, train_acc = 0.500000, train ppl = 3.089864
Step 11800: train_loss = 2.532245, train_acc = 0.187500, train ppl = 3.413558
==== Finshed epoch 21 ====
Evaluating model...
Epoch 21: validation accuracy = 0.105500 -- validation perplexity = 3.528211
Epoch 21: test accuracy: 0.120000
---- Qualitative Analysis
Context: what is mary carrying ? mary went to the hallway . daniel travelled to the garden . mary got the milk there . mary journeyed to the office . what is mary carrying ?
Question: what is mary carrying ?
Answer: milk </s>
Model prediction: milk milk milk milk milk milk milk milk milk milk
=========================
Step 11900: train_loss = 2.581721, train_acc = 0.062500, train ppl = 3.370050
Step 12000: train_loss = 2.278121, train_acc = 0.000000, train ppl = 3.017847
Step 12100: train_loss = 2.788273, train_acc = 0.187500, train ppl = 3.864722
Step 12200: train_loss = 2.242144, train_acc = 0.000000, train ppl = 2.965661
Step 12300: train_loss = 2.486915, train_acc = 0.000000, train ppl = 3.339353
==== Finshed epoch 22 ====
Evaluating model...
Epoch 22: validation accuracy = 0.000000 -- validation perplexity = 3.441232
Epoch 22: test accuracy: 0.000000
---- Qualitative Analysis
Context: what is sandra carrying ? daniel went back to the bathroom . mary grabbed the milk there . sandra went back to the office . mary went to the garden . mary went back to the kitchen . mary went to the office . mary discarded the milk . sandra grabbed the milk there . mary travelled to the hallway . sandra discarded the milk . what is sandra carrying ?
Question: what is sandra carrying ?
Answer: nothing </s>
Model prediction: </s>
=========================
Step 12400: train_loss = 2.439102, train_acc = 0.000000, train ppl = 3.385668
Step 12500: train_loss = 2.322985, train_acc = 0.062500, train ppl = 3.194699
Step 12600: train_loss = 2.926892, train_acc = 0.156250, train ppl = 3.964426
Step 12700: train_loss = 2.410621, train_acc = 0.187500, train ppl = 3.218083
Step 12800: train_loss = 2.422300, train_acc = 0.218750, train ppl = 3.236358
Step 12900: train_loss = 2.730076, train_acc = 0.125000, train ppl = 3.757197
==== Finshed epoch 23 ====
Evaluating model...
Epoch 23: validation accuracy = 0.169000 -- validation perplexity = 3.559890
Epoch 23: test accuracy: 0.178000
---- Qualitative Analysis
Context: what is sandra carrying ? daniel journeyed to the bathroom . sandra journeyed to the office . sandra took the apple there . mary went to the office . daniel travelled to the garden . sandra took the milk there . daniel moved to the office . sandra journeyed to the bathroom . what is sandra carrying ?
Question: what is sandra carrying ?
Answer: apple milk </s>
Model prediction: </s> <unk> <unk> <unk> <unk> <unk> <unk> <unk> <unk> <unk>
=========================
Step 13000: train_loss = 2.200498, train_acc = 0.437500, train ppl = 2.906379
Step 13100: train_loss = 2.231694, train_acc = 0.187500, train ppl = 3.052153
Step 13200: train_loss = 2.720617, train_acc = 0.125000, train ppl = 3.740004
Step 13300: train_loss = 2.355860, train_acc = 0.187500, train ppl = 3.133765
Step 13400: train_loss = 2.421958, train_acc = 0.062500, train ppl = 3.235821
Step 13500: train_loss = 2.400246, train_acc = 0.000000, train ppl = 3.320526
==== Finshed epoch 24 ====
Evaluating model...
Epoch 24: validation accuracy = 0.000000 -- validation perplexity = 3.635561
Epoch 24: test accuracy: 0.000000
---- Qualitative Analysis
Context: what is daniel carrying ? daniel grabbed the milk there . sandra went back to the bathroom . daniel went back to the garden . daniel dropped the milk . john travelled to the bedroom . sandra journeyed to the bedroom . daniel journeyed to the bedroom . john went to the bathroom . what is daniel carrying ?
Question: what is daniel carrying ?
Answer: nothing </s>
Model prediction: </s>
=========================
Step 13600: train_loss = 2.384162, train_acc = 0.000000, train ppl = 3.293929
Step 13700: train_loss = 2.299046, train_acc = 0.125000, train ppl = 3.156687
Step 13800: train_loss = 2.543904, train_acc = 0.125000, train ppl = 3.567811
Step 13900: train_loss = 2.909846, train_acc = 0.000000, train ppl = 3.932751
Step 14000: train_loss = 3.486900, train_acc = 0.239583, train ppl = 4.341276
==== Finshed epoch 25 ====
Evaluating model...
Epoch 25: validation accuracy = 0.000000 -- validation perplexity = 3.471411
Epoch 25: test accuracy: 0.000000
---- Qualitative Analysis
Context: what is john carrying ? john moved to the kitchen . daniel went back to the office . john went to the garden . john travelled to the hallway . john picked up the milk there . daniel went to the bedroom . what is john carrying ?
Question: what is john carrying ?
Answer: milk </s>
Model prediction: </s>
=========================
Step 14100: train_loss = 2.468493, train_acc = 0.125000, train ppl = 3.435789
Step 14200: train_loss = 2.410735, train_acc = 0.000000, train ppl = 3.337986
Step 14300: train_loss = 2.215082, train_acc = 0.000000, train ppl = 3.026906
Step 14400: train_loss = 2.690099, train_acc = 0.000000, train ppl = 3.685073
Step 14500: train_loss = 3.005870, train_acc = 0.250000, train ppl = 4.114540
Step 14600: train_loss = 2.738159, train_acc = 0.062500, train ppl = 3.627506
==== Finshed epoch 26 ====
Evaluating model...
Epoch 26: validation accuracy = 0.000000 -- validation perplexity = 3.464752
Epoch 26: test accuracy: 0.000000
---- Qualitative Analysis
Context: what is daniel carrying ? daniel travelled to the hallway . john went to the hallway . mary went to the hallway . sandra journeyed to the kitchen . sandra journeyed to the office . sandra journeyed to the bedroom . john went back to the bedroom . john got the apple there . sandra travelled to the office . john travelled to the garden . sandra picked up the milk there . sandra left the milk . john dropped the apple . sandra went to the bathroom . daniel travelled to the office . daniel grabbed the milk there . what is daniel carrying ?
Question: what is daniel carrying ?
Answer: milk </s>
Model prediction: </s>
=========================
Step 14700: train_loss = 3.121753, train_acc = 0.531250, train ppl = 4.004609
Step 14800: train_loss = 2.817046, train_acc = 0.000000, train ppl = 3.764702
Step 14900: train_loss = 2.127582, train_acc = 0.281250, train ppl = 2.805424
Step 15000: train_loss = 2.309402, train_acc = 0.187500, train ppl = 3.173074
Step 15100: train_loss = 2.455677, train_acc = 0.000000, train ppl = 3.175969
Step 15200: train_loss = 2.709218, train_acc = 0.312500, train ppl = 3.719392
==== Finshed epoch 27 ====
Evaluating model...
Epoch 27: validation accuracy = 0.000000 -- validation perplexity = 3.776039
Epoch 27: test accuracy: 0.000000
---- Qualitative Analysis
Context: what is john carrying ? john journeyed to the bedroom . john journeyed to the bathroom . daniel went back to the kitchen . mary went back to the bathroom . mary went to the garden . daniel grabbed the apple there . daniel went to the bathroom . mary moved to the kitchen . sandra journeyed to the office . sandra went back to the kitchen . daniel went back to the kitchen . john went to the kitchen . john went back to the garden . john took the football there . what is john carrying ?
Question: what is john carrying ?
Answer: football </s>
Model prediction: </s>
=========================
Step 15300: train_loss = 2.444871, train_acc = 0.031250, train ppl = 3.271969
Step 15400: train_loss = 3.075288, train_acc = 0.125000, train ppl = 3.922757
Step 15500: train_loss = 3.420263, train_acc = 0.343750, train ppl = 4.775739
Step 15600: train_loss = 2.648779, train_acc = 0.000000, train ppl = 3.356404
Step 15700: train_loss = 2.378098, train_acc = 0.062500, train ppl = 3.167737
==== Finshed epoch 28 ====
Evaluating model...
Epoch 28: validation accuracy = 0.123667 -- validation perplexity = 3.731750
Epoch 28: test accuracy: 0.134667
---- Qualitative Analysis
Context: what is mary carrying ? daniel got the apple there . john went back to the office . john moved to the bathroom . sandra journeyed to the garden . sandra journeyed to the kitchen . mary journeyed to the kitchen . sandra went to the hallway . sandra journeyed to the bedroom . daniel moved to the kitchen . mary picked up the milk there . daniel discarded the apple . mary took the apple there . john travelled to the kitchen . mary put down the apple . what is mary carrying ?
Question: what is mary carrying ?
Answer: milk </s>
Model prediction: </s> <unk> <unk> <unk> <unk> <unk> <unk> <unk> <unk> <unk>
=========================
Step 15800: train_loss = 2.466208, train_acc = 0.000000, train ppl = 3.305994
Step 15900: train_loss = 2.638317, train_acc = 0.062500, train ppl = 3.593706
Step 16000: train_loss = 2.167125, train_acc = 0.000000, train ppl = 2.955189
Step 16100: train_loss = 2.601798, train_acc = 0.000000, train ppl = 3.530634
