vocab:                    ../data/vocab.txt
data_dir:                 ../data/en-10k
optimizer:                adam
encoder_type:             bi
merge_mode:               concat
model_dir:                ../models/task_5
dropout_keep_prob:        0.7
batch_size:               32
task:                     5
num_epochs:               50
cell_type:                gru
num_units:                256
num_enc_layers:           1
learning_rate:            0.001
embedding_size:           256
val_split:                0.1
model_type:               attention
restore_from_dir:         None
max_gradient_norm:        1.0
Loading data...
vocabulary size = 487
Building model...
Running initializers...
Creating summary writers...
Performing evaluation before training...
---- Qualitative Analysis
Context: what did mary give to jeff ? bill grabbed the apple there . jeff went back to the kitchen . fred went to the garden . bill dropped the apple . jeff went to the garden . bill moved to the bathroom . bill journeyed to the office . fred travelled to the hallway . bill went to the hallway . fred travelled to the kitchen . jeff journeyed to the hallway . jeff went back to the office . fred moved to the hallway . bill travelled to the office . jeff grabbed the apple there . jeff went back to the kitchen . mary went back to the hallway . jeff went back to the hallway . jeff passed the apple to mary . mary gave the apple to fred . fred handed the apple to mary . fred moved to the bathroom . mary dropped the apple . mary took the apple there . mary handed the apple to jeff . bill travelled to the hallway . what did mary give to jeff ?
Question: what did mary give to jeff ?
Answer: apple </s>
Model prediction: 319 319 319 319 319 319 319 319 319 319
=========================
Step 100: train_loss = 1.379772, train_acc = 0.218750, train ppl = 1.993489
Step 200: train_loss = 1.282966, train_acc = 0.218750, train ppl = 1.899295
==== Finshed epoch 1 ====
Evaluating model...
Epoch 1: validation accuracy = 0.316000 -- validation perplexity = 1.941401
Epoch 1: test accuracy: 0.326000
---- Qualitative Analysis
Context: what did mary give to fred ? mary journeyed to the bedroom . jeff travelled to the hallway . fred travelled to the hallway . mary moved to the bathroom . mary went to the hallway . bill went back to the bedroom . mary went back to the office . bill went to the hallway . mary took the apple there . mary put down the apple there . mary got the apple there . mary went back to the garden . bill moved to the kitchen . bill picked up the football there . mary went to the office . mary journeyed to the garden . mary travelled to the hallway . mary gave the apple to fred . fred left the apple . mary took the apple there . bill dropped the football . mary gave the apple to fred . bill travelled to the bathroom . jeff moved to the bedroom . what did mary give to fred ?
Question: what did mary give to fred ?
Answer: apple </s>
Model prediction: apple </s>
=========================
Model checkpoint saved in ../models/task_5/best_model.ckpt
Step 300: train_loss = 1.384923, train_acc = 0.187500, train ppl = 1.998629
Step 400: train_loss = 1.341419, train_acc = 0.218750, train ppl = 1.955624
Step 500: train_loss = 1.237556, train_acc = 0.375000, train ppl = 1.856658
==== Finshed epoch 2 ====
Evaluating model...
Epoch 2: validation accuracy = 0.283000 -- validation perplexity = 1.916930
Epoch 2: test accuracy: 0.313000
---- Qualitative Analysis
Context: who did bill give the apple to ? mary moved to the bathroom . jeff journeyed to the kitchen . jeff picked up the milk there . jeff picked up the football there . jeff put down the football there . jeff journeyed to the office . jeff picked up the apple there . mary moved to the office . bill travelled to the hallway . jeff gave the apple to mary . bill went to the office . mary gave the apple to bill . bill passed the apple to mary . mary gave the apple to bill . bill gave the apple to mary . jeff went to the bedroom . who did bill give the apple to ?
Question: who did bill give the apple to ?
Answer: mary </s>
Model prediction: fred </s>
=========================
Step 600: train_loss = 1.392678, train_acc = 0.218750, train ppl = 2.006394
Step 700: train_loss = 1.208971, train_acc = 0.375000, train ppl = 1.830310
Step 800: train_loss = 1.167865, train_acc = 0.437500, train ppl = 1.793076
==== Finshed epoch 3 ====
Evaluating model...
Epoch 3: validation accuracy = 0.271000 -- validation perplexity = 1.919955
Epoch 3: test accuracy: 0.253000
---- Qualitative Analysis
Context: who received the apple ? bill moved to the garden . jeff took the football there . mary journeyed to the bedroom . fred journeyed to the garden . fred journeyed to the hallway . fred moved to the garden . fred grabbed the apple there . fred gave the apple to bill . bill passed the apple to fred . fred gave the apple to bill . mary moved to the office . bill discarded the apple . fred grabbed the apple there . fred went to the bathroom . jeff went back to the office . jeff discarded the football . fred discarded the apple . fred moved to the bedroom . bill went back to the office . bill went back to the hallway . jeff went back to the garden . mary took the football there . mary dropped the football . bill moved to the bedroom . jeff went to the hallway . fred journeyed to the bathroom . fred moved to the bedroom . jeff journeyed to the bathroom . jeff went back to the kitchen . mary picked up the football there . jeff went back to the hallway . fred went to the bathroom . bill went to the bathroom . mary dropped the football . bill grabbed the apple there . jeff went to the office . bill took the milk there . mary journeyed to the bathroom . bill went to the office . bill handed the apple to jeff . who received the apple ?
Question: who received the apple ?
Answer: jeff </s>
Model prediction: bill </s>
=========================
Step 900: train_loss = 1.277092, train_acc = 0.312500, train ppl = 1.893725
Step 1000: train_loss = 1.032262, train_acc = 0.500000, train ppl = 1.675532
Step 1100: train_loss = 0.780751, train_acc = 0.656250, train ppl = 1.477535
==== Finshed epoch 4 ====
Evaluating model...
Epoch 4: validation accuracy = 0.563000 -- validation perplexity = 1.595581
Epoch 4: test accuracy: 0.589000
---- Qualitative Analysis
Context: who gave the milk ? fred grabbed the football there . jeff picked up the apple there . bill took the milk there . jeff travelled to the hallway . bill dropped the milk . jeff left the apple . jeff moved to the kitchen . mary got the milk there . mary handed the milk to bill . fred went to the hallway . fred picked up the apple there . bill gave the milk to mary . who gave the milk ?
Question: who gave the milk ?
Answer: bill </s>
Model prediction: mary </s>
=========================
Model checkpoint saved in ../models/task_5/best_model.ckpt
Step 1200: train_loss = 1.019791, train_acc = 0.406250, train ppl = 1.665117
Step 1300: train_loss = 0.210428, train_acc = 0.968750, train ppl = 1.110948
Step 1400: train_loss = 0.407978, train_acc = 0.875000, train ppl = 1.226285
==== Finshed epoch 5 ====
Evaluating model...
Epoch 5: validation accuracy = 0.902000 -- validation perplexity = 1.129238
Epoch 5: test accuracy: 0.885000
---- Qualitative Analysis
Context: who received the milk ? bill grabbed the apple there . bill travelled to the bedroom . fred moved to the garden . fred moved to the office . mary picked up the milk there . bill discarded the apple . mary left the milk . jeff went to the office . mary got the milk there . bill travelled to the office . jeff went back to the bathroom . mary passed the milk to jeff . jeff passed the milk to mary . mary put down the milk there . mary went back to the garden . jeff got the milk there . bill moved to the hallway . jeff moved to the office . jeff handed the milk to fred . jeff went to the bathroom . who received the milk ?
Question: who received the milk ?
Answer: fred </s>
Model prediction: fred </s>
=========================
Model checkpoint saved in ../models/task_5/best_model.ckpt
Step 1500: train_loss = 0.128655, train_acc = 0.937500, train ppl = 1.066442
Step 1600: train_loss = 0.024856, train_acc = 1.000000, train ppl = 1.012506
==== Finshed epoch 6 ====
Evaluating model...
Epoch 6: validation accuracy = 0.985000 -- validation perplexity = 1.040917
Epoch 6: test accuracy: 0.985000
---- Qualitative Analysis
Context: who received the milk ? fred picked up the football there . jeff travelled to the hallway . bill went back to the kitchen . bill went to the hallway . fred travelled to the garden . fred grabbed the milk there . bill travelled to the office . fred put down the milk there . fred put down the football . bill journeyed to the hallway . fred journeyed to the kitchen . jeff travelled to the garden . jeff picked up the milk there . mary went back to the office . mary moved to the kitchen . jeff grabbed the football there . bill travelled to the garden . fred went to the office . fred went to the kitchen . jeff dropped the milk . jeff picked up the milk there . jeff went to the bedroom . jeff left the football . jeff dropped the milk . jeff grabbed the milk there . jeff journeyed to the kitchen . jeff passed the milk to mary . mary passed the milk to fred . fred discarded the milk . jeff got the milk there . jeff passed the milk to mary . bill moved to the kitchen . jeff went back to the bedroom . mary passed the milk to fred . who received the milk ?
Question: who received the milk ?
Answer: fred </s>
Model prediction: fred </s>
=========================
Model checkpoint saved in ../models/task_5/best_model.ckpt
Step 1700: train_loss = 0.021017, train_acc = 1.000000, train ppl = 1.010564
Step 1800: train_loss = 0.012944, train_acc = 1.000000, train ppl = 1.006493
Step 1900: train_loss = 0.006685, train_acc = 1.000000, train ppl = 1.003348
==== Finshed epoch 7 ====
Evaluating model...
Epoch 7: validation accuracy = 0.984000 -- validation perplexity = 1.039440
Epoch 7: test accuracy: 0.983000
---- Qualitative Analysis
Context: who received the apple ? jeff moved to the bedroom . jeff journeyed to the office . jeff went to the bedroom . bill picked up the apple there . mary moved to the hallway . mary went to the bedroom . bill journeyed to the office . mary moved to the office . bill handed the apple to mary . jeff went back to the kitchen . jeff went to the bedroom . mary passed the apple to fred . fred went back to the hallway . bill journeyed to the bathroom . who received the apple ?
Question: who received the apple ?
Answer: fred </s>
Model prediction: fred </s>
=========================
Step 2000: train_loss = 0.016922, train_acc = 1.000000, train ppl = 1.008497
Step 2100: train_loss = 0.008167, train_acc = 1.000000, train ppl = 1.004092
Step 2200: train_loss = 0.006101, train_acc = 1.000000, train ppl = 1.003055
==== Finshed epoch 8 ====
Evaluating model...
Epoch 8: validation accuracy = 0.980000 -- validation perplexity = 1.041688
Epoch 8: test accuracy: 0.985000
---- Qualitative Analysis
Context: who did mary give the football to ? jeff went back to the hallway . fred moved to the garden . mary travelled to the bedroom . fred went to the bedroom . jeff went back to the kitchen . fred picked up the football there . fred gave the football to mary . mary passed the football to fred . who did mary give the football to ?
Question: who did mary give the football to ?
Answer: fred </s>
Model prediction: fred </s>
=========================
Step 2300: train_loss = 0.022123, train_acc = 1.000000, train ppl = 1.011123
Step 2400: train_loss = 0.018828, train_acc = 1.000000, train ppl = 1.009458
Step 2500: train_loss = 0.024211, train_acc = 1.000000, train ppl = 1.012179
==== Finshed epoch 9 ====
Evaluating model...
Epoch 9: validation accuracy = 0.985000 -- validation perplexity = 1.035363
Epoch 9: test accuracy: 0.986000
---- Qualitative Analysis
Context: who gave the football to jeff ? bill went back to the office . bill went back to the hallway . bill went to the bathroom . jeff grabbed the football there . jeff gave the football to fred . mary journeyed to the kitchen . bill moved to the hallway . fred gave the football to jeff . jeff discarded the football . mary travelled to the office . who gave the football to jeff ?
Question: who gave the football to jeff ?
Answer: fred </s>
Model prediction: fred </s>
=========================
Step 2600: train_loss = 0.012199, train_acc = 1.000000, train ppl = 1.006118
Step 2700: train_loss = 0.017633, train_acc = 1.000000, train ppl = 1.008855
Step 2800: train_loss = 0.010252, train_acc = 1.000000, train ppl = 1.005139
==== Finshed epoch 10 ====
Evaluating model...
Epoch 10: validation accuracy = 0.990000 -- validation perplexity = 1.031448
Epoch 10: test accuracy: 0.988000
---- Qualitative Analysis
Context: who gave the apple ? jeff moved to the hallway . jeff travelled to the kitchen . bill moved to the office . bill journeyed to the kitchen . fred travelled to the office . bill travelled to the hallway . mary journeyed to the garden . bill moved to the bathroom . mary moved to the bedroom . mary journeyed to the garden . jeff moved to the garden . fred moved to the kitchen . jeff took the apple there . mary got the football there . jeff handed the apple to mary . mary passed the apple to jeff . who gave the apple ?
Question: who gave the apple ?
Answer: mary </s>
Model prediction: mary </s>
=========================
Model checkpoint saved in ../models/task_5/best_model.ckpt
Step 2900: train_loss = 0.008917, train_acc = 1.000000, train ppl = 1.004468
Step 3000: train_loss = 0.078372, train_acc = 0.968750, train ppl = 1.039964
Step 3100: train_loss = 0.003945, train_acc = 1.000000, train ppl = 1.001974
==== Finshed epoch 11 ====
Evaluating model...
Epoch 11: validation accuracy = 0.986000 -- validation perplexity = 1.026730
Epoch 11: test accuracy: 0.987000
---- Qualitative Analysis
Context: who received the milk ? jeff took the apple there . jeff went to the bathroom . jeff picked up the football there . jeff put down the apple . jeff dropped the football . fred journeyed to the office . jeff grabbed the football there . bill went back to the hallway . jeff dropped the football . jeff journeyed to the kitchen . jeff moved to the hallway . bill went to the kitchen . bill went to the garden . fred travelled to the garden . fred moved to the kitchen . jeff moved to the bedroom . bill went to the bathroom . jeff travelled to the bathroom . mary went back to the office . bill journeyed to the office . bill journeyed to the bedroom . jeff picked up the milk there . mary travelled to the hallway . jeff travelled to the kitchen . jeff passed the milk to fred . fred passed the milk to jeff . jeff handed the milk to fred . bill went to the office . jeff journeyed to the office . mary went back to the office . who received the milk ?
Question: who received the milk ?
Answer: fred </s>
Model prediction: fred </s>
=========================
Step 3200: train_loss = 0.039514, train_acc = 0.968750, train ppl = 1.019953
Step 3300: train_loss = 0.002887, train_acc = 1.000000, train ppl = 1.001445
==== Finshed epoch 12 ====
Evaluating model...
Epoch 12: validation accuracy = 0.986000 -- validation perplexity = 1.029163
Epoch 12: test accuracy: 0.990000
---- Qualitative Analysis
Context: who gave the football ? mary travelled to the hallway . bill went back to the garden . fred moved to the bedroom . fred got the football there . fred dropped the football . fred went to the garden . mary journeyed to the kitchen . bill went to the office . mary went back to the office . bill journeyed to the bedroom . mary went back to the bedroom . jeff grabbed the milk there . jeff went to the office . jeff went to the bathroom . mary got the football there . mary put down the football there . bill journeyed to the garden . fred went back to the bathroom . jeff put down the milk . bill moved to the office . fred went to the office . mary grabbed the football there . jeff travelled to the office . mary dropped the football . fred moved to the kitchen . bill journeyed to the kitchen . bill took the apple there . bill went back to the hallway . fred moved to the office . mary picked up the football there . fred journeyed to the bedroom . mary gave the football to fred . jeff went to the garden . bill travelled to the garden . who gave the football ?
Question: who gave the football ?
Answer: mary </s>
Model prediction: mary </s>
=========================
Step 3400: train_loss = 0.002786, train_acc = 1.000000, train ppl = 1.001394
Step 3500: train_loss = 0.005203, train_acc = 1.000000, train ppl = 1.002605
Step 3600: train_loss = 0.002705, train_acc = 1.000000, train ppl = 1.001353
==== Finshed epoch 13 ====
Evaluating model...
Epoch 13: validation accuracy = 0.986000 -- validation perplexity = 1.030886
Epoch 13: test accuracy: 0.986000
---- Qualitative Analysis
Context: who did fred give the milk to ? jeff went to the office . mary took the apple there . bill went to the bathroom . mary left the apple . bill went back to the kitchen . mary travelled to the bedroom . mary journeyed to the hallway . bill journeyed to the bathroom . bill travelled to the kitchen . fred went back to the bathroom . bill travelled to the office . jeff journeyed to the hallway . fred journeyed to the kitchen . fred journeyed to the hallway . fred went to the kitchen . jeff travelled to the kitchen . jeff travelled to the bathroom . jeff went to the kitchen . bill went to the bathroom . fred went back to the bathroom . fred grabbed the milk there . fred passed the milk to bill . bill dropped the milk . fred travelled to the bedroom . who did fred give the milk to ?
Question: who did fred give the milk to ?
Answer: bill </s>
Model prediction: bill </s>
=========================
Step 3700: train_loss = 0.002285, train_acc = 1.000000, train ppl = 1.001143
Step 3800: train_loss = 0.002451, train_acc = 1.000000, train ppl = 1.001226
Step 3900: train_loss = 0.001043, train_acc = 1.000000, train ppl = 1.000522
==== Finshed epoch 14 ====
Evaluating model...
Epoch 14: validation accuracy = 0.990000 -- validation perplexity = 1.026514
Epoch 14: test accuracy: 0.988000
---- Qualitative Analysis
Context: who gave the apple to mary ? fred travelled to the bedroom . jeff travelled to the office . fred went to the hallway . bill moved to the office . mary travelled to the bedroom . bill journeyed to the bedroom . jeff went back to the kitchen . bill picked up the apple there . bill handed the apple to mary . jeff grabbed the milk there . who gave the apple to mary ?
Question: who gave the apple to mary ?
Answer: bill </s>
Model prediction: bill </s>
=========================
Step 4000: train_loss = 0.003334, train_acc = 1.000000, train ppl = 1.001669
Step 4100: train_loss = 0.026093, train_acc = 0.968750, train ppl = 1.013132
Step 4200: train_loss = 0.000849, train_acc = 1.000000, train ppl = 1.000425
==== Finshed epoch 15 ====
Evaluating model...
Epoch 15: validation accuracy = 0.989000 -- validation perplexity = 1.028951
Epoch 15: test accuracy: 0.987000
---- Qualitative Analysis
Context: what did fred give to jeff ? bill travelled to the bathroom . jeff journeyed to the garden . mary journeyed to the office . jeff went back to the office . fred travelled to the bedroom . bill went back to the garden . mary went back to the bedroom . jeff journeyed to the bathroom . mary moved to the garden . mary went back to the kitchen . mary travelled to the office . fred moved to the bathroom . mary travelled to the garden . jeff grabbed the apple there . jeff put down the apple . mary journeyed to the office . fred picked up the apple there . jeff took the football there . fred passed the apple to jeff . jeff discarded the apple . what did fred give to jeff ?
Question: what did fred give to jeff ?
Answer: apple </s>
Model prediction: apple </s>
=========================
Step 4300: train_loss = 0.002021, train_acc = 1.000000, train ppl = 1.001011
Step 4400: train_loss = 0.000461, train_acc = 1.000000, train ppl = 1.000230
Step 4500: train_loss = 0.000777, train_acc = 1.000000, train ppl = 1.000389
==== Finshed epoch 16 ====
Evaluating model...
Epoch 16: validation accuracy = 0.989000 -- validation perplexity = 1.035473
Epoch 16: test accuracy: 0.987000
---- Qualitative Analysis
Context: who received the football ? mary journeyed to the hallway . bill went back to the kitchen . jeff went to the bathroom . mary journeyed to the bathroom . fred travelled to the garden . fred journeyed to the office . jeff travelled to the office . fred travelled to the garden . fred travelled to the bathroom . jeff picked up the milk there . jeff put down the milk . jeff moved to the bathroom . fred went back to the bedroom . bill travelled to the bedroom . bill went to the hallway . bill went back to the bathroom . bill travelled to the garden . bill got the football there . jeff went to the bedroom . jeff went to the hallway . bill discarded the football . mary travelled to the kitchen . fred went to the kitchen . bill went back to the office . bill went back to the kitchen . mary journeyed to the garden . mary took the football there . mary dropped the football . mary grabbed the football there . mary dropped the football . bill travelled to the bathroom . jeff went back to the office . bill went back to the hallway . fred moved to the bedroom . jeff travelled to the bedroom . fred journeyed to the office . bill went to the office . bill went to the bathroom . mary got the football there . fred travelled to the garden . bill moved to the office . mary gave the football to fred . who received the football ?
Question: who received the football ?
Answer: fred </s>
Model prediction: fred </s>
=========================
Step 4600: train_loss = 0.001151, train_acc = 1.000000, train ppl = 1.000576
Step 4700: train_loss = 0.003598, train_acc = 1.000000, train ppl = 1.001801
==== Finshed epoch 17 ====
Evaluating model...
Epoch 17: validation accuracy = 0.987000 -- validation perplexity = 1.030642
Epoch 17: test accuracy: 0.987000
---- Qualitative Analysis
Context: who gave the milk ? bill went to the bedroom . jeff went to the bedroom . mary took the milk there . mary moved to the garden . mary dropped the milk . fred went back to the hallway . mary got the milk there . mary left the milk . mary picked up the milk there . mary went back to the kitchen . bill moved to the garden . jeff moved to the kitchen . fred travelled to the kitchen . jeff went back to the garden . mary handed the milk to fred . fred handed the milk to mary . jeff went to the office . mary left the milk . fred grabbed the milk there . jeff journeyed to the hallway . fred passed the milk to mary . mary handed the milk to fred . bill moved to the office . fred handed the milk to mary . who gave the milk ?
Question: who gave the milk ?
Answer: fred </s>
Model prediction: fred </s>
=========================
Step 4800: train_loss = 0.001232, train_acc = 1.000000, train ppl = 1.000616
Step 4900: train_loss = 0.001034, train_acc = 1.000000, train ppl = 1.000517
Step 5000: train_loss = 0.000643, train_acc = 1.000000, train ppl = 1.000322
==== Finshed epoch 18 ====
Evaluating model...
Epoch 18: validation accuracy = 0.989000 -- validation perplexity = 1.024508
Epoch 18: test accuracy: 0.990000
---- Qualitative Analysis
Context: who gave the apple ? jeff went back to the office . jeff went to the bedroom . mary journeyed to the garden . fred got the apple there . bill travelled to the office . mary travelled to the hallway . mary went to the bedroom . bill journeyed to the hallway . fred went back to the kitchen . fred got the milk there . fred moved to the office . fred went to the kitchen . fred travelled to the office . bill went back to the kitchen . mary journeyed to the hallway . fred left the apple . fred grabbed the apple there . mary journeyed to the bathroom . fred put down the apple . fred picked up the football there . jeff journeyed to the kitchen . fred took the apple there . mary went to the garden . jeff travelled to the bathroom . mary went to the bedroom . fred discarded the football . bill went back to the hallway . fred dropped the milk . fred moved to the bedroom . bill journeyed to the garden . fred gave the apple to mary . mary handed the apple to fred . jeff went to the kitchen . bill travelled to the bathroom . bill moved to the hallway . fred travelled to the kitchen . who gave the apple ?
Question: who gave the apple ?
Answer: mary </s>
Model prediction: mary </s>
=========================
Step 5100: train_loss = 0.000588, train_acc = 1.000000, train ppl = 1.000294
Step 5200: train_loss = 0.006482, train_acc = 1.000000, train ppl = 1.003246
Step 5300: train_loss = 0.047136, train_acc = 0.968750, train ppl = 1.023848
==== Finshed epoch 19 ====
Evaluating model...
Epoch 19: validation accuracy = 0.988000 -- validation perplexity = 1.028732
Epoch 19: test accuracy: 0.990000
---- Qualitative Analysis
Context: who did bill give the milk to ? jeff went back to the office . fred went back to the hallway . bill picked up the milk there . mary journeyed to the kitchen . bill journeyed to the hallway . bill passed the milk to fred . fred discarded the milk . bill grabbed the milk there . who did bill give the milk to ?
Question: who did bill give the milk to ?
Answer: fred </s>
Model prediction: fred </s>
=========================
Step 5400: train_loss = 0.165654, train_acc = 0.968750, train ppl = 1.086354
Step 5500: train_loss = 0.000428, train_acc = 1.000000, train ppl = 1.000214
Step 5600: train_loss = 0.000307, train_acc = 1.000000, train ppl = 1.000154
==== Finshed epoch 20 ====
Evaluating model...
Epoch 20: validation accuracy = 0.989000 -- validation perplexity = 1.027197
Epoch 20: test accuracy: 0.989000
---- Qualitative Analysis
Context: what did bill give to mary ? jeff went to the kitchen . bill went to the kitchen . jeff journeyed to the bedroom . jeff moved to the hallway . mary journeyed to the office . bill took the milk there . jeff journeyed to the bathroom . mary picked up the football there . mary left the football . fred went back to the hallway . jeff grabbed the apple there . jeff discarded the apple . mary journeyed to the kitchen . bill journeyed to the bedroom . jeff went back to the office . mary moved to the hallway . fred journeyed to the kitchen . jeff went back to the hallway . fred moved to the office . jeff travelled to the garden . bill dropped the milk . fred got the football there . fred discarded the football . jeff journeyed to the hallway . mary journeyed to the bedroom . mary journeyed to the kitchen . fred travelled to the garden . jeff moved to the bathroom . fred moved to the bathroom . jeff travelled to the hallway . fred went to the hallway . bill picked up the milk there . bill journeyed to the office . bill got the football there . mary went back to the bedroom . bill travelled to the bedroom . bill dropped the milk there . bill handed the football to mary . mary passed the football to bill . bill handed the football to mary . mary passed the football to bill . bill gave the football to mary . what did bill give to mary ?
Question: what did bill give to mary ?
Answer: football </s>
Model prediction: football </s>
=========================
Step 5700: train_loss = 0.020883, train_acc = 1.000000, train ppl = 1.010496
Step 5800: train_loss = 0.055506, train_acc = 0.968750, train ppl = 1.028142
Step 5900: train_loss = 0.001010, train_acc = 1.000000, train ppl = 1.000505
==== Finshed epoch 21 ====
Evaluating model...
Epoch 21: validation accuracy = 0.992000 -- validation perplexity = 1.026751
Epoch 21: test accuracy: 0.989000
---- Qualitative Analysis
Context: who did fred give the apple to ? mary went back to the bathroom . mary journeyed to the bedroom . mary took the milk there . mary moved to the office . bill journeyed to the garden . mary passed the milk to fred . fred put down the milk there . jeff went back to the bedroom . mary journeyed to the garden . bill went back to the hallway . mary travelled to the kitchen . bill picked up the football there . mary went to the bedroom . fred went to the kitchen . fred travelled to the bedroom . bill left the football . fred picked up the apple there . fred passed the apple to mary . who did fred give the apple to ?
Question: who did fred give the apple to ?
Answer: mary </s>
Model prediction: mary </s>
=========================
Model checkpoint saved in ../models/task_5/best_model.ckpt
Step 6000: train_loss = 0.001180, train_acc = 1.000000, train ppl = 1.000590
Step 6100: train_loss = 0.000232, train_acc = 1.000000, train ppl = 1.000116
Step 6200: train_loss = 0.001506, train_acc = 1.000000, train ppl = 1.000753
==== Finshed epoch 22 ====
Evaluating model...
Epoch 22: validation accuracy = 0.991000 -- validation perplexity = 1.030636
Epoch 22: test accuracy: 0.994000
---- Qualitative Analysis
Context: who gave the milk to jeff ? bill moved to the office . jeff moved to the hallway . mary went to the office . mary went to the kitchen . fred grabbed the football there . mary journeyed to the office . fred dropped the football . mary took the milk there . fred went back to the hallway . mary handed the milk to bill . fred went back to the bathroom . bill handed the milk to mary . bill went to the bathroom . mary went back to the hallway . mary gave the milk to jeff . fred grabbed the football there . who gave the milk to jeff ?
Question: who gave the milk to jeff ?
Answer: mary </s>
Model prediction: mary </s>
=========================
Step 6300: train_loss = 0.000398, train_acc = 1.000000, train ppl = 1.000199
Step 6400: train_loss = 0.000249, train_acc = 1.000000, train ppl = 1.000124
==== Finshed epoch 23 ====
Evaluating model...
Epoch 23: validation accuracy = 0.992000 -- validation perplexity = 1.021864
Epoch 23: test accuracy: 0.991000
---- Qualitative Analysis
Context: who gave the apple ? mary travelled to the office . bill moved to the hallway . fred travelled to the bathroom . fred moved to the hallway . bill went to the garden . bill journeyed to the office . jeff travelled to the office . bill got the apple there . fred went back to the bedroom . mary went back to the garden . fred moved to the hallway . bill passed the apple to jeff . jeff handed the apple to bill . bill travelled to the garden . mary moved to the kitchen . bill dropped the apple . who gave the apple ?
Question: who gave the apple ?
Answer: jeff </s>
Model prediction: jeff </s>
=========================
Step 6500: train_loss = 0.087384, train_acc = 0.968750, train ppl = 1.044660
Step 6600: train_loss = 0.000128, train_acc = 1.000000, train ppl = 1.000064
Step 6700: train_loss = 0.000120, train_acc = 1.000000, train ppl = 1.000060
==== Finshed epoch 24 ====
Evaluating model...
Epoch 24: validation accuracy = 0.992000 -- validation perplexity = 1.025781
Epoch 24: test accuracy: 0.985000
---- Qualitative Analysis
Context: who gave the milk ? mary moved to the office . jeff went to the garden . jeff took the milk there . jeff dropped the milk . bill moved to the bathroom . bill journeyed to the kitchen . bill took the football there . mary travelled to the bathroom . mary journeyed to the office . mary travelled to the bathroom . jeff got the milk there . jeff left the milk . bill discarded the football . jeff got the milk there . bill took the football there . jeff went back to the bedroom . bill discarded the football there . jeff handed the milk to fred . bill took the football there . bill went to the bathroom . bill gave the football to mary . jeff journeyed to the hallway . who gave the milk ?
Question: who gave the milk ?
Answer: jeff </s>
Model prediction: jeff </s>
=========================
Step 6800: train_loss = 0.000228, train_acc = 1.000000, train ppl = 1.000114
Step 6900: train_loss = 0.000606, train_acc = 1.000000, train ppl = 1.000303
Step 7000: train_loss = 0.000198, train_acc = 1.000000, train ppl = 1.000099
==== Finshed epoch 25 ====
Evaluating model...
Epoch 25: validation accuracy = 0.989000 -- validation perplexity = 1.025780
Epoch 25: test accuracy: 0.991000
---- Qualitative Analysis
Context: who gave the apple to fred ? jeff picked up the football there . fred grabbed the apple there . jeff left the football . jeff went back to the kitchen . mary picked up the milk there . fred travelled to the hallway . fred got the football there . mary passed the milk to bill . bill went to the garden . bill left the milk there . fred went to the kitchen . fred passed the apple to jeff . fred dropped the football . jeff passed the apple to fred . who gave the apple to fred ?
Question: who gave the apple to fred ?
Answer: jeff </s>
Model prediction: jeff </s>
=========================
Step 7100: train_loss = 0.002291, train_acc = 1.000000, train ppl = 1.001146
Step 7200: train_loss = 0.000349, train_acc = 1.000000, train ppl = 1.000174
Step 7300: train_loss = 0.000476, train_acc = 1.000000, train ppl = 1.000238
==== Finshed epoch 26 ====
Evaluating model...
Epoch 26: validation accuracy = 0.991000 -- validation perplexity = 1.026266
Epoch 26: test accuracy: 0.990000
---- Qualitative Analysis
Context: what did fred give to bill ? bill went back to the kitchen . mary got the football there . fred went to the garden . fred got the milk there . mary left the football . fred got the apple there . fred travelled to the hallway . bill went to the hallway . mary journeyed to the garden . fred gave the apple to bill . bill gave the apple to fred . fred left the milk there . fred got the milk there . fred gave the apple to bill . fred went back to the bedroom . mary moved to the office . what did fred give to bill ?
Question: what did fred give to bill ?
Answer: apple </s>
Model prediction: apple </s>
=========================
Step 7400: train_loss = 0.007065, train_acc = 1.000000, train ppl = 1.003539
Step 7500: train_loss = 0.000275, train_acc = 1.000000, train ppl = 1.000137
Step 7600: train_loss = 0.000336, train_acc = 1.000000, train ppl = 1.000168
==== Finshed epoch 27 ====
Evaluating model...
Epoch 27: validation accuracy = 0.989000 -- validation perplexity = 1.021148
Epoch 27: test accuracy: 0.991000
---- Qualitative Analysis
Context: who gave the milk to fred ? jeff went back to the garden . bill went to the office . bill went to the hallway . jeff travelled to the bathroom . fred went to the bathroom . mary went back to the bedroom . fred picked up the milk there . fred gave the milk to jeff . mary grabbed the apple there . mary left the apple there . jeff handed the milk to fred . fred left the milk . who gave the milk to fred ?
Question: who gave the milk to fred ?
Answer: jeff </s>
Model prediction: jeff </s>
=========================
Step 7700: train_loss = 0.000385, train_acc = 1.000000, train ppl = 1.000193
Step 7800: train_loss = 0.005368, train_acc = 1.000000, train ppl = 1.002688
==== Finshed epoch 28 ====
Evaluating model...
Epoch 28: validation accuracy = 0.991000 -- validation perplexity = 1.030400
Epoch 28: test accuracy: 0.990000
---- Qualitative Analysis
Context: who gave the milk to mary ? bill moved to the office . jeff moved to the hallway . mary went to the office . mary went to the kitchen . fred grabbed the football there . mary journeyed to the office . fred dropped the football . mary took the milk there . fred went back to the hallway . mary handed the milk to bill . fred went back to the bathroom . bill handed the milk to mary . bill went to the bathroom . mary went back to the hallway . who gave the milk to mary ?
Question: who gave the milk to mary ?
Answer: bill </s>
Model prediction: bill </s>
=========================
Step 7900: train_loss = 0.000261, train_acc = 1.000000, train ppl = 1.000131
Step 8000: train_loss = 0.002384, train_acc = 1.000000, train ppl = 1.001193
Step 8100: train_loss = 0.000166, train_acc = 1.000000, train ppl = 1.000083
==== Finshed epoch 29 ====
Evaluating model...
Epoch 29: validation accuracy = 0.994000 -- validation perplexity = 1.021352
Epoch 29: test accuracy: 0.990000
---- Qualitative Analysis
Context: who did mary give the milk to ? fred journeyed to the bedroom . fred got the milk there . fred went back to the kitchen . bill picked up the football there . fred handed the milk to mary . mary moved to the garden . bill dropped the football . mary gave the milk to bill . bill handed the milk to mary . mary passed the milk to bill . jeff went to the garden . jeff journeyed to the kitchen . who did mary give the milk to ?
Question: who did mary give the milk to ?
Answer: bill </s>
Model prediction: bill </s>
=========================
Model checkpoint saved in ../models/task_5/best_model.ckpt
Step 8200: train_loss = 0.000264, train_acc = 1.000000, train ppl = 1.000132
Step 8300: train_loss = 0.000150, train_acc = 1.000000, train ppl = 1.000075
Step 8400: train_loss = 0.000077, train_acc = 1.000000, train ppl = 1.000039
==== Finshed epoch 30 ====
Evaluating model...
Epoch 30: validation accuracy = 0.993000 -- validation perplexity = 1.028915
Epoch 30: test accuracy: 0.991000
---- Qualitative Analysis
Context: what did fred give to bill ? bill journeyed to the bathroom . mary travelled to the bathroom . fred took the milk there . fred put down the milk . mary moved to the hallway . jeff moved to the garden . mary picked up the milk there . mary gave the milk to fred . fred gave the milk to mary . fred travelled to the kitchen . fred went back to the garden . fred moved to the office . fred took the football there . mary discarded the milk . bill moved to the office . fred gave the football to bill . bill passed the football to fred . fred handed the football to bill . what did fred give to bill ?
Question: what did fred give to bill ?
Answer: football </s>
Model prediction: football </s>
=========================
Step 8500: train_loss = 0.000052, train_acc = 1.000000, train ppl = 1.000026
Step 8600: train_loss = 0.000202, train_acc = 1.000000, train ppl = 1.000101
Step 8700: train_loss = 0.026230, train_acc = 0.968750, train ppl = 1.013201
==== Finshed epoch 31 ====
Evaluating model...
Epoch 31: validation accuracy = 0.992000 -- validation perplexity = 1.032067
Epoch 31: test accuracy: 0.992000
---- Qualitative Analysis
Context: who gave the milk to fred ? jeff moved to the bedroom . fred journeyed to the kitchen . fred took the milk there . mary travelled to the office . fred gave the milk to bill . bill passed the milk to fred . fred moved to the bathroom . jeff went to the kitchen . who gave the milk to fred ?
Question: who gave the milk to fred ?
Answer: bill </s>
Model prediction: bill </s>
=========================
Step 8800: train_loss = 0.000215, train_acc = 1.000000, train ppl = 1.000108
Step 8900: train_loss = 0.000146, train_acc = 1.000000, train ppl = 1.000073
Step 9000: train_loss = 0.000120, train_acc = 1.000000, train ppl = 1.000060
==== Finshed epoch 32 ====
Evaluating model...
Epoch 32: validation accuracy = 0.995000 -- validation perplexity = 1.026508
Epoch 32: test accuracy: 0.990000
---- Qualitative Analysis
Context: what did fred give to jeff ? jeff travelled to the kitchen . fred got the apple there . mary went to the kitchen . jeff went to the bathroom . fred passed the apple to jeff . jeff went back to the kitchen . what did fred give to jeff ?
Question: what did fred give to jeff ?
Answer: apple </s>
Model prediction: apple </s>
=========================
Model checkpoint saved in ../models/task_5/best_model.ckpt
Step 9100: train_loss = 0.000084, train_acc = 1.000000, train ppl = 1.000042
Step 9200: train_loss = 0.001685, train_acc = 1.000000, train ppl = 1.000843
Step 9300: train_loss = 0.000122, train_acc = 1.000000, train ppl = 1.000061
==== Finshed epoch 33 ====
Evaluating model...
Epoch 33: validation accuracy = 0.994000 -- validation perplexity = 1.028539
Epoch 33: test accuracy: 0.991000
---- Qualitative Analysis
Context: who gave the apple to jeff ? mary grabbed the apple there . mary gave the apple to jeff . jeff moved to the bathroom . fred went to the bathroom . who gave the apple to jeff ?
Question: who gave the apple to jeff ?
Answer: mary </s>
Model prediction: mary </s>
=========================
Step 9400: train_loss = 0.081649, train_acc = 0.968750, train ppl = 1.041669
Step 9500: train_loss = 0.000464, train_acc = 1.000000, train ppl = 1.000232
==== Finshed epoch 34 ====
Evaluating model...
Epoch 34: validation accuracy = 0.990000 -- validation perplexity = 1.033365
Epoch 34: test accuracy: 0.991000
---- Qualitative Analysis
Context: what did fred give to bill ? bill went to the garden . bill picked up the apple there . mary travelled to the bedroom . mary went to the bathroom . bill dropped the apple . fred moved to the hallway . bill took the apple there . bill put down the apple . mary journeyed to the hallway . jeff journeyed to the bathroom . bill took the apple there . fred moved to the garden . mary went back to the office . bill handed the apple to fred . fred gave the apple to bill . bill passed the apple to fred . fred passed the apple to bill . mary went back to the bathroom . what did fred give to bill ?
Question: what did fred give to bill ?
Answer: apple </s>
Model prediction: apple </s>
=========================
Step 9600: train_loss = 0.000253, train_acc = 1.000000, train ppl = 1.000126
Step 9700: train_loss = 0.000228, train_acc = 1.000000, train ppl = 1.000114
Step 9800: train_loss = 0.000054, train_acc = 1.000000, train ppl = 1.000027
==== Finshed epoch 35 ====
Evaluating model...
Epoch 35: validation accuracy = 0.993000 -- validation perplexity = 1.021464
Epoch 35: test accuracy: 0.989000
---- Qualitative Analysis
Context: what did jeff give to mary ? jeff picked up the apple there . mary travelled to the hallway . jeff discarded the apple . jeff grabbed the apple there . jeff put down the apple . bill went back to the kitchen . fred moved to the hallway . fred moved to the bedroom . jeff got the apple there . jeff gave the apple to mary . what did jeff give to mary ?
Question: what did jeff give to mary ?
Answer: apple </s>
Model prediction: apple </s>
=========================
Step 9900: train_loss = 0.000137, train_acc = 1.000000, train ppl = 1.000069
Step 10000: train_loss = 0.000109, train_acc = 1.000000, train ppl = 1.000054
Step 10100: train_loss = 0.000073, train_acc = 1.000000, train ppl = 1.000037
==== Finshed epoch 36 ====
Evaluating model...
Epoch 36: validation accuracy = 0.993000 -- validation perplexity = 1.023730
Epoch 36: test accuracy: 0.989000
---- Qualitative Analysis
Context: who gave the football ? jeff went back to the hallway . fred moved to the garden . mary travelled to the bedroom . fred went to the bedroom . jeff went back to the kitchen . fred picked up the football there . fred gave the football to mary . mary passed the football to fred . mary went to the office . mary journeyed to the hallway . fred gave the football to bill . bill passed the football to fred . fred passed the football to bill . bill left the football . who gave the football ?
Question: who gave the football ?
Answer: fred </s>
Model prediction: fred </s>
=========================
Step 10200: train_loss = 0.000237, train_acc = 1.000000, train ppl = 1.000118
Step 10300: train_loss = 0.000132, train_acc = 1.000000, train ppl = 1.000066
Step 10400: train_loss = 0.000119, train_acc = 1.000000, train ppl = 1.000060
==== Finshed epoch 37 ====
Evaluating model...
Epoch 37: validation accuracy = 0.992000 -- validation perplexity = 1.033191
Epoch 37: test accuracy: 0.989000
---- Qualitative Analysis
Context: who gave the apple ? bill went to the bathroom . mary went back to the garden . mary went back to the bathroom . jeff went to the hallway . mary travelled to the kitchen . fred went to the bedroom . fred went back to the garden . fred took the football there . mary travelled to the bedroom . fred picked up the milk there . fred dropped the football . jeff travelled to the bedroom . fred moved to the kitchen . mary went to the office . fred dropped the milk . fred went to the garden . fred grabbed the football there . fred went back to the kitchen . fred got the milk there . fred went back to the hallway . fred discarded the football . mary went to the garden . mary moved to the office . fred dropped the milk . mary took the apple there . fred grabbed the milk there . mary dropped the apple there . bill went back to the office . fred put down the milk there . jeff moved to the hallway . bill travelled to the bathroom . mary moved to the garden . bill journeyed to the office . bill took the apple there . fred picked up the milk there . fred gave the milk to jeff . mary went back to the hallway . fred went back to the garden . jeff passed the milk to mary . bill journeyed to the bathroom . jeff went to the garden . bill discarded the apple there . bill took the apple there . mary got the football there . bill discarded the apple there . fred journeyed to the kitchen . bill went back to the bedroom . bill went to the kitchen . bill travelled to the office . fred went back to the office . bill went back to the kitchen . fred moved to the bedroom . mary discarded the milk there . mary moved to the office . mary left the football . fred went to the hallway . bill moved to the garden . fred travelled to the bathroom . fred took the apple there . fred went to the bedroom . bill went to the bedroom . fred gave the apple to bill . who gave the apple ?
Question: who gave the apple ?
Answer: fred </s>
Model prediction: fred </s>
=========================
Step 10500: train_loss = 0.000261, train_acc = 1.000000, train ppl = 1.000131
Step 10600: train_loss = 0.000066, train_acc = 1.000000, train ppl = 1.000033
Step 10700: train_loss = 0.000087, train_acc = 1.000000, train ppl = 1.000044
==== Finshed epoch 38 ====
Evaluating model...
Epoch 38: validation accuracy = 0.988000 -- validation perplexity = 1.036363
Epoch 38: test accuracy: 0.992000
---- Qualitative Analysis
Context: who gave the apple ? mary travelled to the office . bill moved to the hallway . fred travelled to the bathroom . fred moved to the hallway . bill went to the garden . bill journeyed to the office . jeff travelled to the office . bill got the apple there . fred went back to the bedroom . mary went back to the garden . fred moved to the hallway . bill passed the apple to jeff . jeff handed the apple to bill . bill travelled to the garden . mary moved to the kitchen . bill dropped the apple . jeff took the milk there . bill went to the kitchen . fred journeyed to the kitchen . mary travelled to the bedroom . jeff put down the milk . bill travelled to the garden . bill took the apple there . mary went back to the office . bill moved to the bathroom . mary went back to the hallway . jeff went to the kitchen . bill discarded the apple . bill took the apple there . mary went to the bathroom . bill gave the apple to mary . fred went to the garden . mary took the football there . mary handed the apple to bill . who gave the apple ?
Question: who gave the apple ?
Answer: mary </s>
Model prediction: mary </s>
=========================
Step 10800: train_loss = 0.022714, train_acc = 0.968750, train ppl = 1.011422
Step 10900: train_loss = 0.000059, train_acc = 1.000000, train ppl = 1.000029
==== Finshed epoch 39 ====
Evaluating model...
Epoch 39: validation accuracy = 0.993000 -- validation perplexity = 1.027072
Epoch 39: test accuracy: 0.991000
---- Qualitative Analysis
Context: who did mary give the apple to ? fred went to the bathroom . jeff journeyed to the office . fred travelled to the garden . jeff travelled to the bathroom . jeff got the football there . mary moved to the kitchen . fred travelled to the bedroom . bill travelled to the bathroom . jeff gave the football to bill . fred got the apple there . bill gave the football to jeff . jeff travelled to the garden . bill moved to the garden . bill journeyed to the kitchen . mary journeyed to the bedroom . fred gave the apple to mary . mary gave the apple to fred . jeff left the football . who did mary give the apple to ?
Question: who did mary give the apple to ?
Answer: fred </s>
Model prediction: fred </s>
=========================
Step 11000: train_loss = 0.000577, train_acc = 1.000000, train ppl = 1.000288
Step 11100: train_loss = 0.000167, train_acc = 1.000000, train ppl = 1.000083
Step 11200: train_loss = 0.005966, train_acc = 1.000000, train ppl = 1.002988
==== Finshed epoch 40 ====
Evaluating model...
Epoch 40: validation accuracy = 0.994000 -- validation perplexity = 1.018895
Epoch 40: test accuracy: 0.992000
---- Qualitative Analysis
Context: who gave the milk ? jeff travelled to the kitchen . fred went back to the bathroom . bill grabbed the apple there . bill dropped the apple . bill went back to the hallway . mary travelled to the bedroom . mary moved to the kitchen . mary moved to the hallway . jeff journeyed to the office . jeff got the milk there . bill journeyed to the bedroom . bill went to the hallway . jeff travelled to the hallway . jeff gave the milk to mary . who gave the milk ?
Question: who gave the milk ?
Answer: jeff </s>
Model prediction: jeff </s>
=========================
Step 11300: train_loss = 0.000299, train_acc = 1.000000, train ppl = 1.000149
Step 11400: train_loss = 0.000047, train_acc = 1.000000, train ppl = 1.000024
Step 11500: train_loss = 0.000013, train_acc = 1.000000, train ppl = 1.000006
==== Finshed epoch 41 ====
Evaluating model...
Epoch 41: validation accuracy = 0.994000 -- validation perplexity = 1.017726
Epoch 41: test accuracy: 0.989000
---- Qualitative Analysis
Context: who received the football ? mary travelled to the hallway . bill went back to the garden . fred moved to the bedroom . fred got the football there . fred dropped the football . fred went to the garden . mary journeyed to the kitchen . bill went to the office . mary went back to the office . bill journeyed to the bedroom . mary went back to the bedroom . jeff grabbed the milk there . jeff went to the office . jeff went to the bathroom . mary got the football there . mary put down the football there . bill journeyed to the garden . fred went back to the bathroom . jeff put down the milk . bill moved to the office . fred went to the office . mary grabbed the football there . jeff travelled to the office . mary dropped the football . fred moved to the kitchen . bill journeyed to the kitchen . bill took the apple there . bill went back to the hallway . fred moved to the office . mary picked up the football there . fred journeyed to the bedroom . mary gave the football to fred . who received the football ?
Question: who received the football ?
Answer: fred </s>
Model prediction: fred </s>
=========================
Step 11600: train_loss = 0.000409, train_acc = 1.000000, train ppl = 1.000205
Step 11700: train_loss = 0.000070, train_acc = 1.000000, train ppl = 1.000035
Step 11800: train_loss = 0.002386, train_acc = 1.000000, train ppl = 1.001194
==== Finshed epoch 42 ====
Evaluating model...
Epoch 42: validation accuracy = 0.994000 -- validation perplexity = 1.015385
Epoch 42: test accuracy: 0.991000
---- Qualitative Analysis
Context: who did bill give the apple to ? mary travelled to the kitchen . jeff travelled to the garden . mary picked up the football there . jeff took the milk there . bill moved to the bathroom . jeff put down the milk . mary put down the football . fred moved to the kitchen . fred took the football there . fred dropped the football . mary travelled to the garden . jeff went to the bedroom . mary picked up the milk there . jeff got the apple there . mary put down the milk . jeff dropped the apple . bill moved to the bedroom . bill picked up the apple there . mary took the milk there . fred took the football there . fred left the football . mary went to the bedroom . mary moved to the garden . bill gave the apple to jeff . who did bill give the apple to ?
Question: who did bill give the apple to ?
Answer: jeff </s>
Model prediction: jeff </s>
=========================
Step 11900: train_loss = 0.000062, train_acc = 1.000000, train ppl = 1.000031
Step 12000: train_loss = 0.000055, train_acc = 1.000000, train ppl = 1.000027
Step 12100: train_loss = 0.000024, train_acc = 1.000000, train ppl = 1.000012
==== Finshed epoch 43 ====
Evaluating model...
Epoch 43: validation accuracy = 0.994000 -- validation perplexity = 1.026332
Epoch 43: test accuracy: 0.992000
---- Qualitative Analysis
Context: who gave the football ? fred travelled to the garden . bill went to the hallway . mary picked up the milk there . mary handed the milk to bill . bill passed the milk to mary . mary went to the kitchen . mary took the apple there . mary put down the apple . mary journeyed to the bedroom . mary picked up the football there . jeff moved to the bathroom . fred travelled to the office . fred went back to the bedroom . mary passed the football to fred . who gave the football ?
Question: who gave the football ?
Answer: mary </s>
Model prediction: mary </s>
=========================
Step 12200: train_loss = 0.000099, train_acc = 1.000000, train ppl = 1.000050
Step 12300: train_loss = 0.006942, train_acc = 1.000000, train ppl = 1.003477
Step 12400: train_loss = 0.000297, train_acc = 1.000000, train ppl = 1.000149
==== Finshed epoch 44 ====
Evaluating model...
Epoch 44: validation accuracy = 0.992000 -- validation perplexity = 1.037181
Epoch 44: test accuracy: 0.991000
---- Qualitative Analysis
Context: what did jeff give to fred ? mary moved to the garden . jeff took the apple there . jeff put down the apple . fred moved to the office . bill went to the office . mary moved to the kitchen . jeff took the apple there . mary got the milk there . bill went to the garden . bill moved to the office . fred moved to the bathroom . bill picked up the football there . bill went to the bedroom . mary journeyed to the hallway . bill travelled to the garden . jeff handed the apple to mary . mary discarded the milk there . mary moved to the bedroom . bill left the football . jeff went to the bathroom . jeff went to the hallway . mary dropped the apple there . bill got the football there . mary moved to the kitchen . bill dropped the football . fred moved to the hallway . fred took the milk there . fred handed the milk to jeff . jeff passed the milk to fred . bill travelled to the bathroom . what did jeff give to fred ?
Question: what did jeff give to fred ?
Answer: milk </s>
Model prediction: milk </s>
=========================
Step 12500: train_loss = 0.028303, train_acc = 0.968750, train ppl = 1.014252
Step 12600: train_loss = 0.000679, train_acc = 1.000000, train ppl = 1.000339
==== Finshed epoch 45 ====
Evaluating model...
Epoch 45: validation accuracy = 0.992000 -- validation perplexity = 1.025802
Epoch 45: test accuracy: 0.988000
---- Qualitative Analysis
Context: what did jeff give to mary ? jeff picked up the apple there . mary travelled to the hallway . jeff discarded the apple . jeff grabbed the apple there . jeff put down the apple . bill went back to the kitchen . fred moved to the hallway . fred moved to the bedroom . jeff got the apple there . jeff gave the apple to mary . fred travelled to the garden . mary passed the apple to jeff . jeff passed the apple to mary . mary gave the apple to jeff . bill moved to the bathroom . jeff handed the apple to mary . what did jeff give to mary ?
Question: what did jeff give to mary ?
Answer: apple </s>
Model prediction: apple </s>
=========================
Step 12700: train_loss = 0.000516, train_acc = 1.000000, train ppl = 1.000258
Step 12800: train_loss = 0.000096, train_acc = 1.000000, train ppl = 1.000048
Step 12900: train_loss = 0.000091, train_acc = 1.000000, train ppl = 1.000046
==== Finshed epoch 46 ====
Evaluating model...
Epoch 46: validation accuracy = 0.993000 -- validation perplexity = 1.023879
Epoch 46: test accuracy: 0.991000
---- Qualitative Analysis
Context: what did mary give to fred ? mary went back to the bathroom . mary journeyed to the bedroom . mary took the milk there . mary moved to the office . bill journeyed to the garden . mary passed the milk to fred . fred put down the milk there . jeff went back to the bedroom . what did mary give to fred ?
Question: what did mary give to fred ?
Answer: milk </s>
Model prediction: milk </s>
=========================
Step 13000: train_loss = 0.000099, train_acc = 1.000000, train ppl = 1.000050
Step 13100: train_loss = 0.000039, train_acc = 1.000000, train ppl = 1.000020
Step 13200: train_loss = 0.000119, train_acc = 1.000000, train ppl = 1.000060
==== Finshed epoch 47 ====
Evaluating model...
Epoch 47: validation accuracy = 0.994000 -- validation perplexity = 1.025454
Epoch 47: test accuracy: 0.989000
---- Qualitative Analysis
Context: who gave the football to fred ? jeff went back to the office . fred got the milk there . fred left the milk . jeff went back to the bedroom . mary went back to the office . mary moved to the kitchen . bill travelled to the office . bill grabbed the football there . mary moved to the garden . bill dropped the football . bill got the football there . bill journeyed to the kitchen . jeff travelled to the office . mary moved to the kitchen . bill gave the football to mary . mary travelled to the garden . bill journeyed to the bedroom . mary gave the football to fred . who gave the football to fred ?
Question: who gave the football to fred ?
Answer: mary </s>
Model prediction: mary </s>
=========================
Step 13300: train_loss = 0.000050, train_acc = 1.000000, train ppl = 1.000025
Step 13400: train_loss = 0.003388, train_acc = 1.000000, train ppl = 1.001696
Step 13500: train_loss = 0.000039, train_acc = 1.000000, train ppl = 1.000019
==== Finshed epoch 48 ====
Evaluating model...
Epoch 48: validation accuracy = 0.992000 -- validation perplexity = 1.031619
Epoch 48: test accuracy: 0.993000
---- Qualitative Analysis
Context: who received the apple ? jeff moved to the hallway . jeff travelled to the kitchen . bill moved to the office . bill journeyed to the kitchen . fred travelled to the office . bill travelled to the hallway . mary journeyed to the garden . bill moved to the bathroom . mary moved to the bedroom . mary journeyed to the garden . jeff moved to the garden . fred moved to the kitchen . jeff took the apple there . mary got the football there . jeff handed the apple to mary . mary passed the apple to jeff . mary discarded the football . jeff gave the apple to mary . who received the apple ?
Question: who received the apple ?
Answer: mary </s>
Model prediction: mary </s>
=========================
Step 13600: train_loss = 0.000058, train_acc = 1.000000, train ppl = 1.000029
Step 13700: train_loss = 0.000045, train_acc = 1.000000, train ppl = 1.000023
Step 13800: train_loss = 0.000031, train_acc = 1.000000, train ppl = 1.000016
==== Finshed epoch 49 ====
Evaluating model...
Epoch 49: validation accuracy = 0.990000 -- validation perplexity = 1.033115
Epoch 49: test accuracy: 0.992000
---- Qualitative Analysis
Context: who received the milk ? bill went to the kitchen . fred moved to the bedroom . jeff went to the kitchen . jeff moved to the bedroom . mary went to the bathroom . jeff went to the garden . fred moved to the bathroom . mary travelled to the garden . mary grabbed the milk there . mary passed the milk to jeff . jeff moved to the kitchen . bill travelled to the garden . jeff went back to the bathroom . jeff handed the milk to fred . fred travelled to the office . fred dropped the milk . who received the milk ?
Question: who received the milk ?
Answer: fred </s>
Model prediction: fred </s>
=========================
Step 13900: train_loss = 0.055280, train_acc = 0.968750, train ppl = 1.028025
Step 14000: train_loss = 0.007417, train_acc = 1.000000, train ppl = 1.003715
Step 14100: train_loss = 0.000010, train_acc = 1.000000, train ppl = 1.000005
==== Finshed epoch 50 ====
Evaluating model...
Epoch 50: validation accuracy = 0.992000 -- validation perplexity = 1.022873
Epoch 50: test accuracy: 0.993000
---- Qualitative Analysis
Context: who received the football ? fred got the football there . fred travelled to the garden . fred passed the football to jeff . mary went to the kitchen . jeff passed the football to fred . fred handed the football to jeff . mary grabbed the milk there . jeff journeyed to the kitchen . jeff moved to the garden . bill travelled to the bedroom . who received the football ?
Question: who received the football ?
Answer: jeff </s>
Model prediction: jeff </s>
=========================
Best model (acc) at epoch 32 -- validation perplexity = 1.026508 -- validation accuracy = 0.995000 -- test accuracy = 0.990000
0.995
