num_enc_layers:           1
dropout_keep_prob:        0.7
num_units:                256
restore_from_dir:         None
vocab:                    data/vocab.txt
merge_mode:               concat
val_split:                0.1
task:                     18
model_type:               attention
batch_size:               8
num_epochs:               50
data_dir:                 data/en-10k
encoder_type:             bi
cell_type:                gru
model_dir:                models/dummy
max_gradient_norm:        1.0
embedding_size:           256
optimizer:                adam
learning_rate:            0.005
Loading data...
vocabulary size = 487
Building model...
Running initializers...
Creating summary writers...
Performing evaluation before training...
---- Qualitative Analysis
Context: is the chocolate bigger than the chest ? the chest is bigger than the container . the box of chocolates fits inside the chest . the chest is bigger than the box . the chocolate fits inside the box of chocolates . the suitcase is bigger than the container . is the chocolate bigger than the chest ?
Question: is the chocolate bigger than the chest ?
Answer: no </s>
Model prediction: 23 23 23 23 23 23 23 23 23 23
=========================
Step 100: train_loss = 2.446387, train_acc = 0.000000, train ppl = 3.398022
Step 200: train_loss = 2.454295, train_acc = 0.000000, train ppl = 3.411485
Step 300: train_loss = 2.078910, train_acc = 0.000000, train ppl = 2.827675
Step 400: train_loss = 2.191586, train_acc = 0.000000, train ppl = 2.991554
Step 500: train_loss = 2.021184, train_acc = 0.000000, train ppl = 2.747227
Step 600: train_loss = 2.131165, train_acc = 0.000000, train ppl = 2.902529
Step 700: train_loss = 2.210117, train_acc = 0.000000, train ppl = 3.019401
Step 800: train_loss = 2.085650, train_acc = 0.000000, train ppl = 2.837221
Step 900: train_loss = 2.119756, train_acc = 0.000000, train ppl = 2.886018
Step 1000: train_loss = 2.063489, train_acc = 0.000000, train ppl = 2.805957
Step 1100: train_loss = 2.105685, train_acc = 0.000000, train ppl = 2.865785
==== Finshed epoch 1 ====
Evaluating model...
Epoch 1: validation accuracy = 0.000000 -- validation perplexity = 2.840273
Epoch 1: test accuracy: 0.000000
---- Qualitative Analysis
Context: is the suitcase bigger than the box ? the chocolate fits inside the container . the chest fits inside the box . the container fits inside the box . the chocolate fits inside the box of chocolates . the chest is bigger than the suitcase . is the suitcase bigger than the box ?
Question: is the suitcase bigger than the box ?
Answer: no </s>
Model prediction: </s>
=========================
Model checkpoint saved in models/dummy/best_model.ckpt
Step 1200: train_loss = 2.030696, train_acc = 0.000000, train ppl = 2.760323
Step 1300: train_loss = 2.096430, train_acc = 0.000000, train ppl = 2.852555
Step 1400: train_loss = 2.099587, train_acc = 0.000000, train ppl = 2.857062
Step 1500: train_loss = 2.362304, train_acc = 0.000000, train ppl = 3.258125
Step 1600: train_loss = 2.284527, train_acc = 0.750000, train ppl = 3.133853
Step 1700: train_loss = 2.443410, train_acc = 0.375000, train ppl = 3.392968
Step 1800: train_loss = 2.138909, train_acc = 0.000000, train ppl = 2.913790
Step 1900: train_loss = 2.529617, train_acc = 0.000000, train ppl = 3.542414
Step 2000: train_loss = 2.138435, train_acc = 0.500000, train ppl = 2.913099
Step 2100: train_loss = 2.357033, train_acc = 0.250000, train ppl = 3.249550
Step 2200: train_loss = 2.104329, train_acc = 0.000000, train ppl = 2.863843
==== Finshed epoch 2 ====
Evaluating model...
Epoch 2: validation accuracy = 0.000000 -- validation perplexity = 2.875734
Epoch 2: test accuracy: 0.000000
---- Qualitative Analysis
Context: is the box bigger than the chocolate ? the container is bigger than the chocolate . the box is bigger than the container . the container fits inside the box . the chest is bigger than the suitcase . the container fits inside the box . is the box bigger than the chocolate ?
Question: is the box bigger than the chocolate ?
Answer: yes </s>
Model prediction: </s>
=========================
Step 2300: train_loss = 2.090513, train_acc = 0.000000, train ppl = 2.844129
Step 2400: train_loss = 2.171795, train_acc = 0.000000, train ppl = 2.962097
Step 2500: train_loss = 2.205787, train_acc = 0.000000, train ppl = 3.012872
Step 2600: train_loss = 2.308420, train_acc = 0.500000, train ppl = 3.171517
Step 2700: train_loss = 2.049234, train_acc = 0.000000, train ppl = 2.786029
Step 2800: train_loss = 2.056967, train_acc = 0.000000, train ppl = 2.796822
Step 2900: train_loss = 2.100134, train_acc = 0.000000, train ppl = 2.857842
Step 3000: train_loss = 2.337042, train_acc = 0.250000, train ppl = 3.217231
Step 3100: train_loss = 2.096468, train_acc = 0.000000, train ppl = 2.852610
Step 3200: train_loss = 2.111254, train_acc = 0.000000, train ppl = 2.873776
Step 3300: train_loss = 2.070756, train_acc = 0.000000, train ppl = 2.816170
==== Finshed epoch 3 ====
Evaluating model...
Epoch 3: validation accuracy = 0.000000 -- validation perplexity = 2.957455
Epoch 3: test accuracy: 0.000000
---- Qualitative Analysis
Context: is the container bigger than the box ? the suitcase fits inside the box . the container fits inside the box . the chocolate fits inside the box of chocolates . the chest is bigger than the suitcase . the container fits inside the chest . the chocolate fits inside the chest . the container fits inside the suitcase . the chocolate fits inside the chest . the chocolate fits inside the box of chocolates . the chest is bigger than the suitcase . is the container bigger than the box ?
Question: is the container bigger than the box ?
Answer: no </s>
Model prediction: </s>
=========================
Step 3400: train_loss = 1.968345, train_acc = 0.000000, train ppl = 2.675597
Step 3500: train_loss = 1.993542, train_acc = 0.750000, train ppl = 2.709518
Step 3600: train_loss = 2.161478, train_acc = 0.000000, train ppl = 2.946856
Step 3700: train_loss = 1.933568, train_acc = 0.000000, train ppl = 2.629474
Step 3800: train_loss = 2.145388, train_acc = 0.000000, train ppl = 2.923244
Step 3900: train_loss = 2.185887, train_acc = 0.000000, train ppl = 2.983041
Step 4000: train_loss = 2.167357, train_acc = 0.000000, train ppl = 2.955531
Step 4100: train_loss = 2.237040, train_acc = 0.000000, train ppl = 3.060321
Step 4200: train_loss = 2.118907, train_acc = 0.000000, train ppl = 2.884795
Step 4300: train_loss = 2.107154, train_acc = 0.000000, train ppl = 2.867891
Step 4400: train_loss = 2.198102, train_acc = 0.000000, train ppl = 3.001316
Step 4500: train_loss = 2.868022, train_acc = 0.500000, train ppl = 4.195493
==== Finshed epoch 4 ====
Evaluating model...
Epoch 4: validation accuracy = 0.527000 -- validation perplexity = 4.160690
Epoch 4: test accuracy: 0.469000
---- Qualitative Analysis
Context: is the chest bigger than the chocolate ? the container fits inside the chest . the box fits inside the chest . the chocolate fits inside the container . the chocolate fits inside the suitcase . the chocolate fits inside the box of chocolates . is the chest bigger than the chocolate ?
Question: is the chest bigger than the chocolate ?
Answer: yes </s>
Model prediction: yes yes yes yes yes yes yes yes yes yes
=========================
Model checkpoint saved in models/dummy/best_model.ckpt
Step 4600: train_loss = 2.177874, train_acc = 0.000000, train ppl = 2.971113
Step 4700: train_loss = 2.063924, train_acc = 0.000000, train ppl = 2.806567
Step 4800: train_loss = 2.966720, train_acc = 0.375000, train ppl = 4.407732
Step 4900: train_loss = 2.069346, train_acc = 0.000000, train ppl = 2.814186
Step 5000: train_loss = 2.304456, train_acc = 0.000000, train ppl = 3.165237
Step 5100: train_loss = 1.952409, train_acc = 0.000000, train ppl = 2.654362
Step 5200: train_loss = 2.263522, train_acc = 0.250000, train ppl = 3.101113
Step 5300: train_loss = 2.064331, train_acc = 0.000000, train ppl = 2.807138
Step 5400: train_loss = 2.231814, train_acc = 0.000000, train ppl = 3.052336
Step 5500: train_loss = 2.109212, train_acc = 0.125000, train ppl = 2.870844
Step 5600: train_loss = 2.286163, train_acc = 0.000000, train ppl = 3.136419
==== Finshed epoch 5 ====
Evaluating model...
Epoch 5: validation accuracy = 0.000000 -- validation perplexity = 2.924614
Epoch 5: test accuracy: 0.000000
---- Qualitative Analysis
Context: does the chest fit in the suitcase ? the chest is bigger than the chocolate . the container is bigger than the suitcase . the chest is bigger than the box of chocolates . the chocolate fits inside the chest . the container fits inside the chest . does the chest fit in the suitcase ?
Question: does the chest fit in the suitcase ?
Answer: no </s>
Model prediction: </s>
=========================
Step 5700: train_loss = 2.156707, train_acc = 0.000000, train ppl = 2.939836
Step 5800: train_loss = 2.105091, train_acc = 0.000000, train ppl = 2.864934
Step 5900: train_loss = 1.986725, train_acc = 0.000000, train ppl = 2.700300
Step 6000: train_loss = 2.631517, train_acc = 0.375000, train ppl = 3.727577
Step 6100: train_loss = 2.120394, train_acc = 0.000000, train ppl = 2.886940
Step 6200: train_loss = 2.109865, train_acc = 0.000000, train ppl = 2.871781
Step 6300: train_loss = 2.194992, train_acc = 0.000000, train ppl = 2.996653
Step 6400: train_loss = 2.324248, train_acc = 0.000000, train ppl = 3.196716
Step 6500: train_loss = 1.993191, train_acc = 0.250000, train ppl = 2.709043
Step 6600: train_loss = 2.079422, train_acc = 0.625000, train ppl = 2.828400
Step 6700: train_loss = 1.568197, train_acc = 0.875000, train ppl = 2.190431
==== Finshed epoch 6 ====
Evaluating model...
Epoch 6: validation accuracy = 0.117000 -- validation perplexity = 2.260630
Epoch 6: test accuracy: 0.157000
---- Qualitative Analysis
Context: is the chocolate bigger than the suitcase ? the box is bigger than the box of chocolates . the chocolate fits inside the chest . the suitcase is bigger than the chocolate . the chest fits inside the suitcase . the chocolate fits inside the box . is the chocolate bigger than the suitcase ?
Question: is the chocolate bigger than the suitcase ?
Answer: no </s>
Model prediction: no no no no no no no no no no
=========================
Step 6800: train_loss = 1.604783, train_acc = 0.500000, train ppl = 2.230869
Step 6900: train_loss = 1.588537, train_acc = 0.500000, train ppl = 2.212821
Step 7000: train_loss = 1.759505, train_acc = 0.375000, train ppl = 2.410303
Step 7100: train_loss = 1.770580, train_acc = 0.625000, train ppl = 2.423687
Step 7200: train_loss = 1.514940, train_acc = 0.750000, train ppl = 2.132873
Step 7300: train_loss = 1.571920, train_acc = 0.500000, train ppl = 2.194512
Step 7400: train_loss = 1.512096, train_acc = 0.375000, train ppl = 2.129843
Step 7500: train_loss = 1.757434, train_acc = 0.250000, train ppl = 2.407809
Step 7600: train_loss = 1.487330, train_acc = 0.500000, train ppl = 2.103631
Step 7700: train_loss = 1.544795, train_acc = 0.000000, train ppl = 2.164951
Step 7800: train_loss = 1.480591, train_acc = 0.500000, train ppl = 2.096555
==== Finshed epoch 7 ====
Evaluating model...
Epoch 7: validation accuracy = 0.053000 -- validation perplexity = 2.149620
Epoch 7: test accuracy: 0.052000
---- Qualitative Analysis
Context: does the chocolate fit in the container ? the box of chocolates is bigger than the chocolate . the box of chocolates is bigger than the chocolate . the chest is bigger than the chocolate . the box of chocolates fits inside the container . the box of chocolates fits inside the suitcase . does the chocolate fit in the container ?
Question: does the chocolate fit in the container ?
Answer: yes </s>
Model prediction: </s> <unk> <unk> <unk> <unk> <unk> <unk>
=========================
Step 7900: train_loss = 1.672491, train_acc = 0.250000, train ppl = 2.307687
Step 8000: train_loss = 1.723822, train_acc = 0.250000, train ppl = 2.367681
Step 8100: train_loss = 1.616157, train_acc = 0.750000, train ppl = 2.243593
Step 8200: train_loss = 1.594617, train_acc = 0.375000, train ppl = 2.219558
Step 8300: train_loss = 1.496592, train_acc = 0.375000, train ppl = 2.113396
Step 8400: train_loss = 1.570022, train_acc = 0.750000, train ppl = 2.192431
Step 8500: train_loss = 1.413888, train_acc = 1.000000, train ppl = 2.027785
Step 8600: train_loss = 1.477596, train_acc = 0.250000, train ppl = 2.093417
Step 8700: train_loss = 1.559669, train_acc = 0.625000, train ppl = 2.181111
Step 8800: train_loss = 1.492636, train_acc = 0.375000, train ppl = 2.109220
Step 8900: train_loss = 1.800537, train_acc = 0.625000, train ppl = 2.460263
Step 9000: train_loss = 1.518078, train_acc = 0.625000, train ppl = 2.136222
==== Finshed epoch 8 ====
Evaluating model...
Epoch 8: validation accuracy = 0.400000 -- validation perplexity = 2.205475
Epoch 8: test accuracy: 0.425000
---- Qualitative Analysis
Context: is the suitcase bigger than the box of chocolates ? the box fits inside the suitcase . the chocolate fits inside the chest . the box is bigger than the box of chocolates . the chocolate fits inside the chest . the chocolate fits inside the suitcase . is the suitcase bigger than the box of chocolates ?
Question: is the suitcase bigger than the box of chocolates ?
Answer: yes </s>
Model prediction: </s> <unk> <unk> <unk> <unk> <unk> <unk> <unk> <unk> <unk>
=========================
Step 9100: train_loss = 1.601665, train_acc = 0.125000, train ppl = 2.227395
Step 9200: train_loss = 1.594634, train_acc = 0.500000, train ppl = 2.219578
Step 9300: train_loss = 1.612775, train_acc = 0.000000, train ppl = 2.239802
Step 9400: train_loss = 1.637655, train_acc = 0.750000, train ppl = 2.267839
Step 9500: train_loss = 1.621989, train_acc = 0.375000, train ppl = 2.250144
Step 9600: train_loss = 1.611758, train_acc = 0.875000, train ppl = 2.238663
Step 9700: train_loss = 1.687231, train_acc = 0.250000, train ppl = 2.324756
Step 9800: train_loss = 1.416355, train_acc = 0.625000, train ppl = 2.030288
Step 9900: train_loss = 1.405493, train_acc = 1.000000, train ppl = 2.019291
Step 10000: train_loss = 1.397224, train_acc = 0.250000, train ppl = 2.010959
Step 10100: train_loss = 1.453156, train_acc = 0.750000, train ppl = 2.067991
==== Finshed epoch 9 ====
Evaluating model...
Epoch 9: validation accuracy = 0.000000 -- validation perplexity = 2.205644
Epoch 9: test accuracy: 0.000000
---- Qualitative Analysis
Context: does the box fit in the chocolate ? the container fits inside the suitcase . the chocolate fits inside the box . the chest fits inside the box . the chocolate fits inside the chest . the box is bigger than the chest . does the box fit in the chocolate ?
Question: does the box fit in the chocolate ?
Answer: no </s>
Model prediction: </s>
=========================
Step 10200: train_loss = 1.495921, train_acc = 0.250000, train ppl = 2.112687
Step 10300: train_loss = 1.530079, train_acc = 0.750000, train ppl = 2.149080
Step 10400: train_loss = 1.584346, train_acc = 0.375000, train ppl = 2.208189
Step 10500: train_loss = 1.685551, train_acc = 0.250000, train ppl = 2.322805
Step 10600: train_loss = 1.404594, train_acc = 0.500000, train ppl = 2.018384
Step 10700: train_loss = 1.500506, train_acc = 0.375000, train ppl = 2.117536
Step 10800: train_loss = 1.574329, train_acc = 0.250000, train ppl = 2.197158
Step 10900: train_loss = 1.546334, train_acc = 0.375000, train ppl = 2.166617
Step 11000: train_loss = 1.400402, train_acc = 0.250000, train ppl = 2.014158
Step 11100: train_loss = 1.408813, train_acc = 0.500000, train ppl = 2.022646
Step 11200: train_loss = 1.500690, train_acc = 0.375000, train ppl = 2.117731
==== Finshed epoch 10 ====
Evaluating model...
Epoch 10: validation accuracy = 0.185000 -- validation perplexity = 2.152972
Epoch 10: test accuracy: 0.239000
---- Qualitative Analysis
Context: does the chocolate fit in the chest ? the container is bigger than the chocolate . the box of chocolates is bigger than the chocolate . the box is bigger than the box of chocolates . the box of chocolates fits inside the chest . the chocolate fits inside the box . does the chocolate fit in the chest ?
Question: does the chocolate fit in the chest ?
Answer: yes </s>
Model prediction: </s> <unk> <unk> <unk> <unk> <unk> <unk> <unk>
=========================
Step 11300: train_loss = 1.724820, train_acc = 0.500000, train ppl = 2.368863
Step 11400: train_loss = 1.826463, train_acc = 0.375000, train ppl = 2.492364
Step 11500: train_loss = 1.557733, train_acc = 0.125000, train ppl = 2.179001
Step 11600: train_loss = 1.459937, train_acc = 0.500000, train ppl = 2.075015
Step 11700: train_loss = 1.569655, train_acc = 0.625000, train ppl = 2.192029
Step 11800: train_loss = 1.943647, train_acc = 0.250000, train ppl = 2.642760
Step 11900: train_loss = 1.896378, train_acc = 0.375000, train ppl = 2.581031
Step 12000: train_loss = 0.305157, train_acc = 0.875000, train ppl = 1.164834
Step 12100: train_loss = 0.262517, train_acc = 0.875000, train ppl = 1.140262
Step 12200: train_loss = 0.282225, train_acc = 0.875000, train ppl = 1.151554
Step 12300: train_loss = 0.026588, train_acc = 1.000000, train ppl = 1.013383
==== Finshed epoch 11 ====
Evaluating model...
Epoch 11: validation accuracy = 0.925000 -- validation perplexity = 1.069162
Epoch 11: test accuracy: 0.901000
---- Qualitative Analysis
Context: is the chocolate bigger than the chest ? the suitcase is bigger than the chocolate . the chest is bigger than the box . the chest fits inside the container . the box fits inside the suitcase . the chocolate fits inside the box . is the chocolate bigger than the chest ?
Question: is the chocolate bigger than the chest ?
Answer: no </s>
Model prediction: no </s>
=========================
Model checkpoint saved in models/dummy/best_model.ckpt
Step 12400: train_loss = 0.023492, train_acc = 1.000000, train ppl = 1.011815
Step 12500: train_loss = 0.005328, train_acc = 1.000000, train ppl = 1.002668
Step 12600: train_loss = 0.109553, train_acc = 1.000000, train ppl = 1.056304
Step 12700: train_loss = 0.136135, train_acc = 0.875000, train ppl = 1.070438
Step 12800: train_loss = 0.029427, train_acc = 1.000000, train ppl = 1.014822
Step 12900: train_loss = 0.149625, train_acc = 1.000000, train ppl = 1.077682
Step 13000: train_loss = 0.332557, train_acc = 0.750000, train ppl = 1.180902
Step 13100: train_loss = 0.000464, train_acc = 1.000000, train ppl = 1.000232
Step 13200: train_loss = 0.068694, train_acc = 1.000000, train ppl = 1.034943
Step 13300: train_loss = 0.360817, train_acc = 0.875000, train ppl = 1.197706
Step 13400: train_loss = 0.084892, train_acc = 1.000000, train ppl = 1.043360
Step 13500: train_loss = 0.113801, train_acc = 1.000000, train ppl = 1.058550
==== Finshed epoch 12 ====
Evaluating model...
Epoch 12: validation accuracy = 0.915000 -- validation perplexity = 1.071911
Epoch 12: test accuracy: 0.902000
---- Qualitative Analysis
Context: is the box bigger than the box of chocolates ? the box of chocolates fits inside the container . the suitcase is bigger than the chocolate . the box is bigger than the box of chocolates . the chocolate fits inside the container . the chocolate fits inside the container . the box is bigger than the suitcase . the chocolate fits inside the container . the container fits inside the box . the container is bigger than the chocolate . the box of chocolates fits inside the chest . is the box bigger than the box of chocolates ?
Question: is the box bigger than the box of chocolates ?
Answer: yes </s>
Model prediction: yes </s>
=========================
Step 13600: train_loss = 0.134029, train_acc = 0.875000, train ppl = 1.069311
Step 13700: train_loss = 0.927576, train_acc = 0.625000, train ppl = 1.590086
Step 13800: train_loss = 0.063026, train_acc = 1.000000, train ppl = 1.032015
Step 13900: train_loss = 0.278836, train_acc = 0.875000, train ppl = 1.149605
Step 14000: train_loss = 0.040088, train_acc = 1.000000, train ppl = 1.020246
Step 14100: train_loss = 0.102816, train_acc = 0.875000, train ppl = 1.052753
Step 14200: train_loss = 0.362578, train_acc = 0.875000, train ppl = 1.198762
Step 14300: train_loss = 0.000575, train_acc = 1.000000, train ppl = 1.000287
Step 14400: train_loss = 0.000282, train_acc = 1.000000, train ppl = 1.000141
Step 14500: train_loss = 0.105674, train_acc = 0.875000, train ppl = 1.054258
Step 14600: train_loss = 0.017046, train_acc = 1.000000, train ppl = 1.008560
==== Finshed epoch 13 ====
Evaluating model...
Epoch 13: validation accuracy = 0.893000 -- validation perplexity = 1.111775
Epoch 13: test accuracy: 0.914000
---- Qualitative Analysis
Context: is the container bigger than the chocolate ? the box of chocolates is bigger than the chocolate . the container is bigger than the box . the chocolate fits inside the box . the box is bigger than the suitcase . the box is bigger than the chest . is the container bigger than the chocolate ?
Question: is the container bigger than the chocolate ?
Answer: yes </s>
Model prediction: yes </s>
=========================
Step 14700: train_loss = 0.362402, train_acc = 0.875000, train ppl = 1.198656
Step 14800: train_loss = 0.000567, train_acc = 1.000000, train ppl = 1.000284
Step 14900: train_loss = 0.007820, train_acc = 1.000000, train ppl = 1.003918
Step 15000: train_loss = 0.112000, train_acc = 0.875000, train ppl = 1.057598
Step 15100: train_loss = 0.000536, train_acc = 1.000000, train ppl = 1.000268
Step 15200: train_loss = 0.203177, train_acc = 0.875000, train ppl = 1.106928
Step 15300: train_loss = 0.000927, train_acc = 1.000000, train ppl = 1.000464
Step 15400: train_loss = 0.000217, train_acc = 1.000000, train ppl = 1.000108
Step 15500: train_loss = 0.245333, train_acc = 0.875000, train ppl = 1.130507
Step 15600: train_loss = 0.284331, train_acc = 0.750000, train ppl = 1.152767
Step 15700: train_loss = 0.942411, train_acc = 0.625000, train ppl = 1.601924
==== Finshed epoch 14 ====
Evaluating model...
Epoch 14: validation accuracy = 0.910000 -- validation perplexity = 1.066662
Epoch 14: test accuracy: 0.926000
---- Qualitative Analysis
Context: does the suitcase fit in the chocolate ? the box fits inside the chest . the chocolate fits inside the box . the container is bigger than the chocolate . the box of chocolates fits inside the chest . the suitcase is bigger than the container . does the suitcase fit in the chocolate ?
Question: does the suitcase fit in the chocolate ?
Answer: no </s>
Model prediction: no </s>
=========================
Step 15800: train_loss = 1.667346, train_acc = 0.500000, train ppl = 2.301758
Step 15900: train_loss = 0.199180, train_acc = 0.875000, train ppl = 1.104718
Step 16000: train_loss = 0.395223, train_acc = 0.875000, train ppl = 1.218489
Step 16100: train_loss = 0.244963, train_acc = 0.875000, train ppl = 1.130298
Step 16200: train_loss = 0.267253, train_acc = 0.750000, train ppl = 1.142966
Step 16300: train_loss = 0.001461, train_acc = 1.000000, train ppl = 1.000731
Step 16400: train_loss = 0.000362, train_acc = 1.000000, train ppl = 1.000181
Step 16500: train_loss = 0.314357, train_acc = 0.750000, train ppl = 1.170205
Step 16600: train_loss = 0.050577, train_acc = 1.000000, train ppl = 1.025611
Step 16700: train_loss = 0.049707, train_acc = 1.000000, train ppl = 1.025165
Step 16800: train_loss = 0.021199, train_acc = 1.000000, train ppl = 1.010656
==== Finshed epoch 15 ====
Evaluating model...
Epoch 15: validation accuracy = 0.904000 -- validation perplexity = 1.092687
Epoch 15: test accuracy: 0.900000
---- Qualitative Analysis
Context: is the chest bigger than the container ? the box of chocolates is bigger than the chocolate . the container is bigger than the box . the chocolate fits inside the box . the box is bigger than the suitcase . the box is bigger than the chest . is the chest bigger than the container ?
Question: is the chest bigger than the container ?
Answer: no </s>
Model prediction: no </s>
=========================
Step 16900: train_loss = 0.204607, train_acc = 0.875000, train ppl = 1.107720
Step 17000: train_loss = 0.049517, train_acc = 1.000000, train ppl = 1.025068
Step 17100: train_loss = 0.023263, train_acc = 1.000000, train ppl = 1.011699
Step 17200: train_loss = 0.377440, train_acc = 0.750000, train ppl = 1.207703
Step 17300: train_loss = 0.089974, train_acc = 0.875000, train ppl = 1.046014
Step 17400: train_loss = 0.592173, train_acc = 0.875000, train ppl = 1.344586
Step 17500: train_loss = 0.631389, train_acc = 0.750000, train ppl = 1.371212
Step 17600: train_loss = 0.337906, train_acc = 0.750000, train ppl = 1.184064
Step 17700: train_loss = 0.000015, train_acc = 1.000000, train ppl = 1.000008
Step 17800: train_loss = 0.075250, train_acc = 1.000000, train ppl = 1.038342
Step 17900: train_loss = 0.543044, train_acc = 0.875000, train ppl = 1.311960
Step 18000: train_loss = 0.008920, train_acc = 1.000000, train ppl = 1.004470
==== Finshed epoch 16 ====
Evaluating model...
Epoch 16: validation accuracy = 0.893000 -- validation perplexity = 1.117446
Epoch 16: test accuracy: 0.914000
---- Qualitative Analysis
Context: is the chocolate bigger than the suitcase ? the box fits inside the container . the box of chocolates fits inside the box . the chest fits inside the suitcase . the chest is bigger than the box of chocolates . the chest is bigger than the chocolate . is the chocolate bigger than the suitcase ?
Question: is the chocolate bigger than the suitcase ?
Answer: no </s>
Model prediction: no </s>
=========================
Step 18100: train_loss = 0.040107, train_acc = 1.000000, train ppl = 1.020256
Step 18200: train_loss = 0.044180, train_acc = 1.000000, train ppl = 1.022336
Step 18300: train_loss = 0.040287, train_acc = 1.000000, train ppl = 1.020348
Step 18400: train_loss = 0.136735, train_acc = 0.875000, train ppl = 1.070758
Step 18500: train_loss = 0.000028, train_acc = 1.000000, train ppl = 1.000014
Step 18600: train_loss = 0.357079, train_acc = 0.750000, train ppl = 1.195470
Step 18700: train_loss = 0.016918, train_acc = 1.000000, train ppl = 1.008495
Step 18800: train_loss = 0.248853, train_acc = 0.875000, train ppl = 1.132499
Step 18900: train_loss = 0.000040, train_acc = 1.000000, train ppl = 1.000020
Step 19000: train_loss = 0.201652, train_acc = 0.875000, train ppl = 1.106084
Step 19100: train_loss = 0.033124, train_acc = 1.000000, train ppl = 1.016700
==== Finshed epoch 17 ====
Evaluating model...
Epoch 17: validation accuracy = 0.921000 -- validation perplexity = 1.092314
Epoch 17: test accuracy: 0.910000
---- Qualitative Analysis
Context: is the suitcase bigger than the chocolate ? the chest is bigger than the container . the chest is bigger than the box of chocolates . the box is bigger than the chocolate . the chest is bigger than the suitcase . the box of chocolates fits inside the chest . the chocolate fits inside the box . the chocolate fits inside the container . the box is bigger than the box of chocolates . the chest is bigger than the suitcase . the box fits inside the suitcase . is the suitcase bigger than the chocolate ?
Question: is the suitcase bigger than the chocolate ?
Answer: yes </s>
Model prediction: yes </s>
=========================
Step 19200: train_loss = 0.120841, train_acc = 0.875000, train ppl = 1.062283
Step 19300: train_loss = 0.134573, train_acc = 0.875000, train ppl = 1.069602
Step 19400: train_loss = 0.000118, train_acc = 1.000000, train ppl = 1.000059
Step 19500: train_loss = 0.836510, train_acc = 0.875000, train ppl = 1.519308
Step 19600: train_loss = 0.000037, train_acc = 1.000000, train ppl = 1.000019
Step 19700: train_loss = 0.216368, train_acc = 0.875000, train ppl = 1.114253
Step 19800: train_loss = 0.001169, train_acc = 1.000000, train ppl = 1.000584
Step 19900: train_loss = 0.029437, train_acc = 1.000000, train ppl = 1.014828
Step 20000: train_loss = 0.069036, train_acc = 1.000000, train ppl = 1.035120
Step 20100: train_loss = 0.000419, train_acc = 1.000000, train ppl = 1.000210
Step 20200: train_loss = 0.000023, train_acc = 1.000000, train ppl = 1.000012
==== Finshed epoch 18 ====
Evaluating model...
Epoch 18: validation accuracy = 0.893000 -- validation perplexity = 1.131036
Epoch 18: test accuracy: 0.914000
---- Qualitative Analysis
Context: is the chocolate bigger than the suitcase ? the box is bigger than the box of chocolates . the chocolate fits inside the chest . the suitcase is bigger than the chocolate . the chest fits inside the suitcase . the chocolate fits inside the box . is the chocolate bigger than the suitcase ?
Question: is the chocolate bigger than the suitcase ?
Answer: no </s>
Model prediction: no </s>
=========================
Step 20300: train_loss = 0.352543, train_acc = 0.875000, train ppl = 1.192762
Step 20400: train_loss = 0.000039, train_acc = 1.000000, train ppl = 1.000020
Step 20500: train_loss = 0.140459, train_acc = 0.875000, train ppl = 1.072755
Step 20600: train_loss = 0.084166, train_acc = 1.000000, train ppl = 1.042981
Step 20700: train_loss = 0.475638, train_acc = 0.875000, train ppl = 1.268479
Step 20800: train_loss = 0.001557, train_acc = 1.000000, train ppl = 1.000779
Step 20900: train_loss = 0.000156, train_acc = 1.000000, train ppl = 1.000078
Step 21000: train_loss = 0.232587, train_acc = 0.875000, train ppl = 1.123325
Step 21100: train_loss = 0.130138, train_acc = 0.875000, train ppl = 1.067232
Step 21200: train_loss = 0.173581, train_acc = 0.875000, train ppl = 1.090668
Step 21300: train_loss = 0.890230, train_acc = 0.750000, train ppl = 1.560669
==== Finshed epoch 19 ====
Evaluating model...
Epoch 19: validation accuracy = 0.897000 -- validation perplexity = 1.112970
Epoch 19: test accuracy: 0.919000
---- Qualitative Analysis
Context: does the suitcase fit in the chocolate ? the chocolate fits inside the box of chocolates . the chocolate fits inside the chest . the suitcase is bigger than the box of chocolates . the suitcase is bigger than the chest . the chocolate fits inside the container . does the suitcase fit in the chocolate ?
Question: does the suitcase fit in the chocolate ?
Answer: no </s>
Model prediction: no </s>
=========================
Step 21400: train_loss = 0.000189, train_acc = 1.000000, train ppl = 1.000095
Step 21500: train_loss = 0.000028, train_acc = 1.000000, train ppl = 1.000014
Step 21600: train_loss = 0.199354, train_acc = 0.875000, train ppl = 1.104814
Step 21700: train_loss = 0.078788, train_acc = 1.000000, train ppl = 1.040180
Step 21800: train_loss = 0.051510, train_acc = 1.000000, train ppl = 1.026089
Step 21900: train_loss = 0.021673, train_acc = 1.000000, train ppl = 1.010895
Step 22000: train_loss = 0.020622, train_acc = 1.000000, train ppl = 1.010365
Step 22100: train_loss = 0.000015, train_acc = 1.000000, train ppl = 1.000008
Step 22200: train_loss = 0.000398, train_acc = 1.000000, train ppl = 1.000199
Step 22300: train_loss = 0.462489, train_acc = 0.750000, train ppl = 1.260167
Step 22400: train_loss = 0.510736, train_acc = 0.875000, train ppl = 1.290937
Step 22500: train_loss = 0.072267, train_acc = 1.000000, train ppl = 1.036794
==== Finshed epoch 20 ====
Evaluating model...
Epoch 20: validation accuracy = 0.913000 -- validation perplexity = 1.083588
Epoch 20: test accuracy: 0.903000
---- Qualitative Analysis
Context: does the chest fit in the box of chocolates ? the box is bigger than the box of chocolates . the chocolate fits inside the chest . the box of chocolates fits inside the box . the container is bigger than the chocolate . the box is bigger than the chocolate . the suitcase fits inside the chest . the chest is bigger than the suitcase . the chest is bigger than the chocolate . the chocolate fits inside the box of chocolates . the container is bigger than the box of chocolates . the chocolate fits inside the box of chocolates . the box of chocolates fits inside the chest . the suitcase fits inside the box . the suitcase is bigger than the box of chocolates . the box is bigger than the box of chocolates . does the chest fit in the box of chocolates ?
Question: does the chest fit in the box of chocolates ?
Answer: no </s>
Model prediction: no </s>
=========================
Step 22600: train_loss = 0.563058, train_acc = 0.750000, train ppl = 1.325154
Step 22700: train_loss = 0.051429, train_acc = 1.000000, train ppl = 1.026048
Step 22800: train_loss = 0.070381, train_acc = 1.000000, train ppl = 1.035817
Step 22900: train_loss = 0.264556, train_acc = 0.875000, train ppl = 1.141425
Step 23000: train_loss = 0.073772, train_acc = 1.000000, train ppl = 1.037575
Step 23100: train_loss = 0.007089, train_acc = 1.000000, train ppl = 1.003551
Step 23200: train_loss = 0.099991, train_acc = 0.875000, train ppl = 1.051266
Step 23300: train_loss = 0.161464, train_acc = 0.875000, train ppl = 1.084080
Step 23400: train_loss = 0.036644, train_acc = 1.000000, train ppl = 1.018491
Step 23500: train_loss = 0.054134, train_acc = 1.000000, train ppl = 1.027436
Step 23600: train_loss = 0.000018, train_acc = 1.000000, train ppl = 1.000009
==== Finshed epoch 21 ====
Evaluating model...
Epoch 21: validation accuracy = 0.897000 -- validation perplexity = 1.081603
Epoch 21: test accuracy: 0.921000
---- Qualitative Analysis
Context: is the box bigger than the box of chocolates ? the chest is bigger than the box of chocolates . the container is bigger than the chest . the container is bigger than the box of chocolates . the chest fits inside the box . the box is bigger than the chocolate . is the box bigger than the box of chocolates ?
Question: is the box bigger than the box of chocolates ?
Answer: yes </s>
Model prediction: yes </s>
=========================
Step 23700: train_loss = 0.619334, train_acc = 0.750000, train ppl = 1.362971
Step 23800: train_loss = 0.000085, train_acc = 1.000000, train ppl = 1.000042
Step 23900: train_loss = 0.361272, train_acc = 0.750000, train ppl = 1.197979
Step 24000: train_loss = 0.000151, train_acc = 1.000000, train ppl = 1.000075
Step 24100: train_loss = 0.001519, train_acc = 1.000000, train ppl = 1.000760
Step 24200: train_loss = 0.317231, train_acc = 0.750000, train ppl = 1.171887
Step 24300: train_loss = 0.067459, train_acc = 1.000000, train ppl = 1.034305
Step 24400: train_loss = 0.211310, train_acc = 0.875000, train ppl = 1.111438
Step 24500: train_loss = 0.000100, train_acc = 1.000000, train ppl = 1.000050
Step 24600: train_loss = 0.010453, train_acc = 1.000000, train ppl = 1.005240
Step 24700: train_loss = 0.009099, train_acc = 1.000000, train ppl = 1.004560
==== Finshed epoch 22 ====
Evaluating model...
Epoch 22: validation accuracy = 0.925000 -- validation perplexity = 1.104644
Epoch 22: test accuracy: 0.902000
---- Qualitative Analysis
Context: is the chest bigger than the box of chocolates ? the box of chocolates fits inside the chest . the suitcase is bigger than the box of chocolates . the chest fits inside the container . the container is bigger than the chest . the suitcase fits inside the chest . is the chest bigger than the box of chocolates ?
Question: is the chest bigger than the box of chocolates ?
Answer: yes </s>
Model prediction: yes </s>
=========================
Step 24800: train_loss = 1.527573, train_acc = 0.750000, train ppl = 2.146388
Step 24900: train_loss = 0.011257, train_acc = 1.000000, train ppl = 1.005644
Step 25000: train_loss = 0.000136, train_acc = 1.000000, train ppl = 1.000068
Step 25100: train_loss = 0.195991, train_acc = 0.875000, train ppl = 1.102958
Step 25200: train_loss = 0.000036, train_acc = 1.000000, train ppl = 1.000018
Step 25300: train_loss = 0.295060, train_acc = 0.875000, train ppl = 1.158968
Step 25400: train_loss = 0.221295, train_acc = 0.875000, train ppl = 1.117001
Step 25500: train_loss = 0.052962, train_acc = 1.000000, train ppl = 1.026835
Step 25600: train_loss = 0.065140, train_acc = 1.000000, train ppl = 1.033106
Step 25700: train_loss = 0.013027, train_acc = 1.000000, train ppl = 1.006535
