cell_type:                gru
num_units:                64
val_split:                0.1
max_gradient_norm:        1.0
model_type:               normal
embedding_size:           32
merge_mode:               concat
model_dir:                models/dummy
vocab:                    data/vocab.txt
learning_rate:            0.001
optimizer:                adam
num_enc_layers:           1
num_epochs:               50
task:                     13
batch_size:               8
data_dir:                 data/en-10k
encoder_type:             bi
dropout_keep_prob:        0.7
restore_from_dir:         None
Loading data...
vocabulary size = 487
Building model...
Running initializers...
Creating summary writers...
Performing evaluation before training...
---- Qualitative Analysis
Context: where is sandra ? john and daniel went back to the garden . following that they journeyed to the bathroom . sandra and mary went back to the bedroom . then they moved to the bathroom . where is sandra ?
Question: where is sandra ?
Answer: bathroom </s>
Model prediction: 39 before 86 put in in in 10 10 objects
=========================
Step 100: train_loss = 1.951130, train_acc = 0.250000, train ppl = 2.652666
Step 200: train_loss = 1.972498, train_acc = 0.125000, train ppl = 2.681158
Step 300: train_loss = 1.811900, train_acc = 0.250000, train ppl = 2.474281
Step 400: train_loss = 1.676911, train_acc = 0.375000, train ppl = 2.312792
Step 500: train_loss = 1.771304, train_acc = 0.250000, train ppl = 2.424564
Step 600: train_loss = 1.717106, train_acc = 0.375000, train ppl = 2.359744
Step 700: train_loss = 0.236496, train_acc = 1.000000, train ppl = 1.125523
Step 800: train_loss = 0.051026, train_acc = 1.000000, train ppl = 1.025841
Step 900: train_loss = 0.954937, train_acc = 0.875000, train ppl = 1.611989
Step 1000: train_loss = 0.019103, train_acc = 1.000000, train ppl = 1.009597
Step 1100: train_loss = 0.757058, train_acc = 0.875000, train ppl = 1.460135
==== Finshed epoch 1 ====
Evaluating model...
Epoch 1: validation accuracy = 0.938000 -- validation perplexity = 1.207162
Epoch 1: test accuracy: 0.944000
---- Qualitative Analysis
Context: where is mary ? john and mary moved to the bedroom . after that they went back to the kitchen . daniel and mary went to the office . following that they went to the bathroom . daniel and john went to the office . after that they travelled to the hallway . where is mary ?
Question: where is mary ?
Answer: bathroom </s>
Model prediction: hallway </s>
=========================
Model checkpoint saved in models/dummy/best_model.ckpt
Step 1200: train_loss = 0.037528, train_acc = 1.000000, train ppl = 1.018941
Step 1300: train_loss = 0.630943, train_acc = 0.875000, train ppl = 1.370905
Step 1400: train_loss = 0.043106, train_acc = 1.000000, train ppl = 1.021787
Step 1500: train_loss = 0.754272, train_acc = 0.875000, train ppl = 1.458103
Step 1600: train_loss = 0.812969, train_acc = 0.875000, train ppl = 1.501530
Step 1700: train_loss = 1.276176, train_acc = 0.750000, train ppl = 1.892859
Step 1800: train_loss = 0.036388, train_acc = 1.000000, train ppl = 1.018360
Step 1900: train_loss = 1.765345, train_acc = 0.625000, train ppl = 2.417352
Step 2000: train_loss = 0.027691, train_acc = 1.000000, train ppl = 1.013942
Step 2100: train_loss = 0.564376, train_acc = 0.875000, train ppl = 1.326028
Step 2200: train_loss = 0.038734, train_acc = 1.000000, train ppl = 1.019556
==== Finshed epoch 2 ====
Evaluating model...
Epoch 2: validation accuracy = 0.938000 -- validation perplexity = 1.185042
Epoch 2: test accuracy: 0.944000
---- Qualitative Analysis
Context: where is daniel ? daniel and mary travelled to the garden . after that they travelled to the hallway . where is daniel ?
Question: where is daniel ?
Answer: hallway </s>
Model prediction: hallway </s>
=========================
Step 2300: train_loss = 0.035341, train_acc = 1.000000, train ppl = 1.017828
Step 2400: train_loss = 1.551172, train_acc = 0.750000, train ppl = 2.171864
Step 2500: train_loss = 0.067000, train_acc = 1.000000, train ppl = 1.034068
Step 2600: train_loss = 0.040799, train_acc = 1.000000, train ppl = 1.020609
Step 2700: train_loss = 1.246805, train_acc = 0.750000, train ppl = 1.865264
Step 2800: train_loss = 0.041657, train_acc = 1.000000, train ppl = 1.021047
Step 2900: train_loss = 0.656310, train_acc = 0.875000, train ppl = 1.388404
Step 3000: train_loss = 0.618811, train_acc = 0.875000, train ppl = 1.362615
Step 3100: train_loss = 1.123155, train_acc = 0.750000, train ppl = 1.753436
Step 3200: train_loss = 1.123571, train_acc = 0.750000, train ppl = 1.753801
Step 3300: train_loss = 0.064053, train_acc = 1.000000, train ppl = 1.032545
==== Finshed epoch 3 ====
Evaluating model...
Epoch 3: validation accuracy = 0.938000 -- validation perplexity = 1.187907
Epoch 3: test accuracy: 0.944000
---- Qualitative Analysis
Context: where is john ? john and daniel went to the bathroom . then they went to the kitchen . daniel and sandra moved to the bathroom . afterwards they went to the bedroom . daniel and mary went back to the garden . following that they went to the bathroom . daniel and mary went to the hallway . afterwards they went to the bedroom . sandra and john journeyed to the bathroom . afterwards they went back to the garden . where is john ?
Question: where is john ?
Answer: garden </s>
Model prediction: garden </s>
=========================
Step 3400: train_loss = 0.772230, train_acc = 0.875000, train ppl = 1.471254
Step 3500: train_loss = 0.041023, train_acc = 1.000000, train ppl = 1.020723
Step 3600: train_loss = 0.053575, train_acc = 1.000000, train ppl = 1.027149
Step 3700: train_loss = 0.060827, train_acc = 1.000000, train ppl = 1.030881
Step 3800: train_loss = 0.058712, train_acc = 1.000000, train ppl = 1.029791
Step 3900: train_loss = 0.678252, train_acc = 0.875000, train ppl = 1.403720
Step 4000: train_loss = 0.055463, train_acc = 1.000000, train ppl = 1.028120
Step 4100: train_loss = 0.668664, train_acc = 0.875000, train ppl = 1.397007
Step 4200: train_loss = 0.634887, train_acc = 0.875000, train ppl = 1.373611
Step 4300: train_loss = 0.063745, train_acc = 1.000000, train ppl = 1.032386
Step 4400: train_loss = 0.065828, train_acc = 1.000000, train ppl = 1.033462
Step 4500: train_loss = 0.099585, train_acc = 1.000000, train ppl = 1.051053
==== Finshed epoch 4 ====
Evaluating model...
Epoch 4: validation accuracy = 0.938000 -- validation perplexity = 1.157335
Epoch 4: test accuracy: 0.944000
---- Qualitative Analysis
Context: where is john ? daniel and john went to the kitchen . afterwards they journeyed to the garden . mary and john went to the office . afterwards they moved to the hallway . where is john ?
Question: where is john ?
Answer: hallway </s>
Model prediction: hallway </s>
=========================
Step 4600: train_loss = 0.517110, train_acc = 0.875000, train ppl = 1.295058
Step 4700: train_loss = 0.092410, train_acc = 1.000000, train ppl = 1.047289
Step 4800: train_loss = 0.087778, train_acc = 1.000000, train ppl = 1.044866
Step 4900: train_loss = 0.476350, train_acc = 0.875000, train ppl = 1.268932
Step 5000: train_loss = 0.267588, train_acc = 0.875000, train ppl = 1.143158
Step 5100: train_loss = 0.056417, train_acc = 1.000000, train ppl = 1.028610
Step 5200: train_loss = 0.052779, train_acc = 1.000000, train ppl = 1.026741
Step 5300: train_loss = 0.551248, train_acc = 0.875000, train ppl = 1.317352
Step 5400: train_loss = 0.037959, train_acc = 1.000000, train ppl = 1.019161
Step 5500: train_loss = 0.333714, train_acc = 0.875000, train ppl = 1.181585
Step 5600: train_loss = 0.028482, train_acc = 1.000000, train ppl = 1.014343
==== Finshed epoch 5 ====
Evaluating model...
Epoch 5: validation accuracy = 0.938000 -- validation perplexity = 1.140952
Epoch 5: test accuracy: 0.944000
---- Qualitative Analysis
Context: where is mary ? daniel and sandra journeyed to the bedroom . following that they travelled to the garden . daniel and mary journeyed to the kitchen . then they journeyed to the hallway . where is mary ?
Question: where is mary ?
Answer: hallway </s>
Model prediction: hallway </s>
=========================
Step 5700: train_loss = 0.027240, train_acc = 1.000000, train ppl = 1.013713
Step 5800: train_loss = 0.520416, train_acc = 0.875000, train ppl = 1.297200
Step 5900: train_loss = 0.413226, train_acc = 0.875000, train ppl = 1.229507
Step 6000: train_loss = 0.311798, train_acc = 0.875000, train ppl = 1.168708
Step 6100: train_loss = 0.044393, train_acc = 1.000000, train ppl = 1.022445
Step 6200: train_loss = 0.014859, train_acc = 1.000000, train ppl = 1.007457
Step 6300: train_loss = 0.033306, train_acc = 1.000000, train ppl = 1.016792
Step 6400: train_loss = 0.583762, train_acc = 0.875000, train ppl = 1.338944
Step 6500: train_loss = 0.044810, train_acc = 1.000000, train ppl = 1.022658
Step 6600: train_loss = 1.287707, train_acc = 0.625000, train ppl = 1.903803
Step 6700: train_loss = 0.048629, train_acc = 1.000000, train ppl = 1.024613
==== Finshed epoch 6 ====
Evaluating model...
Epoch 6: validation accuracy = 0.938000 -- validation perplexity = 1.126250
Epoch 6: test accuracy: 0.944000
---- Qualitative Analysis
Context: where is sandra ? mary and sandra went back to the office . then they went back to the kitchen . sandra and john moved to the office . following that they went back to the bathroom . where is sandra ?
Question: where is sandra ?
Answer: bathroom </s>
Model prediction: bathroom </s>
=========================
Step 6800: train_loss = 0.049367, train_acc = 1.000000, train ppl = 1.024990
Step 6900: train_loss = 0.033078, train_acc = 1.000000, train ppl = 1.016676
Step 7000: train_loss = 0.049015, train_acc = 1.000000, train ppl = 1.024810
Step 7100: train_loss = 0.589928, train_acc = 0.750000, train ppl = 1.343078
Step 7200: train_loss = 0.410311, train_acc = 0.875000, train ppl = 1.227716
Step 7300: train_loss = 0.473038, train_acc = 0.875000, train ppl = 1.266831
Step 7400: train_loss = 0.513113, train_acc = 0.875000, train ppl = 1.292472
Step 7500: train_loss = 0.108700, train_acc = 1.000000, train ppl = 1.055854
Step 7600: train_loss = 0.010907, train_acc = 1.000000, train ppl = 1.005469
Step 7700: train_loss = 0.063774, train_acc = 1.000000, train ppl = 1.032401
Step 7800: train_loss = 0.046630, train_acc = 1.000000, train ppl = 1.023589
==== Finshed epoch 7 ====
Evaluating model...
Epoch 7: validation accuracy = 0.938000 -- validation perplexity = 1.127842
Epoch 7: test accuracy: 0.944000
---- Qualitative Analysis
Context: where is mary ? daniel and mary travelled to the kitchen . following that they travelled to the hallway . john and daniel journeyed to the kitchen . following that they journeyed to the hallway . john and mary journeyed to the bathroom . after that they went back to the garden . where is mary ?
Question: where is mary ?
Answer: garden </s>
Model prediction: garden </s>
=========================
Step 7900: train_loss = 0.056300, train_acc = 1.000000, train ppl = 1.028550
Step 8000: train_loss = 0.102233, train_acc = 1.000000, train ppl = 1.052445
Step 8100: train_loss = 0.022014, train_acc = 1.000000, train ppl = 1.011068
Step 8200: train_loss = 0.233613, train_acc = 0.875000, train ppl = 1.123902
Step 8300: train_loss = 0.057885, train_acc = 1.000000, train ppl = 1.029365
Step 8400: train_loss = 0.097617, train_acc = 1.000000, train ppl = 1.050019
Step 8500: train_loss = 0.018550, train_acc = 1.000000, train ppl = 1.009318
Step 8600: train_loss = 0.066975, train_acc = 1.000000, train ppl = 1.034054
Step 8700: train_loss = 0.090775, train_acc = 1.000000, train ppl = 1.046433
Step 8800: train_loss = 0.032362, train_acc = 1.000000, train ppl = 1.016313
Step 8900: train_loss = 1.248032, train_acc = 0.750000, train ppl = 1.866408
Step 9000: train_loss = 0.054618, train_acc = 1.000000, train ppl = 1.027685
==== Finshed epoch 8 ====
Evaluating model...
Epoch 8: validation accuracy = 0.938000 -- validation perplexity = 1.112139
Epoch 8: test accuracy: 0.944000
---- Qualitative Analysis
Context: where is daniel ? sandra and mary travelled to the hallway . following that they went to the bathroom . mary and sandra went back to the bedroom . following that they went to the hallway . mary and daniel travelled to the office . after that they went to the bedroom . where is daniel ?
Question: where is daniel ?
Answer: bedroom </s>
Model prediction: bedroom </s>
=========================
Step 9100: train_loss = 0.059225, train_acc = 1.000000, train ppl = 1.030055
Step 9200: train_loss = 0.027624, train_acc = 1.000000, train ppl = 1.013908
Step 9300: train_loss = 0.064451, train_acc = 1.000000, train ppl = 1.032750
Step 9400: train_loss = 0.037663, train_acc = 1.000000, train ppl = 1.019010
Step 9500: train_loss = 0.039993, train_acc = 1.000000, train ppl = 1.020198
Step 9600: train_loss = 0.032752, train_acc = 1.000000, train ppl = 1.016511
Step 9700: train_loss = 1.251372, train_acc = 0.625000, train ppl = 1.869528
Step 9800: train_loss = 0.074775, train_acc = 1.000000, train ppl = 1.038095
Step 9900: train_loss = 0.463726, train_acc = 0.875000, train ppl = 1.260947
Step 10000: train_loss = 0.119525, train_acc = 1.000000, train ppl = 1.061584
Step 10100: train_loss = 0.676153, train_acc = 0.875000, train ppl = 1.402248
==== Finshed epoch 9 ====
Evaluating model...
Epoch 9: validation accuracy = 0.938000 -- validation perplexity = 1.122678
Epoch 9: test accuracy: 0.944000
---- Qualitative Analysis
Context: where is john ? john and sandra went back to the kitchen . after that they went to the office . sandra and john moved to the bedroom . after that they went to the kitchen . where is john ?
Question: where is john ?
Answer: kitchen </s>
Model prediction: kitchen </s>
=========================
Step 10200: train_loss = 0.031194, train_acc = 1.000000, train ppl = 1.015719
Step 10300: train_loss = 0.064824, train_acc = 1.000000, train ppl = 1.032943
Step 10400: train_loss = 0.022608, train_acc = 1.000000, train ppl = 1.011368
Step 10500: train_loss = 0.421849, train_acc = 0.875000, train ppl = 1.234819
Step 10600: train_loss = 0.015894, train_acc = 1.000000, train ppl = 1.007978
Step 10700: train_loss = 0.439776, train_acc = 0.875000, train ppl = 1.245937
Step 10800: train_loss = 0.057433, train_acc = 1.000000, train ppl = 1.029133
Step 10900: train_loss = 1.146343, train_acc = 0.750000, train ppl = 1.773884
Step 11000: train_loss = 0.358595, train_acc = 0.875000, train ppl = 1.196376
Step 11100: train_loss = 0.566970, train_acc = 0.750000, train ppl = 1.327749
Step 11200: train_loss = 0.755566, train_acc = 0.750000, train ppl = 1.459046
==== Finshed epoch 10 ====
Evaluating model...
Epoch 10: validation accuracy = 0.938000 -- validation perplexity = 1.120082
Epoch 10: test accuracy: 0.944000
---- Qualitative Analysis
Context: where is sandra ? sandra and daniel travelled to the bathroom . afterwards they went back to the office . daniel and mary travelled to the hallway . following that they went back to the office . mary and sandra moved to the hallway . then they went to the kitchen . where is sandra ?
Question: where is sandra ?
Answer: kitchen </s>
Model prediction: kitchen </s>
=========================
Step 11300: train_loss = 0.448712, train_acc = 0.875000, train ppl = 1.251516
Step 11400: train_loss = 0.025078, train_acc = 1.000000, train ppl = 1.012618
Step 11500: train_loss = 0.384616, train_acc = 0.875000, train ppl = 1.212044
Step 11600: train_loss = 0.049533, train_acc = 1.000000, train ppl = 1.025076
Step 11700: train_loss = 0.050377, train_acc = 1.000000, train ppl = 1.025508
Step 11800: train_loss = 0.065282, train_acc = 1.000000, train ppl = 1.033179
Step 11900: train_loss = 0.030490, train_acc = 1.000000, train ppl = 1.015362
Step 12000: train_loss = 0.028127, train_acc = 1.000000, train ppl = 1.014163
Step 12100: train_loss = 0.388130, train_acc = 0.875000, train ppl = 1.214175
Step 12200: train_loss = 0.471714, train_acc = 0.875000, train ppl = 1.265993
Step 12300: train_loss = 0.048229, train_acc = 1.000000, train ppl = 1.024408
==== Finshed epoch 11 ====
Evaluating model...
Epoch 11: validation accuracy = 0.938000 -- validation perplexity = 1.119440
Epoch 11: test accuracy: 0.944000
---- Qualitative Analysis
Context: where is john ? sandra and daniel journeyed to the hallway . afterwards they went to the garden . john and daniel journeyed to the hallway . afterwards they went back to the kitchen . john and mary went to the bedroom . then they went back to the office . where is john ?
Question: where is john ?
Answer: office </s>
Model prediction: office </s>
=========================
Step 12400: train_loss = 0.060161, train_acc = 1.000000, train ppl = 1.030538
Step 12500: train_loss = 0.043227, train_acc = 1.000000, train ppl = 1.021849
Step 12600: train_loss = 0.075184, train_acc = 1.000000, train ppl = 1.038307
Step 12700: train_loss = 0.023170, train_acc = 1.000000, train ppl = 1.011653
Step 12800: train_loss = 0.022202, train_acc = 1.000000, train ppl = 1.011163
Step 12900: train_loss = 0.022772, train_acc = 1.000000, train ppl = 1.011451
Step 13000: train_loss = 0.427665, train_acc = 0.875000, train ppl = 1.238415
Step 13100: train_loss = 0.522825, train_acc = 0.875000, train ppl = 1.298764
Step 13200: train_loss = 0.453270, train_acc = 0.875000, train ppl = 1.254372
Step 13300: train_loss = 0.243795, train_acc = 0.875000, train ppl = 1.129638
Step 13400: train_loss = 0.061429, train_acc = 1.000000, train ppl = 1.031191
Step 13500: train_loss = 0.018961, train_acc = 1.000000, train ppl = 1.009526
==== Finshed epoch 12 ====
Evaluating model...
Epoch 12: validation accuracy = 0.920000 -- validation perplexity = 1.153550
Epoch 12: test accuracy: 0.927000
---- Qualitative Analysis
Context: where is john ? daniel and john moved to the hallway . afterwards they journeyed to the garden . daniel and john went to the bathroom . after that they went back to the hallway . mary and daniel went back to the office . then they moved to the bedroom . john and sandra went to the office . after that they journeyed to the bedroom . where is john ?
Question: where is john ?
Answer: bedroom </s>
Model prediction: bedroom </s>
=========================
Step 13600: train_loss = 0.034829, train_acc = 1.000000, train ppl = 1.017567
Step 13700: train_loss = 0.338748, train_acc = 0.875000, train ppl = 1.184563
Step 13800: train_loss = 0.255013, train_acc = 0.875000, train ppl = 1.135992
Step 13900: train_loss = 0.725584, train_acc = 0.750000, train ppl = 1.437337
Step 14000: train_loss = 0.080424, train_acc = 1.000000, train ppl = 1.041031
Step 14100: train_loss = 0.035416, train_acc = 1.000000, train ppl = 1.017866
Step 14200: train_loss = 0.387569, train_acc = 0.875000, train ppl = 1.213835
Step 14300: train_loss = 0.297104, train_acc = 0.875000, train ppl = 1.160153
Step 14400: train_loss = 0.061927, train_acc = 1.000000, train ppl = 1.031448
Step 14500: train_loss = 0.499506, train_acc = 0.875000, train ppl = 1.283709
Step 14600: train_loss = 0.351511, train_acc = 0.875000, train ppl = 1.192147
==== Finshed epoch 13 ====
Evaluating model...
Epoch 13: validation accuracy = 0.938000 -- validation perplexity = 1.134844
Epoch 13: test accuracy: 0.944000
---- Qualitative Analysis
Context: where is mary ? sandra and daniel moved to the office . afterwards they went to the bathroom . john and daniel travelled to the kitchen . afterwards they moved to the garden . john and daniel travelled to the bedroom . then they journeyed to the kitchen . daniel and mary went to the garden . following that they travelled to the kitchen . john and mary went back to the bedroom . afterwards they went back to the hallway . where is mary ?
Question: where is mary ?
Answer: hallway </s>
Model prediction: hallway </s>
=========================
Step 14700: train_loss = 0.042534, train_acc = 1.000000, train ppl = 1.021495
Step 14800: train_loss = 0.243047, train_acc = 0.875000, train ppl = 1.129216
Step 14900: train_loss = 0.085142, train_acc = 1.000000, train ppl = 1.043490
Step 15000: train_loss = 0.393071, train_acc = 0.875000, train ppl = 1.217178
Step 15100: train_loss = 0.239189, train_acc = 0.875000, train ppl = 1.127040
Step 15200: train_loss = 0.476191, train_acc = 0.875000, train ppl = 1.268830
Step 15300: train_loss = 0.044605, train_acc = 1.000000, train ppl = 1.022553
Step 15400: train_loss = 0.021769, train_acc = 1.000000, train ppl = 1.010944
Step 15500: train_loss = 0.042457, train_acc = 1.000000, train ppl = 1.021455
Step 15600: train_loss = 0.504838, train_acc = 0.875000, train ppl = 1.287135
Step 15700: train_loss = 0.484961, train_acc = 0.875000, train ppl = 1.274406
==== Finshed epoch 14 ====
Evaluating model...
Epoch 14: validation accuracy = 0.938000 -- validation perplexity = 1.120719
Epoch 14: test accuracy: 0.944000
---- Qualitative Analysis
Context: where is daniel ? john and mary went to the office . following that they travelled to the bedroom . sandra and daniel travelled to the bathroom . after that they journeyed to the hallway . daniel and sandra travelled to the bathroom . following that they journeyed to the garden . sandra and daniel travelled to the hallway . then they travelled to the kitchen . daniel and mary went back to the office . then they moved to the bedroom . where is daniel ?
Question: where is daniel ?
Answer: bedroom </s>
Model prediction: bedroom </s>
=========================
Step 15800: train_loss = 0.864519, train_acc = 0.750000, train ppl = 1.540735
Step 15900: train_loss = 0.028767, train_acc = 1.000000, train ppl = 1.014487
Step 16000: train_loss = 0.052451, train_acc = 1.000000, train ppl = 1.026572
Step 16100: train_loss = 0.004291, train_acc = 1.000000, train ppl = 1.002148
Step 16200: train_loss = 0.352581, train_acc = 0.875000, train ppl = 1.192785
Step 16300: train_loss = 0.039356, train_acc = 1.000000, train ppl = 1.019873
Step 16400: train_loss = 0.735855, train_acc = 0.750000, train ppl = 1.444737
Step 16500: train_loss = 0.037779, train_acc = 1.000000, train ppl = 1.019069
Step 16600: train_loss = 0.249509, train_acc = 0.875000, train ppl = 1.132870
Step 16700: train_loss = 0.167550, train_acc = 0.875000, train ppl = 1.087384
Step 16800: train_loss = 0.017087, train_acc = 1.000000, train ppl = 1.008580
==== Finshed epoch 15 ====
Evaluating model...
Epoch 15: validation accuracy = 0.935000 -- validation perplexity = 1.143824
Epoch 15: test accuracy: 0.942000
---- Qualitative Analysis
Context: where is sandra ? sandra and daniel went back to the kitchen . afterwards they went back to the garden . where is sandra ?
Question: where is sandra ?
Answer: garden </s>
Model prediction: garden </s>
=========================
Step 16900: train_loss = 0.025585, train_acc = 1.000000, train ppl = 1.012875
Step 17000: train_loss = 0.038729, train_acc = 1.000000, train ppl = 1.019553
Step 17100: train_loss = 0.489243, train_acc = 0.750000, train ppl = 1.277138
Step 17200: train_loss = 0.012602, train_acc = 1.000000, train ppl = 1.006321
Step 17300: train_loss = 0.026092, train_acc = 1.000000, train ppl = 1.013131
Step 17400: train_loss = 0.611302, train_acc = 0.750000, train ppl = 1.357509
Step 17500: train_loss = 0.045695, train_acc = 1.000000, train ppl = 1.023110
Step 17600: train_loss = 0.357927, train_acc = 0.875000, train ppl = 1.195977
Step 17700: train_loss = 0.042220, train_acc = 1.000000, train ppl = 1.021334
Step 17800: train_loss = 0.013565, train_acc = 1.000000, train ppl = 1.006806
Step 17900: train_loss = 0.063422, train_acc = 1.000000, train ppl = 1.032219
Step 18000: train_loss = 0.030369, train_acc = 1.000000, train ppl = 1.015301
==== Finshed epoch 16 ====
Evaluating model...
Epoch 16: validation accuracy = 0.938000 -- validation perplexity = 1.125575
Epoch 16: test accuracy: 0.944000
---- Qualitative Analysis
Context: where is daniel ? daniel and mary went back to the hallway . following that they went to the bathroom . john and mary travelled to the kitchen . after that they moved to the garden . mary and sandra went to the office . following that they travelled to the bedroom . sandra and mary went back to the kitchen . following that they travelled to the bedroom . daniel and mary moved to the kitchen . following that they journeyed to the office . where is daniel ?
Question: where is daniel ?
Answer: office </s>
Model prediction: office </s>
=========================
Step 18100: train_loss = 0.090933, train_acc = 1.000000, train ppl = 1.046516
Step 18200: train_loss = 0.040874, train_acc = 1.000000, train ppl = 1.020647
Step 18300: train_loss = 0.633693, train_acc = 0.750000, train ppl = 1.372792
Step 18400: train_loss = 0.455058, train_acc = 0.875000, train ppl = 1.255494
Step 18500: train_loss = 0.040851, train_acc = 1.000000, train ppl = 1.020635
Step 18600: train_loss = 0.037065, train_acc = 1.000000, train ppl = 1.018705
Step 18700: train_loss = 0.043669, train_acc = 1.000000, train ppl = 1.022075
Step 18800: train_loss = 0.031026, train_acc = 1.000000, train ppl = 1.015634
Step 18900: train_loss = 0.024552, train_acc = 1.000000, train ppl = 1.012352
Step 19000: train_loss = 0.214887, train_acc = 0.875000, train ppl = 1.113428
Step 19100: train_loss = 0.796084, train_acc = 0.750000, train ppl = 1.488907
==== Finshed epoch 17 ====
Evaluating model...
Epoch 17: validation accuracy = 0.937000 -- validation perplexity = 1.127297
Epoch 17: test accuracy: 0.944000
---- Qualitative Analysis
Context: where is daniel ? daniel and john went back to the kitchen . following that they went back to the hallway . where is daniel ?
Question: where is daniel ?
Answer: hallway </s>
Model prediction: hallway </s>
=========================
Step 19200: train_loss = 0.106044, train_acc = 1.000000, train ppl = 1.054453
Step 19300: train_loss = 0.070673, train_acc = 1.000000, train ppl = 1.035968
Step 19400: train_loss = 0.344427, train_acc = 0.875000, train ppl = 1.187931
Step 19500: train_loss = 0.033895, train_acc = 1.000000, train ppl = 1.017092
Step 19600: train_loss = 0.289161, train_acc = 0.875000, train ppl = 1.155555
Step 19700: train_loss = 0.737385, train_acc = 0.750000, train ppl = 1.445843
Step 19800: train_loss = 0.578333, train_acc = 0.750000, train ppl = 1.335314
Step 19900: train_loss = 0.082394, train_acc = 1.000000, train ppl = 1.042057
Step 20000: train_loss = 0.068352, train_acc = 1.000000, train ppl = 1.034767
Step 20100: train_loss = 0.251779, train_acc = 0.875000, train ppl = 1.134157
Step 20200: train_loss = 0.105344, train_acc = 1.000000, train ppl = 1.054084
==== Finshed epoch 18 ====
Evaluating model...
Epoch 18: validation accuracy = 0.938000 -- validation perplexity = 1.148864
Epoch 18: test accuracy: 0.938000
---- Qualitative Analysis
Context: where is daniel ? mary and daniel went back to the garden . then they travelled to the bathroom . where is daniel ?
Question: where is daniel ?
Answer: bathroom </s>
Model prediction: bathroom </s>
=========================
Step 20300: train_loss = 0.000884, train_acc = 1.000000, train ppl = 1.000442
Step 20400: train_loss = 0.013572, train_acc = 1.000000, train ppl = 1.006809
Step 20500: train_loss = 0.036128, train_acc = 1.000000, train ppl = 1.018228
Step 20600: train_loss = 0.228502, train_acc = 0.875000, train ppl = 1.121034
Step 20700: train_loss = 0.052776, train_acc = 1.000000, train ppl = 1.026739
Step 20800: train_loss = 0.037251, train_acc = 1.000000, train ppl = 1.018800
Step 20900: train_loss = 0.771178, train_acc = 0.750000, train ppl = 1.470480
Step 21000: train_loss = 0.097785, train_acc = 1.000000, train ppl = 1.050108
Step 21100: train_loss = 0.076039, train_acc = 1.000000, train ppl = 1.038752
Step 21200: train_loss = 0.050553, train_acc = 1.000000, train ppl = 1.025598
Step 21300: train_loss = 0.394633, train_acc = 0.875000, train ppl = 1.218129
==== Finshed epoch 19 ====
Evaluating model...
Epoch 19: validation accuracy = 0.938000 -- validation perplexity = 1.149395
Epoch 19: test accuracy: 0.944000
---- Qualitative Analysis
Context: where is daniel ? daniel and john moved to the hallway . following that they went back to the bedroom . where is daniel ?
Question: where is daniel ?
Answer: bedroom </s>
Model prediction: bedroom </s>
=========================
Step 21400: train_loss = 0.011991, train_acc = 1.000000, train ppl = 1.006013
Step 21500: train_loss = 0.087467, train_acc = 1.000000, train ppl = 1.044704
Step 21600: train_loss = 0.670183, train_acc = 0.750000, train ppl = 1.398068
Step 21700: train_loss = 0.005830, train_acc = 1.000000, train ppl = 1.002919
Step 21800: train_loss = 0.170533, train_acc = 0.875000, train ppl = 1.089007
Step 21900: train_loss = 0.004842, train_acc = 1.000000, train ppl = 1.002424
Step 22000: train_loss = 0.367105, train_acc = 0.875000, train ppl = 1.201478
Step 22100: train_loss = 0.350842, train_acc = 0.875000, train ppl = 1.191748
Step 22200: train_loss = 0.046984, train_acc = 1.000000, train ppl = 1.023770
Step 22300: train_loss = 0.038994, train_acc = 1.000000, train ppl = 1.019688
Step 22400: train_loss = 0.042710, train_acc = 1.000000, train ppl = 1.021585
Step 22500: train_loss = 0.033957, train_acc = 1.000000, train ppl = 1.017123
==== Finshed epoch 20 ====
Evaluating model...
Epoch 20: validation accuracy = 0.935000 -- validation perplexity = 1.139693
Epoch 20: test accuracy: 0.941000
---- Qualitative Analysis
Context: where is daniel ? john and mary went back to the bedroom . following that they journeyed to the hallway . john and sandra went to the bathroom . after that they went to the hallway . daniel and sandra went back to the bedroom . following that they moved to the bathroom . where is daniel ?
Question: where is daniel ?
Answer: bathroom </s>
Model prediction: bathroom </s>
=========================
Step 22600: train_loss = 0.404889, train_acc = 0.875000, train ppl = 1.224392
Step 22700: train_loss = 0.366458, train_acc = 0.875000, train ppl = 1.201090
Step 22800: train_loss = 0.304033, train_acc = 0.875000, train ppl = 1.164179
Step 22900: train_loss = 0.038873, train_acc = 1.000000, train ppl = 1.019627
Step 23000: train_loss = 0.036164, train_acc = 1.000000, train ppl = 1.018246
Step 23100: train_loss = 0.049960, train_acc = 1.000000, train ppl = 1.025294
Step 23200: train_loss = 0.254180, train_acc = 0.875000, train ppl = 1.135519
Step 23300: train_loss = 0.067764, train_acc = 1.000000, train ppl = 1.034463
Step 23400: train_loss = 0.046888, train_acc = 1.000000, train ppl = 1.023721
Step 23500: train_loss = 0.019693, train_acc = 1.000000, train ppl = 1.009895
Step 23600: train_loss = 0.024169, train_acc = 1.000000, train ppl = 1.012158
==== Finshed epoch 21 ====
Evaluating model...
Epoch 21: validation accuracy = 0.936000 -- validation perplexity = 1.149893
Epoch 21: test accuracy: 0.943000
---- Qualitative Analysis
Context: where is john ? mary and sandra went to the kitchen . afterwards they went to the bathroom . daniel and sandra moved to the kitchen . after that they journeyed to the bedroom . daniel and mary moved to the office . after that they went to the garden . mary and john journeyed to the hallway . following that they went back to the bathroom . where is john ?
Question: where is john ?
Answer: bathroom </s>
Model prediction: bathroom </s>
=========================
Step 23700: train_loss = 0.009630, train_acc = 1.000000, train ppl = 1.004827
Step 23800: train_loss = 0.157441, train_acc = 0.875000, train ppl = 1.081902
Step 23900: train_loss = 0.004252, train_acc = 1.000000, train ppl = 1.002128
Step 24000: train_loss = 0.303135, train_acc = 0.875000, train ppl = 1.163657
Step 24100: train_loss = 0.024698, train_acc = 1.000000, train ppl = 1.012426
Step 24200: train_loss = 0.668951, train_acc = 0.875000, train ppl = 1.397207
Step 24300: train_loss = 0.008155, train_acc = 1.000000, train ppl = 1.004086
Step 24400: train_loss = 0.046684, train_acc = 1.000000, train ppl = 1.023617
Step 24500: train_loss = 1.163432, train_acc = 0.500000, train ppl = 1.789106
Step 24600: train_loss = 0.110025, train_acc = 1.000000, train ppl = 1.056554
Step 24700: train_loss = 0.376279, train_acc = 0.875000, train ppl = 1.207002
==== Finshed epoch 22 ====
Evaluating model...
Epoch 22: validation accuracy = 0.929000 -- validation perplexity = 1.161643
Epoch 22: test accuracy: 0.937000
---- Qualitative Analysis
Context: where is john ? mary and daniel travelled to the bathroom . following that they went to the garden . mary and john journeyed to the bathroom . afterwards they moved to the office . john and mary travelled to the garden . after that they went to the office . where is john ?
Question: where is john ?
Answer: office </s>
Model prediction: office </s>
=========================
Step 24800: train_loss = 0.009252, train_acc = 1.000000, train ppl = 1.004637
Step 24900: train_loss = 0.273197, train_acc = 0.875000, train ppl = 1.146368
Step 25000: train_loss = 0.389394, train_acc = 0.875000, train ppl = 1.214943
Step 25100: train_loss = 0.020409, train_acc = 1.000000, train ppl = 1.010257
Step 25200: train_loss = 0.076777, train_acc = 1.000000, train ppl = 1.039135
Step 25300: train_loss = 0.046577, train_acc = 1.000000, train ppl = 1.023562
Step 25400: train_loss = 0.262951, train_acc = 0.875000, train ppl = 1.140510
Step 25500: train_loss = 0.407156, train_acc = 0.875000, train ppl = 1.225781
Step 25600: train_loss = 0.196636, train_acc = 0.875000, train ppl = 1.103314
Step 25700: train_loss = 0.327651, train_acc = 0.875000, train ppl = 1.178009
Step 25800: train_loss = 0.979648, train_acc = 0.875000, train ppl = 1.632029
==== Finshed epoch 23 ====
Evaluating model...
Epoch 23: validation accuracy = 0.923000 -- validation perplexity = 1.176036
Epoch 23: test accuracy: 0.933000
---- Qualitative Analysis
Context: where is john ? sandra and john went back to the hallway . following that they travelled to the office . sandra and john went to the bathroom . afterwards they went to the kitchen . mary and john travelled to the garden . after that they went to the kitchen . john and mary travelled to the garden . then they journeyed to the bathroom . where is john ?
Question: where is john ?
Answer: bathroom </s>
Model prediction: bathroom </s>
=========================
Step 25900: train_loss = 0.039566, train_acc = 1.000000, train ppl = 1.019980
Step 26000: train_loss = 0.010353, train_acc = 1.000000, train ppl = 1.005190
Step 26100: train_loss = 0.042879, train_acc = 1.000000, train ppl = 1.021671
Step 26200: train_loss = 0.047613, train_acc = 1.000000, train ppl = 1.024092
Step 26300: train_loss = 0.284416, train_acc = 0.875000, train ppl = 1.152816
Step 26400: train_loss = 0.021028, train_acc = 1.000000, train ppl = 1.010569
Step 26500: train_loss = 0.460309, train_acc = 0.875000, train ppl = 1.258795
Step 26600: train_loss = 0.295412, train_acc = 0.875000, train ppl = 1.159172
Step 26700: train_loss = 0.390946, train_acc = 0.875000, train ppl = 1.215886
Step 26800: train_loss = 0.034281, train_acc = 1.000000, train ppl = 1.017288
Step 26900: train_loss = 0.015981, train_acc = 1.000000, train ppl = 1.008022
Step 27000: train_loss = 0.685520, train_acc = 0.750000, train ppl = 1.408830
==== Finshed epoch 24 ====
Evaluating model...
Epoch 24: validation accuracy = 0.925000 -- validation perplexity = 1.184071
Epoch 24: test accuracy: 0.926000
---- Qualitative Analysis
Context: where is mary ? mary and sandra went back to the bedroom . following that they moved to the kitchen . sandra and daniel went back to the bathroom . then they went to the office . daniel and mary travelled to the garden . after that they travelled to the hallway . where is mary ?
Question: where is mary ?
Answer: hallway </s>
Model prediction: hallway </s>
=========================
Step 27100: train_loss = 0.151494, train_acc = 1.000000, train ppl = 1.078690
Step 27200: train_loss = 0.007801, train_acc = 1.000000, train ppl = 1.003908
Step 27300: train_loss = 0.157509, train_acc = 0.875000, train ppl = 1.081939
Step 27400: train_loss = 0.008010, train_acc = 1.000000, train ppl = 1.004013
Step 27500: train_loss = 0.010639, train_acc = 1.000000, train ppl = 1.005334
Step 27600: train_loss = 0.189497, train_acc = 0.875000, train ppl = 1.099382
Step 27700: train_loss = 0.366879, train_acc = 0.875000, train ppl = 1.201342
Step 27800: train_loss = 0.085569, train_acc = 1.000000, train ppl = 1.043713
Step 27900: train_loss = 0.006641, train_acc = 1.000000, train ppl = 1.003326
Step 28000: train_loss = 0.031159, train_acc = 1.000000, train ppl = 1.015701
Step 28100: train_loss = 0.364237, train_acc = 0.875000, train ppl = 1.199757
==== Finshed epoch 25 ====
Evaluating model...
Epoch 25: validation accuracy = 0.911000 -- validation perplexity = 1.192279
Epoch 25: test accuracy: 0.924000
---- Qualitative Analysis
Context: where is sandra ? mary and sandra travelled to the garden . then they went to the kitchen . sandra and daniel went back to the garden . following that they moved to the office . where is sandra ?
Question: where is sandra ?
Answer: office </s>
Model prediction: kitchen </s>
=========================
Step 28200: train_loss = 0.019541, train_acc = 1.000000, train ppl = 1.009819
Step 28300: train_loss = 0.012865, train_acc = 1.000000, train ppl = 1.006454
Step 28400: train_loss = 0.772499, train_acc = 0.750000, train ppl = 1.471451
Step 28500: train_loss = 0.430626, train_acc = 0.875000, train ppl = 1.240250
Step 28600: train_loss = 0.037364, train_acc = 1.000000, train ppl = 1.018857
Step 28700: train_loss = 0.014430, train_acc = 1.000000, train ppl = 1.007241
Step 28800: train_loss = 0.160355, train_acc = 0.875000, train ppl = 1.083480
Step 28900: train_loss = 0.498809, train_acc = 0.750000, train ppl = 1.283261
Step 29000: train_loss = 0.195929, train_acc = 0.875000, train ppl = 1.102924
Step 29100: train_loss = 0.612986, train_acc = 0.750000, train ppl = 1.358652
Step 29200: train_loss = 0.427021, train_acc = 0.875000, train ppl = 1.238016
==== Finshed epoch 26 ====
Evaluating model...
Epoch 26: validation accuracy = 0.921000 -- validation perplexity = 1.198420
Epoch 26: test accuracy: 0.932000
---- Qualitative Analysis
Context: where is john ? sandra and daniel travelled to the kitchen . then they journeyed to the bedroom . mary and sandra went back to the office . afterwards they moved to the garden . daniel and john went back to the garden . following that they travelled to the bedroom . sandra and daniel moved to the hallway . following that they went to the kitchen . john and mary travelled to the kitchen . then they moved to the bedroom . where is john ?
Question: where is john ?
Answer: bedroom </s>
Model prediction: bedroom </s>
=========================
Step 29300: train_loss = 0.002728, train_acc = 1.000000, train ppl = 1.001365
Step 29400: train_loss = 0.046298, train_acc = 1.000000, train ppl = 1.023419
Step 29500: train_loss = 0.016775, train_acc = 1.000000, train ppl = 1.008423
Step 29600: train_loss = 0.006077, train_acc = 1.000000, train ppl = 1.003043
Step 29700: train_loss = 0.063997, train_acc = 1.000000, train ppl = 1.032516
Step 29800: train_loss = 0.197054, train_acc = 0.875000, train ppl = 1.103544
Step 29900: train_loss = 0.240324, train_acc = 0.875000, train ppl = 1.127679
Step 30000: train_loss = 0.290833, train_acc = 0.875000, train ppl = 1.156521
Step 30100: train_loss = 0.023632, train_acc = 1.000000, train ppl = 1.011886
Step 30200: train_loss = 0.205245, train_acc = 0.875000, train ppl = 1.108073
Step 30300: train_loss = 0.004189, train_acc = 1.000000, train ppl = 1.002096
==== Finshed epoch 27 ====
Evaluating model...
Epoch 27: validation accuracy = 0.922000 -- validation perplexity = 1.193621
Epoch 27: test accuracy: 0.921000
---- Qualitative Analysis
Context: where is mary ? mary and john went to the hallway . afterwards they journeyed to the garden . where is mary ?
Question: where is mary ?
Answer: garden </s>
Model prediction: garden </s>
=========================
Step 30400: train_loss = 0.429739, train_acc = 0.875000, train ppl = 1.239700
Step 30500: train_loss = 0.024538, train_acc = 1.000000, train ppl = 1.012344
Step 30600: train_loss = 0.003612, train_acc = 1.000000, train ppl = 1.001808
Step 30700: train_loss = 1.095735, train_acc = 0.750000, train ppl = 1.729561
Step 30800: train_loss = 0.004788, train_acc = 1.000000, train ppl = 1.002397
Step 30900: train_loss = 0.005423, train_acc = 1.000000, train ppl = 1.002715
Step 31000: train_loss = 0.015701, train_acc = 1.000000, train ppl = 1.007882
Step 31100: train_loss = 0.001139, train_acc = 1.000000, train ppl = 1.000569
Step 31200: train_loss = 0.004231, train_acc = 1.000000, train ppl = 1.002118
Step 31300: train_loss = 0.022292, train_acc = 1.000000, train ppl = 1.011208
Step 31400: train_loss = 0.036021, train_acc = 1.000000, train ppl = 1.018174
Step 31500: train_loss = 0.026341, train_acc = 1.000000, train ppl = 1.013258
==== Finshed epoch 28 ====
Evaluating model...
Epoch 28: validation accuracy = 0.906000 -- validation perplexity = 1.231677
Epoch 28: test accuracy: 0.926000
---- Qualitative Analysis
Context: where is sandra ? mary and sandra moved to the bathroom . after that they journeyed to the hallway . mary and daniel travelled to the office . following that they moved to the hallway . sandra and daniel went back to the kitchen . afterwards they moved to the hallway . mary and sandra travelled to the office . following that they journeyed to the bedroom . john and sandra travelled to the hallway . then they moved to the garden . where is sandra ?
Question: where is sandra ?
Answer: garden </s>
Model prediction: garden </s>
=========================
Step 31600: train_loss = 1.126976, train_acc = 0.750000, train ppl = 1.756790
Step 31700: train_loss = 0.351974, train_acc = 0.875000, train ppl = 1.192423
Step 31800: train_loss = 0.238873, train_acc = 0.875000, train ppl = 1.126862
Step 31900: train_loss = 0.005196, train_acc = 1.000000, train ppl = 1.002602
Step 32000: train_loss = 0.169992, train_acc = 0.875000, train ppl = 1.088713
Step 32100: train_loss = 0.240279, train_acc = 0.875000, train ppl = 1.127654
Step 32200: train_loss = 0.249420, train_acc = 0.875000, train ppl = 1.132820
Step 32300: train_loss = 0.161885, train_acc = 0.875000, train ppl = 1.084308
Step 32400: train_loss = 0.036174, train_acc = 1.000000, train ppl = 1.018251
Step 32500: train_loss = 0.019398, train_acc = 1.000000, train ppl = 1.009746
Step 32600: train_loss = 0.007261, train_acc = 1.000000, train ppl = 1.003637
==== Finshed epoch 29 ====
Evaluating model...
Epoch 29: validation accuracy = 0.907000 -- validation perplexity = 1.221561
Epoch 29: test accuracy: 0.926000
---- Qualitative Analysis
Context: where is john ? sandra and john journeyed to the office . then they went to the garden . john and mary went back to the office . following that they journeyed to the kitchen . mary and sandra went back to the bathroom . then they travelled to the garden . john and daniel travelled to the bathroom . then they moved to the hallway . where is john ?
Question: where is john ?
Answer: hallway </s>
Model prediction: hallway </s>
=========================
Step 32700: train_loss = 0.434814, train_acc = 0.875000, train ppl = 1.242850
Step 32800: train_loss = 0.003164, train_acc = 1.000000, train ppl = 1.001583
Step 32900: train_loss = 0.010479, train_acc = 1.000000, train ppl = 1.005253
Step 33000: train_loss = 0.037901, train_acc = 1.000000, train ppl = 1.019131
Step 33100: train_loss = 0.023111, train_acc = 1.000000, train ppl = 1.011623
Step 33200: train_loss = 0.135809, train_acc = 0.875000, train ppl = 1.070263
Step 33300: train_loss = 0.146338, train_acc = 0.875000, train ppl = 1.075912
Step 33400: train_loss = 0.060379, train_acc = 1.000000, train ppl = 1.030650
Step 33500: train_loss = 0.016919, train_acc = 1.000000, train ppl = 1.008496
Step 33600: train_loss = 0.004133, train_acc = 1.000000, train ppl = 1.002069
Step 33700: train_loss = 0.025181, train_acc = 1.000000, train ppl = 1.012670
==== Finshed epoch 30 ====
Evaluating model...
Epoch 30: validation accuracy = 0.908000 -- validation perplexity = 1.246929
Epoch 30: test accuracy: 0.916000
---- Qualitative Analysis
Context: where is john ? john and mary went back to the bedroom . following that they journeyed to the hallway . john and sandra went to the bathroom . after that they went to the hallway . daniel and sandra went back to the bedroom . following that they moved to the bathroom . john and sandra went to the bedroom . following that they travelled to the office . john and daniel went back to the kitchen . afterwards they journeyed to the bedroom . where is john ?
Question: where is john ?
Answer: bedroom </s>
Model prediction: bedroom </s>
=========================
Step 33800: train_loss = 0.002137, train_acc = 1.000000, train ppl = 1.001069
Step 33900: train_loss = 0.003838, train_acc = 1.000000, train ppl = 1.001921
Step 34000: train_loss = 0.021911, train_acc = 1.000000, train ppl = 1.011016
Step 34100: train_loss = 0.023451, train_acc = 1.000000, train ppl = 1.011795
Step 34200: train_loss = 0.255036, train_acc = 0.875000, train ppl = 1.136005
Step 34300: train_loss = 0.011831, train_acc = 1.000000, train ppl = 1.005933
Step 34400: train_loss = 0.001749, train_acc = 1.000000, train ppl = 1.000875
Step 34500: train_loss = 0.019127, train_acc = 1.000000, train ppl = 1.009609
Step 34600: train_loss = 0.027457, train_acc = 1.000000, train ppl = 1.013823
Step 34700: train_loss = 0.578282, train_acc = 0.750000, train ppl = 1.335280
Step 34800: train_loss = 0.003534, train_acc = 1.000000, train ppl = 1.001768
==== Finshed epoch 31 ====
Evaluating model...
Epoch 31: validation accuracy = 0.905000 -- validation perplexity = 1.245991
Epoch 31: test accuracy: 0.908000
---- Qualitative Analysis
Context: where is mary ? mary and daniel moved to the bedroom . afterwards they journeyed to the kitchen . daniel and sandra went to the hallway . following that they journeyed to the garden . john and mary travelled to the hallway . then they went to the bathroom . where is mary ?
Question: where is mary ?
Answer: bathroom </s>
Model prediction: bathroom </s>
=========================
Step 34900: train_loss = 0.009122, train_acc = 1.000000, train ppl = 1.004572
Step 35000: train_loss = 0.014279, train_acc = 1.000000, train ppl = 1.007165
Step 35100: train_loss = 0.016225, train_acc = 1.000000, train ppl = 1.008145
Step 35200: train_loss = 0.002571, train_acc = 1.000000, train ppl = 1.001287
Step 35300: train_loss = 0.004890, train_acc = 1.000000, train ppl = 1.002448
Step 35400: train_loss = 0.042705, train_acc = 1.000000, train ppl = 1.021582
Step 35500: train_loss = 0.502789, train_acc = 0.875000, train ppl = 1.285817
Step 35600: train_loss = 0.022743, train_acc = 1.000000, train ppl = 1.011436
Step 35700: train_loss = 0.008147, train_acc = 1.000000, train ppl = 1.004082
Step 35800: train_loss = 0.055720, train_acc = 1.000000, train ppl = 1.028252
Step 35900: train_loss = 0.013178, train_acc = 1.000000, train ppl = 1.006611
Step 36000: train_loss = 0.111604, train_acc = 1.000000, train ppl = 1.057388
==== Finshed epoch 32 ====
Evaluating model...
Epoch 32: validation accuracy = 0.912000 -- validation perplexity = 1.271042
Epoch 32: test accuracy: 0.920000
---- Qualitative Analysis
Context: where is sandra ? daniel and sandra journeyed to the bathroom . following that they went back to the bedroom . mary and sandra travelled to the bathroom . after that they went back to the office . where is sandra ?
Question: where is sandra ?
Answer: office </s>
Model prediction: office </s>
=========================
Step 36100: train_loss = 0.006338, train_acc = 1.000000, train ppl = 1.003174
Step 36200: train_loss = 0.018385, train_acc = 1.000000, train ppl = 1.009235
Step 36300: train_loss = 0.015894, train_acc = 1.000000, train ppl = 1.007979
Step 36400: train_loss = 0.054790, train_acc = 1.000000, train ppl = 1.027774
Step 36500: train_loss = 0.577379, train_acc = 0.875000, train ppl = 1.334677
Step 36600: train_loss = 0.006921, train_acc = 1.000000, train ppl = 1.003466
Step 36700: train_loss = 0.262204, train_acc = 0.875000, train ppl = 1.140084
Step 36800: train_loss = 0.098580, train_acc = 0.875000, train ppl = 1.050525
Step 36900: train_loss = 0.238563, train_acc = 0.875000, train ppl = 1.126687
Step 37000: train_loss = 0.014217, train_acc = 1.000000, train ppl = 1.007134
Step 37100: train_loss = 0.456474, train_acc = 0.875000, train ppl = 1.256383
==== Finshed epoch 33 ====
Evaluating model...
Epoch 33: validation accuracy = 0.914000 -- validation perplexity = 1.292523
Epoch 33: test accuracy: 0.926000
---- Qualitative Analysis
Context: where is daniel ? daniel and john went back to the kitchen . afterwards they travelled to the bedroom . where is daniel ?
Question: where is daniel ?
Answer: bedroom </s>
Model prediction: bedroom </s>
=========================
Step 37200: train_loss = 0.206804, train_acc = 0.875000, train ppl = 1.108937
Step 37300: train_loss = 0.519137, train_acc = 0.875000, train ppl = 1.296371
Step 37400: train_loss = 0.496437, train_acc = 0.875000, train ppl = 1.281740
Step 37500: train_loss = 0.004172, train_acc = 1.000000, train ppl = 1.002088
Step 37600: train_loss = 0.001531, train_acc = 1.000000, train ppl = 1.000766
Step 37700: train_loss = 0.029108, train_acc = 1.000000, train ppl = 1.014660
Step 37800: train_loss = 0.003276, train_acc = 1.000000, train ppl = 1.001639
Step 37900: train_loss = 0.071665, train_acc = 1.000000, train ppl = 1.036482
Step 38000: train_loss = 0.004103, train_acc = 1.000000, train ppl = 1.002053
Step 38100: train_loss = 0.007183, train_acc = 1.000000, train ppl = 1.003598
Step 38200: train_loss = 0.000036, train_acc = 1.000000, train ppl = 1.000018
==== Finshed epoch 34 ====
Evaluating model...
Epoch 34: validation accuracy = 0.894000 -- validation perplexity = 1.333650
Epoch 34: test accuracy: 0.914000
---- Qualitative Analysis
Context: where is john ? sandra and daniel went to the bedroom . then they went to the bathroom . sandra and john journeyed to the garden . following that they moved to the bedroom . where is john ?
Question: where is john ?
Answer: bedroom </s>
Model prediction: bedroom </s>
=========================
Step 38300: train_loss = 0.016739, train_acc = 1.000000, train ppl = 1.008405
Step 38400: train_loss = 0.004451, train_acc = 1.000000, train ppl = 1.002228
Step 38500: train_loss = 0.001278, train_acc = 1.000000, train ppl = 1.000639
Step 38600: train_loss = 0.016881, train_acc = 1.000000, train ppl = 1.008476
Step 38700: train_loss = 0.004359, train_acc = 1.000000, train ppl = 1.002182
Step 38800: train_loss = 0.007751, train_acc = 1.000000, train ppl = 1.003883
Step 38900: train_loss = 0.215577, train_acc = 0.875000, train ppl = 1.113812
Step 39000: train_loss = 0.011279, train_acc = 1.000000, train ppl = 1.005656
Step 39100: train_loss = 0.412571, train_acc = 0.875000, train ppl = 1.229104
Step 39200: train_loss = 0.398594, train_acc = 0.875000, train ppl = 1.220545
Step 39300: train_loss = 0.045516, train_acc = 1.000000, train ppl = 1.023019
==== Finshed epoch 35 ====
Evaluating model...
Epoch 35: validation accuracy = 0.909000 -- validation perplexity = 1.311899
Epoch 35: test accuracy: 0.917000
---- Qualitative Analysis
Context: where is mary ? mary and daniel went to the kitchen . afterwards they went back to the hallway . where is mary ?
Question: where is mary ?
Answer: hallway </s>
Model prediction: hallway </s>
=========================
Step 39400: train_loss = 0.007785, train_acc = 1.000000, train ppl = 1.003900
Step 39500: train_loss = 0.026731, train_acc = 1.000000, train ppl = 1.013456
Step 39600: train_loss = 0.306508, train_acc = 0.875000, train ppl = 1.165621
Step 39700: train_loss = 0.411609, train_acc = 0.875000, train ppl = 1.228513
Step 39800: train_loss = 0.000764, train_acc = 1.000000, train ppl = 1.000382
Step 39900: train_loss = 0.134812, train_acc = 0.875000, train ppl = 1.069730
Step 40000: train_loss = 0.143602, train_acc = 0.875000, train ppl = 1.074441
Step 40100: train_loss = 0.000925, train_acc = 1.000000, train ppl = 1.000463
Step 40200: train_loss = 0.094014, train_acc = 0.875000, train ppl = 1.048129
Step 40300: train_loss = 0.012277, train_acc = 1.000000, train ppl = 1.006157
Step 40400: train_loss = 0.003240, train_acc = 1.000000, train ppl = 1.001621
Step 40500: train_loss = 0.010141, train_acc = 1.000000, train ppl = 1.005084
==== Finshed epoch 36 ====
Evaluating model...
Epoch 36: validation accuracy = 0.909000 -- validation perplexity = 1.344909
Epoch 36: test accuracy: 0.918000
---- Qualitative Analysis
Context: where is daniel ? john and mary journeyed to the office . then they went to the bathroom . sandra and john travelled to the hallway . afterwards they moved to the office . sandra and john moved to the hallway . following that they moved to the garden . sandra and daniel went to the bathroom . afterwards they went back to the hallway . daniel and sandra went to the office . then they went back to the kitchen . where is daniel ?
Question: where is daniel ?
Answer: kitchen </s>
Model prediction: kitchen </s>
=========================
Step 40600: train_loss = 0.065490, train_acc = 1.000000, train ppl = 1.033287
Step 40700: train_loss = 0.008836, train_acc = 1.000000, train ppl = 1.004428
Step 40800: train_loss = 0.063005, train_acc = 1.000000, train ppl = 1.032004
Step 40900: train_loss = 0.002326, train_acc = 1.000000, train ppl = 1.001164
Step 41000: train_loss = 0.001370, train_acc = 1.000000, train ppl = 1.000685
Step 41100: train_loss = 0.000158, train_acc = 1.000000, train ppl = 1.000079
Step 41200: train_loss = 0.268287, train_acc = 0.875000, train ppl = 1.143557
Step 41300: train_loss = 0.068026, train_acc = 1.000000, train ppl = 1.034598
Step 41400: train_loss = 0.000195, train_acc = 1.000000, train ppl = 1.000098
Step 41500: train_loss = 0.000023, train_acc = 1.000000, train ppl = 1.000012
Step 41600: train_loss = 0.000384, train_acc = 1.000000, train ppl = 1.000192
==== Finshed epoch 37 ====
Evaluating model...
Epoch 37: validation accuracy = 0.899000 -- validation perplexity = 1.359498
Epoch 37: test accuracy: 0.918000
---- Qualitative Analysis
Context: where is john ? daniel and john moved to the kitchen . following that they moved to the bathroom . daniel and john moved to the garden . after that they moved to the bedroom . john and mary journeyed to the kitchen . after that they journeyed to the office . john and mary travelled to the bathroom . following that they moved to the garden . john and daniel journeyed to the hallway . after that they journeyed to the office . where is john ?
Question: where is john ?
Answer: office </s>
Model prediction: office </s>
=========================
Step 41700: train_loss = 0.250531, train_acc = 0.875000, train ppl = 1.133449
Step 41800: train_loss = 0.000502, train_acc = 1.000000, train ppl = 1.000251
Step 41900: train_loss = 0.004522, train_acc = 1.000000, train ppl = 1.002264
Step 42000: train_loss = 0.017392, train_acc = 1.000000, train ppl = 1.008734
Step 42100: train_loss = 0.010965, train_acc = 1.000000, train ppl = 1.005497
Step 42200: train_loss = 0.000927, train_acc = 1.000000, train ppl = 1.000463
Step 42300: train_loss = 0.690819, train_acc = 0.875000, train ppl = 1.412568
Step 42400: train_loss = 0.000872, train_acc = 1.000000, train ppl = 1.000436
Step 42500: train_loss = 0.005798, train_acc = 1.000000, train ppl = 1.002903
Step 42600: train_loss = 0.001494, train_acc = 1.000000, train ppl = 1.000747
Step 42700: train_loss = 0.033021, train_acc = 1.000000, train ppl = 1.016648
==== Finshed epoch 38 ====
Evaluating model...
Epoch 38: validation accuracy = 0.901000 -- validation perplexity = 1.384820
Epoch 38: test accuracy: 0.906000
---- Qualitative Analysis
Context: where is daniel ? sandra and daniel journeyed to the office . then they went back to the garden . where is daniel ?
Question: where is daniel ?
Answer: garden </s>
Model prediction: garden </s>
=========================
Step 42800: train_loss = 0.001151, train_acc = 1.000000, train ppl = 1.000576
Step 42900: train_loss = 0.100044, train_acc = 0.875000, train ppl = 1.051294
Step 43000: train_loss = 0.069279, train_acc = 1.000000, train ppl = 1.035246
Step 43100: train_loss = 0.000592, train_acc = 1.000000, train ppl = 1.000296
Step 43200: train_loss = 0.037747, train_acc = 1.000000, train ppl = 1.019053
Step 43300: train_loss = 0.761679, train_acc = 0.875000, train ppl = 1.463513
Step 43400: train_loss = 0.004543, train_acc = 1.000000, train ppl = 1.002274
Step 43500: train_loss = 0.015236, train_acc = 1.000000, train ppl = 1.007647
Step 43600: train_loss = 0.102021, train_acc = 0.875000, train ppl = 1.052334
Step 43700: train_loss = 0.041479, train_acc = 1.000000, train ppl = 1.020956
Step 43800: train_loss = 0.000191, train_acc = 1.000000, train ppl = 1.000096
==== Finshed epoch 39 ====
Evaluating model...
Epoch 39: validation accuracy = 0.894000 -- validation perplexity = 1.375910
Epoch 39: test accuracy: 0.917000
---- Qualitative Analysis
Context: where is daniel ? john and daniel moved to the kitchen . following that they went to the garden . mary and daniel moved to the bedroom . following that they moved to the garden . john and mary went back to the office . after that they moved to the garden . mary and daniel travelled to the bathroom . following that they went back to the bedroom . mary and sandra went back to the garden . after that they journeyed to the kitchen . where is daniel ?
Question: where is daniel ?
Answer: bedroom </s>
Model prediction: kitchen </s>
=========================
Step 43900: train_loss = 0.003552, train_acc = 1.000000, train ppl = 1.001778
Step 44000: train_loss = 0.010479, train_acc = 1.000000, train ppl = 1.005253
Step 44100: train_loss = 0.000109, train_acc = 1.000000, train ppl = 1.000054
Step 44200: train_loss = 0.607242, train_acc = 0.875000, train ppl = 1.354756
Step 44300: train_loss = 0.028424, train_acc = 1.000000, train ppl = 1.014313
Step 44400: train_loss = 0.022663, train_acc = 1.000000, train ppl = 1.011396
Step 44500: train_loss = 0.223737, train_acc = 0.875000, train ppl = 1.118366
Step 44600: train_loss = 0.246766, train_acc = 0.750000, train ppl = 1.131317
Step 44700: train_loss = 0.094226, train_acc = 0.875000, train ppl = 1.048240
Step 44800: train_loss = 0.007830, train_acc = 1.000000, train ppl = 1.003923
Step 44900: train_loss = 0.009983, train_acc = 1.000000, train ppl = 1.005004
Step 45000: train_loss = 0.000340, train_acc = 1.000000, train ppl = 1.000170
==== Finshed epoch 40 ====
Evaluating model...
Epoch 40: validation accuracy = 0.909000 -- validation perplexity = 1.399117
Epoch 40: test accuracy: 0.911000
---- Qualitative Analysis
Context: where is john ? john and mary travelled to the garden . afterwards they went back to the kitchen . john and mary journeyed to the garden . following that they went to the bedroom . where is john ?
Question: where is john ?
Answer: bedroom </s>
Model prediction: bedroom </s>
=========================
Step 45100: train_loss = 0.004165, train_acc = 1.000000, train ppl = 1.002084
Step 45200: train_loss = 0.000134, train_acc = 1.000000, train ppl = 1.000067
Step 45300: train_loss = 0.074497, train_acc = 1.000000, train ppl = 1.037951
Step 45400: train_loss = 0.000858, train_acc = 1.000000, train ppl = 1.000429
Step 45500: train_loss = 0.000045, train_acc = 1.000000, train ppl = 1.000022
Step 45600: train_loss = 0.153153, train_acc = 1.000000, train ppl = 1.079585
Step 45700: train_loss = 0.003173, train_acc = 1.000000, train ppl = 1.001588
Step 45800: train_loss = 0.000128, train_acc = 1.000000, train ppl = 1.000064
Step 45900: train_loss = 0.000068, train_acc = 1.000000, train ppl = 1.000034
Step 46000: train_loss = 0.000138, train_acc = 1.000000, train ppl = 1.000069
Step 46100: train_loss = 0.000082, train_acc = 1.000000, train ppl = 1.000041
==== Finshed epoch 41 ====
Evaluating model...
Epoch 41: validation accuracy = 0.894000 -- validation perplexity = 1.425016
Epoch 41: test accuracy: 0.914000
---- Qualitative Analysis
Context: where is sandra ? mary and daniel went back to the garden . afterwards they went to the bathroom . sandra and mary travelled to the hallway . afterwards they journeyed to the kitchen . mary and john moved to the bedroom . following that they moved to the bathroom . mary and sandra went to the bedroom . following that they journeyed to the hallway . where is sandra ?
Question: where is sandra ?
Answer: hallway </s>
Model prediction: hallway </s>
=========================
Step 46200: train_loss = 0.001382, train_acc = 1.000000, train ppl = 1.000691
Step 46300: train_loss = 0.006751, train_acc = 1.000000, train ppl = 1.003381
Step 46400: train_loss = 0.020752, train_acc = 1.000000, train ppl = 1.010430
Step 46500: train_loss = 0.003475, train_acc = 1.000000, train ppl = 1.001739
Step 46600: train_loss = 0.046721, train_acc = 1.000000, train ppl = 1.023635
Step 46700: train_loss = 0.003748, train_acc = 1.000000, train ppl = 1.001876
Step 46800: train_loss = 0.000615, train_acc = 1.000000, train ppl = 1.000307
Step 46900: train_loss = 0.000555, train_acc = 1.000000, train ppl = 1.000278
Step 47000: train_loss = 0.000116, train_acc = 1.000000, train ppl = 1.000058
Step 47100: train_loss = 0.000293, train_acc = 1.000000, train ppl = 1.000146
Step 47200: train_loss = 0.000069, train_acc = 1.000000, train ppl = 1.000034
==== Finshed epoch 42 ====
Evaluating model...
Epoch 42: validation accuracy = 0.910000 -- validation perplexity = 1.400723
Epoch 42: test accuracy: 0.916000
---- Qualitative Analysis
Context: where is mary ? sandra and mary journeyed to the garden . following that they travelled to the office . mary and daniel went back to the bathroom . then they moved to the bedroom . where is mary ?
Question: where is mary ?
Answer: bedroom </s>
Model prediction: bedroom </s>
=========================
Step 47300: train_loss = 0.000893, train_acc = 1.000000, train ppl = 1.000446
Step 47400: train_loss = 0.003950, train_acc = 1.000000, train ppl = 1.001977
Step 47500: train_loss = 0.021473, train_acc = 1.000000, train ppl = 1.010794
Step 47600: train_loss = 0.002771, train_acc = 1.000000, train ppl = 1.001386
Step 47700: train_loss = 0.011202, train_acc = 1.000000, train ppl = 1.005617
Step 47800: train_loss = 0.000016, train_acc = 1.000000, train ppl = 1.000008
Step 47900: train_loss = 0.000752, train_acc = 1.000000, train ppl = 1.000376
Step 48000: train_loss = 0.000133, train_acc = 1.000000, train ppl = 1.000066
Step 48100: train_loss = 0.613521, train_acc = 0.875000, train ppl = 1.359016
Step 48200: train_loss = 0.000011, train_acc = 1.000000, train ppl = 1.000005
Step 48300: train_loss = 0.012133, train_acc = 1.000000, train ppl = 1.006085
==== Finshed epoch 43 ====
Evaluating model...
Epoch 43: validation accuracy = 0.908000 -- validation perplexity = 1.472700
Epoch 43: test accuracy: 0.918000
---- Qualitative Analysis
Context: where is sandra ? daniel and mary travelled to the bedroom . after that they went to the bathroom . mary and daniel journeyed to the hallway . afterwards they went back to the office . john and sandra moved to the bathroom . after that they journeyed to the office . daniel and sandra went back to the hallway . after that they moved to the garden . where is sandra ?
Question: where is sandra ?
Answer: garden </s>
Model prediction: garden </s>
=========================
Step 48400: train_loss = 0.001586, train_acc = 1.000000, train ppl = 1.000793
Step 48500: train_loss = 0.000274, train_acc = 1.000000, train ppl = 1.000137
Step 48600: train_loss = 0.000136, train_acc = 1.000000, train ppl = 1.000068
Step 48700: train_loss = 0.000313, train_acc = 1.000000, train ppl = 1.000157
Step 48800: train_loss = 0.000009, train_acc = 1.000000, train ppl = 1.000005
Step 48900: train_loss = 0.009267, train_acc = 1.000000, train ppl = 1.004644
Step 49000: train_loss = 0.004267, train_acc = 1.000000, train ppl = 1.002136
Step 49100: train_loss = 0.430899, train_acc = 0.875000, train ppl = 1.240419
Step 49200: train_loss = 0.000150, train_acc = 1.000000, train ppl = 1.000075
Step 49300: train_loss = 0.001167, train_acc = 1.000000, train ppl = 1.000584
Step 49400: train_loss = 0.004952, train_acc = 1.000000, train ppl = 1.002479
Step 49500: train_loss = 0.116084, train_acc = 0.875000, train ppl = 1.059760
==== Finshed epoch 44 ====
Evaluating model...
Epoch 44: validation accuracy = 0.907000 -- validation perplexity = 1.463897
Epoch 44: test accuracy: 0.922000
---- Qualitative Analysis
Context: where is john ? sandra and john journeyed to the office . then they went to the garden . john and mary went back to the office . following that they journeyed to the kitchen . mary and sandra went back to the bathroom . then they travelled to the garden . john and daniel travelled to the bathroom . then they moved to the hallway . where is john ?
Question: where is john ?
Answer: hallway </s>
Model prediction: hallway </s>
=========================
Step 49600: train_loss = 0.018991, train_acc = 1.000000, train ppl = 1.009541
Step 49700: train_loss = 0.000251, train_acc = 1.000000, train ppl = 1.000126
Step 49800: train_loss = 0.000278, train_acc = 1.000000, train ppl = 1.000139
Step 49900: train_loss = 0.008329, train_acc = 1.000000, train ppl = 1.004173
Step 50000: train_loss = 0.000061, train_acc = 1.000000, train ppl = 1.000031
Step 50100: train_loss = 0.000612, train_acc = 1.000000, train ppl = 1.000306
Step 50200: train_loss = 0.500505, train_acc = 0.875000, train ppl = 1.284350
Step 50300: train_loss = 0.002376, train_acc = 1.000000, train ppl = 1.001189
Step 50400: train_loss = 0.001194, train_acc = 1.000000, train ppl = 1.000597
Step 50500: train_loss = 0.002837, train_acc = 1.000000, train ppl = 1.001419
Step 50600: train_loss = 0.000002, train_acc = 1.000000, train ppl = 1.000001
==== Finshed epoch 45 ====
Evaluating model...
Epoch 45: validation accuracy = 0.893000 -- validation perplexity = 1.477900
Epoch 45: test accuracy: 0.898000
---- Qualitative Analysis
Context: where is john ? mary and john travelled to the office . following that they went back to the hallway . where is john ?
Question: where is john ?
Answer: hallway </s>
Model prediction: hallway </s>
=========================
Step 50700: train_loss = 0.000364, train_acc = 1.000000, train ppl = 1.000182
Step 50800: train_loss = 0.002410, train_acc = 1.000000, train ppl = 1.001206
Step 50900: train_loss = 0.000755, train_acc = 1.000000, train ppl = 1.000377
Step 51000: train_loss = 0.004431, train_acc = 1.000000, train ppl = 1.002218
Step 51100: train_loss = 0.000081, train_acc = 1.000000, train ppl = 1.000041
Step 51200: train_loss = 0.002908, train_acc = 1.000000, train ppl = 1.001455
Step 51300: train_loss = 0.288221, train_acc = 0.875000, train ppl = 1.155012
Step 51400: train_loss = 0.000242, train_acc = 1.000000, train ppl = 1.000121
Step 51500: train_loss = 0.000871, train_acc = 1.000000, train ppl = 1.000436
Step 51600: train_loss = 0.000024, train_acc = 1.000000, train ppl = 1.000012
Step 51700: train_loss = 0.114227, train_acc = 0.875000, train ppl = 1.058776
==== Finshed epoch 46 ====
Evaluating model...
Epoch 46: validation accuracy = 0.893000 -- validation perplexity = 1.519541
Epoch 46: test accuracy: 0.908000
---- Qualitative Analysis
Context: where is sandra ? daniel and mary travelled to the bathroom . afterwards they travelled to the office . daniel and sandra moved to the garden . following that they went to the bedroom . daniel and sandra moved to the hallway . after that they went back to the office . john and sandra moved to the bedroom . after that they journeyed to the garden . where is sandra ?
Question: where is sandra ?
Answer: garden </s>
Model prediction: garden </s>
=========================
Step 51800: train_loss = 0.014202, train_acc = 1.000000, train ppl = 1.007126
Step 51900: train_loss = 0.001123, train_acc = 1.000000, train ppl = 1.000562
Step 52000: train_loss = 0.000048, train_acc = 1.000000, train ppl = 1.000024
Step 52100: train_loss = 0.000086, train_acc = 1.000000, train ppl = 1.000043
Step 52200: train_loss = 0.000026, train_acc = 1.000000, train ppl = 1.000013
Step 52300: train_loss = 0.006845, train_acc = 1.000000, train ppl = 1.003428
Step 52400: train_loss = 0.475657, train_acc = 0.875000, train ppl = 1.268492
Step 52500: train_loss = 0.000465, train_acc = 1.000000, train ppl = 1.000232
Step 52600: train_loss = 0.000958, train_acc = 1.000000, train ppl = 1.000479
Step 52700: train_loss = 0.008149, train_acc = 1.000000, train ppl = 1.004083
Step 52800: train_loss = 0.000061, train_acc = 1.000000, train ppl = 1.000031
==== Finshed epoch 47 ====
Evaluating model...
Epoch 47: validation accuracy = 0.905000 -- validation perplexity = 1.511686
Epoch 47: test accuracy: 0.914000
---- Qualitative Analysis
Context: where is john ? john and sandra moved to the garden . afterwards they travelled to the bathroom . daniel and john journeyed to the office . then they went to the bedroom . daniel and john moved to the office . afterwards they moved to the kitchen . where is john ?
Question: where is john ?
Answer: kitchen </s>
Model prediction: kitchen </s>
=========================
Step 52900: train_loss = 0.000025, train_acc = 1.000000, train ppl = 1.000013
Step 53000: train_loss = 0.016370, train_acc = 1.000000, train ppl = 1.008219
Step 53100: train_loss = 0.000287, train_acc = 1.000000, train ppl = 1.000143
Step 53200: train_loss = 0.022123, train_acc = 1.000000, train ppl = 1.011123
Step 53300: train_loss = 0.000196, train_acc = 1.000000, train ppl = 1.000098
Step 53400: train_loss = 0.007467, train_acc = 1.000000, train ppl = 1.003741
Step 53500: train_loss = 0.000776, train_acc = 1.000000, train ppl = 1.000388
Step 53600: train_loss = 0.070740, train_acc = 1.000000, train ppl = 1.036003
Step 53700: train_loss = 0.231105, train_acc = 0.875000, train ppl = 1.122494
Step 53800: train_loss = 0.000026, train_acc = 1.000000, train ppl = 1.000013
Step 53900: train_loss = 0.000237, train_acc = 1.000000, train ppl = 1.000119
Step 54000: train_loss = 0.184516, train_acc = 0.875000, train ppl = 1.096648
==== Finshed epoch 48 ====
Evaluating model...
Epoch 48: validation accuracy = 0.902000 -- validation perplexity = 1.524659
Epoch 48: test accuracy: 0.922000
---- Qualitative Analysis
Context: where is mary ? sandra and daniel moved to the office . afterwards they went to the bathroom . john and daniel travelled to the kitchen . afterwards they moved to the garden . john and daniel travelled to the bedroom . then they journeyed to the kitchen . daniel and mary went to the garden . following that they travelled to the kitchen . john and mary went back to the bedroom . afterwards they went back to the hallway . where is mary ?
Question: where is mary ?
Answer: hallway </s>
Model prediction: hallway </s>
=========================
Step 54100: train_loss = 0.001849, train_acc = 1.000000, train ppl = 1.000925
Step 54200: train_loss = 0.002328, train_acc = 1.000000, train ppl = 1.001164
Step 54300: train_loss = 0.000211, train_acc = 1.000000, train ppl = 1.000105
Step 54400: train_loss = 0.000000, train_acc = 1.000000, train ppl = 1.000000
Step 54500: train_loss = 0.001784, train_acc = 1.000000, train ppl = 1.000892
Step 54600: train_loss = 0.001524, train_acc = 1.000000, train ppl = 1.000763
Step 54700: train_loss = 0.004796, train_acc = 1.000000, train ppl = 1.002401
Step 54800: train_loss = 0.035271, train_acc = 1.000000, train ppl = 1.017792
Step 54900: train_loss = 0.000222, train_acc = 1.000000, train ppl = 1.000111
Step 55000: train_loss = 0.000077, train_acc = 1.000000, train ppl = 1.000039
Step 55100: train_loss = 0.028507, train_acc = 1.000000, train ppl = 1.014356
==== Finshed epoch 49 ====
Evaluating model...
Epoch 49: validation accuracy = 0.906000 -- validation perplexity = 1.542600
Epoch 49: test accuracy: 0.918000
---- Qualitative Analysis
Context: where is sandra ? john and mary went to the office . following that they travelled to the bedroom . sandra and daniel travelled to the bathroom . after that they journeyed to the hallway . daniel and sandra travelled to the bathroom . following that they journeyed to the garden . sandra and daniel travelled to the hallway . then they travelled to the kitchen . where is sandra ?
Question: where is sandra ?
Answer: kitchen </s>
Model prediction: kitchen </s>
=========================
Step 55200: train_loss = 0.000121, train_acc = 1.000000, train ppl = 1.000060
Step 55300: train_loss = 0.000439, train_acc = 1.000000, train ppl = 1.000219
Step 55400: train_loss = 0.000003, train_acc = 1.000000, train ppl = 1.000002
Step 55500: train_loss = 0.000065, train_acc = 1.000000, train ppl = 1.000033
Step 55600: train_loss = 0.001450, train_acc = 1.000000, train ppl = 1.000725
Step 55700: train_loss = 0.000182, train_acc = 1.000000, train ppl = 1.000091
Step 55800: train_loss = 0.000216, train_acc = 1.000000, train ppl = 1.000108
Step 55900: train_loss = 0.000027, train_acc = 1.000000, train ppl = 1.000014
Step 56000: train_loss = 0.017286, train_acc = 1.000000, train ppl = 1.008681
Step 56100: train_loss = 0.008577, train_acc = 1.000000, train ppl = 1.004297
Step 56200: train_loss = 0.000015, train_acc = 1.000000, train ppl = 1.000008
==== Finshed epoch 50 ====
Evaluating model...
Epoch 50: validation accuracy = 0.908000 -- validation perplexity = 1.576794
Epoch 50: test accuracy: 0.911000
---- Qualitative Analysis
Context: where is john ? daniel and sandra moved to the bedroom . then they went back to the office . john and mary went back to the garden . then they travelled to the bathroom . sandra and mary moved to the kitchen . following that they journeyed to the hallway . john and mary went to the bedroom . following that they went to the bathroom . where is john ?
Question: where is john ?
Answer: bathroom </s>
Model prediction: bathroom </s>
=========================
Best model (acc) at epoch 1 -- validation perplexity = 1.207162 -- validation accuracy = 0.938000 -- test accuracy = 0.944000
0.938
