embedding_size:           256
encoder_type:             bi
num_epochs:               50
model_type:               normal
model_dir:                models/dummy
val_split:                0.1
task:                     17
learning_rate:            0.01
max_gradient_norm:        1.0
batch_size:               8
cell_type:                gru
data_dir:                 data/en-10k
num_enc_layers:           1
merge_mode:               concat
dropout_keep_prob:        0.7
optimizer:                adam
vocab:                    data/vocab.txt
restore_from_dir:         None
num_units:                256
Loading data...
vocabulary size = 487
Building model...
Running initializers...
Creating summary writers...
Performing evaluation before training...
---- Qualitative Analysis
Context: is the yellow square above the triangle ? the yellow square is to the right of the blue square . the blue square is above the triangle . is the yellow square above the triangle ?
Question: is the yellow square above the triangle ?
Answer: yes </s>
Model prediction: 251 this does does does 316 south 80 down ,
=========================
Step 100: train_loss = 0.657797, train_acc = 0.625000, train ppl = 1.389437
Step 200: train_loss = 0.676228, train_acc = 0.625000, train ppl = 1.402300
Step 300: train_loss = 1.032938, train_acc = 0.500000, train ppl = 1.676099
Step 400: train_loss = 1.238980, train_acc = 0.500000, train ppl = 1.857980
Step 500: train_loss = 1.071797, train_acc = 0.250000, train ppl = 1.708984
Step 600: train_loss = 0.703107, train_acc = 0.500000, train ppl = 1.421274
Step 700: train_loss = 0.893787, train_acc = 0.250000, train ppl = 1.563448
Step 800: train_loss = 0.565185, train_acc = 0.750000, train ppl = 1.326565
Step 900: train_loss = 0.865465, train_acc = 0.375000, train ppl = 1.541464
Step 1000: train_loss = 1.417711, train_acc = 0.250000, train ppl = 2.031665
Step 1100: train_loss = 0.547885, train_acc = 0.875000, train ppl = 1.315140
==== Finshed epoch 1 ====
Evaluating model...
Epoch 1: validation accuracy = 0.507000 -- validation perplexity = 1.422028
Epoch 1: test accuracy: 0.480000
---- Qualitative Analysis
Context: is the yellow square below the red sphere ? the blue square is below the yellow square . the red sphere is below the blue square . is the yellow square below the red sphere ?
Question: is the yellow square below the red sphere ?
Answer: no </s>
Model prediction: no </s>
=========================
Model checkpoint saved in models/dummy/best_model.ckpt
Step 1200: train_loss = 0.889804, train_acc = 0.500000, train ppl = 1.560337
Step 1300: train_loss = 0.788118, train_acc = 0.250000, train ppl = 1.482988
Step 1400: train_loss = 1.726492, train_acc = 0.500000, train ppl = 2.370843
Step 1500: train_loss = 1.058073, train_acc = 0.750000, train ppl = 1.697296
Step 1600: train_loss = 0.705524, train_acc = 0.250000, train ppl = 1.422992
Step 1700: train_loss = 1.272503, train_acc = 0.625000, train ppl = 1.889385
Step 1800: train_loss = 0.735451, train_acc = 0.500000, train ppl = 1.444445
Step 1900: train_loss = 0.610419, train_acc = 0.750000, train ppl = 1.356909
Step 2000: train_loss = 1.130016, train_acc = 0.500000, train ppl = 1.759462
Step 2100: train_loss = 0.708660, train_acc = 0.625000, train ppl = 1.425226
Step 2200: train_loss = 0.729786, train_acc = 0.125000, train ppl = 1.440360
==== Finshed epoch 2 ====
Evaluating model...
Epoch 2: validation accuracy = 0.507000 -- validation perplexity = 2.055625
Epoch 2: test accuracy: 0.480000
---- Qualitative Analysis
Context: is the pink rectangle to the right of the yellow square ? the yellow square is above the triangle . the pink rectangle is below the triangle . is the pink rectangle to the right of the yellow square ?
Question: is the pink rectangle to the right of the yellow square ?
Answer: no </s>
Model prediction: no </s>
=========================
Step 2300: train_loss = 1.293413, train_acc = 0.500000, train ppl = 1.909242
Step 2400: train_loss = 1.292228, train_acc = 0.250000, train ppl = 1.908112
Step 2500: train_loss = 0.687297, train_acc = 0.625000, train ppl = 1.410083
Step 2600: train_loss = 1.297758, train_acc = 0.500000, train ppl = 1.913394
Step 2700: train_loss = 0.851398, train_acc = 0.625000, train ppl = 1.530660
Step 2800: train_loss = 0.565863, train_acc = 0.750000, train ppl = 1.327014
Step 2900: train_loss = 0.679261, train_acc = 0.625000, train ppl = 1.404428
Step 3000: train_loss = 0.695465, train_acc = 0.500000, train ppl = 1.415854
Step 3100: train_loss = 0.666193, train_acc = 0.625000, train ppl = 1.395282
Step 3200: train_loss = 0.726087, train_acc = 0.250000, train ppl = 1.437698
Step 3300: train_loss = 1.053285, train_acc = 0.500000, train ppl = 1.693237
==== Finshed epoch 3 ====
Evaluating model...
Epoch 3: validation accuracy = 0.507000 -- validation perplexity = 2.045375
Epoch 3: test accuracy: 0.480000
---- Qualitative Analysis
Context: is the blue square to the right of the red square ? the yellow square is to the right of the red square . the yellow square is below the blue square . is the blue square to the right of the red square ?
Question: is the blue square to the right of the red square ?
Answer: yes </s>
Model prediction: no </s>
=========================
Step 3400: train_loss = 0.723562, train_acc = 0.500000, train ppl = 1.435885
Step 3500: train_loss = 0.705340, train_acc = 0.250000, train ppl = 1.422862
Step 3600: train_loss = 1.070568, train_acc = 0.250000, train ppl = 1.707933
Step 3700: train_loss = 0.768796, train_acc = 0.375000, train ppl = 1.468730
Step 3800: train_loss = 1.571692, train_acc = 0.500000, train ppl = 2.194262
Step 3900: train_loss = 1.256700, train_acc = 0.500000, train ppl = 1.874515
Step 4000: train_loss = 0.402949, train_acc = 0.875000, train ppl = 1.223205
Step 4100: train_loss = 3.456350, train_acc = 0.375000, train ppl = 5.630369
Step 4200: train_loss = 1.341330, train_acc = 0.250000, train ppl = 1.955538
Step 4300: train_loss = 0.575378, train_acc = 0.750000, train ppl = 1.333343
Step 4400: train_loss = 0.805366, train_acc = 0.375000, train ppl = 1.495832
Step 4500: train_loss = 2.208632, train_acc = 0.375000, train ppl = 3.017160
==== Finshed epoch 4 ====
Evaluating model...
Epoch 4: validation accuracy = 0.493000 -- validation perplexity = 1.935422
Epoch 4: test accuracy: 0.520000
---- Qualitative Analysis
Context: is the red sphere to the left of the triangle ? the yellow square is above the triangle . the red sphere is to the left of the yellow square . is the red sphere to the left of the triangle ?
Question: is the red sphere to the left of the triangle ?
Answer: yes </s>
Model prediction: yes </s>
=========================
Step 4600: train_loss = 2.449013, train_acc = 0.500000, train ppl = 3.402487
Step 4700: train_loss = 2.816252, train_acc = 0.375000, train ppl = 4.088286
Step 4800: train_loss = 2.003169, train_acc = 0.500000, train ppl = 2.722592
Step 4900: train_loss = 1.839167, train_acc = 0.250000, train ppl = 2.508246
Step 5000: train_loss = 0.913663, train_acc = 0.625000, train ppl = 1.579063
Step 5100: train_loss = 1.012788, train_acc = 0.500000, train ppl = 1.659297
Step 5200: train_loss = 1.182624, train_acc = 0.500000, train ppl = 1.806357
Step 5300: train_loss = 3.572386, train_acc = 0.250000, train ppl = 5.966695
Step 5400: train_loss = 2.316546, train_acc = 0.375000, train ppl = 3.184429
Step 5500: train_loss = 0.864145, train_acc = 0.750000, train ppl = 1.540447
Step 5600: train_loss = 1.665969, train_acc = 0.500000, train ppl = 2.300174
==== Finshed epoch 5 ====
Evaluating model...
Epoch 5: validation accuracy = 0.507000 -- validation perplexity = 1.444306
Epoch 5: test accuracy: 0.480000
---- Qualitative Analysis
Context: is the pink rectangle to the right of the red square ? the red sphere is to the left of the pink rectangle . the red sphere is below the red square . is the pink rectangle to the right of the red square ?
Question: is the pink rectangle to the right of the red square ?
Answer: yes </s>
Model prediction: no </s>
=========================
Step 5700: train_loss = 0.735296, train_acc = 0.500000, train ppl = 1.444333
Step 5800: train_loss = 0.986116, train_acc = 0.375000, train ppl = 1.637315
Step 5900: train_loss = 0.661776, train_acc = 0.625000, train ppl = 1.392204
Step 6000: train_loss = 1.207772, train_acc = 0.625000, train ppl = 1.829213
Step 6100: train_loss = 1.229424, train_acc = 0.500000, train ppl = 1.849124
Step 6200: train_loss = 1.297778, train_acc = 0.250000, train ppl = 1.913414
Step 6300: train_loss = 0.902289, train_acc = 0.375000, train ppl = 1.570108
Step 6400: train_loss = 0.669210, train_acc = 0.625000, train ppl = 1.397388
Step 6500: train_loss = 1.220264, train_acc = 0.375000, train ppl = 1.840674
Step 6600: train_loss = 2.269123, train_acc = 0.375000, train ppl = 3.109809
Step 6700: train_loss = 0.733165, train_acc = 0.375000, train ppl = 1.442795
==== Finshed epoch 6 ====
Evaluating model...
Epoch 6: validation accuracy = 0.507000 -- validation perplexity = 1.841945
Epoch 6: test accuracy: 0.480000
---- Qualitative Analysis
Context: is the red square above the red sphere ? the red square is below the pink rectangle . the pink rectangle is below the red sphere . is the red square above the red sphere ?
Question: is the red square above the red sphere ?
Answer: no </s>
Model prediction: no </s>
=========================
Step 6800: train_loss = 0.838301, train_acc = 0.375000, train ppl = 1.520669
Step 6900: train_loss = 0.700933, train_acc = 0.500000, train ppl = 1.419730
Step 7000: train_loss = 1.114600, train_acc = 0.625000, train ppl = 1.745952
Step 7100: train_loss = 2.006397, train_acc = 0.375000, train ppl = 2.726991
Step 7200: train_loss = 0.944515, train_acc = 0.375000, train ppl = 1.603610
Step 7300: train_loss = 1.114288, train_acc = 0.750000, train ppl = 1.745680
Step 7400: train_loss = 1.634757, train_acc = 0.750000, train ppl = 2.264555
Step 7500: train_loss = 4.251199, train_acc = 0.000000, train ppl = 8.377919
Step 7600: train_loss = 0.672781, train_acc = 0.625000, train ppl = 1.399886
Step 7700: train_loss = 2.320517, train_acc = 0.375000, train ppl = 3.190758
Step 7800: train_loss = 0.899328, train_acc = 0.375000, train ppl = 1.567785
==== Finshed epoch 7 ====
Evaluating model...
Epoch 7: validation accuracy = 0.493000 -- validation perplexity = 5.589637
Epoch 7: test accuracy: 0.520000
---- Qualitative Analysis
Context: is the blue square to the right of the red square ? the triangle is above the blue square . the triangle is below the red square . is the blue square to the right of the red square ?
Question: is the blue square to the right of the red square ?
Answer: no </s>
Model prediction: yes </s>
=========================
Step 7900: train_loss = 1.327955, train_acc = 0.500000, train ppl = 1.942503
Step 8000: train_loss = 0.564943, train_acc = 0.750000, train ppl = 1.326404
Step 8100: train_loss = 1.285105, train_acc = 0.250000, train ppl = 1.901328
Step 8200: train_loss = 0.779828, train_acc = 0.500000, train ppl = 1.476854
Step 8300: train_loss = 3.558166, train_acc = 0.375000, train ppl = 5.924421
Step 8400: train_loss = 2.309851, train_acc = 0.250000, train ppl = 3.173788
Step 8500: train_loss = 1.874553, train_acc = 0.500000, train ppl = 2.553018
Step 8600: train_loss = 2.375772, train_acc = 0.125000, train ppl = 3.280140
Step 8700: train_loss = 2.513274, train_acc = 0.250000, train ppl = 3.513585
Step 8800: train_loss = 0.747394, train_acc = 0.625000, train ppl = 1.453097
Step 8900: train_loss = 0.645847, train_acc = 0.625000, train ppl = 1.381160
Step 9000: train_loss = 3.065690, train_acc = 0.250000, train ppl = 4.631334
==== Finshed epoch 8 ====
Evaluating model...
Epoch 8: validation accuracy = 0.493000 -- validation perplexity = 4.287912
Epoch 8: test accuracy: 0.520000
---- Qualitative Analysis
Context: is the red square to the left of the triangle ? the triangle is to the left of the blue square . the blue square is above the red square . is the red square to the left of the triangle ?
Question: is the red square to the left of the triangle ?
Answer: no </s>
Model prediction: yes </s>
=========================
Step 9100: train_loss = 1.388256, train_acc = 0.750000, train ppl = 2.001963
Step 9200: train_loss = 0.778796, train_acc = 0.250000, train ppl = 1.476092
Step 9300: train_loss = 3.472548, train_acc = 0.375000, train ppl = 5.676155
Step 9400: train_loss = 1.273913, train_acc = 0.500000, train ppl = 1.890718
Step 9500: train_loss = 1.385620, train_acc = 0.500000, train ppl = 1.999326
Step 9600: train_loss = 1.273115, train_acc = 0.625000, train ppl = 1.889964
Step 9700: train_loss = 0.682931, train_acc = 0.750000, train ppl = 1.407008
Step 9800: train_loss = 0.693072, train_acc = 0.500000, train ppl = 1.414161
Step 9900: train_loss = 2.362789, train_acc = 0.250000, train ppl = 3.258915
Step 10000: train_loss = 1.155330, train_acc = 0.375000, train ppl = 1.781873
Step 10100: train_loss = 0.856273, train_acc = 0.500000, train ppl = 1.534395
==== Finshed epoch 9 ====
Evaluating model...
Epoch 9: validation accuracy = 0.515000 -- validation perplexity = 1.436710
Epoch 9: test accuracy: 0.482000
---- Qualitative Analysis
Context: is the red square below the yellow square ? the triangle is to the left of the yellow square . the red square is to the left of the triangle . is the red square below the yellow square ?
Question: is the red square below the yellow square ?
Answer: no </s>
Model prediction: no </s>
=========================
Model checkpoint saved in models/dummy/best_model.ckpt
Step 10200: train_loss = 0.843218, train_acc = 0.500000, train ppl = 1.524412
Step 10300: train_loss = 1.941293, train_acc = 0.250000, train ppl = 2.639651
Step 10400: train_loss = 0.859154, train_acc = 0.750000, train ppl = 1.536608
Step 10500: train_loss = 1.107078, train_acc = 0.375000, train ppl = 1.739398
Step 10600: train_loss = 0.974908, train_acc = 0.625000, train ppl = 1.628166
Step 10700: train_loss = 1.919266, train_acc = 0.625000, train ppl = 2.610739
Step 10800: train_loss = 0.643437, train_acc = 0.625000, train ppl = 1.379497
Step 10900: train_loss = 0.715511, train_acc = 0.500000, train ppl = 1.430116
Step 11000: train_loss = 1.089173, train_acc = 0.500000, train ppl = 1.723895
Step 11100: train_loss = 0.544958, train_acc = 0.750000, train ppl = 1.313216
Step 11200: train_loss = 1.538842, train_acc = 0.500000, train ppl = 2.158517
==== Finshed epoch 10 ====
Evaluating model...
Epoch 10: validation accuracy = 0.507000 -- validation perplexity = 2.254873
Epoch 10: test accuracy: 0.480000
---- Qualitative Analysis
Context: is the triangle to the left of the yellow square ? the pink rectangle is below the yellow square . the pink rectangle is to the right of the triangle . is the triangle to the left of the yellow square ?
Question: is the triangle to the left of the yellow square ?
Answer: yes </s>
Model prediction: no </s>
=========================
Step 11300: train_loss = 1.325063, train_acc = 0.375000, train ppl = 1.939696
Step 11400: train_loss = 1.022660, train_acc = 0.250000, train ppl = 1.667507
Step 11500: train_loss = 0.662458, train_acc = 0.500000, train ppl = 1.392679
Step 11600: train_loss = 1.616543, train_acc = 0.500000, train ppl = 2.244025
Step 11700: train_loss = 0.699768, train_acc = 0.500000, train ppl = 1.418903
Step 11800: train_loss = 0.883487, train_acc = 0.500000, train ppl = 1.555417
Step 11900: train_loss = 0.754049, train_acc = 0.500000, train ppl = 1.457940
Step 12000: train_loss = 0.838985, train_acc = 0.375000, train ppl = 1.521190
Step 12100: train_loss = 1.236549, train_acc = 0.375000, train ppl = 1.855723
Step 12200: train_loss = 0.671815, train_acc = 0.500000, train ppl = 1.399210
Step 12300: train_loss = 0.735242, train_acc = 0.500000, train ppl = 1.444295
==== Finshed epoch 11 ====
Evaluating model...
Epoch 11: validation accuracy = 0.507000 -- validation perplexity = 1.991685
Epoch 11: test accuracy: 0.480000
---- Qualitative Analysis
Context: is the yellow square below the red square ? the red sphere is to the right of the yellow square . the red sphere is above the red square . is the yellow square below the red square ?
Question: is the yellow square below the red square ?
Answer: no </s>
Model prediction: no </s>
=========================
Step 12400: train_loss = 1.679379, train_acc = 0.375000, train ppl = 2.315648
Step 12500: train_loss = 1.554182, train_acc = 0.250000, train ppl = 2.175136
Step 12600: train_loss = 1.006659, train_acc = 0.625000, train ppl = 1.654220
Step 12700: train_loss = 0.681261, train_acc = 0.625000, train ppl = 1.405834
Step 12800: train_loss = 1.070822, train_acc = 0.500000, train ppl = 1.708150
Step 12900: train_loss = 2.119765, train_acc = 0.250000, train ppl = 2.886031
Step 13000: train_loss = 2.977395, train_acc = 0.125000, train ppl = 4.431319
Step 13100: train_loss = 1.555466, train_acc = 0.625000, train ppl = 2.176533
Step 13200: train_loss = 2.581499, train_acc = 0.375000, train ppl = 3.635510
Step 13300: train_loss = 1.045654, train_acc = 0.500000, train ppl = 1.686790
Step 13400: train_loss = 1.565516, train_acc = 0.625000, train ppl = 2.187497
Step 13500: train_loss = 0.819791, train_acc = 0.250000, train ppl = 1.506660
==== Finshed epoch 12 ====
Evaluating model...
Epoch 12: validation accuracy = 0.493000 -- validation perplexity = 1.682559
Epoch 12: test accuracy: 0.520000
---- Qualitative Analysis
Context: is the yellow square to the right of the triangle ? the pink rectangle is to the left of the yellow square . the pink rectangle is above the triangle . is the yellow square to the right of the triangle ?
Question: is the yellow square to the right of the triangle ?
Answer: yes </s>
Model prediction: yes </s>
=========================
Step 13600: train_loss = 0.714703, train_acc = 0.625000, train ppl = 1.429538
Step 13700: train_loss = 0.689450, train_acc = 0.500000, train ppl = 1.411601
Step 13800: train_loss = 2.222904, train_acc = 0.375000, train ppl = 3.038768
Step 13900: train_loss = 0.738501, train_acc = 0.500000, train ppl = 1.446650
Step 14000: train_loss = 1.460330, train_acc = 0.625000, train ppl = 2.075423
Step 14100: train_loss = 0.569481, train_acc = 0.750000, train ppl = 1.329417
Step 14200: train_loss = 0.759681, train_acc = 0.500000, train ppl = 1.462051
Step 14300: train_loss = 1.872737, train_acc = 0.625000, train ppl = 2.550702
Step 14400: train_loss = 0.845400, train_acc = 0.500000, train ppl = 1.526077
Step 14500: train_loss = 1.676632, train_acc = 0.500000, train ppl = 2.312470
Step 14600: train_loss = 0.587678, train_acc = 0.625000, train ppl = 1.341568
==== Finshed epoch 13 ====
Evaluating model...
Epoch 13: validation accuracy = 0.487000 -- validation perplexity = 1.436625
Epoch 13: test accuracy: 0.505000
---- Qualitative Analysis
Context: is the blue square to the right of the pink rectangle ? the triangle is to the right of the blue square . the triangle is to the left of the pink rectangle . is the blue square to the right of the pink rectangle ?
Question: is the blue square to the right of the pink rectangle ?
Answer: no </s>
Model prediction: yes </s>
=========================
Step 14700: train_loss = 2.392671, train_acc = 0.500000, train ppl = 3.307973
Step 14800: train_loss = 0.751047, train_acc = 0.500000, train ppl = 1.455753
Step 14900: train_loss = 0.954109, train_acc = 0.500000, train ppl = 1.611321
Step 15000: train_loss = 0.631572, train_acc = 0.625000, train ppl = 1.371337
Step 15100: train_loss = 1.015884, train_acc = 0.750000, train ppl = 1.661868
Step 15200: train_loss = 0.557458, train_acc = 0.750000, train ppl = 1.321449
Step 15300: train_loss = 2.065037, train_acc = 0.625000, train ppl = 2.808130
Step 15400: train_loss = 0.778737, train_acc = 0.500000, train ppl = 1.476048
Step 15500: train_loss = 0.628776, train_acc = 0.750000, train ppl = 1.369421
Step 15600: train_loss = 0.688051, train_acc = 0.625000, train ppl = 1.410615
Step 15700: train_loss = 2.817250, train_acc = 0.375000, train ppl = 4.090328
==== Finshed epoch 14 ====
Evaluating model...
Epoch 14: validation accuracy = 0.507000 -- validation perplexity = 1.521858
Epoch 14: test accuracy: 0.480000
---- Qualitative Analysis
Context: is the pink rectangle to the left of the blue square ? the red square is to the left of the pink rectangle . the red square is below the blue square . is the pink rectangle to the left of the blue square ?
Question: is the pink rectangle to the left of the blue square ?
Answer: no </s>
Model prediction: no </s>
=========================
Step 15800: train_loss = 1.523191, train_acc = 0.625000, train ppl = 2.141690
Step 15900: train_loss = 1.168362, train_acc = 0.625000, train ppl = 1.793522
Step 16000: train_loss = 2.011782, train_acc = 0.625000, train ppl = 2.734342
Step 16100: train_loss = 0.871556, train_acc = 0.375000, train ppl = 1.546166
Step 16200: train_loss = 0.848487, train_acc = 0.625000, train ppl = 1.528433
Step 16300: train_loss = 0.728034, train_acc = 0.250000, train ppl = 1.439099
Step 16400: train_loss = 1.422079, train_acc = 0.500000, train ppl = 2.036106
Step 16500: train_loss = 0.935538, train_acc = 0.625000, train ppl = 1.596428
Step 16600: train_loss = 0.715890, train_acc = 0.250000, train ppl = 1.430387
Step 16700: train_loss = 0.923059, train_acc = 0.500000, train ppl = 1.586499
Step 16800: train_loss = 0.669166, train_acc = 0.625000, train ppl = 1.397358
==== Finshed epoch 15 ====
Evaluating model...
Epoch 15: validation accuracy = 0.493000 -- validation perplexity = 3.427083
Epoch 15: test accuracy: 0.520000
---- Qualitative Analysis
Context: is the triangle to the left of the blue square ? the yellow square is above the triangle . the yellow square is to the left of the blue square . is the triangle to the left of the blue square ?
Question: is the triangle to the left of the blue square ?
Answer: yes </s>
Model prediction: yes </s>
=========================
Step 16900: train_loss = 1.001989, train_acc = 0.625000, train ppl = 1.650362
Step 17000: train_loss = 0.826172, train_acc = 0.500000, train ppl = 1.511475
Step 17100: train_loss = 0.858572, train_acc = 0.625000, train ppl = 1.536160
Step 17200: train_loss = 1.027158, train_acc = 0.750000, train ppl = 1.671262
Step 17300: train_loss = 1.392774, train_acc = 0.625000, train ppl = 2.006490
Step 17400: train_loss = 1.991545, train_acc = 0.375000, train ppl = 2.706815
Step 17500: train_loss = 1.953803, train_acc = 0.500000, train ppl = 2.656214
Step 17600: train_loss = 1.043613, train_acc = 0.625000, train ppl = 1.685069
Step 17700: train_loss = 0.760041, train_acc = 0.500000, train ppl = 1.462314
Step 17800: train_loss = 1.471885, train_acc = 0.250000, train ppl = 2.087449
Step 17900: train_loss = 1.118395, train_acc = 0.375000, train ppl = 1.749268
Step 18000: train_loss = 0.659823, train_acc = 0.500000, train ppl = 1.390845
==== Finshed epoch 16 ====
Evaluating model...
Epoch 16: validation accuracy = 0.567000 -- validation perplexity = 1.479925
Epoch 16: test accuracy: 0.535000
---- Qualitative Analysis
Context: is the red sphere below the pink rectangle ? the blue square is to the left of the red sphere . the blue square is below the pink rectangle . is the red sphere below the pink rectangle ?
Question: is the red sphere below the pink rectangle ?
Answer: yes </s>
Model prediction: no </s>
=========================
Model checkpoint saved in models/dummy/best_model.ckpt
Step 18100: train_loss = 1.440919, train_acc = 0.625000, train ppl = 2.055378
Step 18200: train_loss = 1.723136, train_acc = 0.500000, train ppl = 2.366869
Step 18300: train_loss = 0.738974, train_acc = 0.375000, train ppl = 1.446992
Step 18400: train_loss = 1.104611, train_acc = 0.375000, train ppl = 1.737254
Step 18500: train_loss = 4.207009, train_acc = 0.250000, train ppl = 8.194839
Step 18600: train_loss = 2.101755, train_acc = 0.375000, train ppl = 2.860159
Step 18700: train_loss = 0.018054, train_acc = 1.000000, train ppl = 1.009068
Step 18800: train_loss = 1.032895, train_acc = 0.250000, train ppl = 1.676062
Step 18900: train_loss = 1.044705, train_acc = 0.500000, train ppl = 1.685989
Step 19000: train_loss = 1.164822, train_acc = 0.500000, train ppl = 1.790350
Step 19100: train_loss = 0.646232, train_acc = 0.625000, train ppl = 1.381426
==== Finshed epoch 17 ====
Evaluating model...
Epoch 17: validation accuracy = 0.507000 -- validation perplexity = 2.378865
Epoch 17: test accuracy: 0.480000
---- Qualitative Analysis
Context: is the red square above the yellow square ? the red sphere is above the yellow square . the red sphere is to the right of the red square . is the red square above the yellow square ?
Question: is the red square above the yellow square ?
Answer: yes </s>
Model prediction: no </s>
=========================
Step 19200: train_loss = 1.414551, train_acc = 0.375000, train ppl = 2.028457
Step 19300: train_loss = 1.046740, train_acc = 0.250000, train ppl = 1.687705
Step 19400: train_loss = 1.205328, train_acc = 0.625000, train ppl = 1.826980
Step 19500: train_loss = 0.701653, train_acc = 0.500000, train ppl = 1.420241
Step 19600: train_loss = 0.387431, train_acc = 0.875000, train ppl = 1.213751
Step 19700: train_loss = 2.309502, train_acc = 0.125000, train ppl = 3.173233
Step 19800: train_loss = 0.681636, train_acc = 0.500000, train ppl = 1.406097
Step 19900: train_loss = 0.663209, train_acc = 0.625000, train ppl = 1.393201
Step 20000: train_loss = 0.745958, train_acc = 0.375000, train ppl = 1.452054
Step 20100: train_loss = 2.859967, train_acc = 0.375000, train ppl = 4.178630
Step 20200: train_loss = 0.720371, train_acc = 0.625000, train ppl = 1.433596
==== Finshed epoch 18 ====
Evaluating model...
Epoch 18: validation accuracy = 0.493000 -- validation perplexity = 1.438806
Epoch 18: test accuracy: 0.520000
---- Qualitative Analysis
Context: is the blue square to the right of the triangle ? the blue square is above the yellow square . the triangle is below the yellow square . is the blue square to the right of the triangle ?
Question: is the blue square to the right of the triangle ?
Answer: no </s>
Model prediction: yes </s>
=========================
Step 20300: train_loss = 0.795792, train_acc = 0.375000, train ppl = 1.488689
Step 20400: train_loss = 1.129719, train_acc = 0.250000, train ppl = 1.759201
Step 20500: train_loss = 1.486055, train_acc = 0.500000, train ppl = 2.102291
Step 20600: train_loss = 1.549704, train_acc = 0.500000, train ppl = 2.170271
Step 20700: train_loss = 0.648762, train_acc = 0.875000, train ppl = 1.383174
Step 20800: train_loss = 0.666211, train_acc = 0.625000, train ppl = 1.395294
Step 20900: train_loss = 0.955137, train_acc = 0.375000, train ppl = 1.612150
Step 21000: train_loss = 0.307192, train_acc = 1.000000, train ppl = 1.166020
Step 21100: train_loss = 2.740763, train_acc = 0.375000, train ppl = 3.936853
Step 21200: train_loss = 0.421110, train_acc = 0.875000, train ppl = 1.234363
Step 21300: train_loss = 1.813208, train_acc = 0.500000, train ppl = 2.475900
==== Finshed epoch 19 ====
Evaluating model...
Epoch 19: validation accuracy = 0.501000 -- validation perplexity = 1.428311
Epoch 19: test accuracy: 0.476000
---- Qualitative Analysis
Context: is the red square to the right of the pink rectangle ? the red sphere is below the red square . the pink rectangle is to the left of the red sphere . is the red square to the right of the pink rectangle ?
Question: is the red square to the right of the pink rectangle ?
Answer: yes </s>
Model prediction: no </s>
=========================
Step 21400: train_loss = 1.236518, train_acc = 0.625000, train ppl = 1.855694
Step 21500: train_loss = 0.665214, train_acc = 0.750000, train ppl = 1.394599
Step 21600: train_loss = 0.618185, train_acc = 0.750000, train ppl = 1.362189
Step 21700: train_loss = 0.684786, train_acc = 0.625000, train ppl = 1.408313
Step 21800: train_loss = 1.457362, train_acc = 0.375000, train ppl = 2.072346
Step 21900: train_loss = 1.345767, train_acc = 0.750000, train ppl = 1.959881
Step 22000: train_loss = 0.987096, train_acc = 0.250000, train ppl = 1.638118
Step 22100: train_loss = 1.401875, train_acc = 0.500000, train ppl = 2.015642
Step 22200: train_loss = 1.895979, train_acc = 0.625000, train ppl = 2.580517
Step 22300: train_loss = 0.618259, train_acc = 0.750000, train ppl = 1.362239
Step 22400: train_loss = 1.825458, train_acc = 0.250000, train ppl = 2.491112
Step 22500: train_loss = 0.748432, train_acc = 0.250000, train ppl = 1.453851
==== Finshed epoch 20 ====
Evaluating model...
Epoch 20: validation accuracy = 0.485000 -- validation perplexity = 1.425375
Epoch 20: test accuracy: 0.511000
---- Qualitative Analysis
Context: is the red sphere below the yellow square ? the blue square is below the yellow square . the red sphere is below the blue square . is the red sphere below the yellow square ?
Question: is the red sphere below the yellow square ?
Answer: yes </s>
Model prediction: yes </s>
=========================
Step 22600: train_loss = 0.738043, train_acc = 0.500000, train ppl = 1.446319
Step 22700: train_loss = 1.962732, train_acc = 0.125000, train ppl = 2.668099
Step 22800: train_loss = 0.974081, train_acc = 0.625000, train ppl = 1.627492
Step 22900: train_loss = 0.949764, train_acc = 0.250000, train ppl = 1.607824
Step 23000: train_loss = 2.222853, train_acc = 0.500000, train ppl = 3.038690
Step 23100: train_loss = 0.610183, train_acc = 0.625000, train ppl = 1.356749
Step 23200: train_loss = 2.235370, train_acc = 0.500000, train ppl = 3.057768
Step 23300: train_loss = 1.079009, train_acc = 0.500000, train ppl = 1.715157
Step 23400: train_loss = 1.741117, train_acc = 0.500000, train ppl = 2.388245
Step 23500: train_loss = 5.064316, train_acc = 0.375000, train ppl = 12.580625
Step 23600: train_loss = 1.107429, train_acc = 0.375000, train ppl = 1.739703
==== Finshed epoch 21 ====
Evaluating model...
Epoch 21: validation accuracy = 0.493000 -- validation perplexity = 3.696871
Epoch 21: test accuracy: 0.520000
---- Qualitative Analysis
Context: is the triangle above the pink rectangle ? the red square is below the triangle . the pink rectangle is to the left of the red square . is the triangle above the pink rectangle ?
Question: is the triangle above the pink rectangle ?
Answer: yes </s>
Model prediction: yes </s>
=========================
Step 23700: train_loss = 0.549756, train_acc = 0.875000, train ppl = 1.316370
Step 23800: train_loss = 1.740726, train_acc = 0.375000, train ppl = 2.387777
Step 23900: train_loss = 1.071706, train_acc = 0.250000, train ppl = 1.708905
Step 24000: train_loss = 1.282624, train_acc = 0.375000, train ppl = 1.898971
Step 24100: train_loss = 1.449818, train_acc = 0.375000, train ppl = 2.064543
Step 24200: train_loss = 1.828793, train_acc = 0.375000, train ppl = 2.495269
Step 24300: train_loss = 1.658831, train_acc = 0.625000, train ppl = 2.291978
Step 24400: train_loss = 0.644577, train_acc = 0.625000, train ppl = 1.380283
Step 24500: train_loss = 1.287837, train_acc = 0.375000, train ppl = 1.903927
Step 24600: train_loss = 1.142811, train_acc = 0.500000, train ppl = 1.770754
Step 24700: train_loss = 1.456255, train_acc = 0.500000, train ppl = 2.071198
==== Finshed epoch 22 ====
Evaluating model...
Epoch 22: validation accuracy = 0.507000 -- validation perplexity = 1.897566
Epoch 22: test accuracy: 0.480000
---- Qualitative Analysis
Context: is the triangle to the right of the pink rectangle ? the red square is below the triangle . the pink rectangle is to the left of the red square . is the triangle to the right of the pink rectangle ?
Question: is the triangle to the right of the pink rectangle ?
Answer: yes </s>
Model prediction: no </s>
=========================
Step 24800: train_loss = 0.675407, train_acc = 0.625000, train ppl = 1.401725
Step 24900: train_loss = 0.602858, train_acc = 0.750000, train ppl = 1.351789
Step 25000: train_loss = 1.027634, train_acc = 0.750000, train ppl = 1.671659
Step 25100: train_loss = 1.380316, train_acc = 0.375000, train ppl = 1.994031
Step 25200: train_loss = 1.447564, train_acc = 0.625000, train ppl = 2.062217
Step 25300: train_loss = 2.398610, train_acc = 0.375000, train ppl = 3.317810
Step 25400: train_loss = 0.687599, train_acc = 0.625000, train ppl = 1.410296
Step 25500: train_loss = 1.173087, train_acc = 0.125000, train ppl = 1.797764
Step 25600: train_loss = 0.672708, train_acc = 0.750000, train ppl = 1.399835
Step 25700: train_loss = 1.182641, train_acc = 0.250000, train ppl = 1.806372
Step 25800: train_loss = 0.715294, train_acc = 0.500000, train ppl = 1.429961
==== Finshed epoch 23 ====
Evaluating model...
Epoch 23: validation accuracy = 0.493000 -- validation perplexity = 3.309511
Epoch 23: test accuracy: 0.520000
---- Qualitative Analysis
Context: is the red square above the pink rectangle ? the blue square is above the pink rectangle . the blue square is below the red square . is the red square above the pink rectangle ?
Question: is the red square above the pink rectangle ?
Answer: yes </s>
Model prediction: yes </s>
=========================
Step 25900: train_loss = 0.583147, train_acc = 0.750000, train ppl = 1.338532
Step 26000: train_loss = 1.520742, train_acc = 0.250000, train ppl = 2.139070
Step 26100: train_loss = 0.869285, train_acc = 0.500000, train ppl = 1.544411
Step 26200: train_loss = 0.981513, train_acc = 0.750000, train ppl = 1.633552
Step 26300: train_loss = 1.421316, train_acc = 0.375000, train ppl = 2.035330
Step 26400: train_loss = 1.624831, train_acc = 0.500000, train ppl = 2.253344
Step 26500: train_loss = 0.778367, train_acc = 0.250000, train ppl = 1.475775
Step 26600: train_loss = 1.627806, train_acc = 0.125000, train ppl = 2.256698
Step 26700: train_loss = 1.653804, train_acc = 0.375000, train ppl = 2.286225
Step 26800: train_loss = 0.904270, train_acc = 0.500000, train ppl = 1.571664
Step 26900: train_loss = 0.747455, train_acc = 0.625000, train ppl = 1.453141
Step 27000: train_loss = 1.194952, train_acc = 0.500000, train ppl = 1.817525
==== Finshed epoch 24 ====
Evaluating model...
Epoch 24: validation accuracy = 0.507000 -- validation perplexity = 1.585404
Epoch 24: test accuracy: 0.480000
---- Qualitative Analysis
Context: is the pink rectangle below the triangle ? the triangle is above the red square . the red square is above the pink rectangle . is the pink rectangle below the triangle ?
Question: is the pink rectangle below the triangle ?
Answer: yes </s>
Model prediction: no </s>
=========================
Step 27100: train_loss = 4.269334, train_acc = 0.375000, train ppl = 8.454232
Step 27200: train_loss = 0.828830, train_acc = 0.250000, train ppl = 1.513485
Step 27300: train_loss = 0.694741, train_acc = 0.625000, train ppl = 1.415341
Step 27400: train_loss = 1.095227, train_acc = 0.625000, train ppl = 1.729121
Step 27500: train_loss = 1.684133, train_acc = 0.500000, train ppl = 2.321158
Step 27600: train_loss = 1.263522, train_acc = 0.375000, train ppl = 1.880920
Step 27700: train_loss = 1.306249, train_acc = 0.500000, train ppl = 1.921536
Step 27800: train_loss = 1.281796, train_acc = 0.125000, train ppl = 1.898184
Step 27900: train_loss = 0.794412, train_acc = 0.500000, train ppl = 1.487662
Step 28000: train_loss = 0.715872, train_acc = 0.500000, train ppl = 1.430374
Step 28100: train_loss = 0.837804, train_acc = 0.500000, train ppl = 1.520292
==== Finshed epoch 25 ====
Evaluating model...
Epoch 25: validation accuracy = 0.493000 -- validation perplexity = 2.999435
Epoch 25: test accuracy: 0.520000
---- Qualitative Analysis
Context: is the blue square above the triangle ? the blue square is above the yellow square . the triangle is below the yellow square . is the blue square above the triangle ?
Question: is the blue square above the triangle ?
Answer: yes </s>
Model prediction: yes </s>
=========================
Step 28200: train_loss = 1.770769, train_acc = 0.125000, train ppl = 2.423916
Step 28300: train_loss = 1.025943, train_acc = 0.500000, train ppl = 1.670247
Step 28400: train_loss = 0.810147, train_acc = 0.625000, train ppl = 1.499413
Step 28500: train_loss = 2.020066, train_acc = 0.375000, train ppl = 2.745691
Step 28600: train_loss = 1.389104, train_acc = 0.500000, train ppl = 2.002811
Step 28700: train_loss = 1.597759, train_acc = 0.500000, train ppl = 2.223049
Step 28800: train_loss = 2.134577, train_acc = 0.375000, train ppl = 2.907485
Step 28900: train_loss = 0.786390, train_acc = 0.375000, train ppl = 1.481707
Step 29000: train_loss = 0.809824, train_acc = 0.250000, train ppl = 1.499171
Step 29100: train_loss = 0.581239, train_acc = 0.750000, train ppl = 1.337256
Step 29200: train_loss = 0.749651, train_acc = 0.500000, train ppl = 1.454737
==== Finshed epoch 26 ====
Evaluating model...
Epoch 26: validation accuracy = 0.493000 -- validation perplexity = 1.440160
Epoch 26: test accuracy: 0.520000
---- Qualitative Analysis
Context: is the blue square above the yellow square ? the yellow square is to the right of the red sphere . the red sphere is above the blue square . is the blue square above the yellow square ?
Question: is the blue square above the yellow square ?
Answer: no </s>
Model prediction: yes </s>
=========================
Step 29300: train_loss = 0.714351, train_acc = 0.250000, train ppl = 1.429287
Step 29400: train_loss = 0.711720, train_acc = 0.375000, train ppl = 1.427407
Step 29500: train_loss = 1.067324, train_acc = 0.375000, train ppl = 1.705165
Step 29600: train_loss = 1.146087, train_acc = 0.500000, train ppl = 1.773657
Step 29700: train_loss = 2.499194, train_acc = 0.125000, train ppl = 3.488936
Step 29800: train_loss = 3.198083, train_acc = 0.375000, train ppl = 4.948287
Step 29900: train_loss = 0.894132, train_acc = 0.625000, train ppl = 1.563718
Step 30000: train_loss = 1.246938, train_acc = 0.750000, train ppl = 1.865387
Step 30100: train_loss = 0.705691, train_acc = 0.500000, train ppl = 1.423111
Step 30200: train_loss = 0.769676, train_acc = 0.625000, train ppl = 1.469376
Step 30300: train_loss = 0.741721, train_acc = 0.750000, train ppl = 1.448981
==== Finshed epoch 27 ====
Evaluating model...
Epoch 27: validation accuracy = 0.507000 -- validation perplexity = 1.559011
Epoch 27: test accuracy: 0.480000
---- Qualitative Analysis
Context: is the yellow square above the red sphere ? the pink rectangle is to the left of the red sphere . the yellow square is above the pink rectangle . is the yellow square above the red sphere ?
Question: is the yellow square above the red sphere ?
Answer: yes </s>
Model prediction: no </s>
=========================
Step 30400: train_loss = 1.839359, train_acc = 0.375000, train ppl = 2.508486
Step 30500: train_loss = 1.758024, train_acc = 0.125000, train ppl = 2.408519
Step 30600: train_loss = 0.771376, train_acc = 0.500000, train ppl = 1.470626
Step 30700: train_loss = 0.704864, train_acc = 0.500000, train ppl = 1.422523
Step 30800: train_loss = 0.909420, train_acc = 0.500000, train ppl = 1.575716
Step 30900: train_loss = 1.257241, train_acc = 0.125000, train ppl = 1.875022
Step 31000: train_loss = 0.688126, train_acc = 0.750000, train ppl = 1.410667
Step 31100: train_loss = 1.060968, train_acc = 0.625000, train ppl = 1.699755
Step 31200: train_loss = 0.686533, train_acc = 0.500000, train ppl = 1.409544
Step 31300: train_loss = 2.875687, train_acc = 0.500000, train ppl = 4.211603
Step 31400: train_loss = 0.584407, train_acc = 0.750000, train ppl = 1.339375
Step 31500: train_loss = 1.721734, train_acc = 0.625000, train ppl = 2.365211
==== Finshed epoch 28 ====
Evaluating model...
Epoch 28: validation accuracy = 0.493000 -- validation perplexity = 3.140472
Epoch 28: test accuracy: 0.520000
---- Qualitative Analysis
Context: is the triangle to the left of the yellow square ? the pink rectangle is below the yellow square . the pink rectangle is to the right of the triangle . is the triangle to the left of the yellow square ?
Question: is the triangle to the left of the yellow square ?
Answer: yes </s>
Model prediction: yes </s>
=========================
Step 31600: train_loss = 0.983638, train_acc = 0.625000, train ppl = 1.635288
Step 31700: train_loss = 0.706350, train_acc = 0.750000, train ppl = 1.423580
Step 31800: train_loss = 3.417535, train_acc = 0.375000, train ppl = 5.522151
Step 31900: train_loss = 1.189234, train_acc = 0.500000, train ppl = 1.812336
Step 32000: train_loss = 0.574185, train_acc = 0.750000, train ppl = 1.332547
Step 32100: train_loss = 0.659430, train_acc = 0.625000, train ppl = 1.390572
Step 32200: train_loss = 1.580852, train_acc = 0.250000, train ppl = 2.204336
Step 32300: train_loss = 3.733267, train_acc = 0.375000, train ppl = 6.466490
Step 32400: train_loss = 2.136276, train_acc = 0.750000, train ppl = 2.909956
Step 32500: train_loss = 1.023586, train_acc = 0.625000, train ppl = 1.668280
Step 32600: train_loss = 1.810358, train_acc = 0.250000, train ppl = 2.472375
==== Finshed epoch 29 ====
Evaluating model...
Epoch 29: validation accuracy = 0.506000 -- validation perplexity = 1.430583
Epoch 29: test accuracy: 0.484000
---- Qualitative Analysis
Context: is the pink rectangle below the triangle ? the red square is below the triangle . the pink rectangle is to the left of the red square . is the pink rectangle below the triangle ?
Question: is the pink rectangle below the triangle ?
Answer: yes </s>
Model prediction: yes </s>
=========================
Step 32700: train_loss = 0.747458, train_acc = 0.500000, train ppl = 1.453143
Step 32800: train_loss = 1.194653, train_acc = 0.750000, train ppl = 1.817253
Step 32900: train_loss = 0.709415, train_acc = 0.625000, train ppl = 1.425763
Step 33000: train_loss = 0.750676, train_acc = 0.625000, train ppl = 1.455483
Step 33100: train_loss = 1.208832, train_acc = 0.375000, train ppl = 1.830183
Step 33200: train_loss = 1.626342, train_acc = 0.375000, train ppl = 2.255047
Step 33300: train_loss = 0.982267, train_acc = 0.625000, train ppl = 1.634167
Step 33400: train_loss = 0.883732, train_acc = 0.625000, train ppl = 1.555608
Step 33500: train_loss = 2.584290, train_acc = 0.000000, train ppl = 3.640586
Step 33600: train_loss = 0.730643, train_acc = 0.250000, train ppl = 1.440977
Step 33700: train_loss = 2.221828, train_acc = 0.250000, train ppl = 3.037133
==== Finshed epoch 30 ====
Evaluating model...
Epoch 30: validation accuracy = 0.493000 -- validation perplexity = 1.704258
Epoch 30: test accuracy: 0.520000
---- Qualitative Analysis
Context: is the yellow square to the left of the pink rectangle ? the triangle is to the right of the pink rectangle . the triangle is above the yellow square . is the yellow square to the left of the pink rectangle ?
Question: is the yellow square to the left of the pink rectangle ?
Answer: no </s>
Model prediction: yes </s>
=========================
Step 33800: train_loss = 0.733267, train_acc = 0.500000, train ppl = 1.442869
Step 33900: train_loss = 0.423766, train_acc = 0.875000, train ppl = 1.236003
Step 34000: train_loss = 1.881641, train_acc = 0.500000, train ppl = 2.562082
Step 34100: train_loss = 1.852080, train_acc = 0.625000, train ppl = 2.524493
Step 34200: train_loss = 1.691150, train_acc = 0.375000, train ppl = 2.329317
Step 34300: train_loss = 0.984539, train_acc = 0.375000, train ppl = 1.636025
Step 34400: train_loss = 0.712836, train_acc = 0.625000, train ppl = 1.428204
Step 34500: train_loss = 0.874711, train_acc = 0.500000, train ppl = 1.548607
Step 34600: train_loss = 3.698254, train_acc = 0.500000, train ppl = 6.354271
Step 34700: train_loss = 0.725609, train_acc = 0.500000, train ppl = 1.437355
Step 34800: train_loss = 1.535164, train_acc = 0.375000, train ppl = 2.154550
==== Finshed epoch 31 ====
Evaluating model...
Epoch 31: validation accuracy = 0.493000 -- validation perplexity = 2.128178
Epoch 31: test accuracy: 0.520000
---- Qualitative Analysis
Context: is the blue square to the left of the triangle ? the yellow square is to the right of the blue square . the yellow square is to the left of the triangle . is the blue square to the left of the triangle ?
Question: is the blue square to the left of the triangle ?
Answer: yes </s>
Model prediction: yes </s>
=========================
Step 34900: train_loss = 1.432488, train_acc = 0.750000, train ppl = 2.046731
Step 35000: train_loss = 2.441005, train_acc = 0.500000, train ppl = 3.388889
Step 35100: train_loss = 0.441306, train_acc = 0.875000, train ppl = 1.246891
Step 35200: train_loss = 0.644278, train_acc = 0.750000, train ppl = 1.380076
Step 35300: train_loss = 0.956644, train_acc = 0.750000, train ppl = 1.613365
Step 35400: train_loss = 1.172407, train_acc = 0.625000, train ppl = 1.797152
Step 35500: train_loss = 1.641615, train_acc = 0.750000, train ppl = 2.272334
Step 35600: train_loss = 0.671901, train_acc = 0.625000, train ppl = 1.399270
Step 35700: train_loss = 0.607303, train_acc = 0.750000, train ppl = 1.354797
Step 35800: train_loss = 0.736892, train_acc = 0.750000, train ppl = 1.445487
Step 35900: train_loss = 1.890251, train_acc = 0.375000, train ppl = 2.573137
Step 36000: train_loss = 3.119173, train_acc = 0.375000, train ppl = 4.756854
==== Finshed epoch 32 ====
Evaluating model...
Epoch 32: validation accuracy = 0.507000 -- validation perplexity = 3.438423
Epoch 32: test accuracy: 0.480000
---- Qualitative Analysis
Context: is the red sphere to the right of the pink rectangle ? the blue square is to the left of the red sphere . the blue square is to the right of the pink rectangle . is the red sphere to the right of the pink rectangle ?
Question: is the red sphere to the right of the pink rectangle ?
Answer: yes </s>
Model prediction: no </s>
=========================
Step 36100: train_loss = 0.679146, train_acc = 0.750000, train ppl = 1.404348
Step 36200: train_loss = 1.738631, train_acc = 0.250000, train ppl = 2.385278
Step 36300: train_loss = 1.009556, train_acc = 0.500000, train ppl = 1.656618
Step 36400: train_loss = 2.556608, train_acc = 0.250000, train ppl = 3.590544
Step 36500: train_loss = 1.027103, train_acc = 0.375000, train ppl = 1.671216
Step 36600: train_loss = 0.716244, train_acc = 0.375000, train ppl = 1.430640
Step 36700: train_loss = 1.024011, train_acc = 0.500000, train ppl = 1.668634
Step 36800: train_loss = 1.406313, train_acc = 0.500000, train ppl = 2.020119
Step 36900: train_loss = 0.768715, train_acc = 0.375000, train ppl = 1.468670
Step 37000: train_loss = 1.605268, train_acc = 0.375000, train ppl = 2.231411
Step 37100: train_loss = 0.680233, train_acc = 0.750000, train ppl = 1.405111
==== Finshed epoch 33 ====
Evaluating model...
Epoch 33: validation accuracy = 0.507000 -- validation perplexity = 4.934681
Epoch 33: test accuracy: 0.480000
---- Qualitative Analysis
Context: is the red sphere below the pink rectangle ? the blue square is to the left of the red sphere . the blue square is below the pink rectangle . is the red sphere below the pink rectangle ?
Question: is the red sphere below the pink rectangle ?
Answer: yes </s>
Model prediction: no </s>
=========================
Step 37200: train_loss = 1.264674, train_acc = 0.375000, train ppl = 1.882003
Step 37300: train_loss = 0.842905, train_acc = 0.625000, train ppl = 1.524173
Step 37400: train_loss = 0.739708, train_acc = 0.500000, train ppl = 1.447523
Step 37500: train_loss = 1.231557, train_acc = 0.625000, train ppl = 1.851098
Step 37600: train_loss = 1.625855, train_acc = 0.250000, train ppl = 2.254499
Step 37700: train_loss = 0.496608, train_acc = 0.750000, train ppl = 1.281850
Step 37800: train_loss = 2.474838, train_acc = 0.375000, train ppl = 3.446707
Step 37900: train_loss = 0.848083, train_acc = 0.500000, train ppl = 1.528125
Step 38000: train_loss = 2.296136, train_acc = 0.500000, train ppl = 3.152097
Step 38100: train_loss = 1.286380, train_acc = 0.375000, train ppl = 1.902540
Step 38200: train_loss = 1.902794, train_acc = 0.375000, train ppl = 2.589324
==== Finshed epoch 34 ====
Evaluating model...
Epoch 34: validation accuracy = 0.507000 -- validation perplexity = 7.999397
Epoch 34: test accuracy: 0.480000
---- Qualitative Analysis
Context: is the yellow square to the left of the triangle ? the red square is to the left of the triangle . the red square is to the right of the yellow square . is the yellow square to the left of the triangle ?
Question: is the yellow square to the left of the triangle ?
Answer: yes </s>
Model prediction: no </s>
=========================
Step 38300: train_loss = 1.455192, train_acc = 0.375000, train ppl = 2.070098
Step 38400: train_loss = 1.060942, train_acc = 0.625000, train ppl = 1.699733
Step 38500: train_loss = 0.750397, train_acc = 0.375000, train ppl = 1.455280
Step 38600: train_loss = 0.680565, train_acc = 0.625000, train ppl = 1.405345
Step 38700: train_loss = 1.062701, train_acc = 0.500000, train ppl = 1.701228
Step 38800: train_loss = 1.843619, train_acc = 0.625000, train ppl = 2.513835
Step 38900: train_loss = 1.495952, train_acc = 0.625000, train ppl = 2.112720
Step 39000: train_loss = 0.480614, train_acc = 0.875000, train ppl = 1.271640
Step 39100: train_loss = 1.632871, train_acc = 0.125000, train ppl = 2.262421
Step 39200: train_loss = 3.355684, train_acc = 0.375000, train ppl = 5.353989
Step 39300: train_loss = 0.860647, train_acc = 0.625000, train ppl = 1.537755
==== Finshed epoch 35 ====
Evaluating model...
Epoch 35: validation accuracy = 0.507000 -- validation perplexity = 2.343606
Epoch 35: test accuracy: 0.480000
---- Qualitative Analysis
Context: is the triangle to the right of the yellow square ? the yellow square is to the right of the blue square . the blue square is above the triangle . is the triangle to the right of the yellow square ?
Question: is the triangle to the right of the yellow square ?
Answer: no </s>
Model prediction: no </s>
=========================
Step 39400: train_loss = 1.272226, train_acc = 0.375000, train ppl = 1.889123
Step 39500: train_loss = 1.308879, train_acc = 0.250000, train ppl = 1.924063
Step 39600: train_loss = 0.837568, train_acc = 0.500000, train ppl = 1.520112
Step 39700: train_loss = 0.780101, train_acc = 0.375000, train ppl = 1.477055
Step 39800: train_loss = 1.078794, train_acc = 0.375000, train ppl = 1.714972
Step 39900: train_loss = 2.598727, train_acc = 0.500000, train ppl = 3.666962
Step 40000: train_loss = 1.921477, train_acc = 0.250000, train ppl = 2.613626
Step 40100: train_loss = 1.207941, train_acc = 0.250000, train ppl = 1.829368
Step 40200: train_loss = 1.475629, train_acc = 0.625000, train ppl = 2.091360
Step 40300: train_loss = 0.765623, train_acc = 0.500000, train ppl = 1.466402
Step 40400: train_loss = 0.774552, train_acc = 0.500000, train ppl = 1.472963
Step 40500: train_loss = 1.595376, train_acc = 0.625000, train ppl = 2.220402
==== Finshed epoch 36 ====
Evaluating model...
Epoch 36: validation accuracy = 0.493000 -- validation perplexity = 1.861093
Epoch 36: test accuracy: 0.520000
---- Qualitative Analysis
Context: is the blue square below the red sphere ? the red square is below the red sphere . the red square is to the right of the blue square . is the blue square below the red sphere ?
Question: is the blue square below the red sphere ?
Answer: yes </s>
Model prediction: yes </s>
=========================
Step 40600: train_loss = 3.552306, train_acc = 0.500000, train ppl = 5.907088
Step 40700: train_loss = 0.940095, train_acc = 0.375000, train ppl = 1.600070
Step 40800: train_loss = 0.634737, train_acc = 0.750000, train ppl = 1.373509
Step 40900: train_loss = 0.511602, train_acc = 0.750000, train ppl = 1.291496
Step 41000: train_loss = 1.584659, train_acc = 0.625000, train ppl = 2.208535
Step 41100: train_loss = 0.717277, train_acc = 0.250000, train ppl = 1.431379
Step 41200: train_loss = 0.662834, train_acc = 0.750000, train ppl = 1.392940
Step 41300: train_loss = 0.702722, train_acc = 0.625000, train ppl = 1.421000
Step 41400: train_loss = 1.378367, train_acc = 0.375000, train ppl = 1.992089
Step 41500: train_loss = 0.945101, train_acc = 0.500000, train ppl = 1.604080
Step 41600: train_loss = 1.885588, train_acc = 0.250000, train ppl = 2.567144
==== Finshed epoch 37 ====
Evaluating model...
Epoch 37: validation accuracy = 0.505000 -- validation perplexity = 1.567422
Epoch 37: test accuracy: 0.518000
---- Qualitative Analysis
Context: is the red sphere above the red square ? the yellow square is to the right of the red sphere . the yellow square is to the left of the red square . is the red sphere above the red square ?
Question: is the red sphere above the red square ?
Answer: no </s>
Model prediction: yes </s>
=========================
Step 41700: train_loss = 0.777104, train_acc = 0.500000, train ppl = 1.474844
Step 41800: train_loss = 0.895651, train_acc = 0.500000, train ppl = 1.564905
Step 41900: train_loss = 1.779515, train_acc = 0.250000, train ppl = 2.434539
Step 42000: train_loss = 2.659392, train_acc = 0.375000, train ppl = 3.779895
Step 42100: train_loss = 0.806865, train_acc = 0.500000, train ppl = 1.496954
Step 42200: train_loss = 0.788692, train_acc = 0.375000, train ppl = 1.483413
Step 42300: train_loss = 2.412770, train_acc = 0.625000, train ppl = 3.341384
Step 42400: train_loss = 0.671886, train_acc = 0.625000, train ppl = 1.399259
Step 42500: train_loss = 2.324638, train_acc = 0.500000, train ppl = 3.197339
Step 42600: train_loss = 0.364615, train_acc = 0.875000, train ppl = 1.199983
Step 42700: train_loss = 0.776730, train_acc = 0.375000, train ppl = 1.474568
==== Finshed epoch 38 ====
Evaluating model...
Epoch 38: validation accuracy = 0.493000 -- validation perplexity = 2.180330
Epoch 38: test accuracy: 0.520000
---- Qualitative Analysis
Context: is the yellow square above the pink rectangle ? the yellow square is above the triangle . the pink rectangle is below the triangle . is the yellow square above the pink rectangle ?
Question: is the yellow square above the pink rectangle ?
Answer: yes </s>
Model prediction: yes </s>
=========================
Step 42800: train_loss = 1.196410, train_acc = 0.375000, train ppl = 1.818851
Step 42900: train_loss = 2.425290, train_acc = 0.375000, train ppl = 3.362366
Step 43000: train_loss = 0.699270, train_acc = 0.625000, train ppl = 1.418549
Step 43100: train_loss = 0.761627, train_acc = 0.625000, train ppl = 1.463475
Step 43200: train_loss = 1.699552, train_acc = 0.125000, train ppl = 2.339123
Step 43300: train_loss = 1.209256, train_acc = 0.625000, train ppl = 1.830571
Step 43400: train_loss = 0.690668, train_acc = 0.625000, train ppl = 1.412462
Step 43500: train_loss = 1.023795, train_acc = 0.500000, train ppl = 1.668455
Step 43600: train_loss = 0.685004, train_acc = 0.500000, train ppl = 1.408467
Step 43700: train_loss = 0.611732, train_acc = 0.625000, train ppl = 1.357800
Step 43800: train_loss = 1.410489, train_acc = 0.750000, train ppl = 2.024342
==== Finshed epoch 39 ====
Evaluating model...
Epoch 39: validation accuracy = 0.507000 -- validation perplexity = 2.326625
Epoch 39: test accuracy: 0.480000
---- Qualitative Analysis
Context: is the red sphere above the triangle ? the red sphere is above the yellow square . the triangle is to the left of the yellow square . is the red sphere above the triangle ?
Question: is the red sphere above the triangle ?
Answer: yes </s>
Model prediction: no </s>
=========================
Step 43900: train_loss = 0.766793, train_acc = 0.625000, train ppl = 1.467260
Step 44000: train_loss = 0.790856, train_acc = 0.625000, train ppl = 1.485020
Step 44100: train_loss = 1.310532, train_acc = 0.500000, train ppl = 1.925655
Step 44200: train_loss = 0.695481, train_acc = 0.625000, train ppl = 1.415865
Step 44300: train_loss = 0.951821, train_acc = 0.250000, train ppl = 1.609479
Step 44400: train_loss = 1.965309, train_acc = 0.375000, train ppl = 2.671538
Step 44500: train_loss = 0.645768, train_acc = 0.625000, train ppl = 1.381105
Step 44600: train_loss = 0.934670, train_acc = 0.500000, train ppl = 1.595736
Step 44700: train_loss = 0.745384, train_acc = 0.625000, train ppl = 1.451637
Step 44800: train_loss = 1.323794, train_acc = 0.250000, train ppl = 1.938466
Step 44900: train_loss = 0.939433, train_acc = 0.500000, train ppl = 1.599540
Step 45000: train_loss = 0.819873, train_acc = 0.375000, train ppl = 1.506722
==== Finshed epoch 40 ====
Evaluating model...
Epoch 40: validation accuracy = 0.507000 -- validation perplexity = 1.962366
Epoch 40: test accuracy: 0.480000
---- Qualitative Analysis
Context: is the pink rectangle to the left of the triangle ? the red square is to the right of the triangle . the red square is above the pink rectangle . is the pink rectangle to the left of the triangle ?
Question: is the pink rectangle to the left of the triangle ?
Answer: no </s>
Model prediction: no </s>
=========================
Step 45100: train_loss = 0.685867, train_acc = 0.500000, train ppl = 1.409075
Step 45200: train_loss = 5.140066, train_acc = 0.125000, train ppl = 13.066257
Step 45300: train_loss = 1.091665, train_acc = 0.500000, train ppl = 1.726045
Step 45400: train_loss = 1.101725, train_acc = 0.500000, train ppl = 1.734749
Step 45500: train_loss = 1.061847, train_acc = 0.250000, train ppl = 1.700502
Step 45600: train_loss = 1.087417, train_acc = 0.375000, train ppl = 1.722383
Step 45700: train_loss = 0.677130, train_acc = 0.750000, train ppl = 1.402933
Step 45800: train_loss = 0.785489, train_acc = 0.625000, train ppl = 1.481040
Step 45900: train_loss = 0.962033, train_acc = 0.500000, train ppl = 1.617718
Step 46000: train_loss = 0.773227, train_acc = 0.750000, train ppl = 1.471988
Step 46100: train_loss = 1.078852, train_acc = 0.250000, train ppl = 1.715022
==== Finshed epoch 41 ====
Evaluating model...
Epoch 41: validation accuracy = 0.493000 -- validation perplexity = 1.885212
Epoch 41: test accuracy: 0.520000
---- Qualitative Analysis
Context: is the yellow square to the left of the pink rectangle ? the triangle is above the pink rectangle . the triangle is to the right of the yellow square . is the yellow square to the left of the pink rectangle ?
Question: is the yellow square to the left of the pink rectangle ?
Answer: yes </s>
Model prediction: yes </s>
=========================
Step 46200: train_loss = 4.587765, train_acc = 0.125000, train ppl = 9.913350
Step 46300: train_loss = 1.667800, train_acc = 0.250000, train ppl = 2.302280
Step 46400: train_loss = 2.949217, train_acc = 0.375000, train ppl = 4.369325
Step 46500: train_loss = 1.096908, train_acc = 0.500000, train ppl = 1.730576
Step 46600: train_loss = 2.544754, train_acc = 0.500000, train ppl = 3.569327
Step 46700: train_loss = 0.555441, train_acc = 0.625000, train ppl = 1.320117
Step 46800: train_loss = 0.824921, train_acc = 0.625000, train ppl = 1.510530
Step 46900: train_loss = 1.006478, train_acc = 0.250000, train ppl = 1.654070
Step 47000: train_loss = 1.941140, train_acc = 0.375000, train ppl = 2.639449
Step 47100: train_loss = 0.982302, train_acc = 0.500000, train ppl = 1.634196
Step 47200: train_loss = 1.818045, train_acc = 0.375000, train ppl = 2.481895
==== Finshed epoch 42 ====
Evaluating model...
Epoch 42: validation accuracy = 0.521000 -- validation perplexity = 1.613340
Epoch 42: test accuracy: 0.508000
---- Qualitative Analysis
Context: is the red sphere above the blue square ? the triangle is to the right of the red sphere . the triangle is above the blue square . is the red sphere above the blue square ?
Question: is the red sphere above the blue square ?
Answer: yes </s>
Model prediction: no </s>
=========================
Step 47300: train_loss = 1.091156, train_acc = 0.375000, train ppl = 1.725606
Step 47400: train_loss = 1.610713, train_acc = 0.500000, train ppl = 2.237494
Step 47500: train_loss = 0.973875, train_acc = 0.375000, train ppl = 1.627325
Step 47600: train_loss = 1.394108, train_acc = 0.375000, train ppl = 2.007829
Step 47700: train_loss = 1.144373, train_acc = 0.375000, train ppl = 1.772137
Step 47800: train_loss = 1.213691, train_acc = 0.500000, train ppl = 1.834635
Step 47900: train_loss = 2.117101, train_acc = 0.375000, train ppl = 2.882190
Step 48000: train_loss = 0.633096, train_acc = 0.500000, train ppl = 1.372382
Step 48100: train_loss = 1.229785, train_acc = 0.750000, train ppl = 1.849458
Step 48200: train_loss = 1.088219, train_acc = 0.375000, train ppl = 1.723073
Step 48300: train_loss = 0.657872, train_acc = 0.625000, train ppl = 1.389489
==== Finshed epoch 43 ====
Evaluating model...
Epoch 43: validation accuracy = 0.507000 -- validation perplexity = 2.116534
Epoch 43: test accuracy: 0.480000
---- Qualitative Analysis
Context: is the red square to the left of the yellow square ? the red sphere is above the yellow square . the red sphere is to the right of the red square . is the red square to the left of the yellow square ?
Question: is the red square to the left of the yellow square ?
Answer: yes </s>
Model prediction: no </s>
=========================
Step 48400: train_loss = 0.540521, train_acc = 0.750000, train ppl = 1.310305
Step 48500: train_loss = 0.774587, train_acc = 0.625000, train ppl = 1.472989
Step 48600: train_loss = 0.939354, train_acc = 0.500000, train ppl = 1.599477
Step 48700: train_loss = 0.605504, train_acc = 0.750000, train ppl = 1.353579
Step 48800: train_loss = 0.891631, train_acc = 0.500000, train ppl = 1.561764
Step 48900: train_loss = 0.894437, train_acc = 0.375000, train ppl = 1.563956
Step 49000: train_loss = 0.705050, train_acc = 0.625000, train ppl = 1.422655
Step 49100: train_loss = 1.081217, train_acc = 0.375000, train ppl = 1.717052
Step 49200: train_loss = 2.085536, train_acc = 0.375000, train ppl = 2.837059
Step 49300: train_loss = 1.408222, train_acc = 0.500000, train ppl = 2.022048
Step 49400: train_loss = 1.554341, train_acc = 0.625000, train ppl = 2.175308
Step 49500: train_loss = 1.375332, train_acc = 0.625000, train ppl = 1.989068
==== Finshed epoch 44 ====
Evaluating model...
Epoch 44: validation accuracy = 0.540000 -- validation perplexity = 1.413170
Epoch 44: test accuracy: 0.514000
---- Qualitative Analysis
Context: is the triangle below the red square ? the red square is below the red sphere . the red sphere is below the triangle . is the triangle below the red square ?
Question: is the triangle below the red square ?
Answer: no </s>
Model prediction: yes </s>
=========================
Step 49600: train_loss = 3.263685, train_acc = 0.250000, train ppl = 5.113287
Step 49700: train_loss = 0.421467, train_acc = 0.875000, train ppl = 1.234584
Step 49800: train_loss = 1.532669, train_acc = 0.375000, train ppl = 2.151864
Step 49900: train_loss = 0.982236, train_acc = 0.375000, train ppl = 1.634142
