num_epochs:               50
num_enc_layers:           1
embedding_size:           256
batch_size:               16
task:                     3
model_type:               normal
val_split:                0.1
num_units:                256
restore_from_dir:         None
data_dir:                 data/en-10k
cell_type:                gru
vocab:                    data/vocab.txt
optimizer:                adam
merge_mode:               concat
max_gradient_norm:        1.0
dropout_keep_prob:        0.7
encoder_type:             bi
learning_rate:            0.001
model_dir:                models/dummy
Loading data...
vocabulary size = 487
Building model...
Running initializers...
Creating summary writers...
Performing evaluation before training...
---- Qualitative Analysis
Context: where was the apple before the bathroom ? john travelled to the bedroom . sandra journeyed to the garden . sandra took the apple . mary travelled to the hallway . john moved to the garden . daniel went to the hallway . sandra left the apple there . sandra travelled to the kitchen . sandra went to the hallway . mary went back to the office . john went to the bathroom . sandra journeyed to the kitchen . mary travelled to the garden . sandra travelled to the bedroom . john went back to the kitchen . sandra went back to the kitchen . daniel travelled to the bedroom . sandra travelled to the garden . mary went to the hallway . sandra took the apple . mary moved to the kitchen . john went to the bedroom . mary travelled to the bathroom . sandra put down the apple there . mary went to the hallway . sandra went back to the bathroom . sandra got the milk . sandra dropped the milk . sandra journeyed to the kitchen . mary went back to the bedroom . daniel travelled to the bathroom . daniel grabbed the milk . daniel travelled to the hallway . john travelled to the kitchen . sandra journeyed to the bedroom . mary moved to the hallway . sandra went to the garden . mary travelled to the kitchen . daniel travelled to the garden . daniel discarded the milk . john travelled to the hallway . daniel moved to the hallway . sandra moved to the bathroom . john moved to the bedroom . john travelled to the garden . john took the apple . sandra picked up the football there . daniel went to the bathroom . sandra put down the football . daniel grabbed the football . john dropped the apple there . daniel went back to the garden . sandra moved to the hallway . john travelled to the hallway . mary travelled to the bedroom . daniel left the football . daniel travelled to the bedroom . mary travelled to the bathroom . sandra travelled to the office . sandra journeyed to the bedroom . john went to the bathroom . daniel went back to the garden . john went to the bedroom . daniel travelled to the bedroom . john travelled to the office . mary went to the hallway . john moved to the garden . sandra moved to the office . john travelled to the bedroom . daniel moved to the kitchen . sandra journeyed to the hallway . mary went back to the bathroom . mary went to the garden . john travelled to the bathroom . mary grabbed the milk . sandra went to the bedroom . daniel journeyed to the bathroom . mary discarded the milk . john moved to the office . sandra moved to the garden . john went back to the hallway . mary took the football . mary took the milk . mary travelled to the hallway . sandra got the apple . daniel travelled to the kitchen . mary left the milk . mary dropped the football . john travelled to the garden . mary journeyed to the bedroom . sandra left the apple there . sandra took the apple . sandra discarded the apple . john took the apple . john went back to the hallway . john picked up the football there . mary went to the hallway . john put down the apple . john went back to the bedroom . daniel went to the bedroom . sandra went back to the bathroom . mary took the apple . mary got the milk . sandra went to the bedroom . daniel travelled to the garden . daniel moved to the hallway . john moved to the hallway . mary dropped the milk . daniel went back to the garden . mary picked up the milk there . sandra travelled to the kitchen . mary discarded the apple . john went back to the bedroom . daniel moved to the hallway . john left the football . mary put down the milk there . john took the football . john went back to the garden . daniel grabbed the milk there . daniel went back to the bathroom . sandra moved to the bedroom . daniel put down the milk . john left the football . mary picked up the apple . mary went back to the bedroom . sandra travelled to the hallway . john moved to the kitchen . mary went back to the bathroom . where was the apple before the bathroom ?
Question: where was the apple before the bathroom ?
Answer: bedroom </s>
Model prediction: 266 morning morning 292 292 90 90 190 190 190
=========================
Step 100: train_loss = 1.738369, train_acc = 0.312500, train ppl = 2.384966
Step 200: train_loss = 1.758873, train_acc = 0.187500, train ppl = 2.409542
Step 300: train_loss = 1.830998, train_acc = 0.125000, train ppl = 2.498022
Step 400: train_loss = 1.623151, train_acc = 0.312500, train ppl = 2.251453
Step 500: train_loss = 1.935099, train_acc = 0.062500, train ppl = 2.631489
==== Finshed epoch 1 ====
Evaluating model...
Epoch 1: validation accuracy = 0.266000 -- validation perplexity = 2.238472
Epoch 1: test accuracy: 0.238000
---- Qualitative Analysis
Context: where was the football before the office ? john got the milk . mary got the football . mary took the apple . mary put down the football . mary left the apple . sandra moved to the bedroom . john moved to the bathroom . mary got the football . mary moved to the bathroom . john went to the office . mary went back to the office . mary got the apple . where was the football before the office ?
Question: where was the football before the office ?
Answer: bathroom </s>
Model prediction: bathroom </s>
=========================
Model checkpoint saved in models/dummy/best_model.ckpt
Step 600: train_loss = 1.792055, train_acc = 0.250000, train ppl = 2.449852
Step 700: train_loss = 1.685137, train_acc = 0.187500, train ppl = 2.322325
Step 800: train_loss = 1.423533, train_acc = 0.375000, train ppl = 2.037587
Step 900: train_loss = 1.429816, train_acc = 0.437500, train ppl = 2.043998
Step 1000: train_loss = 1.469357, train_acc = 0.312500, train ppl = 2.084812
Step 1100: train_loss = 1.291715, train_acc = 0.437500, train ppl = 1.907622
==== Finshed epoch 2 ====
Evaluating model...
Epoch 2: validation accuracy = 0.452000 -- validation perplexity = 1.971164
Epoch 2: test accuracy: 0.428000
---- Qualitative Analysis
Context: where was the football before the bathroom ? mary went to the office . mary grabbed the apple . mary left the apple . sandra went to the bedroom . sandra moved to the bathroom . john moved to the hallway . john went back to the garden . daniel went back to the garden . mary travelled to the hallway . mary went to the bedroom . mary journeyed to the hallway . john went to the bathroom . mary went back to the bedroom . john moved to the garden . daniel went to the kitchen . mary got the milk . mary put down the milk . sandra journeyed to the hallway . mary grabbed the milk there . sandra went back to the bathroom . sandra journeyed to the kitchen . mary went to the bathroom . john moved to the kitchen . mary discarded the milk . mary went back to the hallway . sandra travelled to the bedroom . sandra went back to the office . sandra journeyed to the kitchen . mary journeyed to the bathroom . sandra moved to the bathroom . mary took the milk . sandra went to the office . mary went to the hallway . sandra got the football . sandra put down the football . mary left the milk there . daniel went back to the bedroom . mary picked up the milk . daniel moved to the bathroom . mary discarded the milk . mary got the milk . sandra moved to the bathroom . mary went to the bathroom . mary dropped the milk . mary took the milk . john travelled to the office . mary left the milk there . sandra went to the office . sandra grabbed the football . mary picked up the milk . sandra grabbed the apple . sandra travelled to the hallway . mary left the milk . mary moved to the office . mary went to the garden . sandra journeyed to the bathroom . sandra journeyed to the office . mary moved to the bathroom . sandra dropped the football . sandra grabbed the football . daniel got the milk . mary went to the office . daniel discarded the milk . mary went back to the garden . john moved to the kitchen . daniel took the milk . daniel discarded the milk . sandra dropped the football . john went back to the office . sandra grabbed the football . sandra went to the garden . mary travelled to the kitchen . john went to the bathroom . sandra went back to the bathroom . where was the football before the bathroom ?
Question: where was the football before the bathroom ?
Answer: garden </s>
Model prediction: garden </s>
=========================
Model checkpoint saved in models/dummy/best_model.ckpt
Step 1200: train_loss = 1.618309, train_acc = 0.375000, train ppl = 2.246008
Step 1300: train_loss = 1.063778, train_acc = 0.500000, train ppl = 1.702145
Step 1400: train_loss = 1.236989, train_acc = 0.562500, train ppl = 1.856132
Step 1500: train_loss = 1.428823, train_acc = 0.312500, train ppl = 2.042984
Step 1600: train_loss = 0.682965, train_acc = 0.750000, train ppl = 1.407032
==== Finshed epoch 3 ====
Evaluating model...
Epoch 3: validation accuracy = 0.507000 -- validation perplexity = 1.849450
Epoch 3: test accuracy: 0.522000
---- Qualitative Analysis
Context: where was the football before the garden ? daniel grabbed the apple . sandra travelled to the bedroom . sandra moved to the office . mary journeyed to the office . daniel put down the apple . john moved to the bathroom . sandra travelled to the bedroom . daniel went to the bathroom . mary went back to the bathroom . sandra took the apple . mary took the milk . mary put down the milk . daniel got the milk . sandra dropped the apple there . daniel left the milk . mary journeyed to the kitchen . john grabbed the milk there . john journeyed to the kitchen . john grabbed the football . john dropped the football there . john dropped the milk . john grabbed the football . sandra grabbed the apple . john got the milk . sandra moved to the hallway . sandra moved to the office . mary moved to the bathroom . sandra left the apple . daniel went to the office . daniel moved to the hallway . john dropped the milk . sandra took the apple . john took the milk . john travelled to the bedroom . sandra put down the apple . sandra went back to the bathroom . sandra went back to the hallway . john dropped the football . mary journeyed to the garden . john picked up the football there . daniel travelled to the bedroom . sandra moved to the bathroom . john went to the bathroom . daniel went to the kitchen . john put down the milk . john got the milk there . sandra went to the bedroom . daniel went back to the hallway . mary went back to the kitchen . mary travelled to the bathroom . john put down the milk . mary moved to the office . john got the milk . john dropped the football . daniel moved to the kitchen . mary got the apple . john went to the bedroom . mary dropped the apple . mary picked up the apple . mary journeyed to the hallway . john dropped the milk . john moved to the office . sandra journeyed to the garden . mary went back to the kitchen . john moved to the kitchen . john moved to the bathroom . john went back to the kitchen . john went back to the bathroom . mary travelled to the bathroom . john grabbed the football . mary dropped the apple . john took the apple . daniel went to the bedroom . daniel took the milk . daniel dropped the milk . daniel moved to the garden . sandra went back to the bathroom . john dropped the football there . daniel moved to the kitchen . john discarded the apple . mary journeyed to the office . sandra journeyed to the office . mary journeyed to the garden . john grabbed the football . sandra went to the garden . daniel went to the hallway . john went back to the bedroom . daniel travelled to the bathroom . mary went to the hallway . john travelled to the hallway . john went to the garden . mary journeyed to the bedroom . daniel went to the office . john put down the football . where was the football before the garden ?
Question: where was the football before the garden ?
Answer: hallway </s>
Model prediction: hallway </s>
=========================
Model checkpoint saved in models/dummy/best_model.ckpt
Step 1700: train_loss = 1.044181, train_acc = 0.562500, train ppl = 1.685548
Step 1800: train_loss = 1.024949, train_acc = 0.500000, train ppl = 1.669417
Step 1900: train_loss = 1.141830, train_acc = 0.437500, train ppl = 1.769886
Step 2000: train_loss = 1.305499, train_acc = 0.375000, train ppl = 1.920815
Step 2100: train_loss = 1.460304, train_acc = 0.437500, train ppl = 2.075396
Step 2200: train_loss = 0.885754, train_acc = 0.687500, train ppl = 1.557181
==== Finshed epoch 4 ====
Evaluating model...
Epoch 4: validation accuracy = 0.533000 -- validation perplexity = 1.766522
Epoch 4: test accuracy: 0.512000
---- Qualitative Analysis
Context: where was the apple before the bedroom ? daniel journeyed to the kitchen . sandra went back to the bathroom . mary journeyed to the bathroom . mary went to the hallway . sandra went to the office . john moved to the hallway . john travelled to the kitchen . daniel went back to the hallway . sandra journeyed to the bedroom . john went back to the bathroom . daniel moved to the bathroom . john went back to the bedroom . daniel travelled to the kitchen . mary travelled to the bedroom . daniel travelled to the bathroom . daniel travelled to the kitchen . mary moved to the bathroom . sandra went to the kitchen . daniel travelled to the office . john journeyed to the garden . daniel travelled to the kitchen . daniel picked up the apple . daniel dropped the apple . mary moved to the garden . sandra grabbed the apple . sandra moved to the hallway . john went back to the bedroom . sandra travelled to the bedroom . where was the apple before the bedroom ?
Question: where was the apple before the bedroom ?
Answer: hallway </s>
Model prediction: hallway </s>
=========================
Model checkpoint saved in models/dummy/best_model.ckpt
Step 2300: train_loss = 1.613302, train_acc = 0.375000, train ppl = 2.240392
Step 2400: train_loss = 0.766409, train_acc = 0.687500, train ppl = 1.466978
Step 2500: train_loss = 1.459037, train_acc = 0.250000, train ppl = 2.074081
Step 2600: train_loss = 1.120479, train_acc = 0.562500, train ppl = 1.751091
Step 2700: train_loss = 0.765839, train_acc = 0.750000, train ppl = 1.466560
Step 2800: train_loss = 0.969272, train_acc = 0.562500, train ppl = 1.623584
==== Finshed epoch 5 ====
Evaluating model...
Epoch 5: validation accuracy = 0.555000 -- validation perplexity = 1.801502
Epoch 5: test accuracy: 0.496000
---- Qualitative Analysis
Context: where was the milk before the bedroom ? daniel moved to the kitchen . sandra went back to the office . sandra went back to the kitchen . sandra went to the bedroom . daniel moved to the office . john moved to the garden . john took the apple . mary went to the kitchen . sandra went to the bathroom . john dropped the apple . sandra picked up the football . john journeyed to the hallway . daniel moved to the bedroom . sandra discarded the football . john journeyed to the kitchen . daniel moved to the bathroom . mary went back to the hallway . john went back to the hallway . daniel went back to the kitchen . daniel went to the bathroom . sandra picked up the football . sandra left the football there . mary went to the kitchen . daniel picked up the football . sandra went to the garden . sandra took the apple . sandra picked up the milk . sandra travelled to the hallway . sandra left the apple . daniel travelled to the kitchen . sandra grabbed the apple . mary went back to the office . daniel left the football . daniel picked up the football . john travelled to the bedroom . mary travelled to the hallway . john moved to the garden . mary journeyed to the bedroom . john went back to the hallway . john journeyed to the bathroom . sandra travelled to the kitchen . daniel dropped the football . mary went to the garden . daniel moved to the hallway . sandra went to the hallway . john journeyed to the garden . daniel moved to the garden . daniel went back to the bedroom . sandra journeyed to the bathroom . mary moved to the hallway . sandra travelled to the kitchen . sandra put down the apple . sandra went to the hallway . mary went to the garden . daniel moved to the bathroom . sandra dropped the milk . sandra grabbed the milk . sandra moved to the bathroom . sandra went to the bedroom . sandra went to the garden . daniel travelled to the office . mary moved to the hallway . john went to the hallway . john went back to the garden . john went back to the bathroom . sandra journeyed to the bedroom . john went to the garden . sandra put down the milk . where was the milk before the bedroom ?
Question: where was the milk before the bedroom ?
Answer: garden </s>
Model prediction: garden </s>
=========================
Model checkpoint saved in models/dummy/best_model.ckpt
Step 2900: train_loss = 1.202731, train_acc = 0.437500, train ppl = 1.824608
Step 3000: train_loss = 1.323534, train_acc = 0.437500, train ppl = 1.938214
Step 3100: train_loss = 1.083321, train_acc = 0.500000, train ppl = 1.718859
Step 3200: train_loss = 0.807670, train_acc = 0.625000, train ppl = 1.497557
Step 3300: train_loss = 1.069542, train_acc = 0.625000, train ppl = 1.707057
==== Finshed epoch 6 ====
Evaluating model...
Epoch 6: validation accuracy = 0.533000 -- validation perplexity = 1.818603
Epoch 6: test accuracy: 0.492000
---- Qualitative Analysis
Context: where was the apple before the garden ? daniel journeyed to the garden . daniel journeyed to the bathroom . sandra took the milk . sandra discarded the milk . daniel went to the garden . daniel went back to the bathroom . sandra journeyed to the bedroom . sandra journeyed to the garden . mary took the milk . john travelled to the office . mary discarded the milk . john moved to the kitchen . mary travelled to the kitchen . daniel travelled to the office . john travelled to the office . daniel picked up the milk there . mary moved to the bedroom . sandra went back to the bedroom . daniel discarded the milk . mary journeyed to the office . daniel picked up the milk there . john went to the kitchen . daniel put down the milk there . sandra picked up the apple . mary journeyed to the kitchen . sandra travelled to the kitchen . mary moved to the bathroom . sandra went back to the garden . daniel picked up the milk . daniel dropped the milk . john moved to the bedroom . mary got the football . daniel got the milk . mary left the football . sandra discarded the apple . daniel dropped the milk . where was the apple before the garden ?
Question: where was the apple before the garden ?
Answer: kitchen </s>
Model prediction: bathroom </s>
=========================
Step 3400: train_loss = 1.068454, train_acc = 0.562500, train ppl = 1.706129
Step 3500: train_loss = 1.041518, train_acc = 0.750000, train ppl = 1.683305
Step 3600: train_loss = 0.550347, train_acc = 0.812500, train ppl = 1.316759
Step 3700: train_loss = 0.661822, train_acc = 0.875000, train ppl = 1.392236
Step 3800: train_loss = 1.407132, train_acc = 0.562500, train ppl = 2.020947
Step 3900: train_loss = 0.941294, train_acc = 0.687500, train ppl = 1.601029
==== Finshed epoch 7 ====
Evaluating model...
Epoch 7: validation accuracy = 0.574000 -- validation perplexity = 1.783144
Epoch 7: test accuracy: 0.504000
---- Qualitative Analysis
Context: where was the milk before the hallway ? daniel picked up the apple . john took the milk there . daniel left the apple there . mary took the apple . john travelled to the kitchen . sandra went back to the office . mary travelled to the garden . mary dropped the apple . john travelled to the hallway . sandra travelled to the bathroom . daniel travelled to the bedroom . sandra took the football . john dropped the milk there . mary grabbed the apple there . mary dropped the apple . daniel travelled to the kitchen . where was the milk before the hallway ?
Question: where was the milk before the hallway ?
Answer: kitchen </s>
Model prediction: kitchen </s>
=========================
Model checkpoint saved in models/dummy/best_model.ckpt
Step 4000: train_loss = 0.522294, train_acc = 0.812500, train ppl = 1.298419
Step 4100: train_loss = 0.749167, train_acc = 0.687500, train ppl = 1.454386
Step 4200: train_loss = 0.514212, train_acc = 0.750000, train ppl = 1.293182
Step 4300: train_loss = 0.862368, train_acc = 0.687500, train ppl = 1.539079
Step 4400: train_loss = 0.423113, train_acc = 0.812500, train ppl = 1.235600
Step 4500: train_loss = 0.633088, train_acc = 0.687500, train ppl = 1.372376
==== Finshed epoch 8 ====
Evaluating model...
Epoch 8: validation accuracy = 0.589000 -- validation perplexity = 1.833759
Epoch 8: test accuracy: 0.485000
---- Qualitative Analysis
Context: where was the apple before the bedroom ? sandra went to the office . john travelled to the bedroom . john got the apple . sandra travelled to the kitchen . sandra journeyed to the bathroom . john put down the apple . sandra went back to the bedroom . mary moved to the bedroom . daniel travelled to the hallway . mary took the apple . daniel travelled to the garden . john went back to the bathroom . john moved to the hallway . john journeyed to the garden . mary left the apple . sandra travelled to the hallway . sandra went to the bedroom . sandra went back to the office . daniel journeyed to the bathroom . mary travelled to the bathroom . daniel moved to the bedroom . sandra journeyed to the hallway . mary moved to the hallway . mary travelled to the bathroom . daniel grabbed the apple . daniel moved to the bathroom . daniel left the apple . john went back to the hallway . mary picked up the apple . mary dropped the apple there . daniel took the apple . daniel dropped the apple . daniel picked up the apple . daniel went back to the bedroom . mary journeyed to the office . sandra went to the kitchen . mary went to the kitchen . daniel left the apple there . daniel got the apple . mary went back to the hallway . john travelled to the garden . daniel discarded the apple . daniel journeyed to the kitchen . daniel moved to the hallway . john journeyed to the office . sandra travelled to the bathroom . daniel moved to the bedroom . john went to the bedroom . john picked up the apple . john journeyed to the garden . mary went to the office . john travelled to the bedroom . john journeyed to the office . john discarded the apple . where was the apple before the bedroom ?
Question: where was the apple before the bedroom ?
Answer: garden </s>
Model prediction: office </s>
=========================
Model checkpoint saved in models/dummy/best_model.ckpt
Step 4600: train_loss = 0.724680, train_acc = 0.625000, train ppl = 1.436687
Step 4700: train_loss = nan, train_acc = 0.000000, train ppl = nan
Step 4800: train_loss = nan, train_acc = 0.000000, train ppl = nan
Step 4900: train_loss = nan, train_acc = 0.000000, train ppl = nan
Step 5000: train_loss = nan, train_acc = 0.000000, train ppl = nan
==== Finshed epoch 9 ====
Evaluating model...
Epoch 9: validation accuracy = 0.000000 -- validation perplexity = nan
Epoch 9: test accuracy: 0.000000
---- Qualitative Analysis
Context: where was the football before the hallway ? mary went back to the office . mary went back to the bathroom . mary went back to the hallway . mary went back to the bedroom . mary journeyed to the kitchen . daniel moved to the bedroom . mary picked up the football . daniel travelled to the hallway . daniel journeyed to the bedroom . sandra travelled to the hallway . mary moved to the garden . mary put down the football there . mary travelled to the kitchen . daniel moved to the hallway . sandra moved to the garden . mary went to the bathroom . mary picked up the apple . mary moved to the garden . sandra picked up the football . daniel went back to the office . sandra left the football . mary put down the apple . john journeyed to the bathroom . john grabbed the milk . daniel travelled to the kitchen . sandra got the apple there . mary moved to the office . sandra journeyed to the hallway . sandra left the apple . sandra moved to the bathroom . sandra went to the kitchen . sandra went to the hallway . sandra took the apple . mary went back to the hallway . sandra travelled to the garden . sandra dropped the apple . mary journeyed to the bathroom . mary travelled to the office . sandra travelled to the kitchen . sandra travelled to the bedroom . daniel journeyed to the bathroom . john went back to the office . john left the milk . mary went back to the bathroom . john grabbed the milk . john went back to the hallway . john moved to the garden . sandra went to the bathroom . sandra moved to the hallway . john grabbed the football there . daniel travelled to the kitchen . john put down the football there . mary travelled to the garden . mary got the football . daniel went to the garden . daniel travelled to the kitchen . john discarded the milk . john got the apple there . john picked up the milk . john dropped the apple . john picked up the apple . mary travelled to the kitchen . mary went back to the office . john journeyed to the hallway . john discarded the milk . mary went to the bathroom . mary moved to the hallway . sandra went to the bedroom . sandra went to the bathroom . mary dropped the football there . john dropped the apple . daniel travelled to the office . where was the football before the hallway ?
Question: where was the football before the hallway ?
Answer: bathroom </s>
Model prediction: <unk> <unk> <unk> <unk> <unk> <unk> <unk> <unk> <unk> <unk>
=========================
Step 5100: train_loss = nan, train_acc = 0.000000, train ppl = nan
Step 5200: train_loss = nan, train_acc = 0.000000, train ppl = nan
Step 5300: train_loss = nan, train_acc = 0.000000, train ppl = nan
Step 5400: train_loss = nan, train_acc = 0.000000, train ppl = nan
Step 5500: train_loss = nan, train_acc = 0.000000, train ppl = nan
Step 5600: train_loss = nan, train_acc = 0.000000, train ppl = nan
==== Finshed epoch 10 ====
Evaluating model...
Epoch 10: validation accuracy = 0.000000 -- validation perplexity = nan
Epoch 10: test accuracy: 0.000000
---- Qualitative Analysis
Context: where was the milk before the office ? john went to the garden . mary got the milk . mary moved to the office . daniel travelled to the bathroom . mary dropped the milk . mary picked up the milk there . mary moved to the kitchen . sandra moved to the bathroom . mary travelled to the office . mary dropped the milk . where was the milk before the office ?
Question: where was the milk before the office ?
Answer: kitchen </s>
Model prediction: <unk> <unk> <unk> <unk> <unk> <unk> <unk> <unk> <unk> <unk>
=========================
Step 5700: train_loss = nan, train_acc = 0.000000, train ppl = nan
Step 5800: train_loss = nan, train_acc = 0.000000, train ppl = nan
Step 5900: train_loss = nan, train_acc = 0.000000, train ppl = nan
Step 6000: train_loss = nan, train_acc = 0.000000, train ppl = nan
Step 6100: train_loss = nan, train_acc = 0.000000, train ppl = nan
==== Finshed epoch 11 ====
Evaluating model...
Epoch 11: validation accuracy = 0.000000 -- validation perplexity = nan
Epoch 11: test accuracy: 0.000000
---- Qualitative Analysis
Context: where was the apple before the office ? sandra took the football . john moved to the bathroom . sandra journeyed to the bedroom . sandra discarded the football . sandra picked up the football there . sandra travelled to the garden . daniel travelled to the kitchen . sandra left the football . daniel went to the bathroom . mary went back to the office . sandra journeyed to the hallway . john went to the garden . mary went to the bedroom . daniel journeyed to the hallway . sandra journeyed to the bedroom . mary journeyed to the kitchen . sandra got the apple . daniel went back to the kitchen . mary went back to the bathroom . john went back to the bedroom . mary went to the hallway . john moved to the garden . daniel picked up the milk there . daniel went back to the hallway . sandra moved to the bathroom . sandra left the apple there . sandra travelled to the office . john moved to the bathroom . john picked up the apple . mary moved to the bedroom . john discarded the apple . sandra went to the bathroom . john picked up the apple . sandra went to the kitchen . john moved to the kitchen . sandra journeyed to the bathroom . daniel discarded the milk . john travelled to the bedroom . john travelled to the garden . john got the football . john journeyed to the bathroom . sandra journeyed to the hallway . mary went to the office . daniel went back to the kitchen . sandra took the milk . sandra put down the milk . daniel went back to the office . daniel went to the kitchen . mary went to the bedroom . john journeyed to the office . mary went to the garden . sandra went back to the garden . john went to the bedroom . sandra went back to the office . mary went to the office . mary went back to the garden . john journeyed to the bathroom . mary travelled to the bathroom . john left the football . john put down the apple there . sandra journeyed to the kitchen . john took the football . mary grabbed the apple . mary moved to the garden . sandra journeyed to the hallway . john went to the kitchen . mary moved to the office . mary put down the apple . where was the apple before the office ?
Question: where was the apple before the office ?
Answer: garden </s>
Model prediction: <unk> <unk> <unk> <unk> <unk> <unk> <unk> <unk> <unk> <unk>
=========================
Step 6200: train_loss = nan, train_acc = 0.000000, train ppl = nan
Step 6300: train_loss = nan, train_acc = 0.000000, train ppl = nan
Step 6400: train_loss = nan, train_acc = 0.000000, train ppl = nan
Step 6500: train_loss = nan, train_acc = 0.000000, train ppl = nan
Step 6600: train_loss = nan, train_acc = 0.000000, train ppl = nan
Step 6700: train_loss = nan, train_acc = 0.000000, train ppl = nan
==== Finshed epoch 12 ====
Evaluating model...
Epoch 12: validation accuracy = 0.000000 -- validation perplexity = nan
Epoch 12: test accuracy: 0.000000
---- Qualitative Analysis
Context: where was the football before the garden ? sandra travelled to the garden . mary travelled to the office . daniel travelled to the hallway . mary travelled to the hallway . mary went to the office . sandra journeyed to the bathroom . daniel took the milk . daniel travelled to the kitchen . mary moved to the bedroom . daniel picked up the football there . daniel journeyed to the office . daniel left the milk there . mary took the apple there . sandra journeyed to the garden . mary dropped the apple . mary travelled to the kitchen . john went back to the kitchen . daniel grabbed the milk . daniel discarded the milk . sandra moved to the bathroom . daniel picked up the milk . mary moved to the garden . john moved to the garden . daniel discarded the football . john went back to the office . john moved to the kitchen . daniel got the football . john moved to the garden . sandra journeyed to the hallway . sandra went to the kitchen . sandra travelled to the bathroom . john journeyed to the bedroom . sandra went back to the kitchen . john went back to the bathroom . john travelled to the hallway . mary travelled to the bedroom . mary grabbed the apple . john moved to the bathroom . mary went back to the hallway . daniel travelled to the hallway . mary left the apple . john went to the office . john travelled to the bathroom . daniel discarded the milk . sandra travelled to the hallway . daniel journeyed to the garden . daniel left the football . mary grabbed the milk . daniel picked up the football . sandra got the apple . mary journeyed to the office . mary dropped the milk . sandra journeyed to the kitchen . sandra put down the apple . daniel went to the bathroom . daniel went to the garden . sandra grabbed the apple . sandra discarded the apple there . john travelled to the kitchen . sandra picked up the apple . daniel travelled to the bathroom . mary got the milk . daniel journeyed to the bedroom . daniel left the football . where was the football before the garden ?
Question: where was the football before the garden ?
Answer: bathroom </s>
Model prediction: <unk> <unk> <unk> <unk> <unk> <unk> <unk> <unk> <unk> <unk>
=========================
Step 6800: train_loss = nan, train_acc = 0.000000, train ppl = nan
Step 6900: train_loss = nan, train_acc = 0.000000, train ppl = nan
Step 7000: train_loss = nan, train_acc = 0.000000, train ppl = nan
Step 7100: train_loss = nan, train_acc = 0.000000, train ppl = nan
Step 7200: train_loss = nan, train_acc = 0.000000, train ppl = nan
Step 7300: train_loss = nan, train_acc = 0.000000, train ppl = nan
==== Finshed epoch 13 ====
Evaluating model...
Epoch 13: validation accuracy = 0.000000 -- validation perplexity = nan
Epoch 13: test accuracy: 0.000000
---- Qualitative Analysis
Context: where was the apple before the hallway ? john moved to the bathroom . sandra took the apple there . daniel journeyed to the hallway . john journeyed to the hallway . john went to the kitchen . sandra moved to the bedroom . sandra went back to the garden . sandra grabbed the football . john travelled to the office . john grabbed the milk . daniel went back to the office . sandra dropped the apple . mary moved to the garden . mary got the apple . mary moved to the office . daniel went back to the bedroom . mary went back to the kitchen . mary went to the hallway . mary went back to the garden . mary discarded the apple . where was the apple before the hallway ?
Question: where was the apple before the hallway ?
Answer: kitchen </s>
Model prediction: <unk> <unk> <unk> <unk> <unk> <unk> <unk> <unk> <unk> <unk>
=========================
Step 7400: train_loss = nan, train_acc = 0.000000, train ppl = nan
Step 7500: train_loss = nan, train_acc = 0.000000, train ppl = nan
Step 7600: train_loss = nan, train_acc = 0.000000, train ppl = nan
Step 7700: train_loss = nan, train_acc = 0.000000, train ppl = nan
Step 7800: train_loss = nan, train_acc = 0.000000, train ppl = nan
==== Finshed epoch 14 ====
Evaluating model...
Epoch 14: validation accuracy = 0.000000 -- validation perplexity = nan
Epoch 14: test accuracy: 0.000000
---- Qualitative Analysis
Context: where was the football before the garden ? mary took the apple . mary dropped the apple there . mary grabbed the apple . sandra went to the bedroom . sandra travelled to the bathroom . daniel travelled to the hallway . mary put down the apple . john travelled to the office . john grabbed the football . mary got the apple . daniel went back to the office . daniel got the milk . mary discarded the apple . mary got the apple there . john journeyed to the hallway . mary discarded the apple . daniel travelled to the bathroom . john went to the garden . sandra travelled to the bedroom . sandra journeyed to the garden . mary picked up the apple . daniel discarded the milk . daniel went to the hallway . mary put down the apple there . daniel went back to the garden . sandra picked up the apple . daniel moved to the hallway . john discarded the football there . where was the football before the garden ?
Question: where was the football before the garden ?
Answer: hallway </s>
Model prediction: <unk> <unk> <unk> <unk> <unk> <unk> <unk> <unk> <unk> <unk>
=========================
Step 7900: train_loss = nan, train_acc = 0.000000, train ppl = nan
Step 8000: train_loss = nan, train_acc = 0.000000, train ppl = nan
Step 8100: train_loss = nan, train_acc = 0.000000, train ppl = nan
Step 8200: train_loss = nan, train_acc = 0.000000, train ppl = nan
Step 8300: train_loss = nan, train_acc = 0.000000, train ppl = nan
Step 8400: train_loss = nan, train_acc = 0.000000, train ppl = nan
==== Finshed epoch 15 ====
Evaluating model...
Epoch 15: validation accuracy = 0.000000 -- validation perplexity = nan
Epoch 15: test accuracy: 0.000000
---- Qualitative Analysis
Context: where was the milk before the kitchen ? daniel journeyed to the office . sandra travelled to the bedroom . daniel grabbed the football . daniel discarded the football . daniel grabbed the football . daniel went back to the bathroom . daniel discarded the football . john went to the hallway . sandra travelled to the garden . mary got the football there . john travelled to the kitchen . sandra moved to the bedroom . daniel went back to the bedroom . john took the apple . daniel moved to the bathroom . sandra journeyed to the bathroom . mary went to the bedroom . mary journeyed to the hallway . john picked up the milk . john went back to the garden . mary dropped the football . mary grabbed the football . mary dropped the football . john moved to the hallway . john put down the milk . john left the apple . mary got the apple . john picked up the milk . john moved to the office . john put down the milk . daniel journeyed to the garden . john grabbed the milk there . mary dropped the apple . john travelled to the hallway . mary went back to the office . sandra went back to the office . john went back to the bathroom . daniel travelled to the bedroom . john went to the hallway . john grabbed the apple . john dropped the apple . daniel journeyed to the kitchen . john left the milk . sandra went to the garden . daniel moved to the hallway . daniel grabbed the apple . john grabbed the football . daniel picked up the milk . john left the football there . mary journeyed to the kitchen . daniel went back to the bedroom . sandra moved to the bedroom . john got the football . mary journeyed to the garden . mary went back to the bathroom . daniel discarded the milk . sandra picked up the milk . john went back to the office . daniel dropped the apple . sandra grabbed the apple . daniel journeyed to the office . mary travelled to the garden . john left the football . sandra went to the garden . sandra journeyed to the kitchen . john grabbed the football . mary moved to the bathroom . mary journeyed to the garden . sandra journeyed to the garden . john journeyed to the hallway . john moved to the garden . sandra travelled to the kitchen . sandra went back to the office . john went to the kitchen . sandra left the milk there . daniel journeyed to the hallway . where was the milk before the kitchen ?
Question: where was the milk before the kitchen ?
Answer: garden </s>
Model prediction: <unk> <unk> <unk> <unk> <unk> <unk> <unk> <unk> <unk> <unk>
=========================
Step 8500: train_loss = nan, train_acc = 0.000000, train ppl = nan
Step 8600: train_loss = nan, train_acc = 0.000000, train ppl = nan
Step 8700: train_loss = nan, train_acc = 0.000000, train ppl = nan
Step 8800: train_loss = nan, train_acc = 0.000000, train ppl = nan
Step 8900: train_loss = nan, train_acc = 0.000000, train ppl = nan
Step 9000: train_loss = nan, train_acc = 0.000000, train ppl = nan
==== Finshed epoch 16 ====
Evaluating model...
Epoch 16: validation accuracy = 0.000000 -- validation perplexity = nan
Epoch 16: test accuracy: 0.000000
---- Qualitative Analysis
Context: where was the milk before the office ? mary grabbed the milk there . mary dropped the milk . mary picked up the milk . john went to the kitchen . mary journeyed to the hallway . mary dropped the milk . sandra went to the office . mary got the milk . john went back to the bedroom . mary left the milk . mary got the milk . john got the football there . john left the football . sandra travelled to the bedroom . john grabbed the apple there . mary left the milk . john travelled to the hallway . john grabbed the milk . john went to the kitchen . daniel went to the hallway . sandra journeyed to the office . mary went back to the bedroom . sandra journeyed to the kitchen . mary got the football . john went to the office . mary put down the football . mary took the football . mary left the football . john dropped the milk . daniel travelled to the bathroom . where was the milk before the office ?
Question: where was the milk before the office ?
Answer: kitchen </s>
Model prediction: <unk> <unk> <unk> <unk> <unk> <unk> <unk> <unk> <unk> <unk>
=========================
Step 9100: train_loss = nan, train_acc = 0.000000, train ppl = nan
Step 9200: train_loss = nan, train_acc = 0.000000, train ppl = nan
Step 9300: train_loss = nan, train_acc = 0.000000, train ppl = nan
Step 9400: train_loss = nan, train_acc = 0.000000, train ppl = nan
Step 9500: train_loss = nan, train_acc = 0.000000, train ppl = nan
==== Finshed epoch 17 ====
Evaluating model...
Epoch 17: validation accuracy = 0.000000 -- validation perplexity = nan
Epoch 17: test accuracy: 0.000000
---- Qualitative Analysis
Context: where was the apple before the office ? daniel journeyed to the bedroom . sandra picked up the football . sandra picked up the apple . daniel travelled to the office . sandra put down the apple . sandra left the football . daniel journeyed to the bathroom . sandra went back to the hallway . john went back to the kitchen . mary went to the bathroom . sandra travelled to the bedroom . mary travelled to the office . john journeyed to the garden . mary journeyed to the kitchen . mary took the milk . john went back to the kitchen . daniel travelled to the kitchen . sandra went to the bathroom . mary left the milk there . daniel moved to the office . john moved to the bedroom . john moved to the kitchen . john picked up the milk . john discarded the milk . mary grabbed the milk . sandra travelled to the kitchen . mary moved to the bathroom . mary put down the milk . john went to the hallway . mary grabbed the milk . daniel travelled to the garden . daniel got the apple . mary travelled to the office . daniel moved to the bedroom . mary went to the kitchen . mary journeyed to the garden . sandra went back to the bathroom . mary put down the milk there . daniel dropped the apple . daniel grabbed the apple . mary moved to the kitchen . mary went to the office . daniel left the apple . daniel went back to the kitchen . mary travelled to the hallway . daniel went to the garden . mary went back to the office . mary travelled to the kitchen . sandra went back to the office . daniel journeyed to the hallway . sandra went back to the hallway . sandra moved to the bedroom . john journeyed to the bedroom . sandra grabbed the apple there . sandra left the apple . mary went to the bedroom . john picked up the apple . daniel journeyed to the office . john left the apple there . sandra picked up the apple . john travelled to the kitchen . sandra travelled to the bathroom . sandra went back to the kitchen . mary travelled to the hallway . john moved to the garden . sandra moved to the office . sandra went to the kitchen . sandra discarded the apple . where was the apple before the office ?
Question: where was the apple before the office ?
Answer: kitchen </s>
Model prediction: <unk> <unk> <unk> <unk> <unk> <unk> <unk> <unk> <unk> <unk>
=========================
Step 9600: train_loss = nan, train_acc = 0.000000, train ppl = nan
Step 9700: train_loss = nan, train_acc = 0.000000, train ppl = nan
Step 9800: train_loss = nan, train_acc = 0.000000, train ppl = nan
Step 9900: train_loss = nan, train_acc = 0.000000, train ppl = nan
Step 10000: train_loss = nan, train_acc = 0.000000, train ppl = nan
Step 10100: train_loss = nan, train_acc = 0.000000, train ppl = nan
==== Finshed epoch 18 ====
Evaluating model...
Epoch 18: validation accuracy = 0.000000 -- validation perplexity = nan
Epoch 18: test accuracy: 0.000000
---- Qualitative Analysis
Context: where was the apple before the bathroom ? mary went back to the hallway . sandra moved to the kitchen . sandra grabbed the milk . daniel travelled to the bathroom . daniel picked up the apple there . john moved to the hallway . daniel put down the apple . john moved to the kitchen . mary travelled to the bathroom . mary grabbed the apple . sandra discarded the milk . mary put down the apple . john travelled to the office . mary moved to the bedroom . john journeyed to the bedroom . mary grabbed the football . sandra journeyed to the bedroom . mary discarded the football . john picked up the football . john left the football there . daniel took the apple . sandra took the football . sandra journeyed to the bathroom . john went to the hallway . mary went back to the office . daniel travelled to the kitchen . mary travelled to the bedroom . sandra put down the football . sandra grabbed the football . daniel left the apple . sandra discarded the football . daniel got the apple . sandra grabbed the football . sandra travelled to the hallway . daniel moved to the bedroom . daniel journeyed to the bathroom . where was the apple before the bathroom ?
Question: where was the apple before the bathroom ?
Answer: bedroom </s>
Model prediction: <unk> <unk> <unk> <unk> <unk> <unk> <unk> <unk> <unk> <unk>
=========================
Step 10200: train_loss = nan, train_acc = 0.000000, train ppl = nan
Step 10300: train_loss = nan, train_acc = 0.000000, train ppl = nan
Step 10400: train_loss = nan, train_acc = 0.000000, train ppl = nan
Step 10500: train_loss = nan, train_acc = 0.000000, train ppl = nan
Step 10600: train_loss = nan, train_acc = 0.000000, train ppl = nan
==== Finshed epoch 19 ====
Evaluating model...
Epoch 19: validation accuracy = 0.000000 -- validation perplexity = nan
Epoch 19: test accuracy: 0.000000
---- Qualitative Analysis
Context: where was the football before the bathroom ? john travelled to the garden . mary travelled to the kitchen . sandra got the apple there . sandra went back to the kitchen . john travelled to the hallway . john took the milk . sandra put down the apple . sandra moved to the office . john discarded the milk there . daniel moved to the bathroom . john went back to the kitchen . mary got the apple . mary dropped the apple . john picked up the apple . sandra went back to the bathroom . john put down the apple there . john took the apple there . john travelled to the hallway . john grabbed the milk . daniel moved to the hallway . john moved to the bathroom . john left the milk . john dropped the apple . john went to the bedroom . john journeyed to the kitchen . john travelled to the bathroom . john picked up the apple . john dropped the apple . sandra got the apple . sandra left the apple there . john journeyed to the hallway . mary went to the bedroom . daniel journeyed to the bedroom . sandra grabbed the milk . sandra picked up the apple . sandra left the apple . sandra discarded the milk . daniel went to the office . john went to the bathroom . john journeyed to the office . sandra moved to the garden . sandra journeyed to the bedroom . mary went to the kitchen . daniel travelled to the hallway . sandra journeyed to the bathroom . sandra picked up the apple there . daniel went to the bedroom . sandra left the apple . mary travelled to the office . sandra moved to the bedroom . daniel went to the office . daniel journeyed to the bathroom . daniel grabbed the milk . daniel went back to the office . daniel dropped the milk . mary got the milk there . mary left the milk . john got the milk . john dropped the milk . john journeyed to the kitchen . daniel went back to the bedroom . mary grabbed the milk . john went back to the bathroom . mary put down the milk . john picked up the apple . john dropped the apple there . john grabbed the apple . mary grabbed the milk . daniel moved to the bathroom . daniel went back to the office . john dropped the apple . sandra journeyed to the office . daniel went to the kitchen . john went to the garden . sandra went to the hallway . sandra got the football . sandra moved to the bedroom . sandra journeyed to the bathroom . where was the football before the bathroom ?
Question: where was the football before the bathroom ?
Answer: bedroom </s>
Model prediction: <unk> <unk> <unk> <unk> <unk> <unk> <unk> <unk> <unk> <unk>
=========================
Step 10700: train_loss = nan, train_acc = 0.000000, train ppl = nan
Step 10800: train_loss = nan, train_acc = 0.000000, train ppl = nan
Step 10900: train_loss = nan, train_acc = 0.000000, train ppl = nan
Step 11000: train_loss = nan, train_acc = 0.000000, train ppl = nan
Step 11100: train_loss = nan, train_acc = 0.000000, train ppl = nan
Step 11200: train_loss = nan, train_acc = 0.000000, train ppl = nan
==== Finshed epoch 20 ====
Evaluating model...
Epoch 20: validation accuracy = 0.000000 -- validation perplexity = nan
Epoch 20: test accuracy: 0.000000
---- Qualitative Analysis
Context: where was the milk before the garden ? john moved to the hallway . daniel went to the office . daniel moved to the hallway . sandra journeyed to the hallway . sandra journeyed to the garden . sandra moved to the hallway . john moved to the office . daniel went back to the kitchen . john journeyed to the bedroom . sandra went back to the bedroom . sandra travelled to the hallway . john went back to the office . sandra travelled to the bedroom . sandra grabbed the football there . sandra left the football . mary moved to the hallway . mary went to the kitchen . sandra moved to the hallway . sandra travelled to the office . mary went to the bedroom . john journeyed to the garden . mary journeyed to the kitchen . mary journeyed to the bathroom . mary journeyed to the hallway . daniel went back to the office . sandra moved to the bathroom . daniel went back to the hallway . sandra grabbed the milk . sandra moved to the hallway . daniel travelled to the garden . sandra discarded the milk . sandra grabbed the milk . mary went back to the garden . daniel journeyed to the bedroom . mary went to the bedroom . john went to the office . daniel took the apple there . sandra dropped the milk . daniel put down the apple . sandra picked up the milk . sandra moved to the garden . mary got the apple . mary left the apple . sandra journeyed to the bedroom . sandra journeyed to the garden . daniel grabbed the apple . daniel dropped the apple there . sandra put down the milk . where was the milk before the garden ?
Question: where was the milk before the garden ?
Answer: bedroom </s>
Model prediction: <unk> <unk> <unk> <unk> <unk> <unk> <unk> <unk> <unk> <unk>
=========================
Step 11300: train_loss = nan, train_acc = 0.000000, train ppl = nan
Step 11400: train_loss = nan, train_acc = 0.000000, train ppl = nan
Step 11500: train_loss = nan, train_acc = 0.000000, train ppl = nan
Step 11600: train_loss = nan, train_acc = 0.000000, train ppl = nan
Step 11700: train_loss = nan, train_acc = 0.000000, train ppl = nan
Step 11800: train_loss = nan, train_acc = 0.000000, train ppl = nan
==== Finshed epoch 21 ====
Evaluating model...
Epoch 21: validation accuracy = 0.000000 -- validation perplexity = nan
Epoch 21: test accuracy: 0.000000
---- Qualitative Analysis
Context: where was the apple before the bathroom ? john moved to the kitchen . daniel picked up the football . john journeyed to the garden . mary moved to the bedroom . mary went back to the garden . sandra travelled to the hallway . daniel left the football . daniel took the football there . sandra got the apple . john moved to the bedroom . sandra took the milk . john moved to the kitchen . john went back to the office . daniel journeyed to the garden . mary travelled to the hallway . john went to the hallway . daniel dropped the football . mary went back to the kitchen . mary moved to the garden . sandra discarded the milk there . mary took the football there . sandra put down the apple . john journeyed to the garden . sandra went back to the bathroom . john travelled to the bedroom . mary dropped the football . daniel got the football . mary moved to the hallway . mary journeyed to the bathroom . john went back to the hallway . daniel dropped the football there . sandra moved to the kitchen . daniel travelled to the hallway . daniel took the milk . mary travelled to the kitchen . daniel put down the milk . daniel went back to the office . daniel went to the garden . sandra journeyed to the office . john grabbed the milk there . daniel travelled to the office . john took the apple . daniel moved to the hallway . john journeyed to the garden . daniel went back to the kitchen . john moved to the bathroom . where was the apple before the bathroom ?
Question: where was the apple before the bathroom ?
Answer: garden </s>
Model prediction: <unk> <unk> <unk> <unk> <unk> <unk> <unk> <unk> <unk> <unk>
=========================
Step 11900: train_loss = nan, train_acc = 0.000000, train ppl = nan
Step 12000: train_loss = nan, train_acc = 0.000000, train ppl = nan
Step 12100: train_loss = nan, train_acc = 0.000000, train ppl = nan
Step 12200: train_loss = nan, train_acc = 0.000000, train ppl = nan
Step 12300: train_loss = nan, train_acc = 0.000000, train ppl = nan
==== Finshed epoch 22 ====
Evaluating model...
Epoch 22: validation accuracy = 0.000000 -- validation perplexity = nan
Epoch 22: test accuracy: 0.000000
---- Qualitative Analysis
Context: where was the apple before the office ? mary travelled to the garden . john went to the hallway . sandra went to the kitchen . mary went to the office . daniel picked up the milk there . daniel travelled to the bathroom . sandra moved to the office . daniel went to the hallway . daniel dropped the milk . john got the milk . john dropped the milk . daniel picked up the milk . john went to the bathroom . daniel went back to the bedroom . sandra picked up the apple . sandra travelled to the garden . sandra went to the office . mary moved to the garden . where was the apple before the office ?
Question: where was the apple before the office ?
Answer: garden </s>
Model prediction: <unk> <unk> <unk> <unk> <unk> <unk> <unk> <unk> <unk> <unk>
=========================
Step 12400: train_loss = nan, train_acc = 0.000000, train ppl = nan
Step 12500: train_loss = nan, train_acc = 0.000000, train ppl = nan
Step 12600: train_loss = nan, train_acc = 0.000000, train ppl = nan
Step 12700: train_loss = nan, train_acc = 0.000000, train ppl = nan
