embedding_size:           128
vocab:                    data/vocab.txt
val_split:                0.1
cell_type:                gru
batch_size:               32
num_units:                256
max_gradient_norm:        1.0
learning_rate:            0.001
model_dir:                models/dummy
dropout_keep_prob:        0.7
num_epochs:               50
num_enc_layers:           1
data_dir:                 data/en-10k
task:                     16
merge_mode:               concat
encoder_type:             bi
restore_from_dir:         None
optimizer:                adam
model_type:               normal
Loading data...
vocabulary size = 487
Building model...
Running initializers...
Creating summary writers...
Performing evaluation before training...
---- Qualitative Analysis
Context: what color is brian ? lily is a frog . greg is a lion . bernhard is a rhino . lily is gray . julius is a swan . julius is green . bernhard is green . greg is gray . brian is a swan . what color is brian ?
Question: what color is brian ?
Answer: green </s>
Model prediction: following 234 jeff jeff 288 245 288 is is is
=========================
Step 100: train_loss = 1.375306, train_acc = 0.156250, train ppl = 1.989042
Step 200: train_loss = 1.267378, train_acc = 0.437500, train ppl = 1.884550
==== Finshed epoch 1 ====
Evaluating model...
Epoch 1: validation accuracy = 0.455000 -- validation perplexity = 1.647510
Epoch 1: test accuracy: 0.480000
---- Qualitative Analysis
Context: what color is bernhard ? greg is a lion . lily is a frog . greg is green . brian is a rhino . brian is yellow . julius is a rhino . bernhard is a lion . lily is gray . julius is white . what color is bernhard ?
Question: what color is bernhard ?
Answer: green </s>
Model prediction: gray </s>
=========================
Model checkpoint saved in models/dummy/best_model.ckpt
Step 300: train_loss = 0.861606, train_acc = 0.500000, train ppl = 1.538492
Step 400: train_loss = 0.849647, train_acc = 0.593750, train ppl = 1.529321
Step 500: train_loss = 0.902391, train_acc = 0.468750, train ppl = 1.570188
==== Finshed epoch 2 ====
Evaluating model...
Epoch 2: validation accuracy = 0.458000 -- validation perplexity = 1.579557
Epoch 2: test accuracy: 0.462000
---- Qualitative Analysis
Context: what color is lily ? greg is a swan . bernhard is a frog . greg is green . bernhard is yellow . lily is a frog . julius is a swan . brian is a swan . julius is yellow . brian is yellow . what color is lily ?
Question: what color is lily ?
Answer: yellow </s>
Model prediction: yellow </s>
=========================
Model checkpoint saved in models/dummy/best_model.ckpt
Step 600: train_loss = 0.960617, train_acc = 0.343750, train ppl = 1.616573
Step 700: train_loss = 0.822679, train_acc = 0.593750, train ppl = 1.508838
Step 800: train_loss = 0.925683, train_acc = 0.406250, train ppl = 1.588581
==== Finshed epoch 3 ====
Evaluating model...
Epoch 3: validation accuracy = 0.443000 -- validation perplexity = 1.580003
Epoch 3: test accuracy: 0.466000
---- Qualitative Analysis
Context: what color is lily ? bernhard is a lion . greg is a lion . julius is a rhino . bernhard is gray . lily is a rhino . brian is a frog . julius is gray . greg is gray . brian is yellow . what color is lily ?
Question: what color is lily ?
Answer: gray </s>
Model prediction: gray </s>
=========================
Step 900: train_loss = 0.902241, train_acc = 0.500000, train ppl = 1.570070
Step 1000: train_loss = 0.897735, train_acc = 0.500000, train ppl = 1.566537
Step 1100: train_loss = 0.835048, train_acc = 0.500000, train ppl = 1.518198
==== Finshed epoch 4 ====
Evaluating model...
Epoch 4: validation accuracy = 0.449000 -- validation perplexity = 1.578510
Epoch 4: test accuracy: 0.459000
---- Qualitative Analysis
Context: what color is julius ? lily is a swan . greg is a rhino . bernhard is a lion . lily is white . brian is a rhino . bernhard is white . brian is gray . greg is gray . julius is a swan . what color is julius ?
Question: what color is julius ?
Answer: white </s>
Model prediction: white </s>
=========================
Step 1200: train_loss = 0.840717, train_acc = 0.500000, train ppl = 1.522508
Step 1300: train_loss = 0.874426, train_acc = 0.593750, train ppl = 1.548386
Step 1400: train_loss = 0.845521, train_acc = 0.531250, train ppl = 1.526168
==== Finshed epoch 5 ====
Evaluating model...
Epoch 5: validation accuracy = 0.445000 -- validation perplexity = 1.600409
Epoch 5: test accuracy: 0.446000
---- Qualitative Analysis
Context: what color is greg ? brian is a lion . julius is a rhino . bernhard is a frog . julius is white . lily is a rhino . bernhard is green . brian is yellow . greg is a frog . lily is white . what color is greg ?
Question: what color is greg ?
Answer: green </s>
Model prediction: white </s>
=========================
Step 1500: train_loss = 0.864550, train_acc = 0.406250, train ppl = 1.540759
Step 1600: train_loss = 0.831213, train_acc = 0.531250, train ppl = 1.515289
==== Finshed epoch 6 ====
Evaluating model...
Epoch 6: validation accuracy = 0.465000 -- validation perplexity = 1.565674
Epoch 6: test accuracy: 0.483000
---- Qualitative Analysis
Context: what color is greg ? julius is a lion . brian is a rhino . lily is a lion . lily is yellow . greg is a lion . bernhard is a lion . julius is gray . bernhard is gray . brian is yellow . what color is greg ?
Question: what color is greg ?
Answer: gray </s>
Model prediction: yellow </s>
=========================
Model checkpoint saved in models/dummy/best_model.ckpt
Step 1700: train_loss = 0.819053, train_acc = 0.593750, train ppl = 1.506104
Step 1800: train_loss = 0.861257, train_acc = 0.531250, train ppl = 1.538224
Step 1900: train_loss = 0.969237, train_acc = 0.406250, train ppl = 1.623555
==== Finshed epoch 7 ====
Evaluating model...
Epoch 7: validation accuracy = 0.440000 -- validation perplexity = 1.572651
Epoch 7: test accuracy: 0.461000
---- Qualitative Analysis
Context: what color is bernhard ? brian is a lion . brian is white . julius is a swan . lily is a frog . julius is gray . lily is white . greg is a rhino . bernhard is a swan . greg is green . what color is bernhard ?
Question: what color is bernhard ?
Answer: gray </s>
Model prediction: green </s>
=========================
Step 2000: train_loss = 0.800450, train_acc = 0.593750, train ppl = 1.492160
Step 2100: train_loss = 0.941615, train_acc = 0.468750, train ppl = 1.601286
Step 2200: train_loss = 0.835625, train_acc = 0.437500, train ppl = 1.518636
==== Finshed epoch 8 ====
Evaluating model...
Epoch 8: validation accuracy = 0.482000 -- validation perplexity = 1.566744
Epoch 8: test accuracy: 0.500000
---- Qualitative Analysis
Context: what color is lily ? brian is a rhino . brian is yellow . julius is a lion . bernhard is a frog . greg is a frog . bernhard is yellow . julius is white . greg is yellow . lily is a lion . what color is lily ?
Question: what color is lily ?
Answer: white </s>
Model prediction: yellow </s>
=========================
Model checkpoint saved in models/dummy/best_model.ckpt
Step 2300: train_loss = 0.893215, train_acc = 0.468750, train ppl = 1.563001
Step 2400: train_loss = 0.803167, train_acc = 0.500000, train ppl = 1.494189
Step 2500: train_loss = 0.957671, train_acc = 0.562500, train ppl = 1.614193
==== Finshed epoch 9 ====
Evaluating model...
Epoch 9: validation accuracy = 0.457000 -- validation perplexity = 1.564435
Epoch 9: test accuracy: 0.495000
---- Qualitative Analysis
Context: what color is bernhard ? brian is a swan . lily is a rhino . greg is a swan . julius is a lion . greg is gray . lily is gray . brian is gray . julius is green . bernhard is a rhino . what color is bernhard ?
Question: what color is bernhard ?
Answer: gray </s>
Model prediction: gray </s>
=========================
Step 2600: train_loss = 0.813234, train_acc = 0.625000, train ppl = 1.501729
Step 2700: train_loss = 0.859238, train_acc = 0.500000, train ppl = 1.536672
Step 2800: train_loss = 0.933958, train_acc = 0.375000, train ppl = 1.595168
==== Finshed epoch 10 ====
Evaluating model...
Epoch 10: validation accuracy = 0.459000 -- validation perplexity = 1.566616
Epoch 10: test accuracy: 0.491000
---- Qualitative Analysis
Context: what color is bernhard ? lily is a lion . greg is a frog . greg is green . brian is a rhino . lily is green . brian is white . julius is a rhino . julius is yellow . bernhard is a lion . what color is bernhard ?
Question: what color is bernhard ?
Answer: green </s>
Model prediction: yellow </s>
=========================
Step 2900: train_loss = 0.907463, train_acc = 0.406250, train ppl = 1.574175
Step 3000: train_loss = 0.880682, train_acc = 0.500000, train ppl = 1.553236
Step 3100: train_loss = 0.754767, train_acc = 0.625000, train ppl = 1.458463
==== Finshed epoch 11 ====
Evaluating model...
Epoch 11: validation accuracy = 0.456000 -- validation perplexity = 1.580615
Epoch 11: test accuracy: 0.440000
---- Qualitative Analysis
Context: what color is brian ? greg is a frog . greg is white . lily is a swan . julius is a frog . julius is white . bernhard is a frog . bernhard is white . lily is gray . brian is a swan . what color is brian ?
Question: what color is brian ?
Answer: gray </s>
Model prediction: white </s>
=========================
Step 3200: train_loss = 0.815168, train_acc = 0.593750, train ppl = 1.503182
Step 3300: train_loss = 0.883904, train_acc = 0.437500, train ppl = 1.555741
==== Finshed epoch 12 ====
Evaluating model...
Epoch 12: validation accuracy = 0.469000 -- validation perplexity = 1.569084
Epoch 12: test accuracy: 0.498000
---- Qualitative Analysis
Context: what color is greg ? lily is a swan . julius is a swan . lily is yellow . julius is yellow . bernhard is a rhino . greg is a rhino . bernhard is yellow . brian is a lion . brian is yellow . what color is greg ?
Question: what color is greg ?
Answer: yellow </s>
Model prediction: yellow </s>
=========================
Step 3400: train_loss = 0.829388, train_acc = 0.468750, train ppl = 1.513907
Step 3500: train_loss = 0.928242, train_acc = 0.437500, train ppl = 1.590615
Step 3600: train_loss = 0.819361, train_acc = 0.531250, train ppl = 1.506336
==== Finshed epoch 13 ====
Evaluating model...
Epoch 13: validation accuracy = 0.507000 -- validation perplexity = 1.556610
Epoch 13: test accuracy: 0.475000
---- Qualitative Analysis
Context: what color is julius ? brian is a swan . bernhard is a swan . lily is a swan . lily is yellow . brian is yellow . greg is a rhino . bernhard is yellow . greg is gray . julius is a rhino . what color is julius ?
Question: what color is julius ?
Answer: gray </s>
Model prediction: gray </s>
=========================
Model checkpoint saved in models/dummy/best_model.ckpt
Step 3700: train_loss = 0.723688, train_acc = 0.656250, train ppl = 1.435975
Step 3800: train_loss = 0.806700, train_acc = 0.562500, train ppl = 1.496831
Step 3900: train_loss = 0.843690, train_acc = 0.468750, train ppl = 1.524772
==== Finshed epoch 14 ====
Evaluating model...
Epoch 14: validation accuracy = 0.456000 -- validation perplexity = 1.577899
Epoch 14: test accuracy: 0.480000
---- Qualitative Analysis
Context: what color is greg ? julius is a frog . brian is a frog . julius is yellow . brian is yellow . bernhard is a rhino . bernhard is white . greg is a rhino . lily is a lion . lily is yellow . what color is greg ?
Question: what color is greg ?
Answer: white </s>
Model prediction: yellow </s>
=========================
Step 4000: train_loss = 0.799048, train_acc = 0.562500, train ppl = 1.491115
Step 4100: train_loss = 0.816501, train_acc = 0.531250, train ppl = 1.504184
Step 4200: train_loss = 0.806555, train_acc = 0.656250, train ppl = 1.496722
==== Finshed epoch 15 ====
Evaluating model...
Epoch 15: validation accuracy = 0.480000 -- validation perplexity = 1.581989
Epoch 15: test accuracy: 0.494000
---- Qualitative Analysis
Context: what color is brian ? julius is a frog . julius is green . bernhard is a frog . lily is a lion . lily is gray . bernhard is white . greg is a rhino . greg is gray . brian is a rhino . what color is brian ?
Question: what color is brian ?
Answer: gray </s>
Model prediction: gray </s>
=========================
Step 4300: train_loss = 0.805412, train_acc = 0.593750, train ppl = 1.495867
Step 4400: train_loss = 0.688317, train_acc = 0.781250, train ppl = 1.410802
Step 4500: train_loss = 0.774107, train_acc = 0.500000, train ppl = 1.472635
==== Finshed epoch 16 ====
Evaluating model...
Epoch 16: validation accuracy = 0.466000 -- validation perplexity = 1.579798
Epoch 16: test accuracy: 0.495000
---- Qualitative Analysis
Context: what color is bernhard ? greg is a lion . julius is a frog . greg is yellow . lily is a rhino . lily is green . brian is a rhino . bernhard is a lion . brian is white . julius is green . what color is bernhard ?
Question: what color is bernhard ?
Answer: yellow </s>
Model prediction: green </s>
=========================
Step 4600: train_loss = 0.866709, train_acc = 0.531250, train ppl = 1.542423
Step 4700: train_loss = 0.817130, train_acc = 0.500000, train ppl = 1.504657
==== Finshed epoch 17 ====
Evaluating model...
Epoch 17: validation accuracy = 0.478000 -- validation perplexity = 1.593992
Epoch 17: test accuracy: 0.482000
---- Qualitative Analysis
Context: what color is brian ? bernhard is a lion . greg is a frog . bernhard is green . lily is a swan . julius is a rhino . brian is a frog . julius is green . greg is white . lily is gray . what color is brian ?
Question: what color is brian ?
Answer: white </s>
Model prediction: white </s>
=========================
Step 4800: train_loss = 0.643614, train_acc = 0.687500, train ppl = 1.379618
Step 4900: train_loss = 0.776882, train_acc = 0.593750, train ppl = 1.474680
Step 5000: train_loss = 0.802255, train_acc = 0.562500, train ppl = 1.493507
==== Finshed epoch 18 ====
Evaluating model...
Epoch 18: validation accuracy = 0.461000 -- validation perplexity = 1.608448
Epoch 18: test accuracy: 0.472000
---- Qualitative Analysis
Context: what color is julius ? bernhard is a swan . brian is a rhino . bernhard is white . lily is a swan . julius is a frog . lily is white . brian is white . greg is a frog . greg is white . what color is julius ?
Question: what color is julius ?
Answer: white </s>
Model prediction: white </s>
=========================
Step 5100: train_loss = 0.716170, train_acc = 0.656250, train ppl = 1.430587
Step 5200: train_loss = 0.776627, train_acc = 0.625000, train ppl = 1.474492
Step 5300: train_loss = 0.799536, train_acc = 0.562500, train ppl = 1.491479
==== Finshed epoch 19 ====
Evaluating model...
Epoch 19: validation accuracy = 0.448000 -- validation perplexity = 1.677181
Epoch 19: test accuracy: 0.480000
---- Qualitative Analysis
Context: what color is bernhard ? bernhard is a swan . greg is a swan . julius is a rhino . julius is gray . brian is a rhino . brian is green . lily is a rhino . lily is yellow . greg is green . what color is bernhard ?
Question: what color is bernhard ?
Answer: green </s>
Model prediction: green </s>
=========================
Step 5400: train_loss = 0.660465, train_acc = 0.687500, train ppl = 1.391291
Step 5500: train_loss = 0.656851, train_acc = 0.781250, train ppl = 1.388780
Step 5600: train_loss = 0.770682, train_acc = 0.625000, train ppl = 1.470115
==== Finshed epoch 20 ====
Evaluating model...
Epoch 20: validation accuracy = 0.445000 -- validation perplexity = 1.749627
Epoch 20: test accuracy: 0.460000
---- Qualitative Analysis
Context: what color is greg ? julius is a swan . julius is white . greg is a rhino . brian is a lion . brian is white . lily is a rhino . bernhard is a frog . lily is gray . bernhard is gray . what color is greg ?
Question: what color is greg ?
Answer: gray </s>
Model prediction: gray </s>
=========================
Step 5700: train_loss = 0.442258, train_acc = 0.843750, train ppl = 1.247485
Step 5800: train_loss = 0.566013, train_acc = 0.718750, train ppl = 1.327114
Step 5900: train_loss = 0.466012, train_acc = 0.781250, train ppl = 1.262389
==== Finshed epoch 21 ====
Evaluating model...
Epoch 21: validation accuracy = 0.453000 -- validation perplexity = 1.870213
Epoch 21: test accuracy: 0.456000
---- Qualitative Analysis
Context: what color is greg ? julius is a swan . brian is a lion . brian is green . julius is white . lily is a frog . lily is white . bernhard is a rhino . bernhard is yellow . greg is a swan . what color is greg ?
Question: what color is greg ?
Answer: white </s>
Model prediction: green </s>
=========================
Step 6000: train_loss = 0.508854, train_acc = 0.812500, train ppl = 1.289722
Step 6100: train_loss = 0.544656, train_acc = 0.812500, train ppl = 1.313018
Step 6200: train_loss = 0.369743, train_acc = 0.843750, train ppl = 1.203064
==== Finshed epoch 22 ====
Evaluating model...
Epoch 22: validation accuracy = 0.481000 -- validation perplexity = 2.095657
Epoch 22: test accuracy: 0.469000
---- Qualitative Analysis
Context: what color is julius ? lily is a lion . brian is a swan . bernhard is a swan . lily is yellow . greg is a frog . greg is yellow . brian is white . julius is a lion . bernhard is white . what color is julius ?
Question: what color is julius ?
Answer: yellow </s>
Model prediction: white </s>
=========================
Step 6300: train_loss = 0.354975, train_acc = 0.906250, train ppl = 1.194213
Step 6400: train_loss = 0.365044, train_acc = 0.843750, train ppl = 1.200241
==== Finshed epoch 23 ====
Evaluating model...
Epoch 23: validation accuracy = 0.469000 -- validation perplexity = 2.378225
Epoch 23: test accuracy: 0.464000
---- Qualitative Analysis
Context: what color is lily ? julius is a rhino . greg is a frog . bernhard is a lion . julius is yellow . lily is a rhino . brian is a lion . brian is white . greg is yellow . bernhard is white . what color is lily ?
Question: what color is lily ?
Answer: yellow </s>
Model prediction: yellow </s>
=========================
Step 6500: train_loss = 0.522917, train_acc = 0.812500, train ppl = 1.298823
Step 6600: train_loss = 0.271682, train_acc = 0.875000, train ppl = 1.145500
Step 6700: train_loss = 0.051230, train_acc = 1.000000, train ppl = 1.025946
==== Finshed epoch 24 ====
Evaluating model...
Epoch 24: validation accuracy = 0.464000 -- validation perplexity = 2.860355
Epoch 24: test accuracy: 0.483000
---- Qualitative Analysis
Context: what color is lily ? bernhard is a frog . julius is a frog . julius is green . brian is a swan . greg is a lion . greg is gray . brian is white . bernhard is green . lily is a swan . what color is lily ?
Question: what color is lily ?
Answer: white </s>
Model prediction: green </s>
=========================
Step 6800: train_loss = 0.129711, train_acc = 0.968750, train ppl = 1.067005
Step 6900: train_loss = 0.171406, train_acc = 0.937500, train ppl = 1.089483
Step 7000: train_loss = 0.180863, train_acc = 0.937500, train ppl = 1.094646
==== Finshed epoch 25 ====
Evaluating model...
Epoch 25: validation accuracy = 0.465000 -- validation perplexity = 3.120966
Epoch 25: test accuracy: 0.492000
---- Qualitative Analysis
Context: what color is julius ? bernhard is a rhino . lily is a swan . lily is gray . bernhard is white . greg is a lion . greg is gray . julius is a rhino . brian is a lion . brian is white . what color is julius ?
Question: what color is julius ?
Answer: white </s>
Model prediction: gray </s>
=========================
Step 7100: train_loss = 0.236613, train_acc = 0.937500, train ppl = 1.125589
Step 7200: train_loss = 0.111015, train_acc = 0.937500, train ppl = 1.057077
Step 7300: train_loss = 0.079946, train_acc = 0.968750, train ppl = 1.040783
==== Finshed epoch 26 ====
Evaluating model...
Epoch 26: validation accuracy = 0.478000 -- validation perplexity = 3.462319
Epoch 26: test accuracy: 0.461000
---- Qualitative Analysis
Context: what color is bernhard ? lily is a lion . brian is a frog . julius is a swan . greg is a lion . brian is green . julius is white . lily is gray . greg is gray . bernhard is a frog . what color is bernhard ?
Question: what color is bernhard ?
Answer: green </s>
Model prediction: white </s>
=========================
Step 7400: train_loss = 0.087885, train_acc = 0.968750, train ppl = 1.044922
Step 7500: train_loss = 0.081211, train_acc = 0.937500, train ppl = 1.041441
Step 7600: train_loss = 0.117792, train_acc = 0.968750, train ppl = 1.060665
==== Finshed epoch 27 ====
Evaluating model...
Epoch 27: validation accuracy = 0.474000 -- validation perplexity = 3.876569
Epoch 27: test accuracy: 0.474000
---- Qualitative Analysis
Context: what color is lily ? greg is a rhino . brian is a swan . bernhard is a frog . brian is green . greg is gray . bernhard is yellow . julius is a lion . julius is yellow . lily is a rhino . what color is lily ?
Question: what color is lily ?
Answer: gray </s>
Model prediction: yellow </s>
=========================
Step 7700: train_loss = 0.033432, train_acc = 1.000000, train ppl = 1.016856
Step 7800: train_loss = 0.296305, train_acc = 0.937500, train ppl = 1.159690
==== Finshed epoch 28 ====
Evaluating model...
Epoch 28: validation accuracy = 0.469000 -- validation perplexity = 4.048213
Epoch 28: test accuracy: 0.482000
---- Qualitative Analysis
Context: what color is lily ? bernhard is a lion . greg is a lion . julius is a rhino . bernhard is gray . lily is a rhino . brian is a frog . julius is gray . greg is gray . brian is yellow . what color is lily ?
Question: what color is lily ?
Answer: gray </s>
Model prediction: yellow </s>
=========================
Step 7900: train_loss = 0.027909, train_acc = 1.000000, train ppl = 1.014052
Step 8000: train_loss = 0.008633, train_acc = 1.000000, train ppl = 1.004326
Step 8100: train_loss = 0.030478, train_acc = 1.000000, train ppl = 1.015356
==== Finshed epoch 29 ====
Evaluating model...
Epoch 29: validation accuracy = 0.469000 -- validation perplexity = 4.359725
Epoch 29: test accuracy: 0.479000
---- Qualitative Analysis
Context: what color is julius ? bernhard is a rhino . lily is a rhino . bernhard is yellow . brian is a swan . greg is a lion . greg is yellow . julius is a swan . lily is yellow . brian is green . what color is julius ?
Question: what color is julius ?
Answer: green </s>
Model prediction: yellow </s>
=========================
Step 8200: train_loss = 0.031665, train_acc = 1.000000, train ppl = 1.015958
Step 8300: train_loss = 0.033038, train_acc = 0.968750, train ppl = 1.016656
Step 8400: train_loss = 0.037374, train_acc = 1.000000, train ppl = 1.018862
==== Finshed epoch 30 ====
Evaluating model...
Epoch 30: validation accuracy = 0.466000 -- validation perplexity = 4.709448
Epoch 30: test accuracy: 0.474000
---- Qualitative Analysis
Context: what color is julius ? bernhard is a rhino . lily is a frog . lily is yellow . greg is a swan . brian is a frog . bernhard is white . greg is green . julius is a rhino . brian is white . what color is julius ?
Question: what color is julius ?
Answer: white </s>
Model prediction: white </s>
=========================
Step 8500: train_loss = 0.114843, train_acc = 0.937500, train ppl = 1.059102
Step 8600: train_loss = 0.019282, train_acc = 1.000000, train ppl = 1.009687
Step 8700: train_loss = 0.053934, train_acc = 0.968750, train ppl = 1.027334
==== Finshed epoch 31 ====
Evaluating model...
Epoch 31: validation accuracy = 0.470000 -- validation perplexity = 4.813586
Epoch 31: test accuracy: 0.488000
---- Qualitative Analysis
Context: what color is julius ? greg is a frog . brian is a rhino . greg is gray . bernhard is a lion . brian is gray . bernhard is green . julius is a rhino . lily is a lion . lily is gray . what color is julius ?
Question: what color is julius ?
Answer: gray </s>
Model prediction: gray </s>
=========================
Step 8800: train_loss = 0.022383, train_acc = 1.000000, train ppl = 1.011255
Step 8900: train_loss = 0.035014, train_acc = 0.968750, train ppl = 1.017661
Step 9000: train_loss = 0.034044, train_acc = 1.000000, train ppl = 1.017167
==== Finshed epoch 32 ====
Evaluating model...
Epoch 32: validation accuracy = 0.457000 -- validation perplexity = 5.672825
Epoch 32: test accuracy: 0.478000
---- Qualitative Analysis
Context: what color is julius ? greg is a swan . greg is yellow . bernhard is a frog . lily is a rhino . lily is green . brian is a rhino . julius is a swan . bernhard is white . brian is green . what color is julius ?
Question: what color is julius ?
Answer: yellow </s>
Model prediction: white </s>
=========================
Step 9100: train_loss = 0.067617, train_acc = 1.000000, train ppl = 1.034387
Step 9200: train_loss = 0.046754, train_acc = 0.968750, train ppl = 1.023653
Step 9300: train_loss = 0.012842, train_acc = 1.000000, train ppl = 1.006441
==== Finshed epoch 33 ====
Evaluating model...
Epoch 33: validation accuracy = 0.460000 -- validation perplexity = 5.991948
Epoch 33: test accuracy: 0.470000
---- Qualitative Analysis
Context: what color is lily ? bernhard is a frog . brian is a lion . lily is a frog . julius is a rhino . greg is a swan . greg is yellow . bernhard is yellow . julius is white . brian is yellow . what color is lily ?
Question: what color is lily ?
Answer: yellow </s>
Model prediction: white </s>
=========================
Step 9400: train_loss = 0.034643, train_acc = 0.968750, train ppl = 1.017473
Step 9500: train_loss = 0.006113, train_acc = 1.000000, train ppl = 1.003061
==== Finshed epoch 34 ====
Evaluating model...
Epoch 34: validation accuracy = 0.472000 -- validation perplexity = 6.169641
Epoch 34: test accuracy: 0.462000
---- Qualitative Analysis
Context: what color is bernhard ? lily is a frog . julius is a lion . greg is a frog . julius is yellow . greg is green . brian is a frog . lily is white . brian is white . bernhard is a lion . what color is bernhard ?
Question: what color is bernhard ?
Answer: yellow </s>
Model prediction: yellow </s>
=========================
Step 9600: train_loss = 0.020024, train_acc = 1.000000, train ppl = 1.010062
Step 9700: train_loss = 0.017494, train_acc = 1.000000, train ppl = 1.008785
Step 9800: train_loss = 0.003150, train_acc = 1.000000, train ppl = 1.001576
==== Finshed epoch 35 ====
Evaluating model...
Epoch 35: validation accuracy = 0.465000 -- validation perplexity = 6.129766
Epoch 35: test accuracy: 0.480000
---- Qualitative Analysis
Context: what color is lily ? julius is a frog . lily is a frog . julius is white . bernhard is a rhino . brian is a rhino . brian is gray . greg is a lion . bernhard is gray . greg is green . what color is lily ?
Question: what color is lily ?
Answer: white </s>
Model prediction: gray </s>
=========================
Step 9900: train_loss = 0.008431, train_acc = 1.000000, train ppl = 1.004225
Step 10000: train_loss = 0.050588, train_acc = 0.968750, train ppl = 1.025616
Step 10100: train_loss = 0.025105, train_acc = 1.000000, train ppl = 1.012632
==== Finshed epoch 36 ====
Evaluating model...
Epoch 36: validation accuracy = 0.463000 -- validation perplexity = 6.621809
Epoch 36: test accuracy: 0.463000
---- Qualitative Analysis
Context: what color is bernhard ? lily is a rhino . brian is a lion . brian is gray . lily is gray . greg is a rhino . greg is gray . julius is a frog . julius is green . bernhard is a lion . what color is bernhard ?
Question: what color is bernhard ?
Answer: gray </s>
Model prediction: gray </s>
=========================
Step 10200: train_loss = 0.065759, train_acc = 0.968750, train ppl = 1.033426
Step 10300: train_loss = 0.166492, train_acc = 0.937500, train ppl = 1.086809
Step 10400: train_loss = 0.008309, train_acc = 1.000000, train ppl = 1.004163
==== Finshed epoch 37 ====
Evaluating model...
Epoch 37: validation accuracy = 0.459000 -- validation perplexity = 6.917175
Epoch 37: test accuracy: 0.466000
---- Qualitative Analysis
Context: what color is greg ? brian is a lion . lily is a rhino . julius is a swan . julius is white . lily is yellow . brian is yellow . bernhard is a swan . bernhard is gray . greg is a lion . what color is greg ?
Question: what color is greg ?
Answer: yellow </s>
Model prediction: yellow </s>
=========================
Step 10500: train_loss = 0.072877, train_acc = 0.968750, train ppl = 1.037110
Step 10600: train_loss = 0.001427, train_acc = 1.000000, train ppl = 1.000714
Step 10700: train_loss = 0.035169, train_acc = 1.000000, train ppl = 1.017740
==== Finshed epoch 38 ====
Evaluating model...
Epoch 38: validation accuracy = 0.454000 -- validation perplexity = 6.469408
Epoch 38: test accuracy: 0.479000
---- Qualitative Analysis
Context: what color is lily ? brian is a lion . bernhard is a swan . greg is a swan . bernhard is gray . julius is a swan . greg is yellow . brian is yellow . julius is yellow . lily is a lion . what color is lily ?
Question: what color is lily ?
Answer: yellow </s>
Model prediction: gray </s>
=========================
Step 10800: train_loss = 0.091310, train_acc = 0.968750, train ppl = 1.046713
Step 10900: train_loss = 0.024449, train_acc = 1.000000, train ppl = 1.012300
==== Finshed epoch 39 ====
Evaluating model...
Epoch 39: validation accuracy = 0.457000 -- validation perplexity = 7.116351
Epoch 39: test accuracy: 0.480000
---- Qualitative Analysis
Context: what color is julius ? greg is a frog . brian is a lion . lily is a rhino . bernhard is a swan . bernhard is gray . brian is green . greg is gray . julius is a lion . lily is green . what color is julius ?
Question: what color is julius ?
Answer: green </s>
Model prediction: green </s>
=========================
Step 11000: train_loss = 0.001584, train_acc = 1.000000, train ppl = 1.000792
Step 11100: train_loss = 0.006141, train_acc = 1.000000, train ppl = 1.003075
Step 11200: train_loss = 0.070620, train_acc = 0.937500, train ppl = 1.035941
==== Finshed epoch 40 ====
Evaluating model...
Epoch 40: validation accuracy = 0.466000 -- validation perplexity = 6.802027
Epoch 40: test accuracy: 0.460000
---- Qualitative Analysis
Context: what color is brian ? greg is a frog . lily is a rhino . julius is a swan . lily is gray . bernhard is a rhino . julius is yellow . greg is white . brian is a frog . bernhard is gray . what color is brian ?
Question: what color is brian ?
Answer: white </s>
Model prediction: white </s>
=========================
Step 11300: train_loss = 0.042004, train_acc = 0.968750, train ppl = 1.021224
Step 11400: train_loss = 0.105788, train_acc = 0.937500, train ppl = 1.054318
Step 11500: train_loss = 0.019373, train_acc = 1.000000, train ppl = 1.009734
==== Finshed epoch 41 ====
Evaluating model...
Epoch 41: validation accuracy = 0.458000 -- validation perplexity = 6.873048
Epoch 41: test accuracy: 0.464000
---- Qualitative Analysis
Context: what color is lily ? bernhard is a frog . greg is a swan . greg is yellow . julius is a frog . julius is white . brian is a frog . bernhard is gray . brian is gray . lily is a frog . what color is lily ?
Question: what color is lily ?
Answer: gray </s>
Model prediction: gray </s>
=========================
Step 11600: train_loss = 0.004323, train_acc = 1.000000, train ppl = 1.002164
Step 11700: train_loss = 0.013249, train_acc = 1.000000, train ppl = 1.006646
Step 11800: train_loss = 0.128583, train_acc = 0.937500, train ppl = 1.066403
==== Finshed epoch 42 ====
Evaluating model...
Epoch 42: validation accuracy = 0.446000 -- validation perplexity = 7.310588
Epoch 42: test accuracy: 0.470000
---- Qualitative Analysis
Context: what color is greg ? lily is a lion . greg is a swan . julius is a rhino . lily is yellow . brian is a frog . brian is green . bernhard is a swan . julius is gray . bernhard is yellow . what color is greg ?
Question: what color is greg ?
Answer: yellow </s>
Model prediction: yellow </s>
=========================
Step 11900: train_loss = 0.044488, train_acc = 0.968750, train ppl = 1.022493
Step 12000: train_loss = 0.131125, train_acc = 0.937500, train ppl = 1.067759
Step 12100: train_loss = 0.010437, train_acc = 1.000000, train ppl = 1.005232
==== Finshed epoch 43 ====
Evaluating model...
Epoch 43: validation accuracy = 0.451000 -- validation perplexity = 7.553538
Epoch 43: test accuracy: 0.479000
---- Qualitative Analysis
Context: what color is lily ? julius is a lion . greg is a swan . julius is yellow . bernhard is a lion . brian is a frog . lily is a frog . greg is white . bernhard is yellow . brian is gray . what color is lily ?
Question: what color is lily ?
Answer: gray </s>
Model prediction: white </s>
=========================
Step 12200: train_loss = 0.011036, train_acc = 1.000000, train ppl = 1.005533
Step 12300: train_loss = 0.005002, train_acc = 1.000000, train ppl = 1.002504
Step 12400: train_loss = 0.000788, train_acc = 1.000000, train ppl = 1.000394
==== Finshed epoch 44 ====
Evaluating model...
Epoch 44: validation accuracy = 0.452000 -- validation perplexity = 7.867871
Epoch 44: test accuracy: 0.467000
---- Qualitative Analysis
Context: what color is bernhard ? julius is a lion . bernhard is a swan . brian is a rhino . lily is a rhino . brian is gray . greg is a swan . julius is yellow . lily is gray . greg is white . what color is bernhard ?
Question: what color is bernhard ?
Answer: white </s>
Model prediction: yellow </s>
=========================
Step 12500: train_loss = 0.024046, train_acc = 1.000000, train ppl = 1.012096
Step 12600: train_loss = 0.225296, train_acc = 0.937500, train ppl = 1.119238
==== Finshed epoch 45 ====
Evaluating model...
Epoch 45: validation accuracy = 0.497000 -- validation perplexity = 7.597865
Epoch 45: test accuracy: 0.449000
---- Qualitative Analysis
Context: what color is greg ? brian is a swan . julius is a rhino . lily is a frog . greg is a rhino . lily is gray . bernhard is a frog . bernhard is gray . julius is yellow . brian is green . what color is greg ?
Question: what color is greg ?
Answer: yellow </s>
Model prediction: green </s>
=========================
Step 12700: train_loss = 0.008051, train_acc = 1.000000, train ppl = 1.004034
Step 12800: train_loss = 0.058867, train_acc = 1.000000, train ppl = 1.029871
Step 12900: train_loss = 0.119282, train_acc = 0.968750, train ppl = 1.061456
==== Finshed epoch 46 ====
Evaluating model...
Epoch 46: validation accuracy = 0.485000 -- validation perplexity = 7.068957
Epoch 46: test accuracy: 0.446000
---- Qualitative Analysis
Context: what color is julius ? greg is a frog . lily is a frog . brian is a lion . greg is gray . brian is yellow . lily is gray . bernhard is a frog . julius is a lion . bernhard is yellow . what color is julius ?
Question: what color is julius ?
Answer: yellow </s>
Model prediction: gray </s>
=========================
Step 13000: train_loss = 0.001130, train_acc = 1.000000, train ppl = 1.000565
Step 13100: train_loss = 0.026875, train_acc = 1.000000, train ppl = 1.013528
Step 13200: train_loss = 0.019751, train_acc = 1.000000, train ppl = 1.009924
==== Finshed epoch 47 ====
Evaluating model...
Epoch 47: validation accuracy = 0.443000 -- validation perplexity = 7.819127
Epoch 47: test accuracy: 0.462000
---- Qualitative Analysis
Context: what color is brian ? julius is a lion . bernhard is a rhino . brian is a lion . julius is white . bernhard is white . greg is a swan . greg is gray . lily is a rhino . lily is yellow . what color is brian ?
Question: what color is brian ?
Answer: white </s>
Model prediction: yellow </s>
=========================
Step 13300: train_loss = 0.006483, train_acc = 1.000000, train ppl = 1.003247
Step 13400: train_loss = 0.002856, train_acc = 1.000000, train ppl = 1.001429
Step 13500: train_loss = 0.002239, train_acc = 1.000000, train ppl = 1.001120
==== Finshed epoch 48 ====
Evaluating model...
Epoch 48: validation accuracy = 0.444000 -- validation perplexity = 8.489732
Epoch 48: test accuracy: 0.473000
---- Qualitative Analysis
Context: what color is bernhard ? julius is a frog . julius is gray . lily is a lion . bernhard is a swan . brian is a frog . lily is green . greg is a swan . brian is gray . greg is gray . what color is bernhard ?
Question: what color is bernhard ?
Answer: gray </s>
Model prediction: gray </s>
=========================
Step 13600: train_loss = 0.021659, train_acc = 1.000000, train ppl = 1.010889
Step 13700: train_loss = 0.028279, train_acc = 0.968750, train ppl = 1.014240
Step 13800: train_loss = 0.000857, train_acc = 1.000000, train ppl = 1.000429
==== Finshed epoch 49 ====
Evaluating model...
Epoch 49: validation accuracy = 0.453000 -- validation perplexity = 7.809566
Epoch 49: test accuracy: 0.470000
---- Qualitative Analysis
Context: what color is julius ? lily is a rhino . bernhard is a swan . lily is yellow . brian is a lion . julius is a swan . bernhard is gray . greg is a lion . greg is yellow . brian is yellow . what color is julius ?
Question: what color is julius ?
Answer: gray </s>
Model prediction: gray </s>
=========================
Step 13900: train_loss = 0.002347, train_acc = 1.000000, train ppl = 1.001174
Step 14000: train_loss = 0.086877, train_acc = 0.968750, train ppl = 1.044396
Step 14100: train_loss = 0.000101, train_acc = 1.000000, train ppl = 1.000050
==== Finshed epoch 50 ====
Evaluating model...
Epoch 50: validation accuracy = 0.455000 -- validation perplexity = 8.198967
Epoch 50: test accuracy: 0.473000
---- Qualitative Analysis
Context: what color is brian ? greg is a frog . greg is white . lily is a swan . julius is a frog . julius is white . bernhard is a frog . bernhard is white . lily is gray . brian is a swan . what color is brian ?
Question: what color is brian ?
Answer: gray </s>
Model prediction: white </s>
=========================
Best model (acc) at epoch 13 -- validation perplexity = 1.556610 -- validation accuracy = 0.507000 -- test accuracy = 0.475000
0.507
