max_gradient_norm:        1.0
restore_from_dir:         None
cell_type:                gru
model_type:               normal
val_split:                0.1
merge_mode:               concat
data_dir:                 data/en-10k
learning_rate:            0.001
dropout_keep_prob:        0.7
encoder_type:             bi
vocab:                    data/vocab.txt
task:                     17
num_enc_layers:           1
num_units:                256
batch_size:               8
num_epochs:               50
model_dir:                models/dummy
optimizer:                adam
embedding_size:           256
Loading data...
vocabulary size = 487
Building model...
Running initializers...
Creating summary writers...
Performing evaluation before training...
---- Qualitative Analysis
Context: is the red sphere above the pink rectangle ? the pink rectangle is to the left of the triangle . the triangle is below the red sphere . is the red sphere above the pink rectangle ?
Question: is the red sphere above the pink rectangle ?
Answer: yes </s>
Model prediction: 101 101 196 196 135 101 a 12 12 12
=========================
Step 100: train_loss = 0.654201, train_acc = 0.750000, train ppl = 1.386941
Step 200: train_loss = 1.076104, train_acc = 0.250000, train ppl = 1.712667
Step 300: train_loss = 0.739759, train_acc = 0.375000, train ppl = 1.447560
Step 400: train_loss = 0.707050, train_acc = 0.500000, train ppl = 1.424079
Step 500: train_loss = 0.695474, train_acc = 0.500000, train ppl = 1.415860
Step 600: train_loss = 0.728306, train_acc = 0.500000, train ppl = 1.439295
Step 700: train_loss = 0.716688, train_acc = 0.375000, train ppl = 1.430958
Step 800: train_loss = 0.738761, train_acc = 0.375000, train ppl = 1.446838
Step 900: train_loss = 0.706907, train_acc = 0.375000, train ppl = 1.423977
Step 1000: train_loss = 0.659503, train_acc = 0.625000, train ppl = 1.390622
Step 1100: train_loss = 0.672286, train_acc = 0.625000, train ppl = 1.399539
==== Finshed epoch 1 ====
Evaluating model...
Epoch 1: validation accuracy = 0.509000 -- validation perplexity = 1.415132
Epoch 1: test accuracy: 0.480000
---- Qualitative Analysis
Context: is the red square to the left of the red sphere ? the yellow square is below the red square . the yellow square is to the left of the red sphere . is the red square to the left of the red sphere ?
Question: is the red square to the left of the red sphere ?
Answer: yes </s>
Model prediction: no </s>
=========================
Model checkpoint saved in models/dummy/best_model.ckpt
Step 1200: train_loss = 0.652470, train_acc = 0.750000, train ppl = 1.385741
Step 1300: train_loss = 0.619252, train_acc = 0.750000, train ppl = 1.362916
Step 1400: train_loss = 0.705178, train_acc = 0.125000, train ppl = 1.422746
Step 1500: train_loss = 0.602015, train_acc = 0.750000, train ppl = 1.351220
Step 1600: train_loss = 1.256429, train_acc = 0.125000, train ppl = 1.874261
Step 1700: train_loss = 0.701132, train_acc = 0.625000, train ppl = 1.419871
Step 1800: train_loss = 0.619168, train_acc = 0.500000, train ppl = 1.362858
Step 1900: train_loss = 0.732896, train_acc = 0.250000, train ppl = 1.442601
Step 2000: train_loss = 0.690616, train_acc = 0.500000, train ppl = 1.412425
Step 2100: train_loss = 0.696106, train_acc = 0.500000, train ppl = 1.416307
Step 2200: train_loss = 0.678222, train_acc = 0.750000, train ppl = 1.403699
==== Finshed epoch 2 ====
Evaluating model...
Epoch 2: validation accuracy = 0.475000 -- validation perplexity = 1.442532
Epoch 2: test accuracy: 0.489000
---- Qualitative Analysis
Context: is the pink rectangle to the right of the red sphere ? the pink rectangle is to the right of the blue square . the red sphere is below the blue square . is the pink rectangle to the right of the red sphere ?
Question: is the pink rectangle to the right of the red sphere ?
Answer: yes </s>
Model prediction: yes </s>
=========================
Step 2300: train_loss = 0.679366, train_acc = 0.500000, train ppl = 1.404502
Step 2400: train_loss = 0.755314, train_acc = 0.500000, train ppl = 1.458863
Step 2500: train_loss = 0.547041, train_acc = 0.750000, train ppl = 1.314584
Step 2600: train_loss = 0.650032, train_acc = 0.500000, train ppl = 1.384053
Step 2700: train_loss = 0.678551, train_acc = 0.625000, train ppl = 1.403930
Step 2800: train_loss = 0.600145, train_acc = 0.875000, train ppl = 1.349957
Step 2900: train_loss = 0.767213, train_acc = 0.375000, train ppl = 1.467568
Step 3000: train_loss = 0.643035, train_acc = 0.500000, train ppl = 1.379219
Step 3100: train_loss = 0.418339, train_acc = 1.000000, train ppl = 1.232654
Step 3200: train_loss = 0.541697, train_acc = 0.625000, train ppl = 1.311077
Step 3300: train_loss = 0.458785, train_acc = 0.875000, train ppl = 1.257836
==== Finshed epoch 3 ====
Evaluating model...
Epoch 3: validation accuracy = 0.614000 -- validation perplexity = 1.348878
Epoch 3: test accuracy: 0.618000
---- Qualitative Analysis
Context: is the triangle above the pink rectangle ? the triangle is above the red square . the red square is above the pink rectangle . is the triangle above the pink rectangle ?
Question: is the triangle above the pink rectangle ?
Answer: yes </s>
Model prediction: yes </s>
=========================
Model checkpoint saved in models/dummy/best_model.ckpt
Step 3400: train_loss = 0.424950, train_acc = 0.750000, train ppl = 1.236735
Step 3500: train_loss = 0.664449, train_acc = 0.375000, train ppl = 1.394066
Step 3600: train_loss = 0.667771, train_acc = 0.625000, train ppl = 1.396383
Step 3700: train_loss = 0.643094, train_acc = 0.875000, train ppl = 1.379260
Step 3800: train_loss = 0.583483, train_acc = 0.500000, train ppl = 1.338757
Step 3900: train_loss = 0.611950, train_acc = 0.750000, train ppl = 1.357949
Step 4000: train_loss = 0.648840, train_acc = 0.625000, train ppl = 1.383228
Step 4100: train_loss = 0.640627, train_acc = 0.750000, train ppl = 1.377560
Step 4200: train_loss = 0.692659, train_acc = 0.750000, train ppl = 1.413869
Step 4300: train_loss = 0.514691, train_acc = 0.625000, train ppl = 1.293492
Step 4400: train_loss = 0.680311, train_acc = 0.875000, train ppl = 1.405166
Step 4500: train_loss = 0.576387, train_acc = 0.750000, train ppl = 1.334016
==== Finshed epoch 4 ====
Evaluating model...
Epoch 4: validation accuracy = 0.604000 -- validation perplexity = 1.349604
Epoch 4: test accuracy: 0.618000
---- Qualitative Analysis
Context: is the triangle above the yellow square ? the triangle is above the blue square . the blue square is above the yellow square . is the triangle above the yellow square ?
Question: is the triangle above the yellow square ?
Answer: yes </s>
Model prediction: yes </s>
=========================
Step 4600: train_loss = 0.529625, train_acc = 0.750000, train ppl = 1.303187
Step 4700: train_loss = 0.447931, train_acc = 0.750000, train ppl = 1.251028
Step 4800: train_loss = 0.548021, train_acc = 0.625000, train ppl = 1.315229
Step 4900: train_loss = 0.697815, train_acc = 0.625000, train ppl = 1.417518
Step 5000: train_loss = 0.594978, train_acc = 0.625000, train ppl = 1.346473
Step 5100: train_loss = 0.560500, train_acc = 0.750000, train ppl = 1.323460
Step 5200: train_loss = 0.692290, train_acc = 0.375000, train ppl = 1.413608
Step 5300: train_loss = 0.619820, train_acc = 0.500000, train ppl = 1.363302
Step 5400: train_loss = 0.665019, train_acc = 0.500000, train ppl = 1.394463
Step 5500: train_loss = 0.726609, train_acc = 0.500000, train ppl = 1.438074
Step 5600: train_loss = 0.560750, train_acc = 0.875000, train ppl = 1.323626
==== Finshed epoch 5 ====
Evaluating model...
Epoch 5: validation accuracy = 0.579000 -- validation perplexity = 1.403072
Epoch 5: test accuracy: 0.596000
---- Qualitative Analysis
Context: is the yellow square above the triangle ? the yellow square is to the right of the blue square . the blue square is above the triangle . is the yellow square above the triangle ?
Question: is the yellow square above the triangle ?
Answer: yes </s>
Model prediction: no </s>
=========================
Step 5700: train_loss = 0.783236, train_acc = 0.625000, train ppl = 1.479373
Step 5800: train_loss = 0.402603, train_acc = 0.875000, train ppl = 1.222993
Step 5900: train_loss = 0.755895, train_acc = 0.500000, train ppl = 1.459286
Step 6000: train_loss = 0.483412, train_acc = 0.875000, train ppl = 1.273420
Step 6100: train_loss = 0.532367, train_acc = 0.625000, train ppl = 1.304975
Step 6200: train_loss = 0.685065, train_acc = 0.500000, train ppl = 1.408510
Step 6300: train_loss = 0.806872, train_acc = 0.500000, train ppl = 1.496960
Step 6400: train_loss = 0.496609, train_acc = 0.750000, train ppl = 1.281850
Step 6500: train_loss = 0.813567, train_acc = 0.375000, train ppl = 1.501979
Step 6600: train_loss = 0.855546, train_acc = 0.500000, train ppl = 1.533838
Step 6700: train_loss = 0.701207, train_acc = 0.625000, train ppl = 1.419924
==== Finshed epoch 6 ====
Evaluating model...
Epoch 6: validation accuracy = 0.602000 -- validation perplexity = 1.353376
Epoch 6: test accuracy: 0.602000
---- Qualitative Analysis
Context: is the triangle above the pink rectangle ? the yellow square is to the left of the triangle . the yellow square is above the pink rectangle . is the triangle above the pink rectangle ?
Question: is the triangle above the pink rectangle ?
Answer: yes </s>
Model prediction: no </s>
=========================
Step 6800: train_loss = 0.611418, train_acc = 0.625000, train ppl = 1.357587
Step 6900: train_loss = 0.698253, train_acc = 0.375000, train ppl = 1.417829
Step 7000: train_loss = 0.485695, train_acc = 0.750000, train ppl = 1.274874
Step 7100: train_loss = 0.741607, train_acc = 0.375000, train ppl = 1.448898
Step 7200: train_loss = 0.316595, train_acc = 0.875000, train ppl = 1.171515
Step 7300: train_loss = 0.524348, train_acc = 0.875000, train ppl = 1.299753
Step 7400: train_loss = 0.643187, train_acc = 0.500000, train ppl = 1.379324
Step 7500: train_loss = 0.509242, train_acc = 0.500000, train ppl = 1.289972
Step 7600: train_loss = 0.602866, train_acc = 0.500000, train ppl = 1.351795
Step 7700: train_loss = 0.669956, train_acc = 0.625000, train ppl = 1.397910
Step 7800: train_loss = 0.772686, train_acc = 0.250000, train ppl = 1.471589
==== Finshed epoch 7 ====
Evaluating model...
Epoch 7: validation accuracy = 0.591000 -- validation perplexity = 1.342949
Epoch 7: test accuracy: 0.604000
---- Qualitative Analysis
Context: is the red sphere to the right of the triangle ? the triangle is to the left of the red square . the red sphere is below the red square . is the red sphere to the right of the triangle ?
Question: is the red sphere to the right of the triangle ?
Answer: yes </s>
Model prediction: no </s>
=========================
Step 7900: train_loss = 0.754932, train_acc = 0.375000, train ppl = 1.458584
Step 8000: train_loss = 0.592533, train_acc = 0.625000, train ppl = 1.344829
Step 8100: train_loss = 0.564790, train_acc = 0.625000, train ppl = 1.326303
Step 8200: train_loss = 0.668164, train_acc = 0.375000, train ppl = 1.396658
Step 8300: train_loss = 0.725755, train_acc = 0.500000, train ppl = 1.437460
Step 8400: train_loss = 0.608206, train_acc = 0.500000, train ppl = 1.355409
Step 8500: train_loss = 0.708405, train_acc = 0.500000, train ppl = 1.425044
Step 8600: train_loss = 0.483448, train_acc = 0.750000, train ppl = 1.273442
Step 8700: train_loss = 0.495808, train_acc = 0.875000, train ppl = 1.281337
Step 8800: train_loss = 0.751508, train_acc = 0.625000, train ppl = 1.456089
Step 8900: train_loss = 0.736075, train_acc = 0.375000, train ppl = 1.444896
Step 9000: train_loss = 0.642600, train_acc = 0.500000, train ppl = 1.378919
==== Finshed epoch 8 ====
Evaluating model...
Epoch 8: validation accuracy = 0.612000 -- validation perplexity = 1.342508
Epoch 8: test accuracy: 0.602000
---- Qualitative Analysis
Context: is the red sphere to the right of the pink rectangle ? the blue square is to the left of the red sphere . the blue square is to the right of the pink rectangle . is the red sphere to the right of the pink rectangle ?
Question: is the red sphere to the right of the pink rectangle ?
Answer: yes </s>
Model prediction: yes </s>
=========================
Step 9100: train_loss = 0.696307, train_acc = 0.500000, train ppl = 1.416449
Step 9200: train_loss = 0.525466, train_acc = 0.625000, train ppl = 1.300480
Step 9300: train_loss = 0.614247, train_acc = 0.625000, train ppl = 1.359509
Step 9400: train_loss = 0.666677, train_acc = 0.625000, train ppl = 1.395620
Step 9500: train_loss = 0.667890, train_acc = 0.500000, train ppl = 1.396466
Step 9600: train_loss = 0.623699, train_acc = 0.500000, train ppl = 1.365949
Step 9700: train_loss = 0.616280, train_acc = 0.375000, train ppl = 1.360891
Step 9800: train_loss = 0.481720, train_acc = 0.875000, train ppl = 1.272343
Step 9900: train_loss = 0.434082, train_acc = 0.875000, train ppl = 1.242395
Step 10000: train_loss = 0.666723, train_acc = 0.625000, train ppl = 1.395652
Step 10100: train_loss = 0.765079, train_acc = 0.500000, train ppl = 1.466003
==== Finshed epoch 9 ====
Evaluating model...
Epoch 9: validation accuracy = 0.596000 -- validation perplexity = 1.344607
Epoch 9: test accuracy: 0.635000
---- Qualitative Analysis
Context: is the red square below the red sphere ? the yellow square is to the right of the red square . the yellow square is below the red sphere . is the red square below the red sphere ?
Question: is the red square below the red sphere ?
Answer: yes </s>
Model prediction: yes </s>
=========================
Step 10200: train_loss = 0.585027, train_acc = 0.625000, train ppl = 1.339791
Step 10300: train_loss = 0.572813, train_acc = 0.750000, train ppl = 1.331634
Step 10400: train_loss = 0.563134, train_acc = 0.625000, train ppl = 1.325205
Step 10500: train_loss = 0.900457, train_acc = 0.500000, train ppl = 1.568671
Step 10600: train_loss = 0.662371, train_acc = 0.500000, train ppl = 1.392618
Step 10700: train_loss = 0.726755, train_acc = 0.500000, train ppl = 1.438179
Step 10800: train_loss = 0.563904, train_acc = 0.750000, train ppl = 1.325715
Step 10900: train_loss = 0.584638, train_acc = 0.625000, train ppl = 1.339530
Step 11000: train_loss = 0.652017, train_acc = 0.625000, train ppl = 1.385427
Step 11100: train_loss = 1.228245, train_acc = 0.625000, train ppl = 1.848035
Step 11200: train_loss = 0.560703, train_acc = 0.750000, train ppl = 1.323595
==== Finshed epoch 10 ====
Evaluating model...
Epoch 10: validation accuracy = 0.652000 -- validation perplexity = 1.324585
Epoch 10: test accuracy: 0.632000
---- Qualitative Analysis
Context: is the yellow square to the left of the red sphere ? the triangle is to the left of the yellow square . the triangle is below the red sphere . is the yellow square to the left of the red sphere ?
Question: is the yellow square to the left of the red sphere ?
Answer: no </s>
Model prediction: yes </s>
=========================
Model checkpoint saved in models/dummy/best_model.ckpt
Step 11300: train_loss = 0.570875, train_acc = 0.625000, train ppl = 1.330344
Step 11400: train_loss = 0.573232, train_acc = 0.750000, train ppl = 1.331913
Step 11500: train_loss = 0.535492, train_acc = 0.625000, train ppl = 1.307015
Step 11600: train_loss = 0.414508, train_acc = 0.750000, train ppl = 1.230295
Step 11700: train_loss = 0.279260, train_acc = 1.000000, train ppl = 1.149848
Step 11800: train_loss = 0.635343, train_acc = 0.500000, train ppl = 1.373925
Step 11900: train_loss = 0.350329, train_acc = 0.750000, train ppl = 1.191442
Step 12000: train_loss = 0.448414, train_acc = 0.750000, train ppl = 1.251330
Step 12100: train_loss = 0.403496, train_acc = 0.875000, train ppl = 1.223540
Step 12200: train_loss = 1.305254, train_acc = 0.250000, train ppl = 1.920579
Step 12300: train_loss = 0.372624, train_acc = 0.750000, train ppl = 1.204798
==== Finshed epoch 11 ====
Evaluating model...
Epoch 11: validation accuracy = 0.695000 -- validation perplexity = 1.288572
Epoch 11: test accuracy: 0.694000
---- Qualitative Analysis
Context: is the blue square to the right of the yellow square ? the blue square is above the pink rectangle . the yellow square is to the right of the pink rectangle . is the blue square to the right of the yellow square ?
Question: is the blue square to the right of the yellow square ?
Answer: no </s>
Model prediction: no </s>
=========================
Model checkpoint saved in models/dummy/best_model.ckpt
Step 12400: train_loss = 0.677436, train_acc = 0.625000, train ppl = 1.403147
Step 12500: train_loss = 0.244318, train_acc = 1.000000, train ppl = 1.129934
Step 12600: train_loss = 0.589117, train_acc = 0.625000, train ppl = 1.342534
Step 12700: train_loss = 0.164529, train_acc = 0.875000, train ppl = 1.085743
Step 12800: train_loss = 0.535600, train_acc = 0.500000, train ppl = 1.307086
Step 12900: train_loss = 0.507386, train_acc = 0.750000, train ppl = 1.288776
Step 13000: train_loss = 0.540249, train_acc = 0.625000, train ppl = 1.310127
Step 13100: train_loss = 0.329758, train_acc = 0.750000, train ppl = 1.179251
Step 13200: train_loss = 0.629439, train_acc = 0.625000, train ppl = 1.369875
Step 13300: train_loss = 0.492668, train_acc = 0.750000, train ppl = 1.279327
Step 13400: train_loss = 0.789431, train_acc = 0.375000, train ppl = 1.483962
Step 13500: train_loss = 0.312257, train_acc = 0.875000, train ppl = 1.168976
==== Finshed epoch 12 ====
Evaluating model...
Epoch 12: validation accuracy = 0.725000 -- validation perplexity = 1.261118
Epoch 12: test accuracy: 0.730000
---- Qualitative Analysis
Context: is the red sphere to the left of the pink rectangle ? the red square is to the left of the pink rectangle . the red square is to the right of the red sphere . is the red sphere to the left of the pink rectangle ?
Question: is the red sphere to the left of the pink rectangle ?
Answer: yes </s>
Model prediction: yes </s>
=========================
Model checkpoint saved in models/dummy/best_model.ckpt
Step 13600: train_loss = 0.219727, train_acc = 0.875000, train ppl = 1.116126
Step 13700: train_loss = 0.432285, train_acc = 0.625000, train ppl = 1.241279
Step 13800: train_loss = 0.518921, train_acc = 0.625000, train ppl = 1.296230
Step 13900: train_loss = 0.561174, train_acc = 0.750000, train ppl = 1.323907
Step 14000: train_loss = 0.443775, train_acc = 0.625000, train ppl = 1.248431
Step 14100: train_loss = 0.244167, train_acc = 1.000000, train ppl = 1.129848
Step 14200: train_loss = 0.409558, train_acc = 0.750000, train ppl = 1.227254
Step 14300: train_loss = 0.262169, train_acc = 1.000000, train ppl = 1.140064
Step 14400: train_loss = 0.180029, train_acc = 1.000000, train ppl = 1.094190
Step 14500: train_loss = 0.467268, train_acc = 0.750000, train ppl = 1.263182
Step 14600: train_loss = 0.242999, train_acc = 0.875000, train ppl = 1.129189
==== Finshed epoch 13 ====
Evaluating model...
Epoch 13: validation accuracy = 0.755000 -- validation perplexity = 1.250566
Epoch 13: test accuracy: 0.737000
---- Qualitative Analysis
Context: is the red sphere to the left of the blue square ? the blue square is below the triangle . the triangle is to the right of the red sphere . is the red sphere to the left of the blue square ?
Question: is the red sphere to the left of the blue square ?
Answer: yes </s>
Model prediction: yes </s>
=========================
Model checkpoint saved in models/dummy/best_model.ckpt
Step 14700: train_loss = 0.722833, train_acc = 0.750000, train ppl = 1.435361
Step 14800: train_loss = 0.331016, train_acc = 0.875000, train ppl = 1.179992
Step 14900: train_loss = 0.609774, train_acc = 0.500000, train ppl = 1.356471
Step 15000: train_loss = 1.089272, train_acc = 0.500000, train ppl = 1.723981
Step 15100: train_loss = 0.650144, train_acc = 0.625000, train ppl = 1.384130
Step 15200: train_loss = 0.343787, train_acc = 0.875000, train ppl = 1.187551
Step 15300: train_loss = 0.818756, train_acc = 0.625000, train ppl = 1.505881
Step 15400: train_loss = 0.165834, train_acc = 0.875000, train ppl = 1.086452
Step 15500: train_loss = 0.196220, train_acc = 0.875000, train ppl = 1.103084
Step 15600: train_loss = 0.289618, train_acc = 0.875000, train ppl = 1.155819
Step 15700: train_loss = 0.538826, train_acc = 0.500000, train ppl = 1.309196
==== Finshed epoch 14 ====
Evaluating model...
Epoch 14: validation accuracy = 0.753000 -- validation perplexity = 1.225724
Epoch 14: test accuracy: 0.748000
---- Qualitative Analysis
Context: is the yellow square to the right of the triangle ? the pink rectangle is to the left of the yellow square . the pink rectangle is above the triangle . is the yellow square to the right of the triangle ?
Question: is the yellow square to the right of the triangle ?
Answer: yes </s>
Model prediction: yes </s>
=========================
Step 15800: train_loss = 0.583527, train_acc = 0.500000, train ppl = 1.338786
Step 15900: train_loss = 0.404705, train_acc = 0.750000, train ppl = 1.224279
Step 16000: train_loss = 0.110193, train_acc = 1.000000, train ppl = 1.056643
Step 16100: train_loss = 0.271442, train_acc = 0.875000, train ppl = 1.145362
Step 16200: train_loss = 0.334656, train_acc = 0.625000, train ppl = 1.182142
Step 16300: train_loss = 0.358415, train_acc = 0.750000, train ppl = 1.196269
Step 16400: train_loss = 0.300226, train_acc = 0.875000, train ppl = 1.161966
Step 16500: train_loss = 0.118079, train_acc = 0.875000, train ppl = 1.060817
Step 16600: train_loss = 0.258727, train_acc = 1.000000, train ppl = 1.138104
Step 16700: train_loss = 0.437784, train_acc = 0.625000, train ppl = 1.244697
Step 16800: train_loss = 0.337684, train_acc = 0.750000, train ppl = 1.183933
==== Finshed epoch 15 ====
Evaluating model...
Epoch 15: validation accuracy = 0.782000 -- validation perplexity = 1.221499
Epoch 15: test accuracy: 0.755000
---- Qualitative Analysis
Context: is the yellow square to the right of the triangle ? the red square is to the left of the triangle . the red square is to the right of the yellow square . is the yellow square to the right of the triangle ?
Question: is the yellow square to the right of the triangle ?
Answer: no </s>
Model prediction: yes </s>
=========================
Model checkpoint saved in models/dummy/best_model.ckpt
Step 16900: train_loss = 0.284330, train_acc = 0.875000, train ppl = 1.152767
Step 17000: train_loss = 0.423304, train_acc = 0.750000, train ppl = 1.235718
Step 17100: train_loss = 0.090873, train_acc = 1.000000, train ppl = 1.046484
Step 17200: train_loss = 0.052775, train_acc = 1.000000, train ppl = 1.026739
Step 17300: train_loss = 0.340067, train_acc = 0.875000, train ppl = 1.185345
Step 17400: train_loss = 0.303696, train_acc = 0.875000, train ppl = 1.163983
Step 17500: train_loss = 0.278420, train_acc = 0.875000, train ppl = 1.149365
Step 17600: train_loss = 0.477340, train_acc = 0.625000, train ppl = 1.269559
Step 17700: train_loss = 0.367921, train_acc = 0.750000, train ppl = 1.201968
Step 17800: train_loss = 0.056368, train_acc = 1.000000, train ppl = 1.028585
Step 17900: train_loss = 0.303698, train_acc = 0.750000, train ppl = 1.163984
Step 18000: train_loss = 0.109727, train_acc = 1.000000, train ppl = 1.056396
==== Finshed epoch 16 ====
Evaluating model...
Epoch 16: validation accuracy = 0.843000 -- validation perplexity = 1.185084
Epoch 16: test accuracy: 0.803000
---- Qualitative Analysis
Context: is the triangle to the right of the pink rectangle ? the red square is to the right of the triangle . the pink rectangle is below the red square . is the triangle to the right of the pink rectangle ?
Question: is the triangle to the right of the pink rectangle ?
Answer: no </s>
Model prediction: no </s>
=========================
Model checkpoint saved in models/dummy/best_model.ckpt
Step 18100: train_loss = 0.330765, train_acc = 0.750000, train ppl = 1.179844
Step 18200: train_loss = 0.250099, train_acc = 0.875000, train ppl = 1.133205
Step 18300: train_loss = 0.502685, train_acc = 0.875000, train ppl = 1.285751
Step 18400: train_loss = 0.206554, train_acc = 0.875000, train ppl = 1.108798
Step 18500: train_loss = 0.301007, train_acc = 0.875000, train ppl = 1.162419
Step 18600: train_loss = 1.010173, train_acc = 0.750000, train ppl = 1.657129
Step 18700: train_loss = 0.177149, train_acc = 0.875000, train ppl = 1.092615
Step 18800: train_loss = 0.191875, train_acc = 0.875000, train ppl = 1.100690
Step 18900: train_loss = 0.141983, train_acc = 0.875000, train ppl = 1.073572
Step 19000: train_loss = 0.033992, train_acc = 1.000000, train ppl = 1.017141
Step 19100: train_loss = 0.062505, train_acc = 1.000000, train ppl = 1.031746
==== Finshed epoch 17 ====
Evaluating model...
Epoch 17: validation accuracy = 0.887000 -- validation perplexity = 1.143317
Epoch 17: test accuracy: 0.861000
---- Qualitative Analysis
Context: is the yellow square to the left of the red sphere ? the triangle is to the left of the yellow square . the triangle is below the red sphere . is the yellow square to the left of the red sphere ?
Question: is the yellow square to the left of the red sphere ?
Answer: no </s>
Model prediction: no </s>
=========================
Model checkpoint saved in models/dummy/best_model.ckpt
Step 19200: train_loss = 0.002586, train_acc = 1.000000, train ppl = 1.001294
Step 19300: train_loss = 0.387776, train_acc = 0.750000, train ppl = 1.213960
Step 19400: train_loss = 0.027246, train_acc = 1.000000, train ppl = 1.013716
Step 19500: train_loss = 0.387956, train_acc = 0.875000, train ppl = 1.214070
Step 19600: train_loss = 0.265367, train_acc = 0.875000, train ppl = 1.141888
Step 19700: train_loss = 0.139037, train_acc = 1.000000, train ppl = 1.071992
Step 19800: train_loss = 0.225565, train_acc = 0.875000, train ppl = 1.119388
Step 19900: train_loss = 0.404634, train_acc = 0.750000, train ppl = 1.224236
Step 20000: train_loss = 0.587027, train_acc = 0.750000, train ppl = 1.341132
Step 20100: train_loss = 0.046218, train_acc = 1.000000, train ppl = 1.023378
Step 20200: train_loss = 0.292236, train_acc = 0.875000, train ppl = 1.157333
==== Finshed epoch 18 ====
Evaluating model...
Epoch 18: validation accuracy = 0.907000 -- validation perplexity = 1.127580
Epoch 18: test accuracy: 0.879000
---- Qualitative Analysis
Context: is the blue square to the right of the red square ? the triangle is to the left of the red square . the triangle is below the blue square . is the blue square to the right of the red square ?
Question: is the blue square to the right of the red square ?
Answer: no </s>
Model prediction: yes </s>
=========================
Model checkpoint saved in models/dummy/best_model.ckpt
Step 20300: train_loss = 0.041605, train_acc = 1.000000, train ppl = 1.021020
Step 20400: train_loss = 0.026053, train_acc = 1.000000, train ppl = 1.013112
Step 20500: train_loss = 0.211653, train_acc = 0.875000, train ppl = 1.111629
Step 20600: train_loss = 0.115356, train_acc = 0.875000, train ppl = 1.059374
Step 20700: train_loss = 0.319929, train_acc = 0.750000, train ppl = 1.173469
Step 20800: train_loss = 0.248716, train_acc = 0.875000, train ppl = 1.132421
Step 20900: train_loss = 0.011384, train_acc = 1.000000, train ppl = 1.005708
Step 21000: train_loss = 0.004537, train_acc = 1.000000, train ppl = 1.002271
Step 21100: train_loss = 0.137170, train_acc = 0.875000, train ppl = 1.070992
Step 21200: train_loss = 0.007464, train_acc = 1.000000, train ppl = 1.003739
Step 21300: train_loss = 0.333264, train_acc = 0.875000, train ppl = 1.181320
==== Finshed epoch 19 ====
Evaluating model...
Epoch 19: validation accuracy = 0.923000 -- validation perplexity = 1.123595
Epoch 19: test accuracy: 0.869000
---- Qualitative Analysis
Context: is the pink rectangle to the right of the red square ? the triangle is below the pink rectangle . the triangle is to the left of the red square . is the pink rectangle to the right of the red square ?
Question: is the pink rectangle to the right of the red square ?
Answer: no </s>
Model prediction: no </s>
=========================
Model checkpoint saved in models/dummy/best_model.ckpt
Step 21400: train_loss = 0.009037, train_acc = 1.000000, train ppl = 1.004529
Step 21500: train_loss = 0.002670, train_acc = 1.000000, train ppl = 1.001336
Step 21600: train_loss = 0.039193, train_acc = 1.000000, train ppl = 1.019790
Step 21700: train_loss = 0.008785, train_acc = 1.000000, train ppl = 1.004402
Step 21800: train_loss = 0.059455, train_acc = 1.000000, train ppl = 1.030174
Step 21900: train_loss = 0.004184, train_acc = 1.000000, train ppl = 1.002094
Step 22000: train_loss = 0.117833, train_acc = 0.875000, train ppl = 1.060687
Step 22100: train_loss = 0.375040, train_acc = 0.875000, train ppl = 1.206255
Step 22200: train_loss = 0.484248, train_acc = 0.875000, train ppl = 1.273952
Step 22300: train_loss = 0.007683, train_acc = 1.000000, train ppl = 1.003849
Step 22400: train_loss = 0.067258, train_acc = 1.000000, train ppl = 1.034201
Step 22500: train_loss = 0.010053, train_acc = 1.000000, train ppl = 1.005039
==== Finshed epoch 20 ====
Evaluating model...
Epoch 20: validation accuracy = 0.939000 -- validation perplexity = 1.099521
Epoch 20: test accuracy: 0.859000
---- Qualitative Analysis
Context: is the yellow square below the blue square ? the pink rectangle is above the blue square . the yellow square is above the pink rectangle . is the yellow square below the blue square ?
Question: is the yellow square below the blue square ?
Answer: no </s>
Model prediction: yes </s>
=========================
Model checkpoint saved in models/dummy/best_model.ckpt
Step 22600: train_loss = 0.049211, train_acc = 1.000000, train ppl = 1.024911
Step 22700: train_loss = 0.018029, train_acc = 1.000000, train ppl = 1.009055
Step 22800: train_loss = 0.007205, train_acc = 1.000000, train ppl = 1.003609
Step 22900: train_loss = 0.008438, train_acc = 1.000000, train ppl = 1.004228
Step 23000: train_loss = 0.491112, train_acc = 0.875000, train ppl = 1.278332
Step 23100: train_loss = 0.006876, train_acc = 1.000000, train ppl = 1.003444
Step 23200: train_loss = 0.001779, train_acc = 1.000000, train ppl = 1.000890
Step 23300: train_loss = 0.004726, train_acc = 1.000000, train ppl = 1.002366
Step 23400: train_loss = 0.008832, train_acc = 1.000000, train ppl = 1.004426
Step 23500: train_loss = 0.009956, train_acc = 1.000000, train ppl = 1.004990
Step 23600: train_loss = 0.004387, train_acc = 1.000000, train ppl = 1.002196
==== Finshed epoch 21 ====
Evaluating model...
Epoch 21: validation accuracy = 0.936000 -- validation perplexity = 1.105998
Epoch 21: test accuracy: 0.895000
---- Qualitative Analysis
Context: is the triangle below the blue square ? the red sphere is below the triangle . the blue square is below the red sphere . is the triangle below the blue square ?
Question: is the triangle below the blue square ?
Answer: no </s>
Model prediction: no </s>
=========================
Step 23700: train_loss = 0.003877, train_acc = 1.000000, train ppl = 1.001941
Step 23800: train_loss = 0.064603, train_acc = 1.000000, train ppl = 1.032829
Step 23900: train_loss = 0.016873, train_acc = 1.000000, train ppl = 1.008472
Step 24000: train_loss = 0.258805, train_acc = 0.875000, train ppl = 1.138148
Step 24100: train_loss = 0.000543, train_acc = 1.000000, train ppl = 1.000272
Step 24200: train_loss = 0.065879, train_acc = 1.000000, train ppl = 1.033488
Step 24300: train_loss = 0.011524, train_acc = 1.000000, train ppl = 1.005779
Step 24400: train_loss = 0.421383, train_acc = 0.875000, train ppl = 1.234532
Step 24500: train_loss = 0.000138, train_acc = 1.000000, train ppl = 1.000069
Step 24600: train_loss = 0.028195, train_acc = 1.000000, train ppl = 1.014197
Step 24700: train_loss = 0.033224, train_acc = 1.000000, train ppl = 1.016751
==== Finshed epoch 22 ====
Evaluating model...
Epoch 22: validation accuracy = 0.943000 -- validation perplexity = 1.132906
Epoch 22: test accuracy: 0.892000
---- Qualitative Analysis
Context: is the triangle above the red sphere ? the triangle is to the left of the red square . the red sphere is below the red square . is the triangle above the red sphere ?
Question: is the triangle above the red sphere ?
Answer: yes </s>
Model prediction: yes </s>
=========================
Model checkpoint saved in models/dummy/best_model.ckpt
Step 24800: train_loss = 0.009284, train_acc = 1.000000, train ppl = 1.004653
Step 24900: train_loss = 0.002484, train_acc = 1.000000, train ppl = 1.001243
Step 25000: train_loss = 0.256898, train_acc = 0.875000, train ppl = 1.137063
Step 25100: train_loss = 0.000988, train_acc = 1.000000, train ppl = 1.000494
Step 25200: train_loss = 0.001481, train_acc = 1.000000, train ppl = 1.000741
Step 25300: train_loss = 0.011143, train_acc = 1.000000, train ppl = 1.005587
Step 25400: train_loss = 0.000807, train_acc = 1.000000, train ppl = 1.000404
Step 25500: train_loss = 0.000760, train_acc = 1.000000, train ppl = 1.000380
Step 25600: train_loss = 0.087121, train_acc = 1.000000, train ppl = 1.044523
Step 25700: train_loss = 0.000401, train_acc = 1.000000, train ppl = 1.000201
Step 25800: train_loss = 0.000464, train_acc = 1.000000, train ppl = 1.000232
==== Finshed epoch 23 ====
Evaluating model...
Epoch 23: validation accuracy = 0.953000 -- validation perplexity = 1.094158
Epoch 23: test accuracy: 0.872000
---- Qualitative Analysis
Context: is the pink rectangle to the left of the red square ? the red square is below the red sphere . the red sphere is to the left of the pink rectangle . is the pink rectangle to the left of the red square ?
Question: is the pink rectangle to the left of the red square ?
Answer: no </s>
Model prediction: no </s>
=========================
Model checkpoint saved in models/dummy/best_model.ckpt
Step 25900: train_loss = 0.001401, train_acc = 1.000000, train ppl = 1.000701
Step 26000: train_loss = 0.801362, train_acc = 0.875000, train ppl = 1.492841
Step 26100: train_loss = 0.006141, train_acc = 1.000000, train ppl = 1.003075
Step 26200: train_loss = 0.076018, train_acc = 1.000000, train ppl = 1.038741
Step 26300: train_loss = 0.057248, train_acc = 1.000000, train ppl = 1.029038
Step 26400: train_loss = 0.002238, train_acc = 1.000000, train ppl = 1.001120
Step 26500: train_loss = 0.000336, train_acc = 1.000000, train ppl = 1.000168
Step 26600: train_loss = 0.345244, train_acc = 0.875000, train ppl = 1.188417
Step 26700: train_loss = 0.014526, train_acc = 1.000000, train ppl = 1.007289
Step 26800: train_loss = 0.000264, train_acc = 1.000000, train ppl = 1.000132
Step 26900: train_loss = 0.591603, train_acc = 0.875000, train ppl = 1.344203
Step 27000: train_loss = 0.000944, train_acc = 1.000000, train ppl = 1.000472
==== Finshed epoch 24 ====
Evaluating model...
Epoch 24: validation accuracy = 0.946000 -- validation perplexity = 1.131310
Epoch 24: test accuracy: 0.888000
---- Qualitative Analysis
Context: is the pink rectangle above the blue square ? the pink rectangle is to the left of the red square . the red square is to the left of the blue square . is the pink rectangle above the blue square ?
Question: is the pink rectangle above the blue square ?
Answer: no </s>
Model prediction: no </s>
=========================
Step 27100: train_loss = 0.003531, train_acc = 1.000000, train ppl = 1.001767
Step 27200: train_loss = 0.008141, train_acc = 1.000000, train ppl = 1.004079
Step 27300: train_loss = 0.000180, train_acc = 1.000000, train ppl = 1.000090
Step 27400: train_loss = 0.001288, train_acc = 1.000000, train ppl = 1.000644
Step 27500: train_loss = 0.002806, train_acc = 1.000000, train ppl = 1.001404
Step 27600: train_loss = 0.097681, train_acc = 0.875000, train ppl = 1.050053
Step 27700: train_loss = 0.012783, train_acc = 1.000000, train ppl = 1.006412
Step 27800: train_loss = 0.000389, train_acc = 1.000000, train ppl = 1.000194
Step 27900: train_loss = 0.000697, train_acc = 1.000000, train ppl = 1.000349
Step 28000: train_loss = 0.001799, train_acc = 1.000000, train ppl = 1.000900
Step 28100: train_loss = 0.000405, train_acc = 1.000000, train ppl = 1.000203
==== Finshed epoch 25 ====
Evaluating model...
Epoch 25: validation accuracy = 0.953000 -- validation perplexity = 1.119612
Epoch 25: test accuracy: 0.896000
---- Qualitative Analysis
Context: is the red sphere above the blue square ? the triangle is above the red sphere . the blue square is to the left of the triangle . is the red sphere above the blue square ?
Question: is the red sphere above the blue square ?
Answer: no </s>
Model prediction: no </s>
=========================
Step 28200: train_loss = 0.005437, train_acc = 1.000000, train ppl = 1.002722
Step 28300: train_loss = 0.000172, train_acc = 1.000000, train ppl = 1.000086
Step 28400: train_loss = 0.000309, train_acc = 1.000000, train ppl = 1.000155
Step 28500: train_loss = 0.063107, train_acc = 1.000000, train ppl = 1.032057
Step 28600: train_loss = 0.000166, train_acc = 1.000000, train ppl = 1.000083
Step 28700: train_loss = 0.369497, train_acc = 0.875000, train ppl = 1.202916
Step 28800: train_loss = 0.000108, train_acc = 1.000000, train ppl = 1.000054
Step 28900: train_loss = 0.001590, train_acc = 1.000000, train ppl = 1.000795
Step 29000: train_loss = 0.003761, train_acc = 1.000000, train ppl = 1.001882
Step 29100: train_loss = 0.734753, train_acc = 0.875000, train ppl = 1.443941
Step 29200: train_loss = 0.000864, train_acc = 1.000000, train ppl = 1.000432
==== Finshed epoch 26 ====
Evaluating model...
Epoch 26: validation accuracy = 0.954000 -- validation perplexity = 1.115301
Epoch 26: test accuracy: 0.903000
---- Qualitative Analysis
Context: is the red square to the right of the red sphere ? the red sphere is to the left of the triangle . the triangle is to the left of the red square . is the red square to the right of the red sphere ?
Question: is the red square to the right of the red sphere ?
Answer: yes </s>
Model prediction: yes </s>
=========================
Model checkpoint saved in models/dummy/best_model.ckpt
Step 29300: train_loss = 0.104874, train_acc = 0.875000, train ppl = 1.053836
Step 29400: train_loss = 0.157923, train_acc = 0.875000, train ppl = 1.082163
Step 29500: train_loss = 0.001208, train_acc = 1.000000, train ppl = 1.000604
Step 29600: train_loss = 0.218380, train_acc = 0.875000, train ppl = 1.115374
Step 29700: train_loss = 0.001301, train_acc = 1.000000, train ppl = 1.000651
Step 29800: train_loss = 0.007168, train_acc = 1.000000, train ppl = 1.003590
Step 29900: train_loss = 0.000756, train_acc = 1.000000, train ppl = 1.000378
Step 30000: train_loss = 0.000269, train_acc = 1.000000, train ppl = 1.000135
Step 30100: train_loss = 0.000213, train_acc = 1.000000, train ppl = 1.000107
Step 30200: train_loss = 0.000534, train_acc = 1.000000, train ppl = 1.000267
Step 30300: train_loss = 0.161450, train_acc = 0.875000, train ppl = 1.084073
==== Finshed epoch 27 ====
Evaluating model...
Epoch 27: validation accuracy = 0.965000 -- validation perplexity = 1.085017
Epoch 27: test accuracy: 0.904000
---- Qualitative Analysis
Context: is the yellow square above the blue square ? the red sphere is above the blue square . the red sphere is to the right of the yellow square . is the yellow square above the blue square ?
Question: is the yellow square above the blue square ?
Answer: yes </s>
Model prediction: yes </s>
=========================
Model checkpoint saved in models/dummy/best_model.ckpt
Step 30400: train_loss = 0.000042, train_acc = 1.000000, train ppl = 1.000021
Step 30500: train_loss = 0.011573, train_acc = 1.000000, train ppl = 1.005803
Step 30600: train_loss = 0.000053, train_acc = 1.000000, train ppl = 1.000027
Step 30700: train_loss = 0.000040, train_acc = 1.000000, train ppl = 1.000020
Step 30800: train_loss = 0.003340, train_acc = 1.000000, train ppl = 1.001672
Step 30900: train_loss = 0.000203, train_acc = 1.000000, train ppl = 1.000102
Step 31000: train_loss = 0.008704, train_acc = 1.000000, train ppl = 1.004362
Step 31100: train_loss = 0.000316, train_acc = 1.000000, train ppl = 1.000158
Step 31200: train_loss = 0.000139, train_acc = 1.000000, train ppl = 1.000069
Step 31300: train_loss = 0.002103, train_acc = 1.000000, train ppl = 1.001052
Step 31400: train_loss = 0.001007, train_acc = 1.000000, train ppl = 1.000503
Step 31500: train_loss = 0.000614, train_acc = 1.000000, train ppl = 1.000307
==== Finshed epoch 28 ====
Evaluating model...
Epoch 28: validation accuracy = 0.957000 -- validation perplexity = 1.105701
Epoch 28: test accuracy: 0.888000
---- Qualitative Analysis
Context: is the triangle above the pink rectangle ? the pink rectangle is to the left of the blue square . the blue square is to the left of the triangle . is the triangle above the pink rectangle ?
Question: is the triangle above the pink rectangle ?
Answer: no </s>
Model prediction: no </s>
=========================
Step 31600: train_loss = 0.000866, train_acc = 1.000000, train ppl = 1.000433
Step 31700: train_loss = 0.000328, train_acc = 1.000000, train ppl = 1.000164
Step 31800: train_loss = 0.004886, train_acc = 1.000000, train ppl = 1.002446
Step 31900: train_loss = 0.001078, train_acc = 1.000000, train ppl = 1.000539
Step 32000: train_loss = 0.000659, train_acc = 1.000000, train ppl = 1.000330
Step 32100: train_loss = 0.002813, train_acc = 1.000000, train ppl = 1.001407
Step 32200: train_loss = 0.100482, train_acc = 0.875000, train ppl = 1.051524
Step 32300: train_loss = 0.000415, train_acc = 1.000000, train ppl = 1.000208
Step 32400: train_loss = 0.000090, train_acc = 1.000000, train ppl = 1.000045
Step 32500: train_loss = 0.000147, train_acc = 1.000000, train ppl = 1.000073
Step 32600: train_loss = 0.006004, train_acc = 1.000000, train ppl = 1.003006
==== Finshed epoch 29 ====
Evaluating model...
Epoch 29: validation accuracy = 0.961000 -- validation perplexity = 1.091467
Epoch 29: test accuracy: 0.903000
---- Qualitative Analysis
Context: is the blue square above the triangle ? the blue square is above the red square . the red square is to the left of the triangle . is the blue square above the triangle ?
Question: is the blue square above the triangle ?
Answer: yes </s>
Model prediction: yes </s>
=========================
Step 32700: train_loss = 0.001991, train_acc = 1.000000, train ppl = 1.000996
Step 32800: train_loss = 0.399499, train_acc = 0.875000, train ppl = 1.221097
Step 32900: train_loss = 0.000714, train_acc = 1.000000, train ppl = 1.000357
Step 33000: train_loss = 0.000370, train_acc = 1.000000, train ppl = 1.000185
Step 33100: train_loss = 0.001985, train_acc = 1.000000, train ppl = 1.000993
Step 33200: train_loss = 0.001913, train_acc = 1.000000, train ppl = 1.000957
Step 33300: train_loss = 0.003094, train_acc = 1.000000, train ppl = 1.001548
Step 33400: train_loss = 0.000288, train_acc = 1.000000, train ppl = 1.000144
Step 33500: train_loss = 0.500239, train_acc = 0.875000, train ppl = 1.284179
Step 33600: train_loss = 0.297031, train_acc = 0.875000, train ppl = 1.160111
Step 33700: train_loss = 1.489515, train_acc = 0.875000, train ppl = 2.105930
==== Finshed epoch 30 ====
Evaluating model...
Epoch 30: validation accuracy = 0.960000 -- validation perplexity = 1.084329
Epoch 30: test accuracy: 0.897000
---- Qualitative Analysis
Context: is the yellow square to the right of the pink rectangle ? the triangle is to the right of the pink rectangle . the triangle is above the yellow square . is the yellow square to the right of the pink rectangle ?
Question: is the yellow square to the right of the pink rectangle ?
Answer: yes </s>
Model prediction: yes </s>
=========================
Step 33800: train_loss = 0.000810, train_acc = 1.000000, train ppl = 1.000405
Step 33900: train_loss = 0.001008, train_acc = 1.000000, train ppl = 1.000504
Step 34000: train_loss = 0.000224, train_acc = 1.000000, train ppl = 1.000112
Step 34100: train_loss = 0.001933, train_acc = 1.000000, train ppl = 1.000967
Step 34200: train_loss = 0.000019, train_acc = 1.000000, train ppl = 1.000009
Step 34300: train_loss = 0.559713, train_acc = 0.875000, train ppl = 1.322940
Step 34400: train_loss = 0.001098, train_acc = 1.000000, train ppl = 1.000549
Step 34500: train_loss = 0.000046, train_acc = 1.000000, train ppl = 1.000023
Step 34600: train_loss = 0.000160, train_acc = 1.000000, train ppl = 1.000080
Step 34700: train_loss = 0.003732, train_acc = 1.000000, train ppl = 1.001868
Step 34800: train_loss = 0.005472, train_acc = 1.000000, train ppl = 1.002740
==== Finshed epoch 31 ====
Evaluating model...
Epoch 31: validation accuracy = 0.964000 -- validation perplexity = 1.114088
Epoch 31: test accuracy: 0.917000
---- Qualitative Analysis
Context: is the blue square to the right of the red square ? the pink rectangle is above the red square . the pink rectangle is to the right of the blue square . is the blue square to the right of the red square ?
Question: is the blue square to the right of the red square ?
Answer: no </s>
Model prediction: no </s>
=========================
Step 34900: train_loss = 0.000257, train_acc = 1.000000, train ppl = 1.000128
Step 35000: train_loss = 0.000016, train_acc = 1.000000, train ppl = 1.000008
Step 35100: train_loss = 0.000051, train_acc = 1.000000, train ppl = 1.000026
Step 35200: train_loss = 0.001007, train_acc = 1.000000, train ppl = 1.000504
Step 35300: train_loss = 0.000859, train_acc = 1.000000, train ppl = 1.000430
Step 35400: train_loss = 0.000091, train_acc = 1.000000, train ppl = 1.000045
Step 35500: train_loss = 0.000017, train_acc = 1.000000, train ppl = 1.000008
Step 35600: train_loss = 0.542315, train_acc = 0.875000, train ppl = 1.311482
Step 35700: train_loss = 0.003199, train_acc = 1.000000, train ppl = 1.001601
Step 35800: train_loss = 0.001422, train_acc = 1.000000, train ppl = 1.000711
Step 35900: train_loss = 0.053728, train_acc = 1.000000, train ppl = 1.027228
Step 36000: train_loss = 0.018203, train_acc = 1.000000, train ppl = 1.009143
==== Finshed epoch 32 ====
Evaluating model...
Epoch 32: validation accuracy = 0.969000 -- validation perplexity = 1.099926
Epoch 32: test accuracy: 0.886000
---- Qualitative Analysis
Context: is the red sphere below the red square ? the red square is to the left of the blue square . the blue square is above the red sphere . is the red sphere below the red square ?
Question: is the red sphere below the red square ?
Answer: yes </s>
Model prediction: yes </s>
=========================
Model checkpoint saved in models/dummy/best_model.ckpt
Step 36100: train_loss = 0.000127, train_acc = 1.000000, train ppl = 1.000063
Step 36200: train_loss = 0.000518, train_acc = 1.000000, train ppl = 1.000259
Step 36300: train_loss = 0.000118, train_acc = 1.000000, train ppl = 1.000059
Step 36400: train_loss = 0.000007, train_acc = 1.000000, train ppl = 1.000004
Step 36500: train_loss = 0.000164, train_acc = 1.000000, train ppl = 1.000082
Step 36600: train_loss = 0.000083, train_acc = 1.000000, train ppl = 1.000042
Step 36700: train_loss = 0.000880, train_acc = 1.000000, train ppl = 1.000440
Step 36800: train_loss = 0.000057, train_acc = 1.000000, train ppl = 1.000029
Step 36900: train_loss = 0.002648, train_acc = 1.000000, train ppl = 1.001325
Step 37000: train_loss = 0.000060, train_acc = 1.000000, train ppl = 1.000030
Step 37100: train_loss = 0.006889, train_acc = 1.000000, train ppl = 1.003451
==== Finshed epoch 33 ====
Evaluating model...
Epoch 33: validation accuracy = 0.960000 -- validation perplexity = 1.113146
Epoch 33: test accuracy: 0.908000
---- Qualitative Analysis
Context: is the red sphere above the yellow square ? the triangle is to the left of the yellow square . the triangle is below the red sphere . is the red sphere above the yellow square ?
Question: is the red sphere above the yellow square ?
Answer: yes </s>
Model prediction: yes </s>
=========================
Step 37200: train_loss = 0.000167, train_acc = 1.000000, train ppl = 1.000084
Step 37300: train_loss = 0.001177, train_acc = 1.000000, train ppl = 1.000589
Step 37400: train_loss = 0.000146, train_acc = 1.000000, train ppl = 1.000073
Step 37500: train_loss = 0.000100, train_acc = 1.000000, train ppl = 1.000050
Step 37600: train_loss = 0.000218, train_acc = 1.000000, train ppl = 1.000109
Step 37700: train_loss = 0.004905, train_acc = 1.000000, train ppl = 1.002456
Step 37800: train_loss = 0.000631, train_acc = 1.000000, train ppl = 1.000316
Step 37900: train_loss = 0.000021, train_acc = 1.000000, train ppl = 1.000010
Step 38000: train_loss = 0.000375, train_acc = 1.000000, train ppl = 1.000188
Step 38100: train_loss = 0.000404, train_acc = 1.000000, train ppl = 1.000202
Step 38200: train_loss = 0.000885, train_acc = 1.000000, train ppl = 1.000443
==== Finshed epoch 34 ====
Evaluating model...
Epoch 34: validation accuracy = 0.960000 -- validation perplexity = 1.101916
Epoch 34: test accuracy: 0.899000
---- Qualitative Analysis
Context: is the triangle below the red sphere ? the red square is above the triangle . the red square is below the red sphere . is the triangle below the red sphere ?
Question: is the triangle below the red sphere ?
Answer: yes </s>
Model prediction: yes </s>
=========================
Step 38300: train_loss = 0.000121, train_acc = 1.000000, train ppl = 1.000061
Step 38400: train_loss = 0.004084, train_acc = 1.000000, train ppl = 1.002044
Step 38500: train_loss = 0.000445, train_acc = 1.000000, train ppl = 1.000223
Step 38600: train_loss = 0.000442, train_acc = 1.000000, train ppl = 1.000221
Step 38700: train_loss = 0.000049, train_acc = 1.000000, train ppl = 1.000024
Step 38800: train_loss = 0.000105, train_acc = 1.000000, train ppl = 1.000052
Step 38900: train_loss = 0.000098, train_acc = 1.000000, train ppl = 1.000049
Step 39000: train_loss = 0.737206, train_acc = 0.875000, train ppl = 1.445714
Step 39100: train_loss = 0.001639, train_acc = 1.000000, train ppl = 1.000820
Step 39200: train_loss = 0.004691, train_acc = 1.000000, train ppl = 1.002348
Step 39300: train_loss = 0.000161, train_acc = 1.000000, train ppl = 1.000081
==== Finshed epoch 35 ====
Evaluating model...
Epoch 35: validation accuracy = 0.962000 -- validation perplexity = 1.096711
Epoch 35: test accuracy: 0.895000
---- Qualitative Analysis
Context: is the red sphere below the blue square ? the triangle is above the red sphere . the blue square is to the left of the triangle . is the red sphere below the blue square ?
Question: is the red sphere below the blue square ?
Answer: yes </s>
Model prediction: yes </s>
=========================
Step 39400: train_loss = 0.000023, train_acc = 1.000000, train ppl = 1.000011
Step 39500: train_loss = 0.000772, train_acc = 1.000000, train ppl = 1.000386
Step 39600: train_loss = 0.015887, train_acc = 1.000000, train ppl = 1.007975
Step 39700: train_loss = 0.000396, train_acc = 1.000000, train ppl = 1.000198
Step 39800: train_loss = 0.262890, train_acc = 0.875000, train ppl = 1.140475
Step 39900: train_loss = 0.054106, train_acc = 1.000000, train ppl = 1.027422
Step 40000: train_loss = 0.657575, train_acc = 0.750000, train ppl = 1.389283
Step 40100: train_loss = 0.000368, train_acc = 1.000000, train ppl = 1.000184
Step 40200: train_loss = 0.001438, train_acc = 1.000000, train ppl = 1.000719
Step 40300: train_loss = 0.000033, train_acc = 1.000000, train ppl = 1.000016
Step 40400: train_loss = 0.000767, train_acc = 1.000000, train ppl = 1.000384
Step 40500: train_loss = 0.000292, train_acc = 1.000000, train ppl = 1.000146
==== Finshed epoch 36 ====
Evaluating model...
Epoch 36: validation accuracy = 0.960000 -- validation perplexity = 1.104690
Epoch 36: test accuracy: 0.895000
---- Qualitative Analysis
Context: is the red square to the right of the triangle ? the triangle is to the left of the blue square . the blue square is above the red square . is the red square to the right of the triangle ?
Question: is the red square to the right of the triangle ?
Answer: yes </s>
Model prediction: yes </s>
=========================
Step 40600: train_loss = 0.001777, train_acc = 1.000000, train ppl = 1.000889
Step 40700: train_loss = 0.000186, train_acc = 1.000000, train ppl = 1.000093
Step 40800: train_loss = 0.002407, train_acc = 1.000000, train ppl = 1.001204
Step 40900: train_loss = 0.000408, train_acc = 1.000000, train ppl = 1.000204
Step 41000: train_loss = 0.001200, train_acc = 1.000000, train ppl = 1.000600
Step 41100: train_loss = 0.001091, train_acc = 1.000000, train ppl = 1.000546
Step 41200: train_loss = 0.000021, train_acc = 1.000000, train ppl = 1.000010
Step 41300: train_loss = 0.039718, train_acc = 1.000000, train ppl = 1.020058
Step 41400: train_loss = 0.000123, train_acc = 1.000000, train ppl = 1.000061
Step 41500: train_loss = 0.000283, train_acc = 1.000000, train ppl = 1.000142
Step 41600: train_loss = 0.000323, train_acc = 1.000000, train ppl = 1.000162
==== Finshed epoch 37 ====
Evaluating model...
Epoch 37: validation accuracy = 0.962000 -- validation perplexity = 1.105449
Epoch 37: test accuracy: 0.901000
---- Qualitative Analysis
Context: is the yellow square above the triangle ? the red square is to the left of the triangle . the red square is to the right of the yellow square . is the yellow square above the triangle ?
Question: is the yellow square above the triangle ?
Answer: no </s>
Model prediction: no </s>
=========================
Step 41700: train_loss = 0.000241, train_acc = 1.000000, train ppl = 1.000120
Step 41800: train_loss = 0.000369, train_acc = 1.000000, train ppl = 1.000185
Step 41900: train_loss = 0.000021, train_acc = 1.000000, train ppl = 1.000010
Step 42000: train_loss = 0.000020, train_acc = 1.000000, train ppl = 1.000010
Step 42100: train_loss = 0.000261, train_acc = 1.000000, train ppl = 1.000130
Step 42200: train_loss = 0.000120, train_acc = 1.000000, train ppl = 1.000060
Step 42300: train_loss = 0.000202, train_acc = 1.000000, train ppl = 1.000101
Step 42400: train_loss = 0.000874, train_acc = 1.000000, train ppl = 1.000437
Step 42500: train_loss = 0.000043, train_acc = 1.000000, train ppl = 1.000022
Step 42600: train_loss = 0.000029, train_acc = 1.000000, train ppl = 1.000014
Step 42700: train_loss = 0.000269, train_acc = 1.000000, train ppl = 1.000134
==== Finshed epoch 38 ====
Evaluating model...
Epoch 38: validation accuracy = 0.955000 -- validation perplexity = 1.126267
Epoch 38: test accuracy: 0.889000
---- Qualitative Analysis
Context: is the blue square to the right of the triangle ? the yellow square is above the blue square . the yellow square is to the left of the triangle . is the blue square to the right of the triangle ?
Question: is the blue square to the right of the triangle ?
Answer: no </s>
Model prediction: no </s>
=========================
Step 42800: train_loss = 0.000390, train_acc = 1.000000, train ppl = 1.000195
Step 42900: train_loss = 0.000273, train_acc = 1.000000, train ppl = 1.000137
Step 43000: train_loss = 0.003419, train_acc = 1.000000, train ppl = 1.001711
Step 43100: train_loss = 0.000523, train_acc = 1.000000, train ppl = 1.000261
Step 43200: train_loss = 0.000243, train_acc = 1.000000, train ppl = 1.000122
Step 43300: train_loss = 0.002205, train_acc = 1.000000, train ppl = 1.001103
Step 43400: train_loss = 0.000156, train_acc = 1.000000, train ppl = 1.000078
Step 43500: train_loss = 0.014356, train_acc = 1.000000, train ppl = 1.007204
Step 43600: train_loss = 0.000355, train_acc = 1.000000, train ppl = 1.000178
Step 43700: train_loss = 0.000466, train_acc = 1.000000, train ppl = 1.000233
Step 43800: train_loss = 0.015184, train_acc = 1.000000, train ppl = 1.007621
==== Finshed epoch 39 ====
Evaluating model...
Epoch 39: validation accuracy = 0.957000 -- validation perplexity = 1.122272
Epoch 39: test accuracy: 0.892000
---- Qualitative Analysis
Context: is the red sphere below the pink rectangle ? the red sphere is to the right of the yellow square . the yellow square is below the pink rectangle . is the red sphere below the pink rectangle ?
Question: is the red sphere below the pink rectangle ?
Answer: yes </s>
Model prediction: yes </s>
=========================
Step 43900: train_loss = 0.000173, train_acc = 1.000000, train ppl = 1.000086
Step 44000: train_loss = 0.001194, train_acc = 1.000000, train ppl = 1.000597
Step 44100: train_loss = 0.000016, train_acc = 1.000000, train ppl = 1.000008
Step 44200: train_loss = 0.000153, train_acc = 1.000000, train ppl = 1.000077
Step 44300: train_loss = 0.000170, train_acc = 1.000000, train ppl = 1.000085
Step 44400: train_loss = 0.000010, train_acc = 1.000000, train ppl = 1.000005
Step 44500: train_loss = 0.000089, train_acc = 1.000000, train ppl = 1.000045
Step 44600: train_loss = 0.000211, train_acc = 1.000000, train ppl = 1.000105
Step 44700: train_loss = 0.122478, train_acc = 0.875000, train ppl = 1.063153
Step 44800: train_loss = 0.002913, train_acc = 1.000000, train ppl = 1.001457
Step 44900: train_loss = 0.000484, train_acc = 1.000000, train ppl = 1.000242
Step 45000: train_loss = 0.000414, train_acc = 1.000000, train ppl = 1.000207
==== Finshed epoch 40 ====
Evaluating model...
Epoch 40: validation accuracy = 0.958000 -- validation perplexity = 1.110357
Epoch 40: test accuracy: 0.905000
---- Qualitative Analysis
Context: is the pink rectangle below the yellow square ? the yellow square is above the triangle . the pink rectangle is below the triangle . is the pink rectangle below the yellow square ?
Question: is the pink rectangle below the yellow square ?
Answer: yes </s>
Model prediction: yes </s>
=========================
Step 45100: train_loss = 0.000520, train_acc = 1.000000, train ppl = 1.000260
Step 45200: train_loss = 0.000102, train_acc = 1.000000, train ppl = 1.000051
Step 45300: train_loss = 0.000293, train_acc = 1.000000, train ppl = 1.000147
Step 45400: train_loss = 0.000599, train_acc = 1.000000, train ppl = 1.000300
Step 45500: train_loss = 0.000350, train_acc = 1.000000, train ppl = 1.000175
Step 45600: train_loss = 0.000283, train_acc = 1.000000, train ppl = 1.000142
Step 45700: train_loss = 0.000770, train_acc = 1.000000, train ppl = 1.000385
Step 45800: train_loss = 0.019585, train_acc = 1.000000, train ppl = 1.009841
Step 45900: train_loss = 0.004297, train_acc = 1.000000, train ppl = 1.002151
Step 46000: train_loss = 0.000162, train_acc = 1.000000, train ppl = 1.000081
Step 46100: train_loss = 0.000065, train_acc = 1.000000, train ppl = 1.000033
==== Finshed epoch 41 ====
Evaluating model...
Epoch 41: validation accuracy = 0.965000 -- validation perplexity = 1.097084
Epoch 41: test accuracy: 0.917000
---- Qualitative Analysis
Context: is the pink rectangle to the left of the red sphere ? the red sphere is below the red square . the red square is to the left of the pink rectangle . is the pink rectangle to the left of the red sphere ?
Question: is the pink rectangle to the left of the red sphere ?
Answer: no </s>
Model prediction: yes </s>
=========================
Step 46200: train_loss = 0.947099, train_acc = 0.875000, train ppl = 1.605684
Step 46300: train_loss = 0.000292, train_acc = 1.000000, train ppl = 1.000146
Step 46400: train_loss = 0.000327, train_acc = 1.000000, train ppl = 1.000164
Step 46500: train_loss = 0.000039, train_acc = 1.000000, train ppl = 1.000019
Step 46600: train_loss = 0.000186, train_acc = 1.000000, train ppl = 1.000093
Step 46700: train_loss = 0.000268, train_acc = 1.000000, train ppl = 1.000134
Step 46800: train_loss = 0.000090, train_acc = 1.000000, train ppl = 1.000045
Step 46900: train_loss = 0.000118, train_acc = 1.000000, train ppl = 1.000059
Step 47000: train_loss = 0.539809, train_acc = 0.875000, train ppl = 1.309839
Step 47100: train_loss = 0.000102, train_acc = 1.000000, train ppl = 1.000051
Step 47200: train_loss = 0.000338, train_acc = 1.000000, train ppl = 1.000169
==== Finshed epoch 42 ====
Evaluating model...
Epoch 42: validation accuracy = 0.957000 -- validation perplexity = 1.098133
Epoch 42: test accuracy: 0.918000
---- Qualitative Analysis
Context: is the yellow square above the blue square ? the red square is below the yellow square . the red square is above the blue square . is the yellow square above the blue square ?
Question: is the yellow square above the blue square ?
Answer: yes </s>
Model prediction: yes </s>
=========================
Step 47300: train_loss = 0.000264, train_acc = 1.000000, train ppl = 1.000132
Step 47400: train_loss = 0.013903, train_acc = 1.000000, train ppl = 1.006976
Step 47500: train_loss = 0.000246, train_acc = 1.000000, train ppl = 1.000123
Step 47600: train_loss = 0.016453, train_acc = 1.000000, train ppl = 1.008260
Step 47700: train_loss = 0.001538, train_acc = 1.000000, train ppl = 1.000769
Step 47800: train_loss = 0.000141, train_acc = 1.000000, train ppl = 1.000071
Step 47900: train_loss = 0.000135, train_acc = 1.000000, train ppl = 1.000067
Step 48000: train_loss = 0.000422, train_acc = 1.000000, train ppl = 1.000211
Step 48100: train_loss = 0.005255, train_acc = 1.000000, train ppl = 1.002631
Step 48200: train_loss = 0.000030, train_acc = 1.000000, train ppl = 1.000015
Step 48300: train_loss = 0.000293, train_acc = 1.000000, train ppl = 1.000146
==== Finshed epoch 43 ====
Evaluating model...
Epoch 43: validation accuracy = 0.958000 -- validation perplexity = 1.115889
Epoch 43: test accuracy: 0.912000
---- Qualitative Analysis
Context: is the pink rectangle to the left of the blue square ? the pink rectangle is to the left of the red square . the red square is to the left of the blue square . is the pink rectangle to the left of the blue square ?
Question: is the pink rectangle to the left of the blue square ?
Answer: yes </s>
Model prediction: yes </s>
=========================
Step 48400: train_loss = 0.000348, train_acc = 1.000000, train ppl = 1.000174
Step 48500: train_loss = 0.005073, train_acc = 1.000000, train ppl = 1.002540
Step 48600: train_loss = 0.001920, train_acc = 1.000000, train ppl = 1.000960
Step 48700: train_loss = 0.000018, train_acc = 1.000000, train ppl = 1.000009
Step 48800: train_loss = 0.000130, train_acc = 1.000000, train ppl = 1.000065
Step 48900: train_loss = 0.001742, train_acc = 1.000000, train ppl = 1.000871
Step 49000: train_loss = 0.000194, train_acc = 1.000000, train ppl = 1.000097
