restore_from_dir:         None
num_epochs:               50
cell_type:                gru
encoder_type:             bi
model_type:               normal
num_units:                256
learning_rate:            0.01
model_dir:                models/dummy
data_dir:                 data/en-10k
val_split:                0.1
optimizer:                adam
vocab:                    data/vocab.txt
merge_mode:               concat
embedding_size:           256
max_gradient_norm:        1.0
dropout_keep_prob:        0.7
task:                     2
batch_size:               32
num_enc_layers:           1
Loading data...
vocabulary size = 487
Building model...
Running initializers...
Creating summary writers...
Performing evaluation before training...
---- Qualitative Analysis
Context: where is the football ? daniel picked up the apple there . daniel dropped the apple . john moved to the bedroom . john grabbed the apple there . daniel went to the hallway . sandra grabbed the football there . sandra went back to the kitchen . john left the apple . sandra dropped the football . mary journeyed to the bedroom . mary went back to the hallway . sandra went to the bedroom . where is the football ?
Question: where is the football ?
Answer: kitchen </s>
Model prediction: 55 195 yann above 246 above above 28 288 4
=========================
Step 100: train_loss = 2.086723, train_acc = 0.062500, train ppl = 2.838743
Step 200: train_loss = 2.145205, train_acc = 0.187500, train ppl = 2.922976
==== Finshed epoch 1 ====
Evaluating model...
Epoch 1: validation accuracy = 0.228000 -- validation perplexity = 2.505841
Epoch 1: test accuracy: 0.220000
---- Qualitative Analysis
Context: where is the milk ? john went back to the hallway . daniel went back to the garden . john moved to the bedroom . daniel moved to the kitchen . sandra travelled to the garden . daniel picked up the football there . sandra took the milk there . sandra left the milk . mary moved to the office . sandra took the milk there . daniel moved to the garden . sandra discarded the milk . sandra journeyed to the bedroom . mary journeyed to the kitchen . mary journeyed to the garden . daniel went back to the bathroom . where is the milk ?
Question: where is the milk ?
Answer: garden </s>
Model prediction: office </s>
=========================
Model checkpoint saved in models/dummy/best_model.ckpt
Step 300: train_loss = 1.708703, train_acc = 0.250000, train ppl = 2.349850
Step 400: train_loss = 2.789479, train_acc = 0.156250, train ppl = 4.033923
Step 500: train_loss = 1.859468, train_acc = 0.312500, train ppl = 2.533835
==== Finshed epoch 2 ====
Evaluating model...
Epoch 2: validation accuracy = 0.202000 -- validation perplexity = 3.255722
Epoch 2: test accuracy: 0.167000
---- Qualitative Analysis
Context: where is the apple ? john got the football there . john left the football . daniel went back to the bathroom . mary went back to the bathroom . sandra travelled to the office . daniel got the apple there . john got the football there . john left the football . daniel journeyed to the kitchen . john moved to the bathroom . john went to the office . mary took the milk there . john journeyed to the garden . sandra went to the garden . daniel grabbed the football there . mary discarded the milk . sandra moved to the office . mary got the milk there . mary moved to the garden . mary left the milk . daniel dropped the apple . sandra went back to the bathroom . where is the apple ?
Question: where is the apple ?
Answer: kitchen </s>
Model prediction: bedroom </s>
=========================
Step 600: train_loss = 3.242610, train_acc = 0.281250, train ppl = 5.059689
Step 700: train_loss = 1.727769, train_acc = 0.250000, train ppl = 2.372358
Step 800: train_loss = 2.380290, train_acc = 0.187500, train ppl = 3.287558
==== Finshed epoch 3 ====
Evaluating model...
Epoch 3: validation accuracy = 0.153000 -- validation perplexity = 3.312556
Epoch 3: test accuracy: 0.165000
---- Qualitative Analysis
Context: where is the apple ? sandra took the football there . sandra left the football . sandra went to the bathroom . daniel went back to the kitchen . daniel travelled to the hallway . john went to the hallway . john journeyed to the bedroom . john picked up the milk there . daniel took the apple there . mary went back to the office . daniel moved to the office . sandra went back to the hallway . mary picked up the football there . daniel dropped the apple there . daniel went to the kitchen . sandra journeyed to the kitchen . where is the apple ?
Question: where is the apple ?
Answer: office </s>
Model prediction: kitchen </s>
=========================
Step 900: train_loss = 1.621286, train_acc = 0.312500, train ppl = 2.249354
Step 1000: train_loss = 2.283405, train_acc = 0.125000, train ppl = 3.132096
Step 1100: train_loss = 3.770087, train_acc = 0.218750, train ppl = 6.586639
==== Finshed epoch 4 ====
Evaluating model...
Epoch 4: validation accuracy = 0.153000 -- validation perplexity = 4.874262
Epoch 4: test accuracy: 0.163000
---- Qualitative Analysis
Context: where is the apple ? sandra journeyed to the bedroom . sandra picked up the football there . sandra discarded the football . mary moved to the office . mary went back to the hallway . sandra journeyed to the garden . mary picked up the apple there . john went back to the garden . mary put down the apple . sandra went to the hallway . daniel went back to the bedroom . mary travelled to the bedroom . where is the apple ?
Question: where is the apple ?
Answer: hallway </s>
Model prediction: office </s>
=========================
Step 1200: train_loss = 2.117515, train_acc = 0.093750, train ppl = 2.882787
Step 1300: train_loss = 2.682322, train_acc = 0.125000, train ppl = 3.823480
Step 1400: train_loss = 2.073258, train_acc = 0.218750, train ppl = 2.819696
==== Finshed epoch 5 ====
Evaluating model...
Epoch 5: validation accuracy = 0.250000 -- validation perplexity = 3.348751
Epoch 5: test accuracy: 0.263000
---- Qualitative Analysis
Context: where is the milk ? sandra travelled to the garden . mary took the football there . sandra picked up the apple there . daniel went to the office . mary put down the football . sandra travelled to the kitchen . daniel got the milk there . mary moved to the garden . sandra travelled to the garden . daniel discarded the milk . where is the milk ?
Question: where is the milk ?
Answer: office </s>
Model prediction: garden </s>
=========================
Model checkpoint saved in models/dummy/best_model.ckpt
Step 1500: train_loss = 2.680903, train_acc = 0.125000, train ppl = 3.820769
Step 1600: train_loss = 1.728321, train_acc = 0.406250, train ppl = 2.373013
==== Finshed epoch 6 ====
Evaluating model...
Epoch 6: validation accuracy = 0.211000 -- validation perplexity = 3.566589
Epoch 6: test accuracy: 0.191000
---- Qualitative Analysis
Context: where is the apple ? daniel moved to the garden . daniel went back to the bedroom . mary went to the office . mary went to the bedroom . mary moved to the garden . john went to the hallway . daniel went back to the kitchen . sandra grabbed the football there . daniel went to the bedroom . john went to the bathroom . daniel went to the hallway . sandra left the football . daniel grabbed the milk there . john journeyed to the office . daniel got the apple there . sandra picked up the football there . sandra journeyed to the bedroom . daniel moved to the kitchen . daniel discarded the apple . john went to the kitchen . john grabbed the apple there . sandra journeyed to the garden . john left the apple . daniel grabbed the apple there . sandra journeyed to the hallway . sandra put down the football . daniel went to the garden . sandra got the football there . where is the apple ?
Question: where is the apple ?
Answer: garden </s>
Model prediction: bedroom </s>
=========================
Step 1700: train_loss = 1.749255, train_acc = 0.250000, train ppl = 2.397982
Step 1800: train_loss = 2.671007, train_acc = 0.125000, train ppl = 3.801910
Step 1900: train_loss = 2.648428, train_acc = 0.125000, train ppl = 3.759230
==== Finshed epoch 7 ====
Evaluating model...
Epoch 7: validation accuracy = 0.201000 -- validation perplexity = 2.810226
Epoch 7: test accuracy: 0.188000
---- Qualitative Analysis
Context: where is the football ? mary went back to the bathroom . sandra journeyed to the garden . mary went back to the office . daniel grabbed the football there . daniel journeyed to the hallway . john took the milk there . where is the football ?
Question: where is the football ?
Answer: hallway </s>
Model prediction: office </s>
=========================
Step 2000: train_loss = 2.325789, train_acc = 0.156250, train ppl = 3.199179
Step 2100: train_loss = 1.798578, train_acc = 0.343750, train ppl = 2.457855
Step 2200: train_loss = 3.192864, train_acc = 0.093750, train ppl = 4.935391
==== Finshed epoch 8 ====
Evaluating model...
Epoch 8: validation accuracy = 0.206000 -- validation perplexity = 2.768451
Epoch 8: test accuracy: 0.182000
---- Qualitative Analysis
Context: where is the apple ? mary went back to the kitchen . daniel travelled to the office . mary moved to the hallway . john went to the kitchen . daniel went back to the bathroom . john travelled to the bathroom . daniel moved to the kitchen . sandra moved to the kitchen . john grabbed the football there . sandra journeyed to the bathroom . john discarded the football . john grabbed the football there . john went back to the bedroom . sandra went to the office . mary moved to the garden . daniel went to the bathroom . john moved to the office . mary picked up the milk there . sandra got the apple there . sandra travelled to the bedroom . daniel moved to the office . sandra left the apple . where is the apple ?
Question: where is the apple ?
Answer: bedroom </s>
Model prediction: bedroom </s>
=========================
Step 2300: train_loss = 2.213325, train_acc = 0.125000, train ppl = 3.024247
Step 2400: train_loss = 1.944162, train_acc = 0.250000, train ppl = 2.643439
Step 2500: train_loss = 2.248707, train_acc = 0.093750, train ppl = 3.078226
==== Finshed epoch 9 ====
Evaluating model...
Epoch 9: validation accuracy = 0.161000 -- validation perplexity = 3.620184
Epoch 9: test accuracy: 0.171000
---- Qualitative Analysis
Context: where is the milk ? john travelled to the garden . sandra journeyed to the kitchen . daniel went to the bedroom . mary went to the bathroom . sandra took the milk there . sandra went back to the bedroom . daniel journeyed to the kitchen . mary went to the bedroom . mary moved to the garden . mary went to the hallway . sandra dropped the milk there . john travelled to the bathroom . sandra travelled to the bathroom . sandra moved to the bedroom . where is the milk ?
Question: where is the milk ?
Answer: bedroom </s>
Model prediction: kitchen </s>
=========================
Step 2600: train_loss = 1.945224, train_acc = 0.218750, train ppl = 2.644844
Step 2700: train_loss = 2.208346, train_acc = 0.125000, train ppl = 3.016728
Step 2800: train_loss = 2.321331, train_acc = 0.187500, train ppl = 3.192056
==== Finshed epoch 10 ====
Evaluating model...
Epoch 10: validation accuracy = 0.192000 -- validation perplexity = 4.615889
Epoch 10: test accuracy: 0.200000
---- Qualitative Analysis
Context: where is the apple ? sandra moved to the kitchen . john moved to the bathroom . mary travelled to the garden . sandra moved to the office . mary travelled to the hallway . daniel grabbed the milk there . daniel went to the bathroom . sandra got the apple there . daniel put down the milk . john got the milk there . sandra went back to the kitchen . mary went to the office . sandra journeyed to the hallway . sandra put down the apple . where is the apple ?
Question: where is the apple ?
Answer: hallway </s>
Model prediction: bathroom </s>
=========================
Step 2900: train_loss = 2.587661, train_acc = 0.218750, train ppl = 3.646728
Step 3000: train_loss = 1.775146, train_acc = 0.281250, train ppl = 2.429227
Step 3100: train_loss = 1.912908, train_acc = 0.218750, train ppl = 2.602452
==== Finshed epoch 11 ====
Evaluating model...
Epoch 11: validation accuracy = 0.197000 -- validation perplexity = 3.933275
Epoch 11: test accuracy: 0.207000
---- Qualitative Analysis
Context: where is the football ? john went back to the office . daniel journeyed to the garden . mary took the apple there . john went back to the hallway . mary grabbed the milk there . daniel moved to the bedroom . mary dropped the apple there . sandra grabbed the football there . mary travelled to the garden . mary went back to the hallway . sandra went back to the kitchen . sandra went back to the hallway . sandra put down the football . sandra went to the garden . mary picked up the football there . sandra moved to the hallway . sandra journeyed to the kitchen . daniel journeyed to the bathroom . sandra went to the office . sandra journeyed to the bathroom . mary went to the bathroom . mary moved to the bedroom . mary went to the hallway . daniel went to the office . daniel journeyed to the bathroom . daniel went back to the garden . mary discarded the football . daniel went to the bathroom . where is the football ?
Question: where is the football ?
Answer: hallway </s>
Model prediction: office </s>
=========================
Step 3200: train_loss = 2.552131, train_acc = 0.156250, train ppl = 3.582516
Step 3300: train_loss = 2.413551, train_acc = 0.281250, train ppl = 3.342689
==== Finshed epoch 12 ====
Evaluating model...
Epoch 12: validation accuracy = 0.256000 -- validation perplexity = 2.603226
Epoch 12: test accuracy: 0.241000
---- Qualitative Analysis
Context: where is the apple ? sandra travelled to the bathroom . daniel journeyed to the hallway . mary moved to the kitchen . daniel took the apple there . daniel put down the apple there . daniel grabbed the apple there . daniel travelled to the garden . mary went back to the garden . daniel went back to the hallway . daniel discarded the apple . mary went back to the kitchen . john moved to the garden . where is the apple ?
Question: where is the apple ?
Answer: hallway </s>
Model prediction: garden </s>
=========================
Model checkpoint saved in models/dummy/best_model.ckpt
Step 3400: train_loss = 2.157764, train_acc = 0.187500, train ppl = 2.941390
Step 3500: train_loss = 2.148190, train_acc = 0.156250, train ppl = 2.927343
Step 3600: train_loss = 2.262745, train_acc = 0.218750, train ppl = 3.099908
==== Finshed epoch 13 ====
Evaluating model...
Epoch 13: validation accuracy = 0.254000 -- validation perplexity = 3.734862
Epoch 13: test accuracy: 0.209000
---- Qualitative Analysis
Context: where is the milk ? john went back to the office . mary went back to the hallway . daniel journeyed to the bedroom . mary went back to the bathroom . sandra went back to the hallway . sandra got the milk there . mary moved to the office . mary went to the hallway . daniel went to the bathroom . sandra went to the office . where is the milk ?
Question: where is the milk ?
Answer: office </s>
Model prediction: bedroom </s>
=========================
Step 3700: train_loss = 2.390749, train_acc = 0.156250, train ppl = 3.304796
Step 3800: train_loss = 1.915980, train_acc = 0.125000, train ppl = 2.606452
Step 3900: train_loss = 2.707889, train_acc = 0.250000, train ppl = 3.872671
==== Finshed epoch 14 ====
Evaluating model...
Epoch 14: validation accuracy = 0.237000 -- validation perplexity = 2.933686
Epoch 14: test accuracy: 0.205000
---- Qualitative Analysis
Context: where is the football ? sandra went back to the kitchen . john picked up the milk there . john left the milk . sandra went to the garden . mary went to the bathroom . daniel journeyed to the garden . sandra took the football there . daniel moved to the kitchen . john took the milk there . john put down the milk there . john went to the bathroom . sandra put down the football . where is the football ?
Question: where is the football ?
Answer: garden </s>
Model prediction: hallway </s>
=========================
Step 4000: train_loss = 2.013218, train_acc = 0.187500, train ppl = 2.736306
Step 4100: train_loss = 2.039707, train_acc = 0.343750, train ppl = 2.772789
Step 4200: train_loss = 1.620758, train_acc = 0.343750, train ppl = 2.248760
==== Finshed epoch 15 ====
Evaluating model...
Epoch 15: validation accuracy = 0.153000 -- validation perplexity = 3.174564
Epoch 15: test accuracy: 0.165000
---- Qualitative Analysis
Context: where is the football ? mary travelled to the bedroom . daniel journeyed to the office . sandra got the apple there . sandra travelled to the bathroom . sandra dropped the apple . mary grabbed the football there . sandra went to the bedroom . mary travelled to the kitchen . where is the football ?
Question: where is the football ?
Answer: kitchen </s>
Model prediction: kitchen </s>
=========================
Step 4300: train_loss = 2.123869, train_acc = 0.156250, train ppl = 2.891961
Step 4400: train_loss = 2.340638, train_acc = 0.093750, train ppl = 3.223021
Step 4500: train_loss = 2.531838, train_acc = 0.031250, train ppl = 3.546350
==== Finshed epoch 16 ====
Evaluating model...
Epoch 16: validation accuracy = 0.149000 -- validation perplexity = 2.738021
Epoch 16: test accuracy: 0.164000
---- Qualitative Analysis
Context: where is the apple ? mary travelled to the office . daniel went to the bathroom . john went back to the bedroom . john went to the hallway . mary journeyed to the bathroom . sandra picked up the apple there . john moved to the bathroom . john got the milk there . daniel moved to the bedroom . john moved to the garden . sandra put down the apple . john got the football there . sandra journeyed to the office . daniel picked up the apple there . mary journeyed to the kitchen . daniel left the apple there . where is the apple ?
Question: where is the apple ?
Answer: bedroom </s>
Model prediction: office </s>
=========================
Step 4600: train_loss = 2.340271, train_acc = 0.125000, train ppl = 3.222429
Step 4700: train_loss = 3.337882, train_acc = 0.250000, train ppl = 5.306546
==== Finshed epoch 17 ====
Evaluating model...
Epoch 17: validation accuracy = 0.211000 -- validation perplexity = 2.996299
Epoch 17: test accuracy: 0.238000
---- Qualitative Analysis
Context: where is the milk ? daniel grabbed the apple there . mary got the milk there . mary went back to the kitchen . mary moved to the garden . sandra went back to the garden . mary moved to the office . sandra went back to the bathroom . mary discarded the milk . where is the milk ?
Question: where is the milk ?
Answer: office </s>
Model prediction: bathroom </s>
=========================
Step 4800: train_loss = 1.995078, train_acc = 0.125000, train ppl = 2.711600
Step 4900: train_loss = 2.331989, train_acc = 0.218750, train ppl = 3.209112
Step 5000: train_loss = 2.179225, train_acc = 0.218750, train ppl = 2.973122
==== Finshed epoch 18 ====
Evaluating model...
Epoch 18: validation accuracy = 0.264000 -- validation perplexity = 2.672961
Epoch 18: test accuracy: 0.265000
---- Qualitative Analysis
Context: where is the milk ? sandra moved to the bathroom . mary picked up the milk there . mary picked up the apple there . mary moved to the kitchen . sandra moved to the hallway . mary dropped the apple . where is the milk ?
Question: where is the milk ?
Answer: kitchen </s>
Model prediction: garden </s>
=========================
Model checkpoint saved in models/dummy/best_model.ckpt
Step 5100: train_loss = 2.600489, train_acc = 0.125000, train ppl = 3.670195
Step 5200: train_loss = 2.208427, train_acc = 0.281250, train ppl = 3.016851
Step 5300: train_loss = 1.853285, train_acc = 0.187500, train ppl = 2.526014
==== Finshed epoch 19 ====
Evaluating model...
Epoch 19: validation accuracy = 0.216000 -- validation perplexity = 2.772474
Epoch 19: test accuracy: 0.190000
---- Qualitative Analysis
Context: where is the football ? daniel travelled to the hallway . sandra went to the office . sandra moved to the hallway . daniel got the football there . john went to the office . mary journeyed to the bathroom . daniel put down the football there . mary went back to the office . sandra got the football there . daniel moved to the bedroom . sandra left the football . daniel picked up the milk there . where is the football ?
Question: where is the football ?
Answer: hallway </s>
Model prediction: garden </s>
=========================
Step 5400: train_loss = 2.354117, train_acc = 0.125000, train ppl = 3.244816
Step 5500: train_loss = 2.827349, train_acc = 0.187500, train ppl = 4.111034
Step 5600: train_loss = 2.133341, train_acc = 0.250000, train ppl = 2.905688
==== Finshed epoch 20 ====
Evaluating model...
Epoch 20: validation accuracy = 0.202000 -- validation perplexity = 2.571284
Epoch 20: test accuracy: 0.188000
---- Qualitative Analysis
Context: where is the milk ? mary went to the office . john went to the garden . mary journeyed to the bedroom . daniel got the milk there . daniel journeyed to the bedroom . john moved to the kitchen . sandra went to the bathroom . mary travelled to the office . sandra went back to the office . mary went to the kitchen . mary went back to the hallway . daniel discarded the milk . sandra picked up the football there . mary moved to the garden . john travelled to the garden . john travelled to the bathroom . where is the milk ?
Question: where is the milk ?
Answer: bedroom </s>
Model prediction: bathroom </s>
=========================
Step 5700: train_loss = 2.604991, train_acc = 0.187500, train ppl = 3.678465
Step 5800: train_loss = 2.165448, train_acc = 0.218750, train ppl = 2.952712
Step 5900: train_loss = 1.846358, train_acc = 0.218750, train ppl = 2.517281
==== Finshed epoch 21 ====
Evaluating model...
Epoch 21: validation accuracy = 0.220000 -- validation perplexity = 2.898968
Epoch 21: test accuracy: 0.204000
---- Qualitative Analysis
Context: where is the football ? daniel got the apple there . daniel dropped the apple . mary moved to the bedroom . daniel journeyed to the hallway . mary travelled to the hallway . sandra moved to the bedroom . mary went back to the bathroom . daniel moved to the kitchen . mary went to the kitchen . daniel moved to the office . mary picked up the football there . mary put down the football . john travelled to the office . daniel went to the bathroom . mary got the football there . mary discarded the football . daniel went back to the kitchen . daniel picked up the football there . john travelled to the bedroom . daniel moved to the bedroom . mary journeyed to the bathroom . mary went back to the kitchen . where is the football ?
Question: where is the football ?
Answer: bedroom </s>
Model prediction: office </s>
=========================
Step 6000: train_loss = 1.892832, train_acc = 0.281250, train ppl = 2.576459
Step 6100: train_loss = 2.579350, train_acc = 0.031250, train ppl = 3.631607
Step 6200: train_loss = 1.870993, train_acc = 0.312500, train ppl = 2.548479
==== Finshed epoch 22 ====
Evaluating model...
Epoch 22: validation accuracy = 0.183000 -- validation perplexity = 3.005180
Epoch 22: test accuracy: 0.181000
---- Qualitative Analysis
Context: where is the football ? mary travelled to the office . daniel grabbed the football there . mary journeyed to the garden . daniel dropped the football . sandra moved to the office . daniel grabbed the football there . daniel travelled to the office . john went to the garden . where is the football ?
Question: where is the football ?
Answer: office </s>
Model prediction: hallway </s>
=========================
Step 6300: train_loss = 2.172957, train_acc = 0.250000, train ppl = 2.963819
Step 6400: train_loss = 2.359084, train_acc = 0.187500, train ppl = 3.252883
==== Finshed epoch 23 ====
Evaluating model...
Epoch 23: validation accuracy = 0.196000 -- validation perplexity = 3.324979
Epoch 23: test accuracy: 0.221000
---- Qualitative Analysis
Context: where is the football ? daniel journeyed to the kitchen . john went to the kitchen . mary went back to the bathroom . sandra picked up the football there . sandra took the milk there . john moved to the office . mary got the apple there . mary dropped the apple there . sandra went to the office . mary grabbed the apple there . sandra went to the bedroom . daniel moved to the bathroom . sandra put down the football there . sandra took the football there . sandra moved to the bathroom . mary moved to the hallway . where is the football ?
Question: where is the football ?
Answer: bathroom </s>
Model prediction: bathroom </s>
=========================
Step 6500: train_loss = 2.701049, train_acc = 0.093750, train ppl = 3.859450
Step 6600: train_loss = 2.423389, train_acc = 0.218750, train ppl = 3.359172
Step 6700: train_loss = 1.820310, train_acc = 0.312500, train ppl = 2.484708
==== Finshed epoch 24 ====
Evaluating model...
Epoch 24: validation accuracy = 0.230000 -- validation perplexity = 3.334920
Epoch 24: test accuracy: 0.247000
---- Qualitative Analysis
Context: where is the apple ? mary travelled to the office . daniel went to the bathroom . john went back to the bedroom . john went to the hallway . mary journeyed to the bathroom . sandra picked up the apple there . john moved to the bathroom . john got the milk there . daniel moved to the bedroom . john moved to the garden . sandra put down the apple . john got the football there . sandra journeyed to the office . daniel picked up the apple there . mary journeyed to the kitchen . daniel left the apple there . where is the apple ?
Question: where is the apple ?
Answer: bedroom </s>
Model prediction: bathroom </s>
=========================
Step 6800: train_loss = 2.100840, train_acc = 0.156250, train ppl = 2.858852
Step 6900: train_loss = 1.810426, train_acc = 0.187500, train ppl = 2.472459
Step 7000: train_loss = 1.896914, train_acc = 0.125000, train ppl = 2.581724
==== Finshed epoch 25 ====
Evaluating model...
Epoch 25: validation accuracy = 0.190000 -- validation perplexity = 2.837744
Epoch 25: test accuracy: 0.174000
---- Qualitative Analysis
Context: where is the apple ? john went back to the bedroom . john journeyed to the kitchen . john took the milk there . sandra took the football there . daniel travelled to the hallway . daniel picked up the apple there . mary travelled to the bedroom . daniel journeyed to the bedroom . where is the apple ?
Question: where is the apple ?
Answer: bedroom </s>
Model prediction: garden </s>
=========================
Step 7100: train_loss = 2.177607, train_acc = 0.093750, train ppl = 2.970718
Step 7200: train_loss = 2.081888, train_acc = 0.156250, train ppl = 2.831889
Step 7300: train_loss = 2.076022, train_acc = 0.218750, train ppl = 2.823596
==== Finshed epoch 26 ====
Evaluating model...
Epoch 26: validation accuracy = 0.271000 -- validation perplexity = 2.525803
Epoch 26: test accuracy: 0.271000
---- Qualitative Analysis
Context: where is the milk ? john went back to the bedroom . daniel took the apple there . mary journeyed to the bedroom . mary journeyed to the bathroom . john journeyed to the hallway . sandra went back to the bedroom . sandra went back to the hallway . sandra travelled to the kitchen . john journeyed to the kitchen . john travelled to the bedroom . sandra picked up the milk there . daniel left the apple . daniel got the apple there . john travelled to the office . sandra discarded the milk . sandra grabbed the milk there . sandra went back to the hallway . sandra got the football there . where is the milk ?
Question: where is the milk ?
Answer: hallway </s>
Model prediction: bedroom </s>
=========================
Model checkpoint saved in models/dummy/best_model.ckpt
Step 7400: train_loss = 2.255332, train_acc = 0.218750, train ppl = 3.088439
Step 7500: train_loss = 2.270332, train_acc = 0.187500, train ppl = 3.111691
Step 7600: train_loss = 1.579501, train_acc = 0.375000, train ppl = 2.202847
==== Finshed epoch 27 ====
Evaluating model...
Epoch 27: validation accuracy = 0.152000 -- validation perplexity = 3.853774
Epoch 27: test accuracy: 0.165000
---- Qualitative Analysis
Context: where is the football ? daniel journeyed to the hallway . daniel picked up the football there . daniel journeyed to the bedroom . daniel dropped the football . sandra travelled to the bedroom . daniel journeyed to the kitchen . sandra grabbed the football there . john travelled to the office . sandra discarded the football . mary went back to the hallway . daniel went to the hallway . daniel travelled to the bedroom . mary travelled to the office . john journeyed to the kitchen . sandra went back to the office . daniel took the football there . daniel went to the garden . mary travelled to the bedroom . where is the football ?
Question: where is the football ?
Answer: garden </s>
Model prediction: kitchen </s>
=========================
Step 7700: train_loss = 2.413823, train_acc = 0.156250, train ppl = 3.343144
Step 7800: train_loss = 2.284346, train_acc = 0.312500, train ppl = 3.133570
==== Finshed epoch 28 ====
Evaluating model...
Epoch 28: validation accuracy = 0.186000 -- validation perplexity = 2.779757
Epoch 28: test accuracy: 0.183000
---- Qualitative Analysis
Context: where is the football ? sandra travelled to the office . john journeyed to the hallway . mary went to the kitchen . sandra travelled to the bedroom . mary went to the bathroom . john went to the kitchen . mary picked up the football there . mary journeyed to the kitchen . where is the football ?
Question: where is the football ?
Answer: kitchen </s>
Model prediction: kitchen </s>
=========================
Step 7900: train_loss = 2.328203, train_acc = 0.218750, train ppl = 3.203044
Step 8000: train_loss = 1.785165, train_acc = 0.281250, train ppl = 2.441427
