vocab:                    data/vocab.txt
embedding_size:           256
encoder_type:             bi
val_split:                0.1
merge_mode:               concat
dropout_keep_prob:        0.7
batch_size:               8
data_dir:                 data/en-10k
num_enc_layers:           1
learning_rate:            0.001
max_gradient_norm:        1.0
model_dir:                models/dummy
num_units:                256
task:                     18
model_type:               normal
optimizer:                adam
restore_from_dir:         None
cell_type:                gru
num_epochs:               50
Loading data...
vocabulary size = 487
Building model...
Running initializers...
Creating summary writers...
Performing evaluation before training...
---- Qualitative Analysis
Context: is the box bigger than the box of chocolates ? the box of chocolates fits inside the suitcase . the container fits inside the suitcase . the chocolate fits inside the box . the chest is bigger than the box of chocolates . the suitcase fits inside the box . is the box bigger than the box of chocolates ?
Question: is the box bigger than the box of chocolates ?
Answer: yes </s>
Model prediction: 303 football 303 football 169 169 169 169 169 273
=========================
Step 100: train_loss = 1.003912, train_acc = 0.375000, train ppl = 1.651949
Step 200: train_loss = 0.534293, train_acc = 0.750000, train ppl = 1.306232
Step 300: train_loss = 0.011767, train_acc = 1.000000, train ppl = 1.005901
Step 400: train_loss = 0.079409, train_acc = 1.000000, train ppl = 1.040504
Step 500: train_loss = 0.167028, train_acc = 0.875000, train ppl = 1.087100
Step 600: train_loss = 0.354031, train_acc = 0.750000, train ppl = 1.193650
Step 700: train_loss = 0.379636, train_acc = 0.750000, train ppl = 1.209030
Step 800: train_loss = 0.000036, train_acc = 1.000000, train ppl = 1.000018
Step 900: train_loss = 0.028405, train_acc = 1.000000, train ppl = 1.014304
Step 1000: train_loss = 0.156511, train_acc = 1.000000, train ppl = 1.081399
Step 1100: train_loss = 0.049916, train_acc = 1.000000, train ppl = 1.025272
==== Finshed epoch 1 ====
Evaluating model...
Epoch 1: validation accuracy = 0.921000 -- validation perplexity = 1.064012
Epoch 1: test accuracy: 0.894000
---- Qualitative Analysis
Context: is the box of chocolates bigger than the container ? the box is bigger than the chest . the box of chocolates fits inside the suitcase . the chest fits inside the container . the box of chocolates fits inside the container . the container is bigger than the suitcase . is the box of chocolates bigger than the container ?
Question: is the box of chocolates bigger than the container ?
Answer: no </s>
Model prediction: no </s>
=========================
Model checkpoint saved in models/dummy/best_model.ckpt
Step 1200: train_loss = 0.168642, train_acc = 0.875000, train ppl = 1.087978
Step 1300: train_loss = 0.000090, train_acc = 1.000000, train ppl = 1.000045
Step 1400: train_loss = 0.274392, train_acc = 0.750000, train ppl = 1.147053
Step 1500: train_loss = 0.211117, train_acc = 0.750000, train ppl = 1.111331
Step 1600: train_loss = 0.000042, train_acc = 1.000000, train ppl = 1.000021
Step 1700: train_loss = 0.417560, train_acc = 0.625000, train ppl = 1.232174
Step 1800: train_loss = 0.170949, train_acc = 0.875000, train ppl = 1.089234
Step 1900: train_loss = 0.088519, train_acc = 0.875000, train ppl = 1.045254
Step 2000: train_loss = 0.176983, train_acc = 0.875000, train ppl = 1.092525
Step 2100: train_loss = 0.230283, train_acc = 0.875000, train ppl = 1.122032
Step 2200: train_loss = 0.159816, train_acc = 1.000000, train ppl = 1.083187
==== Finshed epoch 2 ====
Evaluating model...
Epoch 2: validation accuracy = 0.914000 -- validation perplexity = 1.061900
Epoch 2: test accuracy: 0.918000
---- Qualitative Analysis
Context: does the box of chocolates fit in the container ? the box of chocolates fits inside the chest . the container is bigger than the chest . the box of chocolates is bigger than the chocolate . the chest fits inside the container . the suitcase is bigger than the chocolate . does the box of chocolates fit in the container ?
Question: does the box of chocolates fit in the container ?
Answer: yes </s>
Model prediction: yes </s>
=========================
Step 2300: train_loss = 0.083676, train_acc = 1.000000, train ppl = 1.042726
Step 2400: train_loss = 0.087442, train_acc = 0.875000, train ppl = 1.044691
Step 2500: train_loss = 0.329419, train_acc = 0.875000, train ppl = 1.179050
Step 2600: train_loss = 0.050461, train_acc = 1.000000, train ppl = 1.025551
Step 2700: train_loss = 0.162221, train_acc = 0.875000, train ppl = 1.084491
Step 2800: train_loss = 0.218224, train_acc = 0.875000, train ppl = 1.115287
Step 2900: train_loss = 0.000042, train_acc = 1.000000, train ppl = 1.000021
Step 3000: train_loss = 0.244997, train_acc = 0.875000, train ppl = 1.130317
Step 3100: train_loss = 0.088434, train_acc = 0.875000, train ppl = 1.045209
Step 3200: train_loss = 0.156510, train_acc = 1.000000, train ppl = 1.081398
Step 3300: train_loss = 0.000086, train_acc = 1.000000, train ppl = 1.000043
==== Finshed epoch 3 ====
Evaluating model...
Epoch 3: validation accuracy = 0.915000 -- validation perplexity = 1.061763
Epoch 3: test accuracy: 0.910000
---- Qualitative Analysis
Context: is the chocolate bigger than the container ? the chocolate fits inside the box of chocolates . the container is bigger than the box of chocolates . the container is bigger than the chocolate . the box of chocolates fits inside the container . the box fits inside the suitcase . is the chocolate bigger than the container ?
Question: is the chocolate bigger than the container ?
Answer: no </s>
Model prediction: no </s>
=========================
Step 3400: train_loss = 0.174112, train_acc = 0.875000, train ppl = 1.090958
Step 3500: train_loss = 0.177673, train_acc = 0.875000, train ppl = 1.092902
Step 3600: train_loss = 0.000012, train_acc = 1.000000, train ppl = 1.000006
Step 3700: train_loss = 0.000164, train_acc = 1.000000, train ppl = 1.000082
Step 3800: train_loss = 0.173818, train_acc = 0.875000, train ppl = 1.090798
Step 3900: train_loss = 0.246248, train_acc = 0.750000, train ppl = 1.131025
Step 4000: train_loss = 0.248331, train_acc = 1.000000, train ppl = 1.132203
Step 4100: train_loss = 0.192149, train_acc = 0.750000, train ppl = 1.100841
Step 4200: train_loss = 0.099565, train_acc = 0.875000, train ppl = 1.051043
Step 4300: train_loss = 0.088356, train_acc = 0.875000, train ppl = 1.045168
Step 4400: train_loss = 0.000075, train_acc = 1.000000, train ppl = 1.000038
Step 4500: train_loss = 0.098210, train_acc = 1.000000, train ppl = 1.050331
==== Finshed epoch 4 ====
Evaluating model...
Epoch 4: validation accuracy = 0.915000 -- validation perplexity = 1.070099
Epoch 4: test accuracy: 0.907000
---- Qualitative Analysis
Context: is the chest bigger than the container ? the chest is bigger than the container . the chest is bigger than the box . the box is bigger than the container . the chocolate fits inside the container . the suitcase is bigger than the box . is the chest bigger than the container ?
Question: is the chest bigger than the container ?
Answer: yes </s>
Model prediction: no </s>
=========================
Step 4600: train_loss = 0.000043, train_acc = 1.000000, train ppl = 1.000022
Step 4700: train_loss = 0.320858, train_acc = 0.875000, train ppl = 1.174015
Step 4800: train_loss = 0.079943, train_acc = 1.000000, train ppl = 1.040781
Step 4900: train_loss = 0.000022, train_acc = 1.000000, train ppl = 1.000011
Step 5000: train_loss = 0.260720, train_acc = 0.875000, train ppl = 1.139238
Step 5100: train_loss = 0.102208, train_acc = 0.875000, train ppl = 1.052433
Step 5200: train_loss = 0.207756, train_acc = 0.875000, train ppl = 1.109465
Step 5300: train_loss = 0.154409, train_acc = 0.875000, train ppl = 1.080263
Step 5400: train_loss = 0.000030, train_acc = 1.000000, train ppl = 1.000015
Step 5500: train_loss = 0.083470, train_acc = 1.000000, train ppl = 1.042618
Step 5600: train_loss = 0.169299, train_acc = 0.875000, train ppl = 1.088336
==== Finshed epoch 5 ====
Evaluating model...
Epoch 5: validation accuracy = 0.908000 -- validation perplexity = 1.061487
Epoch 5: test accuracy: 0.916000
---- Qualitative Analysis
Context: does the box fit in the chocolate ? the container fits inside the box . the box of chocolates fits inside the box . the box of chocolates fits inside the chest . the box is bigger than the box of chocolates . the chocolate fits inside the suitcase . the suitcase is bigger than the container . the box of chocolates fits inside the chest . the chocolate fits inside the box of chocolates . the chest is bigger than the chocolate . the box of chocolates fits inside the container . does the box fit in the chocolate ?
Question: does the box fit in the chocolate ?
Answer: no </s>
Model prediction: no </s>
=========================
Step 5700: train_loss = 0.149140, train_acc = 1.000000, train ppl = 1.077421
Step 5800: train_loss = 0.297163, train_acc = 0.625000, train ppl = 1.160187
Step 5900: train_loss = 0.122077, train_acc = 0.875000, train ppl = 1.062940
Step 6000: train_loss = 0.132048, train_acc = 0.875000, train ppl = 1.068253
Step 6100: train_loss = 0.132153, train_acc = 1.000000, train ppl = 1.068308
Step 6200: train_loss = 0.067689, train_acc = 1.000000, train ppl = 1.034424
Step 6300: train_loss = 0.036577, train_acc = 1.000000, train ppl = 1.018457
Step 6400: train_loss = 0.017326, train_acc = 1.000000, train ppl = 1.008701
Step 6500: train_loss = 0.073640, train_acc = 1.000000, train ppl = 1.037506
Step 6600: train_loss = 0.082396, train_acc = 1.000000, train ppl = 1.042059
Step 6700: train_loss = 0.184732, train_acc = 0.750000, train ppl = 1.096766
==== Finshed epoch 6 ====
Evaluating model...
Epoch 6: validation accuracy = 0.925000 -- validation perplexity = 1.069580
Epoch 6: test accuracy: 0.898000
---- Qualitative Analysis
Context: is the box of chocolates bigger than the chest ? the chest is bigger than the box . the container is bigger than the box of chocolates . the suitcase fits inside the chest . the box of chocolates fits inside the box . the box of chocolates fits inside the chest . is the box of chocolates bigger than the chest ?
Question: is the box of chocolates bigger than the chest ?
Answer: no </s>
Model prediction: no </s>
=========================
Model checkpoint saved in models/dummy/best_model.ckpt
Step 6800: train_loss = 0.069806, train_acc = 1.000000, train ppl = 1.035519
Step 6900: train_loss = 0.194039, train_acc = 0.750000, train ppl = 1.101882
Step 7000: train_loss = 0.051633, train_acc = 1.000000, train ppl = 1.026152
Step 7100: train_loss = 0.000293, train_acc = 1.000000, train ppl = 1.000147
Step 7200: train_loss = 0.190087, train_acc = 0.750000, train ppl = 1.099707
Step 7300: train_loss = 0.115170, train_acc = 1.000000, train ppl = 1.059275
Step 7400: train_loss = 0.207508, train_acc = 0.875000, train ppl = 1.109327
Step 7500: train_loss = 0.284300, train_acc = 0.750000, train ppl = 1.152750
Step 7600: train_loss = 0.188301, train_acc = 0.875000, train ppl = 1.098725
Step 7700: train_loss = 0.000127, train_acc = 1.000000, train ppl = 1.000063
Step 7800: train_loss = 0.144178, train_acc = 0.875000, train ppl = 1.074751
==== Finshed epoch 7 ====
Evaluating model...
Epoch 7: validation accuracy = 0.913000 -- validation perplexity = 1.061014
Epoch 7: test accuracy: 0.911000
---- Qualitative Analysis
Context: does the chocolate fit in the container ? the chocolate fits inside the box . the container is bigger than the box . the suitcase is bigger than the box of chocolates . the suitcase is bigger than the box of chocolates . the box is bigger than the box of chocolates . does the chocolate fit in the container ?
Question: does the chocolate fit in the container ?
Answer: yes </s>
Model prediction: yes </s>
=========================
Step 7900: train_loss = 0.000032, train_acc = 1.000000, train ppl = 1.000016
Step 8000: train_loss = 0.000121, train_acc = 1.000000, train ppl = 1.000060
Step 8100: train_loss = 0.000067, train_acc = 1.000000, train ppl = 1.000033
Step 8200: train_loss = 0.076498, train_acc = 1.000000, train ppl = 1.038990
Step 8300: train_loss = 0.179902, train_acc = 0.875000, train ppl = 1.094121
Step 8400: train_loss = 0.039623, train_acc = 1.000000, train ppl = 1.020009
Step 8500: train_loss = 0.090128, train_acc = 0.875000, train ppl = 1.046095
Step 8600: train_loss = 0.000082, train_acc = 1.000000, train ppl = 1.000041
Step 8700: train_loss = 0.165752, train_acc = 0.875000, train ppl = 1.086407
Step 8800: train_loss = 0.000416, train_acc = 1.000000, train ppl = 1.000208
Step 8900: train_loss = 0.000049, train_acc = 1.000000, train ppl = 1.000025
Step 9000: train_loss = 0.147341, train_acc = 1.000000, train ppl = 1.076452
==== Finshed epoch 8 ====
Evaluating model...
Epoch 8: validation accuracy = 0.925000 -- validation perplexity = 1.061468
Epoch 8: test accuracy: 0.905000
---- Qualitative Analysis
Context: does the suitcase fit in the chocolate ? the box fits inside the chest . the chocolate fits inside the box . the container is bigger than the chocolate . the box of chocolates fits inside the chest . the suitcase is bigger than the container . does the suitcase fit in the chocolate ?
Question: does the suitcase fit in the chocolate ?
Answer: no </s>
Model prediction: no </s>
=========================
Step 9100: train_loss = 0.129168, train_acc = 0.875000, train ppl = 1.066715
Step 9200: train_loss = 0.150270, train_acc = 1.000000, train ppl = 1.078030
Step 9300: train_loss = 0.045853, train_acc = 1.000000, train ppl = 1.023191
Step 9400: train_loss = 0.065396, train_acc = 1.000000, train ppl = 1.033238
Step 9500: train_loss = 0.075787, train_acc = 1.000000, train ppl = 1.038620
Step 9600: train_loss = 0.000041, train_acc = 1.000000, train ppl = 1.000020
Step 9700: train_loss = 0.000119, train_acc = 1.000000, train ppl = 1.000060
Step 9800: train_loss = 0.255257, train_acc = 0.875000, train ppl = 1.136131
Step 9900: train_loss = 0.148450, train_acc = 1.000000, train ppl = 1.077049
Step 10000: train_loss = 0.000061, train_acc = 1.000000, train ppl = 1.000031
Step 10100: train_loss = 0.275858, train_acc = 0.875000, train ppl = 1.147894
==== Finshed epoch 9 ====
Evaluating model...
Epoch 9: validation accuracy = 0.921000 -- validation perplexity = 1.061012
Epoch 9: test accuracy: 0.901000
---- Qualitative Analysis
Context: does the chocolate fit in the suitcase ? the chocolate fits inside the box of chocolates . the chocolate fits inside the chest . the suitcase is bigger than the box of chocolates . the suitcase is bigger than the chest . the chocolate fits inside the container . does the chocolate fit in the suitcase ?
Question: does the chocolate fit in the suitcase ?
Answer: yes </s>
Model prediction: yes </s>
=========================
Step 10200: train_loss = 0.000044, train_acc = 1.000000, train ppl = 1.000022
Step 10300: train_loss = 0.000042, train_acc = 1.000000, train ppl = 1.000021
Step 10400: train_loss = 0.000020, train_acc = 1.000000, train ppl = 1.000010
Step 10500: train_loss = 0.000070, train_acc = 1.000000, train ppl = 1.000035
Step 10600: train_loss = 0.076276, train_acc = 1.000000, train ppl = 1.038874
Step 10700: train_loss = 0.065369, train_acc = 1.000000, train ppl = 1.033224
Step 10800: train_loss = 0.000045, train_acc = 1.000000, train ppl = 1.000022
Step 10900: train_loss = 0.170216, train_acc = 0.875000, train ppl = 1.088835
Step 11000: train_loss = 0.185817, train_acc = 0.875000, train ppl = 1.097362
Step 11100: train_loss = 0.127576, train_acc = 0.875000, train ppl = 1.065867
Step 11200: train_loss = 0.077275, train_acc = 1.000000, train ppl = 1.039394
==== Finshed epoch 10 ====
Evaluating model...
Epoch 10: validation accuracy = 0.929000 -- validation perplexity = 1.060964
Epoch 10: test accuracy: 0.911000
---- Qualitative Analysis
Context: does the chest fit in the suitcase ? the container fits inside the suitcase . the chest fits inside the container . the box is bigger than the chocolate . the container is bigger than the chocolate . the container is bigger than the box of chocolates . does the chest fit in the suitcase ?
Question: does the chest fit in the suitcase ?
Answer: yes </s>
Model prediction: yes </s>
=========================
Model checkpoint saved in models/dummy/best_model.ckpt
Step 11300: train_loss = 0.153072, train_acc = 1.000000, train ppl = 1.079541
Step 11400: train_loss = 0.193541, train_acc = 0.750000, train ppl = 1.101607
Step 11500: train_loss = 0.169744, train_acc = 1.000000, train ppl = 1.088578
Step 11600: train_loss = 0.000006, train_acc = 1.000000, train ppl = 1.000003
Step 11700: train_loss = 0.179406, train_acc = 0.875000, train ppl = 1.093849
Step 11800: train_loss = 0.091598, train_acc = 0.875000, train ppl = 1.046864
Step 11900: train_loss = 0.000006, train_acc = 1.000000, train ppl = 1.000003
Step 12000: train_loss = 0.000024, train_acc = 1.000000, train ppl = 1.000012
Step 12100: train_loss = 0.086568, train_acc = 1.000000, train ppl = 1.044234
Step 12200: train_loss = 0.057054, train_acc = 1.000000, train ppl = 1.028938
Step 12300: train_loss = 0.000105, train_acc = 1.000000, train ppl = 1.000052
==== Finshed epoch 11 ====
Evaluating model...
Epoch 11: validation accuracy = 0.924000 -- validation perplexity = 1.060753
Epoch 11: test accuracy: 0.904000
---- Qualitative Analysis
Context: does the box fit in the chocolate ? the chocolate fits inside the chest . the suitcase is bigger than the chocolate . the box of chocolates fits inside the box . the box of chocolates is bigger than the chocolate . the box of chocolates fits inside the container . does the box fit in the chocolate ?
Question: does the box fit in the chocolate ?
Answer: no </s>
Model prediction: no </s>
=========================
Step 12400: train_loss = 0.256264, train_acc = 0.875000, train ppl = 1.136703
Step 12500: train_loss = 0.000017, train_acc = 1.000000, train ppl = 1.000008
Step 12600: train_loss = 0.152865, train_acc = 1.000000, train ppl = 1.079429
Step 12700: train_loss = 0.000017, train_acc = 1.000000, train ppl = 1.000009
Step 12800: train_loss = 0.115651, train_acc = 1.000000, train ppl = 1.059530
Step 12900: train_loss = 0.095924, train_acc = 0.875000, train ppl = 1.049131
Step 13000: train_loss = 0.043293, train_acc = 1.000000, train ppl = 1.021883
Step 13100: train_loss = 0.000041, train_acc = 1.000000, train ppl = 1.000021
Step 13200: train_loss = 0.231020, train_acc = 0.750000, train ppl = 1.122446
Step 13300: train_loss = 0.062894, train_acc = 1.000000, train ppl = 1.031946
Step 13400: train_loss = 0.193858, train_acc = 0.750000, train ppl = 1.101782
Step 13500: train_loss = 0.000005, train_acc = 1.000000, train ppl = 1.000002
==== Finshed epoch 12 ====
Evaluating model...
Epoch 12: validation accuracy = 0.927000 -- validation perplexity = 1.060508
Epoch 12: test accuracy: 0.908000
---- Qualitative Analysis
Context: is the chocolate bigger than the suitcase ? the chest fits inside the suitcase . the suitcase is bigger than the chocolate . the box of chocolates fits inside the box . the chest is bigger than the chocolate . the chocolate fits inside the container . is the chocolate bigger than the suitcase ?
Question: is the chocolate bigger than the suitcase ?
Answer: no </s>
Model prediction: no </s>
=========================
Step 13600: train_loss = 0.088707, train_acc = 0.875000, train ppl = 1.045352
Step 13700: train_loss = 0.160260, train_acc = 1.000000, train ppl = 1.083428
Step 13800: train_loss = 0.062366, train_acc = 1.000000, train ppl = 1.031674
Step 13900: train_loss = 0.121629, train_acc = 0.875000, train ppl = 1.062702
Step 14000: train_loss = 0.069451, train_acc = 1.000000, train ppl = 1.035335
Step 14100: train_loss = 0.086407, train_acc = 1.000000, train ppl = 1.044150
Step 14200: train_loss = 0.199490, train_acc = 0.750000, train ppl = 1.104889
Step 14300: train_loss = 0.102538, train_acc = 0.875000, train ppl = 1.052606
Step 14400: train_loss = 0.089711, train_acc = 0.875000, train ppl = 1.045877
Step 14500: train_loss = 0.000006, train_acc = 1.000000, train ppl = 1.000003
Step 14600: train_loss = 0.079866, train_acc = 1.000000, train ppl = 1.040741
==== Finshed epoch 13 ====
Evaluating model...
Epoch 13: validation accuracy = 0.927000 -- validation perplexity = 1.060618
Epoch 13: test accuracy: 0.910000
---- Qualitative Analysis
Context: does the suitcase fit in the chocolate ? the box is bigger than the chocolate . the chocolate fits inside the suitcase . the box is bigger than the box of chocolates . the box of chocolates fits inside the suitcase . the box is bigger than the box of chocolates . the chocolate fits inside the chest . the chocolate fits inside the box . the box of chocolates fits inside the box . the suitcase is bigger than the chest . the suitcase is bigger than the chocolate . does the suitcase fit in the chocolate ?
Question: does the suitcase fit in the chocolate ?
Answer: no </s>
Model prediction: no </s>
=========================
Step 14700: train_loss = 0.335993, train_acc = 0.750000, train ppl = 1.182932
Step 14800: train_loss = 0.052623, train_acc = 1.000000, train ppl = 1.026661
Step 14900: train_loss = 0.000015, train_acc = 1.000000, train ppl = 1.000008
Step 15000: train_loss = 0.000025, train_acc = 1.000000, train ppl = 1.000012
Step 15100: train_loss = 0.087465, train_acc = 0.875000, train ppl = 1.044703
Step 15200: train_loss = 0.155380, train_acc = 1.000000, train ppl = 1.080788
Step 15300: train_loss = 0.000005, train_acc = 1.000000, train ppl = 1.000003
Step 15400: train_loss = 0.000010, train_acc = 1.000000, train ppl = 1.000005
Step 15500: train_loss = 0.082441, train_acc = 1.000000, train ppl = 1.042082
Step 15600: train_loss = 0.058236, train_acc = 1.000000, train ppl = 1.029546
Step 15700: train_loss = 0.244122, train_acc = 0.875000, train ppl = 1.129823
==== Finshed epoch 14 ====
Evaluating model...
Epoch 14: validation accuracy = 0.922000 -- validation perplexity = 1.060437
Epoch 14: test accuracy: 0.902000
---- Qualitative Analysis
Context: does the box fit in the chocolate ? the box is bigger than the suitcase . the chocolate fits inside the container . the box of chocolates is bigger than the chocolate . the chest fits inside the container . the chocolate fits inside the box . the suitcase fits inside the container . the container is bigger than the chest . the box of chocolates fits inside the box . the chocolate fits inside the box . the suitcase is bigger than the chocolate . does the box fit in the chocolate ?
Question: does the box fit in the chocolate ?
Answer: no </s>
Model prediction: no </s>
=========================
Step 15800: train_loss = 0.000006, train_acc = 1.000000, train ppl = 1.000003
Step 15900: train_loss = 0.316017, train_acc = 0.750000, train ppl = 1.171176
Step 16000: train_loss = 0.098427, train_acc = 0.875000, train ppl = 1.050445
Step 16100: train_loss = 0.301734, train_acc = 0.750000, train ppl = 1.162842
Step 16200: train_loss = 0.106695, train_acc = 0.875000, train ppl = 1.054796
Step 16300: train_loss = 0.093974, train_acc = 0.875000, train ppl = 1.048109
Step 16400: train_loss = 0.312160, train_acc = 0.875000, train ppl = 1.168920
Step 16500: train_loss = 0.206279, train_acc = 0.875000, train ppl = 1.108646
Step 16600: train_loss = 0.181990, train_acc = 0.875000, train ppl = 1.095264
Step 16700: train_loss = 0.204352, train_acc = 0.750000, train ppl = 1.107579
Step 16800: train_loss = 0.000004, train_acc = 1.000000, train ppl = 1.000002
==== Finshed epoch 15 ====
Evaluating model...
Epoch 15: validation accuracy = 0.927000 -- validation perplexity = 1.060322
Epoch 15: test accuracy: 0.911000
---- Qualitative Analysis
Context: does the box fit in the chest ? the box of chocolates fits inside the chest . the container fits inside the box . the chest fits inside the container . the container fits inside the box . the chest is bigger than the box of chocolates . does the box fit in the chest ?
Question: does the box fit in the chest ?
Answer: no </s>
Model prediction: yes </s>
=========================
Step 16900: train_loss = 0.131593, train_acc = 1.000000, train ppl = 1.068009
Step 17000: train_loss = 0.115385, train_acc = 1.000000, train ppl = 1.059389
Step 17100: train_loss = 0.304447, train_acc = 0.750000, train ppl = 1.164420
Step 17200: train_loss = 0.000012, train_acc = 1.000000, train ppl = 1.000006
Step 17300: train_loss = 0.099106, train_acc = 0.875000, train ppl = 1.050801
Step 17400: train_loss = 0.119174, train_acc = 1.000000, train ppl = 1.061398
Step 17500: train_loss = 0.151485, train_acc = 0.875000, train ppl = 1.078685
Step 17600: train_loss = 0.235841, train_acc = 0.875000, train ppl = 1.125154
Step 17700: train_loss = 0.096066, train_acc = 0.875000, train ppl = 1.049205
Step 17800: train_loss = 0.171125, train_acc = 0.875000, train ppl = 1.089330
Step 17900: train_loss = 0.057136, train_acc = 1.000000, train ppl = 1.028980
Step 18000: train_loss = 0.082030, train_acc = 1.000000, train ppl = 1.041868
==== Finshed epoch 16 ====
Evaluating model...
Epoch 16: validation accuracy = 0.930000 -- validation perplexity = 1.060168
Epoch 16: test accuracy: 0.915000
---- Qualitative Analysis
Context: is the box of chocolates bigger than the chest ? the box of chocolates fits inside the box . the chest is bigger than the chocolate . the box fits inside the chest . the container fits inside the suitcase . the suitcase is bigger than the container . is the box of chocolates bigger than the chest ?
Question: is the box of chocolates bigger than the chest ?
Answer: no </s>
Model prediction: no </s>
=========================
Model checkpoint saved in models/dummy/best_model.ckpt
Step 18100: train_loss = 0.336719, train_acc = 0.875000, train ppl = 1.183362
Step 18200: train_loss = 0.000011, train_acc = 1.000000, train ppl = 1.000006
Step 18300: train_loss = 0.131587, train_acc = 1.000000, train ppl = 1.068006
Step 18400: train_loss = 0.196912, train_acc = 1.000000, train ppl = 1.103466
Step 18500: train_loss = 0.000002, train_acc = 1.000000, train ppl = 1.000001
Step 18600: train_loss = 0.089452, train_acc = 0.875000, train ppl = 1.045741
Step 18700: train_loss = 0.067477, train_acc = 1.000000, train ppl = 1.034314
Step 18800: train_loss = 0.000004, train_acc = 1.000000, train ppl = 1.000002
Step 18900: train_loss = 0.181882, train_acc = 0.875000, train ppl = 1.095205
Step 19000: train_loss = 0.203790, train_acc = 0.875000, train ppl = 1.107267
Step 19100: train_loss = 0.161230, train_acc = 1.000000, train ppl = 1.083953
==== Finshed epoch 17 ====
Evaluating model...
Epoch 17: validation accuracy = 0.932000 -- validation perplexity = 1.059893
Epoch 17: test accuracy: 0.901000
---- Qualitative Analysis
Context: is the chocolate bigger than the box ? the chest is bigger than the suitcase . the box is bigger than the container . the box of chocolates fits inside the chest . the chocolate fits inside the container . the box of chocolates is bigger than the chocolate . is the chocolate bigger than the box ?
Question: is the chocolate bigger than the box ?
Answer: no </s>
Model prediction: no </s>
=========================
Model checkpoint saved in models/dummy/best_model.ckpt
Step 19200: train_loss = 0.293959, train_acc = 0.875000, train ppl = 1.158330
Step 19300: train_loss = 0.082608, train_acc = 1.000000, train ppl = 1.042169
Step 19400: train_loss = 0.000005, train_acc = 1.000000, train ppl = 1.000003
Step 19500: train_loss = 0.000004, train_acc = 1.000000, train ppl = 1.000002
Step 19600: train_loss = 0.084427, train_acc = 1.000000, train ppl = 1.043117
Step 19700: train_loss = 0.142700, train_acc = 1.000000, train ppl = 1.073957
Step 19800: train_loss = 0.154914, train_acc = 0.875000, train ppl = 1.080536
Step 19900: train_loss = 0.000020, train_acc = 1.000000, train ppl = 1.000010
Step 20000: train_loss = 0.068804, train_acc = 1.000000, train ppl = 1.035000
Step 20100: train_loss = 0.121472, train_acc = 0.875000, train ppl = 1.062618
Step 20200: train_loss = 0.134625, train_acc = 0.875000, train ppl = 1.069630
==== Finshed epoch 18 ====
Evaluating model...
Epoch 18: validation accuracy = 0.935000 -- validation perplexity = 1.056189
Epoch 18: test accuracy: 0.925000
---- Qualitative Analysis
Context: is the chocolate bigger than the box ? the box is bigger than the box of chocolates . the chocolate fits inside the chest . the box of chocolates fits inside the box . the container is bigger than the chocolate . the box is bigger than the chocolate . the suitcase fits inside the chest . the chest is bigger than the suitcase . the chest is bigger than the chocolate . the chocolate fits inside the box of chocolates . the container is bigger than the box of chocolates . is the chocolate bigger than the box ?
Question: is the chocolate bigger than the box ?
Answer: no </s>
Model prediction: no </s>
=========================
Model checkpoint saved in models/dummy/best_model.ckpt
Step 20300: train_loss = 0.094710, train_acc = 0.875000, train ppl = 1.048494
Step 20400: train_loss = 0.132322, train_acc = 0.875000, train ppl = 1.068399
Step 20500: train_loss = 0.180907, train_acc = 0.875000, train ppl = 1.094671
Step 20600: train_loss = 0.066150, train_acc = 1.000000, train ppl = 1.033628
Step 20700: train_loss = 0.007797, train_acc = 1.000000, train ppl = 1.003906
Step 20800: train_loss = 0.105150, train_acc = 0.875000, train ppl = 1.053981
Step 20900: train_loss = 0.055370, train_acc = 1.000000, train ppl = 1.028072
Step 21000: train_loss = 0.079425, train_acc = 1.000000, train ppl = 1.040511
Step 21100: train_loss = 0.071474, train_acc = 1.000000, train ppl = 1.036383
Step 21200: train_loss = 0.110635, train_acc = 1.000000, train ppl = 1.056876
Step 21300: train_loss = 0.004945, train_acc = 1.000000, train ppl = 1.002476
==== Finshed epoch 19 ====
Evaluating model...
Epoch 19: validation accuracy = 0.965000 -- validation perplexity = 1.040005
Epoch 19: test accuracy: 0.940000
---- Qualitative Analysis
Context: is the chocolate bigger than the chest ? the box is bigger than the chocolate . the chest is bigger than the box of chocolates . the box fits inside the chest . the chest is bigger than the chocolate . the box is bigger than the box of chocolates . is the chocolate bigger than the chest ?
Question: is the chocolate bigger than the chest ?
Answer: no </s>
Model prediction: no </s>
=========================
Model checkpoint saved in models/dummy/best_model.ckpt
Step 21400: train_loss = 0.053479, train_acc = 1.000000, train ppl = 1.027100
Step 21500: train_loss = 0.224619, train_acc = 0.750000, train ppl = 1.118859
Step 21600: train_loss = 0.019849, train_acc = 1.000000, train ppl = 1.009974
Step 21700: train_loss = 0.000000, train_acc = 1.000000, train ppl = 1.000000
Step 21800: train_loss = 0.012802, train_acc = 1.000000, train ppl = 1.006421
Step 21900: train_loss = 0.021493, train_acc = 1.000000, train ppl = 1.010805
Step 22000: train_loss = 0.019991, train_acc = 1.000000, train ppl = 1.010046
Step 22100: train_loss = 0.000000, train_acc = 1.000000, train ppl = 1.000000
Step 22200: train_loss = 0.002364, train_acc = 1.000000, train ppl = 1.001182
Step 22300: train_loss = 0.012612, train_acc = 1.000000, train ppl = 1.006326
Step 22400: train_loss = 0.035240, train_acc = 1.000000, train ppl = 1.017776
Step 22500: train_loss = 0.262209, train_acc = 0.875000, train ppl = 1.140087
==== Finshed epoch 20 ====
Evaluating model...
Epoch 20: validation accuracy = 0.967000 -- validation perplexity = 1.033176
Epoch 20: test accuracy: 0.959000
---- Qualitative Analysis
Context: does the chocolate fit in the chest ? the chest is bigger than the box of chocolates . the chest is bigger than the box . the box is bigger than the chocolate . the suitcase fits inside the chest . the chest is bigger than the suitcase . does the chocolate fit in the chest ?
Question: does the chocolate fit in the chest ?
Answer: yes </s>
Model prediction: yes </s>
=========================
Model checkpoint saved in models/dummy/best_model.ckpt
Step 22600: train_loss = 0.000000, train_acc = 1.000000, train ppl = 1.000000
Step 22700: train_loss = 0.001362, train_acc = 1.000000, train ppl = 1.000681
Step 22800: train_loss = 0.000134, train_acc = 1.000000, train ppl = 1.000067
Step 22900: train_loss = 0.012328, train_acc = 1.000000, train ppl = 1.006183
Step 23000: train_loss = 0.003431, train_acc = 1.000000, train ppl = 1.001717
Step 23100: train_loss = 0.000137, train_acc = 1.000000, train ppl = 1.000068
Step 23200: train_loss = 0.019677, train_acc = 1.000000, train ppl = 1.009887
Step 23300: train_loss = 0.195155, train_acc = 0.875000, train ppl = 1.102497
Step 23400: train_loss = 0.000000, train_acc = 1.000000, train ppl = 1.000000
Step 23500: train_loss = 0.066797, train_acc = 1.000000, train ppl = 1.033962
Step 23600: train_loss = 0.003179, train_acc = 1.000000, train ppl = 1.001591
==== Finshed epoch 21 ====
Evaluating model...
Epoch 21: validation accuracy = 0.977000 -- validation perplexity = 1.038945
Epoch 21: test accuracy: 0.962000
---- Qualitative Analysis
Context: does the suitcase fit in the box ? the container is bigger than the suitcase . the box is bigger than the container . the chest fits inside the container . the chest is bigger than the chocolate . the chocolate fits inside the box . does the suitcase fit in the box ?
Question: does the suitcase fit in the box ?
Answer: yes </s>
Model prediction: no </s>
=========================
Model checkpoint saved in models/dummy/best_model.ckpt
Step 23700: train_loss = 0.057899, train_acc = 1.000000, train ppl = 1.029372
Step 23800: train_loss = 0.000000, train_acc = 1.000000, train ppl = 1.000000
Step 23900: train_loss = 0.000000, train_acc = 1.000000, train ppl = 1.000000
Step 24000: train_loss = 0.019666, train_acc = 1.000000, train ppl = 1.009881
Step 24100: train_loss = 0.000000, train_acc = 1.000000, train ppl = 1.000000
Step 24200: train_loss = 0.000801, train_acc = 1.000000, train ppl = 1.000401
Step 24300: train_loss = 0.000171, train_acc = 1.000000, train ppl = 1.000085
Step 24400: train_loss = 0.000850, train_acc = 1.000000, train ppl = 1.000425
Step 24500: train_loss = 0.045416, train_acc = 1.000000, train ppl = 1.022968
Step 24600: train_loss = 0.000988, train_acc = 1.000000, train ppl = 1.000494
Step 24700: train_loss = 0.001032, train_acc = 1.000000, train ppl = 1.000516
==== Finshed epoch 22 ====
Evaluating model...
Epoch 22: validation accuracy = 0.987000 -- validation perplexity = 1.020415
Epoch 22: test accuracy: 0.966000
---- Qualitative Analysis
Context: does the suitcase fit in the container ? the chest is bigger than the suitcase . the container is bigger than the suitcase . the chest is bigger than the suitcase . the box of chocolates fits inside the chest . the container is bigger than the chest . does the suitcase fit in the container ?
Question: does the suitcase fit in the container ?
Answer: yes </s>
Model prediction: yes </s>
=========================
Model checkpoint saved in models/dummy/best_model.ckpt
Step 24800: train_loss = 0.001379, train_acc = 1.000000, train ppl = 1.000690
Step 24900: train_loss = 0.004270, train_acc = 1.000000, train ppl = 1.002137
Step 25000: train_loss = 0.035718, train_acc = 1.000000, train ppl = 1.018019
Step 25100: train_loss = 0.000018, train_acc = 1.000000, train ppl = 1.000009
Step 25200: train_loss = 0.000000, train_acc = 1.000000, train ppl = 1.000000
Step 25300: train_loss = 0.002504, train_acc = 1.000000, train ppl = 1.001253
Step 25400: train_loss = 0.001339, train_acc = 1.000000, train ppl = 1.000670
Step 25500: train_loss = 0.000002, train_acc = 1.000000, train ppl = 1.000001
Step 25600: train_loss = 0.000119, train_acc = 1.000000, train ppl = 1.000059
Step 25700: train_loss = 0.000014, train_acc = 1.000000, train ppl = 1.000007
Step 25800: train_loss = 0.000627, train_acc = 1.000000, train ppl = 1.000314
==== Finshed epoch 23 ====
Evaluating model...
Epoch 23: validation accuracy = 0.992000 -- validation perplexity = 1.011527
Epoch 23: test accuracy: 0.980000
---- Qualitative Analysis
Context: is the chocolate bigger than the suitcase ? the container fits inside the suitcase . the box is bigger than the container . the container is bigger than the chocolate . the container is bigger than the chest . the box of chocolates fits inside the suitcase . is the chocolate bigger than the suitcase ?
Question: is the chocolate bigger than the suitcase ?
Answer: no </s>
Model prediction: no </s>
=========================
Model checkpoint saved in models/dummy/best_model.ckpt
Step 25900: train_loss = 0.000034, train_acc = 1.000000, train ppl = 1.000017
Step 26000: train_loss = 0.001921, train_acc = 1.000000, train ppl = 1.000961
Step 26100: train_loss = 0.000017, train_acc = 1.000000, train ppl = 1.000008
Step 26200: train_loss = 0.001414, train_acc = 1.000000, train ppl = 1.000707
Step 26300: train_loss = 0.000019, train_acc = 1.000000, train ppl = 1.000010
Step 26400: train_loss = 0.000001, train_acc = 1.000000, train ppl = 1.000001
Step 26500: train_loss = 0.000013, train_acc = 1.000000, train ppl = 1.000006
