data_dir:                 data/en-10k
learning_rate:            0.005
optimizer:                adam
embedding_size:           256
val_split:                0.1
restore_from_dir:         None
model_dir:                models/dummy
num_enc_layers:           1
vocab:                    data/vocab.txt
batch_size:               32
max_gradient_norm:        1.0
task:                     17
encoder_type:             bi
num_epochs:               50
merge_mode:               concat
model_type:               normal
cell_type:                gru
num_units:                256
dropout_keep_prob:        0.7
Loading data...
vocabulary size = 487
Building model...
Running initializers...
Creating summary writers...
Performing evaluation before training...
---- Qualitative Analysis
Context: is the red sphere to the left of the yellow square ? the triangle is to the left of the yellow square . the triangle is below the red sphere . is the red sphere to the left of the yellow square ?
Question: is the red sphere to the left of the yellow square ?
Answer: yes </s>
Model prediction: 96 215 248 248 9 9 cats 320 320 one
=========================
Step 100: train_loss = 0.652266, train_acc = 0.593750, train ppl = 1.385600
Step 200: train_loss = 0.802033, train_acc = 0.375000, train ppl = 1.493342
==== Finshed epoch 1 ====
Evaluating model...
Epoch 1: validation accuracy = 0.566000 -- validation perplexity = 1.404084
Epoch 1: test accuracy: 0.595000
---- Qualitative Analysis
Context: is the yellow square to the left of the red square ? the yellow square is to the left of the blue square . the blue square is above the red square . is the yellow square to the left of the red square ?
Question: is the yellow square to the left of the red square ?
Answer: yes </s>
Model prediction: yes </s>
=========================
Model checkpoint saved in models/dummy/best_model.ckpt
Step 300: train_loss = 0.587615, train_acc = 0.750000, train ppl = 1.341525
Step 400: train_loss = 0.653317, train_acc = 0.437500, train ppl = 1.386328
Step 500: train_loss = 0.543910, train_acc = 0.812500, train ppl = 1.312528
==== Finshed epoch 2 ====
Evaluating model...
Epoch 2: validation accuracy = 0.620000 -- validation perplexity = 1.351611
Epoch 2: test accuracy: 0.621000
---- Qualitative Analysis
Context: is the pink rectangle below the blue square ? the red square is to the left of the pink rectangle . the red square is below the blue square . is the pink rectangle below the blue square ?
Question: is the pink rectangle below the blue square ?
Answer: yes </s>
Model prediction: yes </s>
=========================
Model checkpoint saved in models/dummy/best_model.ckpt
Step 600: train_loss = 0.535497, train_acc = 0.593750, train ppl = 1.307019
Step 700: train_loss = 0.546348, train_acc = 0.593750, train ppl = 1.314129
Step 800: train_loss = 0.586899, train_acc = 0.593750, train ppl = 1.341046
==== Finshed epoch 3 ====
Evaluating model...
Epoch 3: validation accuracy = 0.628000 -- validation perplexity = 1.352683
Epoch 3: test accuracy: 0.619000
---- Qualitative Analysis
Context: is the triangle to the right of the pink rectangle ? the red square is to the right of the triangle . the pink rectangle is below the red square . is the triangle to the right of the pink rectangle ?
Question: is the triangle to the right of the pink rectangle ?
Answer: no </s>
Model prediction: no </s>
=========================
Model checkpoint saved in models/dummy/best_model.ckpt
Step 900: train_loss = 0.584531, train_acc = 0.531250, train ppl = 1.339459
Step 1000: train_loss = 0.611009, train_acc = 0.656250, train ppl = 1.357310
Step 1100: train_loss = 0.606972, train_acc = 0.593750, train ppl = 1.354573
==== Finshed epoch 4 ====
Evaluating model...
Epoch 4: validation accuracy = 0.605000 -- validation perplexity = 1.358141
Epoch 4: test accuracy: 0.597000
---- Qualitative Analysis
Context: is the yellow square to the right of the triangle ? the red square is to the left of the triangle . the red square is to the right of the yellow square . is the yellow square to the right of the triangle ?
Question: is the yellow square to the right of the triangle ?
Answer: no </s>
Model prediction: yes </s>
=========================
Step 1200: train_loss = 0.615049, train_acc = 0.687500, train ppl = 1.360054
Step 1300: train_loss = 0.677895, train_acc = 0.500000, train ppl = 1.403469
Step 1400: train_loss = 0.594922, train_acc = 0.562500, train ppl = 1.346436
==== Finshed epoch 5 ====
Evaluating model...
Epoch 5: validation accuracy = 0.599000 -- validation perplexity = 1.354257
Epoch 5: test accuracy: 0.599000
---- Qualitative Analysis
Context: is the triangle below the pink rectangle ? the blue square is above the pink rectangle . the triangle is to the left of the blue square . is the triangle below the pink rectangle ?
Question: is the triangle below the pink rectangle ?
Answer: no </s>
Model prediction: no </s>
=========================
Step 1500: train_loss = 0.732409, train_acc = 0.593750, train ppl = 1.442250
Step 1600: train_loss = 0.646477, train_acc = 0.437500, train ppl = 1.381595
==== Finshed epoch 6 ====
Evaluating model...
Epoch 6: validation accuracy = 0.609000 -- validation perplexity = 1.359611
Epoch 6: test accuracy: 0.619000
---- Qualitative Analysis
Context: is the yellow square to the left of the pink rectangle ? the triangle is to the right of the pink rectangle . the triangle is above the yellow square . is the yellow square to the left of the pink rectangle ?
Question: is the yellow square to the left of the pink rectangle ?
Answer: no </s>
Model prediction: yes </s>
=========================
Step 1700: train_loss = 0.631795, train_acc = 0.562500, train ppl = 1.371490
Step 1800: train_loss = 0.621175, train_acc = 0.531250, train ppl = 1.364226
Step 1900: train_loss = 0.604483, train_acc = 0.562500, train ppl = 1.352888
==== Finshed epoch 7 ====
Evaluating model...
Epoch 7: validation accuracy = 0.616000 -- validation perplexity = 1.345227
Epoch 7: test accuracy: 0.595000
---- Qualitative Analysis
Context: is the pink rectangle to the left of the blue square ? the pink rectangle is to the left of the triangle . the triangle is to the left of the blue square . is the pink rectangle to the left of the blue square ?
Question: is the pink rectangle to the left of the blue square ?
Answer: yes </s>
Model prediction: yes </s>
=========================
Step 2000: train_loss = 0.629496, train_acc = 0.687500, train ppl = 1.369914
Step 2100: train_loss = 0.656241, train_acc = 0.562500, train ppl = 1.388356
Step 2200: train_loss = 0.643014, train_acc = 0.437500, train ppl = 1.379205
==== Finshed epoch 8 ====
Evaluating model...
Epoch 8: validation accuracy = 0.605000 -- validation perplexity = 1.353749
Epoch 8: test accuracy: 0.597000
---- Qualitative Analysis
Context: is the blue square to the left of the red sphere ? the yellow square is below the red sphere . the blue square is to the left of the yellow square . is the blue square to the left of the red sphere ?
Question: is the blue square to the left of the red sphere ?
Answer: yes </s>
Model prediction: no </s>
=========================
Step 2300: train_loss = 0.513994, train_acc = 0.718750, train ppl = 1.293041
Step 2400: train_loss = 0.419635, train_acc = 0.750000, train ppl = 1.233453
Step 2500: train_loss = 0.602510, train_acc = 0.500000, train ppl = 1.351554
==== Finshed epoch 9 ====
Evaluating model...
Epoch 9: validation accuracy = 0.606000 -- validation perplexity = 1.347022
Epoch 9: test accuracy: 0.597000
---- Qualitative Analysis
Context: is the red square above the yellow square ? the yellow square is to the left of the blue square . the blue square is above the red square . is the red square above the yellow square ?
Question: is the red square above the yellow square ?
Answer: no </s>
Model prediction: no </s>
=========================
Step 2600: train_loss = 0.586912, train_acc = 0.656250, train ppl = 1.341054
Step 2700: train_loss = 0.598728, train_acc = 0.531250, train ppl = 1.349001
Step 2800: train_loss = 0.691676, train_acc = 0.500000, train ppl = 1.413174
==== Finshed epoch 10 ====
Evaluating model...
Epoch 10: validation accuracy = 0.609000 -- validation perplexity = 1.356273
Epoch 10: test accuracy: 0.619000
---- Qualitative Analysis
Context: is the pink rectangle to the left of the red sphere ? the blue square is to the left of the red sphere . the blue square is below the pink rectangle . is the pink rectangle to the left of the red sphere ?
Question: is the pink rectangle to the left of the red sphere ?
Answer: yes </s>
Model prediction: yes </s>
=========================
Step 2900: train_loss = 0.583143, train_acc = 0.531250, train ppl = 1.338529
Step 3000: train_loss = 0.561328, train_acc = 0.531250, train ppl = 1.324008
Step 3100: train_loss = 0.534480, train_acc = 0.593750, train ppl = 1.306354
==== Finshed epoch 11 ====
Evaluating model...
Epoch 11: validation accuracy = 0.620000 -- validation perplexity = 1.347105
Epoch 11: test accuracy: 0.621000
---- Qualitative Analysis
Context: is the red sphere to the right of the red square ? the blue square is to the right of the red sphere . the blue square is to the left of the red square . is the red sphere to the right of the red square ?
Question: is the red sphere to the right of the red square ?
Answer: no </s>
Model prediction: yes </s>
=========================
Step 3200: train_loss = 0.564326, train_acc = 0.593750, train ppl = 1.325995
Step 3300: train_loss = 0.562740, train_acc = 0.531250, train ppl = 1.324944
==== Finshed epoch 12 ====
Evaluating model...
Epoch 12: validation accuracy = 0.609000 -- validation perplexity = 1.354228
Epoch 12: test accuracy: 0.619000
---- Qualitative Analysis
Context: is the red sphere below the yellow square ? the blue square is below the yellow square . the red sphere is below the blue square . is the red sphere below the yellow square ?
Question: is the red sphere below the yellow square ?
Answer: yes </s>
Model prediction: yes </s>
=========================
Step 3400: train_loss = 0.657647, train_acc = 0.593750, train ppl = 1.389333
Step 3500: train_loss = 0.687471, train_acc = 0.562500, train ppl = 1.410206
Step 3600: train_loss = 0.665598, train_acc = 0.531250, train ppl = 1.394867
==== Finshed epoch 13 ====
Evaluating model...
Epoch 13: validation accuracy = 0.622000 -- validation perplexity = 1.346113
Epoch 13: test accuracy: 0.612000
---- Qualitative Analysis
Context: is the blue square to the right of the pink rectangle ? the pink rectangle is to the left of the red square . the red square is to the left of the blue square . is the blue square to the right of the pink rectangle ?
Question: is the blue square to the right of the pink rectangle ?
Answer: yes </s>
Model prediction: yes </s>
=========================
Step 3700: train_loss = 0.642039, train_acc = 0.656250, train ppl = 1.378533
Step 3800: train_loss = 0.574102, train_acc = 0.718750, train ppl = 1.332492
Step 3900: train_loss = 0.481640, train_acc = 0.718750, train ppl = 1.272292
==== Finshed epoch 14 ====
Evaluating model...
Epoch 14: validation accuracy = 0.592000 -- validation perplexity = 1.348728
Epoch 14: test accuracy: 0.602000
---- Qualitative Analysis
Context: is the pink rectangle to the right of the red sphere ? the yellow square is to the right of the pink rectangle . the red sphere is below the yellow square . is the pink rectangle to the right of the red sphere ?
Question: is the pink rectangle to the right of the red sphere ?
Answer: no </s>
Model prediction: yes </s>
=========================
Step 4000: train_loss = 0.568536, train_acc = 0.656250, train ppl = 1.328789
Step 4100: train_loss = 0.585616, train_acc = 0.625000, train ppl = 1.340186
Step 4200: train_loss = 0.545630, train_acc = 0.750000, train ppl = 1.313657
==== Finshed epoch 15 ====
Evaluating model...
Epoch 15: validation accuracy = 0.621000 -- validation perplexity = 1.347948
Epoch 15: test accuracy: 0.599000
---- Qualitative Analysis
Context: is the red sphere above the red square ? the blue square is to the right of the red sphere . the blue square is to the left of the red square . is the red sphere above the red square ?
Question: is the red sphere above the red square ?
Answer: no </s>
Model prediction: no </s>
=========================
Step 4300: train_loss = 0.529245, train_acc = 0.687500, train ppl = 1.302939
Step 4400: train_loss = 0.700311, train_acc = 0.500000, train ppl = 1.419288
Step 4500: train_loss = 0.703755, train_acc = 0.500000, train ppl = 1.421735
==== Finshed epoch 16 ====
Evaluating model...
Epoch 16: validation accuracy = 0.592000 -- validation perplexity = 1.404923
Epoch 16: test accuracy: 0.589000
---- Qualitative Analysis
Context: is the blue square to the right of the triangle ? the yellow square is above the blue square . the yellow square is to the left of the triangle . is the blue square to the right of the triangle ?
Question: is the blue square to the right of the triangle ?
Answer: no </s>
Model prediction: no </s>
=========================
Step 4600: train_loss = 0.664397, train_acc = 0.531250, train ppl = 1.394029
Step 4700: train_loss = 0.722126, train_acc = 0.500000, train ppl = 1.434854
==== Finshed epoch 17 ====
Evaluating model...
Epoch 17: validation accuracy = 0.608000 -- validation perplexity = 1.408850
Epoch 17: test accuracy: 0.599000
---- Qualitative Analysis
Context: is the blue square above the red sphere ? the blue square is above the pink rectangle . the pink rectangle is above the red sphere . is the blue square above the red sphere ?
Question: is the blue square above the red sphere ?
Answer: yes </s>
Model prediction: yes </s>
=========================
Step 4800: train_loss = 0.690772, train_acc = 0.593750, train ppl = 1.412535
Step 4900: train_loss = 0.715126, train_acc = 0.500000, train ppl = 1.429841
Step 5000: train_loss = 0.668644, train_acc = 0.531250, train ppl = 1.396993
==== Finshed epoch 18 ====
Evaluating model...
Epoch 18: validation accuracy = 0.560000 -- validation perplexity = 1.401676
Epoch 18: test accuracy: 0.572000
---- Qualitative Analysis
Context: is the triangle to the right of the red sphere ? the red sphere is above the yellow square . the triangle is to the left of the yellow square . is the triangle to the right of the red sphere ?
Question: is the triangle to the right of the red sphere ?
Answer: no </s>
Model prediction: yes </s>
=========================
Step 5100: train_loss = 0.544188, train_acc = 0.781250, train ppl = 1.312711
Step 5200: train_loss = 0.577046, train_acc = 0.656250, train ppl = 1.334455
Step 5300: train_loss = 0.709207, train_acc = 0.500000, train ppl = 1.425615
==== Finshed epoch 19 ====
Evaluating model...
Epoch 19: validation accuracy = 0.604000 -- validation perplexity = 1.384285
Epoch 19: test accuracy: 0.601000
---- Qualitative Analysis
Context: is the yellow square to the right of the blue square ? the red sphere is above the blue square . the red sphere is to the right of the yellow square . is the yellow square to the right of the blue square ?
Question: is the yellow square to the right of the blue square ?
Answer: no </s>
Model prediction: no </s>
=========================
Step 5400: train_loss = 0.753603, train_acc = 0.468750, train ppl = 1.457615
Step 5500: train_loss = 0.687615, train_acc = 0.593750, train ppl = 1.410307
Step 5600: train_loss = 0.625093, train_acc = 0.656250, train ppl = 1.366902
==== Finshed epoch 20 ====
Evaluating model...
Epoch 20: validation accuracy = 0.605000 -- validation perplexity = 1.388183
Epoch 20: test accuracy: 0.601000
---- Qualitative Analysis
Context: is the triangle to the right of the pink rectangle ? the blue square is above the pink rectangle . the triangle is to the left of the blue square . is the triangle to the right of the pink rectangle ?
Question: is the triangle to the right of the pink rectangle ?
Answer: no </s>
Model prediction: no </s>
=========================
Step 5700: train_loss = 0.776935, train_acc = 0.437500, train ppl = 1.474719
Step 5800: train_loss = 0.719064, train_acc = 0.531250, train ppl = 1.432659
Step 5900: train_loss = 0.684369, train_acc = 0.562500, train ppl = 1.408020
==== Finshed epoch 21 ====
Evaluating model...
Epoch 21: validation accuracy = 0.608000 -- validation perplexity = 1.375440
Epoch 21: test accuracy: 0.597000
---- Qualitative Analysis
Context: is the red sphere above the yellow square ? the pink rectangle is above the red sphere . the pink rectangle is to the right of the yellow square . is the red sphere above the yellow square ?
Question: is the red sphere above the yellow square ?
Answer: no </s>
Model prediction: no </s>
=========================
Step 6000: train_loss = 0.613428, train_acc = 0.656250, train ppl = 1.358952
Step 6100: train_loss = 0.657741, train_acc = 0.625000, train ppl = 1.389398
Step 6200: train_loss = 0.589327, train_acc = 0.625000, train ppl = 1.342674
==== Finshed epoch 22 ====
Evaluating model...
Epoch 22: validation accuracy = 0.587000 -- validation perplexity = 1.389733
Epoch 22: test accuracy: 0.589000
---- Qualitative Analysis
Context: is the blue square to the right of the pink rectangle ? the pink rectangle is to the left of the red square . the red square is to the left of the blue square . is the blue square to the right of the pink rectangle ?
Question: is the blue square to the right of the pink rectangle ?
Answer: yes </s>
Model prediction: yes </s>
=========================
Step 6300: train_loss = 0.632085, train_acc = 0.562500, train ppl = 1.371688
Step 6400: train_loss = 0.521555, train_acc = 0.750000, train ppl = 1.297939
==== Finshed epoch 23 ====
Evaluating model...
Epoch 23: validation accuracy = 0.591000 -- validation perplexity = 1.394128
Epoch 23: test accuracy: 0.620000
---- Qualitative Analysis
Context: is the pink rectangle above the red sphere ? the blue square is to the left of the red sphere . the blue square is to the right of the pink rectangle . is the pink rectangle above the red sphere ?
Question: is the pink rectangle above the red sphere ?
Answer: no </s>
Model prediction: no </s>
=========================
Step 6500: train_loss = 0.594306, train_acc = 0.656250, train ppl = 1.346021
Step 6600: train_loss = 0.761327, train_acc = 0.500000, train ppl = 1.463255
Step 6700: train_loss = 0.651233, train_acc = 0.625000, train ppl = 1.384884
==== Finshed epoch 24 ====
Evaluating model...
Epoch 24: validation accuracy = 0.594000 -- validation perplexity = 1.380323
Epoch 24: test accuracy: 0.622000
---- Qualitative Analysis
Context: is the triangle above the blue square ? the yellow square is above the blue square . the yellow square is to the left of the triangle . is the triangle above the blue square ?
Question: is the triangle above the blue square ?
Answer: yes </s>
Model prediction: yes </s>
=========================
Step 6800: train_loss = 0.666640, train_acc = 0.562500, train ppl = 1.395594
Step 6900: train_loss = 0.691534, train_acc = 0.500000, train ppl = 1.413073
Step 7000: train_loss = 0.624735, train_acc = 0.656250, train ppl = 1.366657
==== Finshed epoch 25 ====
Evaluating model...
Epoch 25: validation accuracy = 0.607000 -- validation perplexity = 1.381034
Epoch 25: test accuracy: 0.587000
---- Qualitative Analysis
Context: is the triangle below the red square ? the blue square is to the left of the triangle . the blue square is below the red square . is the triangle below the red square ?
Question: is the triangle below the red square ?
Answer: yes </s>
Model prediction: no </s>
=========================
Step 7100: train_loss = 0.538820, train_acc = 0.687500, train ppl = 1.309192
Step 7200: train_loss = 0.529019, train_acc = 0.812500, train ppl = 1.302791
Step 7300: train_loss = 0.697627, train_acc = 0.531250, train ppl = 1.417385
==== Finshed epoch 26 ====
Evaluating model...
Epoch 26: validation accuracy = 0.591000 -- validation perplexity = 1.378654
Epoch 26: test accuracy: 0.591000
---- Qualitative Analysis
Context: is the red square to the left of the yellow square ? the triangle is to the left of the yellow square . the red square is to the left of the triangle . is the red square to the left of the yellow square ?
Question: is the red square to the left of the yellow square ?
Answer: yes </s>
Model prediction: yes </s>
=========================
Step 7400: train_loss = 0.613395, train_acc = 0.718750, train ppl = 1.358930
Step 7500: train_loss = 0.638698, train_acc = 0.562500, train ppl = 1.376232
Step 7600: train_loss = 0.637484, train_acc = 0.656250, train ppl = 1.375396
==== Finshed epoch 27 ====
Evaluating model...
Epoch 27: validation accuracy = 0.602000 -- validation perplexity = 1.365267
Epoch 27: test accuracy: 0.597000
---- Qualitative Analysis
Context: is the red sphere to the left of the pink rectangle ? the yellow square is to the right of the pink rectangle . the red sphere is below the yellow square . is the red sphere to the left of the pink rectangle ?
Question: is the red sphere to the left of the pink rectangle ?
Answer: no </s>
Model prediction: no </s>
=========================
Step 7700: train_loss = 0.595784, train_acc = 0.593750, train ppl = 1.347016
Step 7800: train_loss = 0.649033, train_acc = 0.656250, train ppl = 1.383362
==== Finshed epoch 28 ====
Evaluating model...
Epoch 28: validation accuracy = 0.613000 -- validation perplexity = 1.378822
Epoch 28: test accuracy: 0.637000
---- Qualitative Analysis
Context: is the red square to the right of the blue square ? the triangle is to the left of the red square . the triangle is below the blue square . is the red square to the right of the blue square ?
Question: is the red square to the right of the blue square ?
Answer: yes </s>
Model prediction: no </s>
=========================
Step 7900: train_loss = 0.652977, train_acc = 0.593750, train ppl = 1.386092
Step 8000: train_loss = 0.657656, train_acc = 0.593750, train ppl = 1.389339
Step 8100: train_loss = 0.567497, train_acc = 0.531250, train ppl = 1.328099
==== Finshed epoch 29 ====
Evaluating model...
Epoch 29: validation accuracy = 0.602000 -- validation perplexity = 1.360268
Epoch 29: test accuracy: 0.623000
---- Qualitative Analysis
Context: is the triangle above the yellow square ? the triangle is above the blue square . the blue square is above the yellow square . is the triangle above the yellow square ?
Question: is the triangle above the yellow square ?
Answer: yes </s>
Model prediction: yes </s>
=========================
Step 8200: train_loss = 0.781378, train_acc = 0.531250, train ppl = 1.477999
Step 8300: train_loss = 0.686618, train_acc = 0.531250, train ppl = 1.409604
Step 8400: train_loss = 0.618029, train_acc = 0.593750, train ppl = 1.362082
==== Finshed epoch 30 ====
Evaluating model...
Epoch 30: validation accuracy = 0.603000 -- validation perplexity = 1.362633
Epoch 30: test accuracy: 0.627000
---- Qualitative Analysis
Context: is the yellow square to the left of the pink rectangle ? the yellow square is above the triangle . the pink rectangle is below the triangle . is the yellow square to the left of the pink rectangle ?
Question: is the yellow square to the left of the pink rectangle ?
Answer: no </s>
Model prediction: no </s>
=========================
Step 8500: train_loss = 0.666028, train_acc = 0.593750, train ppl = 1.395167
Step 8600: train_loss = 0.574072, train_acc = 0.718750, train ppl = 1.332472
Step 8700: train_loss = 0.562305, train_acc = 0.687500, train ppl = 1.324656
==== Finshed epoch 31 ====
Evaluating model...
Epoch 31: validation accuracy = 0.592000 -- validation perplexity = 1.352160
Epoch 31: test accuracy: 0.603000
---- Qualitative Analysis
Context: is the red sphere to the left of the blue square ? the triangle is to the right of the red sphere . the triangle is above the blue square . is the red sphere to the left of the blue square ?
Question: is the red sphere to the left of the blue square ?
Answer: yes </s>
Model prediction: yes </s>
=========================
Step 8800: train_loss = 0.638839, train_acc = 0.562500, train ppl = 1.376329
Step 8900: train_loss = 0.634908, train_acc = 0.593750, train ppl = 1.373626
Step 9000: train_loss = 0.585885, train_acc = 0.625000, train ppl = 1.340366
==== Finshed epoch 32 ====
Evaluating model...
Epoch 32: validation accuracy = 0.580000 -- validation perplexity = 1.352326
Epoch 32: test accuracy: 0.595000
---- Qualitative Analysis
Context: is the blue square below the red sphere ? the red square is to the right of the red sphere . the red square is to the left of the blue square . is the blue square below the red sphere ?
Question: is the blue square below the red sphere ?
Answer: no </s>
Model prediction: no </s>
=========================
Step 9100: train_loss = 0.576979, train_acc = 0.593750, train ppl = 1.334410
Step 9200: train_loss = 0.548707, train_acc = 0.750000, train ppl = 1.315680
Step 9300: train_loss = 0.651998, train_acc = 0.625000, train ppl = 1.385414
==== Finshed epoch 33 ====
Evaluating model...
Epoch 33: validation accuracy = 0.601000 -- validation perplexity = 1.363101
Epoch 33: test accuracy: 0.593000
---- Qualitative Analysis
Context: is the blue square below the red square ? the yellow square is to the left of the blue square . the red square is below the yellow square . is the blue square below the red square ?
Question: is the blue square below the red square ?
Answer: no </s>
Model prediction: no </s>
=========================
Step 9400: train_loss = 0.589414, train_acc = 0.593750, train ppl = 1.342733
Step 9500: train_loss = 0.568404, train_acc = 0.625000, train ppl = 1.328701
==== Finshed epoch 34 ====
Evaluating model...
Epoch 34: validation accuracy = 0.594000 -- validation perplexity = 1.351313
Epoch 34: test accuracy: 0.589000
---- Qualitative Analysis
Context: is the red sphere to the right of the red square ? the yellow square is below the red square . the yellow square is to the left of the red sphere . is the red sphere to the right of the red square ?
Question: is the red sphere to the right of the red square ?
Answer: yes </s>
Model prediction: no </s>
=========================
Step 9600: train_loss = 0.636431, train_acc = 0.562500, train ppl = 1.374672
Step 9700: train_loss = 0.545669, train_acc = 0.656250, train ppl = 1.313683
Step 9800: train_loss = 0.512282, train_acc = 0.687500, train ppl = 1.291935
==== Finshed epoch 35 ====
Evaluating model...
Epoch 35: validation accuracy = 0.588000 -- validation perplexity = 1.355307
Epoch 35: test accuracy: 0.584000
---- Qualitative Analysis
Context: is the yellow square below the pink rectangle ? the yellow square is above the triangle . the pink rectangle is below the triangle . is the yellow square below the pink rectangle ?
Question: is the yellow square below the pink rectangle ?
Answer: no </s>
Model prediction: yes </s>
=========================
Step 9900: train_loss = 0.609558, train_acc = 0.656250, train ppl = 1.356325
Step 10000: train_loss = 0.612338, train_acc = 0.625000, train ppl = 1.358212
Step 10100: train_loss = 0.558827, train_acc = 0.687500, train ppl = 1.322354
==== Finshed epoch 36 ====
Evaluating model...
Epoch 36: validation accuracy = 0.610000 -- validation perplexity = 1.348318
Epoch 36: test accuracy: 0.615000
---- Qualitative Analysis
Context: is the yellow square to the right of the red sphere ? the red square is to the left of the yellow square . the red square is to the right of the red sphere . is the yellow square to the right of the red sphere ?
Question: is the yellow square to the right of the red sphere ?
Answer: yes </s>
Model prediction: yes </s>
=========================
Step 10200: train_loss = 0.580205, train_acc = 0.625000, train ppl = 1.336564
Step 10300: train_loss = 0.623603, train_acc = 0.625000, train ppl = 1.365884
Step 10400: train_loss = 0.723786, train_acc = 0.375000, train ppl = 1.436045
==== Finshed epoch 37 ====
Evaluating model...
Epoch 37: validation accuracy = 0.610000 -- validation perplexity = 1.355221
Epoch 37: test accuracy: 0.613000
---- Qualitative Analysis
Context: is the yellow square to the right of the red sphere ? the red square is to the left of the yellow square . the red square is to the right of the red sphere . is the yellow square to the right of the red sphere ?
Question: is the yellow square to the right of the red sphere ?
Answer: yes </s>
Model prediction: yes </s>
=========================
Step 10500: train_loss = 0.497440, train_acc = 0.687500, train ppl = 1.282383
Step 10600: train_loss = 0.599250, train_acc = 0.562500, train ppl = 1.349353
Step 10700: train_loss = 0.517674, train_acc = 0.781250, train ppl = 1.295422
==== Finshed epoch 38 ====
Evaluating model...
Epoch 38: validation accuracy = 0.601000 -- validation perplexity = 1.350284
Epoch 38: test accuracy: 0.607000
---- Qualitative Analysis
Context: is the red square above the yellow square ? the red square is above the blue square . the blue square is to the left of the yellow square . is the red square above the yellow square ?
Question: is the red square above the yellow square ?
Answer: yes </s>
Model prediction: no </s>
=========================
Step 10800: train_loss = 0.539919, train_acc = 0.656250, train ppl = 1.309911
Step 10900: train_loss = 0.616945, train_acc = 0.656250, train ppl = 1.361344
==== Finshed epoch 39 ====
Evaluating model...
Epoch 39: validation accuracy = 0.609000 -- validation perplexity = 1.363644
Epoch 39: test accuracy: 0.622000
---- Qualitative Analysis
Context: is the blue square below the triangle ? the pink rectangle is to the left of the blue square . the pink rectangle is below the triangle . is the blue square below the triangle ?
Question: is the blue square below the triangle ?
Answer: yes </s>
Model prediction: yes </s>
=========================
Step 11000: train_loss = 0.538781, train_acc = 0.625000, train ppl = 1.309166
Step 11100: train_loss = 0.570066, train_acc = 0.656250, train ppl = 1.329806
Step 11200: train_loss = 0.615616, train_acc = 0.687500, train ppl = 1.360440
==== Finshed epoch 40 ====
Evaluating model...
Epoch 40: validation accuracy = 0.605000 -- validation perplexity = 1.354099
Epoch 40: test accuracy: 0.623000
---- Qualitative Analysis
Context: is the triangle above the pink rectangle ? the triangle is above the red square . the red square is above the pink rectangle . is the triangle above the pink rectangle ?
Question: is the triangle above the pink rectangle ?
Answer: yes </s>
Model prediction: yes </s>
=========================
Step 11300: train_loss = 0.520509, train_acc = 0.656250, train ppl = 1.297260
Step 11400: train_loss = 0.499548, train_acc = 0.687500, train ppl = 1.283735
Step 11500: train_loss = 0.528947, train_acc = 0.718750, train ppl = 1.302745
==== Finshed epoch 41 ====
Evaluating model...
Epoch 41: validation accuracy = 0.605000 -- validation perplexity = 1.369344
Epoch 41: test accuracy: 0.597000
---- Qualitative Analysis
Context: is the pink rectangle below the red square ? the pink rectangle is below the blue square . the red square is above the blue square . is the pink rectangle below the red square ?
Question: is the pink rectangle below the red square ?
Answer: yes </s>
Model prediction: yes </s>
=========================
Step 11600: train_loss = 0.543679, train_acc = 0.687500, train ppl = 1.312376
Step 11700: train_loss = 0.578466, train_acc = 0.625000, train ppl = 1.335403
Step 11800: train_loss = 0.613472, train_acc = 0.531250, train ppl = 1.358982
==== Finshed epoch 42 ====
Evaluating model...
Epoch 42: validation accuracy = 0.606000 -- validation perplexity = 1.352663
Epoch 42: test accuracy: 0.620000
---- Qualitative Analysis
Context: is the pink rectangle above the yellow square ? the red sphere is to the right of the yellow square . the red sphere is above the pink rectangle . is the pink rectangle above the yellow square ?
Question: is the pink rectangle above the yellow square ?
Answer: no </s>
Model prediction: yes </s>
=========================
Step 11900: train_loss = 0.594892, train_acc = 0.656250, train ppl = 1.346415
Step 12000: train_loss = 0.769851, train_acc = 0.468750, train ppl = 1.469505
Step 12100: train_loss = 0.611932, train_acc = 0.718750, train ppl = 1.357936
==== Finshed epoch 43 ====
Evaluating model...
Epoch 43: validation accuracy = 0.609000 -- validation perplexity = 1.352190
Epoch 43: test accuracy: 0.618000
---- Qualitative Analysis
Context: is the red square above the triangle ? the pink rectangle is below the red square . the triangle is to the left of the pink rectangle . is the red square above the triangle ?
Question: is the red square above the triangle ?
Answer: yes </s>
Model prediction: yes </s>
=========================
Step 12200: train_loss = 0.572261, train_acc = 0.656250, train ppl = 1.331266
Step 12300: train_loss = 0.587325, train_acc = 0.562500, train ppl = 1.341331
Step 12400: train_loss = 0.612143, train_acc = 0.593750, train ppl = 1.358079
==== Finshed epoch 44 ====
Evaluating model...
Epoch 44: validation accuracy = 0.609000 -- validation perplexity = 1.361447
Epoch 44: test accuracy: 0.619000
---- Qualitative Analysis
Context: is the yellow square to the left of the blue square ? the yellow square is to the right of the red sphere . the red sphere is above the blue square . is the yellow square to the left of the blue square ?
Question: is the yellow square to the left of the blue square ?
Answer: no </s>
Model prediction: yes </s>
=========================
Step 12500: train_loss = 0.680354, train_acc = 0.500000, train ppl = 1.405196
Step 12600: train_loss = 0.650888, train_acc = 0.593750, train ppl = 1.384645
==== Finshed epoch 45 ====
Evaluating model...
Epoch 45: validation accuracy = 0.606000 -- validation perplexity = 1.348905
Epoch 45: test accuracy: 0.597000
---- Qualitative Analysis
Context: is the yellow square to the left of the blue square ? the blue square is above the pink rectangle . the yellow square is to the right of the pink rectangle . is the yellow square to the left of the blue square ?
Question: is the yellow square to the left of the blue square ?
Answer: no </s>
Model prediction: no </s>
=========================
Step 12700: train_loss = 0.582722, train_acc = 0.562500, train ppl = 1.338247
Step 12800: train_loss = 0.543854, train_acc = 0.656250, train ppl = 1.312491
Step 12900: train_loss = 0.582531, train_acc = 0.625000, train ppl = 1.338120
==== Finshed epoch 46 ====
Evaluating model...
Epoch 46: validation accuracy = 0.591000 -- validation perplexity = 1.355995
Epoch 46: test accuracy: 0.615000
---- Qualitative Analysis
Context: is the red sphere to the right of the pink rectangle ? the pink rectangle is to the right of the blue square . the red sphere is below the blue square . is the red sphere to the right of the pink rectangle ?
Question: is the red sphere to the right of the pink rectangle ?
Answer: no </s>
Model prediction: no </s>
=========================
Step 13000: train_loss = 0.739891, train_acc = 0.562500, train ppl = 1.447656
Step 13100: train_loss = 0.733201, train_acc = 0.437500, train ppl = 1.442822
Step 13200: train_loss = 0.561263, train_acc = 0.656250, train ppl = 1.323966
==== Finshed epoch 47 ====
Evaluating model...
Epoch 47: validation accuracy = 0.609000 -- validation perplexity = 1.352473
Epoch 47: test accuracy: 0.591000
---- Qualitative Analysis
Context: is the red square below the pink rectangle ? the red square is below the yellow square . the pink rectangle is above the yellow square . is the red square below the pink rectangle ?
Question: is the red square below the pink rectangle ?
Answer: yes </s>
Model prediction: yes </s>
=========================
Step 13300: train_loss = 0.710831, train_acc = 0.531250, train ppl = 1.426773
Step 13400: train_loss = 0.575501, train_acc = 0.687500, train ppl = 1.333425
Step 13500: train_loss = 0.585242, train_acc = 0.687500, train ppl = 1.339935
==== Finshed epoch 48 ====
Evaluating model...
Epoch 48: validation accuracy = 0.613000 -- validation perplexity = 1.355030
Epoch 48: test accuracy: 0.618000
---- Qualitative Analysis
Context: is the yellow square to the left of the red square ? the red sphere is above the yellow square . the red sphere is to the right of the red square . is the yellow square to the left of the red square ?
Question: is the yellow square to the left of the red square ?
Answer: no </s>
Model prediction: yes </s>
=========================
Step 13600: train_loss = 0.664875, train_acc = 0.625000, train ppl = 1.394362
Step 13700: train_loss = 0.594187, train_acc = 0.593750, train ppl = 1.345941
Step 13800: train_loss = 0.530596, train_acc = 0.562500, train ppl = 1.303820
==== Finshed epoch 49 ====
Evaluating model...
Epoch 49: validation accuracy = 0.600000 -- validation perplexity = 1.347026
Epoch 49: test accuracy: 0.617000
---- Qualitative Analysis
Context: is the pink rectangle below the triangle ? the yellow square is to the left of the triangle . the yellow square is above the pink rectangle . is the pink rectangle below the triangle ?
Question: is the pink rectangle below the triangle ?
Answer: yes </s>
Model prediction: no </s>
=========================
Step 13900: train_loss = 0.541996, train_acc = 0.593750, train ppl = 1.311273
Step 14000: train_loss = 0.601267, train_acc = 0.531250, train ppl = 1.350714
Step 14100: train_loss = 0.588703, train_acc = 0.625000, train ppl = 1.342255
==== Finshed epoch 50 ====
Evaluating model...
Epoch 50: validation accuracy = 0.595000 -- validation perplexity = 1.349169
Epoch 50: test accuracy: 0.610000
---- Qualitative Analysis
Context: is the triangle to the left of the red sphere ? the pink rectangle is above the red sphere . the pink rectangle is to the left of the triangle . is the triangle to the left of the red sphere ?
Question: is the triangle to the left of the red sphere ?
Answer: no </s>
Model prediction: no </s>
=========================
Best model (acc) at epoch 3 -- validation perplexity = 1.352683 -- validation accuracy = 0.628000 -- test accuracy = 0.619000
0.628
