task:                     17
num_units:                256
cell_type:                gru
data_dir:                 data/en-10k
encoder_type:             bi
num_enc_layers:           1
model_dir:                models/dummy
embedding_size:           256
dropout_keep_prob:        0.7
max_gradient_norm:        1.0
val_split:                0.1
model_type:               normal
optimizer:                adam
batch_size:               16
vocab:                    data/vocab.txt
learning_rate:            0.01
num_epochs:               50
restore_from_dir:         None
merge_mode:               concat
Loading data...
vocabulary size = 487
Building model...
Running initializers...
Creating summary writers...
Performing evaluation before training...
---- Qualitative Analysis
Context: is the pink rectangle to the right of the red square ? the triangle is below the pink rectangle . the triangle is to the left of the red square . is the pink rectangle to the right of the red square ?
Question: is the pink rectangle to the right of the red square ?
Answer: no </s>
Model prediction: 254 205 yellow white white 10 262 153 153 315
=========================
Step 100: train_loss = 0.728190, train_acc = 0.500000, train ppl = 1.439211
Step 200: train_loss = 1.111041, train_acc = 0.437500, train ppl = 1.742848
Step 300: train_loss = 2.727250, train_acc = 0.312500, train ppl = 3.910342
Step 400: train_loss = 0.500899, train_acc = 0.812500, train ppl = 1.284603
Step 500: train_loss = 3.932109, train_acc = 0.250000, train ppl = 7.142442
==== Finshed epoch 1 ====
Evaluating model...
Epoch 1: validation accuracy = 0.503000 -- validation perplexity = 1.661234
Epoch 1: test accuracy: 0.520000
---- Qualitative Analysis
Context: is the red square above the pink rectangle ? the red sphere is below the red square . the pink rectangle is to the left of the red sphere . is the red square above the pink rectangle ?
Question: is the red square above the pink rectangle ?
Answer: yes </s>
Model prediction: yes </s>
=========================
Model checkpoint saved in models/dummy/best_model.ckpt
Step 600: train_loss = 0.633507, train_acc = 0.687500, train ppl = 1.372664
Step 700: train_loss = 1.113443, train_acc = 0.437500, train ppl = 1.744942
Step 800: train_loss = 0.867427, train_acc = 0.500000, train ppl = 1.542977
Step 900: train_loss = 1.752192, train_acc = 0.625000, train ppl = 2.401505
Step 1000: train_loss = 0.692449, train_acc = 0.625000, train ppl = 1.413720
Step 1100: train_loss = 0.872352, train_acc = 0.562500, train ppl = 1.546781
==== Finshed epoch 2 ====
Evaluating model...
Epoch 2: validation accuracy = 0.503000 -- validation perplexity = 1.486368
Epoch 2: test accuracy: 0.520000
---- Qualitative Analysis
Context: is the blue square below the triangle ? the yellow square is above the triangle . the yellow square is to the left of the blue square . is the blue square below the triangle ?
Question: is the blue square below the triangle ?
Answer: no </s>
Model prediction: yes </s>
=========================
Step 1200: train_loss = 0.664226, train_acc = 0.625000, train ppl = 1.393911
Step 1300: train_loss = 1.729761, train_acc = 0.437500, train ppl = 2.374722
Step 1400: train_loss = 0.687106, train_acc = 0.562500, train ppl = 1.409948
Step 1500: train_loss = 1.145091, train_acc = 0.437500, train ppl = 1.772774
Step 1600: train_loss = 1.204597, train_acc = 0.625000, train ppl = 1.826311
==== Finshed epoch 3 ====
Evaluating model...
Epoch 3: validation accuracy = 0.497000 -- validation perplexity = 1.687182
Epoch 3: test accuracy: 0.480000
---- Qualitative Analysis
Context: is the red square to the right of the red sphere ? the red sphere is to the left of the triangle . the triangle is to the left of the red square . is the red square to the right of the red sphere ?
Question: is the red square to the right of the red sphere ?
Answer: yes </s>
Model prediction: no </s>
=========================
Step 1700: train_loss = 1.760932, train_acc = 0.375000, train ppl = 2.412023
Step 1800: train_loss = 1.804748, train_acc = 0.437500, train ppl = 2.465449
Step 1900: train_loss = 0.924587, train_acc = 0.312500, train ppl = 1.587711
Step 2000: train_loss = 1.320164, train_acc = 0.562500, train ppl = 1.934951
Step 2100: train_loss = 1.215652, train_acc = 0.437500, train ppl = 1.836435
Step 2200: train_loss = 0.771447, train_acc = 0.437500, train ppl = 1.470678
==== Finshed epoch 4 ====
Evaluating model...
Epoch 4: validation accuracy = 0.503000 -- validation perplexity = 1.430843
Epoch 4: test accuracy: 0.520000
---- Qualitative Analysis
Context: is the blue square below the yellow square ? the red square is below the yellow square . the red square is above the blue square . is the blue square below the yellow square ?
Question: is the blue square below the yellow square ?
Answer: yes </s>
Model prediction: yes </s>
=========================
Step 2300: train_loss = 0.776789, train_acc = 0.625000, train ppl = 1.474612
Step 2400: train_loss = 0.756890, train_acc = 0.562500, train ppl = 1.460013
Step 2500: train_loss = 1.678928, train_acc = 0.312500, train ppl = 2.315126
Step 2600: train_loss = 0.924323, train_acc = 0.687500, train ppl = 1.587501
Step 2700: train_loss = 0.978191, train_acc = 0.375000, train ppl = 1.630841
Step 2800: train_loss = 0.802701, train_acc = 0.437500, train ppl = 1.493841
==== Finshed epoch 5 ====
Evaluating model...
Epoch 5: validation accuracy = 0.497000 -- validation perplexity = 1.426052
Epoch 5: test accuracy: 0.480000
---- Qualitative Analysis
Context: is the red square to the right of the blue square ? the yellow square is to the right of the blue square . the yellow square is below the red square . is the red square to the right of the blue square ?
Question: is the red square to the right of the blue square ?
Answer: yes </s>
Model prediction: no </s>
=========================
Step 2900: train_loss = 0.781744, train_acc = 0.500000, train ppl = 1.478269
Step 3000: train_loss = 3.574425, train_acc = 0.437500, train ppl = 5.972779
Step 3100: train_loss = 0.876387, train_acc = 0.375000, train ppl = 1.549905
Step 3200: train_loss = 1.389686, train_acc = 0.687500, train ppl = 2.003395
Step 3300: train_loss = 0.975571, train_acc = 0.687500, train ppl = 1.628705
==== Finshed epoch 6 ====
Evaluating model...
Epoch 6: validation accuracy = 0.497000 -- validation perplexity = 2.275774
Epoch 6: test accuracy: 0.480000
---- Qualitative Analysis
Context: is the red sphere to the left of the pink rectangle ? the yellow square is to the right of the pink rectangle . the red sphere is below the yellow square . is the red sphere to the left of the pink rectangle ?
Question: is the red sphere to the left of the pink rectangle ?
Answer: no </s>
Model prediction: no </s>
=========================
Step 3400: train_loss = 1.062897, train_acc = 0.375000, train ppl = 1.701395
Step 3500: train_loss = 1.221429, train_acc = 0.437500, train ppl = 1.841747
Step 3600: train_loss = 0.685279, train_acc = 0.562500, train ppl = 1.408661
Step 3700: train_loss = 1.234228, train_acc = 0.562500, train ppl = 1.853571
Step 3800: train_loss = 3.431863, train_acc = 0.375000, train ppl = 5.561854
Step 3900: train_loss = 0.752245, train_acc = 0.250000, train ppl = 1.456625
==== Finshed epoch 7 ====
Evaluating model...
Epoch 7: validation accuracy = 0.497000 -- validation perplexity = 1.621739
Epoch 7: test accuracy: 0.480000
---- Qualitative Analysis
Context: is the yellow square to the left of the triangle ? the yellow square is to the right of the blue square . the blue square is above the triangle . is the yellow square to the left of the triangle ?
Question: is the yellow square to the left of the triangle ?
Answer: no </s>
Model prediction: no </s>
=========================
Step 4000: train_loss = 0.812742, train_acc = 0.437500, train ppl = 1.501359
Step 4100: train_loss = 0.723714, train_acc = 0.500000, train ppl = 1.435993
Step 4200: train_loss = 1.061326, train_acc = 0.562500, train ppl = 1.700059
Step 4300: train_loss = 1.156444, train_acc = 0.500000, train ppl = 1.782866
Step 4400: train_loss = 0.738135, train_acc = 0.437500, train ppl = 1.446385
Step 4500: train_loss = 0.688606, train_acc = 0.625000, train ppl = 1.411006
==== Finshed epoch 8 ====
Evaluating model...
Epoch 8: validation accuracy = 0.497000 -- validation perplexity = 1.418205
Epoch 8: test accuracy: 0.480000
---- Qualitative Analysis
Context: is the red square to the left of the blue square ? the red square is to the left of the triangle . the triangle is to the left of the blue square . is the red square to the left of the blue square ?
Question: is the red square to the left of the blue square ?
Answer: yes </s>
Model prediction: no </s>
=========================
Step 4600: train_loss = 0.952161, train_acc = 0.375000, train ppl = 1.609753
Step 4700: train_loss = 1.126061, train_acc = 0.312500, train ppl = 1.755986
Step 4800: train_loss = 1.055048, train_acc = 0.375000, train ppl = 1.694731
Step 4900: train_loss = 0.888255, train_acc = 0.500000, train ppl = 1.559129
Step 5000: train_loss = 0.986961, train_acc = 0.437500, train ppl = 1.638007
==== Finshed epoch 9 ====
Evaluating model...
Epoch 9: validation accuracy = 0.472000 -- validation perplexity = 1.450359
Epoch 9: test accuracy: 0.536000
---- Qualitative Analysis
Context: is the red square below the triangle ? the red square is above the red sphere . the triangle is to the right of the red sphere . is the red square below the triangle ?
Question: is the red square below the triangle ?
Answer: no </s>
Model prediction: yes </s>
=========================
Step 5100: train_loss = 1.027144, train_acc = 0.687500, train ppl = 1.671250
Step 5200: train_loss = 1.422747, train_acc = 0.625000, train ppl = 2.036787
Step 5300: train_loss = 1.136703, train_acc = 0.437500, train ppl = 1.765354
Step 5400: train_loss = 4.057953, train_acc = 0.437500, train ppl = 7.606299
Step 5500: train_loss = 0.785867, train_acc = 0.500000, train ppl = 1.481320
Step 5600: train_loss = 0.725051, train_acc = 0.625000, train ppl = 1.436954
==== Finshed epoch 10 ====
Evaluating model...
Epoch 10: validation accuracy = 0.497000 -- validation perplexity = 1.523545
Epoch 10: test accuracy: 0.480000
---- Qualitative Analysis
Context: is the red sphere to the right of the pink rectangle ? the pink rectangle is to the right of the blue square . the red sphere is below the blue square . is the red sphere to the right of the pink rectangle ?
Question: is the red sphere to the right of the pink rectangle ?
Answer: no </s>
Model prediction: no </s>
=========================
Step 5700: train_loss = 2.760752, train_acc = 0.437500, train ppl = 3.976396
Step 5800: train_loss = 1.244882, train_acc = 0.562500, train ppl = 1.863471
Step 5900: train_loss = 1.377640, train_acc = 0.437500, train ppl = 1.991365
Step 6000: train_loss = 0.788479, train_acc = 0.687500, train ppl = 1.483256
Step 6100: train_loss = 2.549347, train_acc = 0.125000, train ppl = 3.577534
==== Finshed epoch 11 ====
Evaluating model...
Epoch 11: validation accuracy = 0.512000 -- validation perplexity = 1.585168
Epoch 11: test accuracy: 0.486000
---- Qualitative Analysis
Context: is the blue square to the right of the yellow square ? the yellow square is to the right of the red sphere . the red sphere is above the blue square . is the blue square to the right of the yellow square ?
Question: is the blue square to the right of the yellow square ?
Answer: no </s>
Model prediction: no </s>
=========================
Model checkpoint saved in models/dummy/best_model.ckpt
Step 6200: train_loss = 1.298684, train_acc = 0.437500, train ppl = 1.914281
Step 6300: train_loss = 1.574742, train_acc = 0.312500, train ppl = 2.197611
Step 6400: train_loss = 0.807139, train_acc = 0.625000, train ppl = 1.497160
Step 6500: train_loss = 0.989179, train_acc = 0.687500, train ppl = 1.639825
Step 6600: train_loss = 0.573496, train_acc = 0.750000, train ppl = 1.332088
Step 6700: train_loss = 1.158999, train_acc = 0.562500, train ppl = 1.785145
==== Finshed epoch 12 ====
Evaluating model...
Epoch 12: validation accuracy = 0.501000 -- validation perplexity = 1.653448
Epoch 12: test accuracy: 0.480000
---- Qualitative Analysis
Context: is the blue square to the right of the red square ? the pink rectangle is above the red square . the pink rectangle is to the right of the blue square . is the blue square to the right of the red square ?
Question: is the blue square to the right of the red square ?
Answer: no </s>
Model prediction: no </s>
=========================
Step 6800: train_loss = 1.586528, train_acc = 0.625000, train ppl = 2.210600
Step 6900: train_loss = 5.291779, train_acc = 0.437500, train ppl = 14.095978
Step 7000: train_loss = 0.831573, train_acc = 0.625000, train ppl = 1.515562
Step 7100: train_loss = 0.946979, train_acc = 0.625000, train ppl = 1.605587
Step 7200: train_loss = 1.639847, train_acc = 0.500000, train ppl = 2.270326
Step 7300: train_loss = 0.729611, train_acc = 0.437500, train ppl = 1.440234
==== Finshed epoch 13 ====
Evaluating model...
Epoch 13: validation accuracy = 0.497000 -- validation perplexity = 2.643601
Epoch 13: test accuracy: 0.480000
---- Qualitative Analysis
Context: is the blue square to the left of the red sphere ? the blue square is above the pink rectangle . the pink rectangle is to the left of the red sphere . is the blue square to the left of the red sphere ?
Question: is the blue square to the left of the red sphere ?
Answer: yes </s>
Model prediction: no </s>
=========================
Step 7400: train_loss = 1.412875, train_acc = 0.500000, train ppl = 2.026758
Step 7500: train_loss = 0.752182, train_acc = 0.437500, train ppl = 1.456580
Step 7600: train_loss = 0.721889, train_acc = 0.625000, train ppl = 1.434684
Step 7700: train_loss = 2.135036, train_acc = 0.500000, train ppl = 2.908153
Step 7800: train_loss = 2.364068, train_acc = 0.437500, train ppl = 3.261000
==== Finshed epoch 14 ====
Evaluating model...
Epoch 14: validation accuracy = 0.517000 -- validation perplexity = 1.511556
Epoch 14: test accuracy: 0.508000
---- Qualitative Analysis
Context: is the yellow square below the triangle ? the blue square is below the triangle . the blue square is above the yellow square . is the yellow square below the triangle ?
Question: is the yellow square below the triangle ?
Answer: yes </s>
Model prediction: yes </s>
=========================
Model checkpoint saved in models/dummy/best_model.ckpt
Step 7900: train_loss = 0.762352, train_acc = 0.625000, train ppl = 1.464005
Step 8000: train_loss = 0.765014, train_acc = 0.500000, train ppl = 1.465955
Step 8100: train_loss = 0.792960, train_acc = 0.500000, train ppl = 1.486583
Step 8200: train_loss = 0.633317, train_acc = 0.625000, train ppl = 1.372534
Step 8300: train_loss = 1.295877, train_acc = 0.562500, train ppl = 1.911596
Step 8400: train_loss = 1.447420, train_acc = 0.437500, train ppl = 2.062070
==== Finshed epoch 15 ====
Evaluating model...
Epoch 15: validation accuracy = 0.525000 -- validation perplexity = 1.466520
Epoch 15: test accuracy: 0.505000
---- Qualitative Analysis
Context: is the red square to the right of the yellow square ? the red square is to the right of the red sphere . the red sphere is to the right of the yellow square . is the red square to the right of the yellow square ?
Question: is the red square to the right of the yellow square ?
Answer: yes </s>
Model prediction: no </s>
=========================
Model checkpoint saved in models/dummy/best_model.ckpt
Step 8500: train_loss = 1.040712, train_acc = 0.562500, train ppl = 1.682626
Step 8600: train_loss = 1.459243, train_acc = 0.312500, train ppl = 2.074296
Step 8700: train_loss = 1.834767, train_acc = 0.250000, train ppl = 2.502734
Step 8800: train_loss = 1.009603, train_acc = 0.437500, train ppl = 1.656656
Step 8900: train_loss = 1.251336, train_acc = 0.437500, train ppl = 1.869494
Step 9000: train_loss = 3.397081, train_acc = 0.437500, train ppl = 5.465964
==== Finshed epoch 16 ====
Evaluating model...
Epoch 16: validation accuracy = 0.497000 -- validation perplexity = 2.370807
Epoch 16: test accuracy: 0.480000
---- Qualitative Analysis
Context: is the blue square to the right of the triangle ? the pink rectangle is to the left of the blue square . the pink rectangle is below the triangle . is the blue square to the right of the triangle ?
Question: is the blue square to the right of the triangle ?
Answer: yes </s>
Model prediction: no </s>
=========================
Step 9100: train_loss = 3.422591, train_acc = 0.437500, train ppl = 5.536128
Step 9200: train_loss = 0.899385, train_acc = 0.625000, train ppl = 1.567830
Step 9300: train_loss = 0.552567, train_acc = 0.625000, train ppl = 1.318222
Step 9400: train_loss = 2.756794, train_acc = 0.500000, train ppl = 3.968535
Step 9500: train_loss = 1.378819, train_acc = 0.250000, train ppl = 1.992538
==== Finshed epoch 17 ====
Evaluating model...
Epoch 17: validation accuracy = 0.495000 -- validation perplexity = 1.437628
Epoch 17: test accuracy: 0.525000
---- Qualitative Analysis
Context: is the red square to the left of the triangle ? the red square is above the red sphere . the triangle is to the right of the red sphere . is the red square to the left of the triangle ?
Question: is the red square to the left of the triangle ?
Answer: yes </s>
Model prediction: no </s>
=========================
Step 9600: train_loss = 2.429828, train_acc = 0.625000, train ppl = 3.370004
Step 9700: train_loss = 0.524981, train_acc = 0.687500, train ppl = 1.300164
Step 9800: train_loss = 1.675514, train_acc = 0.437500, train ppl = 2.311177
Step 9900: train_loss = 1.036809, train_acc = 0.312500, train ppl = 1.679346
Step 10000: train_loss = 0.746569, train_acc = 0.625000, train ppl = 1.452498
Step 10100: train_loss = 0.961030, train_acc = 0.562500, train ppl = 1.616907
==== Finshed epoch 18 ====
Evaluating model...
Epoch 18: validation accuracy = 0.497000 -- validation perplexity = 2.247149
Epoch 18: test accuracy: 0.480000
---- Qualitative Analysis
Context: is the yellow square to the left of the red square ? the red sphere is above the yellow square . the red sphere is to the right of the red square . is the yellow square to the left of the red square ?
Question: is the yellow square to the left of the red square ?
Answer: no </s>
Model prediction: no </s>
=========================
Step 10200: train_loss = 0.988567, train_acc = 0.437500, train ppl = 1.639323
Step 10300: train_loss = 0.878146, train_acc = 0.625000, train ppl = 1.551268
Step 10400: train_loss = 0.503180, train_acc = 0.750000, train ppl = 1.286069
Step 10500: train_loss = 1.459798, train_acc = 0.500000, train ppl = 2.074871
Step 10600: train_loss = 1.842911, train_acc = 0.250000, train ppl = 2.512945
==== Finshed epoch 19 ====
Evaluating model...
Epoch 19: validation accuracy = 0.513000 -- validation perplexity = 1.579502
Epoch 19: test accuracy: 0.514000
---- Qualitative Analysis
Context: is the red sphere above the triangle ? the red square is to the left of the triangle . the red square is below the red sphere . is the red sphere above the triangle ?
Question: is the red sphere above the triangle ?
Answer: yes </s>
Model prediction: yes </s>
=========================
Step 10700: train_loss = 1.040260, train_acc = 0.562500, train ppl = 1.682247
Step 10800: train_loss = 1.226177, train_acc = 0.437500, train ppl = 1.846124
Step 10900: train_loss = 0.846941, train_acc = 0.500000, train ppl = 1.527253
Step 11000: train_loss = 1.000603, train_acc = 0.500000, train ppl = 1.649219
Step 11100: train_loss = 1.534995, train_acc = 0.437500, train ppl = 2.154368
Step 11200: train_loss = 1.139215, train_acc = 0.562500, train ppl = 1.767573
==== Finshed epoch 20 ====
Evaluating model...
Epoch 20: validation accuracy = 0.503000 -- validation perplexity = 1.724305
Epoch 20: test accuracy: 0.520000
---- Qualitative Analysis
Context: is the red sphere to the left of the red square ? the blue square is to the left of the red square . the red sphere is to the left of the blue square . is the red sphere to the left of the red square ?
Question: is the red sphere to the left of the red square ?
Answer: yes </s>
Model prediction: yes </s>
=========================
Step 11300: train_loss = 1.356398, train_acc = 0.562500, train ppl = 1.970325
Step 11400: train_loss = 1.324129, train_acc = 0.437500, train ppl = 1.938791
Step 11500: train_loss = 0.975416, train_acc = 0.562500, train ppl = 1.628579
Step 11600: train_loss = 2.525848, train_acc = 0.437500, train ppl = 3.535745
Step 11700: train_loss = 1.105430, train_acc = 0.437500, train ppl = 1.737965
Step 11800: train_loss = 1.602087, train_acc = 0.562500, train ppl = 2.227864
==== Finshed epoch 21 ====
Evaluating model...
Epoch 21: validation accuracy = 0.503000 -- validation perplexity = 2.889387
Epoch 21: test accuracy: 0.520000
---- Qualitative Analysis
Context: is the triangle above the pink rectangle ? the red square is below the triangle . the pink rectangle is to the left of the red square . is the triangle above the pink rectangle ?
Question: is the triangle above the pink rectangle ?
Answer: yes </s>
Model prediction: yes </s>
=========================
Step 11900: train_loss = 0.892339, train_acc = 0.750000, train ppl = 1.562316
Step 12000: train_loss = 2.310392, train_acc = 0.500000, train ppl = 3.174645
Step 12100: train_loss = 2.901957, train_acc = 0.500000, train ppl = 4.267288
Step 12200: train_loss = 0.802550, train_acc = 0.687500, train ppl = 1.493728
Step 12300: train_loss = 0.779437, train_acc = 0.437500, train ppl = 1.476565
==== Finshed epoch 22 ====
Evaluating model...
Epoch 22: validation accuracy = 0.497000 -- validation perplexity = 2.029556
Epoch 22: test accuracy: 0.480000
---- Qualitative Analysis
Context: is the pink rectangle below the yellow square ? the yellow square is above the triangle . the pink rectangle is below the triangle . is the pink rectangle below the yellow square ?
Question: is the pink rectangle below the yellow square ?
Answer: yes </s>
Model prediction: no </s>
=========================
Step 12400: train_loss = 2.841377, train_acc = 0.312500, train ppl = 4.139969
Step 12500: train_loss = 0.649987, train_acc = 0.750000, train ppl = 1.384022
Step 12600: train_loss = 1.003346, train_acc = 0.625000, train ppl = 1.651482
Step 12700: train_loss = 0.809620, train_acc = 0.500000, train ppl = 1.499017
Step 12800: train_loss = 1.954072, train_acc = 0.562500, train ppl = 2.656571
Step 12900: train_loss = 1.204820, train_acc = 0.750000, train ppl = 1.826516
==== Finshed epoch 23 ====
Evaluating model...
Epoch 23: validation accuracy = 0.503000 -- validation perplexity = 3.368485
Epoch 23: test accuracy: 0.520000
---- Qualitative Analysis
Context: is the red sphere to the left of the triangle ? the red square is above the triangle . the red square is below the red sphere . is the red sphere to the left of the triangle ?
Question: is the red sphere to the left of the triangle ?
Answer: no </s>
Model prediction: yes </s>
=========================
Step 13000: train_loss = 0.692878, train_acc = 0.562500, train ppl = 1.414023
Step 13100: train_loss = 1.162578, train_acc = 0.562500, train ppl = 1.788342
Step 13200: train_loss = 0.647253, train_acc = 0.750000, train ppl = 1.382131
Step 13300: train_loss = 1.274113, train_acc = 0.500000, train ppl = 1.890907
Step 13400: train_loss = 0.646328, train_acc = 0.687500, train ppl = 1.381492
Step 13500: train_loss = 1.358057, train_acc = 0.437500, train ppl = 1.971961
==== Finshed epoch 24 ====
Evaluating model...
Epoch 24: validation accuracy = 0.503000 -- validation perplexity = 3.721433
Epoch 24: test accuracy: 0.520000
---- Qualitative Analysis
Context: is the blue square to the left of the pink rectangle ? the red square is below the blue square . the red square is to the left of the pink rectangle . is the blue square to the left of the pink rectangle ?
Question: is the blue square to the left of the pink rectangle ?
Answer: yes </s>
Model prediction: yes </s>
=========================
Step 13600: train_loss = 1.211885, train_acc = 0.437500, train ppl = 1.832979
Step 13700: train_loss = 1.345312, train_acc = 0.687500, train ppl = 1.959434
Step 13800: train_loss = 0.715147, train_acc = 0.500000, train ppl = 1.429856
Step 13900: train_loss = 1.770561, train_acc = 0.375000, train ppl = 2.423664
Step 14000: train_loss = 0.673030, train_acc = 0.625000, train ppl = 1.400060
==== Finshed epoch 25 ====
Evaluating model...
Epoch 25: validation accuracy = 0.503000 -- validation perplexity = 1.917576
Epoch 25: test accuracy: 0.520000
---- Qualitative Analysis
Context: is the pink rectangle below the triangle ? the triangle is above the red square . the red square is above the pink rectangle . is the pink rectangle below the triangle ?
Question: is the pink rectangle below the triangle ?
Answer: yes </s>
Model prediction: yes </s>
=========================
Step 14100: train_loss = 1.305847, train_acc = 0.500000, train ppl = 1.921149
Step 14200: train_loss = 0.782194, train_acc = 0.500000, train ppl = 1.478602
Step 14300: train_loss = 1.562005, train_acc = 0.687500, train ppl = 2.183660
Step 14400: train_loss = 1.328564, train_acc = 0.312500, train ppl = 1.943095
Step 14500: train_loss = 1.062253, train_acc = 0.437500, train ppl = 1.700847
Step 14600: train_loss = 2.214547, train_acc = 0.187500, train ppl = 3.026097
==== Finshed epoch 26 ====
Evaluating model...
Epoch 26: validation accuracy = 0.557000 -- validation perplexity = 1.436667
Epoch 26: test accuracy: 0.569000
---- Qualitative Analysis
Context: is the red sphere above the yellow square ? the pink rectangle is to the right of the yellow square . the pink rectangle is to the left of the red sphere . is the red sphere above the yellow square ?
Question: is the red sphere above the yellow square ?
Answer: no </s>
Model prediction: yes </s>
=========================
Model checkpoint saved in models/dummy/best_model.ckpt
Step 14700: train_loss = 1.143716, train_acc = 0.562500, train ppl = 1.771556
Step 14800: train_loss = 0.604124, train_acc = 0.812500, train ppl = 1.352645
Step 14900: train_loss = 1.453830, train_acc = 0.500000, train ppl = 2.068689
Step 15000: train_loss = 2.187191, train_acc = 0.500000, train ppl = 2.984987
Step 15100: train_loss = 0.451538, train_acc = 0.812500, train ppl = 1.253286
Step 15200: train_loss = 1.304240, train_acc = 0.625000, train ppl = 1.919606
==== Finshed epoch 27 ====
Evaluating model...
Epoch 27: validation accuracy = 0.503000 -- validation perplexity = 2.182945
Epoch 27: test accuracy: 0.520000
---- Qualitative Analysis
Context: is the blue square to the left of the triangle ? the yellow square is to the right of the blue square . the yellow square is below the triangle . is the blue square to the left of the triangle ?
Question: is the blue square to the left of the triangle ?
Answer: yes </s>
Model prediction: yes </s>
=========================
Step 15300: train_loss = 1.442131, train_acc = 0.375000, train ppl = 2.056623
Step 15400: train_loss = 1.065632, train_acc = 0.562500, train ppl = 1.703723
Step 15500: train_loss = 0.625205, train_acc = 0.562500, train ppl = 1.366978
Step 15600: train_loss = 1.943424, train_acc = 0.375000, train ppl = 2.642464
Step 15700: train_loss = 1.359276, train_acc = 0.625000, train ppl = 1.973164
==== Finshed epoch 28 ====
Evaluating model...
Epoch 28: validation accuracy = 0.509000 -- validation perplexity = 1.645725
Epoch 28: test accuracy: 0.536000
---- Qualitative Analysis
Context: is the blue square above the pink rectangle ? the pink rectangle is above the triangle . the triangle is to the right of the blue square . is the blue square above the pink rectangle ?
Question: is the blue square above the pink rectangle ?
Answer: no </s>
Model prediction: no </s>
=========================
Step 15800: train_loss = 0.790354, train_acc = 0.625000, train ppl = 1.484647
Step 15900: train_loss = 0.939528, train_acc = 0.687500, train ppl = 1.599617
Step 16000: train_loss = 0.780584, train_acc = 0.562500, train ppl = 1.477412
Step 16100: train_loss = 0.866558, train_acc = 0.625000, train ppl = 1.542307
Step 16200: train_loss = 0.835963, train_acc = 0.500000, train ppl = 1.518893
Step 16300: train_loss = 0.656184, train_acc = 0.625000, train ppl = 1.388316
==== Finshed epoch 29 ====
Evaluating model...
Epoch 29: validation accuracy = 0.521000 -- validation perplexity = 1.790212
Epoch 29: test accuracy: 0.506000
---- Qualitative Analysis
Context: is the pink rectangle to the left of the red square ? the red square is below the red sphere . the red sphere is to the left of the pink rectangle . is the pink rectangle to the left of the red square ?
Question: is the pink rectangle to the left of the red square ?
Answer: no </s>
Model prediction: no </s>
=========================
Step 16400: train_loss = 0.887767, train_acc = 0.562500, train ppl = 1.558749
Step 16500: train_loss = 1.646636, train_acc = 0.437500, train ppl = 2.278046
Step 16600: train_loss = 0.999296, train_acc = 0.375000, train ppl = 1.648141
Step 16700: train_loss = 0.744076, train_acc = 0.625000, train ppl = 1.450688
Step 16800: train_loss = 1.645873, train_acc = 0.562500, train ppl = 2.277177
==== Finshed epoch 30 ====
Evaluating model...
Epoch 30: validation accuracy = 0.499000 -- validation perplexity = 2.282917
Epoch 30: test accuracy: 0.480000
---- Qualitative Analysis
Context: is the pink rectangle to the right of the blue square ? the blue square is to the left of the triangle . the triangle is above the pink rectangle . is the pink rectangle to the right of the blue square ?
Question: is the pink rectangle to the right of the blue square ?
Answer: yes </s>
Model prediction: no </s>
=========================
Step 16900: train_loss = 1.776101, train_acc = 0.625000, train ppl = 2.430387
Step 17000: train_loss = 2.321672, train_acc = 0.500000, train ppl = 3.192601
Step 17100: train_loss = 0.605753, train_acc = 0.562500, train ppl = 1.353747
Step 17200: train_loss = 1.467058, train_acc = 0.250000, train ppl = 2.082417
Step 17300: train_loss = 0.982745, train_acc = 0.625000, train ppl = 1.634558
Step 17400: train_loss = 0.820354, train_acc = 0.500000, train ppl = 1.507085
==== Finshed epoch 31 ====
Evaluating model...
Epoch 31: validation accuracy = 0.583000 -- validation perplexity = 1.423504
Epoch 31: test accuracy: 0.552000
---- Qualitative Analysis
Context: is the pink rectangle to the right of the triangle ? the red square is to the right of the triangle . the pink rectangle is below the red square . is the pink rectangle to the right of the triangle ?
Question: is the pink rectangle to the right of the triangle ?
Answer: yes </s>
Model prediction: yes </s>
=========================
Model checkpoint saved in models/dummy/best_model.ckpt
Step 17500: train_loss = 0.763008, train_acc = 0.500000, train ppl = 1.464485
Step 17600: train_loss = 0.585575, train_acc = 0.562500, train ppl = 1.340158
Step 17700: train_loss = 1.412073, train_acc = 0.625000, train ppl = 2.025945
Step 17800: train_loss = 0.771519, train_acc = 0.562500, train ppl = 1.470731
Step 17900: train_loss = 0.918021, train_acc = 0.437500, train ppl = 1.582507
Step 18000: train_loss = 0.855113, train_acc = 0.437500, train ppl = 1.533506
==== Finshed epoch 32 ====
Evaluating model...
Epoch 32: validation accuracy = 0.515000 -- validation perplexity = 1.572729
Epoch 32: test accuracy: 0.538000
---- Qualitative Analysis
Context: is the triangle below the blue square ? the red sphere is below the triangle . the blue square is below the red sphere . is the triangle below the blue square ?
Question: is the triangle below the blue square ?
Answer: no </s>
Model prediction: yes </s>
=========================
Step 18100: train_loss = 1.133960, train_acc = 0.250000, train ppl = 1.762935
Step 18200: train_loss = 0.942685, train_acc = 0.437500, train ppl = 1.602144
Step 18300: train_loss = 1.692405, train_acc = 0.750000, train ppl = 2.330779
Step 18400: train_loss = 1.685471, train_acc = 0.375000, train ppl = 2.322711
Step 18500: train_loss = 2.540675, train_acc = 0.437500, train ppl = 3.562055
==== Finshed epoch 33 ====
Evaluating model...
Epoch 33: validation accuracy = 0.497000 -- validation perplexity = 3.866982
Epoch 33: test accuracy: 0.480000
---- Qualitative Analysis
Context: is the red square to the left of the red sphere ? the yellow square is below the red square . the yellow square is to the left of the red sphere . is the red square to the left of the red sphere ?
Question: is the red square to the left of the red sphere ?
Answer: yes </s>
Model prediction: no </s>
=========================
Step 18600: train_loss = 1.614545, train_acc = 0.562500, train ppl = 2.241785
Step 18700: train_loss = 0.712445, train_acc = 0.562500, train ppl = 1.427925
Step 18800: train_loss = 1.055990, train_acc = 0.562500, train ppl = 1.695529
Step 18900: train_loss = 1.157756, train_acc = 0.625000, train ppl = 1.784036
Step 19000: train_loss = 0.768362, train_acc = 0.625000, train ppl = 1.468411
Step 19100: train_loss = 1.256327, train_acc = 0.437500, train ppl = 1.874165
==== Finshed epoch 34 ====
Evaluating model...
Epoch 34: validation accuracy = 0.511000 -- validation perplexity = 1.623086
Epoch 34: test accuracy: 0.525000
---- Qualitative Analysis
Context: is the yellow square to the right of the pink rectangle ? the yellow square is above the triangle . the pink rectangle is below the triangle . is the yellow square to the right of the pink rectangle ?
Question: is the yellow square to the right of the pink rectangle ?
Answer: no </s>
Model prediction: yes </s>
=========================
Step 19200: train_loss = 1.067626, train_acc = 0.562500, train ppl = 1.705423
Step 19300: train_loss = 2.060896, train_acc = 0.437500, train ppl = 2.802321
Step 19400: train_loss = 0.880706, train_acc = 0.500000, train ppl = 1.553256
Step 19500: train_loss = 0.992181, train_acc = 0.562500, train ppl = 1.642288
Step 19600: train_loss = 1.319091, train_acc = 0.500000, train ppl = 1.933913
Step 19700: train_loss = 0.916188, train_acc = 0.375000, train ppl = 1.581057
==== Finshed epoch 35 ====
Evaluating model...
Epoch 35: validation accuracy = 0.503000 -- validation perplexity = 2.499166
Epoch 35: test accuracy: 0.520000
---- Qualitative Analysis
Context: is the yellow square above the triangle ? the red square is to the left of the triangle . the red square is to the right of the yellow square . is the yellow square above the triangle ?
Question: is the yellow square above the triangle ?
Answer: no </s>
Model prediction: yes </s>
=========================
Step 19800: train_loss = 1.033581, train_acc = 0.687500, train ppl = 1.676637
Step 19900: train_loss = 0.709727, train_acc = 0.562500, train ppl = 1.425986
Step 20000: train_loss = 1.068971, train_acc = 0.562500, train ppl = 1.706570
Step 20100: train_loss = 0.892756, train_acc = 0.687500, train ppl = 1.562642
Step 20200: train_loss = 1.253576, train_acc = 0.562500, train ppl = 1.871589
==== Finshed epoch 36 ====
Evaluating model...
Epoch 36: validation accuracy = 0.503000 -- validation perplexity = 4.134320
Epoch 36: test accuracy: 0.520000
---- Qualitative Analysis
Context: is the red square above the pink rectangle ? the blue square is above the pink rectangle . the blue square is below the red square . is the red square above the pink rectangle ?
Question: is the red square above the pink rectangle ?
Answer: yes </s>
Model prediction: yes </s>
=========================
Step 20300: train_loss = 1.477637, train_acc = 0.375000, train ppl = 2.093461
Step 20400: train_loss = 0.994892, train_acc = 0.500000, train ppl = 1.644516
Step 20500: train_loss = 0.986484, train_acc = 0.500000, train ppl = 1.637617
Step 20600: train_loss = 0.806854, train_acc = 0.625000, train ppl = 1.496946
Step 20700: train_loss = 1.141222, train_acc = 0.500000, train ppl = 1.769348
Step 20800: train_loss = 2.032783, train_acc = 0.375000, train ppl = 2.763205
==== Finshed epoch 37 ====
Evaluating model...
Epoch 37: validation accuracy = 0.560000 -- validation perplexity = 1.517708
Epoch 37: test accuracy: 0.535000
---- Qualitative Analysis
Context: is the pink rectangle to the left of the red square ? the pink rectangle is to the left of the triangle . the triangle is to the left of the red square . is the pink rectangle to the left of the red square ?
Question: is the pink rectangle to the left of the red square ?
Answer: yes </s>
Model prediction: no </s>
=========================
Step 20900: train_loss = 0.506228, train_acc = 0.875000, train ppl = 1.288030
Step 21000: train_loss = 4.368456, train_acc = 0.187500, train ppl = 8.883787
Step 21100: train_loss = 2.643232, train_acc = 0.562500, train ppl = 3.749476
Step 21200: train_loss = 1.047351, train_acc = 0.437500, train ppl = 1.688221
Step 21300: train_loss = 1.339098, train_acc = 0.437500, train ppl = 1.953356
==== Finshed epoch 38 ====
Evaluating model...
Epoch 38: validation accuracy = 0.497000 -- validation perplexity = 2.401063
Epoch 38: test accuracy: 0.480000
---- Qualitative Analysis
Context: is the triangle above the blue square ? the blue square is above the red square . the red square is to the left of the triangle . is the triangle above the blue square ?
Question: is the triangle above the blue square ?
Answer: no </s>
Model prediction: no </s>
=========================
Step 21400: train_loss = 0.968678, train_acc = 0.625000, train ppl = 1.623102
Step 21500: train_loss = 3.966711, train_acc = 0.562500, train ppl = 7.267085
Step 21600: train_loss = 1.735191, train_acc = 0.500000, train ppl = 2.381179
Step 21700: train_loss = 3.976779, train_acc = 0.312500, train ppl = 7.303763
Step 21800: train_loss = 0.545343, train_acc = 0.687500, train ppl = 1.313468
Step 21900: train_loss = 0.718918, train_acc = 0.687500, train ppl = 1.432554
==== Finshed epoch 39 ====
Evaluating model...
Epoch 39: validation accuracy = 0.564000 -- validation perplexity = 1.489076
Epoch 39: test accuracy: 0.519000
---- Qualitative Analysis
Context: is the pink rectangle to the right of the triangle ? the red square is below the triangle . the pink rectangle is to the left of the red square . is the pink rectangle to the right of the triangle ?
Question: is the pink rectangle to the right of the triangle ?
Answer: no </s>
Model prediction: no </s>
=========================
Step 22000: train_loss = 5.741815, train_acc = 0.312500, train ppl = 17.653028
Step 22100: train_loss = 0.667273, train_acc = 0.625000, train ppl = 1.396036
Step 22200: train_loss = 1.316018, train_acc = 0.375000, train ppl = 1.930944
Step 22300: train_loss = 1.147859, train_acc = 0.500000, train ppl = 1.775230
Step 22400: train_loss = 0.868577, train_acc = 0.625000, train ppl = 1.543864
Step 22500: train_loss = 3.272965, train_acc = 0.500000, train ppl = 5.137069
==== Finshed epoch 40 ====
Evaluating model...
Epoch 40: validation accuracy = 0.525000 -- validation perplexity = 1.510454
Epoch 40: test accuracy: 0.546000
---- Qualitative Analysis
Context: is the red square below the red sphere ? the yellow square is to the right of the red square . the yellow square is below the red sphere . is the red square below the red sphere ?
Question: is the red square below the red sphere ?
Answer: yes </s>
Model prediction: yes </s>
=========================
Step 22600: train_loss = 2.465437, train_acc = 0.500000, train ppl = 3.430543
Step 22700: train_loss = 0.866763, train_acc = 0.625000, train ppl = 1.542464
Step 22800: train_loss = 0.990879, train_acc = 0.625000, train ppl = 1.641219
Step 22900: train_loss = 0.632838, train_acc = 0.687500, train ppl = 1.372205
Step 23000: train_loss = 0.739092, train_acc = 0.500000, train ppl = 1.447078
==== Finshed epoch 41 ====
Evaluating model...
Epoch 41: validation accuracy = 0.497000 -- validation perplexity = 2.428954
Epoch 41: test accuracy: 0.480000
---- Qualitative Analysis
Context: is the red square above the red sphere ? the red square is to the left of the blue square . the blue square is above the red sphere . is the red square above the red sphere ?
Question: is the red square above the red sphere ?
Answer: yes </s>
Model prediction: no </s>
=========================
Step 23100: train_loss = 1.707810, train_acc = 0.562500, train ppl = 2.348800
Step 23200: train_loss = 1.534771, train_acc = 0.500000, train ppl = 2.154127
Step 23300: train_loss = 0.607071, train_acc = 0.562500, train ppl = 1.354639
Step 23400: train_loss = 0.772574, train_acc = 0.562500, train ppl = 1.471507
Step 23500: train_loss = 1.080266, train_acc = 0.500000, train ppl = 1.716235
Step 23600: train_loss = 0.621055, train_acc = 0.562500, train ppl = 1.364144
==== Finshed epoch 42 ====
Evaluating model...
Epoch 42: validation accuracy = 0.564000 -- validation perplexity = 1.463882
Epoch 42: test accuracy: 0.523000
---- Qualitative Analysis
Context: is the red square below the red sphere ? the red square is below the pink rectangle . the pink rectangle is below the red sphere . is the red square below the red sphere ?
Question: is the red square below the red sphere ?
Answer: yes </s>
Model prediction: no </s>
=========================
Step 23700: train_loss = 1.647972, train_acc = 0.437500, train ppl = 2.279568
Step 23800: train_loss = 0.877379, train_acc = 0.437500, train ppl = 1.550674
Step 23900: train_loss = 0.522041, train_acc = 0.812500, train ppl = 1.298254
Step 24000: train_loss = 0.889834, train_acc = 0.375000, train ppl = 1.560360
Step 24100: train_loss = 1.649168, train_acc = 0.562500, train ppl = 2.280931
Step 24200: train_loss = 1.275168, train_acc = 0.562500, train ppl = 1.891904
==== Finshed epoch 43 ====
Evaluating model...
Epoch 43: validation accuracy = 0.508000 -- validation perplexity = 1.612722
Epoch 43: test accuracy: 0.522000
---- Qualitative Analysis
Context: is the red square to the left of the yellow square ? the red square is below the red sphere . the yellow square is to the left of the red sphere . is the red square to the left of the yellow square ?
Question: is the red square to the left of the yellow square ?
Answer: no </s>
Model prediction: yes </s>
=========================
Step 24300: train_loss = 0.792046, train_acc = 0.500000, train ppl = 1.485903
Step 24400: train_loss = 0.625635, train_acc = 0.750000, train ppl = 1.367272
Step 24500: train_loss = 0.901920, train_acc = 0.625000, train ppl = 1.569818
Step 24600: train_loss = 1.361067, train_acc = 0.375000, train ppl = 1.974931
Step 24700: train_loss = 1.297896, train_acc = 0.437500, train ppl = 1.913526
==== Finshed epoch 44 ====
Evaluating model...
Epoch 44: validation accuracy = 0.497000 -- validation perplexity = 1.992566
Epoch 44: test accuracy: 0.480000
---- Qualitative Analysis
Context: is the red sphere above the yellow square ? the pink rectangle is to the left of the red sphere . the yellow square is above the pink rectangle . is the red sphere above the yellow square ?
Question: is the red sphere above the yellow square ?
Answer: no </s>
Model prediction: no </s>
=========================
Step 24800: train_loss = 0.664409, train_acc = 0.562500, train ppl = 1.394038
Step 24900: train_loss = 1.282009, train_acc = 0.562500, train ppl = 1.898387
Step 25000: train_loss = 0.717039, train_acc = 0.625000, train ppl = 1.431209
Step 25100: train_loss = 0.699362, train_acc = 0.687500, train ppl = 1.418615
Step 25200: train_loss = 1.482432, train_acc = 0.437500, train ppl = 2.098485
Step 25300: train_loss = 0.609706, train_acc = 0.687500, train ppl = 1.356426
==== Finshed epoch 45 ====
Evaluating model...
Epoch 45: validation accuracy = 0.549000 -- validation perplexity = 1.509712
Epoch 45: test accuracy: 0.525000
---- Qualitative Analysis
Context: is the yellow square to the right of the blue square ? the pink rectangle is above the blue square . the yellow square is above the pink rectangle . is the yellow square to the right of the blue square ?
Question: is the yellow square to the right of the blue square ?
Answer: no </s>
Model prediction: no </s>
=========================
Step 25400: train_loss = 1.556667, train_acc = 0.312500, train ppl = 2.177840
Step 25500: train_loss = 0.755050, train_acc = 0.562500, train ppl = 1.458670
Step 25600: train_loss = 2.369205, train_acc = 0.625000, train ppl = 3.269386
Step 25700: train_loss = 0.976786, train_acc = 0.687500, train ppl = 1.629696
Step 25800: train_loss = 1.097127, train_acc = 0.625000, train ppl = 1.730765
==== Finshed epoch 46 ====
Evaluating model...
Epoch 46: validation accuracy = 0.503000 -- validation perplexity = 4.230043
Epoch 46: test accuracy: 0.520000
---- Qualitative Analysis
Context: is the triangle below the pink rectangle ? the yellow square is to the left of the triangle . the yellow square is above the pink rectangle . is the triangle below the pink rectangle ?
Question: is the triangle below the pink rectangle ?
Answer: no </s>
Model prediction: yes </s>
=========================
Step 25900: train_loss = 0.932339, train_acc = 0.625000, train ppl = 1.593877
Step 26000: train_loss = 1.165721, train_acc = 0.562500, train ppl = 1.791155
Step 26100: train_loss = 1.121614, train_acc = 0.750000, train ppl = 1.752086
Step 26200: train_loss = 1.103808, train_acc = 0.562500, train ppl = 1.736557
Step 26300: train_loss = 0.916820, train_acc = 0.500000, train ppl = 1.581557
Step 26400: train_loss = 1.930764, train_acc = 0.437500, train ppl = 2.625790
==== Finshed epoch 47 ====
Evaluating model...
Epoch 47: validation accuracy = 0.503000 -- validation perplexity = 5.319903
Epoch 47: test accuracy: 0.520000
---- Qualitative Analysis
Context: is the red sphere above the red square ? the blue square is to the right of the red sphere . the blue square is to the left of the red square . is the red sphere above the red square ?
Question: is the red sphere above the red square ?
Answer: no </s>
Model prediction: yes </s>
=========================
Step 26500: train_loss = 1.245979, train_acc = 0.312500, train ppl = 1.864493
Step 26600: train_loss = 1.882094, train_acc = 0.437500, train ppl = 2.562664
Step 26700: train_loss = 0.796368, train_acc = 0.562500, train ppl = 1.489118
Step 26800: train_loss = 0.751675, train_acc = 0.687500, train ppl = 1.456211
Step 26900: train_loss = 1.041783, train_acc = 0.750000, train ppl = 1.683528
Step 27000: train_loss = 0.905872, train_acc = 0.750000, train ppl = 1.572923
==== Finshed epoch 48 ====
Evaluating model...
Epoch 48: validation accuracy = 0.503000 -- validation perplexity = 3.208428
Epoch 48: test accuracy: 0.520000
---- Qualitative Analysis
Context: is the triangle below the blue square ? the yellow square is to the right of the triangle . the yellow square is below the blue square . is the triangle below the blue square ?
Question: is the triangle below the blue square ?
Answer: yes </s>
Model prediction: yes </s>
=========================
Step 27100: train_loss = 1.527537, train_acc = 0.562500, train ppl = 2.146349
Step 27200: train_loss = 1.273673, train_acc = 0.625000, train ppl = 1.890491
Step 27300: train_loss = 1.008426, train_acc = 0.312500, train ppl = 1.655682
Step 27400: train_loss = 0.680598, train_acc = 0.500000, train ppl = 1.405368
Step 27500: train_loss = 1.196346, train_acc = 0.562500, train ppl = 1.818793
==== Finshed epoch 49 ====
Evaluating model...
Epoch 49: validation accuracy = 0.506000 -- validation perplexity = 1.801939
Epoch 49: test accuracy: 0.473000
---- Qualitative Analysis
Context: is the pink rectangle to the right of the triangle ? the yellow square is to the left of the triangle . the yellow square is above the pink rectangle . is the pink rectangle to the right of the triangle ?
Question: is the pink rectangle to the right of the triangle ?
Answer: no </s>
Model prediction: no </s>
=========================
Step 27600: train_loss = 0.808381, train_acc = 0.625000, train ppl = 1.498089
Step 27700: train_loss = 0.720072, train_acc = 0.562500, train ppl = 1.433381
Step 27800: train_loss = 0.949668, train_acc = 0.562500, train ppl = 1.607747
Step 27900: train_loss = 0.688761, train_acc = 0.750000, train ppl = 1.411115
Step 28000: train_loss = 3.432400, train_acc = 0.312500, train ppl = 5.563349
Step 28100: train_loss = 0.643437, train_acc = 0.687500, train ppl = 1.379497
==== Finshed epoch 50 ====
Evaluating model...
Epoch 50: validation accuracy = 0.563000 -- validation perplexity = 1.459420
Epoch 50: test accuracy: 0.522000
---- Qualitative Analysis
Context: is the red square to the left of the blue square ? the triangle is to the left of the blue square . the red square is to the left of the triangle . is the red square to the left of the blue square ?
Question: is the red square to the left of the blue square ?
Answer: yes </s>
Model prediction: yes </s>
=========================
Best model (acc) at epoch 31 -- validation perplexity = 1.423504 -- validation accuracy = 0.583000 -- test accuracy = 0.552000
0.583
