merge_mode:               concat
vocab:                    data/vocab.txt
batch_size:               8
encoder_type:             bi
embedding_size:           64
task:                     10
learning_rate:            0.005
cell_type:                gru
num_epochs:               50
val_split:                0.1
model_dir:                models/dummy
dropout_keep_prob:        0.7
restore_from_dir:         None
max_gradient_norm:        1.0
num_units:                256
num_enc_layers:           1
optimizer:                adam
data_dir:                 data/en-10k
model_type:               normal
Loading data...
vocabulary size = 487
Building model...
Running initializers...
Creating summary writers...
Performing evaluation before training...
---- Qualitative Analysis
Context: is mary in the kitchen ? mary is either in the park or the bedroom . fred travelled to the school . mary is in the bedroom . julie is in the bedroom . bill went to the cinema . bill is either in the school or the office . is mary in the kitchen ?
Question: is mary in the kitchen ?
Answer: no </s>
Model prediction: go right 179 go in emily 26 the fit fit
=========================
Step 100: train_loss = 0.971972, train_acc = 0.750000, train ppl = 1.625777
Step 200: train_loss = 1.294009, train_acc = 0.625000, train ppl = 1.909812
Step 300: train_loss = 1.084791, train_acc = 0.500000, train ppl = 1.720122
Step 400: train_loss = 0.676637, train_acc = 0.750000, train ppl = 1.402587
Step 500: train_loss = 0.650773, train_acc = 0.750000, train ppl = 1.384565
Step 600: train_loss = 1.295845, train_acc = 0.250000, train ppl = 1.911566
Step 700: train_loss = 0.936589, train_acc = 0.625000, train ppl = 1.597268
Step 800: train_loss = 0.833891, train_acc = 0.625000, train ppl = 1.517320
Step 900: train_loss = 0.780175, train_acc = 0.625000, train ppl = 1.477110
Step 1000: train_loss = 0.900879, train_acc = 0.625000, train ppl = 1.569001
Step 1100: train_loss = 1.352546, train_acc = 0.250000, train ppl = 1.966535
==== Finshed epoch 1 ====
Evaluating model...
Epoch 1: validation accuracy = 0.478000 -- validation perplexity = 1.744148
Epoch 1: test accuracy: 0.437000
---- Qualitative Analysis
Context: is mary in the office ? bill went back to the office . julie journeyed to the kitchen . mary went back to the kitchen . julie is in the bedroom . mary journeyed to the park . bill went to the school . fred is either in the kitchen or the park . bill went to the bedroom . mary is either in the cinema or the office . fred is either in the kitchen or the kitchen . is mary in the office ?
Question: is mary in the office ?
Answer: maybe </s>
Model prediction: no </s>
=========================
Model checkpoint saved in models/dummy/best_model.ckpt
Step 1200: train_loss = 0.978039, train_acc = 0.375000, train ppl = 1.630716
Step 1300: train_loss = 1.966331, train_acc = 0.125000, train ppl = 2.672904
Step 1400: train_loss = 0.790662, train_acc = 0.375000, train ppl = 1.484876
Step 1500: train_loss = 1.148934, train_acc = 0.250000, train ppl = 1.776183
Step 1600: train_loss = 1.091135, train_acc = 0.250000, train ppl = 1.725587
Step 1700: train_loss = 0.728420, train_acc = 0.625000, train ppl = 1.439376
Step 1800: train_loss = 1.704866, train_acc = 0.000000, train ppl = 2.345346
Step 1900: train_loss = 0.681216, train_acc = 0.750000, train ppl = 1.405802
Step 2000: train_loss = 1.406894, train_acc = 0.375000, train ppl = 2.020706
Step 2100: train_loss = 1.038485, train_acc = 0.500000, train ppl = 1.680754
Step 2200: train_loss = 0.782907, train_acc = 0.500000, train ppl = 1.479129
==== Finshed epoch 2 ====
Evaluating model...
Epoch 2: validation accuracy = 0.441000 -- validation perplexity = 1.584974
Epoch 2: test accuracy: 0.435000
---- Qualitative Analysis
Context: is julie in the office ? mary went to the school . fred travelled to the school . julie travelled to the office . mary moved to the kitchen . is julie in the office ?
Question: is julie in the office ?
Answer: yes </s>
Model prediction: yes </s>
=========================
Step 2300: train_loss = 0.946766, train_acc = 0.500000, train ppl = 1.605416
Step 2400: train_loss = 0.896324, train_acc = 0.500000, train ppl = 1.565432
Step 2500: train_loss = 0.802929, train_acc = 0.625000, train ppl = 1.494011
Step 2600: train_loss = 1.079582, train_acc = 0.375000, train ppl = 1.715649
Step 2700: train_loss = 1.288005, train_acc = 0.250000, train ppl = 1.904087
Step 2800: train_loss = 0.922330, train_acc = 0.625000, train ppl = 1.585921
Step 2900: train_loss = 0.946589, train_acc = 0.500000, train ppl = 1.605274
Step 3000: train_loss = 1.143237, train_acc = 0.250000, train ppl = 1.771131
Step 3100: train_loss = 0.832802, train_acc = 0.750000, train ppl = 1.516494
Step 3200: train_loss = 0.865235, train_acc = 0.625000, train ppl = 1.541286
Step 3300: train_loss = 1.015447, train_acc = 0.500000, train ppl = 1.661504
==== Finshed epoch 3 ====
Evaluating model...
Epoch 3: validation accuracy = 0.418000 -- validation perplexity = 1.600573
Epoch 3: test accuracy: 0.432000
---- Qualitative Analysis
Context: is mary in the park ? bill travelled to the kitchen . julie went to the school . julie is either in the bedroom or the cinema . julie went to the kitchen . julie went back to the park . bill journeyed to the bedroom . fred is in the school . fred moved to the kitchen . mary went to the school . mary went to the park . is mary in the park ?
Question: is mary in the park ?
Answer: yes </s>
Model prediction: yes </s>
=========================
Step 3400: train_loss = 0.739246, train_acc = 0.625000, train ppl = 1.447189
Step 3500: train_loss = 0.970153, train_acc = 0.375000, train ppl = 1.624299
Step 3600: train_loss = 1.107107, train_acc = 0.375000, train ppl = 1.739423
Step 3700: train_loss = 1.032331, train_acc = 0.375000, train ppl = 1.675590
Step 3800: train_loss = 0.962278, train_acc = 0.500000, train ppl = 1.617916
Step 3900: train_loss = 0.818317, train_acc = 0.750000, train ppl = 1.505550
Step 4000: train_loss = 0.830153, train_acc = 0.625000, train ppl = 1.514486
Step 4100: train_loss = 0.810539, train_acc = 0.625000, train ppl = 1.499707
Step 4200: train_loss = 0.872069, train_acc = 0.500000, train ppl = 1.546562
Step 4300: train_loss = 0.804811, train_acc = 0.875000, train ppl = 1.495418
Step 4400: train_loss = 0.822652, train_acc = 0.500000, train ppl = 1.508817
Step 4500: train_loss = 1.010223, train_acc = 0.250000, train ppl = 1.657171
==== Finshed epoch 4 ====
Evaluating model...
Epoch 4: validation accuracy = 0.491000 -- validation perplexity = 1.573054
Epoch 4: test accuracy: 0.436000
---- Qualitative Analysis
Context: is bill in the kitchen ? bill went to the park . fred journeyed to the park . julie is in the park . mary is in the bedroom . bill moved to the school . julie went back to the cinema . bill journeyed to the kitchen . mary went to the park . is bill in the kitchen ?
Question: is bill in the kitchen ?
Answer: yes </s>
Model prediction: no </s>
=========================
Model checkpoint saved in models/dummy/best_model.ckpt
Step 4600: train_loss = 0.723218, train_acc = 0.750000, train ppl = 1.435637
Step 4700: train_loss = 1.131396, train_acc = 0.125000, train ppl = 1.760676
Step 4800: train_loss = 0.834659, train_acc = 0.500000, train ppl = 1.517902
Step 4900: train_loss = 0.947848, train_acc = 0.500000, train ppl = 1.606285
Step 5000: train_loss = 0.805170, train_acc = 0.625000, train ppl = 1.495686
Step 5100: train_loss = 0.810295, train_acc = 0.375000, train ppl = 1.499524
Step 5200: train_loss = 1.182197, train_acc = 0.125000, train ppl = 1.805972
Step 5300: train_loss = 0.784981, train_acc = 0.500000, train ppl = 1.480664
Step 5400: train_loss = 0.973636, train_acc = 0.375000, train ppl = 1.627130
Step 5500: train_loss = 0.925989, train_acc = 0.625000, train ppl = 1.588825
Step 5600: train_loss = 0.999557, train_acc = 0.500000, train ppl = 1.648356
==== Finshed epoch 5 ====
Evaluating model...
Epoch 5: validation accuracy = 0.499000 -- validation perplexity = 1.585861
Epoch 5: test accuracy: 0.440000
---- Qualitative Analysis
Context: is fred in the bedroom ? fred is either in the school or the park . bill went to the kitchen . fred is either in the bedroom or the office . bill is either in the office or the cinema . is fred in the bedroom ?
Question: is fred in the bedroom ?
Answer: maybe </s>
Model prediction: maybe </s>
=========================
Model checkpoint saved in models/dummy/best_model.ckpt
Step 5700: train_loss = 1.268020, train_acc = 0.250000, train ppl = 1.885155
Step 5800: train_loss = 0.799056, train_acc = 0.625000, train ppl = 1.491121
Step 5900: train_loss = 0.758786, train_acc = 0.750000, train ppl = 1.461397
Step 6000: train_loss = 0.861948, train_acc = 0.250000, train ppl = 1.538755
Step 6100: train_loss = 0.940309, train_acc = 0.375000, train ppl = 1.600241
Step 6200: train_loss = 0.966072, train_acc = 0.375000, train ppl = 1.620988
Step 6300: train_loss = 0.859154, train_acc = 0.625000, train ppl = 1.536607
Step 6400: train_loss = 0.815860, train_acc = 0.625000, train ppl = 1.503702
Step 6500: train_loss = 1.338368, train_acc = 0.375000, train ppl = 1.952644
Step 6600: train_loss = 0.931574, train_acc = 0.625000, train ppl = 1.593267
Step 6700: train_loss = 1.370729, train_acc = 0.250000, train ppl = 1.984495
==== Finshed epoch 6 ====
Evaluating model...
Epoch 6: validation accuracy = 0.489000 -- validation perplexity = 1.569168
Epoch 6: test accuracy: 0.475000
---- Qualitative Analysis
Context: is fred in the school ? julie is in the park . bill went back to the office . fred is in the park . mary went back to the bedroom . julie went back to the school . bill is in the park . fred is in the office . bill is in the kitchen . mary went back to the kitchen . fred is in the bedroom . is fred in the school ?
Question: is fred in the school ?
Answer: no </s>
Model prediction: no </s>
=========================
Step 6800: train_loss = 0.943942, train_acc = 0.750000, train ppl = 1.603151
Step 6900: train_loss = 0.933356, train_acc = 0.375000, train ppl = 1.594688
Step 7000: train_loss = 1.051038, train_acc = 0.375000, train ppl = 1.691336
Step 7100: train_loss = 1.054185, train_acc = 0.250000, train ppl = 1.694000
Step 7200: train_loss = 0.827590, train_acc = 0.500000, train ppl = 1.512547
Step 7300: train_loss = 0.793753, train_acc = 0.625000, train ppl = 1.487172
Step 7400: train_loss = 1.062281, train_acc = 0.375000, train ppl = 1.700871
Step 7500: train_loss = 0.933170, train_acc = 0.375000, train ppl = 1.594539
Step 7600: train_loss = 0.969365, train_acc = 0.375000, train ppl = 1.623659
Step 7700: train_loss = 0.874686, train_acc = 0.625000, train ppl = 1.548587
Step 7800: train_loss = 1.007584, train_acc = 0.375000, train ppl = 1.654985
==== Finshed epoch 7 ====
Evaluating model...
Epoch 7: validation accuracy = 0.484000 -- validation perplexity = 1.566202
Epoch 7: test accuracy: 0.472000
---- Qualitative Analysis
Context: is fred in the kitchen ? julie journeyed to the cinema . mary is in the cinema . julie went to the park . mary went to the park . fred is in the bedroom . fred went to the office . julie went to the kitchen . bill went to the school . bill is in the bedroom . mary is either in the school or the kitchen . is fred in the kitchen ?
Question: is fred in the kitchen ?
Answer: no </s>
Model prediction: no </s>
=========================
Step 7900: train_loss = 0.959766, train_acc = 0.500000, train ppl = 1.615885
Step 8000: train_loss = 0.941143, train_acc = 0.500000, train ppl = 1.600909
Step 8100: train_loss = 0.835954, train_acc = 0.500000, train ppl = 1.518886
Step 8200: train_loss = 1.327571, train_acc = 0.250000, train ppl = 1.942130
Step 8300: train_loss = 0.995851, train_acc = 0.375000, train ppl = 1.645305
Step 8400: train_loss = 3.869462, train_acc = 0.125000, train ppl = 6.922183
Step 8500: train_loss = 1.752794, train_acc = 0.625000, train ppl = 2.402229
Step 8600: train_loss = 1.073595, train_acc = 0.375000, train ppl = 1.710520
Step 8700: train_loss = 1.168701, train_acc = 0.250000, train ppl = 1.793825
Step 8800: train_loss = 1.933002, train_acc = 0.500000, train ppl = 2.628731
Step 8900: train_loss = 0.995408, train_acc = 0.375000, train ppl = 1.644940
Step 9000: train_loss = 1.110268, train_acc = 0.500000, train ppl = 1.742174
==== Finshed epoch 8 ====
Evaluating model...
Epoch 8: validation accuracy = 0.372000 -- validation perplexity = 1.912597
Epoch 8: test accuracy: 0.413000
---- Qualitative Analysis
Context: is julie in the bedroom ? fred is in the kitchen . bill travelled to the kitchen . mary is in the office . fred is either in the cinema or the park . mary is in the park . julie is either in the cinema or the school . julie is either in the office or the bedroom . julie is in the park . julie is either in the school or the bedroom . mary is either in the school or the school . is julie in the bedroom ?
Question: is julie in the bedroom ?
Answer: maybe </s>
Model prediction: yes </s>
=========================
Step 9100: train_loss = 1.110719, train_acc = 0.375000, train ppl = 1.742567
Step 9200: train_loss = 0.976434, train_acc = 0.625000, train ppl = 1.629408
Step 9300: train_loss = 0.966439, train_acc = 0.500000, train ppl = 1.621286
Step 9400: train_loss = 1.639216, train_acc = 0.375000, train ppl = 2.269610
Step 9500: train_loss = 2.675695, train_acc = 0.375000, train ppl = 3.810832
Step 9600: train_loss = 1.039518, train_acc = 0.500000, train ppl = 1.681622
Step 9700: train_loss = 1.071221, train_acc = 0.375000, train ppl = 1.708491
Step 9800: train_loss = 1.002257, train_acc = 0.125000, train ppl = 1.650583
Step 9900: train_loss = 1.044359, train_acc = 0.750000, train ppl = 1.685698
Step 10000: train_loss = 1.105046, train_acc = 0.125000, train ppl = 1.737631
Step 10100: train_loss = 0.826569, train_acc = 0.625000, train ppl = 1.511775
==== Finshed epoch 9 ====
Evaluating model...
Epoch 9: validation accuracy = 0.478000 -- validation perplexity = 1.682664
Epoch 9: test accuracy: 0.438000
---- Qualitative Analysis
Context: is bill in the school ? mary journeyed to the park . fred is either in the park or the park . bill went back to the bedroom . fred went back to the bedroom . julie went back to the park . fred is either in the park or the school . is bill in the school ?
Question: is bill in the school ?
Answer: no </s>
Model prediction: no </s>
=========================
Step 10200: train_loss = 1.001609, train_acc = 0.500000, train ppl = 1.650048
Step 10300: train_loss = 1.072956, train_acc = 0.500000, train ppl = 1.709974
Step 10400: train_loss = 1.344295, train_acc = 0.375000, train ppl = 1.958439
Step 10500: train_loss = 1.305536, train_acc = 0.625000, train ppl = 1.920850
Step 10600: train_loss = 0.987242, train_acc = 0.500000, train ppl = 1.638238
Step 10700: train_loss = 1.152611, train_acc = 0.375000, train ppl = 1.779452
Step 10800: train_loss = 0.915065, train_acc = 0.375000, train ppl = 1.580170
Step 10900: train_loss = 0.747570, train_acc = 0.625000, train ppl = 1.453224
Step 11000: train_loss = 1.103325, train_acc = 0.625000, train ppl = 1.736137
Step 11100: train_loss = 1.242789, train_acc = 0.125000, train ppl = 1.861522
Step 11200: train_loss = 1.434144, train_acc = 0.625000, train ppl = 2.048426
==== Finshed epoch 10 ====
Evaluating model...
Epoch 10: validation accuracy = 0.457000 -- validation perplexity = 1.629888
Epoch 10: test accuracy: 0.435000
---- Qualitative Analysis
Context: is julie in the office ? julie travelled to the kitchen . julie is in the office . is julie in the office ?
Question: is julie in the office ?
Answer: yes </s>
Model prediction: no </s>
=========================
Step 11300: train_loss = 2.426742, train_acc = 0.500000, train ppl = 3.364809
Step 11400: train_loss = 0.859421, train_acc = 0.250000, train ppl = 1.536813
Step 11500: train_loss = 0.890542, train_acc = 0.500000, train ppl = 1.560913
Step 11600: train_loss = 0.953591, train_acc = 0.375000, train ppl = 1.610904
Step 11700: train_loss = 1.283273, train_acc = 0.500000, train ppl = 1.899587
Step 11800: train_loss = 0.955653, train_acc = 0.375000, train ppl = 1.612566
Step 11900: train_loss = 0.907137, train_acc = 0.625000, train ppl = 1.573919
Step 12000: train_loss = 1.592555, train_acc = 0.375000, train ppl = 2.217272
Step 12100: train_loss = 0.741502, train_acc = 0.750000, train ppl = 1.448822
Step 12200: train_loss = 0.968270, train_acc = 0.375000, train ppl = 1.622770
Step 12300: train_loss = 0.704700, train_acc = 0.750000, train ppl = 1.422406
==== Finshed epoch 11 ====
Evaluating model...
Epoch 11: validation accuracy = 0.478000 -- validation perplexity = 1.629435
Epoch 11: test accuracy: 0.437000
---- Qualitative Analysis
Context: is julie in the kitchen ? julie journeyed to the cinema . fred is in the bedroom . julie moved to the kitchen . mary travelled to the park . is julie in the kitchen ?
Question: is julie in the kitchen ?
Answer: yes </s>
Model prediction: no </s>
=========================
Step 12400: train_loss = 1.013869, train_acc = 0.500000, train ppl = 1.660194
Step 12500: train_loss = 0.735718, train_acc = 0.750000, train ppl = 1.444638
Step 12600: train_loss = 0.806110, train_acc = 0.500000, train ppl = 1.496389
Step 12700: train_loss = 0.843652, train_acc = 0.625000, train ppl = 1.524743
Step 12800: train_loss = 1.446456, train_acc = 0.250000, train ppl = 2.061076
Step 12900: train_loss = 0.987191, train_acc = 0.500000, train ppl = 1.638196
Step 13000: train_loss = 1.422005, train_acc = 0.375000, train ppl = 2.036032
Step 13100: train_loss = 0.795375, train_acc = 0.750000, train ppl = 1.488379
Step 13200: train_loss = 1.139895, train_acc = 0.500000, train ppl = 1.768174
Step 13300: train_loss = 1.600657, train_acc = 0.375000, train ppl = 2.226272
Step 13400: train_loss = 1.058381, train_acc = 0.500000, train ppl = 1.697557
Step 13500: train_loss = 1.038450, train_acc = 0.375000, train ppl = 1.680725
==== Finshed epoch 12 ====
Evaluating model...
Epoch 12: validation accuracy = 0.372000 -- validation perplexity = 1.684673
Epoch 12: test accuracy: 0.413000
---- Qualitative Analysis
Context: is mary in the office ? julie is either in the bedroom or the kitchen . mary journeyed to the school . julie is either in the bedroom or the kitchen . fred is either in the park or the bedroom . julie went to the school . bill is in the bedroom . is mary in the office ?
Question: is mary in the office ?
Answer: no </s>
Model prediction: yes </s>
=========================
Step 13600: train_loss = 1.156456, train_acc = 0.250000, train ppl = 1.782877
Step 13700: train_loss = 1.155403, train_acc = 0.250000, train ppl = 1.781938
Step 13800: train_loss = 0.913046, train_acc = 0.500000, train ppl = 1.578576
Step 13900: train_loss = 1.372435, train_acc = 0.250000, train ppl = 1.986188
Step 14000: train_loss = 1.731295, train_acc = 0.000000, train ppl = 2.376544
Step 14100: train_loss = 1.385478, train_acc = 0.375000, train ppl = 1.999184
Step 14200: train_loss = 1.117434, train_acc = 0.375000, train ppl = 1.748427
Step 14300: train_loss = 0.708964, train_acc = 0.625000, train ppl = 1.425442
Step 14400: train_loss = 0.967467, train_acc = 0.375000, train ppl = 1.622119
Step 14500: train_loss = 0.962616, train_acc = 0.500000, train ppl = 1.618190
Step 14600: train_loss = 1.162153, train_acc = 0.250000, train ppl = 1.787962
==== Finshed epoch 13 ====
Evaluating model...
Epoch 13: validation accuracy = 0.478000 -- validation perplexity = 1.820349
Epoch 13: test accuracy: 0.437000
---- Qualitative Analysis
Context: is fred in the school ? fred is either in the cinema or the school . julie travelled to the school . is fred in the school ?
Question: is fred in the school ?
Answer: maybe </s>
Model prediction: no </s>
=========================
Step 14700: train_loss = 0.858877, train_acc = 0.500000, train ppl = 1.536395
Step 14800: train_loss = 1.144462, train_acc = 0.250000, train ppl = 1.772217
Step 14900: train_loss = 1.922785, train_acc = 0.125000, train ppl = 2.615335
Step 15000: train_loss = 1.460636, train_acc = 0.250000, train ppl = 2.075741
Step 15100: train_loss = 1.360643, train_acc = 0.375000, train ppl = 1.974512
Step 15200: train_loss = 0.978019, train_acc = 0.250000, train ppl = 1.630701
Step 15300: train_loss = 0.883164, train_acc = 0.500000, train ppl = 1.555166
Step 15400: train_loss = 0.817560, train_acc = 0.625000, train ppl = 1.504981
Step 15500: train_loss = 1.403031, train_acc = 0.250000, train ppl = 2.016807
Step 15600: train_loss = 1.132394, train_acc = 0.000000, train ppl = 1.761555
Step 15700: train_loss = 1.617716, train_acc = 0.250000, train ppl = 2.245343
==== Finshed epoch 14 ====
Evaluating model...
Epoch 14: validation accuracy = 0.333000 -- validation perplexity = 1.925469
Epoch 14: test accuracy: 0.375000
---- Qualitative Analysis
Context: is mary in the kitchen ? julie is either in the bedroom or the cinema . bill journeyed to the cinema . bill is in the office . julie went to the school . julie travelled to the office . mary is in the school . mary is in the park . bill is either in the office or the kitchen . fred travelled to the office . mary went back to the kitchen . is mary in the kitchen ?
Question: is mary in the kitchen ?
Answer: yes </s>
Model prediction: yes </s>
=========================
Step 15800: train_loss = 1.377878, train_acc = 0.125000, train ppl = 1.991601
Step 15900: train_loss = 0.980792, train_acc = 0.500000, train ppl = 1.632963
Step 16000: train_loss = 0.781754, train_acc = 0.625000, train ppl = 1.478277
Step 16100: train_loss = 1.176592, train_acc = 0.375000, train ppl = 1.800917
Step 16200: train_loss = 0.866534, train_acc = 0.375000, train ppl = 1.542288
Step 16300: train_loss = 1.370412, train_acc = 0.125000, train ppl = 1.984180
Step 16400: train_loss = 1.017738, train_acc = 0.375000, train ppl = 1.663408
Step 16500: train_loss = 0.992694, train_acc = 0.500000, train ppl = 1.642710
Step 16600: train_loss = 1.594039, train_acc = 0.250000, train ppl = 2.218917
Step 16700: train_loss = 0.694457, train_acc = 0.625000, train ppl = 1.415140
Step 16800: train_loss = 1.041221, train_acc = 0.250000, train ppl = 1.683055
==== Finshed epoch 15 ====
Evaluating model...
Epoch 15: validation accuracy = 0.372000 -- validation perplexity = 1.907845
Epoch 15: test accuracy: 0.413000
---- Qualitative Analysis
Context: is fred in the kitchen ? julie is in the park . bill went to the kitchen . mary is either in the cinema or the school . fred is either in the school or the park . fred is either in the park or the bedroom . bill is either in the kitchen or the cinema . is fred in the kitchen ?
Question: is fred in the kitchen ?
Answer: no </s>
Model prediction: yes </s>
=========================
Step 16900: train_loss = 1.464333, train_acc = 0.250000, train ppl = 2.079581
Step 17000: train_loss = 1.066274, train_acc = 0.500000, train ppl = 1.704270
Step 17100: train_loss = 0.845214, train_acc = 0.500000, train ppl = 1.525934
Step 17200: train_loss = 0.870902, train_acc = 0.375000, train ppl = 1.545660
Step 17300: train_loss = 1.128649, train_acc = 0.375000, train ppl = 1.758260
Step 17400: train_loss = 2.152794, train_acc = 0.500000, train ppl = 2.934089
Step 17500: train_loss = 0.987364, train_acc = 0.500000, train ppl = 1.638338
Step 17600: train_loss = 1.243482, train_acc = 0.250000, train ppl = 1.862167
Step 17700: train_loss = 1.471588, train_acc = 0.375000, train ppl = 2.087138
Step 17800: train_loss = 0.856533, train_acc = 0.625000, train ppl = 1.534595
Step 17900: train_loss = 0.875592, train_acc = 0.625000, train ppl = 1.549289
Step 18000: train_loss = 1.259218, train_acc = 0.250000, train ppl = 1.876877
==== Finshed epoch 16 ====
Evaluating model...
Epoch 16: validation accuracy = 0.400000 -- validation perplexity = 1.670781
Epoch 16: test accuracy: 0.428000
---- Qualitative Analysis
Context: is bill in the school ? mary is either in the office or the office . julie is either in the park or the kitchen . bill journeyed to the bedroom . fred is in the park . bill is in the cinema . bill went back to the school . is bill in the school ?
Question: is bill in the school ?
Answer: yes </s>
Model prediction: yes </s>
=========================
Step 18100: train_loss = 1.012798, train_acc = 0.500000, train ppl = 1.659305
Step 18200: train_loss = 0.812164, train_acc = 0.625000, train ppl = 1.500925
Step 18300: train_loss = 0.951615, train_acc = 0.375000, train ppl = 1.609313
Step 18400: train_loss = 1.016177, train_acc = 0.500000, train ppl = 1.662111
Step 18500: train_loss = 0.977121, train_acc = 0.500000, train ppl = 1.629968
Step 18600: train_loss = 1.383839, train_acc = 0.000000, train ppl = 1.997546
Step 18700: train_loss = 1.098624, train_acc = 0.500000, train ppl = 1.732061
Step 18800: train_loss = 1.197869, train_acc = 0.125000, train ppl = 1.820178
Step 18900: train_loss = 1.019449, train_acc = 0.500000, train ppl = 1.664833
Step 19000: train_loss = 0.866932, train_acc = 0.625000, train ppl = 1.542595
Step 19100: train_loss = 1.118465, train_acc = 0.375000, train ppl = 1.749329
==== Finshed epoch 17 ====
Evaluating model...
Epoch 17: validation accuracy = 0.478000 -- validation perplexity = 1.695855
Epoch 17: test accuracy: 0.437000
---- Qualitative Analysis
Context: is julie in the kitchen ? bill travelled to the kitchen . julie went to the school . julie is either in the bedroom or the cinema . julie went to the kitchen . is julie in the kitchen ?
Question: is julie in the kitchen ?
Answer: yes </s>
Model prediction: no </s>
=========================
Step 19200: train_loss = 1.055287, train_acc = 0.250000, train ppl = 1.694933
Step 19300: train_loss = 2.285453, train_acc = 0.125000, train ppl = 3.135306
Step 19400: train_loss = 1.131325, train_acc = 0.250000, train ppl = 1.760614
Step 19500: train_loss = 0.899277, train_acc = 0.375000, train ppl = 1.567746
Step 19600: train_loss = 1.423877, train_acc = 0.375000, train ppl = 2.037938
Step 19700: train_loss = 1.686797, train_acc = 0.375000, train ppl = 2.324253
Step 19800: train_loss = 0.993627, train_acc = 0.375000, train ppl = 1.643476
Step 19900: train_loss = 1.797119, train_acc = 0.250000, train ppl = 2.456062
Step 20000: train_loss = 0.644859, train_acc = 0.625000, train ppl = 1.380478
Step 20100: train_loss = 0.944507, train_acc = 0.375000, train ppl = 1.603604
Step 20200: train_loss = 0.967137, train_acc = 0.500000, train ppl = 1.621851
==== Finshed epoch 18 ====
Evaluating model...
Epoch 18: validation accuracy = 0.436000 -- validation perplexity = 1.616548
Epoch 18: test accuracy: 0.426000
---- Qualitative Analysis
Context: is bill in the park ? julie is in the park . bill went to the kitchen . mary is either in the cinema or the school . fred is either in the school or the park . fred is either in the park or the bedroom . bill is either in the kitchen or the cinema . bill is in the bedroom . fred is in the kitchen . is bill in the park ?
Question: is bill in the park ?
Answer: no </s>
Model prediction: yes </s>
=========================
Step 20300: train_loss = 1.071124, train_acc = 0.375000, train ppl = 1.708408
Step 20400: train_loss = 1.990261, train_acc = 0.250000, train ppl = 2.705077
Step 20500: train_loss = 1.044258, train_acc = 0.125000, train ppl = 1.685613
Step 20600: train_loss = 1.397882, train_acc = 0.250000, train ppl = 2.011621
Step 20700: train_loss = 1.030664, train_acc = 0.250000, train ppl = 1.674194
Step 20800: train_loss = 1.263962, train_acc = 0.500000, train ppl = 1.881334
Step 20900: train_loss = 1.092256, train_acc = 0.125000, train ppl = 1.726555
Step 21000: train_loss = 0.856167, train_acc = 0.500000, train ppl = 1.534315
Step 21100: train_loss = 0.788353, train_acc = 0.625000, train ppl = 1.483162
Step 21200: train_loss = 0.835847, train_acc = 0.500000, train ppl = 1.518805
Step 21300: train_loss = 0.952336, train_acc = 0.500000, train ppl = 1.609894
==== Finshed epoch 19 ====
Evaluating model...
Epoch 19: validation accuracy = 0.478000 -- validation perplexity = 1.763268
Epoch 19: test accuracy: 0.437000
---- Qualitative Analysis
Context: is julie in the school ? mary is in the school . julie went to the bedroom . julie is in the school . fred went to the park . fred went to the office . fred is either in the school or the cinema . julie moved to the park . fred is in the kitchen . is julie in the school ?
Question: is julie in the school ?
Answer: no </s>
Model prediction: no </s>
=========================
Step 21400: train_loss = 1.016503, train_acc = 0.250000, train ppl = 1.662382
Step 21500: train_loss = 0.827276, train_acc = 0.500000, train ppl = 1.512310
Step 21600: train_loss = 0.901616, train_acc = 0.375000, train ppl = 1.569580
Step 21700: train_loss = 1.617987, train_acc = 0.250000, train ppl = 2.245646
Step 21800: train_loss = 1.184846, train_acc = 0.375000, train ppl = 1.808365
Step 21900: train_loss = 1.707396, train_acc = 0.375000, train ppl = 2.348314
Step 22000: train_loss = 1.112915, train_acc = 0.250000, train ppl = 1.744482
Step 22100: train_loss = 1.055189, train_acc = 0.500000, train ppl = 1.694850
Step 22200: train_loss = 0.654712, train_acc = 0.625000, train ppl = 1.387295
Step 22300: train_loss = 0.954028, train_acc = 0.500000, train ppl = 1.611256
Step 22400: train_loss = 2.049605, train_acc = 0.000000, train ppl = 2.786545
Step 22500: train_loss = 1.211184, train_acc = 0.250000, train ppl = 1.832337
==== Finshed epoch 20 ====
Evaluating model...
Epoch 20: validation accuracy = 0.459000 -- validation perplexity = 1.645777
Epoch 20: test accuracy: 0.494000
---- Qualitative Analysis
Context: is fred in the cinema ? fred is either in the school or the cinema . mary moved to the school . julie travelled to the office . fred journeyed to the office . julie is in the school . bill went back to the school . julie is either in the cinema or the cinema . mary is either in the park or the kitchen . fred travelled to the kitchen . fred is either in the cinema or the bedroom . is fred in the cinema ?
Question: is fred in the cinema ?
Answer: maybe </s>
Model prediction: no </s>
=========================
Step 22600: train_loss = 0.807532, train_acc = 0.500000, train ppl = 1.497454
Step 22700: train_loss = 1.329519, train_acc = 0.250000, train ppl = 1.944023
Step 22800: train_loss = 0.980108, train_acc = 0.500000, train ppl = 1.632404
Step 22900: train_loss = 1.233339, train_acc = 0.500000, train ppl = 1.852747
Step 23000: train_loss = 0.908897, train_acc = 0.625000, train ppl = 1.575305
Step 23100: train_loss = 0.719736, train_acc = 0.625000, train ppl = 1.433140
Step 23200: train_loss = 0.722167, train_acc = 0.625000, train ppl = 1.434884
Step 23300: train_loss = 0.978364, train_acc = 0.500000, train ppl = 1.630981
Step 23400: train_loss = 0.759823, train_acc = 0.625000, train ppl = 1.462155
Step 23500: train_loss = 1.259385, train_acc = 0.500000, train ppl = 1.877033
Step 23600: train_loss = 0.890784, train_acc = 0.500000, train ppl = 1.561102
==== Finshed epoch 21 ====
Evaluating model...
Epoch 21: validation accuracy = 0.478000 -- validation perplexity = 1.654695
Epoch 21: test accuracy: 0.437000
---- Qualitative Analysis
Context: is mary in the office ? julie is in the office . mary went back to the school . is mary in the office ?
Question: is mary in the office ?
Answer: no </s>
Model prediction: no </s>
=========================
Step 23700: train_loss = 1.207980, train_acc = 0.125000, train ppl = 1.829404
Step 23800: train_loss = 0.819545, train_acc = 0.500000, train ppl = 1.506475
Step 23900: train_loss = 0.576966, train_acc = 0.750000, train ppl = 1.334401
Step 24000: train_loss = 1.788948, train_acc = 0.250000, train ppl = 2.446049
Step 24100: train_loss = 0.909516, train_acc = 0.500000, train ppl = 1.575792
Step 24200: train_loss = 1.193441, train_acc = 0.375000, train ppl = 1.816153
Step 24300: train_loss = 0.888294, train_acc = 0.625000, train ppl = 1.559160
Step 24400: train_loss = 0.972653, train_acc = 0.500000, train ppl = 1.626331
Step 24500: train_loss = 0.750573, train_acc = 0.625000, train ppl = 1.455408
Step 24600: train_loss = 0.888381, train_acc = 0.625000, train ppl = 1.559227
Step 24700: train_loss = 0.916848, train_acc = 0.500000, train ppl = 1.581579
==== Finshed epoch 22 ====
Evaluating model...
Epoch 22: validation accuracy = 0.501000 -- validation perplexity = 1.580179
Epoch 22: test accuracy: 0.497000
---- Qualitative Analysis
Context: is bill in the kitchen ? fred travelled to the school . fred is in the office . bill is in the bedroom . bill is in the kitchen . is bill in the kitchen ?
Question: is bill in the kitchen ?
Answer: yes </s>
Model prediction: no </s>
=========================
Model checkpoint saved in models/dummy/best_model.ckpt
Step 24800: train_loss = 1.338975, train_acc = 0.125000, train ppl = 1.953236
Step 24900: train_loss = 0.897256, train_acc = 0.500000, train ppl = 1.566162
Step 25000: train_loss = 0.864501, train_acc = 0.500000, train ppl = 1.540721
Step 25100: train_loss = 0.779943, train_acc = 0.500000, train ppl = 1.476938
Step 25200: train_loss = 1.177211, train_acc = 0.375000, train ppl = 1.801474
Step 25300: train_loss = 1.524487, train_acc = 0.250000, train ppl = 2.143078
Step 25400: train_loss = 1.049802, train_acc = 0.250000, train ppl = 1.690291
Step 25500: train_loss = 0.785396, train_acc = 0.625000, train ppl = 1.480971
Step 25600: train_loss = 0.768576, train_acc = 0.875000, train ppl = 1.468569
Step 25700: train_loss = 1.333783, train_acc = 0.250000, train ppl = 1.948172
Step 25800: train_loss = 0.847542, train_acc = 0.500000, train ppl = 1.527712
==== Finshed epoch 23 ====
Evaluating model...
Epoch 23: validation accuracy = 0.438000 -- validation perplexity = 1.597621
Epoch 23: test accuracy: 0.466000
---- Qualitative Analysis
Context: is mary in the office ? mary went to the office . bill moved to the kitchen . mary is in the park . mary is in the office . fred went to the kitchen . julie travelled to the bedroom . is mary in the office ?
Question: is mary in the office ?
Answer: yes </s>
Model prediction: yes </s>
=========================
Step 25900: train_loss = 0.956664, train_acc = 0.250000, train ppl = 1.613381
Step 26000: train_loss = 1.018621, train_acc = 0.500000, train ppl = 1.664143
Step 26100: train_loss = 0.874112, train_acc = 0.500000, train ppl = 1.548143
Step 26200: train_loss = 0.709622, train_acc = 0.625000, train ppl = 1.425911
Step 26300: train_loss = 0.912038, train_acc = 0.750000, train ppl = 1.577780
Step 26400: train_loss = 0.828835, train_acc = 0.375000, train ppl = 1.513489
Step 26500: train_loss = 0.914684, train_acc = 0.500000, train ppl = 1.579869
Step 26600: train_loss = 1.008238, train_acc = 0.375000, train ppl = 1.655526
Step 26700: train_loss = 1.156680, train_acc = 0.250000, train ppl = 1.783076
Step 26800: train_loss = 0.983905, train_acc = 0.625000, train ppl = 1.635507
Step 26900: train_loss = 0.845189, train_acc = 0.625000, train ppl = 1.525915
Step 27000: train_loss = 1.783259, train_acc = 0.375000, train ppl = 2.439101
==== Finshed epoch 24 ====
Evaluating model...
Epoch 24: validation accuracy = 0.478000 -- validation perplexity = 1.912868
Epoch 24: test accuracy: 0.437000
---- Qualitative Analysis
Context: is fred in the park ? fred went back to the park . mary is in the school . bill is either in the bedroom or the cinema . fred is either in the park or the office . is fred in the park ?
Question: is fred in the park ?
Answer: maybe </s>
Model prediction: no </s>
=========================
Step 27100: train_loss = 1.040446, train_acc = 0.375000, train ppl = 1.682403
Step 27200: train_loss = 1.035154, train_acc = 0.500000, train ppl = 1.677957
Step 27300: train_loss = 0.956896, train_acc = 0.500000, train ppl = 1.613568
Step 27400: train_loss = 1.315776, train_acc = 0.375000, train ppl = 1.930710
Step 27500: train_loss = 1.272254, train_acc = 0.375000, train ppl = 1.889150
Step 27600: train_loss = 1.377124, train_acc = 0.250000, train ppl = 1.990850
Step 27700: train_loss = 0.911678, train_acc = 0.500000, train ppl = 1.577496
Step 27800: train_loss = 1.562306, train_acc = 0.250000, train ppl = 2.183989
Step 27900: train_loss = 1.170881, train_acc = 0.375000, train ppl = 1.795782
Step 28000: train_loss = 0.988612, train_acc = 0.625000, train ppl = 1.639360
Step 28100: train_loss = 1.012839, train_acc = 0.125000, train ppl = 1.659339
==== Finshed epoch 25 ====
Evaluating model...
Epoch 25: validation accuracy = 0.496000 -- validation perplexity = 1.570246
Epoch 25: test accuracy: 0.462000
---- Qualitative Analysis
Context: is bill in the office ? mary went to the office . bill moved to the office . is bill in the office ?
Question: is bill in the office ?
Answer: yes </s>
Model prediction: no </s>
=========================
Step 28200: train_loss = 0.908045, train_acc = 0.750000, train ppl = 1.574633
Step 28300: train_loss = 0.630997, train_acc = 0.750000, train ppl = 1.370943
Step 28400: train_loss = 0.873627, train_acc = 0.375000, train ppl = 1.547767
Step 28500: train_loss = 1.027140, train_acc = 0.375000, train ppl = 1.671247
Step 28600: train_loss = 0.930663, train_acc = 0.500000, train ppl = 1.592542
Step 28700: train_loss = 1.042564, train_acc = 0.500000, train ppl = 1.684185
Step 28800: train_loss = 0.999555, train_acc = 0.500000, train ppl = 1.648354
Step 28900: train_loss = 1.595136, train_acc = 0.125000, train ppl = 2.220135
Step 29000: train_loss = 0.776626, train_acc = 0.500000, train ppl = 1.474491
Step 29100: train_loss = 1.192211, train_acc = 0.375000, train ppl = 1.815036
Step 29200: train_loss = 1.008314, train_acc = 0.625000, train ppl = 1.655589
==== Finshed epoch 26 ====
Evaluating model...
Epoch 26: validation accuracy = 0.496000 -- validation perplexity = 1.643026
Epoch 26: test accuracy: 0.455000
---- Qualitative Analysis
Context: is fred in the kitchen ? fred is either in the school or the kitchen . julie is in the kitchen . fred is either in the school or the cinema . mary went back to the office . bill is either in the park or the kitchen . fred went to the office . mary is in the cinema . fred went back to the kitchen . is fred in the kitchen ?
Question: is fred in the kitchen ?
Answer: yes </s>
Model prediction: no </s>
=========================
Step 29300: train_loss = 1.064635, train_acc = 0.250000, train ppl = 1.702874
Step 29400: train_loss = 0.906042, train_acc = 0.500000, train ppl = 1.573057
Step 29500: train_loss = 1.132181, train_acc = 0.250000, train ppl = 1.761367
Step 29600: train_loss = 0.904853, train_acc = 0.250000, train ppl = 1.572122
Step 29700: train_loss = 1.484783, train_acc = 0.250000, train ppl = 2.100954
Step 29800: train_loss = 1.364232, train_acc = 0.375000, train ppl = 1.978058
Step 29900: train_loss = 1.151185, train_acc = 0.375000, train ppl = 1.778184
Step 30000: train_loss = 0.703436, train_acc = 0.875000, train ppl = 1.421508
Step 30100: train_loss = 1.032829, train_acc = 0.375000, train ppl = 1.676008
Step 30200: train_loss = 1.002417, train_acc = 0.500000, train ppl = 1.650715
Step 30300: train_loss = 0.955051, train_acc = 0.625000, train ppl = 1.612080
==== Finshed epoch 27 ====
Evaluating model...
Epoch 27: validation accuracy = 0.543000 -- validation perplexity = 1.648788
Epoch 27: test accuracy: 0.537000
---- Qualitative Analysis
Context: is julie in the school ? fred journeyed to the school . bill is in the office . fred travelled to the cinema . julie went to the kitchen . fred went to the kitchen . bill went to the park . fred journeyed to the bedroom . julie is in the park . is julie in the school ?
Question: is julie in the school ?
Answer: no </s>
Model prediction: no </s>
=========================
Model checkpoint saved in models/dummy/best_model.ckpt
Step 30400: train_loss = 0.805025, train_acc = 0.750000, train ppl = 1.495578
Step 30500: train_loss = 0.803592, train_acc = 0.625000, train ppl = 1.494507
Step 30600: train_loss = 0.656904, train_acc = 0.625000, train ppl = 1.388817
Step 30700: train_loss = 0.953422, train_acc = 0.500000, train ppl = 1.610767
Step 30800: train_loss = 1.175905, train_acc = 0.125000, train ppl = 1.800298
Step 30900: train_loss = 0.829764, train_acc = 0.750000, train ppl = 1.514192
Step 31000: train_loss = 0.590372, train_acc = 0.875000, train ppl = 1.343376
Step 31100: train_loss = 0.736850, train_acc = 0.750000, train ppl = 1.445456
Step 31200: train_loss = 0.805349, train_acc = 0.625000, train ppl = 1.495820
Step 31300: train_loss = 0.976854, train_acc = 0.750000, train ppl = 1.629751
Step 31400: train_loss = 0.816323, train_acc = 0.375000, train ppl = 1.504050
Step 31500: train_loss = 0.760065, train_acc = 0.750000, train ppl = 1.462332
==== Finshed epoch 28 ====
Evaluating model...
Epoch 28: validation accuracy = 0.594000 -- validation perplexity = 1.542737
Epoch 28: test accuracy: 0.588000
---- Qualitative Analysis
Context: is fred in the school ? fred went back to the kitchen . fred travelled to the office . fred is in the kitchen . julie is either in the office or the park . bill went to the bedroom . bill travelled to the office . is fred in the school ?
Question: is fred in the school ?
Answer: no </s>
Model prediction: yes </s>
=========================
Model checkpoint saved in models/dummy/best_model.ckpt
Step 31600: train_loss = 0.869923, train_acc = 0.500000, train ppl = 1.544904
Step 31700: train_loss = 0.608595, train_acc = 0.875000, train ppl = 1.355672
Step 31800: train_loss = 0.968738, train_acc = 0.500000, train ppl = 1.623151
Step 31900: train_loss = 1.023813, train_acc = 0.375000, train ppl = 1.668469
Step 32000: train_loss = 0.591690, train_acc = 1.000000, train ppl = 1.344262
Step 32100: train_loss = 0.883558, train_acc = 0.625000, train ppl = 1.555472
Step 32200: train_loss = 0.899493, train_acc = 0.500000, train ppl = 1.567914
Step 32300: train_loss = 0.803387, train_acc = 0.750000, train ppl = 1.494353
Step 32400: train_loss = 1.236060, train_acc = 0.500000, train ppl = 1.855269
Step 32500: train_loss = 0.610597, train_acc = 0.750000, train ppl = 1.357030
Step 32600: train_loss = 0.705090, train_acc = 0.750000, train ppl = 1.422684
==== Finshed epoch 29 ====
Evaluating model...
Epoch 29: validation accuracy = 0.550000 -- validation perplexity = 1.574577
Epoch 29: test accuracy: 0.533000
---- Qualitative Analysis
Context: is julie in the bedroom ? mary went back to the kitchen . julie travelled to the office . mary is either in the bedroom or the school . julie moved to the kitchen . julie journeyed to the school . julie is in the bedroom . is julie in the bedroom ?
Question: is julie in the bedroom ?
Answer: yes </s>
Model prediction: yes </s>
=========================
Step 32700: train_loss = 0.742792, train_acc = 0.750000, train ppl = 1.449757
Step 32800: train_loss = 0.659702, train_acc = 0.750000, train ppl = 1.390761
Step 32900: train_loss = 0.653384, train_acc = 0.625000, train ppl = 1.386374
Step 33000: train_loss = 0.807559, train_acc = 0.500000, train ppl = 1.497474
Step 33100: train_loss = 0.770629, train_acc = 0.625000, train ppl = 1.470077
Step 33200: train_loss = 1.815785, train_acc = 0.375000, train ppl = 2.479093
Step 33300: train_loss = 0.925718, train_acc = 0.500000, train ppl = 1.588609
Step 33400: train_loss = 1.238656, train_acc = 0.250000, train ppl = 1.857679
Step 33500: train_loss = 0.717979, train_acc = 0.750000, train ppl = 1.431882
Step 33600: train_loss = 0.945697, train_acc = 0.500000, train ppl = 1.604558
Step 33700: train_loss = 1.661936, train_acc = 0.375000, train ppl = 2.295539
==== Finshed epoch 30 ====
Evaluating model...
Epoch 30: validation accuracy = 0.515000 -- validation perplexity = 1.640759
Epoch 30: test accuracy: 0.496000
---- Qualitative Analysis
Context: is mary in the kitchen ? bill is either in the bedroom or the cinema . mary travelled to the park . fred moved to the park . mary journeyed to the office . bill is either in the cinema or the school . fred went to the office . bill is either in the kitchen or the kitchen . mary is in the kitchen . mary is either in the park or the cinema . fred is in the school . is mary in the kitchen ?
Question: is mary in the kitchen ?
Answer: no </s>
Model prediction: no </s>
=========================
Step 33800: train_loss = 1.157365, train_acc = 0.375000, train ppl = 1.783687
Step 33900: train_loss = 1.093414, train_acc = 0.375000, train ppl = 1.727554
Step 34000: train_loss = 0.994969, train_acc = 0.375000, train ppl = 1.644580
Step 34100: train_loss = 0.883476, train_acc = 0.625000, train ppl = 1.555408
Step 34200: train_loss = 1.251115, train_acc = 0.375000, train ppl = 1.869287
Step 34300: train_loss = 0.908071, train_acc = 0.625000, train ppl = 1.574654
Step 34400: train_loss = 0.819996, train_acc = 0.500000, train ppl = 1.506815
Step 34500: train_loss = 1.332173, train_acc = 0.250000, train ppl = 1.946605
Step 34600: train_loss = 0.941136, train_acc = 0.500000, train ppl = 1.600903
Step 34700: train_loss = 1.386256, train_acc = 0.375000, train ppl = 1.999962
Step 34800: train_loss = 0.865451, train_acc = 0.625000, train ppl = 1.541453
==== Finshed epoch 31 ====
Evaluating model...
Epoch 31: validation accuracy = 0.592000 -- validation perplexity = 1.526422
Epoch 31: test accuracy: 0.584000
---- Qualitative Analysis
Context: is bill in the park ? julie went to the park . julie moved to the office . fred went to the kitchen . mary is either in the bedroom or the park . bill is either in the school or the bedroom . mary travelled to the office . fred moved to the school . bill is either in the park or the school . julie is in the kitchen . julie moved to the school . is bill in the park ?
Question: is bill in the park ?
Answer: maybe </s>
Model prediction: yes </s>
=========================
Step 34900: train_loss = 0.870492, train_acc = 0.625000, train ppl = 1.545344
Step 35000: train_loss = 0.897905, train_acc = 0.500000, train ppl = 1.566671
Step 35100: train_loss = 1.204870, train_acc = 0.500000, train ppl = 1.826561
Step 35200: train_loss = 0.915267, train_acc = 0.625000, train ppl = 1.580330
Step 35300: train_loss = 0.819777, train_acc = 0.625000, train ppl = 1.506649
Step 35400: train_loss = 1.046281, train_acc = 0.500000, train ppl = 1.687319
Step 35500: train_loss = 0.714672, train_acc = 0.625000, train ppl = 1.429516
Step 35600: train_loss = 0.639472, train_acc = 0.625000, train ppl = 1.376765
Step 35700: train_loss = 0.915301, train_acc = 0.500000, train ppl = 1.580356
Step 35800: train_loss = 0.587479, train_acc = 0.625000, train ppl = 1.341434
Step 35900: train_loss = 0.799813, train_acc = 0.375000, train ppl = 1.491685
Step 36000: train_loss = 1.369690, train_acc = 0.375000, train ppl = 1.983464
==== Finshed epoch 32 ====
Evaluating model...
Epoch 32: validation accuracy = 0.425000 -- validation perplexity = 1.793081
Epoch 32: test accuracy: 0.441000
---- Qualitative Analysis
Context: is mary in the bedroom ? mary is either in the bedroom or the park . bill went to the park . mary went to the office . fred journeyed to the office . mary is in the bedroom . mary is in the school . fred moved to the kitchen . fred journeyed to the cinema . is mary in the bedroom ?
Question: is mary in the bedroom ?
Answer: no </s>
Model prediction: yes </s>
=========================
Step 36100: train_loss = 1.070276, train_acc = 0.375000, train ppl = 1.707684
Step 36200: train_loss = 0.933208, train_acc = 0.500000, train ppl = 1.594570
Step 36300: train_loss = 1.558983, train_acc = 0.125000, train ppl = 2.180363
Step 36400: train_loss = 0.964516, train_acc = 0.500000, train ppl = 1.619727
Step 36500: train_loss = 0.721148, train_acc = 0.625000, train ppl = 1.434152
Step 36600: train_loss = 0.749527, train_acc = 0.625000, train ppl = 1.454648
Step 36700: train_loss = 0.819730, train_acc = 0.500000, train ppl = 1.506614
Step 36800: train_loss = 1.111623, train_acc = 0.500000, train ppl = 1.743355
Step 36900: train_loss = 0.898990, train_acc = 0.375000, train ppl = 1.567520
Step 37000: train_loss = 1.533106, train_acc = 0.500000, train ppl = 2.152334
Step 37100: train_loss = 1.814737, train_acc = 0.500000, train ppl = 2.477794
==== Finshed epoch 33 ====
Evaluating model...
Epoch 33: validation accuracy = 0.548000 -- validation perplexity = 1.573867
Epoch 33: test accuracy: 0.552000
---- Qualitative Analysis
Context: is bill in the school ? mary moved to the school . bill went to the cinema . julie went back to the park . julie is in the cinema . bill is either in the school or the kitchen . julie is in the office . is bill in the school ?
Question: is bill in the school ?
Answer: maybe </s>
Model prediction: yes </s>
=========================
Step 37200: train_loss = 1.329138, train_acc = 0.375000, train ppl = 1.943653
Step 37300: train_loss = 1.382520, train_acc = 0.375000, train ppl = 1.996230
Step 37400: train_loss = 1.170912, train_acc = 0.375000, train ppl = 1.795809
Step 37500: train_loss = 1.363145, train_acc = 0.375000, train ppl = 1.976984
Step 37600: train_loss = 1.250595, train_acc = 0.375000, train ppl = 1.868802
Step 37700: train_loss = 0.909518, train_acc = 0.500000, train ppl = 1.575794
Step 37800: train_loss = 0.890804, train_acc = 0.625000, train ppl = 1.561118
Step 37900: train_loss = 0.696491, train_acc = 0.750000, train ppl = 1.416580
Step 38000: train_loss = 0.631281, train_acc = 0.750000, train ppl = 1.371137
Step 38100: train_loss = 1.406767, train_acc = 0.375000, train ppl = 2.020578
Step 38200: train_loss = 0.841978, train_acc = 0.875000, train ppl = 1.523467
==== Finshed epoch 34 ====
Evaluating model...
Epoch 34: validation accuracy = 0.533000 -- validation perplexity = 1.615100
Epoch 34: test accuracy: 0.537000
---- Qualitative Analysis
Context: is mary in the kitchen ? mary is in the kitchen . mary went to the park . is mary in the kitchen ?
Question: is mary in the kitchen ?
Answer: no </s>
Model prediction: yes </s>
=========================
Step 38300: train_loss = 1.667006, train_acc = 0.375000, train ppl = 2.301366
Step 38400: train_loss = 1.033823, train_acc = 0.625000, train ppl = 1.676841
Step 38500: train_loss = 0.852019, train_acc = 0.625000, train ppl = 1.531136
Step 38600: train_loss = 0.996394, train_acc = 0.750000, train ppl = 1.645751
