merge_mode:               concat
batch_size:               8
cell_type:                gru
num_units:                256
model_dir:                models/dummy
task:                     9
num_epochs:               50
restore_from_dir:         None
val_split:                0.1
max_gradient_norm:        1.0
data_dir:                 data/en-10k
learning_rate:            0.001
optimizer:                adam
embedding_size:           128
num_enc_layers:           1
dropout_keep_prob:        0.7
encoder_type:             bi
model_type:               normal
vocab:                    data/vocab.txt
Loading data...
vocabulary size = 487
Building model...
Running initializers...
Creating summary writers...
Performing evaluation before training...
---- Qualitative Analysis
Context: is john in the garden ? sandra went to the bathroom . sandra is in the office . mary is in the hallway . mary went to the garden . daniel travelled to the bathroom . mary is in the bedroom . john travelled to the office . john moved to the bedroom . is john in the garden ?
Question: is john in the garden ?
Answer: no </s>
Model prediction: 226 43 34 71 71 16 rhino 18 87 36
=========================
Step 100: train_loss = 0.685537, train_acc = 0.625000, train ppl = 1.408842
Step 200: train_loss = 0.330902, train_acc = 1.000000, train ppl = 1.179925
Step 300: train_loss = 0.691917, train_acc = 0.500000, train ppl = 1.413344
Step 400: train_loss = 1.462146, train_acc = 0.250000, train ppl = 2.077309
Step 500: train_loss = 0.606752, train_acc = 0.625000, train ppl = 1.354424
Step 600: train_loss = 0.574643, train_acc = 0.625000, train ppl = 1.332853
Step 700: train_loss = 0.656229, train_acc = 0.625000, train ppl = 1.388348
Step 800: train_loss = 0.819337, train_acc = 0.375000, train ppl = 1.506318
Step 900: train_loss = 0.546718, train_acc = 0.750000, train ppl = 1.314372
Step 1000: train_loss = 0.569516, train_acc = 0.875000, train ppl = 1.329440
Step 1100: train_loss = 0.814235, train_acc = 0.375000, train ppl = 1.502481
==== Finshed epoch 1 ====
Evaluating model...
Epoch 1: validation accuracy = 0.629000 -- validation perplexity = 1.367985
Epoch 1: test accuracy: 0.638000
---- Qualitative Analysis
Context: is mary in the kitchen ? john moved to the kitchen . john travelled to the hallway . sandra is in the hallway . mary went back to the kitchen . is mary in the kitchen ?
Question: is mary in the kitchen ?
Answer: yes </s>
Model prediction: no </s>
=========================
Model checkpoint saved in models/dummy/best_model.ckpt
Step 1200: train_loss = 0.505564, train_acc = 0.750000, train ppl = 1.287602
Step 1300: train_loss = 0.561820, train_acc = 0.625000, train ppl = 1.324335
Step 1400: train_loss = 0.649223, train_acc = 0.625000, train ppl = 1.383493
Step 1500: train_loss = 0.461876, train_acc = 0.625000, train ppl = 1.259781
Step 1600: train_loss = 0.499399, train_acc = 0.875000, train ppl = 1.283640
Step 1700: train_loss = 0.808767, train_acc = 0.375000, train ppl = 1.498378
Step 1800: train_loss = 0.649014, train_acc = 0.500000, train ppl = 1.383349
Step 1900: train_loss = 0.671520, train_acc = 0.625000, train ppl = 1.399003
Step 2000: train_loss = 0.638932, train_acc = 0.625000, train ppl = 1.376393
Step 2100: train_loss = 0.480203, train_acc = 0.625000, train ppl = 1.271378
Step 2200: train_loss = 0.686658, train_acc = 0.500000, train ppl = 1.409633
==== Finshed epoch 2 ====
Evaluating model...
Epoch 2: validation accuracy = 0.677000 -- validation perplexity = 1.351618
Epoch 2: test accuracy: 0.663000
---- Qualitative Analysis
Context: is daniel in the garden ? john moved to the bathroom . mary is no longer in the office . sandra is in the bathroom . sandra travelled to the garden . daniel is in the bathroom . mary journeyed to the garden . daniel moved to the garden . daniel is no longer in the garden . sandra is in the bedroom . daniel journeyed to the garden . is daniel in the garden ?
Question: is daniel in the garden ?
Answer: yes </s>
Model prediction: no </s>
=========================
Model checkpoint saved in models/dummy/best_model.ckpt
Step 2300: train_loss = 0.409387, train_acc = 0.750000, train ppl = 1.227149
Step 2400: train_loss = 0.717599, train_acc = 0.625000, train ppl = 1.431610
Step 2500: train_loss = 0.525557, train_acc = 0.750000, train ppl = 1.300539
Step 2600: train_loss = 0.599222, train_acc = 0.875000, train ppl = 1.349334
Step 2700: train_loss = 0.709073, train_acc = 0.500000, train ppl = 1.425520
Step 2800: train_loss = 0.864121, train_acc = 0.625000, train ppl = 1.540429
Step 2900: train_loss = 0.565647, train_acc = 0.875000, train ppl = 1.326871
Step 3000: train_loss = 0.845211, train_acc = 0.500000, train ppl = 1.525933
Step 3100: train_loss = 0.234453, train_acc = 1.000000, train ppl = 1.124374
Step 3200: train_loss = 0.499610, train_acc = 0.625000, train ppl = 1.283775
Step 3300: train_loss = 0.864632, train_acc = 0.375000, train ppl = 1.540822
==== Finshed epoch 3 ====
Evaluating model...
Epoch 3: validation accuracy = 0.731000 -- validation perplexity = 1.310770
Epoch 3: test accuracy: 0.705000
---- Qualitative Analysis
Context: is john in the bathroom ? john went back to the kitchen . mary journeyed to the hallway . john is in the hallway . john is no longer in the hallway . mary is no longer in the hallway . john is in the office . is john in the bathroom ?
Question: is john in the bathroom ?
Answer: no </s>
Model prediction: no </s>
=========================
Model checkpoint saved in models/dummy/best_model.ckpt
Step 3400: train_loss = 0.428469, train_acc = 0.750000, train ppl = 1.238913
Step 3500: train_loss = 1.232234, train_acc = 0.500000, train ppl = 1.851724
Step 3600: train_loss = 0.371113, train_acc = 0.875000, train ppl = 1.203889
Step 3700: train_loss = 0.550340, train_acc = 0.625000, train ppl = 1.316754
Step 3800: train_loss = 0.269047, train_acc = 0.875000, train ppl = 1.143992
Step 3900: train_loss = 0.402130, train_acc = 0.875000, train ppl = 1.222704
Step 4000: train_loss = 0.425815, train_acc = 0.750000, train ppl = 1.237270
Step 4100: train_loss = 0.322183, train_acc = 0.875000, train ppl = 1.174793
Step 4200: train_loss = 0.497984, train_acc = 0.750000, train ppl = 1.282732
Step 4300: train_loss = 0.597081, train_acc = 0.750000, train ppl = 1.347890
Step 4400: train_loss = 0.465868, train_acc = 0.750000, train ppl = 1.262298
Step 4500: train_loss = 0.323660, train_acc = 0.875000, train ppl = 1.175660
==== Finshed epoch 4 ====
Evaluating model...
Epoch 4: validation accuracy = 0.779000 -- validation perplexity = 1.263098
Epoch 4: test accuracy: 0.752000
---- Qualitative Analysis
Context: is mary in the bathroom ? mary moved to the garden . mary is in the bathroom . mary is in the office . mary journeyed to the bathroom . is mary in the bathroom ?
Question: is mary in the bathroom ?
Answer: yes </s>
Model prediction: yes </s>
=========================
Model checkpoint saved in models/dummy/best_model.ckpt
Step 4600: train_loss = 0.667512, train_acc = 0.750000, train ppl = 1.396202
Step 4700: train_loss = 0.242713, train_acc = 1.000000, train ppl = 1.129027
Step 4800: train_loss = 0.290587, train_acc = 0.875000, train ppl = 1.156379
Step 4900: train_loss = 0.377251, train_acc = 0.625000, train ppl = 1.207589
Step 5000: train_loss = 0.437195, train_acc = 0.750000, train ppl = 1.244331
Step 5100: train_loss = 0.391758, train_acc = 0.750000, train ppl = 1.216380
Step 5200: train_loss = 0.280299, train_acc = 0.875000, train ppl = 1.150446
Step 5300: train_loss = 0.339338, train_acc = 0.750000, train ppl = 1.184913
Step 5400: train_loss = 0.834954, train_acc = 0.625000, train ppl = 1.518126
Step 5500: train_loss = 0.537149, train_acc = 0.875000, train ppl = 1.308099
Step 5600: train_loss = 1.167460, train_acc = 0.625000, train ppl = 1.792713
==== Finshed epoch 5 ====
Evaluating model...
Epoch 5: validation accuracy = 0.831000 -- validation perplexity = 1.226373
Epoch 5: test accuracy: 0.785000
---- Qualitative Analysis
Context: is sandra in the garden ? mary travelled to the kitchen . daniel is in the garden . daniel moved to the bathroom . sandra is not in the garden . daniel is in the garden . john went to the office . daniel is not in the garden . john went back to the bedroom . is sandra in the garden ?
Question: is sandra in the garden ?
Answer: no </s>
Model prediction: no </s>
=========================
Model checkpoint saved in models/dummy/best_model.ckpt
Step 5700: train_loss = 0.389533, train_acc = 0.750000, train ppl = 1.215027
Step 5800: train_loss = 0.373475, train_acc = 0.875000, train ppl = 1.205311
Step 5900: train_loss = 0.189165, train_acc = 0.875000, train ppl = 1.099200
Step 6000: train_loss = 0.155620, train_acc = 1.000000, train ppl = 1.080917
Step 6100: train_loss = 0.170613, train_acc = 1.000000, train ppl = 1.089051
Step 6200: train_loss = 0.320991, train_acc = 0.750000, train ppl = 1.174093
Step 6300: train_loss = 0.299599, train_acc = 0.750000, train ppl = 1.161601
Step 6400: train_loss = 0.521398, train_acc = 0.750000, train ppl = 1.297837
Step 6500: train_loss = 0.517083, train_acc = 0.500000, train ppl = 1.295040
Step 6600: train_loss = 0.142306, train_acc = 1.000000, train ppl = 1.073746
Step 6700: train_loss = 0.154756, train_acc = 1.000000, train ppl = 1.080450
==== Finshed epoch 6 ====
Evaluating model...
Epoch 6: validation accuracy = 0.844000 -- validation perplexity = 1.209654
Epoch 6: test accuracy: 0.818000
---- Qualitative Analysis
Context: is daniel in the hallway ? john went back to the kitchen . daniel is in the hallway . john travelled to the bathroom . mary journeyed to the garden . is daniel in the hallway ?
Question: is daniel in the hallway ?
Answer: yes </s>
Model prediction: no </s>
=========================
Model checkpoint saved in models/dummy/best_model.ckpt
Step 6800: train_loss = 0.293164, train_acc = 0.875000, train ppl = 1.157870
Step 6900: train_loss = 0.155739, train_acc = 1.000000, train ppl = 1.080982
Step 7000: train_loss = 0.107528, train_acc = 1.000000, train ppl = 1.055235
Step 7100: train_loss = 0.455936, train_acc = 0.750000, train ppl = 1.256045
Step 7200: train_loss = 0.113761, train_acc = 1.000000, train ppl = 1.058529
Step 7300: train_loss = 0.426444, train_acc = 0.750000, train ppl = 1.237659
Step 7400: train_loss = 0.539159, train_acc = 0.750000, train ppl = 1.309414
Step 7500: train_loss = 0.603924, train_acc = 0.750000, train ppl = 1.352510
Step 7600: train_loss = 0.343482, train_acc = 0.875000, train ppl = 1.187370
Step 7700: train_loss = 0.278889, train_acc = 0.875000, train ppl = 1.149635
Step 7800: train_loss = 0.767082, train_acc = 0.625000, train ppl = 1.467472
==== Finshed epoch 7 ====
Evaluating model...
Epoch 7: validation accuracy = 0.838000 -- validation perplexity = 1.206600
Epoch 7: test accuracy: 0.819000
---- Qualitative Analysis
Context: is daniel in the bathroom ? mary is in the office . john went back to the kitchen . sandra travelled to the bathroom . john is in the garden . daniel travelled to the hallway . daniel went back to the bathroom . is daniel in the bathroom ?
Question: is daniel in the bathroom ?
Answer: yes </s>
Model prediction: yes </s>
=========================
Step 7900: train_loss = 0.438379, train_acc = 0.750000, train ppl = 1.245067
Step 8000: train_loss = 0.211659, train_acc = 1.000000, train ppl = 1.111632
Step 8100: train_loss = 0.040852, train_acc = 1.000000, train ppl = 1.020636
Step 8200: train_loss = 0.176161, train_acc = 1.000000, train ppl = 1.092076
Step 8300: train_loss = 0.260261, train_acc = 0.875000, train ppl = 1.138977
Step 8400: train_loss = 0.504922, train_acc = 0.875000, train ppl = 1.287189
Step 8500: train_loss = 0.082924, train_acc = 1.000000, train ppl = 1.042333
Step 8600: train_loss = 0.275631, train_acc = 0.875000, train ppl = 1.147764
Step 8700: train_loss = 0.449268, train_acc = 0.875000, train ppl = 1.251865
Step 8800: train_loss = 0.379901, train_acc = 0.875000, train ppl = 1.209190
Step 8900: train_loss = 0.164184, train_acc = 0.875000, train ppl = 1.085556
Step 9000: train_loss = 0.169673, train_acc = 0.875000, train ppl = 1.088539
==== Finshed epoch 8 ====
Evaluating model...
Epoch 8: validation accuracy = 0.841000 -- validation perplexity = 1.189932
Epoch 8: test accuracy: 0.834000
---- Qualitative Analysis
Context: is john in the garden ? mary went to the bedroom . mary journeyed to the garden . mary is in the bathroom . john is not in the kitchen . john is in the bathroom . mary is in the bedroom . sandra is in the hallway . john moved to the kitchen . is john in the garden ?
Question: is john in the garden ?
Answer: no </s>
Model prediction: no </s>
=========================
Step 9100: train_loss = 0.715132, train_acc = 0.500000, train ppl = 1.429845
Step 9200: train_loss = 0.541182, train_acc = 0.625000, train ppl = 1.310739
Step 9300: train_loss = 0.025846, train_acc = 1.000000, train ppl = 1.013007
Step 9400: train_loss = 0.163982, train_acc = 0.875000, train ppl = 1.085446
Step 9500: train_loss = 0.522629, train_acc = 0.750000, train ppl = 1.298636
Step 9600: train_loss = 0.516107, train_acc = 0.750000, train ppl = 1.294408
Step 9700: train_loss = 0.215566, train_acc = 0.875000, train ppl = 1.113806
Step 9800: train_loss = 0.204380, train_acc = 0.875000, train ppl = 1.107594
Step 9900: train_loss = 0.023377, train_acc = 1.000000, train ppl = 1.011757
Step 10000: train_loss = 0.037418, train_acc = 1.000000, train ppl = 1.018885
Step 10100: train_loss = 0.257079, train_acc = 0.875000, train ppl = 1.137166
==== Finshed epoch 9 ====
Evaluating model...
Epoch 9: validation accuracy = 0.852000 -- validation perplexity = 1.199482
Epoch 9: test accuracy: 0.811000
---- Qualitative Analysis
Context: is mary in the office ? john went to the office . sandra journeyed to the office . mary moved to the kitchen . daniel went back to the bathroom . sandra is not in the office . mary travelled to the office . john is no longer in the office . john went back to the bathroom . sandra went to the garden . sandra went back to the bedroom . is mary in the office ?
Question: is mary in the office ?
Answer: yes </s>
Model prediction: no </s>
=========================
Model checkpoint saved in models/dummy/best_model.ckpt
Step 10200: train_loss = 0.158488, train_acc = 0.875000, train ppl = 1.082468
Step 10300: train_loss = 0.050469, train_acc = 1.000000, train ppl = 1.025556
Step 10400: train_loss = 0.088944, train_acc = 1.000000, train ppl = 1.045475
Step 10500: train_loss = 0.458913, train_acc = 0.750000, train ppl = 1.257916
Step 10600: train_loss = 0.067453, train_acc = 1.000000, train ppl = 1.034302
Step 10700: train_loss = 0.479836, train_acc = 0.875000, train ppl = 1.271145
Step 10800: train_loss = 0.091888, train_acc = 1.000000, train ppl = 1.047016
Step 10900: train_loss = 0.339023, train_acc = 0.875000, train ppl = 1.184726
Step 11000: train_loss = 0.100183, train_acc = 1.000000, train ppl = 1.051367
Step 11100: train_loss = 0.040976, train_acc = 1.000000, train ppl = 1.020699
Step 11200: train_loss = 0.176627, train_acc = 0.875000, train ppl = 1.092330
==== Finshed epoch 10 ====
Evaluating model...
Epoch 10: validation accuracy = 0.837000 -- validation perplexity = 1.207849
Epoch 10: test accuracy: 0.815000
---- Qualitative Analysis
Context: is daniel in the hallway ? daniel went back to the garden . sandra journeyed to the office . john is in the bathroom . daniel moved to the bedroom . daniel is not in the bedroom . daniel is in the bathroom . mary travelled to the kitchen . john is no longer in the bathroom . is daniel in the hallway ?
Question: is daniel in the hallway ?
Answer: no </s>
Model prediction: no </s>
=========================
Step 11300: train_loss = 0.354568, train_acc = 0.875000, train ppl = 1.193970
Step 11400: train_loss = 0.200644, train_acc = 1.000000, train ppl = 1.105527
Step 11500: train_loss = 0.138430, train_acc = 0.875000, train ppl = 1.071666
Step 11600: train_loss = 0.613560, train_acc = 0.750000, train ppl = 1.359042
Step 11700: train_loss = 0.036977, train_acc = 1.000000, train ppl = 1.018661
Step 11800: train_loss = 0.545440, train_acc = 0.625000, train ppl = 1.313532
Step 11900: train_loss = 0.419621, train_acc = 0.875000, train ppl = 1.233444
Step 12000: train_loss = 0.119992, train_acc = 0.875000, train ppl = 1.061832
Step 12100: train_loss = 0.110127, train_acc = 0.875000, train ppl = 1.056608
Step 12200: train_loss = 0.263498, train_acc = 0.875000, train ppl = 1.140822
Step 12300: train_loss = 0.457966, train_acc = 0.875000, train ppl = 1.257321
==== Finshed epoch 11 ====
Evaluating model...
Epoch 11: validation accuracy = 0.836000 -- validation perplexity = 1.243141
Epoch 11: test accuracy: 0.834000
---- Qualitative Analysis
Context: is sandra in the garden ? sandra is in the garden . sandra is not in the garden . is sandra in the garden ?
Question: is sandra in the garden ?
Answer: no </s>
Model prediction: no </s>
=========================
Step 12400: train_loss = 0.274064, train_acc = 0.875000, train ppl = 1.146865
Step 12500: train_loss = 0.476186, train_acc = 0.875000, train ppl = 1.268827
Step 12600: train_loss = 0.052093, train_acc = 1.000000, train ppl = 1.026389
Step 12700: train_loss = 0.355807, train_acc = 0.875000, train ppl = 1.194710
Step 12800: train_loss = 0.540482, train_acc = 0.875000, train ppl = 1.310280
Step 12900: train_loss = 0.366243, train_acc = 0.875000, train ppl = 1.200960
Step 13000: train_loss = 0.051416, train_acc = 1.000000, train ppl = 1.026041
Step 13100: train_loss = 0.136986, train_acc = 0.875000, train ppl = 1.070893
Step 13200: train_loss = 0.045914, train_acc = 1.000000, train ppl = 1.023223
Step 13300: train_loss = 0.052694, train_acc = 1.000000, train ppl = 1.026697
Step 13400: train_loss = 0.196038, train_acc = 1.000000, train ppl = 1.102983
Step 13500: train_loss = 0.024208, train_acc = 1.000000, train ppl = 1.012177
==== Finshed epoch 12 ====
Evaluating model...
Epoch 12: validation accuracy = 0.845000 -- validation perplexity = 1.240952
Epoch 12: test accuracy: 0.827000
---- Qualitative Analysis
Context: is sandra in the office ? mary went back to the bedroom . daniel is no longer in the hallway . john went to the office . john went to the kitchen . john journeyed to the hallway . daniel journeyed to the office . sandra moved to the kitchen . mary is not in the bedroom . sandra is in the office . mary is in the garden . is sandra in the office ?
Question: is sandra in the office ?
Answer: yes </s>
Model prediction: yes </s>
=========================
Step 13600: train_loss = 0.080350, train_acc = 1.000000, train ppl = 1.040993
Step 13700: train_loss = 0.166221, train_acc = 0.875000, train ppl = 1.086662
Step 13800: train_loss = 0.361556, train_acc = 0.875000, train ppl = 1.198149
Step 13900: train_loss = 0.212707, train_acc = 0.875000, train ppl = 1.112215
Step 14000: train_loss = 0.083031, train_acc = 1.000000, train ppl = 1.042390
Step 14100: train_loss = 0.495177, train_acc = 0.875000, train ppl = 1.280933
Step 14200: train_loss = 0.551141, train_acc = 0.875000, train ppl = 1.317282
Step 14300: train_loss = 0.082340, train_acc = 1.000000, train ppl = 1.042029
Step 14400: train_loss = 0.013723, train_acc = 1.000000, train ppl = 1.006885
Step 14500: train_loss = 0.340276, train_acc = 0.875000, train ppl = 1.185468
Step 14600: train_loss = 0.268089, train_acc = 0.875000, train ppl = 1.143443
==== Finshed epoch 13 ====
Evaluating model...
Epoch 13: validation accuracy = 0.849000 -- validation perplexity = 1.295532
Epoch 13: test accuracy: 0.828000
---- Qualitative Analysis
Context: is mary in the kitchen ? john is no longer in the office . john is no longer in the hallway . john is in the hallway . mary is in the hallway . john is no longer in the hallway . sandra is in the bedroom . john travelled to the bathroom . sandra is not in the bedroom . mary is not in the hallway . mary is not in the kitchen . is mary in the kitchen ?
Question: is mary in the kitchen ?
Answer: no </s>
Model prediction: no </s>
=========================
Step 14700: train_loss = 0.225258, train_acc = 0.875000, train ppl = 1.119216
Step 14800: train_loss = 0.006577, train_acc = 1.000000, train ppl = 1.003294
Step 14900: train_loss = 0.189630, train_acc = 0.875000, train ppl = 1.099456
Step 15000: train_loss = 0.022184, train_acc = 1.000000, train ppl = 1.011154
Step 15100: train_loss = 0.015609, train_acc = 1.000000, train ppl = 1.007835
Step 15200: train_loss = 0.006503, train_acc = 1.000000, train ppl = 1.003257
Step 15300: train_loss = 0.096993, train_acc = 1.000000, train ppl = 1.049692
Step 15400: train_loss = 0.116799, train_acc = 0.875000, train ppl = 1.060138
Step 15500: train_loss = 0.285724, train_acc = 0.875000, train ppl = 1.153571
Step 15600: train_loss = 0.125056, train_acc = 0.875000, train ppl = 1.064524
Step 15700: train_loss = 0.239444, train_acc = 0.750000, train ppl = 1.127183
==== Finshed epoch 14 ====
Evaluating model...
Epoch 14: validation accuracy = 0.842000 -- validation perplexity = 1.334017
Epoch 14: test accuracy: 0.820000
---- Qualitative Analysis
Context: is mary in the kitchen ? daniel journeyed to the hallway . mary went to the bedroom . is mary in the kitchen ?
Question: is mary in the kitchen ?
Answer: no </s>
Model prediction: no </s>
=========================
Step 15800: train_loss = 0.045409, train_acc = 1.000000, train ppl = 1.022964
Step 15900: train_loss = 0.176324, train_acc = 0.875000, train ppl = 1.092165
Step 16000: train_loss = 0.019321, train_acc = 1.000000, train ppl = 1.009707
Step 16100: train_loss = 0.097174, train_acc = 1.000000, train ppl = 1.049787
Step 16200: train_loss = 0.211666, train_acc = 0.875000, train ppl = 1.111636
Step 16300: train_loss = 0.003783, train_acc = 1.000000, train ppl = 1.001893
Step 16400: train_loss = 0.778713, train_acc = 0.875000, train ppl = 1.476031
Step 16500: train_loss = 0.042580, train_acc = 1.000000, train ppl = 1.021518
Step 16600: train_loss = 0.078609, train_acc = 1.000000, train ppl = 1.040087
Step 16700: train_loss = 0.009979, train_acc = 1.000000, train ppl = 1.005002
Step 16800: train_loss = 0.357322, train_acc = 0.875000, train ppl = 1.195615
==== Finshed epoch 15 ====
Evaluating model...
Epoch 15: validation accuracy = 0.844000 -- validation perplexity = 1.278791
Epoch 15: test accuracy: 0.816000
---- Qualitative Analysis
Context: is john in the bedroom ? john journeyed to the bedroom . mary went to the bathroom . is john in the bedroom ?
Question: is john in the bedroom ?
Answer: yes </s>
Model prediction: yes </s>
=========================
Step 16900: train_loss = 0.101949, train_acc = 0.875000, train ppl = 1.052296
Step 17000: train_loss = 0.013990, train_acc = 1.000000, train ppl = 1.007020
Step 17100: train_loss = 0.050962, train_acc = 1.000000, train ppl = 1.025809
Step 17200: train_loss = 0.011774, train_acc = 1.000000, train ppl = 1.005904
Step 17300: train_loss = 0.122357, train_acc = 1.000000, train ppl = 1.063089
Step 17400: train_loss = 0.017124, train_acc = 1.000000, train ppl = 1.008599
Step 17500: train_loss = 0.339896, train_acc = 0.875000, train ppl = 1.185243
Step 17600: train_loss = 0.002820, train_acc = 1.000000, train ppl = 1.001411
Step 17700: train_loss = 0.033297, train_acc = 1.000000, train ppl = 1.016788
Step 17800: train_loss = 0.317483, train_acc = 0.875000, train ppl = 1.172035
Step 17900: train_loss = 0.274829, train_acc = 0.875000, train ppl = 1.147304
Step 18000: train_loss = 0.369410, train_acc = 0.875000, train ppl = 1.202863
==== Finshed epoch 16 ====
Evaluating model...
Epoch 16: validation accuracy = 0.845000 -- validation perplexity = 1.350130
Epoch 16: test accuracy: 0.823000
---- Qualitative Analysis
Context: is mary in the kitchen ? john went to the hallway . daniel is in the hallway . john is in the bedroom . daniel moved to the office . john went to the kitchen . mary travelled to the kitchen . daniel journeyed to the garden . mary is not in the kitchen . is mary in the kitchen ?
Question: is mary in the kitchen ?
Answer: no </s>
Model prediction: yes </s>
=========================
Step 18100: train_loss = 0.016774, train_acc = 1.000000, train ppl = 1.008422
Step 18200: train_loss = 0.002225, train_acc = 1.000000, train ppl = 1.001113
Step 18300: train_loss = 0.082923, train_acc = 1.000000, train ppl = 1.042333
Step 18400: train_loss = 0.010358, train_acc = 1.000000, train ppl = 1.005193
Step 18500: train_loss = 0.003432, train_acc = 1.000000, train ppl = 1.001717
Step 18600: train_loss = 0.089519, train_acc = 1.000000, train ppl = 1.045776
Step 18700: train_loss = 0.004871, train_acc = 1.000000, train ppl = 1.002438
Step 18800: train_loss = 0.157438, train_acc = 0.875000, train ppl = 1.081900
Step 18900: train_loss = 0.650838, train_acc = 0.875000, train ppl = 1.384610
Step 19000: train_loss = 0.193152, train_acc = 0.875000, train ppl = 1.101393
Step 19100: train_loss = 0.028735, train_acc = 1.000000, train ppl = 1.014471
==== Finshed epoch 17 ====
Evaluating model...
Epoch 17: validation accuracy = 0.842000 -- validation perplexity = 1.419319
Epoch 17: test accuracy: 0.812000
---- Qualitative Analysis
Context: is john in the office ? john went back to the kitchen . mary travelled to the garden . daniel is not in the bathroom . mary is no longer in the garden . daniel travelled to the office . john moved to the office . daniel is no longer in the office . mary is no longer in the bedroom . is john in the office ?
Question: is john in the office ?
Answer: yes </s>
Model prediction: no </s>
=========================
Step 19200: train_loss = 0.009562, train_acc = 1.000000, train ppl = 1.004793
Step 19300: train_loss = 0.027103, train_acc = 1.000000, train ppl = 1.013644
Step 19400: train_loss = 0.003554, train_acc = 1.000000, train ppl = 1.001778
Step 19500: train_loss = 0.037974, train_acc = 1.000000, train ppl = 1.019168
Step 19600: train_loss = 0.957797, train_acc = 0.750000, train ppl = 1.614295
Step 19700: train_loss = 0.003453, train_acc = 1.000000, train ppl = 1.001728
Step 19800: train_loss = 0.022206, train_acc = 1.000000, train ppl = 1.011165
Step 19900: train_loss = 0.000844, train_acc = 1.000000, train ppl = 1.000422
Step 20000: train_loss = 0.272473, train_acc = 0.875000, train ppl = 1.145953
Step 20100: train_loss = 0.000853, train_acc = 1.000000, train ppl = 1.000426
Step 20200: train_loss = 0.000512, train_acc = 1.000000, train ppl = 1.000256
==== Finshed epoch 18 ====
Evaluating model...
Epoch 18: validation accuracy = 0.835000 -- validation perplexity = 1.488825
Epoch 18: test accuracy: 0.808000
---- Qualitative Analysis
Context: is mary in the kitchen ? john went to the bedroom . daniel is not in the kitchen . daniel went back to the kitchen . mary moved to the kitchen . john is no longer in the bedroom . daniel is in the office . is mary in the kitchen ?
Question: is mary in the kitchen ?
Answer: yes </s>
Model prediction: yes </s>
=========================
Step 20300: train_loss = 0.040599, train_acc = 1.000000, train ppl = 1.020507
Step 20400: train_loss = 0.000414, train_acc = 1.000000, train ppl = 1.000207
Step 20500: train_loss = 0.008006, train_acc = 1.000000, train ppl = 1.004011
Step 20600: train_loss = 0.003539, train_acc = 1.000000, train ppl = 1.001771
Step 20700: train_loss = 0.104301, train_acc = 0.875000, train ppl = 1.053534
Step 20800: train_loss = 0.013335, train_acc = 1.000000, train ppl = 1.006690
Step 20900: train_loss = 0.549905, train_acc = 0.875000, train ppl = 1.316468
Step 21000: train_loss = 0.002023, train_acc = 1.000000, train ppl = 1.001012
Step 21100: train_loss = 0.062187, train_acc = 1.000000, train ppl = 1.031582
Step 21200: train_loss = 0.001560, train_acc = 1.000000, train ppl = 1.000780
Step 21300: train_loss = 0.001547, train_acc = 1.000000, train ppl = 1.000774
==== Finshed epoch 19 ====
Evaluating model...
Epoch 19: validation accuracy = 0.845000 -- validation perplexity = 1.563235
Epoch 19: test accuracy: 0.808000
---- Qualitative Analysis
Context: is john in the garden ? sandra is in the hallway . john went back to the kitchen . daniel went back to the garden . daniel is not in the garden . is john in the garden ?
Question: is john in the garden ?
Answer: no </s>
Model prediction: no </s>
=========================
Step 21400: train_loss = 0.004477, train_acc = 1.000000, train ppl = 1.002241
Step 21500: train_loss = 0.020305, train_acc = 1.000000, train ppl = 1.010204
Step 21600: train_loss = 0.004532, train_acc = 1.000000, train ppl = 1.002268
Step 21700: train_loss = 0.636481, train_acc = 0.750000, train ppl = 1.374707
Step 21800: train_loss = 0.002286, train_acc = 1.000000, train ppl = 1.001144
Step 21900: train_loss = 0.078912, train_acc = 1.000000, train ppl = 1.040245
Step 22000: train_loss = 0.700553, train_acc = 0.875000, train ppl = 1.419460
Step 22100: train_loss = 0.000289, train_acc = 1.000000, train ppl = 1.000144
Step 22200: train_loss = 0.000504, train_acc = 1.000000, train ppl = 1.000252
Step 22300: train_loss = 0.006593, train_acc = 1.000000, train ppl = 1.003302
Step 22400: train_loss = 0.032042, train_acc = 1.000000, train ppl = 1.016150
Step 22500: train_loss = 0.274221, train_acc = 0.875000, train ppl = 1.146955
==== Finshed epoch 20 ====
Evaluating model...
Epoch 20: validation accuracy = 0.853000 -- validation perplexity = 1.546771
Epoch 20: test accuracy: 0.794000
---- Qualitative Analysis
Context: is sandra in the hallway ? sandra is in the hallway . john moved to the kitchen . mary moved to the garden . sandra is no longer in the hallway . sandra is no longer in the bedroom . sandra is no longer in the hallway . daniel journeyed to the hallway . mary went back to the hallway . is sandra in the hallway ?
Question: is sandra in the hallway ?
Answer: no </s>
Model prediction: yes </s>
=========================
Model checkpoint saved in models/dummy/best_model.ckpt
Step 22600: train_loss = 1.477896, train_acc = 0.750000, train ppl = 2.093732
Step 22700: train_loss = 0.011186, train_acc = 1.000000, train ppl = 1.005609
Step 22800: train_loss = 0.337284, train_acc = 0.875000, train ppl = 1.183696
Step 22900: train_loss = 0.014248, train_acc = 1.000000, train ppl = 1.007149
Step 23000: train_loss = 0.007319, train_acc = 1.000000, train ppl = 1.003666
Step 23100: train_loss = 0.001406, train_acc = 1.000000, train ppl = 1.000703
Step 23200: train_loss = 0.001038, train_acc = 1.000000, train ppl = 1.000519
Step 23300: train_loss = 0.019966, train_acc = 1.000000, train ppl = 1.010033
Step 23400: train_loss = 0.322318, train_acc = 0.875000, train ppl = 1.174872
Step 23500: train_loss = 0.034288, train_acc = 1.000000, train ppl = 1.017292
Step 23600: train_loss = 0.014206, train_acc = 1.000000, train ppl = 1.007128
==== Finshed epoch 21 ====
Evaluating model...
Epoch 21: validation accuracy = 0.857000 -- validation perplexity = 1.519958
Epoch 21: test accuracy: 0.814000
---- Qualitative Analysis
Context: is daniel in the hallway ? sandra is no longer in the bedroom . john went back to the kitchen . john is in the hallway . daniel is in the hallway . daniel is no longer in the hallway . john moved to the office . john travelled to the bathroom . mary is in the bedroom . sandra is in the office . daniel journeyed to the garden . is daniel in the hallway ?
Question: is daniel in the hallway ?
Answer: no </s>
Model prediction: no </s>
=========================
Model checkpoint saved in models/dummy/best_model.ckpt
Step 23700: train_loss = 0.001140, train_acc = 1.000000, train ppl = 1.000570
Step 23800: train_loss = 0.000318, train_acc = 1.000000, train ppl = 1.000159
Step 23900: train_loss = 0.065123, train_acc = 1.000000, train ppl = 1.033097
Step 24000: train_loss = 0.000421, train_acc = 1.000000, train ppl = 1.000211
Step 24100: train_loss = 0.543973, train_acc = 0.875000, train ppl = 1.312569
Step 24200: train_loss = 0.012420, train_acc = 1.000000, train ppl = 1.006229
Step 24300: train_loss = 0.000809, train_acc = 1.000000, train ppl = 1.000404
Step 24400: train_loss = 0.000381, train_acc = 1.000000, train ppl = 1.000191
Step 24500: train_loss = 0.031186, train_acc = 1.000000, train ppl = 1.015715
Step 24600: train_loss = 0.004798, train_acc = 1.000000, train ppl = 1.002402
Step 24700: train_loss = 0.010317, train_acc = 1.000000, train ppl = 1.005172
==== Finshed epoch 22 ====
Evaluating model...
Epoch 22: validation accuracy = 0.850000 -- validation perplexity = 1.587333
Epoch 22: test accuracy: 0.806000
---- Qualitative Analysis
Context: is sandra in the kitchen ? mary travelled to the kitchen . mary is no longer in the kitchen . john went back to the bathroom . daniel went back to the office . mary is in the hallway . sandra is in the office . daniel is not in the office . daniel is in the bedroom . mary is no longer in the hallway . sandra went to the kitchen . is sandra in the kitchen ?
Question: is sandra in the kitchen ?
Answer: yes </s>
Model prediction: yes </s>
=========================
Step 24800: train_loss = 0.000051, train_acc = 1.000000, train ppl = 1.000025
Step 24900: train_loss = 0.000192, train_acc = 1.000000, train ppl = 1.000096
Step 25000: train_loss = 0.192066, train_acc = 0.875000, train ppl = 1.100796
Step 25100: train_loss = 0.000420, train_acc = 1.000000, train ppl = 1.000210
Step 25200: train_loss = 0.001455, train_acc = 1.000000, train ppl = 1.000728
Step 25300: train_loss = 0.000234, train_acc = 1.000000, train ppl = 1.000117
Step 25400: train_loss = 0.391895, train_acc = 0.750000, train ppl = 1.216463
Step 25500: train_loss = 0.003026, train_acc = 1.000000, train ppl = 1.001514
Step 25600: train_loss = 0.503880, train_acc = 0.875000, train ppl = 1.286519
Step 25700: train_loss = 0.107551, train_acc = 0.875000, train ppl = 1.055248
Step 25800: train_loss = 0.006957, train_acc = 1.000000, train ppl = 1.003484
==== Finshed epoch 23 ====
Evaluating model...
Epoch 23: validation accuracy = 0.840000 -- validation perplexity = 1.563052
Epoch 23: test accuracy: 0.800000
---- Qualitative Analysis
Context: is sandra in the hallway ? daniel is in the office . daniel travelled to the garden . sandra went back to the kitchen . sandra journeyed to the bathroom . is sandra in the hallway ?
Question: is sandra in the hallway ?
Answer: no </s>
Model prediction: no </s>
=========================
Step 25900: train_loss = 0.005349, train_acc = 1.000000, train ppl = 1.002678
Step 26000: train_loss = 0.001004, train_acc = 1.000000, train ppl = 1.000502
Step 26100: train_loss = 0.034981, train_acc = 1.000000, train ppl = 1.017644
Step 26200: train_loss = 0.001011, train_acc = 1.000000, train ppl = 1.000506
Step 26300: train_loss = 0.042285, train_acc = 1.000000, train ppl = 1.021368
Step 26400: train_loss = 0.007161, train_acc = 1.000000, train ppl = 1.003587
Step 26500: train_loss = 0.271672, train_acc = 0.875000, train ppl = 1.145494
Step 26600: train_loss = 0.008026, train_acc = 1.000000, train ppl = 1.004021
Step 26700: train_loss = 0.000324, train_acc = 1.000000, train ppl = 1.000162
Step 26800: train_loss = 0.053609, train_acc = 1.000000, train ppl = 1.027167
Step 26900: train_loss = 0.000227, train_acc = 1.000000, train ppl = 1.000113
Step 27000: train_loss = 0.018199, train_acc = 1.000000, train ppl = 1.009141
==== Finshed epoch 24 ====
Evaluating model...
Epoch 24: validation accuracy = 0.848000 -- validation perplexity = 1.666258
Epoch 24: test accuracy: 0.813000
---- Qualitative Analysis
Context: is sandra in the bedroom ? sandra travelled to the kitchen . mary journeyed to the hallway . is sandra in the bedroom ?
Question: is sandra in the bedroom ?
Answer: no </s>
Model prediction: no </s>
=========================
Step 27100: train_loss = 0.089108, train_acc = 1.000000, train ppl = 1.045561
Step 27200: train_loss = 0.007258, train_acc = 1.000000, train ppl = 1.003636
Step 27300: train_loss = 0.006300, train_acc = 1.000000, train ppl = 1.003155
Step 27400: train_loss = 0.239825, train_acc = 0.875000, train ppl = 1.127398
Step 27500: train_loss = 0.000602, train_acc = 1.000000, train ppl = 1.000301
Step 27600: train_loss = 0.000599, train_acc = 1.000000, train ppl = 1.000299
Step 27700: train_loss = 0.196600, train_acc = 0.875000, train ppl = 1.103294
Step 27800: train_loss = 1.452948, train_acc = 0.875000, train ppl = 2.067776
Step 27900: train_loss = 0.283808, train_acc = 0.875000, train ppl = 1.152466
Step 28000: train_loss = 0.210133, train_acc = 0.875000, train ppl = 1.110784
Step 28100: train_loss = 0.702765, train_acc = 0.875000, train ppl = 1.421031
==== Finshed epoch 25 ====
Evaluating model...
Epoch 25: validation accuracy = 0.840000 -- validation perplexity = 1.627688
Epoch 25: test accuracy: 0.813000
---- Qualitative Analysis
Context: is john in the garden ? sandra is in the hallway . john went back to the kitchen . daniel went back to the garden . daniel is not in the garden . is john in the garden ?
Question: is john in the garden ?
Answer: no </s>
Model prediction: no </s>
=========================
Step 28200: train_loss = 0.187306, train_acc = 0.875000, train ppl = 1.098179
Step 28300: train_loss = 0.000312, train_acc = 1.000000, train ppl = 1.000156
Step 28400: train_loss = 0.000283, train_acc = 1.000000, train ppl = 1.000141
Step 28500: train_loss = 0.000009, train_acc = 1.000000, train ppl = 1.000005
Step 28600: train_loss = 0.002977, train_acc = 1.000000, train ppl = 1.001490
Step 28700: train_loss = 0.000186, train_acc = 1.000000, train ppl = 1.000093
Step 28800: train_loss = 0.369019, train_acc = 0.875000, train ppl = 1.202628
Step 28900: train_loss = 0.305524, train_acc = 0.875000, train ppl = 1.165048
Step 29000: train_loss = 0.001250, train_acc = 1.000000, train ppl = 1.000625
Step 29100: train_loss = 0.296976, train_acc = 0.875000, train ppl = 1.160079
Step 29200: train_loss = 0.000215, train_acc = 1.000000, train ppl = 1.000107
==== Finshed epoch 26 ====
Evaluating model...
Epoch 26: validation accuracy = 0.851000 -- validation perplexity = 1.639918
Epoch 26: test accuracy: 0.817000
---- Qualitative Analysis
Context: is daniel in the bathroom ? john went to the hallway . daniel is no longer in the bedroom . daniel is no longer in the bathroom . john is in the office . sandra is in the bedroom . mary went back to the kitchen . is daniel in the bathroom ?
Question: is daniel in the bathroom ?
Answer: no </s>
Model prediction: no </s>
=========================
Step 29300: train_loss = 0.804705, train_acc = 0.875000, train ppl = 1.495338
Step 29400: train_loss = 0.827123, train_acc = 0.875000, train ppl = 1.512194
Step 29500: train_loss = 0.145912, train_acc = 0.875000, train ppl = 1.075683
Step 29600: train_loss = 0.002476, train_acc = 1.000000, train ppl = 1.001239
Step 29700: train_loss = 0.000078, train_acc = 1.000000, train ppl = 1.000039
Step 29800: train_loss = 0.000758, train_acc = 1.000000, train ppl = 1.000379
Step 29900: train_loss = 0.007235, train_acc = 1.000000, train ppl = 1.003624
Step 30000: train_loss = 0.965190, train_acc = 0.875000, train ppl = 1.620274
Step 30100: train_loss = 0.000913, train_acc = 1.000000, train ppl = 1.000456
Step 30200: train_loss = 0.300271, train_acc = 0.875000, train ppl = 1.161992
Step 30300: train_loss = 0.019589, train_acc = 1.000000, train ppl = 1.009843
==== Finshed epoch 27 ====
Evaluating model...
Epoch 27: validation accuracy = 0.832000 -- validation perplexity = 1.661029
Epoch 27: test accuracy: 0.804000
---- Qualitative Analysis
Context: is daniel in the bedroom ? daniel travelled to the bedroom . john is in the bathroom . mary travelled to the garden . mary is in the kitchen . daniel is no longer in the bedroom . mary is not in the kitchen . is daniel in the bedroom ?
Question: is daniel in the bedroom ?
Answer: no </s>
Model prediction: no </s>
=========================
Step 30400: train_loss = 0.000593, train_acc = 1.000000, train ppl = 1.000297
Step 30500: train_loss = 0.000294, train_acc = 1.000000, train ppl = 1.000147
Step 30600: train_loss = 0.005058, train_acc = 1.000000, train ppl = 1.002532
Step 30700: train_loss = 0.194021, train_acc = 0.875000, train ppl = 1.101872
Step 30800: train_loss = 0.227098, train_acc = 0.875000, train ppl = 1.120247
Step 30900: train_loss = 0.005459, train_acc = 1.000000, train ppl = 1.002733
Step 31000: train_loss = 0.000729, train_acc = 1.000000, train ppl = 1.000364
Step 31100: train_loss = 1.385547, train_acc = 0.875000, train ppl = 1.999253
Step 31200: train_loss = 0.005177, train_acc = 1.000000, train ppl = 1.002592
Step 31300: train_loss = 0.703040, train_acc = 0.875000, train ppl = 1.421226
Step 31400: train_loss = 0.218798, train_acc = 0.875000, train ppl = 1.115607
Step 31500: train_loss = 0.874197, train_acc = 0.875000, train ppl = 1.548208
==== Finshed epoch 28 ====
Evaluating model...
Epoch 28: validation accuracy = 0.839000 -- validation perplexity = 1.621766
Epoch 28: test accuracy: 0.800000
---- Qualitative Analysis
Context: is john in the hallway ? daniel moved to the office . mary is no longer in the bedroom . john is not in the office . mary is no longer in the hallway . mary went to the kitchen . mary journeyed to the hallway . mary is not in the hallway . daniel journeyed to the hallway . john journeyed to the office . john went back to the hallway . is john in the hallway ?
Question: is john in the hallway ?
Answer: yes </s>
Model prediction: yes </s>
=========================
Step 31600: train_loss = 0.005363, train_acc = 1.000000, train ppl = 1.002685
Step 31700: train_loss = 0.524906, train_acc = 0.875000, train ppl = 1.300115
Step 31800: train_loss = 1.415872, train_acc = 0.875000, train ppl = 2.029797
Step 31900: train_loss = 0.006003, train_acc = 1.000000, train ppl = 1.003006
Step 32000: train_loss = 0.000113, train_acc = 1.000000, train ppl = 1.000056
Step 32100: train_loss = 0.000711, train_acc = 1.000000, train ppl = 1.000356
Step 32200: train_loss = 0.001257, train_acc = 1.000000, train ppl = 1.000629
Step 32300: train_loss = 0.069002, train_acc = 1.000000, train ppl = 1.035103
Step 32400: train_loss = 0.026030, train_acc = 1.000000, train ppl = 1.013100
Step 32500: train_loss = 0.239138, train_acc = 0.875000, train ppl = 1.127011
Step 32600: train_loss = 0.002981, train_acc = 1.000000, train ppl = 1.001492
==== Finshed epoch 29 ====
Evaluating model...
Epoch 29: validation accuracy = 0.843000 -- validation perplexity = 1.681593
Epoch 29: test accuracy: 0.803000
---- Qualitative Analysis
Context: is daniel in the hallway ? sandra travelled to the kitchen . daniel went to the hallway . daniel is not in the hallway . mary is not in the bedroom . is daniel in the hallway ?
Question: is daniel in the hallway ?
Answer: no </s>
Model prediction: no </s>
=========================
Step 32700: train_loss = 0.076367, train_acc = 1.000000, train ppl = 1.038922
Step 32800: train_loss = 0.001938, train_acc = 1.000000, train ppl = 1.000970
Step 32900: train_loss = 0.592602, train_acc = 0.875000, train ppl = 1.344875
Step 33000: train_loss = 0.000014, train_acc = 1.000000, train ppl = 1.000007
Step 33100: train_loss = 0.000029, train_acc = 1.000000, train ppl = 1.000014
Step 33200: train_loss = 1.062196, train_acc = 0.875000, train ppl = 1.700799
Step 33300: train_loss = 0.010244, train_acc = 1.000000, train ppl = 1.005135
Step 33400: train_loss = 0.006793, train_acc = 1.000000, train ppl = 1.003402
Step 33500: train_loss = 0.704551, train_acc = 0.750000, train ppl = 1.422301
Step 33600: train_loss = 0.531377, train_acc = 0.875000, train ppl = 1.304329
Step 33700: train_loss = 0.001867, train_acc = 1.000000, train ppl = 1.000934
==== Finshed epoch 30 ====
Evaluating model...
Epoch 30: validation accuracy = 0.849000 -- validation perplexity = 1.718881
Epoch 30: test accuracy: 0.806000
---- Qualitative Analysis
Context: is sandra in the hallway ? daniel is no longer in the office . sandra journeyed to the hallway . is sandra in the hallway ?
Question: is sandra in the hallway ?
Answer: yes </s>
Model prediction: yes </s>
=========================
Step 33800: train_loss = 0.534335, train_acc = 0.875000, train ppl = 1.306259
Step 33900: train_loss = 0.000154, train_acc = 1.000000, train ppl = 1.000077
Step 34000: train_loss = 0.000906, train_acc = 1.000000, train ppl = 1.000453
Step 34100: train_loss = 0.000556, train_acc = 1.000000, train ppl = 1.000278
Step 34200: train_loss = 0.057058, train_acc = 1.000000, train ppl = 1.028940
Step 34300: train_loss = 0.005998, train_acc = 1.000000, train ppl = 1.003003
Step 34400: train_loss = 0.000112, train_acc = 1.000000, train ppl = 1.000056
Step 34500: train_loss = 0.000006, train_acc = 1.000000, train ppl = 1.000003
Step 34600: train_loss = 0.000466, train_acc = 1.000000, train ppl = 1.000233
Step 34700: train_loss = 0.000746, train_acc = 1.000000, train ppl = 1.000373
Step 34800: train_loss = 0.000206, train_acc = 1.000000, train ppl = 1.000103
==== Finshed epoch 31 ====
Evaluating model...
Epoch 31: validation accuracy = 0.834000 -- validation perplexity = 1.757890
Epoch 31: test accuracy: 0.815000
---- Qualitative Analysis
Context: is john in the garden ? sandra is not in the kitchen . sandra is in the kitchen . daniel is in the kitchen . sandra is not in the kitchen . daniel is no longer in the kitchen . john is not in the office . mary went to the bedroom . john is in the kitchen . sandra journeyed to the kitchen . john travelled to the garden . is john in the garden ?
Question: is john in the garden ?
Answer: yes </s>
Model prediction: no </s>
=========================
Step 34900: train_loss = 0.000269, train_acc = 1.000000, train ppl = 1.000134
Step 35000: train_loss = 0.000501, train_acc = 1.000000, train ppl = 1.000250
Step 35100: train_loss = 0.013456, train_acc = 1.000000, train ppl = 1.006751
Step 35200: train_loss = 0.000261, train_acc = 1.000000, train ppl = 1.000131
Step 35300: train_loss = 0.799867, train_acc = 0.750000, train ppl = 1.491725
Step 35400: train_loss = 0.014808, train_acc = 1.000000, train ppl = 1.007431
Step 35500: train_loss = 0.001587, train_acc = 1.000000, train ppl = 1.000794
Step 35600: train_loss = 0.001169, train_acc = 1.000000, train ppl = 1.000585
Step 35700: train_loss = 0.814236, train_acc = 0.875000, train ppl = 1.502482
Step 35800: train_loss = 0.004203, train_acc = 1.000000, train ppl = 1.002104
Step 35900: train_loss = 0.402719, train_acc = 0.875000, train ppl = 1.223065
Step 36000: train_loss = 0.012526, train_acc = 1.000000, train ppl = 1.006282
==== Finshed epoch 32 ====
Evaluating model...
Epoch 32: validation accuracy = 0.839000 -- validation perplexity = 1.628496
Epoch 32: test accuracy: 0.795000
---- Qualitative Analysis
Context: is mary in the hallway ? sandra is no longer in the hallway . mary went back to the hallway . is mary in the hallway ?
Question: is mary in the hallway ?
Answer: yes </s>
Model prediction: no </s>
=========================
Step 36100: train_loss = 0.003312, train_acc = 1.000000, train ppl = 1.001657
Step 36200: train_loss = 0.195278, train_acc = 0.875000, train ppl = 1.102565
Step 36300: train_loss = 0.000788, train_acc = 1.000000, train ppl = 1.000394
Step 36400: train_loss = 1.729421, train_acc = 0.750000, train ppl = 2.374319
Step 36500: train_loss = 0.000001, train_acc = 1.000000, train ppl = 1.000001
Step 36600: train_loss = 0.000066, train_acc = 1.000000, train ppl = 1.000033
Step 36700: train_loss = 0.000155, train_acc = 1.000000, train ppl = 1.000077
Step 36800: train_loss = 0.053504, train_acc = 1.000000, train ppl = 1.027113
Step 36900: train_loss = 0.000362, train_acc = 1.000000, train ppl = 1.000181
Step 37000: train_loss = 0.018319, train_acc = 1.000000, train ppl = 1.009201
Step 37100: train_loss = 0.003178, train_acc = 1.000000, train ppl = 1.001590
==== Finshed epoch 33 ====
Evaluating model...
Epoch 33: validation accuracy = 0.835000 -- validation perplexity = 1.654776
Epoch 33: test accuracy: 0.809000
---- Qualitative Analysis
Context: is john in the garden ? john travelled to the hallway . john went to the bedroom . sandra went back to the garden . sandra is no longer in the garden . daniel went back to the hallway . mary is no longer in the garden . daniel is not in the hallway . sandra went to the garden . john is no longer in the bedroom . john journeyed to the hallway . is john in the garden ?
Question: is john in the garden ?
Answer: no </s>
Model prediction: yes </s>
=========================
Step 37200: train_loss = 0.000571, train_acc = 1.000000, train ppl = 1.000286
Step 37300: train_loss = 0.000303, train_acc = 1.000000, train ppl = 1.000152
Step 37400: train_loss = 0.000071, train_acc = 1.000000, train ppl = 1.000036
Step 37500: train_loss = 0.000022, train_acc = 1.000000, train ppl = 1.000011
Step 37600: train_loss = 0.000032, train_acc = 1.000000, train ppl = 1.000016
Step 37700: train_loss = 0.000382, train_acc = 1.000000, train ppl = 1.000191
Step 37800: train_loss = 0.077741, train_acc = 1.000000, train ppl = 1.039636
Step 37900: train_loss = 0.000412, train_acc = 1.000000, train ppl = 1.000206
Step 38000: train_loss = 0.002819, train_acc = 1.000000, train ppl = 1.001411
Step 38100: train_loss = 0.000044, train_acc = 1.000000, train ppl = 1.000022
Step 38200: train_loss = 0.000327, train_acc = 1.000000, train ppl = 1.000163
==== Finshed epoch 34 ====
Evaluating model...
Epoch 34: validation accuracy = 0.837000 -- validation perplexity = 1.702935
Epoch 34: test accuracy: 0.805000
---- Qualitative Analysis
Context: is john in the bedroom ? john is in the garden . john moved to the hallway . is john in the bedroom ?
Question: is john in the bedroom ?
Answer: no </s>
Model prediction: no </s>
=========================
Step 38300: train_loss = 0.237082, train_acc = 0.875000, train ppl = 1.125853
Step 38400: train_loss = 0.011591, train_acc = 1.000000, train ppl = 1.005812
Step 38500: train_loss = 0.003200, train_acc = 1.000000, train ppl = 1.001601
Step 38600: train_loss = 0.000803, train_acc = 1.000000, train ppl = 1.000401
Step 38700: train_loss = 0.018056, train_acc = 1.000000, train ppl = 1.009069
Step 38800: train_loss = 0.022739, train_acc = 1.000000, train ppl = 1.011434
Step 38900: train_loss = 0.000060, train_acc = 1.000000, train ppl = 1.000030
