embedding_size:           128
model_dir:                models/dummy
model_type:               normal
val_split:                0.1
batch_size:               32
merge_mode:               concat
learning_rate:            0.005
max_gradient_norm:        1.0
cell_type:                gru
task:                     20
encoder_type:             bi
vocab:                    data/vocab.txt
restore_from_dir:         None
num_epochs:               50
num_units:                256
optimizer:                adam
data_dir:                 data/en-10k
dropout_keep_prob:        0.7
num_enc_layers:           1
Loading data...
vocabulary size = 487
Building model...
Running initializers...
Creating summary writers...
Performing evaluation before training...
---- Qualitative Analysis
Context: why did antoine go to the kitchen ? sumit is bored . antoine is thirsty . antoine went to the kitchen . why did antoine go to the kitchen ?
Question: why did antoine go to the kitchen ?
Answer: thirsty </s>
Model prediction: went 123 123 31 277 29 ? ? 62 ?
=========================
Step 100: train_loss = 0.268621, train_acc = 0.875000, train ppl = 1.143748
Step 200: train_loss = 0.130977, train_acc = 0.906250, train ppl = 1.067681
==== Finshed epoch 1 ====
Evaluating model...
Epoch 1: validation accuracy = 0.965000 -- validation perplexity = 1.036874
Epoch 1: test accuracy: 0.979000
---- Qualitative Analysis
Context: why did sumit get the football ? antoine is tired . jason is bored . antoine went to the bedroom . sumit is bored . yann is tired . sumit moved to the garden . sumit took the football there . why did sumit get the football ?
Question: why did sumit get the football ?
Answer: bored </s>
Model prediction: bored </s>
=========================
Model checkpoint saved in models/dummy/best_model.ckpt
Step 300: train_loss = 0.065971, train_acc = 0.968750, train ppl = 1.033536
Step 400: train_loss = 0.128318, train_acc = 0.937500, train ppl = 1.066262
Step 500: train_loss = 0.066594, train_acc = 0.968750, train ppl = 1.033857
==== Finshed epoch 2 ====
Evaluating model...
Epoch 2: validation accuracy = 0.964000 -- validation perplexity = 1.039052
Epoch 2: test accuracy: 0.976000
---- Qualitative Analysis
Context: why did yann get the apple ? antoine is tired . sumit is thirsty . jason is thirsty . jason moved to the kitchen . yann is hungry . yann moved to the kitchen . sumit went to the kitchen . jason picked up the milk there . yann picked up the apple there . why did yann get the apple ?
Question: why did yann get the apple ?
Answer: hungry </s>
Model prediction: hungry </s>
=========================
Step 600: train_loss = 0.060655, train_acc = 0.937500, train ppl = 1.030792
Step 700: train_loss = 0.333339, train_acc = 0.906250, train ppl = 1.181364
Step 800: train_loss = 0.122198, train_acc = 0.968750, train ppl = 1.063004
==== Finshed epoch 3 ====
Evaluating model...
Epoch 3: validation accuracy = 0.969000 -- validation perplexity = 1.028674
Epoch 3: test accuracy: 0.979000
---- Qualitative Analysis
Context: why did antoine get the football ? yann is thirsty . yann moved to the kitchen . antoine is bored . sumit is hungry . sumit went back to the kitchen . antoine went back to the garden . yann took the milk there . antoine picked up the football there . why did antoine get the football ?
Question: why did antoine get the football ?
Answer: bored </s>
Model prediction: bored </s>
=========================
Model checkpoint saved in models/dummy/best_model.ckpt
Step 900: train_loss = 0.088815, train_acc = 0.906250, train ppl = 1.045408
Step 1000: train_loss = 0.059658, train_acc = 1.000000, train ppl = 1.030279
Step 1100: train_loss = 0.039449, train_acc = 0.968750, train ppl = 1.019920
==== Finshed epoch 4 ====
Evaluating model...
Epoch 4: validation accuracy = 0.913000 -- validation perplexity = 1.099174
Epoch 4: test accuracy: 0.917000
---- Qualitative Analysis
Context: where will sumit go ? sumit is bored . where will sumit go ?
Question: where will sumit go ?
Answer: garden </s>
Model prediction: garden </s>
=========================
Step 1200: train_loss = 0.007406, train_acc = 1.000000, train ppl = 1.003710
Step 1300: train_loss = 0.066049, train_acc = 0.968750, train ppl = 1.033576
Step 1400: train_loss = 0.046809, train_acc = 0.968750, train ppl = 1.023680
==== Finshed epoch 5 ====
Evaluating model...
Epoch 5: validation accuracy = 0.950000 -- validation perplexity = 1.117095
Epoch 5: test accuracy: 0.963000
---- Qualitative Analysis
Context: why did yann go to the bedroom ? yann is tired . antoine is thirsty . sumit is bored . yann travelled to the bedroom . why did yann go to the bedroom ?
Question: why did yann go to the bedroom ?
Answer: tired </s>
Model prediction: tired </s>
=========================
Step 1500: train_loss = 0.077305, train_acc = 0.968750, train ppl = 1.039409
Step 1600: train_loss = 0.071694, train_acc = 0.968750, train ppl = 1.036497
==== Finshed epoch 6 ====
Evaluating model...
Epoch 6: validation accuracy = 0.966000 -- validation perplexity = 1.039583
Epoch 6: test accuracy: 0.971000
---- Qualitative Analysis
Context: where will sumit go ? jason is tired . jason moved to the bedroom . sumit is thirsty . where will sumit go ?
Question: where will sumit go ?
Answer: kitchen </s>
Model prediction: kitchen </s>
=========================
Step 1700: train_loss = 0.000302, train_acc = 1.000000, train ppl = 1.000151
Step 1800: train_loss = 0.027894, train_acc = 1.000000, train ppl = 1.014045
Step 1900: train_loss = 0.010702, train_acc = 1.000000, train ppl = 1.005365
==== Finshed epoch 7 ====
Evaluating model...
Epoch 7: validation accuracy = 0.963000 -- validation perplexity = 1.046946
Epoch 7: test accuracy: 0.972000
---- Qualitative Analysis
Context: why did antoine go to the bedroom ? antoine is tired . jason is tired . jason went back to the bedroom . antoine journeyed to the bedroom . why did antoine go to the bedroom ?
Question: why did antoine go to the bedroom ?
Answer: tired </s>
Model prediction: tired </s>
=========================
Step 2000: train_loss = 0.101761, train_acc = 0.968750, train ppl = 1.052197
Step 2100: train_loss = 0.629224, train_acc = 0.875000, train ppl = 1.369728
Step 2200: train_loss = 0.003759, train_acc = 1.000000, train ppl = 1.001881
==== Finshed epoch 8 ====
Evaluating model...
Epoch 8: validation accuracy = 0.964000 -- validation perplexity = 1.046012
Epoch 8: test accuracy: 0.978000
---- Qualitative Analysis
Context: where will sumit go ? antoine is thirsty . sumit is hungry . where will sumit go ?
Question: where will sumit go ?
Answer: kitchen </s>
Model prediction: kitchen </s>
=========================
Step 2300: train_loss = 0.044553, train_acc = 0.968750, train ppl = 1.022527
Step 2400: train_loss = 0.122889, train_acc = 0.937500, train ppl = 1.063371
Step 2500: train_loss = 0.130796, train_acc = 0.906250, train ppl = 1.067584
==== Finshed epoch 9 ====
Evaluating model...
Epoch 9: validation accuracy = 0.968000 -- validation perplexity = 1.048896
Epoch 9: test accuracy: 0.974000
---- Qualitative Analysis
Context: where will sumit go ? jason is tired . yann is bored . sumit is thirsty . where will sumit go ?
Question: where will sumit go ?
Answer: kitchen </s>
Model prediction: kitchen </s>
=========================
Step 2600: train_loss = 0.098510, train_acc = 0.937500, train ppl = 1.050488
Step 2700: train_loss = 0.136562, train_acc = 0.968750, train ppl = 1.070666
Step 2800: train_loss = 0.103031, train_acc = 0.968750, train ppl = 1.052865
==== Finshed epoch 10 ====
Evaluating model...
Epoch 10: validation accuracy = 0.966000 -- validation perplexity = 1.061736
Epoch 10: test accuracy: 0.978000
---- Qualitative Analysis
Context: where will jason go ? antoine is tired . jason is hungry . where will jason go ?
Question: where will jason go ?
Answer: kitchen </s>
Model prediction: kitchen </s>
=========================
Step 2900: train_loss = 0.011707, train_acc = 1.000000, train ppl = 1.005870
Step 3000: train_loss = 0.038946, train_acc = 1.000000, train ppl = 1.019664
Step 3100: train_loss = 0.025473, train_acc = 1.000000, train ppl = 1.012818
==== Finshed epoch 11 ====
Evaluating model...
Epoch 11: validation accuracy = 0.945000 -- validation perplexity = 1.112829
Epoch 11: test accuracy: 0.950000
---- Qualitative Analysis
Context: where will antoine go ? yann is bored . sumit is hungry . jason is hungry . jason went to the kitchen . sumit moved to the kitchen . antoine is hungry . where will antoine go ?
Question: where will antoine go ?
Answer: kitchen </s>
Model prediction: kitchen </s>
=========================
Step 3200: train_loss = 0.115540, train_acc = 0.968750, train ppl = 1.059471
Step 3300: train_loss = 0.178649, train_acc = 0.968750, train ppl = 1.093435
==== Finshed epoch 12 ====
Evaluating model...
Epoch 12: validation accuracy = 0.949000 -- validation perplexity = 1.081181
Epoch 12: test accuracy: 0.962000
---- Qualitative Analysis
Context: why did sumit go to the kitchen ? jason is tired . yann is tired . sumit is hungry . sumit went to the kitchen . why did sumit go to the kitchen ?
Question: why did sumit go to the kitchen ?
Answer: hungry </s>
Model prediction: hungry </s>
=========================
Step 3400: train_loss = 0.024063, train_acc = 1.000000, train ppl = 1.012104
Step 3500: train_loss = 0.055426, train_acc = 0.968750, train ppl = 1.028101
Step 3600: train_loss = 0.165471, train_acc = 0.968750, train ppl = 1.086254
==== Finshed epoch 13 ====
Evaluating model...
Epoch 13: validation accuracy = 0.963000 -- validation perplexity = 1.041018
Epoch 13: test accuracy: 0.978000
---- Qualitative Analysis
Context: why did antoine go to the kitchen ? jason is tired . yann is thirsty . sumit is hungry . yann travelled to the kitchen . jason went to the bedroom . sumit went to the kitchen . antoine is hungry . antoine went to the kitchen . why did antoine go to the kitchen ?
Question: why did antoine go to the kitchen ?
Answer: hungry </s>
Model prediction: hungry </s>
=========================
Step 3700: train_loss = 0.119500, train_acc = 0.968750, train ppl = 1.061571
Step 3800: train_loss = 0.000699, train_acc = 1.000000, train ppl = 1.000350
Step 3900: train_loss = 0.145524, train_acc = 0.906250, train ppl = 1.075474
==== Finshed epoch 14 ====
Evaluating model...
Epoch 14: validation accuracy = 0.963000 -- validation perplexity = 1.036351
Epoch 14: test accuracy: 0.976000
---- Qualitative Analysis
Context: where will yann go ? yann is tired . where will yann go ?
Question: where will yann go ?
Answer: bedroom </s>
Model prediction: bedroom </s>
=========================
Step 4000: train_loss = 0.028810, train_acc = 0.968750, train ppl = 1.014509
Step 4100: train_loss = 0.133411, train_acc = 0.937500, train ppl = 1.068981
Step 4200: train_loss = 0.034621, train_acc = 0.968750, train ppl = 1.017461
==== Finshed epoch 15 ====
Evaluating model...
Epoch 15: validation accuracy = 0.970000 -- validation perplexity = 1.041106
Epoch 15: test accuracy: 0.977000
---- Qualitative Analysis
Context: where will yann go ? yann is tired . where will yann go ?
Question: where will yann go ?
Answer: bedroom </s>
Model prediction: bedroom </s>
=========================
Model checkpoint saved in models/dummy/best_model.ckpt
Step 4300: train_loss = 0.002555, train_acc = 1.000000, train ppl = 1.001278
Step 4400: train_loss = 0.027384, train_acc = 1.000000, train ppl = 1.013786
Step 4500: train_loss = 0.019081, train_acc = 1.000000, train ppl = 1.009586
==== Finshed epoch 16 ====
Evaluating model...
Epoch 16: validation accuracy = 0.950000 -- validation perplexity = 1.099879
Epoch 16: test accuracy: 0.963000
---- Qualitative Analysis
Context: where will yann go ? sumit is tired . jason is thirsty . sumit went back to the bedroom . jason moved to the kitchen . sumit got the pajamas there . antoine is tired . antoine went to the bedroom . yann is bored . where will yann go ?
Question: where will yann go ?
Answer: garden </s>
Model prediction: garden </s>
=========================
Step 4600: train_loss = 0.039296, train_acc = 0.968750, train ppl = 1.019842
Step 4700: train_loss = 0.231984, train_acc = 0.937500, train ppl = 1.122987
==== Finshed epoch 17 ====
Evaluating model...
Epoch 17: validation accuracy = 0.952000 -- validation perplexity = 1.048488
Epoch 17: test accuracy: 0.971000
---- Qualitative Analysis
Context: where will jason go ? yann is thirsty . yann moved to the kitchen . antoine is bored . sumit is hungry . sumit went back to the kitchen . antoine went back to the garden . yann took the milk there . antoine picked up the football there . sumit got the apple there . jason is tired . where will jason go ?
Question: where will jason go ?
Answer: bedroom </s>
Model prediction: bedroom </s>
=========================
Step 4800: train_loss = 0.188452, train_acc = 0.906250, train ppl = 1.098808
Step 4900: train_loss = 0.117346, train_acc = 0.937500, train ppl = 1.060428
Step 5000: train_loss = 0.067257, train_acc = 0.968750, train ppl = 1.034200
==== Finshed epoch 18 ====
Evaluating model...
Epoch 18: validation accuracy = 0.951000 -- validation perplexity = 1.093596
Epoch 18: test accuracy: 0.964000
---- Qualitative Analysis
Context: why did jason go to the kitchen ? yann is thirsty . yann travelled to the kitchen . yann took the milk there . sumit is bored . jason is hungry . jason journeyed to the kitchen . why did jason go to the kitchen ?
Question: why did jason go to the kitchen ?
Answer: hungry </s>
Model prediction: hungry </s>
=========================
Step 5100: train_loss = 0.018939, train_acc = 1.000000, train ppl = 1.009515
Step 5200: train_loss = 0.147750, train_acc = 0.937500, train ppl = 1.076672
Step 5300: train_loss = 0.194394, train_acc = 0.906250, train ppl = 1.102077
==== Finshed epoch 19 ====
Evaluating model...
Epoch 19: validation accuracy = 0.956000 -- validation perplexity = 1.064821
Epoch 19: test accuracy: 0.964000
---- Qualitative Analysis
Context: why did antoine get the pajamas ? yann is bored . antoine is tired . antoine went back to the bedroom . jason is hungry . jason went back to the kitchen . antoine grabbed the pajamas there . why did antoine get the pajamas ?
Question: why did antoine get the pajamas ?
Answer: tired </s>
Model prediction: tired </s>
=========================
Step 5400: train_loss = 0.077295, train_acc = 0.968750, train ppl = 1.039404
Step 5500: train_loss = 0.010178, train_acc = 1.000000, train ppl = 1.005102
Step 5600: train_loss = 0.068520, train_acc = 0.968750, train ppl = 1.034854
==== Finshed epoch 20 ====
Evaluating model...
Epoch 20: validation accuracy = 0.948000 -- validation perplexity = 1.192417
Epoch 20: test accuracy: 0.959000
---- Qualitative Analysis
Context: why did yann get the milk ? yann is thirsty . antoine is hungry . jason is tired . jason went back to the bedroom . antoine went to the kitchen . sumit is tired . yann went to the kitchen . jason took the pajamas there . antoine took the apple there . sumit went to the bedroom . yann picked up the milk there . why did yann get the milk ?
Question: why did yann get the milk ?
Answer: thirsty </s>
Model prediction: thirsty </s>
=========================
Step 5700: train_loss = 0.071405, train_acc = 0.968750, train ppl = 1.036348
Step 5800: train_loss = 0.011912, train_acc = 1.000000, train ppl = 1.005974
Step 5900: train_loss = 0.038761, train_acc = 0.968750, train ppl = 1.019570
==== Finshed epoch 21 ====
Evaluating model...
Epoch 21: validation accuracy = 0.973000 -- validation perplexity = 1.034044
Epoch 21: test accuracy: 0.973000
---- Qualitative Analysis
Context: where will sumit go ? jason is hungry . yann is bored . sumit is bored . where will sumit go ?
Question: where will sumit go ?
Answer: garden </s>
Model prediction: garden </s>
=========================
Model checkpoint saved in models/dummy/best_model.ckpt
Step 6000: train_loss = 0.011641, train_acc = 1.000000, train ppl = 1.005838
Step 6100: train_loss = 0.008360, train_acc = 1.000000, train ppl = 1.004189
Step 6200: train_loss = 0.133033, train_acc = 0.968750, train ppl = 1.068778
==== Finshed epoch 22 ====
Evaluating model...
Epoch 22: validation accuracy = 0.969000 -- validation perplexity = 1.035573
Epoch 22: test accuracy: 0.978000
---- Qualitative Analysis
Context: why did sumit get the pajamas ? sumit is tired . jason is bored . sumit moved to the bedroom . sumit took the pajamas there . why did sumit get the pajamas ?
Question: why did sumit get the pajamas ?
Answer: tired </s>
Model prediction: tired </s>
=========================
Step 6300: train_loss = 0.019389, train_acc = 1.000000, train ppl = 1.009742
Step 6400: train_loss = 0.062350, train_acc = 0.968750, train ppl = 1.031666
==== Finshed epoch 23 ====
Evaluating model...
Epoch 23: validation accuracy = 0.948000 -- validation perplexity = 1.134934
Epoch 23: test accuracy: 0.959000
---- Qualitative Analysis
Context: why did antoine go to the garden ? antoine is bored . jason is bored . jason travelled to the garden . yann is hungry . yann journeyed to the kitchen . sumit is hungry . sumit journeyed to the kitchen . yann grabbed the apple there . antoine journeyed to the garden . why did antoine go to the garden ?
Question: why did antoine go to the garden ?
Answer: bored </s>
Model prediction: bored </s>
=========================
Step 6500: train_loss = 0.110732, train_acc = 0.968750, train ppl = 1.056927
Step 6600: train_loss = 0.088523, train_acc = 0.968750, train ppl = 1.045255
Step 6700: train_loss = 0.107121, train_acc = 0.968750, train ppl = 1.055021
==== Finshed epoch 24 ====
Evaluating model...
Epoch 24: validation accuracy = 0.953000 -- validation perplexity = 1.112185
Epoch 24: test accuracy: 0.964000
---- Qualitative Analysis
Context: why did yann go to the kitchen ? antoine is tired . sumit is thirsty . jason is thirsty . jason moved to the kitchen . yann is hungry . yann moved to the kitchen . why did yann go to the kitchen ?
Question: why did yann go to the kitchen ?
Answer: hungry </s>
Model prediction: hungry </s>
=========================
Step 6800: train_loss = 0.023535, train_acc = 1.000000, train ppl = 1.011837
Step 6900: train_loss = 0.023170, train_acc = 1.000000, train ppl = 1.011652
Step 7000: train_loss = 0.018668, train_acc = 1.000000, train ppl = 1.009378
==== Finshed epoch 25 ====
Evaluating model...
Epoch 25: validation accuracy = 0.953000 -- validation perplexity = 1.076093
Epoch 25: test accuracy: 0.967000
---- Qualitative Analysis
Context: where will antoine go ? antoine is tired . where will antoine go ?
Question: where will antoine go ?
Answer: bedroom </s>
Model prediction: bedroom </s>
=========================
Step 7100: train_loss = 0.068129, train_acc = 0.968750, train ppl = 1.034651
Step 7200: train_loss = 0.048772, train_acc = 0.968750, train ppl = 1.024686
Step 7300: train_loss = 0.009761, train_acc = 1.000000, train ppl = 1.004892
==== Finshed epoch 26 ====
Evaluating model...
Epoch 26: validation accuracy = 0.952000 -- validation perplexity = 1.046566
Epoch 26: test accuracy: 0.961000
---- Qualitative Analysis
Context: why did antoine go to the kitchen ? sumit is thirsty . sumit moved to the kitchen . yann is tired . sumit picked up the milk there . antoine is hungry . jason is hungry . antoine journeyed to the kitchen . why did antoine go to the kitchen ?
Question: why did antoine go to the kitchen ?
Answer: hungry </s>
Model prediction: thirsty </s>
=========================
Step 7400: train_loss = 0.080826, train_acc = 0.968750, train ppl = 1.041241
Step 7500: train_loss = 0.186120, train_acc = 0.875000, train ppl = 1.097527
Step 7600: train_loss = 0.119315, train_acc = 0.937500, train ppl = 1.061473
==== Finshed epoch 27 ====
Evaluating model...
Epoch 27: validation accuracy = 0.959000 -- validation perplexity = 1.038374
Epoch 27: test accuracy: 0.969000
---- Qualitative Analysis
Context: why did yann go to the bedroom ? antoine is hungry . yann is tired . sumit is tired . sumit went back to the bedroom . antoine journeyed to the kitchen . antoine got the apple there . jason is thirsty . yann journeyed to the bedroom . why did yann go to the bedroom ?
Question: why did yann go to the bedroom ?
Answer: tired </s>
Model prediction: tired </s>
=========================
Step 7700: train_loss = 0.028765, train_acc = 1.000000, train ppl = 1.014486
Step 7800: train_loss = 0.054951, train_acc = 0.968750, train ppl = 1.027857
==== Finshed epoch 28 ====
Evaluating model...
Epoch 28: validation accuracy = 0.946000 -- validation perplexity = 1.103674
Epoch 28: test accuracy: 0.958000
---- Qualitative Analysis
Context: where will antoine go ? antoine is tired . where will antoine go ?
Question: where will antoine go ?
Answer: bedroom </s>
Model prediction: bedroom </s>
=========================
Step 7900: train_loss = 0.080863, train_acc = 0.937500, train ppl = 1.041260
Step 8000: train_loss = 0.127149, train_acc = 0.906250, train ppl = 1.065639
Step 8100: train_loss = 0.031705, train_acc = 0.968750, train ppl = 1.015979
==== Finshed epoch 29 ====
Evaluating model...
Epoch 29: validation accuracy = 0.901000 -- validation perplexity = 1.263339
Epoch 29: test accuracy: 0.909000
---- Qualitative Analysis
Context: why did antoine get the pajamas ? antoine is tired . jason is hungry . jason journeyed to the kitchen . sumit is bored . sumit travelled to the garden . jason got the apple there . antoine went back to the bedroom . yann is bored . yann went to the garden . yann took the football there . antoine got the pajamas there . why did antoine get the pajamas ?
Question: why did antoine get the pajamas ?
Answer: tired </s>
Model prediction: tired </s>
=========================
Step 8200: train_loss = 0.016263, train_acc = 1.000000, train ppl = 1.008165
Step 8300: train_loss = 0.176906, train_acc = 0.906250, train ppl = 1.092483
Step 8400: train_loss = 0.081178, train_acc = 0.968750, train ppl = 1.041424
==== Finshed epoch 30 ====
Evaluating model...
Epoch 30: validation accuracy = 0.946000 -- validation perplexity = 1.106298
Epoch 30: test accuracy: 0.957000
---- Qualitative Analysis
Context: why did yann go to the kitchen ? sumit is thirsty . antoine is hungry . yann is thirsty . sumit travelled to the kitchen . yann journeyed to the kitchen . why did yann go to the kitchen ?
Question: why did yann go to the kitchen ?
Answer: thirsty </s>
Model prediction: thirsty </s>
=========================
Step 8500: train_loss = 0.152540, train_acc = 0.906250, train ppl = 1.079254
Step 8600: train_loss = 0.371492, train_acc = 0.906250, train ppl = 1.204116
Step 8700: train_loss = 0.060253, train_acc = 0.968750, train ppl = 1.030585
==== Finshed epoch 31 ====
Evaluating model...
Epoch 31: validation accuracy = 0.969000 -- validation perplexity = 1.033213
Epoch 31: test accuracy: 0.978000
---- Qualitative Analysis
Context: where will sumit go ? jason is thirsty . yann is bored . jason moved to the kitchen . jason grabbed the milk there . antoine is tired . sumit is bored . where will sumit go ?
Question: where will sumit go ?
Answer: garden </s>
Model prediction: garden </s>
=========================
Step 8800: train_loss = 0.005745, train_acc = 1.000000, train ppl = 1.002877
Step 8900: train_loss = 0.015252, train_acc = 1.000000, train ppl = 1.007655
Step 9000: train_loss = 0.000033, train_acc = 1.000000, train ppl = 1.000017
==== Finshed epoch 32 ====
Evaluating model...
Epoch 32: validation accuracy = 0.967000 -- validation perplexity = 1.033697
Epoch 32: test accuracy: 0.979000
---- Qualitative Analysis
Context: where will yann go ? antoine is tired . jason is bored . antoine went to the bedroom . sumit is bored . yann is tired . where will yann go ?
Question: where will yann go ?
Answer: bedroom </s>
Model prediction: bedroom </s>
=========================
Step 9100: train_loss = 0.044737, train_acc = 0.968750, train ppl = 1.022621
Step 9200: train_loss = 0.180446, train_acc = 0.968750, train ppl = 1.094418
Step 9300: train_loss = 0.354765, train_acc = 0.875000, train ppl = 1.194088
==== Finshed epoch 33 ====
Evaluating model...
Epoch 33: validation accuracy = 0.961000 -- validation perplexity = 1.046391
Epoch 33: test accuracy: 0.975000
---- Qualitative Analysis
Context: why did jason get the football ? yann is hungry . yann journeyed to the kitchen . jason is bored . jason went back to the garden . sumit is bored . antoine is tired . jason picked up the football there . why did jason get the football ?
Question: why did jason get the football ?
Answer: bored </s>
Model prediction: bored </s>
=========================
Step 9400: train_loss = 0.000917, train_acc = 1.000000, train ppl = 1.000459
Step 9500: train_loss = 0.169953, train_acc = 0.968750, train ppl = 1.088691
==== Finshed epoch 34 ====
Evaluating model...
Epoch 34: validation accuracy = 0.967000 -- validation perplexity = 1.031258
Epoch 34: test accuracy: 0.977000
---- Qualitative Analysis
Context: where will antoine go ? yann is bored . antoine is tired . where will antoine go ?
Question: where will antoine go ?
Answer: bedroom </s>
Model prediction: bedroom </s>
=========================
Step 9600: train_loss = 0.007780, train_acc = 1.000000, train ppl = 1.003897
Step 9700: train_loss = 0.187462, train_acc = 0.906250, train ppl = 1.098264
Step 9800: train_loss = 0.060920, train_acc = 0.968750, train ppl = 1.030929
==== Finshed epoch 35 ====
Evaluating model...
Epoch 35: validation accuracy = 0.949000 -- validation perplexity = 1.056461
Epoch 35: test accuracy: 0.966000
---- Qualitative Analysis
Context: why did yann get the pajamas ? sumit is thirsty . sumit moved to the kitchen . yann is tired . sumit picked up the milk there . antoine is hungry . jason is hungry . antoine journeyed to the kitchen . yann travelled to the bedroom . antoine grabbed the apple there . jason went to the kitchen . yann picked up the pajamas there . why did yann get the pajamas ?
Question: why did yann get the pajamas ?
Answer: tired </s>
Model prediction: tired </s>
=========================
Step 9900: train_loss = 0.024596, train_acc = 1.000000, train ppl = 1.012374
Step 10000: train_loss = 0.000062, train_acc = 1.000000, train ppl = 1.000031
Step 10100: train_loss = 0.035177, train_acc = 0.968750, train ppl = 1.017744
==== Finshed epoch 36 ====
Evaluating model...
Epoch 36: validation accuracy = 0.966000 -- validation perplexity = 1.033536
Epoch 36: test accuracy: 0.970000
---- Qualitative Analysis
Context: where will sumit go ? yann is tired . sumit is bored . where will sumit go ?
Question: where will sumit go ?
Answer: garden </s>
Model prediction: garden </s>
=========================
Step 10200: train_loss = 0.172703, train_acc = 0.968750, train ppl = 1.090189
Step 10300: train_loss = 0.103957, train_acc = 0.937500, train ppl = 1.053353
Step 10400: train_loss = 0.141727, train_acc = 0.968750, train ppl = 1.073435
==== Finshed epoch 37 ====
Evaluating model...
Epoch 37: validation accuracy = 0.948000 -- validation perplexity = 1.057446
Epoch 37: test accuracy: 0.959000
---- Qualitative Analysis
Context: why did antoine go to the garden ? yann is tired . yann travelled to the bedroom . sumit is tired . sumit went back to the bedroom . antoine is bored . sumit picked up the pajamas there . jason is tired . jason travelled to the bedroom . antoine travelled to the garden . why did antoine go to the garden ?
Question: why did antoine go to the garden ?
Answer: bored </s>
Model prediction: bored </s>
=========================
Step 10500: train_loss = 0.000000, train_acc = 1.000000, train ppl = 1.000000
Step 10600: train_loss = 0.000632, train_acc = 1.000000, train ppl = 1.000316
Step 10700: train_loss = 0.054664, train_acc = 0.937500, train ppl = 1.027709
==== Finshed epoch 38 ====
Evaluating model...
Epoch 38: validation accuracy = 0.965000 -- validation perplexity = 1.034822
Epoch 38: test accuracy: 0.979000
---- Qualitative Analysis
Context: why did jason get the pajamas ? jason is tired . yann is thirsty . sumit is hungry . yann travelled to the kitchen . jason went to the bedroom . sumit went to the kitchen . antoine is hungry . antoine went to the kitchen . jason got the pajamas there . why did jason get the pajamas ?
Question: why did jason get the pajamas ?
Answer: tired </s>
Model prediction: tired </s>
=========================
Step 10800: train_loss = 0.113178, train_acc = 0.937500, train ppl = 1.058221
Step 10900: train_loss = 0.065579, train_acc = 0.968750, train ppl = 1.033333
==== Finshed epoch 39 ====
Evaluating model...
Epoch 39: validation accuracy = 0.965000 -- validation perplexity = 1.034546
Epoch 39: test accuracy: 0.978000
---- Qualitative Analysis
Context: why did sumit get the football ? sumit is bored . sumit moved to the garden . sumit got the football there . why did sumit get the football ?
Question: why did sumit get the football ?
Answer: bored </s>
Model prediction: bored </s>
=========================
Step 11000: train_loss = 0.011851, train_acc = 1.000000, train ppl = 1.005943
Step 11100: train_loss = 0.004225, train_acc = 1.000000, train ppl = 1.002115
Step 11200: train_loss = 0.004749, train_acc = 1.000000, train ppl = 1.002377
==== Finshed epoch 40 ====
Evaluating model...
Epoch 40: validation accuracy = 0.948000 -- validation perplexity = 1.073123
Epoch 40: test accuracy: 0.959000
---- Qualitative Analysis
Context: why did yann get the pajamas ? jason is bored . antoine is bored . yann is tired . antoine travelled to the garden . yann went to the bedroom . yann took the pajamas there . why did yann get the pajamas ?
Question: why did yann get the pajamas ?
Answer: tired </s>
Model prediction: tired </s>
=========================
Step 11300: train_loss = 0.125662, train_acc = 0.937500, train ppl = 1.064847
Step 11400: train_loss = 0.008976, train_acc = 1.000000, train ppl = 1.004498
Step 11500: train_loss = 0.086783, train_acc = 0.968750, train ppl = 1.044346
==== Finshed epoch 41 ====
Evaluating model...
Epoch 41: validation accuracy = 0.965000 -- validation perplexity = 1.035113
Epoch 41: test accuracy: 0.978000
---- Qualitative Analysis
Context: where will yann go ? sumit is bored . antoine is hungry . yann is bored . where will yann go ?
Question: where will yann go ?
Answer: garden </s>
Model prediction: garden </s>
=========================
Step 11600: train_loss = 0.106875, train_acc = 0.937500, train ppl = 1.054891
Step 11700: train_loss = 0.260393, train_acc = 0.906250, train ppl = 1.139052
Step 11800: train_loss = 0.160955, train_acc = 0.968750, train ppl = 1.083805
==== Finshed epoch 42 ====
Evaluating model...
Epoch 42: validation accuracy = 0.953000 -- validation perplexity = 1.055303
Epoch 42: test accuracy: 0.964000
---- Qualitative Analysis
Context: why did yann get the football ? jason is thirsty . yann is bored . jason moved to the kitchen . jason grabbed the milk there . antoine is tired . sumit is bored . yann went to the garden . yann grabbed the football there . why did yann get the football ?
Question: why did yann get the football ?
Answer: bored </s>
Model prediction: bored </s>
=========================
Step 11900: train_loss = 0.017360, train_acc = 1.000000, train ppl = 1.008718
Step 12000: train_loss = 0.156662, train_acc = 0.937500, train ppl = 1.081481
Step 12100: train_loss = 0.009898, train_acc = 1.000000, train ppl = 1.004961
==== Finshed epoch 43 ====
Evaluating model...
Epoch 43: validation accuracy = 0.953000 -- validation perplexity = 1.043400
Epoch 43: test accuracy: 0.964000
---- Qualitative Analysis
Context: why did jason get the milk ? antoine is hungry . yann is tired . sumit is tired . sumit went back to the bedroom . antoine journeyed to the kitchen . antoine got the apple there . jason is thirsty . yann journeyed to the bedroom . yann got the pajamas there . jason journeyed to the kitchen . jason got the milk there . why did jason get the milk ?
Question: why did jason get the milk ?
Answer: thirsty </s>
Model prediction: thirsty </s>
=========================
Step 12200: train_loss = 0.000651, train_acc = 1.000000, train ppl = 1.000325
Step 12300: train_loss = 0.164239, train_acc = 0.937500, train ppl = 1.085586
Step 12400: train_loss = 0.075011, train_acc = 0.968750, train ppl = 1.038218
==== Finshed epoch 44 ====
Evaluating model...
Epoch 44: validation accuracy = 0.954000 -- validation perplexity = 1.072352
Epoch 44: test accuracy: 0.964000
---- Qualitative Analysis
Context: why did yann get the football ? yann is bored . jason is thirsty . sumit is hungry . antoine is hungry . yann journeyed to the garden . yann got the football there . why did yann get the football ?
Question: why did yann get the football ?
Answer: bored </s>
Model prediction: bored </s>
=========================
Step 12500: train_loss = 0.166355, train_acc = 0.937500, train ppl = 1.086734
Step 12600: train_loss = 0.083758, train_acc = 0.968750, train ppl = 1.042768
==== Finshed epoch 45 ====
Evaluating model...
Epoch 45: validation accuracy = 0.953000 -- validation perplexity = 1.168224
Epoch 45: test accuracy: 0.964000
---- Qualitative Analysis
Context: where will sumit go ? jason is hungry . yann is bored . sumit is bored . where will sumit go ?
Question: where will sumit go ?
Answer: garden </s>
Model prediction: garden </s>
=========================
Step 12700: train_loss = 0.264990, train_acc = 0.968750, train ppl = 1.141673
Step 12800: train_loss = 0.097132, train_acc = 0.968750, train ppl = 1.049765
Step 12900: train_loss = 0.481831, train_acc = 0.906250, train ppl = 1.272413
==== Finshed epoch 46 ====
Evaluating model...
Epoch 46: validation accuracy = 0.963000 -- validation perplexity = 1.036067
Epoch 46: test accuracy: 0.968000
---- Qualitative Analysis
Context: why did antoine go to the garden ? sumit is bored . jason is hungry . yann is bored . antoine is bored . yann journeyed to the garden . yann grabbed the football there . sumit journeyed to the garden . jason journeyed to the kitchen . jason grabbed the apple there . antoine moved to the garden . why did antoine go to the garden ?
Question: why did antoine go to the garden ?
Answer: bored </s>
Model prediction: bored </s>
=========================
Step 13000: train_loss = 0.164188, train_acc = 0.937500, train ppl = 1.085558
Step 13100: train_loss = 0.000011, train_acc = 1.000000, train ppl = 1.000005
Step 13200: train_loss = 0.040691, train_acc = 0.968750, train ppl = 1.020554
==== Finshed epoch 47 ====
Evaluating model...
Epoch 47: validation accuracy = 0.963000 -- validation perplexity = 1.036384
Epoch 47: test accuracy: 0.973000
---- Qualitative Analysis
Context: why did yann get the milk ? yann is thirsty . antoine is bored . jason is bored . sumit is hungry . yann travelled to the kitchen . jason moved to the garden . yann grabbed the milk there . why did yann get the milk ?
Question: why did yann get the milk ?
Answer: thirsty </s>
Model prediction: thirsty </s>
=========================
Step 13300: train_loss = 0.155928, train_acc = 0.968750, train ppl = 1.081084
Step 13400: train_loss = 0.025129, train_acc = 1.000000, train ppl = 1.012644
Step 13500: train_loss = 0.014423, train_acc = 1.000000, train ppl = 1.007238
==== Finshed epoch 48 ====
Evaluating model...
Epoch 48: validation accuracy = 0.953000 -- validation perplexity = 1.038368
Epoch 48: test accuracy: 0.964000
---- Qualitative Analysis
Context: why did sumit get the apple ? antoine is tired . jason is bored . yann is tired . jason journeyed to the garden . sumit is hungry . yann travelled to the bedroom . antoine went to the bedroom . antoine got the pajamas there . jason got the football there . sumit journeyed to the kitchen . sumit took the apple there . why did sumit get the apple ?
Question: why did sumit get the apple ?
Answer: hungry </s>
Model prediction: hungry </s>
=========================
Step 13600: train_loss = 0.231603, train_acc = 0.937500, train ppl = 1.122773
Step 13700: train_loss = 0.007070, train_acc = 1.000000, train ppl = 1.003541
Step 13800: train_loss = 0.003468, train_acc = 1.000000, train ppl = 1.001735
==== Finshed epoch 49 ====
Evaluating model...
Epoch 49: validation accuracy = 0.948000 -- validation perplexity = 1.047396
Epoch 49: test accuracy: 0.959000
---- Qualitative Analysis
Context: why did jason get the football ? jason is bored . antoine is tired . sumit is thirsty . yann is tired . antoine went to the bedroom . jason went back to the garden . yann journeyed to the bedroom . antoine grabbed the pajamas there . sumit went back to the kitchen . sumit picked up the milk there . jason took the football there . why did jason get the football ?
Question: why did jason get the football ?
Answer: bored </s>
Model prediction: bored </s>
=========================
Step 13900: train_loss = 0.043451, train_acc = 1.000000, train ppl = 1.021963
Step 14000: train_loss = 0.127982, train_acc = 0.937500, train ppl = 1.066083
Step 14100: train_loss = 0.110181, train_acc = 0.875000, train ppl = 1.056636
==== Finshed epoch 50 ====
Evaluating model...
Epoch 50: validation accuracy = 0.959000 -- validation perplexity = 1.034940
Epoch 50: test accuracy: 0.971000
---- Qualitative Analysis
Context: why did sumit get the football ? jason is thirsty . sumit is bored . yann is hungry . sumit journeyed to the garden . sumit picked up the football there . why did sumit get the football ?
Question: why did sumit get the football ?
Answer: bored </s>
Model prediction: bored </s>
=========================
Best model (acc) at epoch 21 -- validation perplexity = 1.034044 -- validation accuracy = 0.973000 -- test accuracy = 0.973000
0.973
