task:                     5
model_dir:                models/dummy
val_split:                0.1
optimizer:                adam
embedding_size:           64
learning_rate:            0.005
vocab:                    data/vocab.txt
max_gradient_norm:        1.0
merge_mode:               concat
batch_size:               32
data_dir:                 data/en-10k
model_type:               normal
restore_from_dir:         None
cell_type:                gru
num_enc_layers:           1
encoder_type:             bi
dropout_keep_prob:        0.7
num_units:                64
num_epochs:               50
Loading data...
vocabulary size = 487
Building model...
Running initializers...
Creating summary writers...
Performing evaluation before training...
---- Qualitative Analysis
Context: who gave the apple ? jeff travelled to the kitchen . fred got the apple there . mary went to the kitchen . jeff went to the bathroom . fred passed the apple to jeff . jeff went back to the kitchen . jeff handed the apple to mary . mary handed the apple to jeff . jeff handed the apple to mary . mary passed the apple to jeff . jeff handed the apple to mary . mary handed the apple to jeff . who gave the apple ?
Question: who gave the apple ?
Answer: mary </s>
Model prediction: 203 203 john john john john gertrude afraid 99 162
=========================
Step 100: train_loss = 1.195819, train_acc = 0.343750, train ppl = 1.818314
Step 200: train_loss = 1.035732, train_acc = 0.468750, train ppl = 1.678442
==== Finshed epoch 1 ====
Evaluating model...
Epoch 1: validation accuracy = 0.616000 -- validation perplexity = 1.485679
Epoch 1: test accuracy: 0.601000
---- Qualitative Analysis
Context: who did jeff give the football to ? mary went to the garden . jeff went back to the garden . jeff grabbed the apple there . fred moved to the office . fred moved to the garden . jeff passed the apple to mary . mary travelled to the hallway . jeff went to the bedroom . mary put down the apple . jeff picked up the football there . mary went to the bedroom . jeff gave the football to mary . mary travelled to the garden . mary left the football . who did jeff give the football to ?
Question: who did jeff give the football to ?
Answer: mary </s>
Model prediction: mary </s>
=========================
Model checkpoint saved in models/dummy/best_model.ckpt
Step 300: train_loss = 1.006764, train_acc = 0.500000, train ppl = 1.654307
Step 400: train_loss = 0.411651, train_acc = 0.875000, train ppl = 1.228539
Step 500: train_loss = 0.038891, train_acc = 1.000000, train ppl = 1.019636
==== Finshed epoch 2 ====
Evaluating model...
Epoch 2: validation accuracy = 0.986000 -- validation perplexity = 1.048544
Epoch 2: test accuracy: 0.985000
---- Qualitative Analysis
Context: who gave the milk to fred ? mary moved to the office . jeff went to the garden . jeff took the milk there . jeff dropped the milk . bill moved to the bathroom . bill journeyed to the kitchen . bill took the football there . mary travelled to the bathroom . mary journeyed to the office . mary travelled to the bathroom . jeff got the milk there . jeff left the milk . bill discarded the football . jeff got the milk there . bill took the football there . jeff went back to the bedroom . bill discarded the football there . jeff handed the milk to fred . bill took the football there . bill went to the bathroom . who gave the milk to fred ?
Question: who gave the milk to fred ?
Answer: jeff </s>
Model prediction: jeff </s>
=========================
Model checkpoint saved in models/dummy/best_model.ckpt
Step 600: train_loss = 0.108912, train_acc = 0.968750, train ppl = 1.055966
Step 700: train_loss = 0.115690, train_acc = 0.968750, train ppl = 1.059551
Step 800: train_loss = 0.008609, train_acc = 1.000000, train ppl = 1.004314
==== Finshed epoch 3 ====
Evaluating model...
Epoch 3: validation accuracy = 0.984000 -- validation perplexity = 1.042157
Epoch 3: test accuracy: 0.988000
---- Qualitative Analysis
Context: who did fred give the football to ? mary journeyed to the hallway . bill went back to the kitchen . jeff went to the bathroom . mary journeyed to the bathroom . fred travelled to the garden . fred journeyed to the office . jeff travelled to the office . fred travelled to the garden . fred travelled to the bathroom . jeff picked up the milk there . jeff put down the milk . jeff moved to the bathroom . fred went back to the bedroom . bill travelled to the bedroom . bill went to the hallway . bill went back to the bathroom . bill travelled to the garden . bill got the football there . jeff went to the bedroom . jeff went to the hallway . bill discarded the football . mary travelled to the kitchen . fred went to the kitchen . bill went back to the office . bill went back to the kitchen . mary journeyed to the garden . mary took the football there . mary dropped the football . mary grabbed the football there . mary dropped the football . bill travelled to the bathroom . jeff went back to the office . bill went back to the hallway . fred moved to the bedroom . jeff travelled to the bedroom . fred journeyed to the office . bill went to the office . bill went to the bathroom . mary got the football there . fred travelled to the garden . bill moved to the office . mary gave the football to fred . fred went to the kitchen . jeff went back to the kitchen . fred passed the football to jeff . bill got the milk there . who did fred give the football to ?
Question: who did fred give the football to ?
Answer: jeff </s>
Model prediction: jeff </s>
=========================
Step 900: train_loss = 0.045109, train_acc = 0.968750, train ppl = 1.022811
Step 1000: train_loss = 0.251410, train_acc = 0.937500, train ppl = 1.133948
Step 1100: train_loss = 0.016451, train_acc = 1.000000, train ppl = 1.008260
==== Finshed epoch 4 ====
Evaluating model...
Epoch 4: validation accuracy = 0.981000 -- validation perplexity = 1.048873
Epoch 4: test accuracy: 0.986000
---- Qualitative Analysis
Context: who received the football ? fred took the milk there . jeff got the football there . fred left the milk . bill went back to the office . fred travelled to the hallway . bill travelled to the kitchen . fred went to the bedroom . jeff handed the football to mary . mary passed the football to jeff . jeff handed the football to mary . who received the football ?
Question: who received the football ?
Answer: mary </s>
Model prediction: mary </s>
=========================
Step 1200: train_loss = 0.180043, train_acc = 0.968750, train ppl = 1.094198
Step 1300: train_loss = 0.005816, train_acc = 1.000000, train ppl = 1.002912
Step 1400: train_loss = 0.045522, train_acc = 0.968750, train ppl = 1.023022
==== Finshed epoch 5 ====
Evaluating model...
Epoch 5: validation accuracy = 0.987000 -- validation perplexity = 1.035829
Epoch 5: test accuracy: 0.985000
---- Qualitative Analysis
Context: what did mary give to fred ? mary went back to the bathroom . mary journeyed to the bedroom . mary took the milk there . mary moved to the office . bill journeyed to the garden . mary passed the milk to fred . fred put down the milk there . jeff went back to the bedroom . what did mary give to fred ?
Question: what did mary give to fred ?
Answer: milk </s>
Model prediction: milk </s>
=========================
Model checkpoint saved in models/dummy/best_model.ckpt
Step 1500: train_loss = 0.022237, train_acc = 1.000000, train ppl = 1.011180
Step 1600: train_loss = 0.005368, train_acc = 1.000000, train ppl = 1.002688
==== Finshed epoch 6 ====
Evaluating model...
Epoch 6: validation accuracy = 0.987000 -- validation perplexity = 1.036474
Epoch 6: test accuracy: 0.989000
---- Qualitative Analysis
Context: who did bill give the apple to ? bill went back to the office . jeff went to the bedroom . jeff took the apple there . jeff picked up the milk there . jeff went back to the garden . jeff journeyed to the bathroom . jeff discarded the apple . jeff got the football there . fred went to the hallway . jeff picked up the apple there . jeff put down the apple . jeff grabbed the apple there . mary moved to the office . jeff went back to the garden . jeff journeyed to the bedroom . bill travelled to the bedroom . jeff passed the apple to bill . bill gave the apple to jeff . jeff handed the apple to bill . bill passed the apple to jeff . who did bill give the apple to ?
Question: who did bill give the apple to ?
Answer: jeff </s>
Model prediction: jeff </s>
=========================
Step 1700: train_loss = 0.003088, train_acc = 1.000000, train ppl = 1.001545
Step 1800: train_loss = 0.036208, train_acc = 1.000000, train ppl = 1.018269
Step 1900: train_loss = 0.010596, train_acc = 1.000000, train ppl = 1.005312
==== Finshed epoch 7 ====
Evaluating model...
Epoch 7: validation accuracy = 0.985000 -- validation perplexity = 1.035602
Epoch 7: test accuracy: 0.988000
---- Qualitative Analysis
Context: who gave the milk to fred ? mary moved to the office . jeff took the apple there . fred went to the hallway . bill grabbed the football there . jeff went back to the kitchen . mary picked up the milk there . bill went to the bedroom . fred travelled to the garden . fred travelled to the bathroom . bill went back to the hallway . mary dropped the milk . bill dropped the football . mary went to the garden . bill went back to the office . jeff moved to the bedroom . bill got the milk there . bill travelled to the bathroom . bill handed the milk to fred . fred gave the milk to bill . jeff travelled to the garden . mary moved to the office . bill gave the milk to fred . fred dropped the milk . mary travelled to the hallway . who gave the milk to fred ?
Question: who gave the milk to fred ?
Answer: bill </s>
Model prediction: bill </s>
=========================
Step 2000: train_loss = 0.207546, train_acc = 0.968750, train ppl = 1.109348
Step 2100: train_loss = 0.014067, train_acc = 1.000000, train ppl = 1.007058
Step 2200: train_loss = 0.003391, train_acc = 1.000000, train ppl = 1.001697
==== Finshed epoch 8 ====
Evaluating model...
Epoch 8: validation accuracy = 0.984000 -- validation perplexity = 1.042361
Epoch 8: test accuracy: 0.987000
---- Qualitative Analysis
Context: what did jeff give to bill ? jeff got the football there . jeff passed the football to fred . fred gave the football to jeff . fred journeyed to the bedroom . fred went to the office . jeff picked up the milk there . jeff put down the football . bill took the apple there . jeff went back to the bedroom . jeff dropped the milk . bill travelled to the bedroom . bill gave the apple to jeff . jeff passed the apple to bill . jeff got the milk there . what did jeff give to bill ?
Question: what did jeff give to bill ?
Answer: apple </s>
Model prediction: apple </s>
=========================
Step 2300: train_loss = 0.368317, train_acc = 0.906250, train ppl = 1.202207
Step 2400: train_loss = 0.001512, train_acc = 1.000000, train ppl = 1.000756
Step 2500: train_loss = 0.040775, train_acc = 0.968750, train ppl = 1.020597
==== Finshed epoch 9 ====
Evaluating model...
Epoch 9: validation accuracy = 0.984000 -- validation perplexity = 1.046833
Epoch 9: test accuracy: 0.986000
---- Qualitative Analysis
Context: what did mary give to fred ? jeff went back to the office . jeff went to the bedroom . mary journeyed to the garden . fred got the apple there . bill travelled to the office . mary travelled to the hallway . mary went to the bedroom . bill journeyed to the hallway . fred went back to the kitchen . fred got the milk there . fred moved to the office . fred went to the kitchen . fred travelled to the office . bill went back to the kitchen . mary journeyed to the hallway . fred left the apple . fred grabbed the apple there . mary journeyed to the bathroom . fred put down the apple . fred picked up the football there . jeff journeyed to the kitchen . fred took the apple there . mary went to the garden . jeff travelled to the bathroom . mary went to the bedroom . fred discarded the football . bill went back to the hallway . fred dropped the milk . fred moved to the bedroom . bill journeyed to the garden . fred gave the apple to mary . mary handed the apple to fred . what did mary give to fred ?
Question: what did mary give to fred ?
Answer: apple </s>
Model prediction: apple </s>
=========================
Step 2600: train_loss = 0.114454, train_acc = 0.968750, train ppl = 1.058896
Step 2700: train_loss = 0.071705, train_acc = 0.968750, train ppl = 1.036503
Step 2800: train_loss = 0.001184, train_acc = 1.000000, train ppl = 1.000592
==== Finshed epoch 10 ====
Evaluating model...
Epoch 10: validation accuracy = 0.988000 -- validation perplexity = 1.034883
Epoch 10: test accuracy: 0.986000
---- Qualitative Analysis
Context: who received the apple ? bill went to the kitchen . jeff picked up the apple there . jeff gave the apple to fred . fred passed the apple to jeff . jeff grabbed the milk there . jeff discarded the milk . fred picked up the milk there . jeff gave the apple to fred . who received the apple ?
Question: who received the apple ?
Answer: fred </s>
Model prediction: fred </s>
=========================
Model checkpoint saved in models/dummy/best_model.ckpt
Step 2900: train_loss = 0.097749, train_acc = 0.968750, train ppl = 1.050089
Step 3000: train_loss = 0.021904, train_acc = 1.000000, train ppl = 1.011012
Step 3100: train_loss = 0.001355, train_acc = 1.000000, train ppl = 1.000678
==== Finshed epoch 11 ====
Evaluating model...
Epoch 11: validation accuracy = 0.985000 -- validation perplexity = 1.045431
Epoch 11: test accuracy: 0.985000
---- Qualitative Analysis
Context: what did mary give to fred ? jeff travelled to the garden . jeff journeyed to the bedroom . fred journeyed to the office . bill went back to the office . mary travelled to the hallway . fred journeyed to the garden . fred moved to the hallway . bill moved to the hallway . fred went back to the office . jeff travelled to the bathroom . mary took the apple there . fred went back to the hallway . mary handed the apple to fred . mary went back to the kitchen . what did mary give to fred ?
Question: what did mary give to fred ?
Answer: apple </s>
Model prediction: apple </s>
=========================
Step 3200: train_loss = 0.005287, train_acc = 1.000000, train ppl = 1.002647
Step 3300: train_loss = 0.001339, train_acc = 1.000000, train ppl = 1.000670
==== Finshed epoch 12 ====
Evaluating model...
Epoch 12: validation accuracy = 0.982000 -- validation perplexity = 1.056088
Epoch 12: test accuracy: 0.987000
---- Qualitative Analysis
Context: what did mary give to jeff ? mary journeyed to the hallway . mary travelled to the bathroom . jeff journeyed to the office . bill moved to the bathroom . mary journeyed to the hallway . mary went back to the garden . bill travelled to the garden . bill journeyed to the hallway . bill went back to the kitchen . jeff got the milk there . mary journeyed to the bedroom . jeff travelled to the hallway . bill moved to the hallway . jeff journeyed to the bedroom . bill journeyed to the bathroom . jeff dropped the milk . mary got the milk there . mary passed the milk to jeff . what did mary give to jeff ?
Question: what did mary give to jeff ?
Answer: milk </s>
Model prediction: milk </s>
=========================
Step 3400: train_loss = 0.003043, train_acc = 1.000000, train ppl = 1.001523
Step 3500: train_loss = 0.001179, train_acc = 1.000000, train ppl = 1.000589
Step 3600: train_loss = 0.000605, train_acc = 1.000000, train ppl = 1.000303
==== Finshed epoch 13 ====
Evaluating model...
Epoch 13: validation accuracy = 0.986000 -- validation perplexity = 1.042572
Epoch 13: test accuracy: 0.991000
---- Qualitative Analysis
Context: who did jeff give the milk to ? bill went back to the bedroom . mary went to the office . jeff journeyed to the kitchen . fred journeyed to the kitchen . fred got the milk there . fred handed the milk to jeff . jeff passed the milk to fred . fred gave the milk to jeff . mary travelled to the garden . jeff handed the milk to fred . who did jeff give the milk to ?
Question: who did jeff give the milk to ?
Answer: fred </s>
Model prediction: fred </s>
=========================
Step 3700: train_loss = 0.001708, train_acc = 1.000000, train ppl = 1.000854
Step 3800: train_loss = 0.001219, train_acc = 1.000000, train ppl = 1.000610
Step 3900: train_loss = 0.001030, train_acc = 1.000000, train ppl = 1.000515
==== Finshed epoch 14 ====
Evaluating model...
Epoch 14: validation accuracy = 0.983000 -- validation perplexity = 1.050646
Epoch 14: test accuracy: 0.984000
---- Qualitative Analysis
Context: who gave the milk to bill ? jeff went back to the hallway . bill picked up the milk there . bill gave the milk to mary . mary handed the milk to bill . bill passed the milk to mary . jeff took the apple there . mary passed the milk to bill . mary travelled to the bedroom . who gave the milk to bill ?
Question: who gave the milk to bill ?
Answer: mary </s>
Model prediction: mary </s>
=========================
Step 4000: train_loss = 0.019878, train_acc = 1.000000, train ppl = 1.009989
Step 4100: train_loss = 0.003544, train_acc = 1.000000, train ppl = 1.001774
Step 4200: train_loss = 0.000154, train_acc = 1.000000, train ppl = 1.000077
==== Finshed epoch 15 ====
Evaluating model...
Epoch 15: validation accuracy = 0.988000 -- validation perplexity = 1.047058
Epoch 15: test accuracy: 0.984000
---- Qualitative Analysis
Context: what did mary give to fred ? mary travelled to the hallway . bill went back to the garden . fred moved to the bedroom . fred got the football there . fred dropped the football . fred went to the garden . mary journeyed to the kitchen . bill went to the office . mary went back to the office . bill journeyed to the bedroom . mary went back to the bedroom . jeff grabbed the milk there . jeff went to the office . jeff went to the bathroom . mary got the football there . mary put down the football there . bill journeyed to the garden . fred went back to the bathroom . jeff put down the milk . bill moved to the office . fred went to the office . mary grabbed the football there . jeff travelled to the office . mary dropped the football . fred moved to the kitchen . bill journeyed to the kitchen . bill took the apple there . bill went back to the hallway . fred moved to the office . mary picked up the football there . fred journeyed to the bedroom . mary gave the football to fred . jeff went to the garden . bill travelled to the garden . fred dropped the football there . mary journeyed to the kitchen . what did mary give to fred ?
Question: what did mary give to fred ?
Answer: football </s>
Model prediction: football </s>
=========================
Step 4300: train_loss = 0.003157, train_acc = 1.000000, train ppl = 1.001580
Step 4400: train_loss = 0.000595, train_acc = 1.000000, train ppl = 1.000298
Step 4500: train_loss = 0.000364, train_acc = 1.000000, train ppl = 1.000182
==== Finshed epoch 16 ====
Evaluating model...
Epoch 16: validation accuracy = 0.985000 -- validation perplexity = 1.052788
Epoch 16: test accuracy: 0.986000
---- Qualitative Analysis
Context: who received the apple ? mary travelled to the office . mary moved to the kitchen . bill travelled to the hallway . fred went to the bathroom . jeff moved to the office . mary journeyed to the bedroom . fred journeyed to the bedroom . fred journeyed to the office . fred moved to the hallway . fred journeyed to the garden . bill moved to the garden . mary moved to the bathroom . mary moved to the garden . fred went to the kitchen . bill journeyed to the kitchen . jeff went back to the kitchen . fred travelled to the garden . bill went to the office . bill went to the garden . jeff travelled to the garden . mary journeyed to the bathroom . bill went to the office . jeff went back to the office . mary travelled to the kitchen . mary travelled to the hallway . fred travelled to the kitchen . jeff travelled to the garden . mary moved to the office . fred travelled to the office . jeff went back to the hallway . mary went back to the hallway . mary went back to the garden . fred journeyed to the bedroom . jeff journeyed to the office . fred took the apple there . bill journeyed to the bathroom . mary travelled to the office . fred put down the apple . fred grabbed the apple there . fred grabbed the football there . jeff journeyed to the bathroom . bill went back to the garden . fred grabbed the milk there . mary went to the garden . fred went to the hallway . jeff travelled to the kitchen . fred went back to the garden . fred gave the apple to mary . fred dropped the football . fred went back to the bathroom . who received the apple ?
Question: who received the apple ?
Answer: mary </s>
Model prediction: mary </s>
=========================
Step 4600: train_loss = 0.000459, train_acc = 1.000000, train ppl = 1.000230
Step 4700: train_loss = 0.000487, train_acc = 1.000000, train ppl = 1.000243
==== Finshed epoch 17 ====
Evaluating model...
Epoch 17: validation accuracy = 0.984000 -- validation perplexity = 1.048599
Epoch 17: test accuracy: 0.983000
---- Qualitative Analysis
Context: what did bill give to mary ? bill grabbed the apple there . bill handed the apple to mary . jeff went back to the garden . fred travelled to the bedroom . mary passed the apple to bill . fred went back to the garden . bill passed the apple to mary . fred moved to the bedroom . what did bill give to mary ?
Question: what did bill give to mary ?
Answer: apple </s>
Model prediction: apple </s>
=========================
Step 4800: train_loss = 0.010619, train_acc = 1.000000, train ppl = 1.005323
Step 4900: train_loss = 0.010104, train_acc = 1.000000, train ppl = 1.005065
Step 5000: train_loss = 0.001710, train_acc = 1.000000, train ppl = 1.000855
==== Finshed epoch 18 ====
Evaluating model...
Epoch 18: validation accuracy = 0.988000 -- validation perplexity = 1.040875
Epoch 18: test accuracy: 0.989000
---- Qualitative Analysis
Context: who gave the football ? jeff took the football there . jeff passed the football to fred . jeff got the milk there . bill travelled to the bedroom . who gave the football ?
Question: who gave the football ?
Answer: jeff </s>
Model prediction: jeff </s>
=========================
Step 5100: train_loss = 0.001193, train_acc = 1.000000, train ppl = 1.000597
Step 5200: train_loss = 0.003535, train_acc = 1.000000, train ppl = 1.001769
Step 5300: train_loss = 0.000812, train_acc = 1.000000, train ppl = 1.000406
==== Finshed epoch 19 ====
Evaluating model...
Epoch 19: validation accuracy = 0.986000 -- validation perplexity = 1.047019
Epoch 19: test accuracy: 0.984000
---- Qualitative Analysis
Context: who gave the football ? fred journeyed to the bedroom . bill moved to the bedroom . fred went to the office . fred picked up the football there . bill journeyed to the kitchen . bill moved to the garden . jeff went to the bathroom . fred discarded the football there . mary journeyed to the hallway . fred grabbed the football there . bill travelled to the bathroom . bill journeyed to the office . fred handed the football to bill . fred went back to the bathroom . bill discarded the football . jeff went back to the kitchen . who gave the football ?
Question: who gave the football ?
Answer: fred </s>
Model prediction: fred </s>
=========================
Step 5400: train_loss = 0.036764, train_acc = 0.968750, train ppl = 1.018552
Step 5500: train_loss = 0.001330, train_acc = 1.000000, train ppl = 1.000665
Step 5600: train_loss = 0.001790, train_acc = 1.000000, train ppl = 1.000895
==== Finshed epoch 20 ====
Evaluating model...
Epoch 20: validation accuracy = 0.987000 -- validation perplexity = 1.046713
Epoch 20: test accuracy: 0.989000
---- Qualitative Analysis
Context: who gave the football to bill ? jeff went back to the office . fred got the milk there . fred left the milk . jeff went back to the bedroom . mary went back to the office . mary moved to the kitchen . bill travelled to the office . bill grabbed the football there . mary moved to the garden . bill dropped the football . bill got the football there . bill journeyed to the kitchen . jeff travelled to the office . mary moved to the kitchen . bill gave the football to mary . mary travelled to the garden . bill journeyed to the bedroom . mary gave the football to fred . fred went back to the bedroom . jeff travelled to the hallway . fred passed the football to bill . mary journeyed to the hallway . who gave the football to bill ?
Question: who gave the football to bill ?
Answer: fred </s>
Model prediction: fred </s>
=========================
Step 5700: train_loss = 0.143484, train_acc = 0.968750, train ppl = 1.074378
Step 5800: train_loss = 0.000121, train_acc = 1.000000, train ppl = 1.000061
Step 5900: train_loss = 0.053229, train_acc = 0.968750, train ppl = 1.026972
==== Finshed epoch 21 ====
Evaluating model...
Epoch 21: validation accuracy = 0.986000 -- validation perplexity = 1.062897
Epoch 21: test accuracy: 0.987000
---- Qualitative Analysis
Context: what did mary give to bill ? jeff grabbed the apple there . jeff gave the apple to mary . mary gave the apple to fred . fred passed the apple to mary . fred went to the bedroom . mary handed the apple to bill . bill handed the apple to mary . mary gave the apple to bill . bill dropped the apple there . bill took the apple there . what did mary give to bill ?
Question: what did mary give to bill ?
Answer: apple </s>
Model prediction: apple </s>
=========================
Step 6000: train_loss = 0.219194, train_acc = 0.968750, train ppl = 1.115828
Step 6100: train_loss = 0.001068, train_acc = 1.000000, train ppl = 1.000534
Step 6200: train_loss = 0.000094, train_acc = 1.000000, train ppl = 1.000047
==== Finshed epoch 22 ====
Evaluating model...
Epoch 22: validation accuracy = 0.988000 -- validation perplexity = 1.055345
Epoch 22: test accuracy: 0.985000
---- Qualitative Analysis
Context: who gave the apple to mary ? bill grabbed the apple there . jeff went back to the kitchen . fred went to the garden . bill dropped the apple . jeff went to the garden . bill moved to the bathroom . bill journeyed to the office . fred travelled to the hallway . bill went to the hallway . fred travelled to the kitchen . jeff journeyed to the hallway . jeff went back to the office . fred moved to the hallway . bill travelled to the office . jeff grabbed the apple there . jeff went back to the kitchen . mary went back to the hallway . jeff went back to the hallway . jeff passed the apple to mary . mary gave the apple to fred . fred handed the apple to mary . fred moved to the bathroom . who gave the apple to mary ?
Question: who gave the apple to mary ?
Answer: fred </s>
Model prediction: fred </s>
=========================
Step 6300: train_loss = 0.001300, train_acc = 1.000000, train ppl = 1.000650
Step 6400: train_loss = 0.000231, train_acc = 1.000000, train ppl = 1.000116
==== Finshed epoch 23 ====
Evaluating model...
Epoch 23: validation accuracy = 0.985000 -- validation perplexity = 1.051287
Epoch 23: test accuracy: 0.986000
---- Qualitative Analysis
Context: what did jeff give to fred ? bill went back to the bedroom . mary went to the office . jeff journeyed to the kitchen . fred journeyed to the kitchen . fred got the milk there . fred handed the milk to jeff . jeff passed the milk to fred . fred gave the milk to jeff . mary travelled to the garden . jeff handed the milk to fred . bill went to the hallway . fred passed the milk to jeff . jeff handed the milk to fred . fred went back to the hallway . what did jeff give to fred ?
Question: what did jeff give to fred ?
Answer: milk </s>
Model prediction: milk </s>
=========================
Step 6500: train_loss = 0.001669, train_acc = 1.000000, train ppl = 1.000835
Step 6600: train_loss = 0.000076, train_acc = 1.000000, train ppl = 1.000038
Step 6700: train_loss = 0.000314, train_acc = 1.000000, train ppl = 1.000157
==== Finshed epoch 24 ====
Evaluating model...
Epoch 24: validation accuracy = 0.989000 -- validation perplexity = 1.057223
Epoch 24: test accuracy: 0.989000
---- Qualitative Analysis
Context: who received the milk ? fred journeyed to the bedroom . fred got the milk there . fred went back to the kitchen . bill picked up the football there . fred handed the milk to mary . mary moved to the garden . bill dropped the football . mary gave the milk to bill . bill handed the milk to mary . mary passed the milk to bill . who received the milk ?
Question: who received the milk ?
Answer: bill </s>
Model prediction: bill </s>
=========================
Model checkpoint saved in models/dummy/best_model.ckpt
Step 6800: train_loss = 0.000493, train_acc = 1.000000, train ppl = 1.000246
Step 6900: train_loss = 0.000240, train_acc = 1.000000, train ppl = 1.000120
Step 7000: train_loss = 0.004177, train_acc = 1.000000, train ppl = 1.002090
==== Finshed epoch 25 ====
Evaluating model...
Epoch 25: validation accuracy = 0.989000 -- validation perplexity = 1.043999
Epoch 25: test accuracy: 0.984000
---- Qualitative Analysis
Context: who did fred give the apple to ? bill moved to the garden . jeff took the football there . mary journeyed to the bedroom . fred journeyed to the garden . fred journeyed to the hallway . fred moved to the garden . fred grabbed the apple there . fred gave the apple to bill . who did fred give the apple to ?
Question: who did fred give the apple to ?
Answer: bill </s>
Model prediction: bill </s>
=========================
Step 7100: train_loss = 0.000300, train_acc = 1.000000, train ppl = 1.000150
Step 7200: train_loss = 0.025014, train_acc = 0.968750, train ppl = 1.012586
Step 7300: train_loss = 0.000209, train_acc = 1.000000, train ppl = 1.000105
==== Finshed epoch 26 ====
Evaluating model...
Epoch 26: validation accuracy = 0.988000 -- validation perplexity = 1.054812
Epoch 26: test accuracy: 0.984000
---- Qualitative Analysis
Context: who gave the apple to jeff ? mary journeyed to the kitchen . fred journeyed to the hallway . jeff took the milk there . bill travelled to the bathroom . mary moved to the office . fred moved to the garden . fred grabbed the football there . bill moved to the garden . fred got the apple there . fred left the apple . jeff went back to the bathroom . fred went to the office . jeff left the milk . bill travelled to the bedroom . fred went back to the garden . fred picked up the apple there . mary went to the kitchen . mary travelled to the garden . mary went back to the bedroom . jeff travelled to the bedroom . jeff journeyed to the garden . fred handed the apple to jeff . mary went to the garden . fred went back to the bathroom . fred got the milk there . mary journeyed to the kitchen . who gave the apple to jeff ?
Question: who gave the apple to jeff ?
Answer: fred </s>
Model prediction: fred </s>
=========================
Step 7400: train_loss = 0.000877, train_acc = 1.000000, train ppl = 1.000439
Step 7500: train_loss = 0.057061, train_acc = 0.968750, train ppl = 1.028941
Step 7600: train_loss = 0.000018, train_acc = 1.000000, train ppl = 1.000009
==== Finshed epoch 27 ====
Evaluating model...
Epoch 27: validation accuracy = 0.987000 -- validation perplexity = 1.048826
Epoch 27: test accuracy: 0.986000
---- Qualitative Analysis
Context: what did bill give to mary ? mary journeyed to the hallway . fred travelled to the garden . jeff took the apple there . fred travelled to the kitchen . jeff left the apple . bill grabbed the football there . bill put down the football . jeff moved to the bedroom . jeff moved to the hallway . fred journeyed to the garden . jeff travelled to the kitchen . bill grabbed the football there . bill discarded the football . fred moved to the bathroom . mary went back to the office . bill picked up the football there . jeff travelled to the hallway . bill dropped the football . bill got the football there . mary moved to the garden . bill passed the football to mary . jeff went to the office . what did bill give to mary ?
Question: what did bill give to mary ?
Answer: football </s>
Model prediction: football </s>
=========================
Step 7700: train_loss = 0.000320, train_acc = 1.000000, train ppl = 1.000160
Step 7800: train_loss = 0.000134, train_acc = 1.000000, train ppl = 1.000067
==== Finshed epoch 28 ====
Evaluating model...
Epoch 28: validation accuracy = 0.988000 -- validation perplexity = 1.051538
Epoch 28: test accuracy: 0.984000
---- Qualitative Analysis
Context: what did mary give to fred ? mary travelled to the hallway . bill went back to the garden . fred moved to the bedroom . fred got the football there . fred dropped the football . fred went to the garden . mary journeyed to the kitchen . bill went to the office . mary went back to the office . bill journeyed to the bedroom . mary went back to the bedroom . jeff grabbed the milk there . jeff went to the office . jeff went to the bathroom . mary got the football there . mary put down the football there . bill journeyed to the garden . fred went back to the bathroom . jeff put down the milk . bill moved to the office . fred went to the office . mary grabbed the football there . jeff travelled to the office . mary dropped the football . fred moved to the kitchen . bill journeyed to the kitchen . bill took the apple there . bill went back to the hallway . fred moved to the office . mary picked up the football there . fred journeyed to the bedroom . mary gave the football to fred . jeff went to the garden . bill travelled to the garden . fred dropped the football there . mary journeyed to the kitchen . what did mary give to fred ?
Question: what did mary give to fred ?
Answer: football </s>
Model prediction: football </s>
=========================
Step 7900: train_loss = 0.002164, train_acc = 1.000000, train ppl = 1.001083
Step 8000: train_loss = 0.147447, train_acc = 0.968750, train ppl = 1.076509
Step 8100: train_loss = 0.116903, train_acc = 0.968750, train ppl = 1.060194
==== Finshed epoch 29 ====
Evaluating model...
Epoch 29: validation accuracy = 0.987000 -- validation perplexity = 1.051143
Epoch 29: test accuracy: 0.986000
---- Qualitative Analysis
Context: who received the apple ? jeff got the football there . fred travelled to the office . mary moved to the kitchen . jeff travelled to the garden . jeff went to the hallway . jeff dropped the football . bill went back to the bathroom . jeff grabbed the milk there . mary went to the hallway . jeff travelled to the kitchen . fred moved to the bathroom . jeff grabbed the apple there . mary travelled to the bedroom . jeff put down the milk . fred journeyed to the garden . jeff discarded the apple there . jeff got the apple there . bill moved to the hallway . bill journeyed to the bathroom . mary journeyed to the hallway . fred travelled to the bathroom . jeff discarded the apple there . bill journeyed to the bedroom . fred went back to the garden . fred moved to the bathroom . jeff journeyed to the bathroom . fred went back to the garden . mary grabbed the football there . mary left the football . mary got the football there . fred moved to the kitchen . mary put down the football . mary went to the bathroom . jeff travelled to the hallway . jeff got the football there . jeff dropped the football . fred journeyed to the garden . mary went back to the bedroom . mary travelled to the kitchen . fred travelled to the bedroom . mary picked up the apple there . bill went back to the kitchen . mary got the milk there . mary handed the apple to bill . bill handed the apple to mary . jeff took the football there . mary handed the apple to bill . mary put down the milk . mary grabbed the milk there . bill passed the apple to mary . mary gave the apple to bill . bill handed the apple to mary . who received the apple ?
Question: who received the apple ?
Answer: mary </s>
Model prediction: mary </s>
=========================
Step 8200: train_loss = 0.004689, train_acc = 1.000000, train ppl = 1.002347
Step 8300: train_loss = 0.048652, train_acc = 0.968750, train ppl = 1.024624
Step 8400: train_loss = 0.067517, train_acc = 0.937500, train ppl = 1.034335
==== Finshed epoch 30 ====
Evaluating model...
Epoch 30: validation accuracy = 0.986000 -- validation perplexity = 1.073818
Epoch 30: test accuracy: 0.987000
---- Qualitative Analysis
Context: who received the apple ? bill grabbed the football there . bill got the milk there . bill discarded the milk . fred went back to the office . bill took the milk there . bill dropped the milk there . jeff went back to the hallway . jeff went back to the bathroom . mary went to the hallway . bill put down the football . bill journeyed to the bedroom . jeff travelled to the office . mary moved to the garden . mary went back to the kitchen . bill went to the hallway . jeff journeyed to the kitchen . mary got the apple there . mary passed the apple to jeff . jeff passed the apple to mary . mary passed the apple to jeff . mary moved to the hallway . mary went back to the garden . who received the apple ?
Question: who received the apple ?
Answer: jeff </s>
Model prediction: jeff </s>
=========================
Step 8500: train_loss = 0.011496, train_acc = 1.000000, train ppl = 1.005764
Step 8600: train_loss = 0.005078, train_acc = 1.000000, train ppl = 1.002542
Step 8700: train_loss = 0.000342, train_acc = 1.000000, train ppl = 1.000171
==== Finshed epoch 31 ====
Evaluating model...
Epoch 31: validation accuracy = 0.989000 -- validation perplexity = 1.044438
Epoch 31: test accuracy: 0.986000
---- Qualitative Analysis
Context: who did mary give the milk to ? jeff journeyed to the garden . bill picked up the apple there . jeff went to the bathroom . bill dropped the apple there . fred journeyed to the bedroom . bill got the apple there . bill dropped the apple . fred journeyed to the garden . jeff moved to the garden . mary travelled to the bathroom . bill went to the office . bill went to the bathroom . mary went back to the kitchen . jeff went to the bathroom . jeff journeyed to the office . mary took the milk there . bill moved to the garden . jeff went to the bathroom . jeff journeyed to the bedroom . bill travelled to the bathroom . bill went back to the garden . jeff went to the kitchen . mary journeyed to the hallway . bill travelled to the bedroom . fred journeyed to the hallway . mary passed the milk to fred . fred handed the milk to mary . mary gave the milk to fred . mary moved to the bathroom . fred left the milk there . who did mary give the milk to ?
Question: who did mary give the milk to ?
Answer: fred </s>
Model prediction: fred </s>
=========================
Step 8800: train_loss = 0.165923, train_acc = 0.968750, train ppl = 1.086500
Step 8900: train_loss = 0.000270, train_acc = 1.000000, train ppl = 1.000135
Step 9000: train_loss = 0.000023, train_acc = 1.000000, train ppl = 1.000012
==== Finshed epoch 32 ====
Evaluating model...
Epoch 32: validation accuracy = 0.989000 -- validation perplexity = 1.043801
Epoch 32: test accuracy: 0.986000
---- Qualitative Analysis
Context: who received the apple ? mary went to the kitchen . mary travelled to the bathroom . bill went to the garden . bill went back to the kitchen . jeff grabbed the apple there . jeff passed the apple to mary . who received the apple ?
Question: who received the apple ?
Answer: mary </s>
Model prediction: mary </s>
=========================
Step 9100: train_loss = 0.045156, train_acc = 0.968750, train ppl = 1.022835
Step 9200: train_loss = 0.188896, train_acc = 0.968750, train ppl = 1.099052
Step 9300: train_loss = 0.000108, train_acc = 1.000000, train ppl = 1.000054
==== Finshed epoch 33 ====
Evaluating model...
Epoch 33: validation accuracy = 0.988000 -- validation perplexity = 1.048871
Epoch 33: test accuracy: 0.987000
---- Qualitative Analysis
Context: who did fred give the apple to ? jeff journeyed to the garden . fred went to the office . fred went to the hallway . fred got the apple there . fred moved to the office . fred went to the kitchen . fred put down the apple . fred took the apple there . mary went back to the garden . fred travelled to the bathroom . jeff grabbed the milk there . bill went to the office . jeff journeyed to the bathroom . jeff put down the milk there . fred picked up the milk there . fred passed the apple to jeff . jeff handed the apple to fred . fred handed the apple to jeff . who did fred give the apple to ?
Question: who did fred give the apple to ?
Answer: jeff </s>
Model prediction: jeff </s>
=========================
Step 9400: train_loss = 0.131173, train_acc = 0.937500, train ppl = 1.067785
Step 9500: train_loss = 0.009385, train_acc = 1.000000, train ppl = 1.004704
==== Finshed epoch 34 ====
Evaluating model...
Epoch 34: validation accuracy = 0.985000 -- validation perplexity = 1.056378
Epoch 34: test accuracy: 0.987000
---- Qualitative Analysis
Context: who gave the apple ? mary journeyed to the bedroom . fred went back to the kitchen . mary grabbed the football there . mary dropped the football . bill went back to the office . jeff moved to the bedroom . jeff picked up the apple there . jeff gave the apple to mary . mary gave the apple to jeff . jeff handed the apple to mary . mary gave the apple to jeff . jeff went back to the kitchen . who gave the apple ?
Question: who gave the apple ?
Answer: mary </s>
Model prediction: mary </s>
=========================
Step 9600: train_loss = 0.000118, train_acc = 1.000000, train ppl = 1.000059
Step 9700: train_loss = 0.000707, train_acc = 1.000000, train ppl = 1.000354
Step 9800: train_loss = 0.000319, train_acc = 1.000000, train ppl = 1.000160
==== Finshed epoch 35 ====
Evaluating model...
Epoch 35: validation accuracy = 0.983000 -- validation perplexity = 1.057775
Epoch 35: test accuracy: 0.988000
---- Qualitative Analysis
Context: what did mary give to fred ? fred went to the office . mary went back to the kitchen . jeff went back to the bathroom . jeff went back to the kitchen . jeff travelled to the garden . mary went to the bathroom . mary took the football there . jeff went back to the bathroom . bill moved to the garden . jeff moved to the kitchen . bill picked up the milk there . mary put down the football there . fred went back to the hallway . bill went back to the hallway . bill dropped the milk . fred travelled to the office . mary moved to the kitchen . bill went to the kitchen . jeff travelled to the bedroom . fred went to the hallway . mary went back to the garden . fred travelled to the kitchen . mary journeyed to the bathroom . mary journeyed to the bedroom . bill journeyed to the office . mary moved to the hallway . fred moved to the bathroom . fred journeyed to the bedroom . fred travelled to the office . mary got the milk there . mary moved to the office . bill travelled to the bedroom . mary gave the milk to fred . bill moved to the garden . fred discarded the milk there . fred picked up the milk there . what did mary give to fred ?
Question: what did mary give to fred ?
Answer: milk </s>
Model prediction: milk </s>
=========================
Step 9900: train_loss = 0.001421, train_acc = 1.000000, train ppl = 1.000711
Step 10000: train_loss = 0.000076, train_acc = 1.000000, train ppl = 1.000038
Step 10100: train_loss = 0.015475, train_acc = 1.000000, train ppl = 1.007767
==== Finshed epoch 36 ====
Evaluating model...
Epoch 36: validation accuracy = 0.986000 -- validation perplexity = 1.065336
Epoch 36: test accuracy: 0.987000
---- Qualitative Analysis
Context: who did mary give the apple to ? fred picked up the apple there . bill went back to the office . jeff grabbed the milk there . jeff gave the milk to bill . fred dropped the apple . bill discarded the milk . mary journeyed to the garden . bill went to the kitchen . bill travelled to the bedroom . mary travelled to the bathroom . bill journeyed to the garden . fred picked up the apple there . fred went to the bedroom . jeff grabbed the milk there . fred picked up the football there . fred put down the apple . jeff discarded the milk there . mary travelled to the office . bill went to the kitchen . bill went to the garden . jeff took the milk there . fred picked up the apple there . jeff went to the hallway . bill travelled to the hallway . fred went to the office . fred handed the apple to mary . jeff went to the bathroom . mary gave the apple to fred . who did mary give the apple to ?
Question: who did mary give the apple to ?
Answer: fred </s>
Model prediction: fred </s>
=========================
Step 10200: train_loss = 0.001437, train_acc = 1.000000, train ppl = 1.000718
Step 10300: train_loss = 0.074406, train_acc = 0.968750, train ppl = 1.037904
Step 10400: train_loss = 0.001125, train_acc = 1.000000, train ppl = 1.000563
==== Finshed epoch 37 ====
Evaluating model...
Epoch 37: validation accuracy = 0.985000 -- validation perplexity = 1.068987
Epoch 37: test accuracy: 0.985000
---- Qualitative Analysis
Context: what did bill give to fred ? mary went to the kitchen . bill went back to the hallway . jeff moved to the hallway . fred grabbed the milk there . mary went to the garden . bill travelled to the bathroom . fred moved to the kitchen . fred took the apple there . jeff moved to the bedroom . fred went back to the garden . mary went back to the hallway . bill went back to the garden . fred handed the apple to bill . bill passed the apple to fred . what did bill give to fred ?
Question: what did bill give to fred ?
Answer: apple </s>
Model prediction: apple </s>
=========================
Step 10500: train_loss = 0.000039, train_acc = 1.000000, train ppl = 1.000020
Step 10600: train_loss = 0.003346, train_acc = 1.000000, train ppl = 1.001675
Step 10700: train_loss = 0.023302, train_acc = 0.968750, train ppl = 1.011719
==== Finshed epoch 38 ====
Evaluating model...
Epoch 38: validation accuracy = 0.985000 -- validation perplexity = 1.063992
Epoch 38: test accuracy: 0.988000
---- Qualitative Analysis
Context: what did fred give to mary ? mary travelled to the office . jeff travelled to the hallway . bill journeyed to the hallway . mary got the apple there . mary put down the apple . fred went back to the office . fred went to the hallway . fred moved to the garden . bill went to the kitchen . mary picked up the apple there . bill moved to the hallway . bill travelled to the garden . mary put down the apple . jeff travelled to the bedroom . mary took the apple there . bill went to the office . mary dropped the apple . bill went back to the garden . bill journeyed to the bathroom . bill grabbed the milk there . bill put down the milk . bill journeyed to the bedroom . mary grabbed the apple there . fred journeyed to the kitchen . mary travelled to the hallway . fred grabbed the football there . bill moved to the hallway . mary journeyed to the kitchen . mary passed the apple to fred . fred handed the apple to mary . mary gave the apple to fred . fred journeyed to the bathroom . fred left the apple . fred moved to the hallway . mary went back to the hallway . fred handed the football to mary . what did fred give to mary ?
Question: what did fred give to mary ?
Answer: football </s>
Model prediction: football </s>
=========================
Step 10800: train_loss = 0.006167, train_acc = 1.000000, train ppl = 1.003088
Step 10900: train_loss = 0.002919, train_acc = 1.000000, train ppl = 1.001460
==== Finshed epoch 39 ====
Evaluating model...
Epoch 39: validation accuracy = 0.987000 -- validation perplexity = 1.054958
Epoch 39: test accuracy: 0.987000
---- Qualitative Analysis
Context: who gave the apple to mary ? jeff grabbed the apple there . jeff gave the apple to mary . who gave the apple to mary ?
Question: who gave the apple to mary ?
Answer: jeff </s>
Model prediction: jeff </s>
=========================
Step 11000: train_loss = 0.000027, train_acc = 1.000000, train ppl = 1.000013
Step 11100: train_loss = 0.046857, train_acc = 0.968750, train ppl = 1.023705
Step 11200: train_loss = 0.000195, train_acc = 1.000000, train ppl = 1.000098
==== Finshed epoch 40 ====
Evaluating model...
Epoch 40: validation accuracy = 0.988000 -- validation perplexity = 1.082112
Epoch 40: test accuracy: 0.989000
---- Qualitative Analysis
Context: who received the apple ? jeff went back to the bathroom . jeff travelled to the hallway . bill went back to the garden . jeff grabbed the milk there . jeff dropped the milk there . fred journeyed to the kitchen . jeff picked up the milk there . jeff put down the milk there . jeff moved to the bedroom . fred went to the bathroom . jeff went back to the bathroom . mary moved to the garden . fred went back to the kitchen . fred moved to the bathroom . jeff travelled to the hallway . bill went to the hallway . jeff went back to the bathroom . jeff went back to the bedroom . fred moved to the bedroom . mary went to the kitchen . bill grabbed the milk there . mary moved to the bedroom . mary journeyed to the bathroom . bill put down the milk there . bill went to the kitchen . fred went back to the kitchen . fred went to the garden . mary journeyed to the bedroom . jeff went back to the kitchen . fred travelled to the bedroom . jeff went to the garden . bill journeyed to the bedroom . fred went to the garden . mary went to the bathroom . fred moved to the office . fred went back to the garden . bill went to the kitchen . jeff journeyed to the hallway . fred went back to the bedroom . jeff took the milk there . jeff dropped the milk . bill went to the garden . jeff moved to the garden . fred journeyed to the office . mary journeyed to the garden . fred got the football there . jeff went to the bathroom . fred got the apple there . mary travelled to the bedroom . jeff went to the bedroom . bill went back to the hallway . bill took the milk there . bill dropped the milk . jeff went to the office . fred passed the apple to jeff . jeff left the apple there . fred put down the football . bill got the milk there . bill went back to the garden . jeff grabbed the apple there . jeff passed the apple to fred . fred passed the apple to jeff . mary journeyed to the garden . jeff got the football there . jeff left the football . jeff passed the apple to fred . who received the apple ?
Question: who received the apple ?
Answer: fred </s>
Model prediction: fred </s>
=========================
Step 11300: train_loss = 0.000087, train_acc = 1.000000, train ppl = 1.000043
Step 11400: train_loss = 0.000117, train_acc = 1.000000, train ppl = 1.000059
Step 11500: train_loss = 0.000378, train_acc = 1.000000, train ppl = 1.000189
==== Finshed epoch 41 ====
Evaluating model...
Epoch 41: validation accuracy = 0.978000 -- validation perplexity = 1.091871
Epoch 41: test accuracy: 0.979000
---- Qualitative Analysis
Context: what did mary give to fred ? jeff went back to the office . jeff went to the bedroom . mary journeyed to the garden . fred got the apple there . bill travelled to the office . mary travelled to the hallway . mary went to the bedroom . bill journeyed to the hallway . fred went back to the kitchen . fred got the milk there . fred moved to the office . fred went to the kitchen . fred travelled to the office . bill went back to the kitchen . mary journeyed to the hallway . fred left the apple . fred grabbed the apple there . mary journeyed to the bathroom . fred put down the apple . fred picked up the football there . jeff journeyed to the kitchen . fred took the apple there . mary went to the garden . jeff travelled to the bathroom . mary went to the bedroom . fred discarded the football . bill went back to the hallway . fred dropped the milk . fred moved to the bedroom . bill journeyed to the garden . fred gave the apple to mary . mary handed the apple to fred . what did mary give to fred ?
Question: what did mary give to fred ?
Answer: apple </s>
Model prediction: apple </s>
=========================
Step 11600: train_loss = 0.065247, train_acc = 0.968750, train ppl = 1.033161
Step 11700: train_loss = 0.082457, train_acc = 0.968750, train ppl = 1.042090
Step 11800: train_loss = 0.081135, train_acc = 0.968750, train ppl = 1.041401
==== Finshed epoch 42 ====
Evaluating model...
Epoch 42: validation accuracy = 0.986000 -- validation perplexity = 1.065745
Epoch 42: test accuracy: 0.985000
---- Qualitative Analysis
Context: who gave the apple ? bill travelled to the garden . jeff travelled to the garden . bill travelled to the bathroom . jeff went back to the bathroom . jeff went back to the kitchen . fred went to the bathroom . fred travelled to the garden . bill journeyed to the hallway . jeff picked up the apple there . jeff travelled to the office . jeff went to the kitchen . jeff put down the apple . jeff grabbed the milk there . jeff got the apple there . jeff discarded the milk . jeff went back to the garden . jeff passed the apple to fred . jeff went back to the hallway . bill went back to the kitchen . fred went back to the kitchen . fred travelled to the hallway . fred passed the apple to jeff . jeff gave the apple to fred . bill journeyed to the bathroom . who gave the apple ?
Question: who gave the apple ?
Answer: jeff </s>
Model prediction: jeff </s>
=========================
Step 11900: train_loss = 0.000026, train_acc = 1.000000, train ppl = 1.000013
Step 12000: train_loss = 0.168806, train_acc = 0.937500, train ppl = 1.088067
Step 12100: train_loss = 0.000798, train_acc = 1.000000, train ppl = 1.000399
==== Finshed epoch 43 ====
Evaluating model...
Epoch 43: validation accuracy = 0.988000 -- validation perplexity = 1.065700
Epoch 43: test accuracy: 0.987000
---- Qualitative Analysis
Context: who received the apple ? bill took the football there . jeff journeyed to the bathroom . jeff moved to the kitchen . bill left the football . jeff went back to the bedroom . bill grabbed the football there . bill travelled to the garden . bill picked up the apple there . fred went to the hallway . mary journeyed to the bathroom . jeff went back to the kitchen . bill discarded the football . fred journeyed to the bathroom . bill picked up the football there . fred journeyed to the hallway . bill moved to the office . fred took the milk there . bill left the apple . fred put down the milk there . bill went to the bathroom . bill handed the football to mary . mary dropped the football . jeff went back to the office . mary grabbed the football there . fred grabbed the milk there . fred discarded the milk . bill moved to the office . mary left the football . jeff picked up the apple there . fred went to the garden . jeff passed the apple to bill . bill gave the apple to jeff . who received the apple ?
Question: who received the apple ?
Answer: jeff </s>
Model prediction: jeff </s>
=========================
Step 12200: train_loss = 0.009498, train_acc = 1.000000, train ppl = 1.004760
Step 12300: train_loss = 0.006683, train_acc = 1.000000, train ppl = 1.003347
Step 12400: train_loss = 0.000687, train_acc = 1.000000, train ppl = 1.000344
==== Finshed epoch 44 ====
Evaluating model...
Epoch 44: validation accuracy = 0.989000 -- validation perplexity = 1.071616
Epoch 44: test accuracy: 0.985000
---- Qualitative Analysis
Context: who did bill give the apple to ? bill grabbed the apple there . bill handed the apple to mary . jeff went back to the garden . fred travelled to the bedroom . who did bill give the apple to ?
Question: who did bill give the apple to ?
Answer: mary </s>
Model prediction: mary </s>
=========================
Step 12500: train_loss = 0.002801, train_acc = 1.000000, train ppl = 1.001402
Step 12600: train_loss = 0.000069, train_acc = 1.000000, train ppl = 1.000035
==== Finshed epoch 45 ====
Evaluating model...
Epoch 45: validation accuracy = 0.988000 -- validation perplexity = 1.080881
Epoch 45: test accuracy: 0.986000
---- Qualitative Analysis
Context: what did fred give to bill ? fred picked up the apple there . fred gave the apple to bill . what did fred give to bill ?
Question: what did fred give to bill ?
Answer: apple </s>
Model prediction: apple </s>
=========================
Step 12700: train_loss = 0.000006, train_acc = 1.000000, train ppl = 1.000003
Step 12800: train_loss = 0.000108, train_acc = 1.000000, train ppl = 1.000054
Step 12900: train_loss = 0.000290, train_acc = 1.000000, train ppl = 1.000145
==== Finshed epoch 46 ====
Evaluating model...
Epoch 46: validation accuracy = 0.985000 -- validation perplexity = 1.069924
Epoch 46: test accuracy: 0.982000
---- Qualitative Analysis
Context: who gave the apple to fred ? mary picked up the apple there . mary handed the apple to fred . who gave the apple to fred ?
Question: who gave the apple to fred ?
Answer: mary </s>
Model prediction: mary </s>
=========================
Step 13000: train_loss = 0.016052, train_acc = 1.000000, train ppl = 1.008058
Step 13100: train_loss = 0.000182, train_acc = 1.000000, train ppl = 1.000091
Step 13200: train_loss = 0.026300, train_acc = 0.968750, train ppl = 1.013237
==== Finshed epoch 47 ====
Evaluating model...
Epoch 47: validation accuracy = 0.985000 -- validation perplexity = 1.068817
Epoch 47: test accuracy: 0.986000
---- Qualitative Analysis
Context: who received the apple ? bill journeyed to the garden . mary went to the hallway . fred moved to the office . fred moved to the kitchen . fred picked up the football there . fred picked up the apple there . bill went to the hallway . bill went to the office . fred journeyed to the bathroom . mary went back to the bedroom . fred grabbed the milk there . fred dropped the apple . fred picked up the apple there . fred put down the football . fred moved to the garden . jeff travelled to the garden . bill went to the hallway . fred left the milk there . mary travelled to the garden . jeff journeyed to the bedroom . fred gave the apple to mary . fred went to the kitchen . mary got the milk there . fred travelled to the garden . jeff went to the bathroom . fred went to the office . mary dropped the apple . mary got the apple there . jeff went back to the office . mary put down the milk . mary dropped the apple . fred went back to the kitchen . jeff went back to the garden . mary picked up the apple there . jeff grabbed the milk there . mary handed the apple to jeff . jeff handed the apple to mary . mary put down the apple . fred went to the hallway . jeff handed the milk to mary . who received the apple ?
Question: who received the apple ?
Answer: mary </s>
Model prediction: mary </s>
=========================
Step 13300: train_loss = 0.005357, train_acc = 1.000000, train ppl = 1.002682
Step 13400: train_loss = 0.000400, train_acc = 1.000000, train ppl = 1.000200
Step 13500: train_loss = 0.000001, train_acc = 1.000000, train ppl = 1.000000
==== Finshed epoch 48 ====
Evaluating model...
Epoch 48: validation accuracy = 0.986000 -- validation perplexity = 1.080925
Epoch 48: test accuracy: 0.986000
---- Qualitative Analysis
Context: what did mary give to bill ? mary went back to the bedroom . jeff picked up the milk there . jeff journeyed to the bathroom . jeff put down the milk there . bill travelled to the garden . mary got the football there . mary moved to the garden . mary gave the football to bill . mary travelled to the office . mary went to the kitchen . what did mary give to bill ?
Question: what did mary give to bill ?
Answer: football </s>
Model prediction: football </s>
=========================
Step 13600: train_loss = 0.000596, train_acc = 1.000000, train ppl = 1.000298
Step 13700: train_loss = 0.035020, train_acc = 0.968750, train ppl = 1.017664
