dropout_keep_prob:        0.7
merge_mode:               concat
encoder_type:             bi
model_type:               normal
task:                     17
optimizer:                adam
num_enc_layers:           1
cell_type:                gru
max_gradient_norm:        1.0
vocab:                    data/vocab.txt
restore_from_dir:         None
batch_size:               32
model_dir:                models/dummy
data_dir:                 data/en-10k
num_epochs:               50
learning_rate:            0.001
num_units:                256
embedding_size:           256
val_split:                0.1
Loading data...
vocabulary size = 487
Building model...
Running initializers...
Creating summary writers...
Performing evaluation before training...
---- Qualitative Analysis
Context: is the red sphere above the red square ? the triangle is below the red sphere . the red square is to the left of the triangle . is the red sphere above the red square ?
Question: is the red sphere above the red square ?
Answer: yes </s>
Model prediction: 6 19 79 s why why why 185 yes 185
=========================
Step 100: train_loss = 0.745278, train_acc = 0.500000, train ppl = 1.451561
Step 200: train_loss = 0.707347, train_acc = 0.468750, train ppl = 1.424290
==== Finshed epoch 1 ====
Evaluating model...
Epoch 1: validation accuracy = 0.509000 -- validation perplexity = 1.414909
Epoch 1: test accuracy: 0.480000
---- Qualitative Analysis
Context: is the blue square above the pink rectangle ? the red square is to the left of the pink rectangle . the red square is below the blue square . is the blue square above the pink rectangle ?
Question: is the blue square above the pink rectangle ?
Answer: yes </s>
Model prediction: no </s>
=========================
Model checkpoint saved in models/dummy/best_model.ckpt
Step 300: train_loss = 0.715294, train_acc = 0.500000, train ppl = 1.429960
Step 400: train_loss = 0.684106, train_acc = 0.656250, train ppl = 1.407835
Step 500: train_loss = 0.624060, train_acc = 0.718750, train ppl = 1.366196
==== Finshed epoch 2 ====
Evaluating model...
Epoch 2: validation accuracy = 0.517000 -- validation perplexity = 1.416734
Epoch 2: test accuracy: 0.475000
---- Qualitative Analysis
Context: is the red sphere to the left of the blue square ? the triangle is to the right of the red sphere . the triangle is above the blue square . is the red sphere to the left of the blue square ?
Question: is the red sphere to the left of the blue square ?
Answer: yes </s>
Model prediction: no </s>
=========================
Model checkpoint saved in models/dummy/best_model.ckpt
Step 600: train_loss = 0.703791, train_acc = 0.468750, train ppl = 1.421760
Step 700: train_loss = 0.627402, train_acc = 0.468750, train ppl = 1.368480
Step 800: train_loss = 0.545124, train_acc = 0.687500, train ppl = 1.313325
==== Finshed epoch 3 ====
Evaluating model...
Epoch 3: validation accuracy = 0.636000 -- validation perplexity = 1.344379
Epoch 3: test accuracy: 0.594000
---- Qualitative Analysis
Context: is the blue square to the left of the pink rectangle ? the pink rectangle is to the left of the red square . the red square is to the left of the blue square . is the blue square to the left of the pink rectangle ?
Question: is the blue square to the left of the pink rectangle ?
Answer: no </s>
Model prediction: yes </s>
=========================
Model checkpoint saved in models/dummy/best_model.ckpt
Step 900: train_loss = 0.732167, train_acc = 0.468750, train ppl = 1.442076
Step 1000: train_loss = 0.659347, train_acc = 0.437500, train ppl = 1.390514
Step 1100: train_loss = 0.578574, train_acc = 0.656250, train ppl = 1.335475
==== Finshed epoch 4 ====
Evaluating model...
Epoch 4: validation accuracy = 0.640000 -- validation perplexity = 1.347317
Epoch 4: test accuracy: 0.597000
---- Qualitative Analysis
Context: is the pink rectangle to the right of the red sphere ? the yellow square is to the right of the pink rectangle . the red sphere is below the yellow square . is the pink rectangle to the right of the red sphere ?
Question: is the pink rectangle to the right of the red sphere ?
Answer: no </s>
Model prediction: no </s>
=========================
Model checkpoint saved in models/dummy/best_model.ckpt
Step 1200: train_loss = 0.566307, train_acc = 0.687500, train ppl = 1.327309
Step 1300: train_loss = 0.586664, train_acc = 0.593750, train ppl = 1.340888
Step 1400: train_loss = 0.581781, train_acc = 0.593750, train ppl = 1.337618
==== Finshed epoch 5 ====
Evaluating model...
Epoch 5: validation accuracy = 0.631000 -- validation perplexity = 1.337322
Epoch 5: test accuracy: 0.590000
---- Qualitative Analysis
Context: is the blue square above the triangle ? the pink rectangle is to the left of the blue square . the pink rectangle is below the triangle . is the blue square above the triangle ?
Question: is the blue square above the triangle ?
Answer: no </s>
Model prediction: no </s>
=========================
Step 1500: train_loss = 0.649131, train_acc = 0.531250, train ppl = 1.383429
Step 1600: train_loss = 0.584780, train_acc = 0.562500, train ppl = 1.339625
==== Finshed epoch 6 ====
Evaluating model...
Epoch 6: validation accuracy = 0.612000 -- validation perplexity = 1.338370
Epoch 6: test accuracy: 0.627000
---- Qualitative Analysis
Context: is the yellow square above the red sphere ? the pink rectangle is to the left of the red sphere . the yellow square is above the pink rectangle . is the yellow square above the red sphere ?
Question: is the yellow square above the red sphere ?
Answer: yes </s>
Model prediction: yes </s>
=========================
Step 1700: train_loss = 0.608208, train_acc = 0.531250, train ppl = 1.355410
Step 1800: train_loss = 0.628251, train_acc = 0.562500, train ppl = 1.369061
Step 1900: train_loss = 0.605797, train_acc = 0.593750, train ppl = 1.353777
==== Finshed epoch 7 ====
Evaluating model...
Epoch 7: validation accuracy = 0.595000 -- validation perplexity = 1.344619
Epoch 7: test accuracy: 0.616000
---- Qualitative Analysis
Context: is the blue square below the triangle ? the pink rectangle is to the left of the blue square . the pink rectangle is below the triangle . is the blue square below the triangle ?
Question: is the blue square below the triangle ?
Answer: yes </s>
Model prediction: yes </s>
=========================
Step 2000: train_loss = 0.561148, train_acc = 0.468750, train ppl = 1.323889
Step 2100: train_loss = 0.554145, train_acc = 0.718750, train ppl = 1.319262
Step 2200: train_loss = 0.663247, train_acc = 0.562500, train ppl = 1.393228
==== Finshed epoch 8 ====
Evaluating model...
Epoch 8: validation accuracy = 0.629000 -- validation perplexity = 1.337881
Epoch 8: test accuracy: 0.587000
---- Qualitative Analysis
Context: is the red sphere to the left of the red square ? the red sphere is to the left of the triangle . the triangle is to the left of the red square . is the red sphere to the left of the red square ?
Question: is the red sphere to the left of the red square ?
Answer: yes </s>
Model prediction: yes </s>
=========================
Step 2300: train_loss = 0.676170, train_acc = 0.406250, train ppl = 1.402260
Step 2400: train_loss = 0.672308, train_acc = 0.468750, train ppl = 1.399554
Step 2500: train_loss = 0.510353, train_acc = 0.687500, train ppl = 1.290689
==== Finshed epoch 9 ====
Evaluating model...
Epoch 9: validation accuracy = 0.615000 -- validation perplexity = 1.338883
Epoch 9: test accuracy: 0.616000
---- Qualitative Analysis
Context: is the blue square to the right of the red square ? the pink rectangle is to the left of the blue square . the pink rectangle is below the red square . is the blue square to the right of the red square ?
Question: is the blue square to the right of the red square ?
Answer: yes </s>
Model prediction: yes </s>
=========================
Step 2600: train_loss = 0.617871, train_acc = 0.593750, train ppl = 1.361974
Step 2700: train_loss = 0.657332, train_acc = 0.531250, train ppl = 1.389114
Step 2800: train_loss = 0.565154, train_acc = 0.625000, train ppl = 1.326544
==== Finshed epoch 10 ====
Evaluating model...
Epoch 10: validation accuracy = 0.634000 -- validation perplexity = 1.333214
Epoch 10: test accuracy: 0.595000
---- Qualitative Analysis
Context: is the blue square to the left of the red square ? the yellow square is to the left of the red square . the yellow square is to the right of the blue square . is the blue square to the left of the red square ?
Question: is the blue square to the left of the red square ?
Answer: yes </s>
Model prediction: yes </s>
=========================
Step 2900: train_loss = 0.658552, train_acc = 0.562500, train ppl = 1.389961
Step 3000: train_loss = 0.527299, train_acc = 0.718750, train ppl = 1.301672
Step 3100: train_loss = 0.492181, train_acc = 0.656250, train ppl = 1.279015
==== Finshed epoch 11 ====
Evaluating model...
Epoch 11: validation accuracy = 0.657000 -- validation perplexity = 1.320954
Epoch 11: test accuracy: 0.617000
---- Qualitative Analysis
Context: is the yellow square to the right of the red square ? the triangle is to the left of the yellow square . the red square is to the left of the triangle . is the yellow square to the right of the red square ?
Question: is the yellow square to the right of the red square ?
Answer: yes </s>
Model prediction: yes </s>
=========================
Model checkpoint saved in models/dummy/best_model.ckpt
Step 3200: train_loss = 0.676765, train_acc = 0.562500, train ppl = 1.402677
Step 3300: train_loss = 0.515291, train_acc = 0.625000, train ppl = 1.293880
==== Finshed epoch 12 ====
Evaluating model...
Epoch 12: validation accuracy = 0.693000 -- validation perplexity = 1.283741
Epoch 12: test accuracy: 0.678000
---- Qualitative Analysis
Context: is the yellow square above the blue square ? the blue square is above the pink rectangle . the yellow square is to the right of the pink rectangle . is the yellow square above the blue square ?
Question: is the yellow square above the blue square ?
Answer: no </s>
Model prediction: yes </s>
=========================
Model checkpoint saved in models/dummy/best_model.ckpt
Step 3400: train_loss = 0.482480, train_acc = 0.718750, train ppl = 1.272827
Step 3500: train_loss = 0.579285, train_acc = 0.656250, train ppl = 1.335950
Step 3600: train_loss = 0.454885, train_acc = 0.625000, train ppl = 1.255386
==== Finshed epoch 13 ====
Evaluating model...
Epoch 13: validation accuracy = 0.719000 -- validation perplexity = 1.277554
Epoch 13: test accuracy: 0.677000
---- Qualitative Analysis
Context: is the blue square to the right of the yellow square ? the red square is below the yellow square . the red square is above the blue square . is the blue square to the right of the yellow square ?
Question: is the blue square to the right of the yellow square ?
Answer: no </s>
Model prediction: no </s>
=========================
Model checkpoint saved in models/dummy/best_model.ckpt
Step 3700: train_loss = 0.605488, train_acc = 0.562500, train ppl = 1.353568
Step 3800: train_loss = 0.557487, train_acc = 0.625000, train ppl = 1.321468
Step 3900: train_loss = 0.532953, train_acc = 0.593750, train ppl = 1.305357
==== Finshed epoch 14 ====
Evaluating model...
Epoch 14: validation accuracy = 0.732000 -- validation perplexity = 1.260994
Epoch 14: test accuracy: 0.665000
---- Qualitative Analysis
Context: is the yellow square to the right of the triangle ? the red square is to the left of the triangle . the red square is to the right of the yellow square . is the yellow square to the right of the triangle ?
Question: is the yellow square to the right of the triangle ?
Answer: no </s>
Model prediction: yes </s>
=========================
Model checkpoint saved in models/dummy/best_model.ckpt
Step 4000: train_loss = 0.599678, train_acc = 0.656250, train ppl = 1.349642
Step 4100: train_loss = 0.380895, train_acc = 0.812500, train ppl = 1.209791
Step 4200: train_loss = 0.347957, train_acc = 0.750000, train ppl = 1.190030
==== Finshed epoch 15 ====
Evaluating model...
Epoch 15: validation accuracy = 0.750000 -- validation perplexity = 1.246644
Epoch 15: test accuracy: 0.703000
---- Qualitative Analysis
Context: is the blue square to the right of the red square ? the triangle is to the left of the red square . the triangle is below the blue square . is the blue square to the right of the red square ?
Question: is the blue square to the right of the red square ?
Answer: no </s>
Model prediction: yes </s>
=========================
Model checkpoint saved in models/dummy/best_model.ckpt
Step 4300: train_loss = 0.272243, train_acc = 0.843750, train ppl = 1.145821
Step 4400: train_loss = 0.229186, train_acc = 0.906250, train ppl = 1.121417
Step 4500: train_loss = 0.313454, train_acc = 0.750000, train ppl = 1.169676
==== Finshed epoch 16 ====
Evaluating model...
Epoch 16: validation accuracy = 0.801000 -- validation perplexity = 1.204341
Epoch 16: test accuracy: 0.769000
---- Qualitative Analysis
Context: is the red sphere below the blue square ? the red square is below the red sphere . the red square is to the right of the blue square . is the red sphere below the blue square ?
Question: is the red sphere below the blue square ?
Answer: no </s>
Model prediction: no </s>
=========================
Model checkpoint saved in models/dummy/best_model.ckpt
Step 4600: train_loss = 0.305763, train_acc = 0.812500, train ppl = 1.165187
Step 4700: train_loss = 0.141140, train_acc = 0.937500, train ppl = 1.073120
==== Finshed epoch 17 ====
Evaluating model...
Epoch 17: validation accuracy = 0.860000 -- validation perplexity = 1.165174
Epoch 17: test accuracy: 0.799000
---- Qualitative Analysis
Context: is the red square to the right of the blue square ? the yellow square is to the right of the blue square . the yellow square is below the red square . is the red square to the right of the blue square ?
Question: is the red square to the right of the blue square ?
Answer: yes </s>
Model prediction: yes </s>
=========================
Model checkpoint saved in models/dummy/best_model.ckpt
Step 4800: train_loss = 0.182732, train_acc = 0.906250, train ppl = 1.095670
Step 4900: train_loss = 0.061961, train_acc = 1.000000, train ppl = 1.031465
Step 5000: train_loss = 0.102452, train_acc = 1.000000, train ppl = 1.052561
==== Finshed epoch 18 ====
Evaluating model...
Epoch 18: validation accuracy = 0.880000 -- validation perplexity = 1.133868
Epoch 18: test accuracy: 0.829000
---- Qualitative Analysis
Context: is the red sphere below the red square ? the triangle is below the red sphere . the red square is to the left of the triangle . is the red sphere below the red square ?
Question: is the red sphere below the red square ?
Answer: no </s>
Model prediction: no </s>
=========================
Model checkpoint saved in models/dummy/best_model.ckpt
Step 5100: train_loss = 0.118259, train_acc = 0.968750, train ppl = 1.060912
Step 5200: train_loss = 0.165268, train_acc = 0.968750, train ppl = 1.086144
Step 5300: train_loss = 0.437761, train_acc = 0.906250, train ppl = 1.244683
==== Finshed epoch 19 ====
Evaluating model...
Epoch 19: validation accuracy = 0.909000 -- validation perplexity = 1.110198
Epoch 19: test accuracy: 0.867000
---- Qualitative Analysis
Context: is the pink rectangle below the red square ? the red square is below the yellow square . the pink rectangle is above the yellow square . is the pink rectangle below the red square ?
Question: is the pink rectangle below the red square ?
Answer: no </s>
Model prediction: no </s>
=========================
Model checkpoint saved in models/dummy/best_model.ckpt
Step 5400: train_loss = 0.102407, train_acc = 0.968750, train ppl = 1.052537
Step 5500: train_loss = 0.090571, train_acc = 0.968750, train ppl = 1.046326
Step 5600: train_loss = 0.131274, train_acc = 0.937500, train ppl = 1.067839
==== Finshed epoch 20 ====
Evaluating model...
Epoch 20: validation accuracy = 0.935000 -- validation perplexity = 1.091881
Epoch 20: test accuracy: 0.896000
---- Qualitative Analysis
Context: is the pink rectangle above the triangle ? the triangle is above the red square . the red square is above the pink rectangle . is the pink rectangle above the triangle ?
Question: is the pink rectangle above the triangle ?
Answer: no </s>
Model prediction: no </s>
=========================
Model checkpoint saved in models/dummy/best_model.ckpt
Step 5700: train_loss = 0.045703, train_acc = 0.968750, train ppl = 1.023115
Step 5800: train_loss = 0.061896, train_acc = 0.968750, train ppl = 1.031432
Step 5900: train_loss = 0.027053, train_acc = 0.968750, train ppl = 1.013618
==== Finshed epoch 21 ====
Evaluating model...
Epoch 21: validation accuracy = 0.950000 -- validation perplexity = 1.077658
Epoch 21: test accuracy: 0.911000
---- Qualitative Analysis
Context: is the red sphere above the blue square ? the blue square is below the triangle . the triangle is to the right of the red sphere . is the red sphere above the blue square ?
Question: is the red sphere above the blue square ?
Answer: yes </s>
Model prediction: yes </s>
=========================
Model checkpoint saved in models/dummy/best_model.ckpt
Step 6000: train_loss = 0.088760, train_acc = 0.968750, train ppl = 1.045380
Step 6100: train_loss = 0.025869, train_acc = 1.000000, train ppl = 1.013019
Step 6200: train_loss = 0.124524, train_acc = 0.937500, train ppl = 1.064241
==== Finshed epoch 22 ====
Evaluating model...
Epoch 22: validation accuracy = 0.956000 -- validation perplexity = 1.078216
Epoch 22: test accuracy: 0.903000
---- Qualitative Analysis
Context: is the blue square to the left of the yellow square ? the blue square is above the pink rectangle . the yellow square is to the right of the pink rectangle . is the blue square to the left of the yellow square ?
Question: is the blue square to the left of the yellow square ?
Answer: yes </s>
Model prediction: yes </s>
=========================
Model checkpoint saved in models/dummy/best_model.ckpt
Step 6300: train_loss = 0.026087, train_acc = 1.000000, train ppl = 1.013129
Step 6400: train_loss = 0.144084, train_acc = 0.937500, train ppl = 1.074701
==== Finshed epoch 23 ====
Evaluating model...
Epoch 23: validation accuracy = 0.961000 -- validation perplexity = 1.064821
Epoch 23: test accuracy: 0.929000
---- Qualitative Analysis
Context: is the red sphere above the blue square ? the blue square is below the triangle . the triangle is to the right of the red sphere . is the red sphere above the blue square ?
Question: is the red sphere above the blue square ?
Answer: yes </s>
Model prediction: yes </s>
=========================
Model checkpoint saved in models/dummy/best_model.ckpt
Step 6500: train_loss = 0.015703, train_acc = 1.000000, train ppl = 1.007882
Step 6600: train_loss = 0.060949, train_acc = 0.968750, train ppl = 1.030944
Step 6700: train_loss = 0.024055, train_acc = 1.000000, train ppl = 1.012100
==== Finshed epoch 24 ====
Evaluating model...
Epoch 24: validation accuracy = 0.969000 -- validation perplexity = 1.076233
Epoch 24: test accuracy: 0.923000
---- Qualitative Analysis
Context: is the red square above the yellow square ? the yellow square is to the left of the blue square . the blue square is above the red square . is the red square above the yellow square ?
Question: is the red square above the yellow square ?
Answer: no </s>
Model prediction: no </s>
=========================
Model checkpoint saved in models/dummy/best_model.ckpt
Step 6800: train_loss = 0.002680, train_acc = 1.000000, train ppl = 1.001341
Step 6900: train_loss = 0.000158, train_acc = 1.000000, train ppl = 1.000079
Step 7000: train_loss = 0.005969, train_acc = 1.000000, train ppl = 1.002989
==== Finshed epoch 25 ====
Evaluating model...
Epoch 25: validation accuracy = 0.975000 -- validation perplexity = 1.055987
Epoch 25: test accuracy: 0.935000
---- Qualitative Analysis
Context: is the red square to the right of the triangle ? the triangle is to the left of the blue square . the blue square is above the red square . is the red square to the right of the triangle ?
Question: is the red square to the right of the triangle ?
Answer: yes </s>
Model prediction: yes </s>
=========================
Model checkpoint saved in models/dummy/best_model.ckpt
Step 7100: train_loss = 0.003439, train_acc = 1.000000, train ppl = 1.001721
Step 7200: train_loss = 0.004533, train_acc = 1.000000, train ppl = 1.002269
Step 7300: train_loss = 0.001401, train_acc = 1.000000, train ppl = 1.000701
==== Finshed epoch 26 ====
Evaluating model...
Epoch 26: validation accuracy = 0.974000 -- validation perplexity = 1.053253
Epoch 26: test accuracy: 0.913000
---- Qualitative Analysis
Context: is the red square to the right of the triangle ? the triangle is to the left of the blue square . the blue square is above the red square . is the red square to the right of the triangle ?
Question: is the red square to the right of the triangle ?
Answer: yes </s>
Model prediction: yes </s>
=========================
Step 7400: train_loss = 0.004025, train_acc = 1.000000, train ppl = 1.002015
Step 7500: train_loss = 0.037400, train_acc = 0.968750, train ppl = 1.018876
Step 7600: train_loss = 0.003815, train_acc = 1.000000, train ppl = 1.001909
==== Finshed epoch 27 ====
Evaluating model...
Epoch 27: validation accuracy = 0.980000 -- validation perplexity = 1.052398
Epoch 27: test accuracy: 0.932000
---- Qualitative Analysis
Context: is the blue square to the left of the yellow square ? the red sphere is above the blue square . the red sphere is to the right of the yellow square . is the blue square to the left of the yellow square ?
Question: is the blue square to the left of the yellow square ?
Answer: no </s>
Model prediction: no </s>
=========================
Model checkpoint saved in models/dummy/best_model.ckpt
Step 7700: train_loss = 0.001224, train_acc = 1.000000, train ppl = 1.000612
Step 7800: train_loss = 0.006664, train_acc = 1.000000, train ppl = 1.003337
==== Finshed epoch 28 ====
Evaluating model...
Epoch 28: validation accuracy = 0.983000 -- validation perplexity = 1.037557
Epoch 28: test accuracy: 0.942000
---- Qualitative Analysis
Context: is the blue square to the left of the triangle ? the red sphere is below the triangle . the blue square is below the red sphere . is the blue square to the left of the triangle ?
Question: is the blue square to the left of the triangle ?
Answer: no </s>
Model prediction: no </s>
=========================
Model checkpoint saved in models/dummy/best_model.ckpt
Step 7900: train_loss = 0.000416, train_acc = 1.000000, train ppl = 1.000208
Step 8000: train_loss = 0.072194, train_acc = 0.968750, train ppl = 1.036757
Step 8100: train_loss = 0.066722, train_acc = 0.937500, train ppl = 1.033924
==== Finshed epoch 29 ====
Evaluating model...
Epoch 29: validation accuracy = 0.984000 -- validation perplexity = 1.043818
Epoch 29: test accuracy: 0.925000
---- Qualitative Analysis
Context: is the blue square below the red sphere ? the triangle is above the red sphere . the blue square is to the left of the triangle . is the blue square below the red sphere ?
Question: is the blue square below the red sphere ?
Answer: no </s>
Model prediction: no </s>
=========================
Model checkpoint saved in models/dummy/best_model.ckpt
Step 8200: train_loss = 0.022964, train_acc = 1.000000, train ppl = 1.011548
Step 8300: train_loss = 0.000372, train_acc = 1.000000, train ppl = 1.000186
Step 8400: train_loss = 0.020890, train_acc = 1.000000, train ppl = 1.010500
==== Finshed epoch 30 ====
Evaluating model...
Epoch 30: validation accuracy = 0.984000 -- validation perplexity = 1.041320
Epoch 30: test accuracy: 0.941000
---- Qualitative Analysis
Context: is the blue square above the red sphere ? the blue square is above the pink rectangle . the pink rectangle is to the left of the red sphere . is the blue square above the red sphere ?
Question: is the blue square above the red sphere ?
Answer: yes </s>
Model prediction: no </s>
=========================
Step 8500: train_loss = 0.000965, train_acc = 1.000000, train ppl = 1.000483
Step 8600: train_loss = 0.015074, train_acc = 1.000000, train ppl = 1.007565
Step 8700: train_loss = 0.003671, train_acc = 1.000000, train ppl = 1.001837
==== Finshed epoch 31 ====
Evaluating model...
Epoch 31: validation accuracy = 0.985000 -- validation perplexity = 1.043558
Epoch 31: test accuracy: 0.944000
---- Qualitative Analysis
Context: is the red square above the blue square ? the yellow square is to the right of the red square . the yellow square is below the blue square . is the red square above the blue square ?
Question: is the red square above the blue square ?
Answer: no </s>
Model prediction: no </s>
=========================
Model checkpoint saved in models/dummy/best_model.ckpt
Step 8800: train_loss = 0.000451, train_acc = 1.000000, train ppl = 1.000226
Step 8900: train_loss = 0.000078, train_acc = 1.000000, train ppl = 1.000039
Step 9000: train_loss = 0.000214, train_acc = 1.000000, train ppl = 1.000107
==== Finshed epoch 32 ====
Evaluating model...
Epoch 32: validation accuracy = 0.980000 -- validation perplexity = 1.050717
Epoch 32: test accuracy: 0.941000
---- Qualitative Analysis
Context: is the blue square to the left of the pink rectangle ? the red square is to the left of the pink rectangle . the red square is below the blue square . is the blue square to the left of the pink rectangle ?
Question: is the blue square to the left of the pink rectangle ?
Answer: yes </s>
Model prediction: yes </s>
=========================
Step 9100: train_loss = 0.001588, train_acc = 1.000000, train ppl = 1.000794
Step 9200: train_loss = 0.030596, train_acc = 0.968750, train ppl = 1.015416
Step 9300: train_loss = 0.000024, train_acc = 1.000000, train ppl = 1.000012
==== Finshed epoch 33 ====
Evaluating model...
Epoch 33: validation accuracy = 0.985000 -- validation perplexity = 1.042532
Epoch 33: test accuracy: 0.936000
---- Qualitative Analysis
Context: is the red sphere above the pink rectangle ? the pink rectangle is to the right of the blue square . the red sphere is below the blue square . is the red sphere above the pink rectangle ?
Question: is the red sphere above the pink rectangle ?
Answer: no </s>
Model prediction: no </s>
=========================
Step 9400: train_loss = 0.001031, train_acc = 1.000000, train ppl = 1.000516
Step 9500: train_loss = 0.000293, train_acc = 1.000000, train ppl = 1.000146
==== Finshed epoch 34 ====
Evaluating model...
Epoch 34: validation accuracy = 0.980000 -- validation perplexity = 1.063121
Epoch 34: test accuracy: 0.944000
---- Qualitative Analysis
Context: is the red sphere to the left of the blue square ? the blue square is above the red square . the red square is to the left of the red sphere . is the red sphere to the left of the blue square ?
Question: is the red sphere to the left of the blue square ?
Answer: no </s>
Model prediction: no </s>
=========================
Step 9600: train_loss = 0.005424, train_acc = 1.000000, train ppl = 1.002715
Step 9700: train_loss = 0.000195, train_acc = 1.000000, train ppl = 1.000098
Step 9800: train_loss = 0.025484, train_acc = 0.968750, train ppl = 1.012824
==== Finshed epoch 35 ====
Evaluating model...
Epoch 35: validation accuracy = 0.981000 -- validation perplexity = 1.052766
Epoch 35: test accuracy: 0.940000
---- Qualitative Analysis
Context: is the yellow square to the right of the blue square ? the blue square is above the pink rectangle . the yellow square is to the right of the pink rectangle . is the yellow square to the right of the blue square ?
Question: is the yellow square to the right of the blue square ?
Answer: yes </s>
Model prediction: yes </s>
=========================
Step 9900: train_loss = 0.000074, train_acc = 1.000000, train ppl = 1.000037
Step 10000: train_loss = 0.000922, train_acc = 1.000000, train ppl = 1.000461
Step 10100: train_loss = 0.067127, train_acc = 0.968750, train ppl = 1.034133
==== Finshed epoch 36 ====
Evaluating model...
Epoch 36: validation accuracy = 0.982000 -- validation perplexity = 1.046176
Epoch 36: test accuracy: 0.949000
---- Qualitative Analysis
Context: is the triangle to the right of the red square ? the red square is below the red sphere . the red sphere is below the triangle . is the triangle to the right of the red square ?
Question: is the triangle to the right of the red square ?
Answer: no </s>
Model prediction: no </s>
=========================
Step 10200: train_loss = 0.003984, train_acc = 1.000000, train ppl = 1.001994
Step 10300: train_loss = 0.160392, train_acc = 0.968750, train ppl = 1.083500
Step 10400: train_loss = 0.006014, train_acc = 1.000000, train ppl = 1.003011
==== Finshed epoch 37 ====
Evaluating model...
Epoch 37: validation accuracy = 0.981000 -- validation perplexity = 1.041276
Epoch 37: test accuracy: 0.945000
---- Qualitative Analysis
Context: is the yellow square below the pink rectangle ? the blue square is to the right of the pink rectangle . the blue square is below the yellow square . is the yellow square below the pink rectangle ?
Question: is the yellow square below the pink rectangle ?
Answer: no </s>
Model prediction: no </s>
=========================
Step 10500: train_loss = 0.000135, train_acc = 1.000000, train ppl = 1.000067
Step 10600: train_loss = 0.000872, train_acc = 1.000000, train ppl = 1.000436
Step 10700: train_loss = 0.000899, train_acc = 1.000000, train ppl = 1.000449
==== Finshed epoch 38 ====
Evaluating model...
Epoch 38: validation accuracy = 0.986000 -- validation perplexity = 1.042408
Epoch 38: test accuracy: 0.945000
---- Qualitative Analysis
Context: is the blue square to the right of the triangle ? the yellow square is above the blue square . the yellow square is to the left of the triangle . is the blue square to the right of the triangle ?
Question: is the blue square to the right of the triangle ?
Answer: no </s>
Model prediction: no </s>
=========================
Model checkpoint saved in models/dummy/best_model.ckpt
Step 10800: train_loss = 0.072887, train_acc = 0.968750, train ppl = 1.037116
Step 10900: train_loss = 0.001521, train_acc = 1.000000, train ppl = 1.000761
==== Finshed epoch 39 ====
Evaluating model...
Epoch 39: validation accuracy = 0.979000 -- validation perplexity = 1.039615
Epoch 39: test accuracy: 0.952000
---- Qualitative Analysis
Context: is the pink rectangle to the right of the red sphere ? the red sphere is below the red square . the red square is to the left of the pink rectangle . is the pink rectangle to the right of the red sphere ?
Question: is the pink rectangle to the right of the red sphere ?
Answer: yes </s>
Model prediction: yes </s>
=========================
Step 11000: train_loss = 0.021991, train_acc = 1.000000, train ppl = 1.011056
Step 11100: train_loss = 0.000878, train_acc = 1.000000, train ppl = 1.000439
Step 11200: train_loss = 0.000563, train_acc = 1.000000, train ppl = 1.000281
==== Finshed epoch 40 ====
Evaluating model...
Epoch 40: validation accuracy = 0.986000 -- validation perplexity = 1.039111
Epoch 40: test accuracy: 0.956000
---- Qualitative Analysis
Context: is the red square above the triangle ? the blue square is to the left of the triangle . the blue square is below the red square . is the red square above the triangle ?
Question: is the red square above the triangle ?
Answer: yes </s>
Model prediction: yes </s>
=========================
Step 11300: train_loss = 0.000185, train_acc = 1.000000, train ppl = 1.000093
Step 11400: train_loss = 0.008631, train_acc = 1.000000, train ppl = 1.004325
Step 11500: train_loss = 0.000162, train_acc = 1.000000, train ppl = 1.000081
==== Finshed epoch 41 ====
Evaluating model...
Epoch 41: validation accuracy = 0.985000 -- validation perplexity = 1.050246
Epoch 41: test accuracy: 0.953000
---- Qualitative Analysis
Context: is the red square above the pink rectangle ? the red sphere is to the left of the pink rectangle . the red sphere is below the red square . is the red square above the pink rectangle ?
Question: is the red square above the pink rectangle ?
Answer: yes </s>
Model prediction: yes </s>
=========================
Step 11600: train_loss = 0.000421, train_acc = 1.000000, train ppl = 1.000211
Step 11700: train_loss = 0.000130, train_acc = 1.000000, train ppl = 1.000065
Step 11800: train_loss = 0.007410, train_acc = 1.000000, train ppl = 1.003712
==== Finshed epoch 42 ====
Evaluating model...
Epoch 42: validation accuracy = 0.982000 -- validation perplexity = 1.046025
Epoch 42: test accuracy: 0.959000
---- Qualitative Analysis
Context: is the red square below the blue square ? the pink rectangle is to the left of the blue square . the pink rectangle is below the red square . is the red square below the blue square ?
Question: is the red square below the blue square ?
Answer: no </s>
Model prediction: no </s>
=========================
Step 11900: train_loss = 0.207924, train_acc = 0.968750, train ppl = 1.109558
Step 12000: train_loss = 0.002667, train_acc = 1.000000, train ppl = 1.001334
Step 12100: train_loss = 0.000136, train_acc = 1.000000, train ppl = 1.000068
==== Finshed epoch 43 ====
Evaluating model...
Epoch 43: validation accuracy = 0.985000 -- validation perplexity = 1.038120
Epoch 43: test accuracy: 0.963000
---- Qualitative Analysis
Context: is the yellow square above the blue square ? the blue square is above the pink rectangle . the yellow square is to the right of the pink rectangle . is the yellow square above the blue square ?
Question: is the yellow square above the blue square ?
Answer: no </s>
Model prediction: yes </s>
=========================
Step 12200: train_loss = 0.001493, train_acc = 1.000000, train ppl = 1.000747
Step 12300: train_loss = 0.002646, train_acc = 1.000000, train ppl = 1.001324
Step 12400: train_loss = 0.000460, train_acc = 1.000000, train ppl = 1.000230
==== Finshed epoch 44 ====
Evaluating model...
Epoch 44: validation accuracy = 0.985000 -- validation perplexity = 1.036317
Epoch 44: test accuracy: 0.946000
---- Qualitative Analysis
Context: is the blue square to the right of the red square ? the pink rectangle is above the red square . the pink rectangle is to the right of the blue square . is the blue square to the right of the red square ?
Question: is the blue square to the right of the red square ?
Answer: no </s>
Model prediction: no </s>
=========================
Step 12500: train_loss = 0.043654, train_acc = 0.968750, train ppl = 1.022067
Step 12600: train_loss = 0.001973, train_acc = 1.000000, train ppl = 1.000987
==== Finshed epoch 45 ====
Evaluating model...
Epoch 45: validation accuracy = 0.989000 -- validation perplexity = 1.023263
Epoch 45: test accuracy: 0.958000
---- Qualitative Analysis
Context: is the blue square above the red sphere ? the blue square is above the pink rectangle . the pink rectangle is above the red sphere . is the blue square above the red sphere ?
Question: is the blue square above the red sphere ?
Answer: yes </s>
Model prediction: yes </s>
=========================
Model checkpoint saved in models/dummy/best_model.ckpt
Step 12700: train_loss = 0.000020, train_acc = 1.000000, train ppl = 1.000010
Step 12800: train_loss = 0.001099, train_acc = 1.000000, train ppl = 1.000550
Step 12900: train_loss = 0.000078, train_acc = 1.000000, train ppl = 1.000039
==== Finshed epoch 46 ====
Evaluating model...
Epoch 46: validation accuracy = 0.989000 -- validation perplexity = 1.021447
Epoch 46: test accuracy: 0.948000
---- Qualitative Analysis
Context: is the red sphere to the right of the blue square ? the blue square is above the red square . the red square is to the left of the red sphere . is the red sphere to the right of the blue square ?
Question: is the red sphere to the right of the blue square ?
Answer: yes </s>
Model prediction: yes </s>
=========================
Step 13000: train_loss = 0.003099, train_acc = 1.000000, train ppl = 1.001550
Step 13100: train_loss = 0.000847, train_acc = 1.000000, train ppl = 1.000423
Step 13200: train_loss = 0.000043, train_acc = 1.000000, train ppl = 1.000022
==== Finshed epoch 47 ====
Evaluating model...
Epoch 47: validation accuracy = 0.986000 -- validation perplexity = 1.031644
Epoch 47: test accuracy: 0.959000
---- Qualitative Analysis
Context: is the red square above the triangle ? the blue square is to the left of the triangle . the blue square is below the red square . is the red square above the triangle ?
Question: is the red square above the triangle ?
Answer: yes </s>
Model prediction: yes </s>
=========================
Step 13300: train_loss = 0.133985, train_acc = 0.968750, train ppl = 1.069288
Step 13400: train_loss = 0.000043, train_acc = 1.000000, train ppl = 1.000022
Step 13500: train_loss = 0.002699, train_acc = 1.000000, train ppl = 1.001351
==== Finshed epoch 48 ====
Evaluating model...
Epoch 48: validation accuracy = 0.991000 -- validation perplexity = 1.024369
Epoch 48: test accuracy: 0.965000
---- Qualitative Analysis
Context: is the red sphere to the left of the blue square ? the red square is to the right of the red sphere . the red square is to the left of the blue square . is the red sphere to the left of the blue square ?
Question: is the red sphere to the left of the blue square ?
Answer: yes </s>
Model prediction: yes </s>
=========================
Model checkpoint saved in models/dummy/best_model.ckpt
Step 13600: train_loss = 0.000031, train_acc = 1.000000, train ppl = 1.000015
Step 13700: train_loss = 0.000041, train_acc = 1.000000, train ppl = 1.000020
Step 13800: train_loss = 0.001967, train_acc = 1.000000, train ppl = 1.000984
==== Finshed epoch 49 ====
Evaluating model...
Epoch 49: validation accuracy = 0.988000 -- validation perplexity = 1.024612
Epoch 49: test accuracy: 0.960000
---- Qualitative Analysis
Context: is the red square above the blue square ? the yellow square is to the right of the red square . the yellow square is below the blue square . is the red square above the blue square ?
Question: is the red square above the blue square ?
Answer: no </s>
Model prediction: no </s>
=========================
Step 13900: train_loss = 0.031439, train_acc = 1.000000, train ppl = 1.015844
Step 14000: train_loss = 0.000283, train_acc = 1.000000, train ppl = 1.000142
Step 14100: train_loss = 0.014417, train_acc = 1.000000, train ppl = 1.007235
==== Finshed epoch 50 ====
Evaluating model...
Epoch 50: validation accuracy = 0.987000 -- validation perplexity = 1.030219
Epoch 50: test accuracy: 0.950000
---- Qualitative Analysis
Context: is the yellow square to the left of the red square ? the red square is above the blue square . the blue square is to the left of the yellow square . is the yellow square to the left of the red square ?
Question: is the yellow square to the left of the red square ?
Answer: no </s>
Model prediction: yes </s>
=========================
Best model (acc) at epoch 48 -- validation perplexity = 1.024369 -- validation accuracy = 0.991000 -- test accuracy = 0.965000
0.991
