num_enc_layers:           1
vocab:                    data/vocab.txt
restore_from_dir:         None
data_dir:                 data/en-10k
encoder_type:             bi
task:                     15
model_type:               normal
num_units:                256
dropout_keep_prob:        0.7
merge_mode:               concat
learning_rate:            0.001
val_split:                0.1
cell_type:                gru
embedding_size:           256
max_gradient_norm:        1.0
model_dir:                models/dummy
optimizer:                adam
batch_size:               8
num_epochs:               50
Loading data...
vocabulary size = 487
Building model...
Running initializers...
Creating summary writers...
Performing evaluation before training...
---- Qualitative Analysis
Context: what is winona afraid of ? mice are afraid of wolves . sheep are afraid of wolves . jessica is a mouse . cats are afraid of mice . gertrude is a mouse . winona is a cat . emily is a cat . wolves are afraid of cats . what is winona afraid of ?
Question: what is winona afraid of ?
Answer: mouse </s>
Model prediction: 65 bigger box 159 three three three three three three
=========================
Step 100: train_loss = 1.406563, train_acc = 0.375000, train ppl = 2.020372
Step 200: train_loss = 1.314065, train_acc = 0.625000, train ppl = 1.929060
Step 300: train_loss = 1.500325, train_acc = 0.375000, train ppl = 2.117344
Step 400: train_loss = 1.085306, train_acc = 0.625000, train ppl = 1.720566
Step 500: train_loss = 0.738952, train_acc = 0.875000, train ppl = 1.446976
Step 600: train_loss = 0.694180, train_acc = 0.875000, train ppl = 1.414944
Step 700: train_loss = 0.812999, train_acc = 0.625000, train ppl = 1.501552
Step 800: train_loss = 1.126299, train_acc = 0.375000, train ppl = 1.756195
Step 900: train_loss = 0.864769, train_acc = 0.750000, train ppl = 1.540927
Step 1000: train_loss = 0.995415, train_acc = 0.500000, train ppl = 1.644946
Step 1100: train_loss = 0.757392, train_acc = 0.625000, train ppl = 1.460379
==== Finshed epoch 1 ====
Evaluating model...
Epoch 1: validation accuracy = 0.576000 -- validation perplexity = 1.537779
Epoch 1: test accuracy: 0.588000
---- Qualitative Analysis
Context: what is winona afraid of ? cats are afraid of wolves . wolves are afraid of cats . jessica is a cat . winona is a wolf . sheep are afraid of cats . mice are afraid of sheep . gertrude is a wolf . emily is a cat . what is winona afraid of ?
Question: what is winona afraid of ?
Answer: cat </s>
Model prediction: cat </s>
=========================
Model checkpoint saved in models/dummy/best_model.ckpt
Step 1200: train_loss = 0.793212, train_acc = 0.500000, train ppl = 1.486770
Step 1300: train_loss = 1.099613, train_acc = 0.375000, train ppl = 1.732918
Step 1400: train_loss = 0.895312, train_acc = 0.625000, train ppl = 1.564640
Step 1500: train_loss = 0.698164, train_acc = 0.625000, train ppl = 1.417765
Step 1600: train_loss = 1.074195, train_acc = 0.750000, train ppl = 1.711033
Step 1700: train_loss = 0.658112, train_acc = 0.750000, train ppl = 1.389656
Step 1800: train_loss = 0.659980, train_acc = 0.625000, train ppl = 1.390954
Step 1900: train_loss = 0.875619, train_acc = 0.375000, train ppl = 1.549310
Step 2000: train_loss = 0.814900, train_acc = 0.750000, train ppl = 1.502981
Step 2100: train_loss = 0.575096, train_acc = 0.750000, train ppl = 1.333155
Step 2200: train_loss = 0.533865, train_acc = 0.875000, train ppl = 1.305953
==== Finshed epoch 2 ====
Evaluating model...
Epoch 2: validation accuracy = 0.586000 -- validation perplexity = 1.523483
Epoch 2: test accuracy: 0.612000
---- Qualitative Analysis
Context: what is emily afraid of ? cats are afraid of wolves . wolves are afraid of sheep . sheep are afraid of cats . winona is a sheep . emily is a cat . mice are afraid of cats . gertrude is a mouse . jessica is a wolf . what is emily afraid of ?
Question: what is emily afraid of ?
Answer: wolf </s>
Model prediction: cat </s>
=========================
Model checkpoint saved in models/dummy/best_model.ckpt
Step 2300: train_loss = 0.672652, train_acc = 0.625000, train ppl = 1.399796
Step 2400: train_loss = 0.717226, train_acc = 0.750000, train ppl = 1.431343
Step 2500: train_loss = 0.647032, train_acc = 0.750000, train ppl = 1.381978
Step 2600: train_loss = 1.129213, train_acc = 0.500000, train ppl = 1.758755
Step 2700: train_loss = 0.913475, train_acc = 0.500000, train ppl = 1.578914
Step 2800: train_loss = 0.875147, train_acc = 0.500000, train ppl = 1.548944
Step 2900: train_loss = 0.898150, train_acc = 0.500000, train ppl = 1.566862
Step 3000: train_loss = 1.142541, train_acc = 0.375000, train ppl = 1.770515
Step 3100: train_loss = 0.765696, train_acc = 0.625000, train ppl = 1.466455
Step 3200: train_loss = 0.567883, train_acc = 0.750000, train ppl = 1.328355
Step 3300: train_loss = 0.708331, train_acc = 0.625000, train ppl = 1.424991
==== Finshed epoch 3 ====
Evaluating model...
Epoch 3: validation accuracy = 0.650000 -- validation perplexity = 1.467164
Epoch 3: test accuracy: 0.644000
---- Qualitative Analysis
Context: what is emily afraid of ? sheep are afraid of mice . wolves are afraid of cats . jessica is a wolf . gertrude is a sheep . emily is a sheep . cats are afraid of wolves . mice are afraid of sheep . winona is a mouse . what is emily afraid of ?
Question: what is emily afraid of ?
Answer: mouse </s>
Model prediction: mouse </s>
=========================
Model checkpoint saved in models/dummy/best_model.ckpt
Step 3400: train_loss = 0.817236, train_acc = 0.500000, train ppl = 1.504737
Step 3500: train_loss = 1.020160, train_acc = 0.500000, train ppl = 1.665425
Step 3600: train_loss = 0.535782, train_acc = 0.750000, train ppl = 1.307205
Step 3700: train_loss = 0.732803, train_acc = 0.625000, train ppl = 1.442534
Step 3800: train_loss = 0.848594, train_acc = 0.625000, train ppl = 1.528515
Step 3900: train_loss = 0.500518, train_acc = 0.750000, train ppl = 1.284358
Step 4000: train_loss = 0.498387, train_acc = 0.750000, train ppl = 1.282990
Step 4100: train_loss = 0.913251, train_acc = 0.750000, train ppl = 1.578737
Step 4200: train_loss = 0.545681, train_acc = 0.625000, train ppl = 1.313691
Step 4300: train_loss = 0.786332, train_acc = 0.625000, train ppl = 1.481665
Step 4400: train_loss = 0.576583, train_acc = 0.875000, train ppl = 1.334146
Step 4500: train_loss = 0.812637, train_acc = 0.500000, train ppl = 1.501280
==== Finshed epoch 4 ====
Evaluating model...
Epoch 4: validation accuracy = 0.624000 -- validation perplexity = 1.456425
Epoch 4: test accuracy: 0.646000
---- Qualitative Analysis
Context: what is winona afraid of ? mice are afraid of sheep . gertrude is a mouse . winona is a mouse . sheep are afraid of wolves . jessica is a mouse . emily is a mouse . cats are afraid of mice . wolves are afraid of cats . what is winona afraid of ?
Question: what is winona afraid of ?
Answer: sheep </s>
Model prediction: sheep </s>
=========================
Step 4600: train_loss = 0.621699, train_acc = 0.750000, train ppl = 1.364584
Step 4700: train_loss = 0.575221, train_acc = 0.750000, train ppl = 1.333238
Step 4800: train_loss = 0.594736, train_acc = 0.750000, train ppl = 1.346311
Step 4900: train_loss = 0.758367, train_acc = 0.625000, train ppl = 1.461091
Step 5000: train_loss = 0.681549, train_acc = 0.750000, train ppl = 1.406036
Step 5100: train_loss = 0.689980, train_acc = 0.500000, train ppl = 1.411976
Step 5200: train_loss = 0.816002, train_acc = 0.500000, train ppl = 1.503809
Step 5300: train_loss = 0.663893, train_acc = 0.500000, train ppl = 1.393678
Step 5400: train_loss = 0.534565, train_acc = 0.750000, train ppl = 1.306409
Step 5500: train_loss = 1.078557, train_acc = 0.500000, train ppl = 1.714769
Step 5600: train_loss = 0.708200, train_acc = 0.625000, train ppl = 1.424898
==== Finshed epoch 5 ====
Evaluating model...
Epoch 5: validation accuracy = 0.636000 -- validation perplexity = 1.443931
Epoch 5: test accuracy: 0.638000
---- Qualitative Analysis
Context: what is winona afraid of ? sheep are afraid of wolves . cats are afraid of mice . winona is a sheep . emily is a sheep . gertrude is a cat . wolves are afraid of sheep . mice are afraid of wolves . jessica is a mouse . what is winona afraid of ?
Question: what is winona afraid of ?
Answer: wolf </s>
Model prediction: wolf </s>
=========================
Step 5700: train_loss = 0.539444, train_acc = 0.750000, train ppl = 1.309600
Step 5800: train_loss = 0.893723, train_acc = 0.375000, train ppl = 1.563398
Step 5900: train_loss = 0.501889, train_acc = 0.875000, train ppl = 1.285239
Step 6000: train_loss = 1.010265, train_acc = 0.500000, train ppl = 1.657205
Step 6100: train_loss = 0.614493, train_acc = 0.750000, train ppl = 1.359676
Step 6200: train_loss = 0.674973, train_acc = 0.625000, train ppl = 1.401421
Step 6300: train_loss = 0.731913, train_acc = 0.625000, train ppl = 1.441893
Step 6400: train_loss = 0.691860, train_acc = 0.625000, train ppl = 1.413304
Step 6500: train_loss = 0.960081, train_acc = 0.500000, train ppl = 1.616140
Step 6600: train_loss = 0.414539, train_acc = 0.875000, train ppl = 1.230314
Step 6700: train_loss = 0.701180, train_acc = 0.750000, train ppl = 1.419905
==== Finshed epoch 6 ====
Evaluating model...
Epoch 6: validation accuracy = 0.637000 -- validation perplexity = 1.465118
Epoch 6: test accuracy: 0.634000
---- Qualitative Analysis
Context: what is winona afraid of ? sheep are afraid of wolves . jessica is a sheep . mice are afraid of sheep . cats are afraid of wolves . wolves are afraid of cats . emily is a wolf . winona is a mouse . gertrude is a sheep . what is winona afraid of ?
Question: what is winona afraid of ?
Answer: sheep </s>
Model prediction: sheep </s>
=========================
Step 6800: train_loss = 0.891218, train_acc = 0.500000, train ppl = 1.561441
Step 6900: train_loss = 0.912031, train_acc = 0.375000, train ppl = 1.577775
Step 7000: train_loss = 0.513270, train_acc = 0.750000, train ppl = 1.292573
Step 7100: train_loss = 0.447193, train_acc = 0.875000, train ppl = 1.250566
Step 7200: train_loss = 0.409126, train_acc = 0.750000, train ppl = 1.226989
Step 7300: train_loss = 0.859339, train_acc = 0.625000, train ppl = 1.536749
Step 7400: train_loss = 0.580181, train_acc = 0.750000, train ppl = 1.336549
Step 7500: train_loss = 0.333851, train_acc = 0.750000, train ppl = 1.181666
Step 7600: train_loss = 0.281570, train_acc = 0.750000, train ppl = 1.151177
Step 7700: train_loss = 0.417402, train_acc = 0.750000, train ppl = 1.232077
Step 7800: train_loss = 0.293044, train_acc = 0.750000, train ppl = 1.157800
==== Finshed epoch 7 ====
Evaluating model...
Epoch 7: validation accuracy = 0.718000 -- validation perplexity = 1.416358
Epoch 7: test accuracy: 0.727000
---- Qualitative Analysis
Context: what is gertrude afraid of ? cats are afraid of wolves . winona is a cat . wolves are afraid of mice . emily is a wolf . mice are afraid of cats . jessica is a wolf . gertrude is a cat . sheep are afraid of cats . what is gertrude afraid of ?
Question: what is gertrude afraid of ?
Answer: wolf </s>
Model prediction: wolf </s>
=========================
Model checkpoint saved in models/dummy/best_model.ckpt
Step 7900: train_loss = 0.328974, train_acc = 0.875000, train ppl = 1.178788
Step 8000: train_loss = 0.352902, train_acc = 0.875000, train ppl = 1.192976
Step 8100: train_loss = 0.623598, train_acc = 0.625000, train ppl = 1.365880
Step 8200: train_loss = 0.348486, train_acc = 0.750000, train ppl = 1.190345
Step 8300: train_loss = 0.535902, train_acc = 0.750000, train ppl = 1.307283
Step 8400: train_loss = 0.773784, train_acc = 0.500000, train ppl = 1.472397
Step 8500: train_loss = 0.683347, train_acc = 0.625000, train ppl = 1.407301
Step 8600: train_loss = 0.350268, train_acc = 0.875000, train ppl = 1.191406
Step 8700: train_loss = 0.259452, train_acc = 0.875000, train ppl = 1.138516
Step 8800: train_loss = 0.122192, train_acc = 0.875000, train ppl = 1.063001
Step 8900: train_loss = 0.508210, train_acc = 0.750000, train ppl = 1.289307
Step 9000: train_loss = 0.173285, train_acc = 1.000000, train ppl = 1.090507
==== Finshed epoch 8 ====
Evaluating model...
Epoch 8: validation accuracy = 0.741000 -- validation perplexity = 1.329171
Epoch 8: test accuracy: 0.733000
---- Qualitative Analysis
Context: what is gertrude afraid of ? mice are afraid of sheep . cats are afraid of mice . emily is a mouse . sheep are afraid of mice . jessica is a sheep . wolves are afraid of sheep . winona is a mouse . gertrude is a mouse . what is gertrude afraid of ?
Question: what is gertrude afraid of ?
Answer: sheep </s>
Model prediction: sheep </s>
=========================
Model checkpoint saved in models/dummy/best_model.ckpt
Step 9100: train_loss = 0.087040, train_acc = 1.000000, train ppl = 1.044481
Step 9200: train_loss = 0.406521, train_acc = 0.750000, train ppl = 1.225391
Step 9300: train_loss = 0.176045, train_acc = 1.000000, train ppl = 1.092013
Step 9400: train_loss = 0.294273, train_acc = 0.875000, train ppl = 1.158512
Step 9500: train_loss = 0.522870, train_acc = 0.750000, train ppl = 1.298793
Step 9600: train_loss = 0.389328, train_acc = 0.875000, train ppl = 1.214903
Step 9700: train_loss = 0.473806, train_acc = 0.625000, train ppl = 1.267318
Step 9800: train_loss = 0.054616, train_acc = 1.000000, train ppl = 1.027684
Step 9900: train_loss = 0.226169, train_acc = 0.875000, train ppl = 1.119727
Step 10000: train_loss = 0.250037, train_acc = 0.750000, train ppl = 1.133170
Step 10100: train_loss = 0.038450, train_acc = 1.000000, train ppl = 1.019411
==== Finshed epoch 9 ====
Evaluating model...
Epoch 9: validation accuracy = 0.795000 -- validation perplexity = 1.311763
Epoch 9: test accuracy: 0.794000
---- Qualitative Analysis
Context: what is winona afraid of ? wolves are afraid of cats . mice are afraid of wolves . cats are afraid of sheep . sheep are afraid of cats . gertrude is a mouse . jessica is a mouse . emily is a sheep . winona is a wolf . what is winona afraid of ?
Question: what is winona afraid of ?
Answer: cat </s>
Model prediction: cat </s>
=========================
Model checkpoint saved in models/dummy/best_model.ckpt
Step 10200: train_loss = 0.374238, train_acc = 0.750000, train ppl = 1.205771
Step 10300: train_loss = 0.315802, train_acc = 0.875000, train ppl = 1.171050
Step 10400: train_loss = 0.100875, train_acc = 1.000000, train ppl = 1.051731
Step 10500: train_loss = 0.115449, train_acc = 1.000000, train ppl = 1.059423
Step 10600: train_loss = 0.083739, train_acc = 1.000000, train ppl = 1.042758
Step 10700: train_loss = 0.084062, train_acc = 1.000000, train ppl = 1.042927
Step 10800: train_loss = 0.000623, train_acc = 1.000000, train ppl = 1.000311
Step 10900: train_loss = 0.000453, train_acc = 1.000000, train ppl = 1.000226
Step 11000: train_loss = 0.134922, train_acc = 0.875000, train ppl = 1.069788
Step 11100: train_loss = 0.000021, train_acc = 1.000000, train ppl = 1.000011
Step 11200: train_loss = 0.000117, train_acc = 1.000000, train ppl = 1.000059
==== Finshed epoch 10 ====
Evaluating model...
Epoch 10: validation accuracy = 0.997000 -- validation perplexity = 1.002215
Epoch 10: test accuracy: 1.000000
---- Qualitative Analysis
Context: what is emily afraid of ? mice are afraid of sheep . sheep are afraid of mice . cats are afraid of mice . jessica is a cat . wolves are afraid of cats . winona is a mouse . gertrude is a mouse . emily is a sheep . what is emily afraid of ?
Question: what is emily afraid of ?
Answer: mouse </s>
Model prediction: mouse </s>
=========================
Model checkpoint saved in models/dummy/best_model.ckpt
Step 11300: train_loss = 0.000780, train_acc = 1.000000, train ppl = 1.000390
Step 11400: train_loss = 0.000603, train_acc = 1.000000, train ppl = 1.000302
Step 11500: train_loss = 0.000069, train_acc = 1.000000, train ppl = 1.000034
Step 11600: train_loss = 0.000118, train_acc = 1.000000, train ppl = 1.000059
Step 11700: train_loss = 0.000165, train_acc = 1.000000, train ppl = 1.000082
Step 11800: train_loss = 0.000051, train_acc = 1.000000, train ppl = 1.000025
Step 11900: train_loss = 0.000019, train_acc = 1.000000, train ppl = 1.000009
Step 12000: train_loss = 0.000072, train_acc = 1.000000, train ppl = 1.000036
Step 12100: train_loss = 0.000019, train_acc = 1.000000, train ppl = 1.000009
Step 12200: train_loss = 0.000027, train_acc = 1.000000, train ppl = 1.000014
Step 12300: train_loss = 0.000048, train_acc = 1.000000, train ppl = 1.000024
==== Finshed epoch 11 ====
Evaluating model...
Epoch 11: validation accuracy = 1.000000 -- validation perplexity = 1.000293
Epoch 11: test accuracy: 1.000000
---- Qualitative Analysis
Context: what is winona afraid of ? cats are afraid of wolves . wolves are afraid of mice . gertrude is a wolf . jessica is a cat . mice are afraid of wolves . emily is a mouse . winona is a mouse . sheep are afraid of cats . what is winona afraid of ?
Question: what is winona afraid of ?
Answer: wolf </s>
Model prediction: wolf </s>
=========================
Model checkpoint saved in models/dummy/best_model.ckpt
Step 12400: train_loss = 0.000014, train_acc = 1.000000, train ppl = 1.000007
Step 12500: train_loss = 0.000029, train_acc = 1.000000, train ppl = 1.000015
Step 12600: train_loss = 0.000013, train_acc = 1.000000, train ppl = 1.000006
Step 12700: train_loss = 0.000013, train_acc = 1.000000, train ppl = 1.000007
Step 12800: train_loss = 0.000161, train_acc = 1.000000, train ppl = 1.000080
Step 12900: train_loss = 0.000014, train_acc = 1.000000, train ppl = 1.000007
Step 13000: train_loss = 0.000007, train_acc = 1.000000, train ppl = 1.000004
Step 13100: train_loss = 0.000020, train_acc = 1.000000, train ppl = 1.000010
Step 13200: train_loss = 0.000019, train_acc = 1.000000, train ppl = 1.000010
Step 13300: train_loss = 0.000014, train_acc = 1.000000, train ppl = 1.000007
Step 13400: train_loss = 0.000022, train_acc = 1.000000, train ppl = 1.000011
Step 13500: train_loss = 0.000007, train_acc = 1.000000, train ppl = 1.000003
==== Finshed epoch 12 ====
Evaluating model...
Epoch 12: validation accuracy = 1.000000 -- validation perplexity = 1.000021
Epoch 12: test accuracy: 1.000000
---- Qualitative Analysis
Context: what is jessica afraid of ? cats are afraid of sheep . wolves are afraid of sheep . gertrude is a cat . mice are afraid of cats . jessica is a wolf . sheep are afraid of cats . winona is a cat . emily is a mouse . what is jessica afraid of ?
Question: what is jessica afraid of ?
Answer: sheep </s>
Model prediction: sheep </s>
=========================
Step 13600: train_loss = 0.000005, train_acc = 1.000000, train ppl = 1.000003
Step 13700: train_loss = 0.000011, train_acc = 1.000000, train ppl = 1.000005
Step 13800: train_loss = 0.000002, train_acc = 1.000000, train ppl = 1.000001
Step 13900: train_loss = 0.000009, train_acc = 1.000000, train ppl = 1.000005
Step 14000: train_loss = 0.000002, train_acc = 1.000000, train ppl = 1.000001
Step 14100: train_loss = 0.000005, train_acc = 1.000000, train ppl = 1.000003
Step 14200: train_loss = 0.000007, train_acc = 1.000000, train ppl = 1.000003
Step 14300: train_loss = 0.000002, train_acc = 1.000000, train ppl = 1.000001
Step 14400: train_loss = 0.000010, train_acc = 1.000000, train ppl = 1.000005
Step 14500: train_loss = 0.000005, train_acc = 1.000000, train ppl = 1.000002
Step 14600: train_loss = 0.000002, train_acc = 1.000000, train ppl = 1.000001
==== Finshed epoch 13 ====
Evaluating model...
Epoch 13: validation accuracy = 1.000000 -- validation perplexity = 1.000013
Epoch 13: test accuracy: 1.000000
---- Qualitative Analysis
Context: what is gertrude afraid of ? sheep are afraid of cats . jessica is a sheep . mice are afraid of sheep . cats are afraid of sheep . wolves are afraid of mice . emily is a sheep . gertrude is a sheep . winona is a mouse . what is gertrude afraid of ?
Question: what is gertrude afraid of ?
Answer: cat </s>
Model prediction: cat </s>
=========================
Step 14700: train_loss = 0.000004, train_acc = 1.000000, train ppl = 1.000002
Step 14800: train_loss = 0.000002, train_acc = 1.000000, train ppl = 1.000001
Step 14900: train_loss = 0.000008, train_acc = 1.000000, train ppl = 1.000004
Step 15000: train_loss = 0.000001, train_acc = 1.000000, train ppl = 1.000001
Step 15100: train_loss = 0.000003, train_acc = 1.000000, train ppl = 1.000002
Step 15200: train_loss = 0.000003, train_acc = 1.000000, train ppl = 1.000001
Step 15300: train_loss = 0.000004, train_acc = 1.000000, train ppl = 1.000002
Step 15400: train_loss = 0.000002, train_acc = 1.000000, train ppl = 1.000001
Step 15500: train_loss = 0.289587, train_acc = 0.875000, train ppl = 1.155801
Step 15600: train_loss = 0.002457, train_acc = 1.000000, train ppl = 1.001229
Step 15700: train_loss = 0.000320, train_acc = 1.000000, train ppl = 1.000160
==== Finshed epoch 14 ====
Evaluating model...
Epoch 14: validation accuracy = 0.999000 -- validation perplexity = 1.001285
Epoch 14: test accuracy: 0.995000
---- Qualitative Analysis
Context: what is emily afraid of ? mice are afraid of cats . jessica is a mouse . sheep are afraid of cats . gertrude is a mouse . emily is a mouse . wolves are afraid of mice . cats are afraid of wolves . winona is a wolf . what is emily afraid of ?
Question: what is emily afraid of ?
Answer: cat </s>
Model prediction: cat </s>
=========================
Step 15800: train_loss = 0.000016, train_acc = 1.000000, train ppl = 1.000008
Step 15900: train_loss = 0.000025, train_acc = 1.000000, train ppl = 1.000012
Step 16000: train_loss = 0.000109, train_acc = 1.000000, train ppl = 1.000054
Step 16100: train_loss = 0.000008, train_acc = 1.000000, train ppl = 1.000004
Step 16200: train_loss = 0.000082, train_acc = 1.000000, train ppl = 1.000041
Step 16300: train_loss = 0.000033, train_acc = 1.000000, train ppl = 1.000017
Step 16400: train_loss = 0.000073, train_acc = 1.000000, train ppl = 1.000036
Step 16500: train_loss = 0.000036, train_acc = 1.000000, train ppl = 1.000018
Step 16600: train_loss = 0.000019, train_acc = 1.000000, train ppl = 1.000009
Step 16700: train_loss = 0.000028, train_acc = 1.000000, train ppl = 1.000014
Step 16800: train_loss = 0.000005, train_acc = 1.000000, train ppl = 1.000002
==== Finshed epoch 15 ====
Evaluating model...
Epoch 15: validation accuracy = 1.000000 -- validation perplexity = 1.000010
Epoch 15: test accuracy: 1.000000
---- Qualitative Analysis
Context: what is gertrude afraid of ? cats are afraid of wolves . mice are afraid of wolves . wolves are afraid of cats . sheep are afraid of mice . emily is a cat . jessica is a sheep . winona is a cat . gertrude is a cat . what is gertrude afraid of ?
Question: what is gertrude afraid of ?
Answer: wolf </s>
Model prediction: wolf </s>
=========================
Step 16900: train_loss = 0.000021, train_acc = 1.000000, train ppl = 1.000010
Step 17000: train_loss = 0.000013, train_acc = 1.000000, train ppl = 1.000006
Step 17100: train_loss = 0.000175, train_acc = 1.000000, train ppl = 1.000088
Step 17200: train_loss = 0.000013, train_acc = 1.000000, train ppl = 1.000007
Step 17300: train_loss = 0.000003, train_acc = 1.000000, train ppl = 1.000001
Step 17400: train_loss = 0.000006, train_acc = 1.000000, train ppl = 1.000003
Step 17500: train_loss = 0.000006, train_acc = 1.000000, train ppl = 1.000003
Step 17600: train_loss = 0.000008, train_acc = 1.000000, train ppl = 1.000004
Step 17700: train_loss = 0.000006, train_acc = 1.000000, train ppl = 1.000003
Step 17800: train_loss = 0.000020, train_acc = 1.000000, train ppl = 1.000010
Step 17900: train_loss = 0.000003, train_acc = 1.000000, train ppl = 1.000001
Step 18000: train_loss = 0.000002, train_acc = 1.000000, train ppl = 1.000001
==== Finshed epoch 16 ====
Evaluating model...
Epoch 16: validation accuracy = 1.000000 -- validation perplexity = 1.000005
Epoch 16: test accuracy: 1.000000
---- Qualitative Analysis
Context: what is emily afraid of ? wolves are afraid of mice . mice are afraid of wolves . gertrude is a wolf . jessica is a mouse . emily is a mouse . cats are afraid of sheep . sheep are afraid of wolves . winona is a cat . what is emily afraid of ?
Question: what is emily afraid of ?
Answer: wolf </s>
Model prediction: wolf </s>
=========================
Step 18100: train_loss = 0.000005, train_acc = 1.000000, train ppl = 1.000002
Step 18200: train_loss = 0.000004, train_acc = 1.000000, train ppl = 1.000002
Step 18300: train_loss = 0.000003, train_acc = 1.000000, train ppl = 1.000001
Step 18400: train_loss = 0.000015, train_acc = 1.000000, train ppl = 1.000008
Step 18500: train_loss = 0.000012, train_acc = 1.000000, train ppl = 1.000006
Step 18600: train_loss = 0.000004, train_acc = 1.000000, train ppl = 1.000002
Step 18700: train_loss = 0.000005, train_acc = 1.000000, train ppl = 1.000002
Step 18800: train_loss = 0.000001, train_acc = 1.000000, train ppl = 1.000000
Step 18900: train_loss = 0.000001, train_acc = 1.000000, train ppl = 1.000000
Step 19000: train_loss = 0.000001, train_acc = 1.000000, train ppl = 1.000001
Step 19100: train_loss = 0.000003, train_acc = 1.000000, train ppl = 1.000002
==== Finshed epoch 17 ====
Evaluating model...
Epoch 17: validation accuracy = 1.000000 -- validation perplexity = 1.000003
Epoch 17: test accuracy: 1.000000
---- Qualitative Analysis
Context: what is winona afraid of ? cats are afraid of wolves . sheep are afraid of mice . mice are afraid of cats . jessica is a mouse . emily is a mouse . wolves are afraid of cats . winona is a wolf . gertrude is a sheep . what is winona afraid of ?
Question: what is winona afraid of ?
Answer: cat </s>
Model prediction: cat </s>
=========================
Step 19200: train_loss = 0.000009, train_acc = 1.000000, train ppl = 1.000005
Step 19300: train_loss = 0.000002, train_acc = 1.000000, train ppl = 1.000001
Step 19400: train_loss = 0.000002, train_acc = 1.000000, train ppl = 1.000001
Step 19500: train_loss = 0.000001, train_acc = 1.000000, train ppl = 1.000001
Step 19600: train_loss = 0.000001, train_acc = 1.000000, train ppl = 1.000001
Step 19700: train_loss = 0.000001, train_acc = 1.000000, train ppl = 1.000001
Step 19800: train_loss = 0.000001, train_acc = 1.000000, train ppl = 1.000000
Step 19900: train_loss = 0.000001, train_acc = 1.000000, train ppl = 1.000001
Step 20000: train_loss = 0.000002, train_acc = 1.000000, train ppl = 1.000001
Step 20100: train_loss = 0.000000, train_acc = 1.000000, train ppl = 1.000000
Step 20200: train_loss = 0.000001, train_acc = 1.000000, train ppl = 1.000000
==== Finshed epoch 18 ====
Evaluating model...
Epoch 18: validation accuracy = 1.000000 -- validation perplexity = 1.000001
Epoch 18: test accuracy: 1.000000
---- Qualitative Analysis
Context: what is winona afraid of ? mice are afraid of wolves . wolves are afraid of mice . sheep are afraid of mice . emily is a wolf . winona is a wolf . cats are afraid of mice . gertrude is a wolf . jessica is a mouse . what is winona afraid of ?
Question: what is winona afraid of ?
Answer: mouse </s>
Model prediction: mouse </s>
=========================
Step 20300: train_loss = 0.000001, train_acc = 1.000000, train ppl = 1.000001
Step 20400: train_loss = 0.000001, train_acc = 1.000000, train ppl = 1.000001
Step 20500: train_loss = 0.000001, train_acc = 1.000000, train ppl = 1.000000
Step 20600: train_loss = 0.000001, train_acc = 1.000000, train ppl = 1.000000
Step 20700: train_loss = 0.000001, train_acc = 1.000000, train ppl = 1.000000
Step 20800: train_loss = 0.000001, train_acc = 1.000000, train ppl = 1.000000
Step 20900: train_loss = 0.000002, train_acc = 1.000000, train ppl = 1.000001
Step 21000: train_loss = 0.000001, train_acc = 1.000000, train ppl = 1.000000
Step 21100: train_loss = 0.000001, train_acc = 1.000000, train ppl = 1.000001
Step 21200: train_loss = 0.000001, train_acc = 1.000000, train ppl = 1.000000
Step 21300: train_loss = 0.000001, train_acc = 1.000000, train ppl = 1.000000
==== Finshed epoch 19 ====
Evaluating model...
Epoch 19: validation accuracy = 1.000000 -- validation perplexity = 1.000001
Epoch 19: test accuracy: 1.000000
---- Qualitative Analysis
Context: what is gertrude afraid of ? mice are afraid of cats . cats are afraid of wolves . sheep are afraid of mice . emily is a sheep . gertrude is a mouse . winona is a cat . wolves are afraid of cats . jessica is a sheep . what is gertrude afraid of ?
Question: what is gertrude afraid of ?
Answer: cat </s>
Model prediction: cat </s>
=========================
Step 21400: train_loss = 0.000001, train_acc = 1.000000, train ppl = 1.000000
Step 21500: train_loss = 0.000000, train_acc = 1.000000, train ppl = 1.000000
Step 21600: train_loss = 0.000001, train_acc = 1.000000, train ppl = 1.000000
Step 21700: train_loss = 0.000001, train_acc = 1.000000, train ppl = 1.000000
Step 21800: train_loss = 0.000001, train_acc = 1.000000, train ppl = 1.000000
Step 21900: train_loss = 0.000000, train_acc = 1.000000, train ppl = 1.000000
Step 22000: train_loss = 0.000000, train_acc = 1.000000, train ppl = 1.000000
Step 22100: train_loss = 0.000000, train_acc = 1.000000, train ppl = 1.000000
Step 22200: train_loss = 0.000000, train_acc = 1.000000, train ppl = 1.000000
Step 22300: train_loss = 0.000000, train_acc = 1.000000, train ppl = 1.000000
Step 22400: train_loss = 0.000000, train_acc = 1.000000, train ppl = 1.000000
Step 22500: train_loss = 0.000000, train_acc = 1.000000, train ppl = 1.000000
==== Finshed epoch 20 ====
Evaluating model...
Epoch 20: validation accuracy = 1.000000 -- validation perplexity = 1.000000
Epoch 20: test accuracy: 1.000000
---- Qualitative Analysis
Context: what is jessica afraid of ? cats are afraid of wolves . wolves are afraid of mice . gertrude is a wolf . jessica is a cat . mice are afraid of wolves . emily is a mouse . winona is a mouse . sheep are afraid of cats . what is jessica afraid of ?
Question: what is jessica afraid of ?
Answer: wolf </s>
Model prediction: wolf </s>
=========================
Step 22600: train_loss = 0.000000, train_acc = 1.000000, train ppl = 1.000000
Step 22700: train_loss = 0.000000, train_acc = 1.000000, train ppl = 1.000000
Step 22800: train_loss = 0.000000, train_acc = 1.000000, train ppl = 1.000000
Step 22900: train_loss = 0.000000, train_acc = 1.000000, train ppl = 1.000000
Step 23000: train_loss = 0.000000, train_acc = 1.000000, train ppl = 1.000000
Step 23100: train_loss = 0.000000, train_acc = 1.000000, train ppl = 1.000000
Step 23200: train_loss = 0.000000, train_acc = 1.000000, train ppl = 1.000000
Step 23300: train_loss = 0.000000, train_acc = 1.000000, train ppl = 1.000000
Step 23400: train_loss = 0.000000, train_acc = 1.000000, train ppl = 1.000000
Step 23500: train_loss = 0.000000, train_acc = 1.000000, train ppl = 1.000000
Step 23600: train_loss = 0.000000, train_acc = 1.000000, train ppl = 1.000000
==== Finshed epoch 21 ====
Evaluating model...
Epoch 21: validation accuracy = 1.000000 -- validation perplexity = 1.000000
Epoch 21: test accuracy: 1.000000
---- Qualitative Analysis
Context: what is jessica afraid of ? sheep are afraid of mice . cats are afraid of wolves . wolves are afraid of sheep . emily is a cat . mice are afraid of sheep . jessica is a wolf . winona is a sheep . gertrude is a cat . what is jessica afraid of ?
Question: what is jessica afraid of ?
Answer: sheep </s>
Model prediction: sheep </s>
=========================
Step 23700: train_loss = 0.000000, train_acc = 1.000000, train ppl = 1.000000
Step 23800: train_loss = 0.000000, train_acc = 1.000000, train ppl = 1.000000
Step 23900: train_loss = 0.000000, train_acc = 1.000000, train ppl = 1.000000
Step 24000: train_loss = 0.000000, train_acc = 1.000000, train ppl = 1.000000
Step 24100: train_loss = 0.000001, train_acc = 1.000000, train ppl = 1.000000
Step 24200: train_loss = 0.000000, train_acc = 1.000000, train ppl = 1.000000
Step 24300: train_loss = 0.000000, train_acc = 1.000000, train ppl = 1.000000
Step 24400: train_loss = 0.000000, train_acc = 1.000000, train ppl = 1.000000
Step 24500: train_loss = 0.000000, train_acc = 1.000000, train ppl = 1.000000
Step 24600: train_loss = 0.000000, train_acc = 1.000000, train ppl = 1.000000
Step 24700: train_loss = 0.000000, train_acc = 1.000000, train ppl = 1.000000
==== Finshed epoch 22 ====
Evaluating model...
Epoch 22: validation accuracy = 1.000000 -- validation perplexity = 1.000000
Epoch 22: test accuracy: 1.000000
---- Qualitative Analysis
Context: what is emily afraid of ? sheep are afraid of mice . cats are afraid of mice . mice are afraid of sheep . wolves are afraid of mice . emily is a sheep . gertrude is a wolf . winona is a sheep . jessica is a mouse . what is emily afraid of ?
Question: what is emily afraid of ?
Answer: mouse </s>
Model prediction: mouse </s>
=========================
Step 24800: train_loss = 0.000000, train_acc = 1.000000, train ppl = 1.000000
Step 24900: train_loss = 0.000000, train_acc = 1.000000, train ppl = 1.000000
Step 25000: train_loss = 0.000000, train_acc = 1.000000, train ppl = 1.000000
Step 25100: train_loss = 0.000000, train_acc = 1.000000, train ppl = 1.000000
Step 25200: train_loss = 0.000000, train_acc = 1.000000, train ppl = 1.000000
Step 25300: train_loss = 0.000000, train_acc = 1.000000, train ppl = 1.000000
Step 25400: train_loss = 0.000000, train_acc = 1.000000, train ppl = 1.000000
Step 25500: train_loss = 0.000000, train_acc = 1.000000, train ppl = 1.000000
Step 25600: train_loss = 0.000000, train_acc = 1.000000, train ppl = 1.000000
Step 25700: train_loss = 0.000000, train_acc = 1.000000, train ppl = 1.000000
Step 25800: train_loss = 0.000000, train_acc = 1.000000, train ppl = 1.000000
==== Finshed epoch 23 ====
Evaluating model...
Epoch 23: validation accuracy = 1.000000 -- validation perplexity = 1.000000
Epoch 23: test accuracy: 1.000000
---- Qualitative Analysis
Context: what is winona afraid of ? wolves are afraid of mice . gertrude is a wolf . mice are afraid of cats . jessica is a wolf . cats are afraid of wolves . winona is a mouse . emily is a cat . sheep are afraid of wolves . what is winona afraid of ?
Question: what is winona afraid of ?
Answer: cat </s>
Model prediction: cat </s>
=========================
Step 25900: train_loss = 0.000000, train_acc = 1.000000, train ppl = 1.000000
Step 26000: train_loss = 0.000000, train_acc = 1.000000, train ppl = 1.000000
Step 26100: train_loss = 0.000000, train_acc = 1.000000, train ppl = 1.000000
Step 26200: train_loss = 0.000000, train_acc = 1.000000, train ppl = 1.000000
Step 26300: train_loss = 0.000000, train_acc = 1.000000, train ppl = 1.000000
Step 26400: train_loss = 0.000000, train_acc = 1.000000, train ppl = 1.000000
Step 26500: train_loss = 0.000000, train_acc = 1.000000, train ppl = 1.000000
Step 26600: train_loss = 0.000000, train_acc = 1.000000, train ppl = 1.000000
Step 26700: train_loss = 0.000000, train_acc = 1.000000, train ppl = 1.000000
Step 26800: train_loss = 0.000000, train_acc = 1.000000, train ppl = 1.000000
Step 26900: train_loss = 0.000000, train_acc = 1.000000, train ppl = 1.000000
Step 27000: train_loss = 0.000000, train_acc = 1.000000, train ppl = 1.000000
==== Finshed epoch 24 ====
Evaluating model...
Epoch 24: validation accuracy = 1.000000 -- validation perplexity = 1.000000
Epoch 24: test accuracy: 1.000000
---- Qualitative Analysis
Context: what is emily afraid of ? cats are afraid of wolves . mice are afraid of wolves . emily is a cat . gertrude is a mouse . sheep are afraid of wolves . wolves are afraid of mice . winona is a cat . jessica is a wolf . what is emily afraid of ?
Question: what is emily afraid of ?
Answer: wolf </s>
Model prediction: wolf </s>
=========================
Step 27100: train_loss = 0.000000, train_acc = 1.000000, train ppl = 1.000000
Step 27200: train_loss = 0.000000, train_acc = 1.000000, train ppl = 1.000000
Step 27300: train_loss = 0.000000, train_acc = 1.000000, train ppl = 1.000000
Step 27400: train_loss = 0.000000, train_acc = 1.000000, train ppl = 1.000000
Step 27500: train_loss = 0.000000, train_acc = 1.000000, train ppl = 1.000000
Step 27600: train_loss = 0.000000, train_acc = 1.000000, train ppl = 1.000000
Step 27700: train_loss = 0.000000, train_acc = 1.000000, train ppl = 1.000000
Step 27800: train_loss = 0.000000, train_acc = 1.000000, train ppl = 1.000000
Step 27900: train_loss = 0.000000, train_acc = 1.000000, train ppl = 1.000000
Step 28000: train_loss = 0.000000, train_acc = 1.000000, train ppl = 1.000000
Step 28100: train_loss = 0.000000, train_acc = 1.000000, train ppl = 1.000000
==== Finshed epoch 25 ====
Evaluating model...
Epoch 25: validation accuracy = 1.000000 -- validation perplexity = 1.000000
Epoch 25: test accuracy: 1.000000
---- Qualitative Analysis
Context: what is jessica afraid of ? cats are afraid of sheep . sheep are afraid of cats . emily is a cat . jessica is a sheep . winona is a sheep . mice are afraid of cats . wolves are afraid of mice . gertrude is a mouse . what is jessica afraid of ?
Question: what is jessica afraid of ?
Answer: cat </s>
Model prediction: cat </s>
=========================
Step 28200: train_loss = 0.000000, train_acc = 1.000000, train ppl = 1.000000
Step 28300: train_loss = 0.000000, train_acc = 1.000000, train ppl = 1.000000
Step 28400: train_loss = 0.000000, train_acc = 1.000000, train ppl = 1.000000
Step 28500: train_loss = 0.000000, train_acc = 1.000000, train ppl = 1.000000
Step 28600: train_loss = 0.000000, train_acc = 1.000000, train ppl = 1.000000
Step 28700: train_loss = 0.000000, train_acc = 1.000000, train ppl = 1.000000
Step 28800: train_loss = 0.000000, train_acc = 1.000000, train ppl = 1.000000
Step 28900: train_loss = 0.000000, train_acc = 1.000000, train ppl = 1.000000
Step 29000: train_loss = 0.000000, train_acc = 1.000000, train ppl = 1.000000
Step 29100: train_loss = 0.000000, train_acc = 1.000000, train ppl = 1.000000
Step 29200: train_loss = 0.000000, train_acc = 1.000000, train ppl = 1.000000
==== Finshed epoch 26 ====
Evaluating model...
Epoch 26: validation accuracy = 1.000000 -- validation perplexity = 1.000000
Epoch 26: test accuracy: 1.000000
---- Qualitative Analysis
Context: what is jessica afraid of ? wolves are afraid of cats . gertrude is a wolf . sheep are afraid of mice . jessica is a wolf . mice are afraid of cats . winona is a mouse . cats are afraid of sheep . emily is a wolf . what is jessica afraid of ?
Question: what is jessica afraid of ?
Answer: cat </s>
Model prediction: cat </s>
=========================
Step 29300: train_loss = 0.000000, train_acc = 1.000000, train ppl = 1.000000
Step 29400: train_loss = 0.000000, train_acc = 1.000000, train ppl = 1.000000
Step 29500: train_loss = 0.000000, train_acc = 1.000000, train ppl = 1.000000
Step 29600: train_loss = 0.000000, train_acc = 1.000000, train ppl = 1.000000
Step 29700: train_loss = 0.000000, train_acc = 1.000000, train ppl = 1.000000
Step 29800: train_loss = 0.000000, train_acc = 1.000000, train ppl = 1.000000
Step 29900: train_loss = 0.000000, train_acc = 1.000000, train ppl = 1.000000
Step 30000: train_loss = 0.000000, train_acc = 1.000000, train ppl = 1.000000
Step 30100: train_loss = 0.000000, train_acc = 1.000000, train ppl = 1.000000
Step 30200: train_loss = 0.000000, train_acc = 1.000000, train ppl = 1.000000
Step 30300: train_loss = 0.000000, train_acc = 1.000000, train ppl = 1.000000
==== Finshed epoch 27 ====
Evaluating model...
Epoch 27: validation accuracy = 1.000000 -- validation perplexity = 1.000000
Epoch 27: test accuracy: 1.000000
---- Qualitative Analysis
Context: what is winona afraid of ? sheep are afraid of wolves . jessica is a sheep . gertrude is a sheep . mice are afraid of sheep . cats are afraid of mice . winona is a cat . wolves are afraid of cats . emily is a sheep . what is winona afraid of ?
Question: what is winona afraid of ?
Answer: mouse </s>
Model prediction: mouse </s>
=========================
Step 30400: train_loss = 0.000000, train_acc = 1.000000, train ppl = 1.000000
Step 30500: train_loss = 0.000000, train_acc = 1.000000, train ppl = 1.000000
Step 30600: train_loss = 0.000000, train_acc = 1.000000, train ppl = 1.000000
Step 30700: train_loss = 0.000000, train_acc = 1.000000, train ppl = 1.000000
Step 30800: train_loss = 0.000000, train_acc = 1.000000, train ppl = 1.000000
Step 30900: train_loss = 0.000000, train_acc = 1.000000, train ppl = 1.000000
Step 31000: train_loss = 0.000000, train_acc = 1.000000, train ppl = 1.000000
Step 31100: train_loss = 0.000000, train_acc = 1.000000, train ppl = 1.000000
Step 31200: train_loss = 0.000000, train_acc = 1.000000, train ppl = 1.000000
Step 31300: train_loss = 0.000000, train_acc = 1.000000, train ppl = 1.000000
Step 31400: train_loss = 0.000000, train_acc = 1.000000, train ppl = 1.000000
Step 31500: train_loss = 0.000000, train_acc = 1.000000, train ppl = 1.000000
==== Finshed epoch 28 ====
Evaluating model...
Epoch 28: validation accuracy = 1.000000 -- validation perplexity = 1.000000
Epoch 28: test accuracy: 1.000000
---- Qualitative Analysis
Context: what is emily afraid of ? mice are afraid of cats . sheep are afraid of wolves . cats are afraid of wolves . wolves are afraid of cats . gertrude is a sheep . jessica is a mouse . emily is a mouse . winona is a mouse . what is emily afraid of ?
Question: what is emily afraid of ?
Answer: cat </s>
Model prediction: cat </s>
=========================
Step 31600: train_loss = 0.000000, train_acc = 1.000000, train ppl = 1.000000
Step 31700: train_loss = 0.000000, train_acc = 1.000000, train ppl = 1.000000
Step 31800: train_loss = 0.000000, train_acc = 1.000000, train ppl = 1.000000
Step 31900: train_loss = 0.000000, train_acc = 1.000000, train ppl = 1.000000
Step 32000: train_loss = 0.000000, train_acc = 1.000000, train ppl = 1.000000
Step 32100: train_loss = 0.000000, train_acc = 1.000000, train ppl = 1.000000
Step 32200: train_loss = 0.000000, train_acc = 1.000000, train ppl = 1.000000
Step 32300: train_loss = 0.000000, train_acc = 1.000000, train ppl = 1.000000
Step 32400: train_loss = 0.000000, train_acc = 1.000000, train ppl = 1.000000
Step 32500: train_loss = 0.000000, train_acc = 1.000000, train ppl = 1.000000
Step 32600: train_loss = 0.000000, train_acc = 1.000000, train ppl = 1.000000
==== Finshed epoch 29 ====
Evaluating model...
Epoch 29: validation accuracy = 1.000000 -- validation perplexity = 1.000000
Epoch 29: test accuracy: 1.000000
---- Qualitative Analysis
Context: what is jessica afraid of ? mice are afraid of wolves . sheep are afraid of wolves . gertrude is a mouse . wolves are afraid of cats . cats are afraid of mice . winona is a mouse . emily is a sheep . jessica is a wolf . what is jessica afraid of ?
Question: what is jessica afraid of ?
Answer: cat </s>
Model prediction: cat </s>
=========================
Step 32700: train_loss = 0.000000, train_acc = 1.000000, train ppl = 1.000000
Step 32800: train_loss = 0.000000, train_acc = 1.000000, train ppl = 1.000000
Step 32900: train_loss = 0.000000, train_acc = 1.000000, train ppl = 1.000000
Step 33000: train_loss = 0.000000, train_acc = 1.000000, train ppl = 1.000000
Step 33100: train_loss = 0.000000, train_acc = 1.000000, train ppl = 1.000000
Step 33200: train_loss = 0.000000, train_acc = 1.000000, train ppl = 1.000000
Step 33300: train_loss = 0.000000, train_acc = 1.000000, train ppl = 1.000000
Step 33400: train_loss = 0.000000, train_acc = 1.000000, train ppl = 1.000000
Step 33500: train_loss = 0.000000, train_acc = 1.000000, train ppl = 1.000000
Step 33600: train_loss = 0.000000, train_acc = 1.000000, train ppl = 1.000000
Step 33700: train_loss = 0.000000, train_acc = 1.000000, train ppl = 1.000000
==== Finshed epoch 30 ====
Evaluating model...
Epoch 30: validation accuracy = 1.000000 -- validation perplexity = 1.000000
Epoch 30: test accuracy: 1.000000
---- Qualitative Analysis
Context: what is jessica afraid of ? mice are afraid of cats . cats are afraid of wolves . emily is a cat . wolves are afraid of cats . jessica is a mouse . gertrude is a wolf . sheep are afraid of mice . winona is a wolf . what is jessica afraid of ?
Question: what is jessica afraid of ?
Answer: cat </s>
Model prediction: cat </s>
=========================
Step 33800: train_loss = 0.000000, train_acc = 1.000000, train ppl = 1.000000
Step 33900: train_loss = 0.000000, train_acc = 1.000000, train ppl = 1.000000
Step 34000: train_loss = 0.000000, train_acc = 1.000000, train ppl = 1.000000
Step 34100: train_loss = 0.000000, train_acc = 1.000000, train ppl = 1.000000
Step 34200: train_loss = 0.000000, train_acc = 1.000000, train ppl = 1.000000
Step 34300: train_loss = 0.000000, train_acc = 1.000000, train ppl = 1.000000
Step 34400: train_loss = 0.000000, train_acc = 1.000000, train ppl = 1.000000
Step 34500: train_loss = 0.000000, train_acc = 1.000000, train ppl = 1.000000
Step 34600: train_loss = 0.000000, train_acc = 1.000000, train ppl = 1.000000
Step 34700: train_loss = 0.000000, train_acc = 1.000000, train ppl = 1.000000
Step 34800: train_loss = 0.000000, train_acc = 1.000000, train ppl = 1.000000
==== Finshed epoch 31 ====
Evaluating model...
Epoch 31: validation accuracy = 1.000000 -- validation perplexity = 1.000000
Epoch 31: test accuracy: 1.000000
---- Qualitative Analysis
Context: what is emily afraid of ? mice are afraid of wolves . cats are afraid of wolves . wolves are afraid of mice . emily is a mouse . winona is a mouse . gertrude is a mouse . jessica is a wolf . sheep are afraid of mice . what is emily afraid of ?
Question: what is emily afraid of ?
Answer: wolf </s>
Model prediction: wolf </s>
=========================
Step 34900: train_loss = 0.000000, train_acc = 1.000000, train ppl = 1.000000
Step 35000: train_loss = 0.000000, train_acc = 1.000000, train ppl = 1.000000
Step 35100: train_loss = 0.000000, train_acc = 1.000000, train ppl = 1.000000
Step 35200: train_loss = 0.000000, train_acc = 1.000000, train ppl = 1.000000
Step 35300: train_loss = 0.000000, train_acc = 1.000000, train ppl = 1.000000
Step 35400: train_loss = 0.000000, train_acc = 1.000000, train ppl = 1.000000
Step 35500: train_loss = 0.000000, train_acc = 1.000000, train ppl = 1.000000
Step 35600: train_loss = 0.000000, train_acc = 1.000000, train ppl = 1.000000
Step 35700: train_loss = 3.198238, train_acc = 0.875000, train ppl = 4.948670
Step 35800: train_loss = 0.016312, train_acc = 1.000000, train ppl = 1.008189
Step 35900: train_loss = 0.000023, train_acc = 1.000000, train ppl = 1.000012
Step 36000: train_loss = 0.000024, train_acc = 1.000000, train ppl = 1.000012
==== Finshed epoch 32 ====
Evaluating model...
Epoch 32: validation accuracy = 1.000000 -- validation perplexity = 1.000651
Epoch 32: test accuracy: 0.999000
---- Qualitative Analysis
Context: what is winona afraid of ? sheep are afraid of cats . mice are afraid of cats . jessica is a sheep . cats are afraid of wolves . wolves are afraid of mice . gertrude is a sheep . emily is a cat . winona is a cat . what is winona afraid of ?
Question: what is winona afraid of ?
Answer: wolf </s>
Model prediction: wolf </s>
=========================
Step 36100: train_loss = 0.000035, train_acc = 1.000000, train ppl = 1.000017
Step 36200: train_loss = 0.000015, train_acc = 1.000000, train ppl = 1.000008
Step 36300: train_loss = 0.000009, train_acc = 1.000000, train ppl = 1.000005
Step 36400: train_loss = 0.000009, train_acc = 1.000000, train ppl = 1.000005
Step 36500: train_loss = 0.000002, train_acc = 1.000000, train ppl = 1.000001
Step 36600: train_loss = 0.000025, train_acc = 1.000000, train ppl = 1.000013
Step 36700: train_loss = 0.000004, train_acc = 1.000000, train ppl = 1.000002
Step 36800: train_loss = 0.000006, train_acc = 1.000000, train ppl = 1.000003
Step 36900: train_loss = 0.000005, train_acc = 1.000000, train ppl = 1.000002
Step 37000: train_loss = 0.000004, train_acc = 1.000000, train ppl = 1.000002
Step 37100: train_loss = 0.000014, train_acc = 1.000000, train ppl = 1.000007
==== Finshed epoch 33 ====
Evaluating model...
Epoch 33: validation accuracy = 1.000000 -- validation perplexity = 1.000004
Epoch 33: test accuracy: 1.000000
---- Qualitative Analysis
Context: what is emily afraid of ? sheep are afraid of cats . wolves are afraid of mice . winona is a sheep . emily is a wolf . mice are afraid of wolves . jessica is a mouse . gertrude is a mouse . cats are afraid of sheep . what is emily afraid of ?
Question: what is emily afraid of ?
Answer: mouse </s>
Model prediction: mouse </s>
=========================
Step 37200: train_loss = 0.000007, train_acc = 1.000000, train ppl = 1.000003
Step 37300: train_loss = 0.000010, train_acc = 1.000000, train ppl = 1.000005
Step 37400: train_loss = 0.000003, train_acc = 1.000000, train ppl = 1.000002
Step 37500: train_loss = 0.000003, train_acc = 1.000000, train ppl = 1.000002
Step 37600: train_loss = 0.000003, train_acc = 1.000000, train ppl = 1.000001
Step 37700: train_loss = 0.000018, train_acc = 1.000000, train ppl = 1.000009
Step 37800: train_loss = 0.000009, train_acc = 1.000000, train ppl = 1.000004
Step 37900: train_loss = 0.000003, train_acc = 1.000000, train ppl = 1.000002
Step 38000: train_loss = 0.000002, train_acc = 1.000000, train ppl = 1.000001
Step 38100: train_loss = 0.000002, train_acc = 1.000000, train ppl = 1.000001
Step 38200: train_loss = 0.000005, train_acc = 1.000000, train ppl = 1.000002
==== Finshed epoch 34 ====
Evaluating model...
Epoch 34: validation accuracy = 1.000000 -- validation perplexity = 1.000002
Epoch 34: test accuracy: 1.000000
---- Qualitative Analysis
Context: what is emily afraid of ? sheep are afraid of cats . wolves are afraid of mice . gertrude is a wolf . cats are afraid of sheep . jessica is a cat . mice are afraid of cats . winona is a sheep . emily is a wolf . what is emily afraid of ?
Question: what is emily afraid of ?
Answer: mouse </s>
Model prediction: mouse </s>
=========================
Step 38300: train_loss = 0.000002, train_acc = 1.000000, train ppl = 1.000001
Step 38400: train_loss = 0.000005, train_acc = 1.000000, train ppl = 1.000003
Step 38500: train_loss = 0.000002, train_acc = 1.000000, train ppl = 1.000001
Step 38600: train_loss = 0.000003, train_acc = 1.000000, train ppl = 1.000001
Step 38700: train_loss = 0.000015, train_acc = 1.000000, train ppl = 1.000007
Step 38800: train_loss = 0.000006, train_acc = 1.000000, train ppl = 1.000003
Step 38900: train_loss = 0.000001, train_acc = 1.000000, train ppl = 1.000001
Step 39000: train_loss = 0.000002, train_acc = 1.000000, train ppl = 1.000001
Step 39100: train_loss = 0.000002, train_acc = 1.000000, train ppl = 1.000001
Step 39200: train_loss = 0.000001, train_acc = 1.000000, train ppl = 1.000000
Step 39300: train_loss = 0.000001, train_acc = 1.000000, train ppl = 1.000001
==== Finshed epoch 35 ====
Evaluating model...
Epoch 35: validation accuracy = 1.000000 -- validation perplexity = 1.000001
Epoch 35: test accuracy: 1.000000
---- Qualitative Analysis
Context: what is winona afraid of ? sheep are afraid of mice . wolves are afraid of mice . winona is a sheep . mice are afraid of cats . gertrude is a sheep . emily is a sheep . jessica is a sheep . cats are afraid of sheep . what is winona afraid of ?
Question: what is winona afraid of ?
Answer: mouse </s>
Model prediction: mouse </s>
=========================
Step 39400: train_loss = 0.000001, train_acc = 1.000000, train ppl = 1.000001
Step 39500: train_loss = 0.000001, train_acc = 1.000000, train ppl = 1.000001
Step 39600: train_loss = 0.000002, train_acc = 1.000000, train ppl = 1.000001
Step 39700: train_loss = 0.000001, train_acc = 1.000000, train ppl = 1.000000
Step 39800: train_loss = 0.000001, train_acc = 1.000000, train ppl = 1.000000
Step 39900: train_loss = 0.000001, train_acc = 1.000000, train ppl = 1.000000
Step 40000: train_loss = 0.000002, train_acc = 1.000000, train ppl = 1.000001
Step 40100: train_loss = 0.000001, train_acc = 1.000000, train ppl = 1.000000
Step 40200: train_loss = 0.000000, train_acc = 1.000000, train ppl = 1.000000
Step 40300: train_loss = 0.000001, train_acc = 1.000000, train ppl = 1.000000
Step 40400: train_loss = 0.000002, train_acc = 1.000000, train ppl = 1.000001
Step 40500: train_loss = 0.000001, train_acc = 1.000000, train ppl = 1.000000
==== Finshed epoch 36 ====
Evaluating model...
Epoch 36: validation accuracy = 1.000000 -- validation perplexity = 1.000000
Epoch 36: test accuracy: 1.000000
---- Qualitative Analysis
Context: what is jessica afraid of ? wolves are afraid of sheep . emily is a wolf . mice are afraid of wolves . sheep are afraid of wolves . cats are afraid of wolves . winona is a wolf . jessica is a mouse . gertrude is a wolf . what is jessica afraid of ?
Question: what is jessica afraid of ?
Answer: wolf </s>
Model prediction: wolf </s>
=========================
Step 40600: train_loss = 0.000001, train_acc = 1.000000, train ppl = 1.000001
Step 40700: train_loss = 0.000001, train_acc = 1.000000, train ppl = 1.000001
Step 40800: train_loss = 0.000000, train_acc = 1.000000, train ppl = 1.000000
Step 40900: train_loss = 0.000001, train_acc = 1.000000, train ppl = 1.000000
Step 41000: train_loss = 0.000000, train_acc = 1.000000, train ppl = 1.000000
Step 41100: train_loss = 0.000000, train_acc = 1.000000, train ppl = 1.000000
Step 41200: train_loss = 0.000001, train_acc = 1.000000, train ppl = 1.000000
Step 41300: train_loss = 0.000000, train_acc = 1.000000, train ppl = 1.000000
Step 41400: train_loss = 0.000001, train_acc = 1.000000, train ppl = 1.000000
Step 41500: train_loss = 0.000000, train_acc = 1.000000, train ppl = 1.000000
Step 41600: train_loss = 0.000000, train_acc = 1.000000, train ppl = 1.000000
==== Finshed epoch 37 ====
Evaluating model...
Epoch 37: validation accuracy = 1.000000 -- validation perplexity = 1.000000
Epoch 37: test accuracy: 1.000000
---- Qualitative Analysis
Context: what is winona afraid of ? sheep are afraid of cats . mice are afraid of wolves . wolves are afraid of sheep . winona is a mouse . gertrude is a sheep . emily is a sheep . jessica is a wolf . cats are afraid of mice . what is winona afraid of ?
Question: what is winona afraid of ?
Answer: wolf </s>
Model prediction: wolf </s>
=========================
Step 41700: train_loss = 0.000001, train_acc = 1.000000, train ppl = 1.000000
Step 41800: train_loss = 0.000000, train_acc = 1.000000, train ppl = 1.000000
Step 41900: train_loss = 0.000000, train_acc = 1.000000, train ppl = 1.000000
Step 42000: train_loss = 0.000001, train_acc = 1.000000, train ppl = 1.000000
Step 42100: train_loss = 0.000001, train_acc = 1.000000, train ppl = 1.000000
Step 42200: train_loss = 0.000000, train_acc = 1.000000, train ppl = 1.000000
Step 42300: train_loss = 0.000000, train_acc = 1.000000, train ppl = 1.000000
Step 42400: train_loss = 0.000001, train_acc = 1.000000, train ppl = 1.000000
Step 42500: train_loss = 0.000000, train_acc = 1.000000, train ppl = 1.000000
Step 42600: train_loss = 0.000000, train_acc = 1.000000, train ppl = 1.000000
Step 42700: train_loss = 0.000001, train_acc = 1.000000, train ppl = 1.000000
==== Finshed epoch 38 ====
Evaluating model...
Epoch 38: validation accuracy = 1.000000 -- validation perplexity = 1.000000
Epoch 38: test accuracy: 1.000000
---- Qualitative Analysis
Context: what is emily afraid of ? cats are afraid of wolves . mice are afraid of cats . sheep are afraid of mice . gertrude is a cat . wolves are afraid of sheep . jessica is a mouse . emily is a wolf . winona is a cat . what is emily afraid of ?
Question: what is emily afraid of ?
Answer: sheep </s>
Model prediction: sheep </s>
=========================
Step 42800: train_loss = 0.000000, train_acc = 1.000000, train ppl = 1.000000
Step 42900: train_loss = 0.000000, train_acc = 1.000000, train ppl = 1.000000
Step 43000: train_loss = 0.000000, train_acc = 1.000000, train ppl = 1.000000
Step 43100: train_loss = 0.000000, train_acc = 1.000000, train ppl = 1.000000
Step 43200: train_loss = 0.000000, train_acc = 1.000000, train ppl = 1.000000
Step 43300: train_loss = 0.000000, train_acc = 1.000000, train ppl = 1.000000
Step 43400: train_loss = 0.000000, train_acc = 1.000000, train ppl = 1.000000
Step 43500: train_loss = 0.000000, train_acc = 1.000000, train ppl = 1.000000
Step 43600: train_loss = 0.000000, train_acc = 1.000000, train ppl = 1.000000
Step 43700: train_loss = 0.000000, train_acc = 1.000000, train ppl = 1.000000
Step 43800: train_loss = 0.000000, train_acc = 1.000000, train ppl = 1.000000
==== Finshed epoch 39 ====
Evaluating model...
Epoch 39: validation accuracy = 1.000000 -- validation perplexity = 1.000000
Epoch 39: test accuracy: 1.000000
---- Qualitative Analysis
Context: what is jessica afraid of ? sheep are afraid of wolves . wolves are afraid of sheep . gertrude is a wolf . winona is a sheep . cats are afraid of wolves . jessica is a sheep . emily is a sheep . mice are afraid of sheep . what is jessica afraid of ?
Question: what is jessica afraid of ?
Answer: wolf </s>
Model prediction: wolf </s>
=========================
Step 43900: train_loss = 0.000000, train_acc = 1.000000, train ppl = 1.000000
Step 44000: train_loss = 0.000000, train_acc = 1.000000, train ppl = 1.000000
Step 44100: train_loss = 0.000000, train_acc = 1.000000, train ppl = 1.000000
Step 44200: train_loss = 0.000000, train_acc = 1.000000, train ppl = 1.000000
