dropout_keep_prob:        0.7
embedding_size:           128
batch_size:               8
restore_from_dir:         None
learning_rate:            0.005
model_type:               normal
encoder_type:             bi
optimizer:                adam
merge_mode:               concat
vocab:                    data/vocab.txt
task:                     9
num_epochs:               50
num_enc_layers:           1
val_split:                0.1
num_units:                256
data_dir:                 data/en-10k
cell_type:                gru
model_dir:                models/dummy
max_gradient_norm:        1.0
Loading data...
vocabulary size = 487
Building model...
Running initializers...
Creating summary writers...
Performing evaluation before training...
---- Qualitative Analysis
Context: is daniel in the garden ? sandra went back to the bathroom . sandra moved to the office . daniel moved to the kitchen . daniel moved to the garden . john is in the bathroom . mary travelled to the garden . john is in the garden . john is no longer in the garden . is daniel in the garden ?
Question: is daniel in the garden ?
Answer: yes </s>
Model prediction: 103 115 115 42 box box 82 82 149 131
=========================
Step 100: train_loss = 0.860237, train_acc = 0.500000, train ppl = 1.537439
Step 200: train_loss = 1.433455, train_acc = 0.375000, train ppl = 2.047721
Step 300: train_loss = 0.721860, train_acc = 0.250000, train ppl = 1.434663
Step 400: train_loss = 0.866637, train_acc = 0.375000, train ppl = 1.542368
Step 500: train_loss = 0.711339, train_acc = 0.625000, train ppl = 1.427135
Step 600: train_loss = 0.906562, train_acc = 0.000000, train ppl = 1.573466
Step 700: train_loss = 0.851073, train_acc = 0.125000, train ppl = 1.530411
Step 800: train_loss = 0.772260, train_acc = 0.625000, train ppl = 1.471276
Step 900: train_loss = 0.580424, train_acc = 0.750000, train ppl = 1.336711
Step 1000: train_loss = 0.775839, train_acc = 0.625000, train ppl = 1.473911
Step 1100: train_loss = 0.830293, train_acc = 0.625000, train ppl = 1.514593
==== Finshed epoch 1 ====
Evaluating model...
Epoch 1: validation accuracy = 0.544000 -- validation perplexity = 1.426265
Epoch 1: test accuracy: 0.525000
---- Qualitative Analysis
Context: is mary in the garden ? mary moved to the garden . mary is in the bathroom . mary is in the office . mary journeyed to the bathroom . sandra moved to the garden . john is no longer in the garden . is mary in the garden ?
Question: is mary in the garden ?
Answer: no </s>
Model prediction: no </s>
=========================
Model checkpoint saved in models/dummy/best_model.ckpt
Step 1200: train_loss = 2.094609, train_acc = 0.125000, train ppl = 2.849958
Step 1300: train_loss = 0.888997, train_acc = 0.375000, train ppl = 1.559708
Step 1400: train_loss = 0.658151, train_acc = 0.750000, train ppl = 1.389683
Step 1500: train_loss = 1.449063, train_acc = 0.500000, train ppl = 2.063764
Step 1600: train_loss = 0.728679, train_acc = 0.625000, train ppl = 1.439563
Step 1700: train_loss = 1.512421, train_acc = 0.375000, train ppl = 2.130188
Step 1800: train_loss = 0.502927, train_acc = 0.750000, train ppl = 1.285906
Step 1900: train_loss = 0.597479, train_acc = 0.625000, train ppl = 1.348158
Step 2000: train_loss = 0.953188, train_acc = 0.250000, train ppl = 1.610580
Step 2100: train_loss = 0.710626, train_acc = 0.625000, train ppl = 1.426627
Step 2200: train_loss = 0.803019, train_acc = 0.625000, train ppl = 1.494079
==== Finshed epoch 2 ====
Evaluating model...
Epoch 2: validation accuracy = 0.612000 -- validation perplexity = 1.387185
Epoch 2: test accuracy: 0.615000
---- Qualitative Analysis
Context: is daniel in the kitchen ? john travelled to the bathroom . daniel moved to the garden . john went back to the office . john is not in the office . sandra moved to the office . daniel is in the bedroom . john is no longer in the bedroom . mary travelled to the kitchen . mary is in the bathroom . daniel is in the kitchen . is daniel in the kitchen ?
Question: is daniel in the kitchen ?
Answer: yes </s>
Model prediction: no </s>
=========================
Model checkpoint saved in models/dummy/best_model.ckpt
Step 2300: train_loss = 1.000025, train_acc = 0.375000, train ppl = 1.648742
Step 2400: train_loss = 0.646141, train_acc = 0.500000, train ppl = 1.381363
Step 2500: train_loss = 0.468525, train_acc = 0.875000, train ppl = 1.263976
Step 2600: train_loss = 0.709013, train_acc = 0.625000, train ppl = 1.425477
Step 2700: train_loss = 0.809624, train_acc = 0.375000, train ppl = 1.499021
Step 2800: train_loss = 0.647302, train_acc = 0.625000, train ppl = 1.382165
Step 2900: train_loss = 0.626584, train_acc = 0.750000, train ppl = 1.367921
Step 3000: train_loss = 0.563398, train_acc = 0.625000, train ppl = 1.325380
Step 3100: train_loss = 0.549540, train_acc = 0.875000, train ppl = 1.316228
Step 3200: train_loss = 0.416764, train_acc = 0.750000, train ppl = 1.231684
Step 3300: train_loss = 0.761316, train_acc = 0.625000, train ppl = 1.463247
==== Finshed epoch 3 ====
Evaluating model...
Epoch 3: validation accuracy = 0.650000 -- validation perplexity = 1.368221
Epoch 3: test accuracy: 0.672000
---- Qualitative Analysis
Context: is sandra in the kitchen ? mary went to the office . mary travelled to the hallway . daniel is no longer in the garden . mary journeyed to the bathroom . mary journeyed to the garden . sandra is in the hallway . sandra is in the kitchen . daniel went to the hallway . is sandra in the kitchen ?
Question: is sandra in the kitchen ?
Answer: yes </s>
Model prediction: no </s>
=========================
Model checkpoint saved in models/dummy/best_model.ckpt
Step 3400: train_loss = 0.596424, train_acc = 0.500000, train ppl = 1.347448
Step 3500: train_loss = 0.679097, train_acc = 0.625000, train ppl = 1.404313
Step 3600: train_loss = 0.656081, train_acc = 0.500000, train ppl = 1.388245
Step 3700: train_loss = 0.569789, train_acc = 0.750000, train ppl = 1.329622
Step 3800: train_loss = 0.518420, train_acc = 0.750000, train ppl = 1.295906
Step 3900: train_loss = 0.457250, train_acc = 0.750000, train ppl = 1.256871
Step 4000: train_loss = 0.582680, train_acc = 0.625000, train ppl = 1.338219
Step 4100: train_loss = 0.367630, train_acc = 0.875000, train ppl = 1.201794
Step 4200: train_loss = 0.907096, train_acc = 0.500000, train ppl = 1.573887
Step 4300: train_loss = 1.003602, train_acc = 0.500000, train ppl = 1.651693
Step 4400: train_loss = 0.482073, train_acc = 0.750000, train ppl = 1.272568
Step 4500: train_loss = 0.515157, train_acc = 0.750000, train ppl = 1.293794
==== Finshed epoch 4 ====
Evaluating model...
Epoch 4: validation accuracy = 0.645000 -- validation perplexity = 1.363540
Epoch 4: test accuracy: 0.667000
---- Qualitative Analysis
Context: is daniel in the garden ? mary is not in the kitchen . mary journeyed to the bathroom . daniel is in the bedroom . mary travelled to the office . sandra is no longer in the office . john is in the bedroom . is daniel in the garden ?
Question: is daniel in the garden ?
Answer: no </s>
Model prediction: no </s>
=========================
Step 4600: train_loss = 0.866476, train_acc = 0.625000, train ppl = 1.542243
Step 4700: train_loss = 0.246980, train_acc = 1.000000, train ppl = 1.131438
Step 4800: train_loss = 0.545419, train_acc = 0.625000, train ppl = 1.313519
Step 4900: train_loss = 0.813768, train_acc = 0.625000, train ppl = 1.502130
Step 5000: train_loss = 1.352631, train_acc = 0.375000, train ppl = 1.966618
Step 5100: train_loss = 0.935379, train_acc = 0.500000, train ppl = 1.596302
Step 5200: train_loss = 0.505790, train_acc = 0.750000, train ppl = 1.287748
Step 5300: train_loss = 0.925488, train_acc = 0.625000, train ppl = 1.588427
Step 5400: train_loss = 0.629800, train_acc = 0.625000, train ppl = 1.370122
Step 5500: train_loss = 0.792921, train_acc = 0.375000, train ppl = 1.486553
Step 5600: train_loss = 0.142979, train_acc = 1.000000, train ppl = 1.074107
==== Finshed epoch 5 ====
Evaluating model...
Epoch 5: validation accuracy = 0.750000 -- validation perplexity = 1.324499
Epoch 5: test accuracy: 0.744000
---- Qualitative Analysis
Context: is mary in the bathroom ? john is not in the bathroom . sandra is no longer in the bedroom . sandra travelled to the bedroom . mary is in the bathroom . is mary in the bathroom ?
Question: is mary in the bathroom ?
Answer: yes </s>
Model prediction: yes </s>
=========================
Model checkpoint saved in models/dummy/best_model.ckpt
Step 5700: train_loss = 0.488627, train_acc = 0.750000, train ppl = 1.276745
Step 5800: train_loss = 0.333620, train_acc = 1.000000, train ppl = 1.181530
Step 5900: train_loss = 0.807501, train_acc = 0.625000, train ppl = 1.497430
Step 6000: train_loss = 0.754812, train_acc = 0.625000, train ppl = 1.458497
Step 6100: train_loss = 0.789256, train_acc = 0.375000, train ppl = 1.483832
Step 6200: train_loss = 0.339488, train_acc = 0.875000, train ppl = 1.185001
Step 6300: train_loss = 0.585729, train_acc = 0.625000, train ppl = 1.340261
Step 6400: train_loss = 1.113192, train_acc = 0.500000, train ppl = 1.744723
Step 6500: train_loss = 0.444277, train_acc = 0.875000, train ppl = 1.248744
Step 6600: train_loss = 0.578545, train_acc = 0.625000, train ppl = 1.335456
Step 6700: train_loss = 0.477783, train_acc = 0.750000, train ppl = 1.269840
==== Finshed epoch 6 ====
Evaluating model...
Epoch 6: validation accuracy = 0.764000 -- validation perplexity = 1.322464
Epoch 6: test accuracy: 0.765000
---- Qualitative Analysis
Context: is sandra in the bathroom ? sandra is in the bathroom . mary journeyed to the office . mary went back to the kitchen . sandra is no longer in the bathroom . mary is in the office . daniel is not in the kitchen . mary is in the garden . john went to the hallway . is sandra in the bathroom ?
Question: is sandra in the bathroom ?
Answer: no </s>
Model prediction: no </s>
=========================
Model checkpoint saved in models/dummy/best_model.ckpt
Step 6800: train_loss = 0.527208, train_acc = 0.875000, train ppl = 1.301613
Step 6900: train_loss = 0.458328, train_acc = 0.875000, train ppl = 1.257548
Step 7000: train_loss = 0.358824, train_acc = 0.875000, train ppl = 1.196513
Step 7100: train_loss = 0.603049, train_acc = 0.625000, train ppl = 1.351918
Step 7200: train_loss = 0.448699, train_acc = 0.875000, train ppl = 1.251509
Step 7300: train_loss = 0.826558, train_acc = 0.750000, train ppl = 1.511767
Step 7400: train_loss = 0.503178, train_acc = 0.750000, train ppl = 1.286067
Step 7500: train_loss = 0.449974, train_acc = 0.875000, train ppl = 1.252306
Step 7600: train_loss = 1.386179, train_acc = 0.500000, train ppl = 1.999885
Step 7700: train_loss = 0.217103, train_acc = 0.875000, train ppl = 1.114662
Step 7800: train_loss = 0.162379, train_acc = 1.000000, train ppl = 1.084577
==== Finshed epoch 7 ====
Evaluating model...
Epoch 7: validation accuracy = 0.765000 -- validation perplexity = 1.316716
Epoch 7: test accuracy: 0.733000
---- Qualitative Analysis
Context: is sandra in the hallway ? sandra is in the bathroom . daniel went back to the office . sandra is no longer in the bathroom . mary moved to the kitchen . john journeyed to the bathroom . mary moved to the garden . sandra is not in the garden . sandra is in the office . sandra moved to the kitchen . mary went back to the hallway . is sandra in the hallway ?
Question: is sandra in the hallway ?
Answer: no </s>
Model prediction: no </s>
=========================
Model checkpoint saved in models/dummy/best_model.ckpt
Step 7900: train_loss = 0.300722, train_acc = 0.875000, train ppl = 1.162254
Step 8000: train_loss = 0.654307, train_acc = 0.625000, train ppl = 1.387015
Step 8100: train_loss = 0.573208, train_acc = 0.750000, train ppl = 1.331897
Step 8200: train_loss = 1.328173, train_acc = 0.500000, train ppl = 1.942715
Step 8300: train_loss = 0.305422, train_acc = 0.750000, train ppl = 1.164988
Step 8400: train_loss = 0.266543, train_acc = 0.875000, train ppl = 1.142560
Step 8500: train_loss = 0.743359, train_acc = 0.625000, train ppl = 1.450168
Step 8600: train_loss = 0.365659, train_acc = 0.750000, train ppl = 1.200610
Step 8700: train_loss = 0.425384, train_acc = 0.750000, train ppl = 1.237004
Step 8800: train_loss = 0.153129, train_acc = 1.000000, train ppl = 1.079572
Step 8900: train_loss = 0.841584, train_acc = 0.500000, train ppl = 1.523167
Step 9000: train_loss = 1.084020, train_acc = 0.625000, train ppl = 1.719460
==== Finshed epoch 8 ====
Evaluating model...
Epoch 8: validation accuracy = 0.781000 -- validation perplexity = 1.297298
Epoch 8: test accuracy: 0.795000
---- Qualitative Analysis
Context: is daniel in the office ? sandra travelled to the kitchen . daniel went to the hallway . daniel is not in the hallway . mary is not in the bedroom . daniel journeyed to the office . sandra is no longer in the kitchen . is daniel in the office ?
Question: is daniel in the office ?
Answer: yes </s>
Model prediction: yes </s>
=========================
Model checkpoint saved in models/dummy/best_model.ckpt
Step 9100: train_loss = 0.345317, train_acc = 0.875000, train ppl = 1.188460
Step 9200: train_loss = 0.866357, train_acc = 0.625000, train ppl = 1.542151
Step 9300: train_loss = 0.319534, train_acc = 0.750000, train ppl = 1.173238
Step 9400: train_loss = 0.366660, train_acc = 0.875000, train ppl = 1.201210
Step 9500: train_loss = 0.768655, train_acc = 0.625000, train ppl = 1.468626
Step 9600: train_loss = 0.278286, train_acc = 0.875000, train ppl = 1.149288
Step 9700: train_loss = 0.424912, train_acc = 0.875000, train ppl = 1.236712
Step 9800: train_loss = 0.886388, train_acc = 0.625000, train ppl = 1.557675
Step 9900: train_loss = 0.317379, train_acc = 0.750000, train ppl = 1.171974
Step 10000: train_loss = 0.154136, train_acc = 0.875000, train ppl = 1.080116
Step 10100: train_loss = 0.158769, train_acc = 1.000000, train ppl = 1.082621
==== Finshed epoch 9 ====
Evaluating model...
Epoch 9: validation accuracy = 0.808000 -- validation perplexity = 1.261764
Epoch 9: test accuracy: 0.810000
---- Qualitative Analysis
Context: is mary in the bathroom ? mary is no longer in the bathroom . daniel moved to the bedroom . is mary in the bathroom ?
Question: is mary in the bathroom ?
Answer: no </s>
Model prediction: no </s>
=========================
Model checkpoint saved in models/dummy/best_model.ckpt
Step 10200: train_loss = 0.327700, train_acc = 0.875000, train ppl = 1.178038
Step 10300: train_loss = 1.012408, train_acc = 0.625000, train ppl = 1.658982
Step 10400: train_loss = 0.124757, train_acc = 1.000000, train ppl = 1.064365
Step 10500: train_loss = 0.756235, train_acc = 0.500000, train ppl = 1.459535
Step 10600: train_loss = 1.106627, train_acc = 0.625000, train ppl = 1.739006
Step 10700: train_loss = 0.782354, train_acc = 0.500000, train ppl = 1.478720
Step 10800: train_loss = 0.282945, train_acc = 0.875000, train ppl = 1.151969
Step 10900: train_loss = 0.355754, train_acc = 0.875000, train ppl = 1.194678
Step 11000: train_loss = 0.965480, train_acc = 0.750000, train ppl = 1.620509
Step 11100: train_loss = 0.867329, train_acc = 0.625000, train ppl = 1.542902
Step 11200: train_loss = 0.740142, train_acc = 0.750000, train ppl = 1.447837
==== Finshed epoch 10 ====
Evaluating model...
Epoch 10: validation accuracy = 0.821000 -- validation perplexity = 1.264956
Epoch 10: test accuracy: 0.816000
---- Qualitative Analysis
Context: is daniel in the bathroom ? daniel is not in the bathroom . mary travelled to the bathroom . is daniel in the bathroom ?
Question: is daniel in the bathroom ?
Answer: no </s>
Model prediction: yes </s>
=========================
Model checkpoint saved in models/dummy/best_model.ckpt
Step 11300: train_loss = 0.622712, train_acc = 0.625000, train ppl = 1.365275
Step 11400: train_loss = 0.852113, train_acc = 0.625000, train ppl = 1.531207
Step 11500: train_loss = 0.546974, train_acc = 0.750000, train ppl = 1.314540
Step 11600: train_loss = 0.142276, train_acc = 1.000000, train ppl = 1.073729
Step 11700: train_loss = 1.097214, train_acc = 0.500000, train ppl = 1.730840
Step 11800: train_loss = 0.761415, train_acc = 0.625000, train ppl = 1.463320
Step 11900: train_loss = 0.503625, train_acc = 0.750000, train ppl = 1.286355
Step 12000: train_loss = 0.342922, train_acc = 0.875000, train ppl = 1.187038
Step 12100: train_loss = 0.147499, train_acc = 1.000000, train ppl = 1.076537
Step 12200: train_loss = 0.441006, train_acc = 0.750000, train ppl = 1.246704
Step 12300: train_loss = 0.349588, train_acc = 0.750000, train ppl = 1.191001
==== Finshed epoch 11 ====
Evaluating model...
Epoch 11: validation accuracy = 0.810000 -- validation perplexity = 1.264809
Epoch 11: test accuracy: 0.790000
---- Qualitative Analysis
Context: is john in the bathroom ? mary went to the bedroom . daniel is no longer in the kitchen . sandra is not in the office . sandra went to the office . mary is in the garden . john is not in the hallway . john went back to the bathroom . john is not in the bathroom . daniel journeyed to the garden . sandra is not in the office . is john in the bathroom ?
Question: is john in the bathroom ?
Answer: no </s>
Model prediction: no </s>
=========================
Step 12400: train_loss = 0.423350, train_acc = 0.875000, train ppl = 1.235746
Step 12500: train_loss = 0.464123, train_acc = 0.750000, train ppl = 1.261197
Step 12600: train_loss = 0.147885, train_acc = 1.000000, train ppl = 1.076745
Step 12700: train_loss = 0.255564, train_acc = 0.875000, train ppl = 1.136305
Step 12800: train_loss = 0.370981, train_acc = 0.875000, train ppl = 1.203809
Step 12900: train_loss = 0.377126, train_acc = 0.875000, train ppl = 1.207513
Step 13000: train_loss = 0.361396, train_acc = 0.875000, train ppl = 1.198053
Step 13100: train_loss = 0.355418, train_acc = 0.875000, train ppl = 1.194478
Step 13200: train_loss = 0.083127, train_acc = 1.000000, train ppl = 1.042439
Step 13300: train_loss = 0.790054, train_acc = 0.625000, train ppl = 1.484424
Step 13400: train_loss = 0.651231, train_acc = 0.750000, train ppl = 1.384883
Step 13500: train_loss = 0.280488, train_acc = 0.875000, train ppl = 1.150555
==== Finshed epoch 12 ====
Evaluating model...
Epoch 12: validation accuracy = 0.786000 -- validation perplexity = 1.323615
Epoch 12: test accuracy: 0.779000
---- Qualitative Analysis
Context: is sandra in the bathroom ? daniel travelled to the garden . sandra is in the bathroom . john journeyed to the bedroom . sandra is not in the bathroom . john went to the bathroom . mary travelled to the kitchen . is sandra in the bathroom ?
Question: is sandra in the bathroom ?
Answer: no </s>
Model prediction: no </s>
=========================
Step 13600: train_loss = 0.331675, train_acc = 0.750000, train ppl = 1.180381
Step 13700: train_loss = 0.452393, train_acc = 0.875000, train ppl = 1.253822
Step 13800: train_loss = 0.281543, train_acc = 0.875000, train ppl = 1.151162
Step 13900: train_loss = 1.268034, train_acc = 0.375000, train ppl = 1.885168
Step 14000: train_loss = 0.588691, train_acc = 0.750000, train ppl = 1.342248
Step 14100: train_loss = 0.815632, train_acc = 0.750000, train ppl = 1.503531
Step 14200: train_loss = 0.524416, train_acc = 0.875000, train ppl = 1.299797
Step 14300: train_loss = 0.341685, train_acc = 0.875000, train ppl = 1.186304
Step 14400: train_loss = 0.095522, train_acc = 1.000000, train ppl = 1.048920
Step 14500: train_loss = 0.080763, train_acc = 1.000000, train ppl = 1.041208
Step 14600: train_loss = 0.114564, train_acc = 1.000000, train ppl = 1.058954
==== Finshed epoch 13 ====
Evaluating model...
Epoch 13: validation accuracy = 0.821000 -- validation perplexity = 1.225493
Epoch 13: test accuracy: 0.817000
---- Qualitative Analysis
Context: is sandra in the bathroom ? daniel is in the garden . sandra journeyed to the office . sandra went to the kitchen . mary travelled to the hallway . john is in the kitchen . sandra travelled to the garden . mary is in the office . john went back to the bathroom . is sandra in the bathroom ?
Question: is sandra in the bathroom ?
Answer: no </s>
Model prediction: yes </s>
=========================
Step 14700: train_loss = 0.450027, train_acc = 0.750000, train ppl = 1.252340
Step 14800: train_loss = 0.521268, train_acc = 0.750000, train ppl = 1.297753
Step 14900: train_loss = 0.750943, train_acc = 0.625000, train ppl = 1.455677
Step 15000: train_loss = 0.787427, train_acc = 0.750000, train ppl = 1.482476
Step 15100: train_loss = 0.518822, train_acc = 0.875000, train ppl = 1.296167
Step 15200: train_loss = 1.382267, train_acc = 0.625000, train ppl = 1.995977
Step 15300: train_loss = 0.618285, train_acc = 0.875000, train ppl = 1.362257
Step 15400: train_loss = 0.498417, train_acc = 0.750000, train ppl = 1.283010
Step 15500: train_loss = 0.766120, train_acc = 0.750000, train ppl = 1.466766
Step 15600: train_loss = 0.976459, train_acc = 0.625000, train ppl = 1.629429
Step 15700: train_loss = 0.033064, train_acc = 1.000000, train ppl = 1.016669
==== Finshed epoch 14 ====
Evaluating model...
Epoch 14: validation accuracy = 0.837000 -- validation perplexity = 1.230965
Epoch 14: test accuracy: 0.826000
---- Qualitative Analysis
Context: is john in the office ? john travelled to the bathroom . daniel moved to the garden . john went back to the office . john is not in the office . is john in the office ?
Question: is john in the office ?
Answer: no </s>
Model prediction: no </s>
=========================
Model checkpoint saved in models/dummy/best_model.ckpt
Step 15800: train_loss = 0.132143, train_acc = 1.000000, train ppl = 1.068303
Step 15900: train_loss = 1.220341, train_acc = 0.625000, train ppl = 1.840745
Step 16000: train_loss = 0.081776, train_acc = 1.000000, train ppl = 1.041735
Step 16100: train_loss = 0.611579, train_acc = 0.875000, train ppl = 1.357696
Step 16200: train_loss = 0.291565, train_acc = 0.875000, train ppl = 1.156944
Step 16300: train_loss = 0.140215, train_acc = 0.875000, train ppl = 1.072623
Step 16400: train_loss = 0.132279, train_acc = 1.000000, train ppl = 1.068376
Step 16500: train_loss = 0.213002, train_acc = 0.875000, train ppl = 1.112379
Step 16600: train_loss = 0.759309, train_acc = 0.750000, train ppl = 1.461779
Step 16700: train_loss = 0.925747, train_acc = 0.750000, train ppl = 1.588632
Step 16800: train_loss = 0.505704, train_acc = 0.625000, train ppl = 1.287693
==== Finshed epoch 15 ====
Evaluating model...
Epoch 15: validation accuracy = 0.811000 -- validation perplexity = 1.293245
Epoch 15: test accuracy: 0.817000
---- Qualitative Analysis
Context: is john in the garden ? john went to the kitchen . mary is no longer in the kitchen . is john in the garden ?
Question: is john in the garden ?
Answer: no </s>
Model prediction: no </s>
=========================
Step 16900: train_loss = 0.487297, train_acc = 0.875000, train ppl = 1.275896
Step 17000: train_loss = 0.048417, train_acc = 1.000000, train ppl = 1.024504
Step 17100: train_loss = 0.985677, train_acc = 0.500000, train ppl = 1.636956
Step 17200: train_loss = 0.233280, train_acc = 0.875000, train ppl = 1.123715
Step 17300: train_loss = 0.147761, train_acc = 1.000000, train ppl = 1.076678
Step 17400: train_loss = 0.628445, train_acc = 0.750000, train ppl = 1.369195
Step 17500: train_loss = 0.344199, train_acc = 0.875000, train ppl = 1.187796
Step 17600: train_loss = 0.049357, train_acc = 1.000000, train ppl = 1.024986
Step 17700: train_loss = 0.965135, train_acc = 0.625000, train ppl = 1.620229
Step 17800: train_loss = 1.076955, train_acc = 0.500000, train ppl = 1.713396
Step 17900: train_loss = 0.315075, train_acc = 0.875000, train ppl = 1.170625
Step 18000: train_loss = 0.424750, train_acc = 0.750000, train ppl = 1.236611
==== Finshed epoch 16 ====
Evaluating model...
Epoch 16: validation accuracy = 0.840000 -- validation perplexity = 1.237196
Epoch 16: test accuracy: 0.823000
---- Qualitative Analysis
Context: is john in the bedroom ? mary is in the office . john is in the bathroom . is john in the bedroom ?
Question: is john in the bedroom ?
Answer: no </s>
Model prediction: no </s>
=========================
Model checkpoint saved in models/dummy/best_model.ckpt
Step 18100: train_loss = 0.513037, train_acc = 0.875000, train ppl = 1.292423
Step 18200: train_loss = 0.570243, train_acc = 0.875000, train ppl = 1.329924
Step 18300: train_loss = 0.110037, train_acc = 1.000000, train ppl = 1.056560
Step 18400: train_loss = 0.286223, train_acc = 0.875000, train ppl = 1.153858
Step 18500: train_loss = 0.598809, train_acc = 0.875000, train ppl = 1.349055
Step 18600: train_loss = 0.188900, train_acc = 1.000000, train ppl = 1.099054
Step 18700: train_loss = 0.370185, train_acc = 0.875000, train ppl = 1.203329
Step 18800: train_loss = 0.407087, train_acc = 0.750000, train ppl = 1.225739
Step 18900: train_loss = 0.129810, train_acc = 1.000000, train ppl = 1.067058
Step 19000: train_loss = 1.136753, train_acc = 0.625000, train ppl = 1.765399
Step 19100: train_loss = 0.154125, train_acc = 1.000000, train ppl = 1.080110
==== Finshed epoch 17 ====
Evaluating model...
Epoch 17: validation accuracy = 0.790000 -- validation perplexity = 1.358584
Epoch 17: test accuracy: 0.788000
---- Qualitative Analysis
Context: is mary in the office ? john travelled to the bedroom . mary is no longer in the office . is mary in the office ?
Question: is mary in the office ?
Answer: no </s>
Model prediction: no </s>
=========================
Step 19200: train_loss = 0.201576, train_acc = 1.000000, train ppl = 1.106042
Step 19300: train_loss = 0.111249, train_acc = 0.875000, train ppl = 1.057201
Step 19400: train_loss = 0.511640, train_acc = 0.625000, train ppl = 1.291520
Step 19500: train_loss = 0.360137, train_acc = 0.875000, train ppl = 1.197299
Step 19600: train_loss = 0.787653, train_acc = 0.625000, train ppl = 1.482643
Step 19700: train_loss = 0.412842, train_acc = 0.750000, train ppl = 1.229271
Step 19800: train_loss = 0.627302, train_acc = 0.750000, train ppl = 1.368412
Step 19900: train_loss = 0.294318, train_acc = 0.875000, train ppl = 1.158538
Step 20000: train_loss = 0.089752, train_acc = 1.000000, train ppl = 1.045898
Step 20100: train_loss = 0.776187, train_acc = 0.750000, train ppl = 1.474168
Step 20200: train_loss = 0.387983, train_acc = 0.875000, train ppl = 1.214086
==== Finshed epoch 18 ====
Evaluating model...
Epoch 18: validation accuracy = 0.830000 -- validation perplexity = 1.228549
Epoch 18: test accuracy: 0.827000
---- Qualitative Analysis
Context: is john in the bathroom ? john is no longer in the bathroom . mary is in the hallway . is john in the bathroom ?
Question: is john in the bathroom ?
Answer: no </s>
Model prediction: no </s>
=========================
Step 20300: train_loss = 0.424236, train_acc = 0.875000, train ppl = 1.236294
Step 20400: train_loss = 0.513522, train_acc = 0.750000, train ppl = 1.292736
Step 20500: train_loss = 0.497577, train_acc = 0.625000, train ppl = 1.282470
Step 20600: train_loss = 0.106398, train_acc = 1.000000, train ppl = 1.054639
Step 20700: train_loss = 0.445068, train_acc = 0.625000, train ppl = 1.249238
Step 20800: train_loss = 0.269913, train_acc = 0.875000, train ppl = 1.144487
Step 20900: train_loss = 0.547826, train_acc = 0.875000, train ppl = 1.315100
Step 21000: train_loss = 0.368064, train_acc = 0.875000, train ppl = 1.202055
Step 21100: train_loss = 0.413287, train_acc = 0.875000, train ppl = 1.229544
Step 21200: train_loss = 0.212820, train_acc = 0.875000, train ppl = 1.112278
Step 21300: train_loss = 0.263040, train_acc = 0.875000, train ppl = 1.140561
==== Finshed epoch 19 ====
Evaluating model...
Epoch 19: validation accuracy = 0.852000 -- validation perplexity = 1.210527
Epoch 19: test accuracy: 0.850000
---- Qualitative Analysis
Context: is mary in the kitchen ? john went to the hallway . daniel is in the hallway . john is in the bedroom . daniel moved to the office . john went to the kitchen . mary travelled to the kitchen . daniel journeyed to the garden . mary is not in the kitchen . is mary in the kitchen ?
Question: is mary in the kitchen ?
Answer: no </s>
Model prediction: no </s>
=========================
Model checkpoint saved in models/dummy/best_model.ckpt
Step 21400: train_loss = 0.355374, train_acc = 0.875000, train ppl = 1.194452
Step 21500: train_loss = 0.177370, train_acc = 0.875000, train ppl = 1.092737
Step 21600: train_loss = 0.843324, train_acc = 0.750000, train ppl = 1.524493
Step 21700: train_loss = 0.688139, train_acc = 0.750000, train ppl = 1.410676
Step 21800: train_loss = 0.426680, train_acc = 0.875000, train ppl = 1.237805
Step 21900: train_loss = 0.707107, train_acc = 0.625000, train ppl = 1.424119
Step 22000: train_loss = 0.212125, train_acc = 0.875000, train ppl = 1.111892
Step 22100: train_loss = 0.385696, train_acc = 0.750000, train ppl = 1.212698
Step 22200: train_loss = 0.099018, train_acc = 1.000000, train ppl = 1.050755
Step 22300: train_loss = 0.173567, train_acc = 1.000000, train ppl = 1.090660
Step 22400: train_loss = 0.073556, train_acc = 1.000000, train ppl = 1.037463
Step 22500: train_loss = 1.127257, train_acc = 0.375000, train ppl = 1.757036
==== Finshed epoch 20 ====
Evaluating model...
Epoch 20: validation accuracy = 0.749000 -- validation perplexity = 1.323874
Epoch 20: test accuracy: 0.760000
---- Qualitative Analysis
Context: is mary in the hallway ? mary is in the garden . mary is not in the garden . sandra journeyed to the kitchen . mary travelled to the hallway . sandra is in the bathroom . mary is no longer in the hallway . mary is in the hallway . mary is no longer in the hallway . john is not in the office . john journeyed to the bathroom . is mary in the hallway ?
Question: is mary in the hallway ?
Answer: no </s>
Model prediction: no </s>
=========================
Step 22600: train_loss = 0.035139, train_acc = 1.000000, train ppl = 1.017725
Step 22700: train_loss = 0.562552, train_acc = 0.750000, train ppl = 1.324819
Step 22800: train_loss = 0.516707, train_acc = 0.750000, train ppl = 1.294796
Step 22900: train_loss = 0.400227, train_acc = 0.875000, train ppl = 1.221541
Step 23000: train_loss = 0.306761, train_acc = 0.750000, train ppl = 1.165769
Step 23100: train_loss = 0.531488, train_acc = 0.750000, train ppl = 1.304401
Step 23200: train_loss = 0.090357, train_acc = 1.000000, train ppl = 1.046214
Step 23300: train_loss = 0.743011, train_acc = 0.750000, train ppl = 1.449916
Step 23400: train_loss = 1.352101, train_acc = 0.625000, train ppl = 1.966098
Step 23500: train_loss = 0.853141, train_acc = 0.750000, train ppl = 1.531995
Step 23600: train_loss = 0.127750, train_acc = 1.000000, train ppl = 1.065959
==== Finshed epoch 21 ====
Evaluating model...
Epoch 21: validation accuracy = 0.827000 -- validation perplexity = 1.259690
Epoch 21: test accuracy: 0.823000
---- Qualitative Analysis
Context: is sandra in the hallway ? daniel is no longer in the office . sandra journeyed to the hallway . sandra is not in the hallway . daniel is in the garden . is sandra in the hallway ?
Question: is sandra in the hallway ?
Answer: no </s>
Model prediction: no </s>
=========================
Step 23700: train_loss = 0.102597, train_acc = 1.000000, train ppl = 1.052637
Step 23800: train_loss = 0.477150, train_acc = 0.750000, train ppl = 1.269439
Step 23900: train_loss = 0.236824, train_acc = 0.875000, train ppl = 1.125708
Step 24000: train_loss = 0.273248, train_acc = 0.875000, train ppl = 1.146397
Step 24100: train_loss = 0.241852, train_acc = 0.875000, train ppl = 1.128541
Step 24200: train_loss = 0.454599, train_acc = 0.750000, train ppl = 1.255206
Step 24300: train_loss = 0.353541, train_acc = 0.750000, train ppl = 1.193357
Step 24400: train_loss = 0.286486, train_acc = 0.750000, train ppl = 1.154010
Step 24500: train_loss = 0.417830, train_acc = 0.875000, train ppl = 1.232340
Step 24600: train_loss = 0.025270, train_acc = 1.000000, train ppl = 1.012715
Step 24700: train_loss = 0.837948, train_acc = 0.750000, train ppl = 1.520401
==== Finshed epoch 22 ====
Evaluating model...
Epoch 22: validation accuracy = 0.803000 -- validation perplexity = 1.275909
Epoch 22: test accuracy: 0.815000
---- Qualitative Analysis
Context: is john in the bathroom ? mary is in the hallway . daniel is in the bathroom . john went to the bathroom . daniel is not in the bathroom . daniel is in the hallway . sandra is in the hallway . john is not in the bathroom . daniel journeyed to the kitchen . daniel moved to the hallway . mary is in the garden . is john in the bathroom ?
Question: is john in the bathroom ?
Answer: no </s>
Model prediction: no </s>
=========================
Step 24800: train_loss = 0.032162, train_acc = 1.000000, train ppl = 1.016211
Step 24900: train_loss = 0.202437, train_acc = 1.000000, train ppl = 1.106519
Step 25000: train_loss = 0.891253, train_acc = 0.500000, train ppl = 1.561468
Step 25100: train_loss = 0.315380, train_acc = 0.875000, train ppl = 1.170803
Step 25200: train_loss = 0.320068, train_acc = 0.750000, train ppl = 1.173551
Step 25300: train_loss = 0.595106, train_acc = 0.875000, train ppl = 1.346560
Step 25400: train_loss = 0.488291, train_acc = 0.750000, train ppl = 1.276530
Step 25500: train_loss = 0.030691, train_acc = 1.000000, train ppl = 1.015464
Step 25600: train_loss = 0.491784, train_acc = 0.750000, train ppl = 1.278761
Step 25700: train_loss = 0.354502, train_acc = 0.875000, train ppl = 1.193931
Step 25800: train_loss = 0.219069, train_acc = 0.875000, train ppl = 1.115758
==== Finshed epoch 23 ====
Evaluating model...
Epoch 23: validation accuracy = 0.728000 -- validation perplexity = 1.360866
Epoch 23: test accuracy: 0.713000
---- Qualitative Analysis
Context: is sandra in the bedroom ? daniel journeyed to the office . sandra journeyed to the bedroom . john is in the bathroom . daniel is no longer in the office . john moved to the hallway . sandra moved to the bathroom . sandra went back to the garden . mary went back to the office . is sandra in the bedroom ?
Question: is sandra in the bedroom ?
Answer: no </s>
Model prediction: no </s>
=========================
Step 25900: train_loss = 1.011577, train_acc = 0.750000, train ppl = 1.658293
Step 26000: train_loss = 0.954276, train_acc = 0.500000, train ppl = 1.611455
Step 26100: train_loss = 0.517077, train_acc = 0.750000, train ppl = 1.295036
Step 26200: train_loss = 0.208386, train_acc = 1.000000, train ppl = 1.109815
Step 26300: train_loss = 0.305082, train_acc = 0.875000, train ppl = 1.164790
Step 26400: train_loss = 0.366208, train_acc = 0.875000, train ppl = 1.200939
Step 26500: train_loss = 0.066696, train_acc = 1.000000, train ppl = 1.033910
Step 26600: train_loss = 0.146071, train_acc = 1.000000, train ppl = 1.075768
Step 26700: train_loss = 0.309313, train_acc = 0.875000, train ppl = 1.167257
Step 26800: train_loss = 0.428474, train_acc = 0.875000, train ppl = 1.238916
Step 26900: train_loss = 0.263370, train_acc = 0.750000, train ppl = 1.140749
Step 27000: train_loss = 0.716336, train_acc = 0.750000, train ppl = 1.430706
==== Finshed epoch 24 ====
Evaluating model...
Epoch 24: validation accuracy = 0.822000 -- validation perplexity = 1.252331
Epoch 24: test accuracy: 0.832000
---- Qualitative Analysis
Context: is john in the garden ? john is not in the garden . john journeyed to the garden . is john in the garden ?
Question: is john in the garden ?
Answer: yes </s>
Model prediction: yes </s>
=========================
Step 27100: train_loss = 0.393865, train_acc = 0.875000, train ppl = 1.217662
Step 27200: train_loss = 0.656715, train_acc = 0.750000, train ppl = 1.388685
Step 27300: train_loss = 0.808653, train_acc = 0.750000, train ppl = 1.498293
Step 27400: train_loss = 0.276971, train_acc = 0.875000, train ppl = 1.148533
Step 27500: train_loss = 0.397440, train_acc = 0.750000, train ppl = 1.219840
Step 27600: train_loss = 0.093887, train_acc = 1.000000, train ppl = 1.048063
Step 27700: train_loss = 0.926262, train_acc = 0.500000, train ppl = 1.589041
Step 27800: train_loss = 0.518099, train_acc = 0.875000, train ppl = 1.295698
Step 27900: train_loss = 0.510938, train_acc = 0.750000, train ppl = 1.291067
Step 28000: train_loss = 0.130794, train_acc = 0.875000, train ppl = 1.067583
Step 28100: train_loss = 0.236305, train_acc = 0.875000, train ppl = 1.125416
==== Finshed epoch 25 ====
Evaluating model...
Epoch 25: validation accuracy = 0.828000 -- validation perplexity = 1.231642
Epoch 25: test accuracy: 0.826000
---- Qualitative Analysis
Context: is sandra in the bathroom ? sandra is in the bathroom . daniel went back to the office . sandra is no longer in the bathroom . mary moved to the kitchen . john journeyed to the bathroom . mary moved to the garden . is sandra in the bathroom ?
Question: is sandra in the bathroom ?
Answer: no </s>
Model prediction: yes </s>
=========================
Step 28200: train_loss = 0.672849, train_acc = 0.500000, train ppl = 1.399933
Step 28300: train_loss = 0.348783, train_acc = 0.875000, train ppl = 1.190521
Step 28400: train_loss = 0.090687, train_acc = 1.000000, train ppl = 1.046387
Step 28500: train_loss = 0.140729, train_acc = 1.000000, train ppl = 1.072899
Step 28600: train_loss = 0.505310, train_acc = 0.625000, train ppl = 1.287439
Step 28700: train_loss = 0.769068, train_acc = 0.750000, train ppl = 1.468930
Step 28800: train_loss = 0.017765, train_acc = 1.000000, train ppl = 1.008922
Step 28900: train_loss = 0.131637, train_acc = 1.000000, train ppl = 1.068033
Step 29000: train_loss = 0.497208, train_acc = 0.875000, train ppl = 1.282234
Step 29100: train_loss = 0.275072, train_acc = 0.750000, train ppl = 1.147443
Step 29200: train_loss = 0.102421, train_acc = 1.000000, train ppl = 1.052544
==== Finshed epoch 26 ====
Evaluating model...
Epoch 26: validation accuracy = 0.840000 -- validation perplexity = 1.222470
Epoch 26: test accuracy: 0.824000
---- Qualitative Analysis
Context: is sandra in the bathroom ? john is in the garden . mary moved to the bedroom . sandra is not in the bathroom . john is in the kitchen . is sandra in the bathroom ?
Question: is sandra in the bathroom ?
Answer: no </s>
Model prediction: no </s>
=========================
Step 29300: train_loss = 0.166658, train_acc = 1.000000, train ppl = 1.086899
Step 29400: train_loss = 0.446623, train_acc = 0.750000, train ppl = 1.250210
Step 29500: train_loss = 0.943174, train_acc = 0.625000, train ppl = 1.602535
Step 29600: train_loss = 0.329453, train_acc = 0.875000, train ppl = 1.179071
Step 29700: train_loss = 0.187472, train_acc = 0.875000, train ppl = 1.098270
Step 29800: train_loss = 0.093380, train_acc = 1.000000, train ppl = 1.047797
Step 29900: train_loss = 0.121027, train_acc = 1.000000, train ppl = 1.062382
Step 30000: train_loss = 0.137105, train_acc = 1.000000, train ppl = 1.070957
Step 30100: train_loss = 0.329660, train_acc = 0.750000, train ppl = 1.179193
Step 30200: train_loss = 0.901822, train_acc = 0.875000, train ppl = 1.569741
Step 30300: train_loss = 0.353126, train_acc = 0.750000, train ppl = 1.193110
==== Finshed epoch 27 ====
Evaluating model...
Epoch 27: validation accuracy = 0.838000 -- validation perplexity = 1.252179
Epoch 27: test accuracy: 0.829000
---- Qualitative Analysis
Context: is john in the kitchen ? john went back to the bedroom . mary journeyed to the office . john travelled to the kitchen . daniel is in the bedroom . mary went back to the bathroom . mary travelled to the garden . is john in the kitchen ?
Question: is john in the kitchen ?
Answer: yes </s>
Model prediction: no </s>
=========================
Step 30400: train_loss = 0.761489, train_acc = 0.750000, train ppl = 1.463373
Step 30500: train_loss = 1.145854, train_acc = 0.375000, train ppl = 1.773450
Step 30600: train_loss = 0.063007, train_acc = 1.000000, train ppl = 1.032005
Step 30700: train_loss = 0.194169, train_acc = 0.875000, train ppl = 1.101953
Step 30800: train_loss = 0.455925, train_acc = 0.750000, train ppl = 1.256038
Step 30900: train_loss = 0.279296, train_acc = 0.875000, train ppl = 1.149869
Step 31000: train_loss = 0.669089, train_acc = 0.875000, train ppl = 1.397303
Step 31100: train_loss = 0.284342, train_acc = 0.875000, train ppl = 1.152774
Step 31200: train_loss = 0.930398, train_acc = 0.625000, train ppl = 1.592331
Step 31300: train_loss = 0.499808, train_acc = 0.625000, train ppl = 1.283902
Step 31400: train_loss = 1.228148, train_acc = 0.625000, train ppl = 1.847945
Step 31500: train_loss = 0.298296, train_acc = 0.875000, train ppl = 1.160845
==== Finshed epoch 28 ====
Evaluating model...
Epoch 28: validation accuracy = 0.844000 -- validation perplexity = 1.239526
Epoch 28: test accuracy: 0.821000
---- Qualitative Analysis
Context: is daniel in the garden ? john moved to the kitchen . john travelled to the hallway . sandra is in the hallway . mary went back to the kitchen . mary is no longer in the kitchen . daniel journeyed to the bathroom . sandra is not in the hallway . mary went to the kitchen . daniel journeyed to the hallway . daniel moved to the bathroom . is daniel in the garden ?
Question: is daniel in the garden ?
Answer: no </s>
Model prediction: no </s>
=========================
Step 31600: train_loss = 0.208905, train_acc = 0.875000, train ppl = 1.110103
Step 31700: train_loss = 0.289884, train_acc = 0.875000, train ppl = 1.155972
Step 31800: train_loss = 0.467752, train_acc = 0.875000, train ppl = 1.263488
Step 31900: train_loss = 1.304822, train_acc = 0.500000, train ppl = 1.920164
Step 32000: train_loss = 0.056860, train_acc = 1.000000, train ppl = 1.028838
Step 32100: train_loss = 0.155112, train_acc = 1.000000, train ppl = 1.080643
Step 32200: train_loss = 0.262967, train_acc = 0.875000, train ppl = 1.140519
Step 32300: train_loss = 0.362659, train_acc = 0.750000, train ppl = 1.198810
Step 32400: train_loss = 0.565863, train_acc = 0.750000, train ppl = 1.327014
Step 32500: train_loss = 0.382129, train_acc = 0.750000, train ppl = 1.210538
Step 32600: train_loss = 0.119859, train_acc = 1.000000, train ppl = 1.061762
==== Finshed epoch 29 ====
Evaluating model...
Epoch 29: validation accuracy = 0.837000 -- validation perplexity = 1.212609
Epoch 29: test accuracy: 0.821000
---- Qualitative Analysis
Context: is john in the bathroom ? john is no longer in the bathroom . daniel is no longer in the bedroom . daniel is no longer in the garden . daniel is no longer in the office . is john in the bathroom ?
Question: is john in the bathroom ?
Answer: no </s>
Model prediction: no </s>
=========================
Step 32700: train_loss = 0.045364, train_acc = 1.000000, train ppl = 1.022941
Step 32800: train_loss = 1.113146, train_acc = 0.750000, train ppl = 1.744684
Step 32900: train_loss = 0.191490, train_acc = 0.875000, train ppl = 1.100478
Step 33000: train_loss = 0.742664, train_acc = 0.875000, train ppl = 1.449665
Step 33100: train_loss = 0.788841, train_acc = 0.625000, train ppl = 1.483524
Step 33200: train_loss = 0.168939, train_acc = 0.875000, train ppl = 1.088140
Step 33300: train_loss = 0.991041, train_acc = 0.500000, train ppl = 1.641352
Step 33400: train_loss = 0.492635, train_acc = 0.875000, train ppl = 1.279306
Step 33500: train_loss = 0.376484, train_acc = 0.875000, train ppl = 1.207126
Step 33600: train_loss = 0.492802, train_acc = 0.875000, train ppl = 1.279413
Step 33700: train_loss = 0.288410, train_acc = 0.875000, train ppl = 1.155121
==== Finshed epoch 30 ====
Evaluating model...
Epoch 30: validation accuracy = 0.783000 -- validation perplexity = 1.295845
Epoch 30: test accuracy: 0.779000
---- Qualitative Analysis
Context: is john in the hallway ? daniel travelled to the bathroom . sandra travelled to the bathroom . daniel is not in the bathroom . john is not in the hallway . is john in the hallway ?
Question: is john in the hallway ?
Answer: no </s>
Model prediction: no </s>
=========================
Step 33800: train_loss = 1.167086, train_acc = 0.625000, train ppl = 1.792378
Step 33900: train_loss = 0.183959, train_acc = 1.000000, train ppl = 1.096342
Step 34000: train_loss = 0.808989, train_acc = 0.625000, train ppl = 1.498545
Step 34100: train_loss = 0.318141, train_acc = 0.875000, train ppl = 1.172421
Step 34200: train_loss = 0.769559, train_acc = 0.625000, train ppl = 1.469290
Step 34300: train_loss = 0.195441, train_acc = 0.875000, train ppl = 1.102655
Step 34400: train_loss = 0.602493, train_acc = 0.625000, train ppl = 1.351543
Step 34500: train_loss = 0.215309, train_acc = 0.875000, train ppl = 1.113663
Step 34600: train_loss = 0.265222, train_acc = 0.750000, train ppl = 1.141806
Step 34700: train_loss = 1.229890, train_acc = 0.625000, train ppl = 1.849554
Step 34800: train_loss = 1.472689, train_acc = 0.625000, train ppl = 2.088288
==== Finshed epoch 31 ====
Evaluating model...
Epoch 31: validation accuracy = 0.837000 -- validation perplexity = 1.209247
Epoch 31: test accuracy: 0.841000
---- Qualitative Analysis
Context: is john in the kitchen ? john journeyed to the garden . john moved to the bathroom . is john in the kitchen ?
Question: is john in the kitchen ?
Answer: no </s>
Model prediction: no </s>
=========================
Step 34900: train_loss = 0.106050, train_acc = 1.000000, train ppl = 1.054456
Step 35000: train_loss = 0.380025, train_acc = 0.875000, train ppl = 1.209265
Step 35100: train_loss = 0.363239, train_acc = 0.750000, train ppl = 1.199158
Step 35200: train_loss = 0.388566, train_acc = 0.750000, train ppl = 1.214440
Step 35300: train_loss = 0.329161, train_acc = 0.875000, train ppl = 1.178899
Step 35400: train_loss = 0.656649, train_acc = 0.750000, train ppl = 1.388640
Step 35500: train_loss = 0.397942, train_acc = 0.750000, train ppl = 1.220147
Step 35600: train_loss = 0.280667, train_acc = 0.875000, train ppl = 1.150658
Step 35700: train_loss = 0.350999, train_acc = 0.875000, train ppl = 1.191841
Step 35800: train_loss = 0.574898, train_acc = 0.750000, train ppl = 1.333022
Step 35900: train_loss = 0.189847, train_acc = 0.875000, train ppl = 1.099575
Step 36000: train_loss = 0.143130, train_acc = 0.875000, train ppl = 1.074188
==== Finshed epoch 32 ====
Evaluating model...
Epoch 32: validation accuracy = 0.823000 -- validation perplexity = 1.231404
Epoch 32: test accuracy: 0.837000
---- Qualitative Analysis
Context: is john in the office ? john is not in the office . john is in the kitchen . sandra is in the garden . john travelled to the bedroom . is john in the office ?
Question: is john in the office ?
Answer: no </s>
Model prediction: no </s>
=========================
Step 36100: train_loss = 0.474926, train_acc = 0.875000, train ppl = 1.268028
Step 36200: train_loss = 0.487849, train_acc = 0.750000, train ppl = 1.276248
Step 36300: train_loss = 0.123862, train_acc = 0.875000, train ppl = 1.063889
Step 36400: train_loss = 0.430236, train_acc = 0.750000, train ppl = 1.240008
Step 36500: train_loss = 0.435858, train_acc = 0.875000, train ppl = 1.243499
Step 36600: train_loss = 0.222254, train_acc = 0.875000, train ppl = 1.117537
Step 36700: train_loss = 0.642239, train_acc = 0.750000, train ppl = 1.378670
Step 36800: train_loss = 1.034900, train_acc = 0.625000, train ppl = 1.677744
Step 36900: train_loss = 1.315179, train_acc = 0.625000, train ppl = 1.930135
Step 37000: train_loss = 0.313805, train_acc = 0.875000, train ppl = 1.169882
Step 37100: train_loss = 0.421685, train_acc = 0.875000, train ppl = 1.234718
==== Finshed epoch 33 ====
Evaluating model...
Epoch 33: validation accuracy = 0.819000 -- validation perplexity = 1.258644
Epoch 33: test accuracy: 0.817000
---- Qualitative Analysis
Context: is john in the garden ? john is not in the bathroom . john went back to the garden . is john in the garden ?
Question: is john in the garden ?
Answer: yes </s>
Model prediction: yes </s>
=========================
Step 37200: train_loss = 0.818117, train_acc = 0.750000, train ppl = 1.505400
Step 37300: train_loss = 0.076956, train_acc = 1.000000, train ppl = 1.039228
Step 37400: train_loss = 0.309695, train_acc = 0.875000, train ppl = 1.167480
Step 37500: train_loss = 1.023243, train_acc = 0.875000, train ppl = 1.667993
Step 37600: train_loss = 0.359108, train_acc = 0.875000, train ppl = 1.196684
Step 37700: train_loss = 1.220401, train_acc = 0.625000, train ppl = 1.840800
Step 37800: train_loss = 0.974833, train_acc = 0.750000, train ppl = 1.628105
Step 37900: train_loss = 1.157487, train_acc = 0.625000, train ppl = 1.783796
Step 38000: train_loss = 0.124577, train_acc = 0.875000, train ppl = 1.064269
Step 38100: train_loss = 0.453382, train_acc = 0.750000, train ppl = 1.254442
Step 38200: train_loss = 0.610768, train_acc = 0.750000, train ppl = 1.357146
==== Finshed epoch 34 ====
Evaluating model...
Epoch 34: validation accuracy = 0.824000 -- validation perplexity = 1.255325
Epoch 34: test accuracy: 0.817000
---- Qualitative Analysis
Context: is sandra in the bathroom ? daniel went to the bathroom . sandra travelled to the bathroom . sandra moved to the bedroom . sandra journeyed to the hallway . is sandra in the bathroom ?
Question: is sandra in the bathroom ?
Answer: no </s>
Model prediction: no </s>
=========================
Step 38300: train_loss = 0.596453, train_acc = 0.875000, train ppl = 1.347467
Step 38400: train_loss = 0.379430, train_acc = 0.875000, train ppl = 1.208905
Step 38500: train_loss = 0.597382, train_acc = 0.875000, train ppl = 1.348093
Step 38600: train_loss = 0.370405, train_acc = 0.875000, train ppl = 1.203462
Step 38700: train_loss = 0.299564, train_acc = 0.875000, train ppl = 1.161581
Step 38800: train_loss = 0.455017, train_acc = 0.875000, train ppl = 1.255468
