batch_size:               16
learning_rate:            0.01
num_units:                256
cell_type:                gru
num_enc_layers:           1
num_epochs:               50
dropout_keep_prob:        0.7
data_dir:                 data/en-10k
embedding_size:           64
vocab:                    data/vocab.txt
merge_mode:               concat
max_gradient_norm:        1.0
encoder_type:             bi
optimizer:                adam
task:                     14
model_type:               normal
val_split:                0.1
restore_from_dir:         None
model_dir:                models/dummy
Loading data...
vocabulary size = 487
Building model...
Running initializers...
Creating summary writers...
Performing evaluation before training...
---- Qualitative Analysis
Context: where was bill before the cinema ? bill travelled to the office yesterday . bill moved to the school this morning . fred went back to the kitchen yesterday . julie journeyed to the school yesterday . this afternoon bill journeyed to the cinema . yesterday mary journeyed to the park . fred journeyed to the bedroom this morning . julie went back to the kitchen this morning . where was bill before the cinema ?
Question: where was bill before the cinema ?
Answer: school </s>
Model prediction: 92 92 41 230 south 92 south 92 28 179
=========================
Step 100: train_loss = 1.926495, train_acc = 0.375000, train ppl = 2.620192
Step 200: train_loss = 2.188323, train_acc = 0.250000, train ppl = 2.986677
Step 300: train_loss = 1.735472, train_acc = 0.250000, train ppl = 2.381513
Step 400: train_loss = 1.750174, train_acc = 0.250000, train ppl = 2.399084
Step 500: train_loss = 1.543648, train_acc = 0.375000, train ppl = 2.163709
==== Finshed epoch 1 ====
Evaluating model...
Epoch 1: validation accuracy = 0.179000 -- validation perplexity = 2.665418
Epoch 1: test accuracy: 0.207000
---- Qualitative Analysis
Context: where was bill before the kitchen ? julie moved to the cinema yesterday . this morning bill journeyed to the kitchen . yesterday fred went back to the office . bill travelled to the bedroom yesterday . mary journeyed to the school this morning . yesterday mary travelled to the park . where was bill before the kitchen ?
Question: where was bill before the kitchen ?
Answer: bedroom </s>
Model prediction: bedroom </s>
=========================
Model checkpoint saved in models/dummy/best_model.ckpt
Step 600: train_loss = 2.247006, train_acc = 0.062500, train ppl = 3.075610
Step 700: train_loss = 2.189320, train_acc = 0.187500, train ppl = 2.988166
Step 800: train_loss = 2.058286, train_acc = 0.125000, train ppl = 2.798667
Step 900: train_loss = 1.590000, train_acc = 0.312500, train ppl = 2.214441
Step 1000: train_loss = 1.792835, train_acc = 0.375000, train ppl = 2.450807
Step 1100: train_loss = 2.712401, train_acc = 0.062500, train ppl = 3.881418
==== Finshed epoch 2 ====
Evaluating model...
Epoch 2: validation accuracy = 0.201000 -- validation perplexity = 3.666742
Epoch 2: test accuracy: 0.191000
---- Qualitative Analysis
Context: where was julie before the park ? this morning julie went to the park . yesterday julie went back to the office . mary moved to the office yesterday . yesterday bill moved to the office . where was julie before the park ?
Question: where was julie before the park ?
Answer: office </s>
Model prediction: kitchen </s>
=========================
Model checkpoint saved in models/dummy/best_model.ckpt
Step 1200: train_loss = 1.669508, train_acc = 0.187500, train ppl = 2.304247
Step 1300: train_loss = 1.610838, train_acc = 0.187500, train ppl = 2.237634
Step 1400: train_loss = 1.743620, train_acc = 0.250000, train ppl = 2.391235
Step 1500: train_loss = 2.738584, train_acc = 0.125000, train ppl = 3.932566
Step 1600: train_loss = 2.455627, train_acc = 0.125000, train ppl = 3.413757
==== Finshed epoch 3 ====
Evaluating model...
Epoch 3: validation accuracy = 0.228000 -- validation perplexity = 2.947681
Epoch 3: test accuracy: 0.248000
---- Qualitative Analysis
Context: where was mary before the office ? bill travelled to the bedroom this morning . bill travelled to the school yesterday . yesterday mary moved to the school . fred moved to the bedroom yesterday . this morning fred went to the cinema . mary travelled to the park this morning . this afternoon fred went to the bedroom . mary went to the office this afternoon . where was mary before the office ?
Question: where was mary before the office ?
Answer: park </s>
Model prediction: bedroom </s>
=========================
Model checkpoint saved in models/dummy/best_model.ckpt
Step 1700: train_loss = 2.258748, train_acc = 0.312500, train ppl = 3.093719
Step 1800: train_loss = 1.961632, train_acc = 0.250000, train ppl = 2.666632
Step 1900: train_loss = 1.825967, train_acc = 0.187500, train ppl = 2.491745
Step 2000: train_loss = 2.185846, train_acc = 0.187500, train ppl = 2.982980
Step 2100: train_loss = 1.855279, train_acc = 0.250000, train ppl = 2.528533
Step 2200: train_loss = 1.965803, train_acc = 0.125000, train ppl = 2.672199
==== Finshed epoch 4 ====
Evaluating model...
Epoch 4: validation accuracy = 0.262000 -- validation perplexity = 2.569222
Epoch 4: test accuracy: 0.255000
---- Qualitative Analysis
Context: where was mary before the bedroom ? julie moved to the park this morning . yesterday bill travelled to the school . yesterday mary moved to the school . fred journeyed to the kitchen yesterday . this morning mary moved to the kitchen . yesterday julie went back to the kitchen . bill went back to the office this morning . mary moved to the cinema this afternoon . this morning fred went back to the cinema . bill journeyed to the school this afternoon . this evening bill moved to the cinema . this evening mary travelled to the bedroom . where was mary before the bedroom ?
Question: where was mary before the bedroom ?
Answer: cinema </s>
Model prediction: park </s>
=========================
Model checkpoint saved in models/dummy/best_model.ckpt
Step 2300: train_loss = 1.901036, train_acc = 0.125000, train ppl = 2.587049
Step 2400: train_loss = 1.721113, train_acc = 0.187500, train ppl = 2.364476
Step 2500: train_loss = 2.185366, train_acc = 0.250000, train ppl = 2.982265
Step 2600: train_loss = 1.869809, train_acc = 0.250000, train ppl = 2.546970
Step 2700: train_loss = 2.271030, train_acc = 0.062500, train ppl = 3.112776
Step 2800: train_loss = 1.947621, train_acc = 0.187500, train ppl = 2.648016
==== Finshed epoch 5 ====
Evaluating model...
Epoch 5: validation accuracy = 0.292000 -- validation perplexity = 2.647710
Epoch 5: test accuracy: 0.291000
---- Qualitative Analysis
Context: where was bill before the bedroom ? bill travelled to the bedroom this morning . bill travelled to the school yesterday . where was bill before the bedroom ?
Question: where was bill before the bedroom ?
Answer: school </s>
Model prediction: school </s>
=========================
Model checkpoint saved in models/dummy/best_model.ckpt
Step 2900: train_loss = 1.762840, train_acc = 0.250000, train ppl = 2.414325
Step 3000: train_loss = 2.243470, train_acc = 0.125000, train ppl = 3.070177
Step 3100: train_loss = 1.598287, train_acc = 0.187500, train ppl = 2.223635
Step 3200: train_loss = 2.010371, train_acc = 0.187500, train ppl = 2.732414
Step 3300: train_loss = 1.828475, train_acc = 0.125000, train ppl = 2.494872
==== Finshed epoch 6 ====
Evaluating model...
Epoch 6: validation accuracy = 0.237000 -- validation perplexity = 2.970238
Epoch 6: test accuracy: 0.255000
---- Qualitative Analysis
Context: where was julie before the office ? fred went back to the park yesterday . this morning mary journeyed to the park . mary journeyed to the cinema yesterday . julie went back to the kitchen yesterday . julie journeyed to the office this morning . this afternoon mary moved to the office . where was julie before the office ?
Question: where was julie before the office ?
Answer: kitchen </s>
Model prediction: cinema </s>
=========================
Step 3400: train_loss = 1.602184, train_acc = 0.125000, train ppl = 2.227973
Step 3500: train_loss = 1.967661, train_acc = 0.000000, train ppl = 2.674682
Step 3600: train_loss = 2.213182, train_acc = 0.312500, train ppl = 3.024032
Step 3700: train_loss = 2.157299, train_acc = 0.312500, train ppl = 2.940706
Step 3800: train_loss = 1.798711, train_acc = 0.250000, train ppl = 2.458018
Step 3900: train_loss = 1.604862, train_acc = 0.312500, train ppl = 2.230958
==== Finshed epoch 7 ====
Evaluating model...
Epoch 7: validation accuracy = 0.203000 -- validation perplexity = 2.452698
Epoch 7: test accuracy: 0.229000
---- Qualitative Analysis
Context: where was bill before the park ? bill journeyed to the office yesterday . this morning mary travelled to the cinema . yesterday julie went back to the cinema . mary travelled to the park yesterday . this morning julie journeyed to the school . this afternoon mary travelled to the school . this evening mary moved to the bedroom . this afternoon julie moved to the kitchen . bill journeyed to the park this afternoon . this morning bill moved to the bedroom . where was bill before the park ?
Question: where was bill before the park ?
Answer: bedroom </s>
Model prediction: kitchen </s>
=========================
Step 4000: train_loss = 1.490435, train_acc = 0.312500, train ppl = 2.106900
Step 4100: train_loss = 2.181874, train_acc = 0.250000, train ppl = 2.977062
Step 4200: train_loss = 1.919419, train_acc = 0.062500, train ppl = 2.610938
Step 4300: train_loss = 2.217540, train_acc = 0.250000, train ppl = 3.030628
Step 4400: train_loss = 1.628189, train_acc = 0.187500, train ppl = 2.257131
Step 4500: train_loss = 1.781935, train_acc = 0.250000, train ppl = 2.437487
==== Finshed epoch 8 ====
Evaluating model...
Epoch 8: validation accuracy = 0.210000 -- validation perplexity = 3.204954
Epoch 8: test accuracy: 0.214000
---- Qualitative Analysis
Context: where was mary before the bedroom ? bill went to the school this morning . yesterday bill went to the cinema . this afternoon bill journeyed to the bedroom . yesterday mary moved to the school . mary journeyed to the bedroom this morning . fred moved to the cinema yesterday . where was mary before the bedroom ?
Question: where was mary before the bedroom ?
Answer: school </s>
Model prediction: office </s>
=========================
Step 4600: train_loss = 1.575893, train_acc = 0.250000, train ppl = 2.198876
Step 4700: train_loss = 1.479096, train_acc = 0.312500, train ppl = 2.094988
Step 4800: train_loss = 1.792465, train_acc = 0.250000, train ppl = 2.450354
Step 4900: train_loss = 1.811629, train_acc = 0.250000, train ppl = 2.473947
Step 5000: train_loss = 2.227634, train_acc = 0.250000, train ppl = 3.045963
==== Finshed epoch 9 ====
Evaluating model...
Epoch 9: validation accuracy = 0.220000 -- validation perplexity = 3.558998
Epoch 9: test accuracy: 0.188000
---- Qualitative Analysis
Context: where was fred before the kitchen ? fred went back to the kitchen this morning . julie travelled to the office yesterday . yesterday fred travelled to the cinema . yesterday mary journeyed to the kitchen . where was fred before the kitchen ?
Question: where was fred before the kitchen ?
Answer: cinema </s>
Model prediction: park </s>
=========================
Step 5100: train_loss = 1.918596, train_acc = 0.125000, train ppl = 2.609863
Step 5200: train_loss = 1.686427, train_acc = 0.250000, train ppl = 2.323822
Step 5300: train_loss = 1.839016, train_acc = 0.125000, train ppl = 2.508057
Step 5400: train_loss = 1.494163, train_acc = 0.187500, train ppl = 2.110830
Step 5500: train_loss = 1.889611, train_acc = 0.125000, train ppl = 2.572313
Step 5600: train_loss = 1.662576, train_acc = 0.250000, train ppl = 2.296274
==== Finshed epoch 10 ====
Evaluating model...
Epoch 10: validation accuracy = 0.177000 -- validation perplexity = 2.958509
Epoch 10: test accuracy: 0.208000
---- Qualitative Analysis
Context: where was fred before the kitchen ? yesterday fred went to the bedroom . yesterday mary went to the kitchen . yesterday julie went back to the office . this morning fred went to the kitchen . yesterday bill went back to the office . this morning julie travelled to the park . where was fred before the kitchen ?
Question: where was fred before the kitchen ?
Answer: bedroom </s>
Model prediction: bedroom </s>
=========================
Step 5700: train_loss = 2.373243, train_acc = 0.125000, train ppl = 3.275995
Step 5800: train_loss = 2.290838, train_acc = 0.187500, train ppl = 3.143758
Step 5900: train_loss = 2.219235, train_acc = 0.250000, train ppl = 3.033198
Step 6000: train_loss = 2.126754, train_acc = 0.187500, train ppl = 2.896135
Step 6100: train_loss = 1.846795, train_acc = 0.187500, train ppl = 2.517830
==== Finshed epoch 11 ====
Evaluating model...
Epoch 11: validation accuracy = 0.252000 -- validation perplexity = 2.211464
Epoch 11: test accuracy: 0.229000
---- Qualitative Analysis
Context: where was julie before the kitchen ? yesterday bill moved to the bedroom . bill moved to the cinema this morning . fred travelled to the kitchen yesterday . yesterday mary went back to the kitchen . julie went to the kitchen yesterday . this morning mary went back to the park . this afternoon julie travelled to the school . this morning julie went back to the office . this morning fred went back to the park . this evening julie went back to the kitchen . this afternoon bill went to the park . this afternoon fred went back to the cinema . where was julie before the kitchen ?
Question: where was julie before the kitchen ?
Answer: school </s>
Model prediction: office </s>
=========================
Step 6200: train_loss = 2.295538, train_acc = 0.125000, train ppl = 3.151154
Step 6300: train_loss = 1.682056, train_acc = 0.375000, train ppl = 2.318749
Step 6400: train_loss = 1.643251, train_acc = 0.312500, train ppl = 2.274193
Step 6500: train_loss = 2.345531, train_acc = 0.187500, train ppl = 3.230915
Step 6600: train_loss = 2.471212, train_acc = 0.187500, train ppl = 3.440464
Step 6700: train_loss = 1.957057, train_acc = 0.312500, train ppl = 2.660538
==== Finshed epoch 12 ====
Evaluating model...
Epoch 12: validation accuracy = 0.183000 -- validation perplexity = 2.540006
Epoch 12: test accuracy: 0.198000
---- Qualitative Analysis
Context: where was mary before the cinema ? mary journeyed to the bedroom yesterday . bill travelled to the office yesterday . this morning mary went to the cinema . yesterday fred journeyed to the cinema . where was mary before the cinema ?
Question: where was mary before the cinema ?
Answer: bedroom </s>
Model prediction: bedroom </s>
=========================
Step 6800: train_loss = 1.775580, train_acc = 0.375000, train ppl = 2.429754
Step 6900: train_loss = 1.808485, train_acc = 0.187500, train ppl = 2.470060
Step 7000: train_loss = 2.206706, train_acc = 0.187500, train ppl = 3.014255
Step 7100: train_loss = 1.888705, train_acc = 0.375000, train ppl = 2.571148
Step 7200: train_loss = 1.761600, train_acc = 0.250000, train ppl = 2.412829
Step 7300: train_loss = 1.994126, train_acc = 0.187500, train ppl = 2.710310
==== Finshed epoch 13 ====
Evaluating model...
Epoch 13: validation accuracy = 0.277000 -- validation perplexity = 2.572888
Epoch 13: test accuracy: 0.263000
---- Qualitative Analysis
Context: where was fred before the bedroom ? mary travelled to the school this morning . yesterday mary journeyed to the park . this morning fred journeyed to the cinema . fred moved to the kitchen yesterday . yesterday bill journeyed to the kitchen . fred journeyed to the school this afternoon . fred went back to the bedroom this evening . this morning bill went to the bedroom . yesterday julie went to the school . this afternoon mary travelled to the office . where was fred before the bedroom ?
Question: where was fred before the bedroom ?
Answer: school </s>
Model prediction: school </s>
=========================
Step 7400: train_loss = 1.482513, train_acc = 0.375000, train ppl = 2.098570
Step 7500: train_loss = 1.874742, train_acc = 0.125000, train ppl = 2.553261
Step 7600: train_loss = 2.101843, train_acc = 0.062500, train ppl = 2.860286
Step 7700: train_loss = 2.528905, train_acc = 0.125000, train ppl = 3.541153
Step 7800: train_loss = 2.179866, train_acc = 0.062500, train ppl = 2.974075
==== Finshed epoch 14 ====
Evaluating model...
Epoch 14: validation accuracy = 0.191000 -- validation perplexity = 2.758473
Epoch 14: test accuracy: 0.198000
---- Qualitative Analysis
Context: where was mary before the kitchen ? mary journeyed to the kitchen yesterday . yesterday bill moved to the bedroom . this morning bill travelled to the park . yesterday julie moved to the park . mary moved to the park this morning . yesterday fred journeyed to the cinema . this afternoon mary went to the school . fred travelled to the office this morning . this afternoon bill went back to the school . this afternoon fred journeyed to the bedroom . mary went back to the kitchen this evening . this evening bill journeyed to the park . where was mary before the kitchen ?
Question: where was mary before the kitchen ?
Answer: school </s>
Model prediction: office </s>
=========================
Step 7900: train_loss = 1.464270, train_acc = 0.437500, train ppl = 2.079515
Step 8000: train_loss = 2.071718, train_acc = 0.187500, train ppl = 2.817526
Step 8100: train_loss = 1.449718, train_acc = 0.375000, train ppl = 2.064440
Step 8200: train_loss = 2.499477, train_acc = 0.125000, train ppl = 3.489431
Step 8300: train_loss = 2.559127, train_acc = 0.250000, train ppl = 3.595070
Step 8400: train_loss = 2.746122, train_acc = 0.062500, train ppl = 3.947416
==== Finshed epoch 15 ====
Evaluating model...
Epoch 15: validation accuracy = 0.276000 -- validation perplexity = 2.348580
Epoch 15: test accuracy: 0.259000
---- Qualitative Analysis
Context: where was mary before the park ? yesterday bill went to the bedroom . julie travelled to the kitchen yesterday . this morning julie travelled to the bedroom . yesterday mary went back to the kitchen . this morning mary went back to the park . fred journeyed to the office yesterday . this afternoon mary went to the bedroom . this morning bill journeyed to the cinema . where was mary before the park ?
Question: where was mary before the park ?
Answer: kitchen </s>
Model prediction: cinema </s>
=========================
Step 8500: train_loss = 2.003930, train_acc = 0.125000, train ppl = 2.723628
Step 8600: train_loss = 1.576613, train_acc = 0.250000, train ppl = 2.199668
Step 8700: train_loss = 1.353622, train_acc = 0.500000, train ppl = 1.967593
Step 8800: train_loss = 2.295129, train_acc = 0.187500, train ppl = 3.150510
Step 8900: train_loss = 1.972337, train_acc = 0.187500, train ppl = 2.680943
Step 9000: train_loss = 2.924844, train_acc = 0.062500, train ppl = 4.316401
==== Finshed epoch 16 ====
Evaluating model...
Epoch 16: validation accuracy = 0.260000 -- validation perplexity = 3.496303
Epoch 16: test accuracy: 0.256000
---- Qualitative Analysis
Context: where was mary before the cinema ? this morning bill moved to the office . bill journeyed to the bedroom yesterday . fred journeyed to the kitchen yesterday . this afternoon bill moved to the school . this morning fred moved to the office . yesterday mary journeyed to the office . this afternoon mary journeyed to the office . mary moved to the cinema this morning . this evening bill journeyed to the cinema . fred travelled to the kitchen this afternoon . where was mary before the cinema ?
Question: where was mary before the cinema ?
Answer: office </s>
Model prediction: school </s>
=========================
Step 9100: train_loss = 3.424894, train_acc = 0.125000, train ppl = 5.542507
Step 9200: train_loss = 1.939869, train_acc = 0.250000, train ppl = 2.637772
Step 9300: train_loss = 1.781500, train_acc = 0.062500, train ppl = 2.436957
Step 9400: train_loss = 1.902177, train_acc = 0.250000, train ppl = 2.588525
Step 9500: train_loss = 2.015142, train_acc = 0.125000, train ppl = 2.738940
==== Finshed epoch 17 ====
Evaluating model...
Epoch 17: validation accuracy = 0.267000 -- validation perplexity = 2.406377
Epoch 17: test accuracy: 0.250000
---- Qualitative Analysis
Context: where was fred before the school ? bill moved to the bedroom yesterday . yesterday fred moved to the bedroom . mary travelled to the kitchen yesterday . bill travelled to the park this morning . this morning fred journeyed to the cinema . mary moved to the cinema this morning . fred travelled to the park this evening . fred moved to the school this afternoon . where was fred before the school ?
Question: where was fred before the school ?
Answer: cinema </s>
Model prediction: park </s>
=========================
Step 9600: train_loss = 1.845564, train_acc = 0.125000, train ppl = 2.516281
Step 9700: train_loss = 2.187172, train_acc = 0.125000, train ppl = 2.984958
Step 9800: train_loss = 1.705256, train_acc = 0.375000, train ppl = 2.345803
Step 9900: train_loss = 2.122868, train_acc = 0.125000, train ppl = 2.890513
Step 10000: train_loss = 3.169990, train_acc = 0.187500, train ppl = 4.879267
Step 10100: train_loss = 2.381333, train_acc = 0.125000, train ppl = 3.289273
==== Finshed epoch 18 ====
Evaluating model...
Epoch 18: validation accuracy = 0.189000 -- validation perplexity = 2.710513
Epoch 18: test accuracy: 0.219000
---- Qualitative Analysis
Context: where was bill before the cinema ? bill travelled to the office yesterday . bill moved to the school this morning . fred went back to the kitchen yesterday . julie journeyed to the school yesterday . this afternoon bill journeyed to the cinema . yesterday mary journeyed to the park . where was bill before the cinema ?
Question: where was bill before the cinema ?
Answer: school </s>
Model prediction: kitchen </s>
=========================
Step 10200: train_loss = 1.907219, train_acc = 0.125000, train ppl = 2.595060
Step 10300: train_loss = 2.049836, train_acc = 0.312500, train ppl = 2.786867
Step 10400: train_loss = 2.800928, train_acc = 0.000000, train ppl = 4.057082
Step 10500: train_loss = 2.064074, train_acc = 0.187500, train ppl = 2.806778
Step 10600: train_loss = 1.906369, train_acc = 0.187500, train ppl = 2.593958
==== Finshed epoch 19 ====
Evaluating model...
Epoch 19: validation accuracy = 0.223000 -- validation perplexity = 3.283137
Epoch 19: test accuracy: 0.196000
---- Qualitative Analysis
Context: where was mary before the kitchen ? yesterday bill went back to the office . mary journeyed to the school this morning . julie went to the kitchen yesterday . mary went to the park yesterday . this morning bill went to the cinema . julie went to the bedroom this morning . mary went back to the kitchen this afternoon . julie went back to the school this afternoon . where was mary before the kitchen ?
Question: where was mary before the kitchen ?
Answer: school </s>
Model prediction: cinema </s>
=========================
Step 10700: train_loss = 2.602126, train_acc = 0.062500, train ppl = 3.673199
Step 10800: train_loss = 1.593577, train_acc = 0.375000, train ppl = 2.218405
Step 10900: train_loss = 1.998003, train_acc = 0.187500, train ppl = 2.715569
Step 11000: train_loss = 2.223273, train_acc = 0.125000, train ppl = 3.039328
Step 11100: train_loss = 2.823641, train_acc = 0.125000, train ppl = 4.103418
Step 11200: train_loss = 2.226532, train_acc = 0.250000, train ppl = 3.044285
==== Finshed epoch 20 ====
Evaluating model...
Epoch 20: validation accuracy = 0.211000 -- validation perplexity = 3.346057
Epoch 20: test accuracy: 0.208000
---- Qualitative Analysis
Context: where was fred before the school ? yesterday mary travelled to the cinema . this morning fred went back to the bedroom . yesterday julie went to the school . fred went to the office yesterday . this morning julie went to the cinema . yesterday bill moved to the school . this evening fred travelled to the school . this afternoon fred went to the park . where was fred before the school ?
Question: where was fred before the school ?
Answer: park </s>
Model prediction: office </s>
=========================
Step 11300: train_loss = 2.907916, train_acc = 0.187500, train ppl = 4.280021
Step 11400: train_loss = 2.370178, train_acc = 0.187500, train ppl = 3.270979
Step 11500: train_loss = 2.753502, train_acc = 0.062500, train ppl = 3.962008
Step 11600: train_loss = 2.835903, train_acc = 0.125000, train ppl = 4.128654
Step 11700: train_loss = 1.689281, train_acc = 0.250000, train ppl = 2.327141
Step 11800: train_loss = 2.349680, train_acc = 0.062500, train ppl = 3.237626
==== Finshed epoch 21 ====
Evaluating model...
Epoch 21: validation accuracy = 0.184000 -- validation perplexity = 2.407099
Epoch 21: test accuracy: 0.187000
---- Qualitative Analysis
Context: where was bill before the park ? mary travelled to the bedroom yesterday . bill went to the school yesterday . yesterday julie journeyed to the kitchen . bill travelled to the park this morning . bill went back to the kitchen this afternoon . julie moved to the bedroom this morning . where was bill before the park ?
Question: where was bill before the park ?
Answer: school </s>
Model prediction: bedroom </s>
=========================
Step 11900: train_loss = 1.465901, train_acc = 0.250000, train ppl = 2.081212
Step 12000: train_loss = 1.562772, train_acc = 0.312500, train ppl = 2.184498
Step 12100: train_loss = 2.622928, train_acc = 0.187500, train ppl = 3.711604
Step 12200: train_loss = 1.870749, train_acc = 0.187500, train ppl = 2.548167
Step 12300: train_loss = 2.820961, train_acc = 0.000000, train ppl = 4.097924
==== Finshed epoch 22 ====
Evaluating model...
Epoch 22: validation accuracy = 0.223000 -- validation perplexity = 3.483602
Epoch 22: test accuracy: 0.196000
---- Qualitative Analysis
Context: where was julie before the park ? this morning julie went to the park . yesterday julie went back to the office . where was julie before the park ?
Question: where was julie before the park ?
Answer: office </s>
Model prediction: cinema </s>
=========================
Step 12400: train_loss = 1.862411, train_acc = 0.250000, train ppl = 2.537567
Step 12500: train_loss = 1.801279, train_acc = 0.125000, train ppl = 2.461176
Step 12600: train_loss = 2.010271, train_acc = 0.125000, train ppl = 2.732277
Step 12700: train_loss = 1.429571, train_acc = 0.250000, train ppl = 2.043748
Step 12800: train_loss = 1.683797, train_acc = 0.250000, train ppl = 2.320769
Step 12900: train_loss = 2.054110, train_acc = 0.125000, train ppl = 2.792829
==== Finshed epoch 23 ====
Evaluating model...
Epoch 23: validation accuracy = 0.235000 -- validation perplexity = 2.759436
Epoch 23: test accuracy: 0.242000
---- Qualitative Analysis
Context: where was julie before the office ? mary travelled to the office this morning . yesterday mary moved to the park . julie journeyed to the park yesterday . this morning julie went to the office . where was julie before the office ?
Question: where was julie before the office ?
Answer: park </s>
Model prediction: kitchen </s>
=========================
Step 13000: train_loss = 1.707021, train_acc = 0.125000, train ppl = 2.347875
Step 13100: train_loss = 1.487158, train_acc = 0.312500, train ppl = 2.103450
Step 13200: train_loss = 1.852847, train_acc = 0.375000, train ppl = 2.525461
Step 13300: train_loss = 1.685030, train_acc = 0.187500, train ppl = 2.322200
Step 13400: train_loss = 2.250127, train_acc = 0.062500, train ppl = 3.080413
Step 13500: train_loss = 2.280413, train_acc = 0.000000, train ppl = 3.127414
==== Finshed epoch 24 ====
Evaluating model...
Epoch 24: validation accuracy = 0.204000 -- validation perplexity = 4.073255
Epoch 24: test accuracy: 0.209000
---- Qualitative Analysis
Context: where was bill before the park ? mary travelled to the bedroom yesterday . bill went to the school yesterday . yesterday julie journeyed to the kitchen . bill travelled to the park this morning . bill went back to the kitchen this afternoon . julie moved to the bedroom this morning . where was bill before the park ?
Question: where was bill before the park ?
Answer: school </s>
Model prediction: kitchen </s>
=========================
Step 13600: train_loss = 2.006940, train_acc = 0.187500, train ppl = 2.727731
Step 13700: train_loss = 2.594690, train_acc = 0.125000, train ppl = 3.659568
Step 13800: train_loss = 2.452316, train_acc = 0.187500, train ppl = 3.408110
Step 13900: train_loss = 2.442584, train_acc = 0.312500, train ppl = 3.391566
Step 14000: train_loss = 2.622847, train_acc = 0.062500, train ppl = 3.711453
==== Finshed epoch 25 ====
Evaluating model...
Epoch 25: validation accuracy = 0.218000 -- validation perplexity = 3.201098
Epoch 25: test accuracy: 0.210000
---- Qualitative Analysis
Context: where was bill before the bedroom ? bill travelled to the cinema yesterday . this morning julie went to the school . julie journeyed to the cinema yesterday . mary moved to the bedroom yesterday . mary went to the office this morning . bill journeyed to the park this morning . bill moved to the bedroom this afternoon . fred went to the park yesterday . mary went back to the park this afternoon . fred went back to the cinema this morning . where was bill before the bedroom ?
Question: where was bill before the bedroom ?
Answer: park </s>
Model prediction: office </s>
=========================
Step 14100: train_loss = 1.728536, train_acc = 0.312500, train ppl = 2.373268
Step 14200: train_loss = 1.579849, train_acc = 0.375000, train ppl = 2.203231
Step 14300: train_loss = 1.634225, train_acc = 0.187500, train ppl = 2.263953
Step 14400: train_loss = 2.152352, train_acc = 0.187500, train ppl = 2.933440
Step 14500: train_loss = 1.649173, train_acc = 0.187500, train ppl = 2.280938
Step 14600: train_loss = 1.927537, train_acc = 0.375000, train ppl = 2.621557
==== Finshed epoch 26 ====
Evaluating model...
Epoch 26: validation accuracy = 0.199000 -- validation perplexity = 4.870110
Epoch 26: test accuracy: 0.195000
---- Qualitative Analysis
Context: where was fred before the park ? this morning julie travelled to the kitchen . yesterday fred journeyed to the office . yesterday bill travelled to the kitchen . mary went back to the park yesterday . fred went back to the cinema this morning . julie went to the cinema yesterday . mary went back to the kitchen this morning . this morning bill moved to the park . this evening julie went to the school . julie travelled to the park this afternoon . this afternoon bill journeyed to the bedroom . this afternoon mary moved to the office . fred went back to the park this evening . this afternoon fred went back to the office . where was fred before the park ?
Question: where was fred before the park ?
Answer: office </s>
Model prediction: bedroom </s>
=========================
Step 14700: train_loss = 1.598382, train_acc = 0.187500, train ppl = 2.223742
Step 14800: train_loss = 1.584463, train_acc = 0.187500, train ppl = 2.208318
Step 14900: train_loss = 1.998741, train_acc = 0.250000, train ppl = 2.716571
Step 15000: train_loss = 2.002542, train_acc = 0.312500, train ppl = 2.721739
Step 15100: train_loss = 2.018085, train_acc = 0.125000, train ppl = 2.742973
Step 15200: train_loss = 1.727179, train_acc = 0.312500, train ppl = 2.371659
==== Finshed epoch 27 ====
Evaluating model...
Epoch 27: validation accuracy = 0.196000 -- validation perplexity = 2.559176
Epoch 27: test accuracy: 0.211000
---- Qualitative Analysis
Context: where was mary before the office ? this morning mary went back to the office . fred went to the bedroom yesterday . this morning bill journeyed to the park . yesterday bill went back to the cinema . yesterday mary went back to the park . julie went back to the park yesterday . where was mary before the office ?
Question: where was mary before the office ?
Answer: park </s>
Model prediction: bedroom </s>
=========================
Step 15300: train_loss = 1.912924, train_acc = 0.250000, train ppl = 2.602472
Step 15400: train_loss = 2.475864, train_acc = 0.125000, train ppl = 3.448475
Step 15500: train_loss = 2.984003, train_acc = 0.062500, train ppl = 4.445985
Step 15600: train_loss = 1.991896, train_acc = 0.187500, train ppl = 2.707290
Step 15700: train_loss = 2.193559, train_acc = 0.187500, train ppl = 2.994507
==== Finshed epoch 28 ====
Evaluating model...
Epoch 28: validation accuracy = 0.204000 -- validation perplexity = 2.858924
Epoch 28: test accuracy: 0.207000
---- Qualitative Analysis
Context: where was mary before the park ? yesterday bill went to the school . mary journeyed to the kitchen this morning . fred went to the school yesterday . yesterday mary went to the office . this afternoon mary went back to the bedroom . this morning fred journeyed to the cinema . this evening mary went to the park . julie journeyed to the bedroom yesterday . where was mary before the park ?
Question: where was mary before the park ?
Answer: bedroom </s>
Model prediction: kitchen </s>
=========================
Step 15800: train_loss = 1.774688, train_acc = 0.250000, train ppl = 2.428671
Step 15900: train_loss = 1.562741, train_acc = 0.250000, train ppl = 2.184464
Step 16000: train_loss = 1.484081, train_acc = 0.375000, train ppl = 2.100217
Step 16100: train_loss = 2.274981, train_acc = 0.250000, train ppl = 3.118932
Step 16200: train_loss = 1.937963, train_acc = 0.125000, train ppl = 2.635258
Step 16300: train_loss = 1.878866, train_acc = 0.375000, train ppl = 2.558530
==== Finshed epoch 29 ====
Evaluating model...
Epoch 29: validation accuracy = 0.285000 -- validation perplexity = 2.596120
Epoch 29: test accuracy: 0.282000
---- Qualitative Analysis
Context: where was julie before the school ? mary went back to the school yesterday . mary went back to the bedroom this morning . this afternoon mary journeyed to the kitchen . fred went to the school yesterday . julie went back to the kitchen yesterday . fred journeyed to the kitchen this morning . this morning julie journeyed to the school . this afternoon fred went to the office . this evening mary went back to the school . bill moved to the bedroom yesterday . where was julie before the school ?
Question: where was julie before the school ?
Answer: kitchen </s>
Model prediction: kitchen </s>
=========================
Step 16400: train_loss = 1.711190, train_acc = 0.187500, train ppl = 2.352774
Step 16500: train_loss = 2.567308, train_acc = 0.062500, train ppl = 3.609807
Step 16600: train_loss = 1.710471, train_acc = 0.187500, train ppl = 2.351928
Step 16700: train_loss = 1.720912, train_acc = 0.250000, train ppl = 2.364238
Step 16800: train_loss = 1.721029, train_acc = 0.250000, train ppl = 2.364377
==== Finshed epoch 30 ====
Evaluating model...
Epoch 30: validation accuracy = 0.217000 -- validation perplexity = 2.364585
Epoch 30: test accuracy: 0.194000
---- Qualitative Analysis
Context: where was bill before the park ? yesterday bill journeyed to the bedroom . yesterday fred travelled to the bedroom . this morning bill moved to the park . yesterday mary went back to the office . where was bill before the park ?
Question: where was bill before the park ?
Answer: bedroom </s>
Model prediction: kitchen </s>
=========================
Step 16900: train_loss = 1.756372, train_acc = 0.125000, train ppl = 2.406531
Step 17000: train_loss = 2.700395, train_acc = 0.187500, train ppl = 3.858188
Step 17100: train_loss = 1.965423, train_acc = 0.187500, train ppl = 2.671690
Step 17200: train_loss = 2.277307, train_acc = 0.250000, train ppl = 3.122561
Step 17300: train_loss = 3.544303, train_acc = 0.062500, train ppl = 5.883497
Step 17400: train_loss = 2.104569, train_acc = 0.250000, train ppl = 2.864187
==== Finshed epoch 31 ====
Evaluating model...
Epoch 31: validation accuracy = 0.212000 -- validation perplexity = 2.423850
Epoch 31: test accuracy: 0.194000
---- Qualitative Analysis
Context: where was mary before the office ? yesterday fred travelled to the park . this morning fred moved to the office . this morning julie journeyed to the bedroom . yesterday julie moved to the cinema . mary moved to the school yesterday . fred went back to the bedroom this afternoon . mary journeyed to the bedroom this afternoon . this morning mary journeyed to the park . this evening mary journeyed to the office . julie went back to the school this afternoon . yesterday bill travelled to the school . fred journeyed to the cinema this evening . where was mary before the office ?
Question: where was mary before the office ?
Answer: bedroom </s>
Model prediction: cinema </s>
=========================
Step 17500: train_loss = 2.246302, train_acc = 0.187500, train ppl = 3.074527
Step 17600: train_loss = 2.026633, train_acc = 0.250000, train ppl = 2.754722
Step 17700: train_loss = 2.072158, train_acc = 0.187500, train ppl = 2.818146
Step 17800: train_loss = 1.761134, train_acc = 0.187500, train ppl = 2.412267
Step 17900: train_loss = 1.858035, train_acc = 0.250000, train ppl = 2.532021
Step 18000: train_loss = 1.982722, train_acc = 0.187500, train ppl = 2.694900
==== Finshed epoch 32 ====
Evaluating model...
Epoch 32: validation accuracy = 0.254000 -- validation perplexity = 2.782480
Epoch 32: test accuracy: 0.270000
---- Qualitative Analysis
Context: where was julie before the cinema ? yesterday mary travelled to the cinema . this morning fred went back to the bedroom . yesterday julie went to the school . fred went to the office yesterday . this morning julie went to the cinema . yesterday bill moved to the school . where was julie before the cinema ?
Question: where was julie before the cinema ?
Answer: school </s>
Model prediction: school </s>
=========================
Step 18100: train_loss = 1.790925, train_acc = 0.312500, train ppl = 2.448468
Step 18200: train_loss = 1.867482, train_acc = 0.125000, train ppl = 2.544009
Step 18300: train_loss = 2.308229, train_acc = 0.250000, train ppl = 3.171214
Step 18400: train_loss = 1.603344, train_acc = 0.312500, train ppl = 2.229265
Step 18500: train_loss = 1.723244, train_acc = 0.187500, train ppl = 2.366997
==== Finshed epoch 33 ====
Evaluating model...
Epoch 33: validation accuracy = 0.261000 -- validation perplexity = 2.561723
Epoch 33: test accuracy: 0.282000
---- Qualitative Analysis
Context: where was mary before the office ? this morning julie travelled to the kitchen . yesterday fred journeyed to the office . yesterday bill travelled to the kitchen . mary went back to the park yesterday . fred went back to the cinema this morning . julie went to the cinema yesterday . mary went back to the kitchen this morning . this morning bill moved to the park . this evening julie went to the school . julie travelled to the park this afternoon . this afternoon bill journeyed to the bedroom . this afternoon mary moved to the office . where was mary before the office ?
Question: where was mary before the office ?
Answer: kitchen </s>
Model prediction: school </s>
=========================
Step 18600: train_loss = 2.660814, train_acc = 0.250000, train ppl = 3.782582
Step 18700: train_loss = 2.337689, train_acc = 0.187500, train ppl = 3.218272
Step 18800: train_loss = 1.377581, train_acc = 0.250000, train ppl = 1.991306
Step 18900: train_loss = 1.759983, train_acc = 0.250000, train ppl = 2.410879
Step 19000: train_loss = 1.889828, train_acc = 0.187500, train ppl = 2.572592
Step 19100: train_loss = 2.076021, train_acc = 0.187500, train ppl = 2.823593
==== Finshed epoch 34 ====
Evaluating model...
Epoch 34: validation accuracy = 0.255000 -- validation perplexity = 2.692210
Epoch 34: test accuracy: 0.254000
---- Qualitative Analysis
Context: where was julie before the park ? yesterday fred travelled to the bedroom . bill travelled to the bedroom yesterday . yesterday julie went to the cinema . this morning fred went to the school . this morning julie moved to the bedroom . fred moved to the office this afternoon . mary travelled to the kitchen yesterday . this evening fred went back to the school . mary moved to the school this afternoon . mary went back to the office this morning . julie went back to the park this afternoon . bill went to the school this morning . where was julie before the park ?
Question: where was julie before the park ?
Answer: bedroom </s>
Model prediction: school </s>
=========================
Step 19200: train_loss = 2.115976, train_acc = 0.187500, train ppl = 2.880570
Step 19300: train_loss = 2.137432, train_acc = 0.250000, train ppl = 2.911639
Step 19400: train_loss = 2.575792, train_acc = 0.000000, train ppl = 3.625150
Step 19500: train_loss = 1.486854, train_acc = 0.375000, train ppl = 2.103130
Step 19600: train_loss = 3.451608, train_acc = 0.187500, train ppl = 5.617036
Step 19700: train_loss = 1.830286, train_acc = 0.187500, train ppl = 2.497132
==== Finshed epoch 35 ====
Evaluating model...
Epoch 35: validation accuracy = 0.255000 -- validation perplexity = 2.277418
Epoch 35: test accuracy: 0.246000
---- Qualitative Analysis
Context: where was mary before the park ? this afternoon mary went back to the park . this morning mary moved to the office . yesterday julie journeyed to the bedroom . yesterday mary travelled to the school . bill went back to the park this morning . bill journeyed to the school yesterday . where was mary before the park ?
Question: where was mary before the park ?
Answer: office </s>
Model prediction: school </s>
=========================
Step 19800: train_loss = 1.791390, train_acc = 0.312500, train ppl = 2.449037
Step 19900: train_loss = 2.262508, train_acc = 0.187500, train ppl = 3.099541
Step 20000: train_loss = 1.698342, train_acc = 0.375000, train ppl = 2.337708
Step 20100: train_loss = 2.001294, train_acc = 0.125000, train ppl = 2.720041
Step 20200: train_loss = 1.678142, train_acc = 0.187500, train ppl = 2.314216
==== Finshed epoch 36 ====
Evaluating model...
Epoch 36: validation accuracy = 0.218000 -- validation perplexity = 2.316969
Epoch 36: test accuracy: 0.199000
---- Qualitative Analysis
Context: where was bill before the park ? bill journeyed to the park this morning . bill went back to the cinema yesterday . yesterday mary went back to the cinema . bill moved to the kitchen this afternoon . fred went back to the park yesterday . this evening bill went to the park . julie journeyed to the cinema yesterday . this morning mary travelled to the park . where was bill before the park ?
Question: where was bill before the park ?
Answer: kitchen </s>
Model prediction: office </s>
=========================
Step 20300: train_loss = 2.148756, train_acc = 0.312500, train ppl = 2.928170
Step 20400: train_loss = 1.533262, train_acc = 0.375000, train ppl = 2.152502
Step 20500: train_loss = 1.924737, train_acc = 0.312500, train ppl = 2.617890
Step 20600: train_loss = 2.584241, train_acc = 0.250000, train ppl = 3.640499
Step 20700: train_loss = 2.541712, train_acc = 0.062500, train ppl = 3.563902
Step 20800: train_loss = 1.854770, train_acc = 0.187500, train ppl = 2.527891
==== Finshed epoch 37 ====
Evaluating model...
Epoch 37: validation accuracy = 0.256000 -- validation perplexity = 3.453072
Epoch 37: test accuracy: 0.263000
---- Qualitative Analysis
Context: where was bill before the bedroom ? yesterday bill journeyed to the cinema . mary went to the office this afternoon . mary went to the kitchen yesterday . this morning mary went back to the bedroom . julie moved to the bedroom yesterday . fred went back to the office yesterday . this morning julie went to the office . this morning bill journeyed to the bedroom . this afternoon fred travelled to the cinema . this morning fred went to the school . where was bill before the bedroom ?
Question: where was bill before the bedroom ?
Answer: cinema </s>
Model prediction: school </s>
=========================
Step 20900: train_loss = 1.561587, train_acc = 0.250000, train ppl = 2.183204
Step 21000: train_loss = 1.707232, train_acc = 0.125000, train ppl = 2.348123
Step 21100: train_loss = 1.981721, train_acc = 0.187500, train ppl = 2.693551
Step 21200: train_loss = 1.571477, train_acc = 0.125000, train ppl = 2.194027
Step 21300: train_loss = 1.770629, train_acc = 0.312500, train ppl = 2.423746
==== Finshed epoch 38 ====
Evaluating model...
Epoch 38: validation accuracy = 0.223000 -- validation perplexity = 2.862285
Epoch 38: test accuracy: 0.196000
---- Qualitative Analysis
Context: where was julie before the cinema ? fred travelled to the cinema yesterday . julie journeyed to the cinema this morning . bill travelled to the kitchen yesterday . yesterday julie went back to the kitchen . where was julie before the cinema ?
Question: where was julie before the cinema ?
Answer: kitchen </s>
Model prediction: park </s>
=========================
Step 21400: train_loss = 2.000376, train_acc = 0.437500, train ppl = 2.718793
Step 21500: train_loss = 1.757190, train_acc = 0.250000, train ppl = 2.407515
Step 21600: train_loss = 1.788540, train_acc = 0.375000, train ppl = 2.445550
Step 21700: train_loss = 2.199218, train_acc = 0.250000, train ppl = 3.002992
Step 21800: train_loss = 2.234571, train_acc = 0.125000, train ppl = 3.056546
Step 21900: train_loss = 2.123998, train_acc = 0.062500, train ppl = 2.892147
==== Finshed epoch 39 ====
Evaluating model...
Epoch 39: validation accuracy = 0.257000 -- validation perplexity = 2.986433
Epoch 39: test accuracy: 0.249000
---- Qualitative Analysis
Context: where was fred before the bedroom ? yesterday julie moved to the office . this morning fred moved to the bedroom . bill moved to the school yesterday . fred went back to the kitchen yesterday . yesterday mary went to the bedroom . this morning julie moved to the bedroom . this morning bill went to the kitchen . fred went back to the cinema this afternoon . where was fred before the bedroom ?
Question: where was fred before the bedroom ?
Answer: kitchen </s>
Model prediction: school </s>
=========================
Step 22000: train_loss = 2.217925, train_acc = 0.375000, train ppl = 3.031211
Step 22100: train_loss = 1.704123, train_acc = 0.187500, train ppl = 2.344475
Step 22200: train_loss = 1.950518, train_acc = 0.187500, train ppl = 2.651854
Step 22300: train_loss = 1.936382, train_acc = 0.312500, train ppl = 2.633176
Step 22400: train_loss = 2.138168, train_acc = 0.250000, train ppl = 2.912710
Step 22500: train_loss = 2.273039, train_acc = 0.312500, train ppl = 3.115905
==== Finshed epoch 40 ====
Evaluating model...
Epoch 40: validation accuracy = 0.212000 -- validation perplexity = 3.004148
Epoch 40: test accuracy: 0.210000
---- Qualitative Analysis
Context: where was bill before the office ? yesterday fred went to the cinema . yesterday julie moved to the kitchen . yesterday bill travelled to the kitchen . bill moved to the office this morning . where was bill before the office ?
Question: where was bill before the office ?
Answer: kitchen </s>
Model prediction: kitchen </s>
=========================
Step 22600: train_loss = 2.287036, train_acc = 0.062500, train ppl = 3.137788
Step 22700: train_loss = 1.595585, train_acc = 0.312500, train ppl = 2.220634
Step 22800: train_loss = 2.491697, train_acc = 0.312500, train ppl = 3.475883
Step 22900: train_loss = 1.879588, train_acc = 0.062500, train ppl = 2.559454
Step 23000: train_loss = 1.758770, train_acc = 0.250000, train ppl = 2.409417
==== Finshed epoch 41 ====
Evaluating model...
Epoch 41: validation accuracy = 0.256000 -- validation perplexity = 2.435489
Epoch 41: test accuracy: 0.243000
---- Qualitative Analysis
Context: where was julie before the school ? this morning bill travelled to the bedroom . bill moved to the park yesterday . julie went back to the cinema yesterday . fred travelled to the cinema yesterday . mary travelled to the bedroom this morning . yesterday mary went to the school . this morning julie travelled to the school . bill moved to the park this afternoon . where was julie before the school ?
Question: where was julie before the school ?
Answer: cinema </s>
Model prediction: bedroom </s>
=========================
Step 23100: train_loss = 1.482647, train_acc = 0.312500, train ppl = 2.098711
Step 23200: train_loss = 1.621915, train_acc = 0.437500, train ppl = 2.250061
Step 23300: train_loss = 1.966646, train_acc = 0.187500, train ppl = 2.673325
Step 23400: train_loss = 2.669189, train_acc = 0.000000, train ppl = 3.798455
Step 23500: train_loss = 2.349007, train_acc = 0.125000, train ppl = 3.236536
Step 23600: train_loss = 2.028196, train_acc = 0.125000, train ppl = 2.756876
