num_enc_layers:           1
merge_mode:               concat
model_dir:                models/dummy
max_gradient_norm:        1.0
num_units:                256
restore_from_dir:         None
embedding_size:           64
batch_size:               8
learning_rate:            0.01
num_epochs:               50
val_split:                0.1
data_dir:                 data/en-10k
dropout_keep_prob:        0.7
encoder_type:             bi
task:                     10
cell_type:                gru
model_type:               normal
optimizer:                adam
vocab:                    data/vocab.txt
Loading data...
vocabulary size = 487
Building model...
Running initializers...
Creating summary writers...
Performing evaluation before training...
---- Qualitative Analysis
Context: is mary in the kitchen ? julie journeyed to the bedroom . julie travelled to the park . fred is either in the office or the kitchen . julie travelled to the bedroom . julie moved to the office . mary is either in the office or the kitchen . bill is in the kitchen . bill is either in the bedroom or the park . is mary in the kitchen ?
Question: is mary in the kitchen ?
Answer: maybe </s>
Model prediction: mice 132 180 container 1 1 1 greg left sheep
=========================
Step 100: train_loss = 1.764775, train_acc = 0.625000, train ppl = 2.416663
Step 200: train_loss = 1.383714, train_acc = 0.375000, train ppl = 1.997422
Step 300: train_loss = 0.895461, train_acc = 0.750000, train ppl = 1.564757
Step 400: train_loss = 0.938362, train_acc = 0.750000, train ppl = 1.598684
Step 500: train_loss = 0.891889, train_acc = 0.500000, train ppl = 1.561965
Step 600: train_loss = 4.209928, train_acc = 0.250000, train ppl = 8.206806
Step 700: train_loss = 1.374427, train_acc = 0.125000, train ppl = 1.988168
Step 800: train_loss = 0.999312, train_acc = 0.500000, train ppl = 1.648154
Step 900: train_loss = 1.995847, train_acc = 0.500000, train ppl = 2.712642
Step 1000: train_loss = 1.270326, train_acc = 0.250000, train ppl = 1.887330
Step 1100: train_loss = 1.577165, train_acc = 0.625000, train ppl = 2.200275
==== Finshed epoch 1 ====
Evaluating model...
Epoch 1: validation accuracy = 0.441000 -- validation perplexity = 2.879454
Epoch 1: test accuracy: 0.437000
---- Qualitative Analysis
Context: is julie in the kitchen ? julie journeyed to the park . julie moved to the kitchen . is julie in the kitchen ?
Question: is julie in the kitchen ?
Answer: yes </s>
Model prediction: no </s>
=========================
Model checkpoint saved in models/dummy/best_model.ckpt
Step 1200: train_loss = 1.246222, train_acc = 0.250000, train ppl = 1.864720
Step 1300: train_loss = 2.373272, train_acc = 0.250000, train ppl = 3.276042
Step 1400: train_loss = 1.106663, train_acc = 0.375000, train ppl = 1.739037
Step 1500: train_loss = 1.332609, train_acc = 0.375000, train ppl = 1.947029
Step 1600: train_loss = 1.223774, train_acc = 0.375000, train ppl = 1.843907
Step 1700: train_loss = 1.137636, train_acc = 0.125000, train ppl = 1.766178
Step 1800: train_loss = 1.644435, train_acc = 0.500000, train ppl = 2.275541
Step 1900: train_loss = 1.081799, train_acc = 0.625000, train ppl = 1.717551
Step 2000: train_loss = 0.829488, train_acc = 0.625000, train ppl = 1.513983
Step 2100: train_loss = 0.936250, train_acc = 0.375000, train ppl = 1.596997
Step 2200: train_loss = 1.189546, train_acc = 0.625000, train ppl = 1.812620
==== Finshed epoch 2 ====
Evaluating model...
Epoch 2: validation accuracy = 0.381000 -- validation perplexity = 1.715453
Epoch 2: test accuracy: 0.413000
---- Qualitative Analysis
Context: is julie in the cinema ? mary travelled to the school . mary is either in the park or the bedroom . mary went back to the office . julie moved to the kitchen . julie is either in the bedroom or the school . fred is either in the cinema or the park . is julie in the cinema ?
Question: is julie in the cinema ?
Answer: no </s>
Model prediction: yes </s>
=========================
Step 2300: train_loss = 0.914205, train_acc = 0.375000, train ppl = 1.579491
Step 2400: train_loss = 0.735868, train_acc = 0.750000, train ppl = 1.444747
Step 2500: train_loss = 0.988737, train_acc = 0.750000, train ppl = 1.639462
Step 2600: train_loss = 1.182561, train_acc = 0.125000, train ppl = 1.806300
Step 2700: train_loss = 0.958575, train_acc = 0.625000, train ppl = 1.614923
Step 2800: train_loss = 1.796309, train_acc = 0.250000, train ppl = 2.455068
Step 2900: train_loss = 1.356374, train_acc = 0.750000, train ppl = 1.970302
Step 3000: train_loss = 1.318762, train_acc = 0.375000, train ppl = 1.933595
Step 3100: train_loss = 1.118223, train_acc = 0.625000, train ppl = 1.749118
Step 3200: train_loss = 1.877640, train_acc = 0.250000, train ppl = 2.556962
Step 3300: train_loss = 0.942791, train_acc = 0.250000, train ppl = 1.602228
==== Finshed epoch 3 ====
Evaluating model...
Epoch 3: validation accuracy = 0.441000 -- validation perplexity = 2.411205
Epoch 3: test accuracy: 0.437000
---- Qualitative Analysis
Context: is fred in the office ? fred is in the cinema . bill is in the office . mary went back to the school . bill is in the kitchen . julie is either in the office or the park . fred went back to the park . bill went to the cinema . fred is either in the school or the office . bill is either in the park or the kitchen . mary is either in the kitchen or the bedroom . is fred in the office ?
Question: is fred in the office ?
Answer: maybe </s>
Model prediction: no </s>
=========================
Step 3400: train_loss = 1.367343, train_acc = 0.500000, train ppl = 1.981138
Step 3500: train_loss = 1.284958, train_acc = 0.250000, train ppl = 1.901188
Step 3600: train_loss = 2.586972, train_acc = 0.375000, train ppl = 3.645473
Step 3700: train_loss = 1.287967, train_acc = 0.125000, train ppl = 1.904050
Step 3800: train_loss = 1.654919, train_acc = 0.125000, train ppl = 2.287500
Step 3900: train_loss = 1.407392, train_acc = 0.375000, train ppl = 2.021209
Step 4000: train_loss = 2.608748, train_acc = 0.375000, train ppl = 3.685381
Step 4100: train_loss = 1.076413, train_acc = 0.125000, train ppl = 1.712932
Step 4200: train_loss = 0.820846, train_acc = 0.500000, train ppl = 1.507455
Step 4300: train_loss = 1.168969, train_acc = 0.250000, train ppl = 1.794066
Step 4400: train_loss = 2.448002, train_acc = 0.250000, train ppl = 3.400767
Step 4500: train_loss = 1.265437, train_acc = 0.625000, train ppl = 1.882722
==== Finshed epoch 4 ====
Evaluating model...
Epoch 4: validation accuracy = 0.441000 -- validation perplexity = 2.052068
Epoch 4: test accuracy: 0.437000
---- Qualitative Analysis
Context: is bill in the bedroom ? bill travelled to the bedroom . fred is in the kitchen . is bill in the bedroom ?
Question: is bill in the bedroom ?
Answer: yes </s>
Model prediction: no </s>
=========================
Step 4600: train_loss = 0.872320, train_acc = 0.500000, train ppl = 1.546756
Step 4700: train_loss = 1.264226, train_acc = 0.500000, train ppl = 1.881582
Step 4800: train_loss = 1.873519, train_acc = 0.375000, train ppl = 2.551699
Step 4900: train_loss = 1.189886, train_acc = 0.125000, train ppl = 1.812928
Step 5000: train_loss = 1.222612, train_acc = 0.000000, train ppl = 1.842836
Step 5100: train_loss = 1.764948, train_acc = 0.250000, train ppl = 2.416872
Step 5200: train_loss = 1.386299, train_acc = 0.375000, train ppl = 2.000005
Step 5300: train_loss = 1.126527, train_acc = 0.375000, train ppl = 1.756395
Step 5400: train_loss = 1.071787, train_acc = 0.500000, train ppl = 1.708975
Step 5500: train_loss = 3.263183, train_acc = 0.125000, train ppl = 5.112004
Step 5600: train_loss = 1.056741, train_acc = 0.375000, train ppl = 1.696166
==== Finshed epoch 5 ====
Evaluating model...
Epoch 5: validation accuracy = 0.441000 -- validation perplexity = 2.215363
Epoch 5: test accuracy: 0.437000
---- Qualitative Analysis
Context: is julie in the school ? mary travelled to the park . mary travelled to the school . julie is in the bedroom . bill went to the school . fred went to the cinema . bill is in the office . is julie in the school ?
Question: is julie in the school ?
Answer: no </s>
Model prediction: no </s>
=========================
Step 5700: train_loss = 1.766608, train_acc = 0.375000, train ppl = 2.418879
Step 5800: train_loss = 1.017173, train_acc = 0.250000, train ppl = 1.662939
Step 5900: train_loss = 1.341682, train_acc = 0.375000, train ppl = 1.955882
Step 6000: train_loss = 0.725241, train_acc = 0.500000, train ppl = 1.437090
Step 6100: train_loss = 1.961971, train_acc = 0.000000, train ppl = 2.667084
Step 6200: train_loss = 0.758131, train_acc = 0.750000, train ppl = 1.460919
Step 6300: train_loss = 1.946119, train_acc = 0.625000, train ppl = 2.646028
Step 6400: train_loss = 2.478368, train_acc = 0.500000, train ppl = 3.452795
Step 6500: train_loss = 1.743782, train_acc = 0.375000, train ppl = 2.391429
Step 6600: train_loss = 1.179593, train_acc = 0.375000, train ppl = 1.803621
Step 6700: train_loss = 0.691224, train_acc = 0.750000, train ppl = 1.412854
==== Finshed epoch 6 ====
Evaluating model...
Epoch 6: validation accuracy = 0.381000 -- validation perplexity = 2.043778
Epoch 6: test accuracy: 0.413000
---- Qualitative Analysis
Context: is julie in the bedroom ? bill is in the park . julie went back to the park . is julie in the bedroom ?
Question: is julie in the bedroom ?
Answer: no </s>
Model prediction: yes </s>
=========================
Step 6800: train_loss = 3.152088, train_acc = 0.125000, train ppl = 4.835789
Step 6900: train_loss = 1.750790, train_acc = 0.375000, train ppl = 2.399823
Step 7000: train_loss = 1.429656, train_acc = 0.375000, train ppl = 2.043835
Step 7100: train_loss = 1.005876, train_acc = 0.625000, train ppl = 1.653573
Step 7200: train_loss = 1.061757, train_acc = 0.500000, train ppl = 1.700426
Step 7300: train_loss = 0.831034, train_acc = 0.250000, train ppl = 1.515154
Step 7400: train_loss = 1.187926, train_acc = 0.500000, train ppl = 1.811152
Step 7500: train_loss = 0.957517, train_acc = 0.375000, train ppl = 1.614069
Step 7600: train_loss = 1.564268, train_acc = 0.250000, train ppl = 2.186133
Step 7700: train_loss = 1.655436, train_acc = 0.250000, train ppl = 2.288091
Step 7800: train_loss = 1.302940, train_acc = 0.500000, train ppl = 1.918358
==== Finshed epoch 7 ====
Evaluating model...
Epoch 7: validation accuracy = 0.381000 -- validation perplexity = 2.389890
Epoch 7: test accuracy: 0.413000
---- Qualitative Analysis
Context: is mary in the park ? fred went to the office . julie is either in the kitchen or the cinema . fred went to the cinema . julie is in the park . julie is in the bedroom . fred is either in the office or the office . fred is in the bedroom . mary journeyed to the school . is mary in the park ?
Question: is mary in the park ?
Answer: no </s>
Model prediction: yes </s>
=========================
Step 7900: train_loss = 1.257831, train_acc = 0.375000, train ppl = 1.875575
Step 8000: train_loss = 0.740018, train_acc = 0.875000, train ppl = 1.447748
Step 8100: train_loss = 0.875094, train_acc = 0.500000, train ppl = 1.548903
Step 8200: train_loss = 0.943852, train_acc = 0.625000, train ppl = 1.603078
Step 8300: train_loss = 1.470647, train_acc = 0.500000, train ppl = 2.086157
Step 8400: train_loss = 1.162040, train_acc = 0.375000, train ppl = 1.787861
Step 8500: train_loss = 2.489799, train_acc = 0.375000, train ppl = 3.472586
Step 8600: train_loss = 1.882728, train_acc = 0.375000, train ppl = 2.563475
Step 8700: train_loss = 1.199104, train_acc = 0.500000, train ppl = 1.821303
Step 8800: train_loss = 1.239061, train_acc = 0.375000, train ppl = 1.858055
Step 8900: train_loss = 0.681830, train_acc = 0.625000, train ppl = 1.406233
Step 9000: train_loss = 1.821958, train_acc = 0.375000, train ppl = 2.486756
==== Finshed epoch 8 ====
Evaluating model...
Epoch 8: validation accuracy = 0.381000 -- validation perplexity = 1.822088
Epoch 8: test accuracy: 0.413000
---- Qualitative Analysis
Context: is julie in the school ? julie is in the school . bill moved to the park . julie moved to the park . bill went to the school . is julie in the school ?
Question: is julie in the school ?
Answer: no </s>
Model prediction: yes </s>
=========================
Step 9100: train_loss = 0.960373, train_acc = 0.625000, train ppl = 1.616376
Step 9200: train_loss = 0.795109, train_acc = 0.500000, train ppl = 1.488181
Step 9300: train_loss = 2.017077, train_acc = 0.250000, train ppl = 2.741591
Step 9400: train_loss = 2.043659, train_acc = 0.750000, train ppl = 2.778274
Step 9500: train_loss = 0.936603, train_acc = 0.750000, train ppl = 1.597279
Step 9600: train_loss = 1.130314, train_acc = 0.125000, train ppl = 1.759724
Step 9700: train_loss = 1.960418, train_acc = 0.375000, train ppl = 2.665014
Step 9800: train_loss = 2.227243, train_acc = 0.375000, train ppl = 3.045368
Step 9900: train_loss = 1.528876, train_acc = 0.625000, train ppl = 2.147787
Step 10000: train_loss = 2.133682, train_acc = 0.125000, train ppl = 2.906184
Step 10100: train_loss = 1.188016, train_acc = 0.375000, train ppl = 1.811234
==== Finshed epoch 9 ====
Evaluating model...
Epoch 9: validation accuracy = 0.381000 -- validation perplexity = 2.089974
Epoch 9: test accuracy: 0.413000
---- Qualitative Analysis
Context: is bill in the cinema ? mary is either in the school or the office . mary is either in the office or the office . mary journeyed to the kitchen . bill journeyed to the cinema . julie moved to the bedroom . julie is either in the kitchen or the school . julie moved to the cinema . mary travelled to the cinema . is bill in the cinema ?
Question: is bill in the cinema ?
Answer: yes </s>
Model prediction: yes </s>
=========================
Step 10200: train_loss = 0.695695, train_acc = 0.375000, train ppl = 1.416017
Step 10300: train_loss = 1.682197, train_acc = 0.500000, train ppl = 2.318913
Step 10400: train_loss = 0.924454, train_acc = 0.625000, train ppl = 1.587605
Step 10500: train_loss = 2.487642, train_acc = 0.000000, train ppl = 3.468842
Step 10600: train_loss = 1.184712, train_acc = 0.500000, train ppl = 1.808243
Step 10700: train_loss = 2.497372, train_acc = 0.125000, train ppl = 3.485760
Step 10800: train_loss = 1.602466, train_acc = 0.375000, train ppl = 2.228287
Step 10900: train_loss = 1.401469, train_acc = 0.500000, train ppl = 2.015232
Step 11000: train_loss = 0.832812, train_acc = 0.375000, train ppl = 1.516502
Step 11100: train_loss = 1.118038, train_acc = 0.375000, train ppl = 1.748956
Step 11200: train_loss = 1.897246, train_acc = 0.625000, train ppl = 2.582151
==== Finshed epoch 10 ====
Evaluating model...
Epoch 10: validation accuracy = 0.441000 -- validation perplexity = 2.114879
Epoch 10: test accuracy: 0.437000
---- Qualitative Analysis
Context: is fred in the cinema ? bill is in the bedroom . fred is either in the bedroom or the office . bill is either in the kitchen or the cinema . fred went to the office . mary travelled to the school . fred went back to the cinema . mary is in the bedroom . mary went to the kitchen . is fred in the cinema ?
Question: is fred in the cinema ?
Answer: yes </s>
Model prediction: no </s>
=========================
Step 11300: train_loss = 0.732571, train_acc = 0.500000, train ppl = 1.442367
Step 11400: train_loss = 1.775114, train_acc = 0.250000, train ppl = 2.429188
Step 11500: train_loss = 1.743036, train_acc = 0.375000, train ppl = 2.390537
Step 11600: train_loss = 1.167564, train_acc = 0.375000, train ppl = 1.792806
Step 11700: train_loss = 0.740668, train_acc = 0.375000, train ppl = 1.448218
Step 11800: train_loss = 1.279905, train_acc = 0.250000, train ppl = 1.896391
Step 11900: train_loss = 2.656667, train_acc = 0.250000, train ppl = 3.774748
Step 12000: train_loss = 1.428203, train_acc = 0.125000, train ppl = 2.042351
Step 12100: train_loss = 2.062467, train_acc = 0.500000, train ppl = 2.804523
Step 12200: train_loss = 2.174355, train_acc = 0.250000, train ppl = 2.965891
Step 12300: train_loss = 1.520145, train_acc = 0.375000, train ppl = 2.138432
==== Finshed epoch 11 ====
Evaluating model...
Epoch 11: validation accuracy = 0.441000 -- validation perplexity = 1.879419
Epoch 11: test accuracy: 0.437000
---- Qualitative Analysis
Context: is fred in the cinema ? bill is in the office . fred is either in the school or the cinema . bill journeyed to the school . fred went back to the kitchen . is fred in the cinema ?
Question: is fred in the cinema ?
Answer: no </s>
Model prediction: no </s>
=========================
Step 12400: train_loss = 1.968146, train_acc = 0.500000, train ppl = 2.675331
Step 12500: train_loss = 1.235940, train_acc = 0.000000, train ppl = 1.855158
Step 12600: train_loss = 1.274228, train_acc = 0.625000, train ppl = 1.891016
Step 12700: train_loss = 1.014449, train_acc = 0.375000, train ppl = 1.660676
Step 12800: train_loss = 3.015178, train_acc = 0.250000, train ppl = 4.515830
Step 12900: train_loss = 0.963208, train_acc = 0.625000, train ppl = 1.618669
Step 13000: train_loss = 1.522261, train_acc = 0.375000, train ppl = 2.140695
Step 13100: train_loss = 1.205332, train_acc = 0.500000, train ppl = 1.826983
Step 13200: train_loss = 0.709542, train_acc = 0.125000, train ppl = 1.425854
Step 13300: train_loss = 3.461509, train_acc = 0.125000, train ppl = 5.644911
Step 13400: train_loss = 0.916246, train_acc = 0.625000, train ppl = 1.581104
Step 13500: train_loss = 1.688755, train_acc = 0.125000, train ppl = 2.326529
==== Finshed epoch 12 ====
Evaluating model...
Epoch 12: validation accuracy = 0.381000 -- validation perplexity = 2.908169
Epoch 12: test accuracy: 0.413000
---- Qualitative Analysis
Context: is fred in the school ? fred is either in the school or the kitchen . mary travelled to the bedroom . is fred in the school ?
Question: is fred in the school ?
Answer: maybe </s>
Model prediction: yes </s>
=========================
Step 13600: train_loss = 1.309335, train_acc = 0.500000, train ppl = 1.924503
Step 13700: train_loss = 1.292800, train_acc = 0.500000, train ppl = 1.908657
Step 13800: train_loss = 1.706764, train_acc = 0.625000, train ppl = 2.347572
Step 13900: train_loss = 1.181572, train_acc = 0.625000, train ppl = 1.805407
Step 14000: train_loss = 0.833428, train_acc = 0.500000, train ppl = 1.516969
Step 14100: train_loss = 1.033017, train_acc = 0.500000, train ppl = 1.676165
Step 14200: train_loss = 5.956723, train_acc = 0.500000, train ppl = 19.655582
Step 14300: train_loss = 1.979983, train_acc = 0.250000, train ppl = 2.691211
Step 14400: train_loss = 0.607776, train_acc = 0.750000, train ppl = 1.355117
Step 14500: train_loss = 1.079946, train_acc = 0.500000, train ppl = 1.715960
Step 14600: train_loss = 2.414182, train_acc = 0.250000, train ppl = 3.343743
==== Finshed epoch 13 ====
Evaluating model...
Epoch 13: validation accuracy = 0.381000 -- validation perplexity = 2.125405
Epoch 13: test accuracy: 0.413000
---- Qualitative Analysis
Context: is fred in the school ? bill went back to the office . fred is either in the cinema or the cinema . julie is either in the cinema or the bedroom . bill travelled to the kitchen . mary is either in the park or the kitchen . julie is in the office . fred is in the park . mary is in the bedroom . bill is either in the school or the cinema . fred is in the office . is fred in the school ?
Question: is fred in the school ?
Answer: no </s>
Model prediction: yes </s>
=========================
Step 14700: train_loss = 0.948434, train_acc = 0.625000, train ppl = 1.606756
Step 14800: train_loss = 1.392911, train_acc = 0.250000, train ppl = 2.006627
Step 14900: train_loss = 1.308916, train_acc = 0.500000, train ppl = 1.924100
Step 15000: train_loss = 1.096934, train_acc = 0.500000, train ppl = 1.730598
Step 15100: train_loss = 1.556287, train_acc = 0.375000, train ppl = 2.177426
Step 15200: train_loss = 1.556003, train_acc = 0.250000, train ppl = 2.177117
Step 15300: train_loss = 1.293391, train_acc = 0.125000, train ppl = 1.909222
Step 15400: train_loss = 1.087437, train_acc = 0.500000, train ppl = 1.722400
Step 15500: train_loss = 2.109816, train_acc = 0.125000, train ppl = 2.871711
Step 15600: train_loss = 1.199772, train_acc = 0.500000, train ppl = 1.821911
Step 15700: train_loss = 1.210549, train_acc = 0.500000, train ppl = 1.831755
==== Finshed epoch 14 ====
Evaluating model...
Epoch 14: validation accuracy = 0.381000 -- validation perplexity = 1.874868
Epoch 14: test accuracy: 0.413000
---- Qualitative Analysis
Context: is julie in the school ? fred is either in the bedroom or the bedroom . julie went back to the school . is julie in the school ?
Question: is julie in the school ?
Answer: yes </s>
Model prediction: yes </s>
=========================
Step 15800: train_loss = 1.637600, train_acc = 0.375000, train ppl = 2.267777
Step 15900: train_loss = 2.212694, train_acc = 0.250000, train ppl = 3.023294
Step 16000: train_loss = 1.541271, train_acc = 0.375000, train ppl = 2.161139
Step 16100: train_loss = 1.690613, train_acc = 0.500000, train ppl = 2.328692
Step 16200: train_loss = 2.742167, train_acc = 0.500000, train ppl = 3.939617
Step 16300: train_loss = 1.879339, train_acc = 0.500000, train ppl = 2.559136
Step 16400: train_loss = 1.608033, train_acc = 0.375000, train ppl = 2.234498
Step 16500: train_loss = 0.903771, train_acc = 0.500000, train ppl = 1.571272
Step 16600: train_loss = 1.147416, train_acc = 0.250000, train ppl = 1.774836
Step 16700: train_loss = 1.989687, train_acc = 0.375000, train ppl = 2.704301
Step 16800: train_loss = 1.551489, train_acc = 0.250000, train ppl = 2.172209
==== Finshed epoch 15 ====
Evaluating model...
Epoch 15: validation accuracy = 0.178000 -- validation perplexity = 2.413455
Epoch 15: test accuracy: 0.150000
---- Qualitative Analysis
Context: is bill in the school ? mary is in the cinema . fred is either in the school or the kitchen . bill is in the school . bill is either in the bedroom or the kitchen . bill is in the school . fred is either in the cinema or the bedroom . is bill in the school ?
Question: is bill in the school ?
Answer: yes </s>
Model prediction: maybe </s>
=========================
Step 16900: train_loss = 1.271067, train_acc = 0.250000, train ppl = 1.888029
Step 17000: train_loss = 1.569808, train_acc = 0.250000, train ppl = 2.192197
Step 17100: train_loss = 1.325210, train_acc = 0.500000, train ppl = 1.939839
Step 17200: train_loss = 2.059133, train_acc = 0.250000, train ppl = 2.799852
Step 17300: train_loss = 0.784399, train_acc = 0.750000, train ppl = 1.480233
Step 17400: train_loss = 2.052336, train_acc = 0.500000, train ppl = 2.790352
Step 17500: train_loss = 1.233808, train_acc = 0.375000, train ppl = 1.853182
Step 17600: train_loss = 0.600667, train_acc = 0.750000, train ppl = 1.350309
Step 17700: train_loss = 1.877193, train_acc = 0.375000, train ppl = 2.556391
Step 17800: train_loss = 1.425068, train_acc = 0.375000, train ppl = 2.039152
Step 17900: train_loss = 1.103671, train_acc = 0.250000, train ppl = 1.736438
Step 18000: train_loss = 1.549242, train_acc = 0.500000, train ppl = 2.169769
==== Finshed epoch 16 ====
Evaluating model...
Epoch 16: validation accuracy = 0.381000 -- validation perplexity = 1.850352
Epoch 16: test accuracy: 0.413000
---- Qualitative Analysis
Context: is mary in the cinema ? mary went to the park . mary went to the kitchen . is mary in the cinema ?
Question: is mary in the cinema ?
Answer: no </s>
Model prediction: yes </s>
=========================
Step 18100: train_loss = 1.297946, train_acc = 0.500000, train ppl = 1.913575
Step 18200: train_loss = 1.312308, train_acc = 0.500000, train ppl = 1.927365
Step 18300: train_loss = 1.730287, train_acc = 0.000000, train ppl = 2.375347
Step 18400: train_loss = 1.333913, train_acc = 0.375000, train ppl = 1.948299
Step 18500: train_loss = 0.447885, train_acc = 0.875000, train ppl = 1.250999
Step 18600: train_loss = 0.808643, train_acc = 0.500000, train ppl = 1.498286
Step 18700: train_loss = 1.432578, train_acc = 0.250000, train ppl = 2.046823
Step 18800: train_loss = 1.238245, train_acc = 0.125000, train ppl = 1.857297
Step 18900: train_loss = 0.727632, train_acc = 0.500000, train ppl = 1.438810
Step 19000: train_loss = 0.789714, train_acc = 0.750000, train ppl = 1.484172
Step 19100: train_loss = 0.983891, train_acc = 0.625000, train ppl = 1.635495
==== Finshed epoch 17 ====
Evaluating model...
Epoch 17: validation accuracy = 0.381000 -- validation perplexity = 1.839827
Epoch 17: test accuracy: 0.413000
---- Qualitative Analysis
Context: is julie in the school ? mary moved to the bedroom . julie went back to the park . julie is in the kitchen . julie is either in the office or the cinema . is julie in the school ?
Question: is julie in the school ?
Answer: no </s>
Model prediction: yes </s>
=========================
Step 19200: train_loss = 1.112916, train_acc = 0.625000, train ppl = 1.744483
Step 19300: train_loss = 1.706421, train_acc = 0.250000, train ppl = 2.347171
Step 19400: train_loss = 1.352644, train_acc = 0.500000, train ppl = 1.966631
Step 19500: train_loss = 1.810558, train_acc = 0.250000, train ppl = 2.472621
Step 19600: train_loss = 1.316257, train_acc = 0.500000, train ppl = 1.931175
Step 19700: train_loss = 1.194510, train_acc = 0.375000, train ppl = 1.817124
Step 19800: train_loss = 0.603002, train_acc = 0.750000, train ppl = 1.351886
Step 19900: train_loss = 0.650280, train_acc = 0.750000, train ppl = 1.384225
Step 20000: train_loss = 1.054545, train_acc = 0.500000, train ppl = 1.694305
Step 20100: train_loss = 1.098067, train_acc = 0.500000, train ppl = 1.731578
Step 20200: train_loss = 3.949512, train_acc = 0.000000, train ppl = 7.204860
==== Finshed epoch 18 ====
Evaluating model...
Epoch 18: validation accuracy = 0.441000 -- validation perplexity = 1.717435
Epoch 18: test accuracy: 0.437000
---- Qualitative Analysis
Context: is fred in the office ? mary is in the school . julie went to the bedroom . julie is in the school . fred went to the park . fred went to the office . fred is either in the school or the cinema . julie moved to the park . fred is in the kitchen . bill went back to the bedroom . fred is either in the office or the office . is fred in the office ?
Question: is fred in the office ?
Answer: maybe </s>
Model prediction: no </s>
=========================
Step 20300: train_loss = 1.107183, train_acc = 0.250000, train ppl = 1.739489
Step 20400: train_loss = 1.517789, train_acc = 0.250000, train ppl = 2.135914
Step 20500: train_loss = 1.121714, train_acc = 0.750000, train ppl = 1.752174
Step 20600: train_loss = 1.437028, train_acc = 0.250000, train ppl = 2.051382
Step 20700: train_loss = 1.085989, train_acc = 0.500000, train ppl = 1.721153
Step 20800: train_loss = 2.233164, train_acc = 0.500000, train ppl = 3.054396
Step 20900: train_loss = 1.007514, train_acc = 0.500000, train ppl = 1.654927
Step 21000: train_loss = 0.832070, train_acc = 0.250000, train ppl = 1.515939
Step 21100: train_loss = 1.271029, train_acc = 0.500000, train ppl = 1.887994
Step 21200: train_loss = 1.463136, train_acc = 0.500000, train ppl = 2.078336
Step 21300: train_loss = 1.619137, train_acc = 0.250000, train ppl = 2.246938
==== Finshed epoch 19 ====
Evaluating model...
Epoch 19: validation accuracy = 0.178000 -- validation perplexity = 1.766819
Epoch 19: test accuracy: 0.150000
---- Qualitative Analysis
Context: is julie in the bedroom ? mary is in the cinema . julie travelled to the park . is julie in the bedroom ?
Question: is julie in the bedroom ?
Answer: no </s>
Model prediction: maybe </s>
=========================
Step 21400: train_loss = 1.630275, train_acc = 0.500000, train ppl = 2.259486
Step 21500: train_loss = 1.376388, train_acc = 0.000000, train ppl = 1.990118
Step 21600: train_loss = 1.474276, train_acc = 0.375000, train ppl = 2.089946
Step 21700: train_loss = 1.757932, train_acc = 0.375000, train ppl = 2.408408
Step 21800: train_loss = 2.582269, train_acc = 0.375000, train ppl = 3.636911
Step 21900: train_loss = 1.116042, train_acc = 0.500000, train ppl = 1.747212
Step 22000: train_loss = 2.283044, train_acc = 0.125000, train ppl = 3.131531
Step 22100: train_loss = 1.725932, train_acc = 0.125000, train ppl = 2.370181
Step 22200: train_loss = 1.912122, train_acc = 0.625000, train ppl = 2.601430
Step 22300: train_loss = 3.455401, train_acc = 0.125000, train ppl = 5.627699
Step 22400: train_loss = 0.917882, train_acc = 0.625000, train ppl = 1.582397
Step 22500: train_loss = 1.159717, train_acc = 0.250000, train ppl = 1.785786
==== Finshed epoch 20 ====
Evaluating model...
Epoch 20: validation accuracy = 0.441000 -- validation perplexity = 1.929145
Epoch 20: test accuracy: 0.437000
---- Qualitative Analysis
Context: is mary in the office ? julie is either in the school or the bedroom . bill journeyed to the cinema . bill went to the kitchen . fred journeyed to the school . fred is in the bedroom . bill journeyed to the bedroom . mary is either in the park or the park . fred is in the cinema . is mary in the office ?
Question: is mary in the office ?
Answer: no </s>
Model prediction: no </s>
=========================
Step 22600: train_loss = 3.821185, train_acc = 0.125000, train ppl = 6.757091
Step 22700: train_loss = 1.652821, train_acc = 0.375000, train ppl = 2.285101
Step 22800: train_loss = 0.957397, train_acc = 0.625000, train ppl = 1.613972
Step 22900: train_loss = 1.911302, train_acc = 0.250000, train ppl = 2.600363
Step 23000: train_loss = 1.042663, train_acc = 0.500000, train ppl = 1.684269
Step 23100: train_loss = 1.722625, train_acc = 0.500000, train ppl = 2.366265
Step 23200: train_loss = 1.730240, train_acc = 0.375000, train ppl = 2.375291
Step 23300: train_loss = 1.178132, train_acc = 0.500000, train ppl = 1.802304
Step 23400: train_loss = 1.600380, train_acc = 0.125000, train ppl = 2.225964
Step 23500: train_loss = 1.890374, train_acc = 0.000000, train ppl = 2.573295
Step 23600: train_loss = 1.032835, train_acc = 0.500000, train ppl = 1.676012
==== Finshed epoch 21 ====
Evaluating model...
Epoch 21: validation accuracy = 0.441000 -- validation perplexity = 1.783460
Epoch 21: test accuracy: 0.437000
---- Qualitative Analysis
Context: is bill in the school ? bill journeyed to the school . fred went to the kitchen . fred is in the park . fred travelled to the cinema . is bill in the school ?
Question: is bill in the school ?
Answer: yes </s>
Model prediction: no </s>
=========================
Step 23700: train_loss = 1.265580, train_acc = 0.750000, train ppl = 1.882856
Step 23800: train_loss = 1.109602, train_acc = 0.625000, train ppl = 1.741594
Step 23900: train_loss = 1.691124, train_acc = 0.250000, train ppl = 2.329287
Step 24000: train_loss = 1.353467, train_acc = 0.250000, train ppl = 1.967441
Step 24100: train_loss = 0.944828, train_acc = 0.625000, train ppl = 1.603861
Step 24200: train_loss = 1.568319, train_acc = 0.250000, train ppl = 2.190565
Step 24300: train_loss = 0.907103, train_acc = 0.625000, train ppl = 1.573892
Step 24400: train_loss = 1.259910, train_acc = 0.625000, train ppl = 1.877526
Step 24500: train_loss = 1.958906, train_acc = 0.250000, train ppl = 2.663000
Step 24600: train_loss = 0.992956, train_acc = 0.625000, train ppl = 1.642925
Step 24700: train_loss = 0.822060, train_acc = 0.750000, train ppl = 1.508371
==== Finshed epoch 22 ====
Evaluating model...
Epoch 22: validation accuracy = 0.441000 -- validation perplexity = 5.247314
Epoch 22: test accuracy: 0.437000
---- Qualitative Analysis
Context: is julie in the cinema ? fred is in the park . julie is in the bedroom . is julie in the cinema ?
Question: is julie in the cinema ?
Answer: no </s>
Model prediction: no </s>
=========================
Step 24800: train_loss = 1.587396, train_acc = 0.125000, train ppl = 2.211559
Step 24900: train_loss = 1.045386, train_acc = 0.125000, train ppl = 1.686563
Step 25000: train_loss = 2.465595, train_acc = 0.125000, train ppl = 3.430814
Step 25100: train_loss = 0.824661, train_acc = 0.625000, train ppl = 1.510333
Step 25200: train_loss = 2.848198, train_acc = 0.375000, train ppl = 4.154114
Step 25300: train_loss = 1.577034, train_acc = 0.375000, train ppl = 2.200131
Step 25400: train_loss = 1.452505, train_acc = 0.250000, train ppl = 2.067319
Step 25500: train_loss = 2.214211, train_acc = 0.375000, train ppl = 3.025589
Step 25600: train_loss = 0.998190, train_acc = 0.500000, train ppl = 1.647230
Step 25700: train_loss = 1.472197, train_acc = 0.125000, train ppl = 2.087775
Step 25800: train_loss = 0.921248, train_acc = 0.375000, train ppl = 1.585062
==== Finshed epoch 23 ====
Evaluating model...
Epoch 23: validation accuracy = 0.441000 -- validation perplexity = 1.956951
Epoch 23: test accuracy: 0.437000
---- Qualitative Analysis
Context: is fred in the cinema ? bill travelled to the kitchen . bill is in the office . mary is in the school . fred is in the school . fred journeyed to the office . julie is in the office . fred moved to the bedroom . fred is either in the cinema or the office . mary is either in the bedroom or the bedroom . bill journeyed to the bedroom . is fred in the cinema ?
Question: is fred in the cinema ?
Answer: maybe </s>
Model prediction: no </s>
=========================
Step 25900: train_loss = 1.271951, train_acc = 0.375000, train ppl = 1.888864
Step 26000: train_loss = 3.194645, train_acc = 0.125000, train ppl = 4.939788
Step 26100: train_loss = 0.886871, train_acc = 0.375000, train ppl = 1.558051
Step 26200: train_loss = 1.610998, train_acc = 0.250000, train ppl = 2.237813
Step 26300: train_loss = 0.562670, train_acc = 0.750000, train ppl = 1.324898
Step 26400: train_loss = 1.389847, train_acc = 0.250000, train ppl = 2.003556
Step 26500: train_loss = 1.050385, train_acc = 0.625000, train ppl = 1.690784
Step 26600: train_loss = 1.135825, train_acc = 0.250000, train ppl = 1.764579
Step 26700: train_loss = 0.611696, train_acc = 0.875000, train ppl = 1.357776
Step 26800: train_loss = 1.577507, train_acc = 0.375000, train ppl = 2.200652
Step 26900: train_loss = 0.753445, train_acc = 0.500000, train ppl = 1.457500
Step 27000: train_loss = 1.212870, train_acc = 0.625000, train ppl = 1.833882
==== Finshed epoch 24 ====
Evaluating model...
Epoch 24: validation accuracy = 0.441000 -- validation perplexity = 2.027437
Epoch 24: test accuracy: 0.437000
---- Qualitative Analysis
Context: is bill in the park ? bill journeyed to the school . fred went to the kitchen . fred is in the park . fred travelled to the cinema . fred is in the office . fred moved to the cinema . bill is either in the cinema or the office . mary moved to the bedroom . julie journeyed to the kitchen . mary is either in the office or the office . is bill in the park ?
Question: is bill in the park ?
Answer: no </s>
Model prediction: no </s>
=========================
Step 27100: train_loss = 1.002925, train_acc = 0.625000, train ppl = 1.651134
Step 27200: train_loss = 1.365856, train_acc = 0.500000, train ppl = 1.979666
Step 27300: train_loss = 1.664145, train_acc = 0.125000, train ppl = 2.298077
Step 27400: train_loss = 0.927309, train_acc = 0.625000, train ppl = 1.589873
Step 27500: train_loss = 1.886364, train_acc = 0.250000, train ppl = 2.568141
Step 27600: train_loss = 1.396702, train_acc = 0.000000, train ppl = 2.010435
Step 27700: train_loss = 1.386024, train_acc = 0.250000, train ppl = 1.999729
Step 27800: train_loss = 1.784386, train_acc = 0.375000, train ppl = 2.440476
Step 27900: train_loss = 3.464695, train_acc = 0.375000, train ppl = 5.653912
Step 28000: train_loss = 4.069355, train_acc = 0.125000, train ppl = 7.649785
Step 28100: train_loss = 1.430765, train_acc = 0.125000, train ppl = 2.044969
==== Finshed epoch 25 ====
Evaluating model...
Epoch 25: validation accuracy = 0.178000 -- validation perplexity = 1.875832
Epoch 25: test accuracy: 0.150000
---- Qualitative Analysis
Context: is fred in the school ? fred is in the school . bill went back to the kitchen . bill is either in the cinema or the bedroom . bill is in the school . julie travelled to the school . fred went to the bedroom . bill journeyed to the office . julie is in the kitchen . mary journeyed to the office . mary journeyed to the bedroom . is fred in the school ?
Question: is fred in the school ?
Answer: no </s>
Model prediction: maybe </s>
=========================
Step 28200: train_loss = 2.149731, train_acc = 0.125000, train ppl = 2.929598
Step 28300: train_loss = 0.636914, train_acc = 0.750000, train ppl = 1.375005
Step 28400: train_loss = 1.024222, train_acc = 0.375000, train ppl = 1.668810
Step 28500: train_loss = 2.045689, train_acc = 0.375000, train ppl = 2.781095
Step 28600: train_loss = 1.241705, train_acc = 0.500000, train ppl = 1.860513
Step 28700: train_loss = 0.848897, train_acc = 0.750000, train ppl = 1.528747
Step 28800: train_loss = 1.749048, train_acc = 0.500000, train ppl = 2.397734
Step 28900: train_loss = 1.538023, train_acc = 0.625000, train ppl = 2.157632
Step 29000: train_loss = 0.608371, train_acc = 0.750000, train ppl = 1.355520
Step 29100: train_loss = 1.272792, train_acc = 0.375000, train ppl = 1.889658
Step 29200: train_loss = 1.244234, train_acc = 0.125000, train ppl = 1.862867
==== Finshed epoch 26 ====
Evaluating model...
Epoch 26: validation accuracy = 0.441000 -- validation perplexity = 2.066710
Epoch 26: test accuracy: 0.437000
---- Qualitative Analysis
Context: is fred in the park ? fred is in the park . mary journeyed to the cinema . is fred in the park ?
Question: is fred in the park ?
Answer: yes </s>
Model prediction: no </s>
=========================
Step 29300: train_loss = 0.906572, train_acc = 0.375000, train ppl = 1.573474
Step 29400: train_loss = 2.392456, train_acc = 0.375000, train ppl = 3.307617
Step 29500: train_loss = 0.792487, train_acc = 0.500000, train ppl = 1.486231
Step 29600: train_loss = 0.660911, train_acc = 0.750000, train ppl = 1.391602
Step 29700: train_loss = 1.572266, train_acc = 0.375000, train ppl = 2.194892
Step 29800: train_loss = 0.697048, train_acc = 0.625000, train ppl = 1.416974
Step 29900: train_loss = 1.522274, train_acc = 0.250000, train ppl = 2.140708
Step 30000: train_loss = 1.877416, train_acc = 0.375000, train ppl = 2.556676
Step 30100: train_loss = 1.089127, train_acc = 0.625000, train ppl = 1.723856
Step 30200: train_loss = 0.943230, train_acc = 0.750000, train ppl = 1.602581
Step 30300: train_loss = 2.949620, train_acc = 0.000000, train ppl = 4.370205
==== Finshed epoch 27 ====
Evaluating model...
Epoch 27: validation accuracy = 0.178000 -- validation perplexity = 2.036720
Epoch 27: test accuracy: 0.150000
---- Qualitative Analysis
Context: is fred in the office ? mary went to the cinema . fred is in the office . julie travelled to the school . julie went to the park . is fred in the office ?
Question: is fred in the office ?
Answer: yes </s>
Model prediction: maybe </s>
=========================
Step 30400: train_loss = 2.121846, train_acc = 0.125000, train ppl = 2.889037
Step 30500: train_loss = 1.888219, train_acc = 0.250000, train ppl = 2.570524
Step 30600: train_loss = 1.599389, train_acc = 0.250000, train ppl = 2.224861
Step 30700: train_loss = 1.675165, train_acc = 0.625000, train ppl = 2.310774
Step 30800: train_loss = 1.391887, train_acc = 0.500000, train ppl = 2.005600
Step 30900: train_loss = 1.008505, train_acc = 0.500000, train ppl = 1.655748
Step 31000: train_loss = 0.746894, train_acc = 0.500000, train ppl = 1.452734
Step 31100: train_loss = 1.931020, train_acc = 0.125000, train ppl = 2.626127
Step 31200: train_loss = 0.828435, train_acc = 0.750000, train ppl = 1.513186
Step 31300: train_loss = 1.215588, train_acc = 0.500000, train ppl = 1.836376
Step 31400: train_loss = 1.479446, train_acc = 0.500000, train ppl = 2.095355
Step 31500: train_loss = 3.401496, train_acc = 0.375000, train ppl = 5.478043
==== Finshed epoch 28 ====
Evaluating model...
Epoch 28: validation accuracy = 0.441000 -- validation perplexity = 3.368271
Epoch 28: test accuracy: 0.437000
---- Qualitative Analysis
Context: is mary in the office ? mary travelled to the school . mary is either in the park or the bedroom . is mary in the office ?
Question: is mary in the office ?
Answer: no </s>
Model prediction: no </s>
=========================
Step 31600: train_loss = 2.378250, train_acc = 0.375000, train ppl = 3.284206
Step 31700: train_loss = 1.199444, train_acc = 0.250000, train ppl = 1.821612
Step 31800: train_loss = 1.780428, train_acc = 0.250000, train ppl = 2.435650
Step 31900: train_loss = 1.349259, train_acc = 0.500000, train ppl = 1.963306
Step 32000: train_loss = 2.170774, train_acc = 0.500000, train ppl = 2.960586
Step 32100: train_loss = 1.172997, train_acc = 0.125000, train ppl = 1.797683
Step 32200: train_loss = 0.940584, train_acc = 0.375000, train ppl = 1.600461
Step 32300: train_loss = 1.762379, train_acc = 0.250000, train ppl = 2.413770
Step 32400: train_loss = 1.128231, train_acc = 0.250000, train ppl = 1.757892
Step 32500: train_loss = 1.655746, train_acc = 0.375000, train ppl = 2.288446
Step 32600: train_loss = 1.679771, train_acc = 0.375000, train ppl = 2.316102
==== Finshed epoch 29 ====
Evaluating model...
Epoch 29: validation accuracy = 0.381000 -- validation perplexity = 7.684005
Epoch 29: test accuracy: 0.413000
---- Qualitative Analysis
Context: is fred in the bedroom ? mary went to the office . fred went back to the kitchen . is fred in the bedroom ?
Question: is fred in the bedroom ?
Answer: no </s>
Model prediction: yes </s>
=========================
Step 32700: train_loss = 1.874416, train_acc = 0.250000, train ppl = 2.552843
Step 32800: train_loss = 1.191574, train_acc = 0.375000, train ppl = 1.814458
Step 32900: train_loss = 1.572838, train_acc = 0.250000, train ppl = 2.195520
Step 33000: train_loss = 1.007272, train_acc = 0.500000, train ppl = 1.654727
Step 33100: train_loss = 1.824170, train_acc = 0.250000, train ppl = 2.489507
Step 33200: train_loss = 0.953760, train_acc = 0.625000, train ppl = 1.611040
Step 33300: train_loss = 2.481234, train_acc = 0.125000, train ppl = 3.457746
Step 33400: train_loss = 1.237306, train_acc = 0.250000, train ppl = 1.856426
Step 33500: train_loss = 0.810569, train_acc = 0.750000, train ppl = 1.499729
Step 33600: train_loss = 1.087166, train_acc = 0.375000, train ppl = 1.722166
Step 33700: train_loss = 1.370921, train_acc = 0.500000, train ppl = 1.984685
==== Finshed epoch 30 ====
Evaluating model...
Epoch 30: validation accuracy = 0.381000 -- validation perplexity = 2.257349
Epoch 30: test accuracy: 0.413000
---- Qualitative Analysis
Context: is fred in the office ? fred is in the office . fred journeyed to the kitchen . fred is in the office . fred is in the school . bill travelled to the park . mary travelled to the kitchen . is fred in the office ?
Question: is fred in the office ?
Answer: no </s>
Model prediction: yes </s>
=========================
Step 33800: train_loss = 2.869155, train_acc = 0.125000, train ppl = 4.197871
Step 33900: train_loss = 1.072865, train_acc = 0.750000, train ppl = 1.709896
Step 34000: train_loss = 1.041657, train_acc = 0.625000, train ppl = 1.683422
Step 34100: train_loss = 0.946266, train_acc = 0.750000, train ppl = 1.605015
Step 34200: train_loss = 0.804292, train_acc = 0.750000, train ppl = 1.495029
Step 34300: train_loss = 2.304955, train_acc = 0.375000, train ppl = 3.166028
Step 34400: train_loss = 0.919979, train_acc = 0.625000, train ppl = 1.584057
Step 34500: train_loss = 0.934043, train_acc = 0.500000, train ppl = 1.595235
Step 34600: train_loss = 1.602659, train_acc = 0.375000, train ppl = 2.228502
Step 34700: train_loss = 1.866580, train_acc = 0.250000, train ppl = 2.542862
Step 34800: train_loss = 1.457382, train_acc = 0.500000, train ppl = 2.072366
==== Finshed epoch 31 ====
Evaluating model...
Epoch 31: validation accuracy = 0.390000 -- validation perplexity = 1.751561
Epoch 31: test accuracy: 0.407000
---- Qualitative Analysis
Context: is fred in the park ? fred went back to the park . mary is in the school . bill is either in the bedroom or the cinema . fred is either in the park or the office . is fred in the park ?
Question: is fred in the park ?
Answer: maybe </s>
Model prediction: yes </s>
=========================
Step 34900: train_loss = 1.264047, train_acc = 0.500000, train ppl = 1.881413
Step 35000: train_loss = 1.297938, train_acc = 0.500000, train ppl = 1.913567
Step 35100: train_loss = 3.161216, train_acc = 0.375000, train ppl = 4.857910
Step 35200: train_loss = 1.719699, train_acc = 0.125000, train ppl = 2.362805
Step 35300: train_loss = 1.172047, train_acc = 0.250000, train ppl = 1.796829
Step 35400: train_loss = 1.302671, train_acc = 0.625000, train ppl = 1.918101
Step 35500: train_loss = 1.537270, train_acc = 0.250000, train ppl = 2.156820
Step 35600: train_loss = 1.885624, train_acc = 0.125000, train ppl = 2.567190
Step 35700: train_loss = 5.097231, train_acc = 0.625000, train ppl = 12.789387
Step 35800: train_loss = 1.207701, train_acc = 0.375000, train ppl = 1.829149
Step 35900: train_loss = 3.700646, train_acc = 0.125000, train ppl = 6.361876
Step 36000: train_loss = 1.063405, train_acc = 0.500000, train ppl = 1.701827
==== Finshed epoch 32 ====
Evaluating model...
Epoch 32: validation accuracy = 0.441000 -- validation perplexity = 1.780230
Epoch 32: test accuracy: 0.437000
---- Qualitative Analysis
Context: is mary in the kitchen ? fred is in the park . julie is in the bedroom . bill travelled to the school . mary went to the school . is mary in the kitchen ?
Question: is mary in the kitchen ?
Answer: no </s>
Model prediction: no </s>
=========================
Step 36100: train_loss = 0.603311, train_acc = 0.750000, train ppl = 1.352095
Step 36200: train_loss = 2.348306, train_acc = 0.375000, train ppl = 3.235401
Step 36300: train_loss = 2.432368, train_acc = 0.375000, train ppl = 3.374286
Step 36400: train_loss = 1.923680, train_acc = 0.125000, train ppl = 2.616507
Step 36500: train_loss = 1.890994, train_acc = 0.125000, train ppl = 2.574092
Step 36600: train_loss = 0.682391, train_acc = 0.375000, train ppl = 1.406628
Step 36700: train_loss = 0.706268, train_acc = 0.625000, train ppl = 1.423522
Step 36800: train_loss = 1.110564, train_acc = 0.375000, train ppl = 1.742432
Step 36900: train_loss = 1.947467, train_acc = 0.125000, train ppl = 2.647811
Step 37000: train_loss = 1.178136, train_acc = 0.500000, train ppl = 1.802308
Step 37100: train_loss = 0.860895, train_acc = 0.375000, train ppl = 1.537946
==== Finshed epoch 33 ====
Evaluating model...
Epoch 33: validation accuracy = 0.381000 -- validation perplexity = 1.721362
Epoch 33: test accuracy: 0.413000
---- Qualitative Analysis
Context: is bill in the cinema ? mary journeyed to the park . mary went back to the kitchen . mary is in the bedroom . bill is either in the school or the kitchen . bill went back to the cinema . julie is either in the office or the kitchen . is bill in the cinema ?
Question: is bill in the cinema ?
Answer: yes </s>
Model prediction: yes </s>
=========================
Step 37200: train_loss = 1.129033, train_acc = 0.625000, train ppl = 1.758597
Step 37300: train_loss = 1.412718, train_acc = 0.625000, train ppl = 2.026599
Step 37400: train_loss = 1.690928, train_acc = 0.375000, train ppl = 2.329059
Step 37500: train_loss = 2.684978, train_acc = 0.250000, train ppl = 3.828561
Step 37600: train_loss = 1.958798, train_acc = 0.375000, train ppl = 2.662856
Step 37700: train_loss = 1.453837, train_acc = 0.375000, train ppl = 2.068696
Step 37800: train_loss = 0.831355, train_acc = 0.500000, train ppl = 1.515397
Step 37900: train_loss = 2.003175, train_acc = 0.375000, train ppl = 2.722600
Step 38000: train_loss = 4.179386, train_acc = 0.375000, train ppl = 8.082434
Step 38100: train_loss = 1.335547, train_acc = 0.250000, train ppl = 1.949891
Step 38200: train_loss = 1.070790, train_acc = 0.500000, train ppl = 1.708122
==== Finshed epoch 34 ====
Evaluating model...
Epoch 34: validation accuracy = 0.449000 -- validation perplexity = 1.724674
Epoch 34: test accuracy: 0.466000
---- Qualitative Analysis
Context: is bill in the kitchen ? bill is in the kitchen . mary is in the school . is bill in the kitchen ?
Question: is bill in the kitchen ?
Answer: yes </s>
Model prediction: no </s>
=========================
Model checkpoint saved in models/dummy/best_model.ckpt
Step 38300: train_loss = 2.770949, train_acc = 0.125000, train ppl = 3.996723
Step 38400: train_loss = 2.247356, train_acc = 0.375000, train ppl = 3.076147
Step 38500: train_loss = 1.705135, train_acc = 0.375000, train ppl = 2.345662
Step 38600: train_loss = 2.003000, train_acc = 0.500000, train ppl = 2.722362
Step 38700: train_loss = 3.286188, train_acc = 0.250000, train ppl = 5.171145
Step 38800: train_loss = 2.468223, train_acc = 0.375000, train ppl = 3.435325
