cell_type:                gru
max_gradient_norm:        1.0
data_dir:                 data/en-10k
num_epochs:               50
dropout_keep_prob:        0.7
encoder_type:             bi
learning_rate:            0.001
optimizer:                adam
batch_size:               16
merge_mode:               concat
model_type:               normal
val_split:                0.1
num_enc_layers:           1
vocab:                    data/vocab.txt
task:                     9
model_dir:                models/dummy
embedding_size:           128
num_units:                256
restore_from_dir:         None
Loading data...
vocabulary size = 487
Building model...
Running initializers...
Creating summary writers...
Performing evaluation before training...
---- Qualitative Analysis
Context: is john in the bedroom ? mary is not in the bathroom . john is in the kitchen . john went back to the garden . daniel went back to the office . sandra travelled to the hallway . sandra is in the kitchen . john journeyed to the hallway . daniel went back to the garden . daniel is in the bathroom . sandra is in the office . is john in the bedroom ?
Question: is john in the bedroom ?
Answer: no </s>
Model prediction: football football football football sphere 281 sphere office 101 give
=========================
Step 100: train_loss = 0.763380, train_acc = 0.562500, train ppl = 1.464758
Step 200: train_loss = 0.649461, train_acc = 0.687500, train ppl = 1.383658
Step 300: train_loss = 0.648055, train_acc = 0.437500, train ppl = 1.382685
Step 400: train_loss = 0.660116, train_acc = 0.500000, train ppl = 1.391049
Step 500: train_loss = 0.609492, train_acc = 0.625000, train ppl = 1.356280
==== Finshed epoch 1 ====
Evaluating model...
Epoch 1: validation accuracy = 0.639000 -- validation perplexity = 1.372903
Epoch 1: test accuracy: 0.614000
---- Qualitative Analysis
Context: is john in the bathroom ? sandra is no longer in the kitchen . john is in the bathroom . is john in the bathroom ?
Question: is john in the bathroom ?
Answer: yes </s>
Model prediction: no </s>
=========================
Model checkpoint saved in models/dummy/best_model.ckpt
Step 600: train_loss = 0.574755, train_acc = 0.625000, train ppl = 1.332928
Step 700: train_loss = 0.617685, train_acc = 0.687500, train ppl = 1.361848
Step 800: train_loss = 0.666365, train_acc = 0.500000, train ppl = 1.395402
Step 900: train_loss = 0.551136, train_acc = 0.750000, train ppl = 1.317279
Step 1000: train_loss = 0.538902, train_acc = 0.687500, train ppl = 1.309245
Step 1100: train_loss = 0.638075, train_acc = 0.687500, train ppl = 1.375803
==== Finshed epoch 2 ====
Evaluating model...
Epoch 2: validation accuracy = 0.642000 -- validation perplexity = 1.367162
Epoch 2: test accuracy: 0.632000
---- Qualitative Analysis
Context: is sandra in the bathroom ? mary travelled to the garden . daniel is in the garden . sandra went to the bathroom . john journeyed to the office . is sandra in the bathroom ?
Question: is sandra in the bathroom ?
Answer: yes </s>
Model prediction: yes </s>
=========================
Model checkpoint saved in models/dummy/best_model.ckpt
Step 1200: train_loss = 0.561921, train_acc = 0.562500, train ppl = 1.324401
Step 1300: train_loss = 0.697087, train_acc = 0.562500, train ppl = 1.417002
Step 1400: train_loss = 0.665312, train_acc = 0.562500, train ppl = 1.394667
Step 1500: train_loss = 0.644055, train_acc = 0.687500, train ppl = 1.379923
Step 1600: train_loss = 0.591487, train_acc = 0.750000, train ppl = 1.344125
==== Finshed epoch 3 ====
Evaluating model...
Epoch 3: validation accuracy = 0.636000 -- validation perplexity = 1.365329
Epoch 3: test accuracy: 0.638000
---- Qualitative Analysis
Context: is john in the bedroom ? mary is in the bathroom . daniel is in the bathroom . john is in the bedroom . john is not in the bedroom . mary went to the hallway . mary is in the garden . is john in the bedroom ?
Question: is john in the bedroom ?
Answer: no </s>
Model prediction: no </s>
=========================
Step 1700: train_loss = 0.678259, train_acc = 0.500000, train ppl = 1.403725
Step 1800: train_loss = 0.574414, train_acc = 0.812500, train ppl = 1.332700
Step 1900: train_loss = 0.700687, train_acc = 0.562500, train ppl = 1.419555
Step 2000: train_loss = 0.617061, train_acc = 0.625000, train ppl = 1.361423
Step 2100: train_loss = 0.589244, train_acc = 0.687500, train ppl = 1.342618
Step 2200: train_loss = 0.565218, train_acc = 0.625000, train ppl = 1.326586
==== Finshed epoch 4 ====
Evaluating model...
Epoch 4: validation accuracy = 0.640000 -- validation perplexity = 1.369671
Epoch 4: test accuracy: 0.608000
---- Qualitative Analysis
Context: is mary in the bathroom ? john went to the kitchen . mary is no longer in the kitchen . daniel is in the bedroom . mary journeyed to the kitchen . daniel is not in the bedroom . mary went back to the bathroom . is mary in the bathroom ?
Question: is mary in the bathroom ?
Answer: yes </s>
Model prediction: no </s>
=========================
Step 2300: train_loss = 0.763230, train_acc = 0.562500, train ppl = 1.464648
Step 2400: train_loss = 0.719141, train_acc = 0.437500, train ppl = 1.432714
Step 2500: train_loss = 0.747362, train_acc = 0.625000, train ppl = 1.453074
Step 2600: train_loss = 0.526505, train_acc = 0.625000, train ppl = 1.301155
Step 2700: train_loss = 0.646321, train_acc = 0.562500, train ppl = 1.381487
Step 2800: train_loss = 0.572668, train_acc = 0.687500, train ppl = 1.331537
==== Finshed epoch 5 ====
Evaluating model...
Epoch 5: validation accuracy = 0.620000 -- validation perplexity = 1.372972
Epoch 5: test accuracy: 0.629000
---- Qualitative Analysis
Context: is john in the hallway ? daniel travelled to the bathroom . sandra travelled to the bathroom . daniel is not in the bathroom . john is not in the hallway . is john in the hallway ?
Question: is john in the hallway ?
Answer: no </s>
Model prediction: no </s>
=========================
Step 2900: train_loss = 0.665901, train_acc = 0.562500, train ppl = 1.395078
Step 3000: train_loss = 0.589054, train_acc = 0.687500, train ppl = 1.342491
Step 3100: train_loss = 0.540975, train_acc = 0.750000, train ppl = 1.310603
Step 3200: train_loss = 0.441147, train_acc = 0.812500, train ppl = 1.246792
Step 3300: train_loss = 0.518003, train_acc = 0.750000, train ppl = 1.295636
==== Finshed epoch 6 ====
Evaluating model...
Epoch 6: validation accuracy = 0.717000 -- validation perplexity = 1.312357
Epoch 6: test accuracy: 0.709000
---- Qualitative Analysis
Context: is sandra in the bedroom ? john travelled to the garden . mary is in the kitchen . sandra travelled to the hallway . daniel moved to the bathroom . daniel is no longer in the bathroom . sandra is not in the hallway . john went to the kitchen . mary is in the office . sandra moved to the office . daniel is in the garden . is sandra in the bedroom ?
Question: is sandra in the bedroom ?
Answer: no </s>
Model prediction: yes </s>
=========================
Model checkpoint saved in models/dummy/best_model.ckpt
Step 3400: train_loss = 0.625409, train_acc = 0.562500, train ppl = 1.367117
Step 3500: train_loss = 0.411378, train_acc = 0.687500, train ppl = 1.228371
Step 3600: train_loss = 0.463694, train_acc = 0.687500, train ppl = 1.260927
Step 3700: train_loss = 0.533884, train_acc = 0.687500, train ppl = 1.305965
Step 3800: train_loss = 0.488378, train_acc = 0.812500, train ppl = 1.276586
Step 3900: train_loss = 0.397418, train_acc = 0.750000, train ppl = 1.219827
==== Finshed epoch 7 ====
Evaluating model...
Epoch 7: validation accuracy = 0.735000 -- validation perplexity = 1.290285
Epoch 7: test accuracy: 0.745000
---- Qualitative Analysis
Context: is john in the hallway ? john is no longer in the office . john is no longer in the hallway . john is in the hallway . mary is in the hallway . is john in the hallway ?
Question: is john in the hallway ?
Answer: yes </s>
Model prediction: yes </s>
=========================
Model checkpoint saved in models/dummy/best_model.ckpt
Step 4000: train_loss = 0.634401, train_acc = 0.625000, train ppl = 1.373278
Step 4100: train_loss = 0.670964, train_acc = 0.687500, train ppl = 1.398615
Step 4200: train_loss = 0.338144, train_acc = 0.875000, train ppl = 1.184205
Step 4300: train_loss = 0.252448, train_acc = 0.937500, train ppl = 1.134537
Step 4400: train_loss = 0.289416, train_acc = 0.875000, train ppl = 1.155702
Step 4500: train_loss = 0.666465, train_acc = 0.687500, train ppl = 1.395472
==== Finshed epoch 8 ====
Evaluating model...
Epoch 8: validation accuracy = 0.799000 -- validation perplexity = 1.257969
Epoch 8: test accuracy: 0.793000
---- Qualitative Analysis
Context: is john in the bedroom ? daniel is no longer in the bathroom . john is in the kitchen . is john in the bedroom ?
Question: is john in the bedroom ?
Answer: no </s>
Model prediction: no </s>
=========================
Model checkpoint saved in models/dummy/best_model.ckpt
Step 4600: train_loss = 0.501092, train_acc = 0.750000, train ppl = 1.284727
Step 4700: train_loss = 0.508325, train_acc = 0.750000, train ppl = 1.289382
Step 4800: train_loss = 0.183235, train_acc = 0.937500, train ppl = 1.095946
Step 4900: train_loss = 0.317708, train_acc = 0.812500, train ppl = 1.172167
Step 5000: train_loss = 0.245853, train_acc = 0.937500, train ppl = 1.130801
==== Finshed epoch 9 ====
Evaluating model...
Epoch 9: validation accuracy = 0.798000 -- validation perplexity = 1.253279
Epoch 9: test accuracy: 0.808000
---- Qualitative Analysis
Context: is john in the kitchen ? sandra travelled to the office . daniel is not in the kitchen . daniel is not in the bedroom . mary went back to the kitchen . john moved to the kitchen . daniel moved to the garden . sandra is in the bathroom . daniel journeyed to the office . is john in the kitchen ?
Question: is john in the kitchen ?
Answer: yes </s>
Model prediction: no </s>
=========================
Step 5100: train_loss = 0.746458, train_acc = 0.750000, train ppl = 1.452417
Step 5200: train_loss = 0.461980, train_acc = 0.812500, train ppl = 1.259847
Step 5300: train_loss = 0.098182, train_acc = 1.000000, train ppl = 1.050316
Step 5400: train_loss = 0.309437, train_acc = 0.812500, train ppl = 1.167329
Step 5500: train_loss = 0.187879, train_acc = 1.000000, train ppl = 1.098493
Step 5600: train_loss = 0.214083, train_acc = 0.937500, train ppl = 1.112980
==== Finshed epoch 10 ====
Evaluating model...
Epoch 10: validation accuracy = 0.837000 -- validation perplexity = 1.221572
Epoch 10: test accuracy: 0.826000
---- Qualitative Analysis
Context: is mary in the kitchen ? mary went back to the kitchen . sandra journeyed to the bedroom . is mary in the kitchen ?
Question: is mary in the kitchen ?
Answer: yes </s>
Model prediction: no </s>
=========================
Model checkpoint saved in models/dummy/best_model.ckpt
Step 5700: train_loss = 0.545805, train_acc = 0.750000, train ppl = 1.313772
Step 5800: train_loss = 0.448797, train_acc = 0.750000, train ppl = 1.251570
Step 5900: train_loss = 0.155794, train_acc = 1.000000, train ppl = 1.081011
Step 6000: train_loss = 0.142913, train_acc = 0.937500, train ppl = 1.074071
Step 6100: train_loss = 0.404755, train_acc = 0.812500, train ppl = 1.224310
==== Finshed epoch 11 ====
Evaluating model...
Epoch 11: validation accuracy = 0.841000 -- validation perplexity = 1.207271
Epoch 11: test accuracy: 0.832000
---- Qualitative Analysis
Context: is sandra in the office ? sandra moved to the bedroom . sandra journeyed to the office . sandra journeyed to the hallway . sandra journeyed to the garden . is sandra in the office ?
Question: is sandra in the office ?
Answer: no </s>
Model prediction: no </s>
=========================
Model checkpoint saved in models/dummy/best_model.ckpt
Step 6200: train_loss = 0.232223, train_acc = 0.875000, train ppl = 1.123121
Step 6300: train_loss = 0.636602, train_acc = 0.750000, train ppl = 1.374790
Step 6400: train_loss = 0.261094, train_acc = 0.875000, train ppl = 1.139451
Step 6500: train_loss = 0.292573, train_acc = 0.875000, train ppl = 1.157528
Step 6600: train_loss = 0.330240, train_acc = 0.812500, train ppl = 1.179535
Step 6700: train_loss = 0.139802, train_acc = 0.937500, train ppl = 1.072402
==== Finshed epoch 12 ====
Evaluating model...
Epoch 12: validation accuracy = 0.830000 -- validation perplexity = 1.204333
Epoch 12: test accuracy: 0.835000
---- Qualitative Analysis
Context: is john in the hallway ? john is no longer in the office . john is no longer in the hallway . is john in the hallway ?
Question: is john in the hallway ?
Answer: no </s>
Model prediction: no </s>
=========================
Step 6800: train_loss = 0.292008, train_acc = 0.875000, train ppl = 1.157201
Step 6900: train_loss = 0.254063, train_acc = 0.937500, train ppl = 1.135453
Step 7000: train_loss = 0.194414, train_acc = 0.875000, train ppl = 1.102088
Step 7100: train_loss = 0.129134, train_acc = 0.937500, train ppl = 1.066697
Step 7200: train_loss = 0.404375, train_acc = 0.875000, train ppl = 1.224077
Step 7300: train_loss = 0.377561, train_acc = 0.812500, train ppl = 1.207776
==== Finshed epoch 13 ====
Evaluating model...
Epoch 13: validation accuracy = 0.833000 -- validation perplexity = 1.215335
Epoch 13: test accuracy: 0.826000
---- Qualitative Analysis
Context: is sandra in the bedroom ? daniel is in the garden . sandra journeyed to the office . sandra went to the kitchen . mary travelled to the hallway . john is in the kitchen . sandra travelled to the garden . is sandra in the bedroom ?
Question: is sandra in the bedroom ?
Answer: no </s>
Model prediction: no </s>
=========================
Step 7400: train_loss = 0.294826, train_acc = 0.937500, train ppl = 1.158832
Step 7500: train_loss = 0.437350, train_acc = 0.875000, train ppl = 1.244427
Step 7600: train_loss = 0.121016, train_acc = 1.000000, train ppl = 1.062376
Step 7700: train_loss = 0.070323, train_acc = 1.000000, train ppl = 1.035787
Step 7800: train_loss = 0.127565, train_acc = 1.000000, train ppl = 1.065861
==== Finshed epoch 14 ====
Evaluating model...
Epoch 14: validation accuracy = 0.830000 -- validation perplexity = 1.248632
Epoch 14: test accuracy: 0.841000
---- Qualitative Analysis
Context: is john in the office ? sandra travelled to the bathroom . daniel is in the office . sandra travelled to the kitchen . daniel went to the hallway . john is in the office . mary travelled to the garden . sandra went to the bathroom . sandra travelled to the bedroom . is john in the office ?
Question: is john in the office ?
Answer: yes </s>
Model prediction: yes </s>
=========================
Step 7900: train_loss = 0.430277, train_acc = 0.750000, train ppl = 1.240034
Step 8000: train_loss = 0.382905, train_acc = 0.875000, train ppl = 1.211007
Step 8100: train_loss = 0.344794, train_acc = 0.875000, train ppl = 1.188149
Step 8200: train_loss = 0.168350, train_acc = 0.937500, train ppl = 1.087819
Step 8300: train_loss = 0.138390, train_acc = 0.937500, train ppl = 1.071645
Step 8400: train_loss = 0.092372, train_acc = 1.000000, train ppl = 1.047269
==== Finshed epoch 15 ====
Evaluating model...
Epoch 15: validation accuracy = 0.825000 -- validation perplexity = 1.274222
Epoch 15: test accuracy: 0.836000
---- Qualitative Analysis
Context: is mary in the bedroom ? daniel is in the bathroom . mary is no longer in the garden . daniel travelled to the office . mary is in the kitchen . is mary in the bedroom ?
Question: is mary in the bedroom ?
Answer: no </s>
Model prediction: no </s>
=========================
Step 8500: train_loss = 0.111321, train_acc = 1.000000, train ppl = 1.057239
Step 8600: train_loss = 0.153674, train_acc = 0.875000, train ppl = 1.079866
Step 8700: train_loss = 0.211185, train_acc = 0.875000, train ppl = 1.111369
Step 8800: train_loss = 0.294677, train_acc = 0.812500, train ppl = 1.158746
Step 8900: train_loss = 0.203174, train_acc = 0.875000, train ppl = 1.106926
Step 9000: train_loss = 0.380385, train_acc = 0.812500, train ppl = 1.209483
==== Finshed epoch 16 ====
Evaluating model...
Epoch 16: validation accuracy = 0.816000 -- validation perplexity = 1.298273
Epoch 16: test accuracy: 0.833000
---- Qualitative Analysis
Context: is john in the office ? sandra travelled to the kitchen . mary journeyed to the hallway . daniel travelled to the bathroom . mary journeyed to the bedroom . daniel is in the kitchen . sandra travelled to the garden . john journeyed to the bathroom . sandra moved to the bathroom . john went to the office . daniel went back to the garden . is john in the office ?
Question: is john in the office ?
Answer: yes </s>
Model prediction: yes </s>
=========================
Step 9100: train_loss = 0.125215, train_acc = 0.875000, train ppl = 1.064609
Step 9200: train_loss = 0.048814, train_acc = 1.000000, train ppl = 1.024707
Step 9300: train_loss = 0.286341, train_acc = 0.875000, train ppl = 1.153926
Step 9400: train_loss = 0.245925, train_acc = 0.875000, train ppl = 1.130842
Step 9500: train_loss = 0.041573, train_acc = 1.000000, train ppl = 1.021004
==== Finshed epoch 17 ====
Evaluating model...
Epoch 17: validation accuracy = 0.826000 -- validation perplexity = 1.304458
Epoch 17: test accuracy: 0.828000
---- Qualitative Analysis
Context: is john in the bedroom ? john travelled to the bathroom . daniel moved to the garden . john went back to the office . john is not in the office . sandra moved to the office . daniel is in the bedroom . john is no longer in the bedroom . mary travelled to the kitchen . is john in the bedroom ?
Question: is john in the bedroom ?
Answer: no </s>
Model prediction: no </s>
=========================
Step 9600: train_loss = 0.237627, train_acc = 0.937500, train ppl = 1.126160
Step 9700: train_loss = 0.279064, train_acc = 0.875000, train ppl = 1.149735
Step 9800: train_loss = 0.101680, train_acc = 0.937500, train ppl = 1.052155
Step 9900: train_loss = 0.056585, train_acc = 1.000000, train ppl = 1.028697
Step 10000: train_loss = 0.118870, train_acc = 0.937500, train ppl = 1.061237
Step 10100: train_loss = 0.040705, train_acc = 1.000000, train ppl = 1.020561
==== Finshed epoch 18 ====
Evaluating model...
Epoch 18: validation accuracy = 0.816000 -- validation perplexity = 1.328554
Epoch 18: test accuracy: 0.827000
---- Qualitative Analysis
Context: is daniel in the bathroom ? john travelled to the garden . mary is in the kitchen . sandra travelled to the hallway . daniel moved to the bathroom . daniel is no longer in the bathroom . sandra is not in the hallway . is daniel in the bathroom ?
Question: is daniel in the bathroom ?
Answer: no </s>
Model prediction: no </s>
=========================
Step 10200: train_loss = 0.086858, train_acc = 1.000000, train ppl = 1.044386
Step 10300: train_loss = 0.016649, train_acc = 1.000000, train ppl = 1.008359
Step 10400: train_loss = 0.076387, train_acc = 1.000000, train ppl = 1.038932
Step 10500: train_loss = 0.033153, train_acc = 1.000000, train ppl = 1.016715
Step 10600: train_loss = 0.667883, train_acc = 0.812500, train ppl = 1.396461
==== Finshed epoch 19 ====
Evaluating model...
Epoch 19: validation accuracy = 0.821000 -- validation perplexity = 1.447010
Epoch 19: test accuracy: 0.829000
---- Qualitative Analysis
Context: is john in the bedroom ? sandra is in the office . daniel travelled to the bedroom . john is in the garden . sandra moved to the kitchen . john is in the bedroom . mary went to the garden . is john in the bedroom ?
Question: is john in the bedroom ?
Answer: yes </s>
Model prediction: yes </s>
=========================
Step 10700: train_loss = 0.179910, train_acc = 0.937500, train ppl = 1.094125
Step 10800: train_loss = 0.097409, train_acc = 1.000000, train ppl = 1.049910
Step 10900: train_loss = 0.272795, train_acc = 0.812500, train ppl = 1.146137
Step 11000: train_loss = 0.358177, train_acc = 0.875000, train ppl = 1.196127
Step 11100: train_loss = 0.019644, train_acc = 1.000000, train ppl = 1.009870
Step 11200: train_loss = 0.012722, train_acc = 1.000000, train ppl = 1.006381
==== Finshed epoch 20 ====
Evaluating model...
Epoch 20: validation accuracy = 0.815000 -- validation perplexity = 1.541739
Epoch 20: test accuracy: 0.829000
---- Qualitative Analysis
Context: is john in the kitchen ? john went to the kitchen . john is in the bedroom . daniel is not in the hallway . sandra went to the kitchen . mary journeyed to the hallway . john is in the kitchen . is john in the kitchen ?
Question: is john in the kitchen ?
Answer: yes </s>
Model prediction: yes </s>
=========================
Step 11300: train_loss = 0.127465, train_acc = 0.937500, train ppl = 1.065807
Step 11400: train_loss = 0.011052, train_acc = 1.000000, train ppl = 1.005541
Step 11500: train_loss = 0.560410, train_acc = 0.812500, train ppl = 1.323401
Step 11600: train_loss = 0.007346, train_acc = 1.000000, train ppl = 1.003680
Step 11700: train_loss = 0.242845, train_acc = 0.875000, train ppl = 1.129102
Step 11800: train_loss = 0.030779, train_acc = 1.000000, train ppl = 1.015508
==== Finshed epoch 21 ====
Evaluating model...
Epoch 21: validation accuracy = 0.810000 -- validation perplexity = 1.570694
Epoch 21: test accuracy: 0.817000
---- Qualitative Analysis
Context: is mary in the bedroom ? john is not in the kitchen . daniel went back to the hallway . john moved to the kitchen . daniel went to the bedroom . john went back to the bathroom . john is in the bedroom . daniel went back to the kitchen . mary is no longer in the hallway . john travelled to the office . mary is in the office . is mary in the bedroom ?
Question: is mary in the bedroom ?
Answer: no </s>
Model prediction: no </s>
=========================
Step 11900: train_loss = 0.134378, train_acc = 0.937500, train ppl = 1.069497
Step 12000: train_loss = 0.153904, train_acc = 0.937500, train ppl = 1.079990
Step 12100: train_loss = 0.407763, train_acc = 0.875000, train ppl = 1.226153
Step 12200: train_loss = 0.307530, train_acc = 0.937500, train ppl = 1.166217
Step 12300: train_loss = 0.003558, train_acc = 1.000000, train ppl = 1.001780
==== Finshed epoch 22 ====
Evaluating model...
Epoch 22: validation accuracy = 0.818000 -- validation perplexity = 1.651525
Epoch 22: test accuracy: 0.831000
---- Qualitative Analysis
Context: is john in the garden ? mary travelled to the office . daniel went to the office . daniel is no longer in the office . sandra travelled to the hallway . john is no longer in the garden . sandra is not in the hallway . is john in the garden ?
Question: is john in the garden ?
Answer: no </s>
Model prediction: no </s>
=========================
Step 12400: train_loss = 0.009532, train_acc = 1.000000, train ppl = 1.004777
Step 12500: train_loss = 0.055062, train_acc = 0.937500, train ppl = 1.027914
Step 12600: train_loss = 0.001059, train_acc = 1.000000, train ppl = 1.000530
Step 12700: train_loss = 0.008790, train_acc = 1.000000, train ppl = 1.004405
Step 12800: train_loss = 0.102546, train_acc = 0.937500, train ppl = 1.052610
Step 12900: train_loss = 0.022640, train_acc = 1.000000, train ppl = 1.011384
==== Finshed epoch 23 ====
Evaluating model...
Epoch 23: validation accuracy = 0.821000 -- validation perplexity = 1.752458
Epoch 23: test accuracy: 0.826000
---- Qualitative Analysis
Context: is daniel in the kitchen ? sandra is in the kitchen . daniel went back to the kitchen . is daniel in the kitchen ?
Question: is daniel in the kitchen ?
Answer: yes </s>
Model prediction: yes </s>
=========================
Step 13000: train_loss = 0.000400, train_acc = 1.000000, train ppl = 1.000200
Step 13100: train_loss = 0.025352, train_acc = 1.000000, train ppl = 1.012757
Step 13200: train_loss = 0.085511, train_acc = 0.937500, train ppl = 1.043682
Step 13300: train_loss = 0.118988, train_acc = 0.875000, train ppl = 1.061299
Step 13400: train_loss = 0.001469, train_acc = 1.000000, train ppl = 1.000735
Step 13500: train_loss = 0.020337, train_acc = 1.000000, train ppl = 1.010220
==== Finshed epoch 24 ====
Evaluating model...
Epoch 24: validation accuracy = 0.823000 -- validation perplexity = 1.746965
Epoch 24: test accuracy: 0.838000
---- Qualitative Analysis
Context: is sandra in the hallway ? sandra went back to the hallway . sandra is not in the hallway . mary is in the hallway . john went back to the bedroom . is sandra in the hallway ?
Question: is sandra in the hallway ?
Answer: no </s>
Model prediction: yes </s>
=========================
Step 13600: train_loss = 0.004813, train_acc = 1.000000, train ppl = 1.002409
Step 13700: train_loss = 0.089572, train_acc = 0.937500, train ppl = 1.045804
Step 13800: train_loss = 0.537741, train_acc = 0.937500, train ppl = 1.308486
Step 13900: train_loss = 0.000538, train_acc = 1.000000, train ppl = 1.000269
Step 14000: train_loss = 0.004342, train_acc = 1.000000, train ppl = 1.002173
==== Finshed epoch 25 ====
Evaluating model...
Epoch 25: validation accuracy = 0.807000 -- validation perplexity = 1.744955
Epoch 25: test accuracy: 0.809000
---- Qualitative Analysis
Context: is mary in the bathroom ? john is in the garden . daniel went to the hallway . mary journeyed to the bathroom . mary journeyed to the hallway . sandra travelled to the hallway . mary went to the bathroom . john is not in the garden . mary is not in the bathroom . is mary in the bathroom ?
Question: is mary in the bathroom ?
Answer: no </s>
Model prediction: no </s>
=========================
Step 14100: train_loss = 0.099115, train_acc = 0.937500, train ppl = 1.050806
Step 14200: train_loss = 0.017758, train_acc = 1.000000, train ppl = 1.008918
Step 14300: train_loss = 0.001809, train_acc = 1.000000, train ppl = 1.000905
Step 14400: train_loss = 0.048565, train_acc = 1.000000, train ppl = 1.024580
Step 14500: train_loss = 0.006079, train_acc = 1.000000, train ppl = 1.003044
Step 14600: train_loss = 0.002157, train_acc = 1.000000, train ppl = 1.001079
==== Finshed epoch 26 ====
Evaluating model...
Epoch 26: validation accuracy = 0.820000 -- validation perplexity = 1.684330
Epoch 26: test accuracy: 0.828000
---- Qualitative Analysis
Context: is john in the kitchen ? john moved to the bathroom . mary is in the bedroom . john moved to the hallway . sandra is in the hallway . sandra is no longer in the hallway . sandra went back to the office . is john in the kitchen ?
Question: is john in the kitchen ?
Answer: no </s>
Model prediction: no </s>
=========================
Step 14700: train_loss = 0.001678, train_acc = 1.000000, train ppl = 1.000839
Step 14800: train_loss = 0.000261, train_acc = 1.000000, train ppl = 1.000130
Step 14900: train_loss = 0.008358, train_acc = 1.000000, train ppl = 1.004188
Step 15000: train_loss = 0.004112, train_acc = 1.000000, train ppl = 1.002058
Step 15100: train_loss = 0.003347, train_acc = 1.000000, train ppl = 1.001675
Step 15200: train_loss = 0.100688, train_acc = 0.937500, train ppl = 1.051633
==== Finshed epoch 27 ====
Evaluating model...
Epoch 27: validation accuracy = 0.818000 -- validation perplexity = 1.871988
Epoch 27: test accuracy: 0.818000
---- Qualitative Analysis
Context: is john in the kitchen ? john moved to the bathroom . mary is in the bedroom . john moved to the hallway . sandra is in the hallway . sandra is no longer in the hallway . sandra went back to the office . is john in the kitchen ?
Question: is john in the kitchen ?
Answer: no </s>
Model prediction: no </s>
=========================
Step 15300: train_loss = 0.015589, train_acc = 1.000000, train ppl = 1.007825
Step 15400: train_loss = 0.000252, train_acc = 1.000000, train ppl = 1.000126
Step 15500: train_loss = 0.007559, train_acc = 1.000000, train ppl = 1.003786
Step 15600: train_loss = 0.124136, train_acc = 0.937500, train ppl = 1.064035
Step 15700: train_loss = 0.002768, train_acc = 1.000000, train ppl = 1.001385
==== Finshed epoch 28 ====
Evaluating model...
Epoch 28: validation accuracy = 0.821000 -- validation perplexity = 1.873187
Epoch 28: test accuracy: 0.819000
---- Qualitative Analysis
Context: is john in the bedroom ? sandra travelled to the garden . sandra went to the bathroom . john is in the kitchen . daniel is in the garden . sandra moved to the garden . mary went to the bedroom . john moved to the hallway . john travelled to the bedroom . is john in the bedroom ?
Question: is john in the bedroom ?
Answer: yes </s>
Model prediction: yes </s>
=========================
Step 15800: train_loss = 0.000692, train_acc = 1.000000, train ppl = 1.000346
Step 15900: train_loss = 0.000899, train_acc = 1.000000, train ppl = 1.000450
Step 16000: train_loss = 0.000468, train_acc = 1.000000, train ppl = 1.000234
Step 16100: train_loss = 0.133435, train_acc = 0.937500, train ppl = 1.068993
Step 16200: train_loss = 0.001302, train_acc = 1.000000, train ppl = 1.000651
Step 16300: train_loss = 0.001170, train_acc = 1.000000, train ppl = 1.000585
==== Finshed epoch 29 ====
Evaluating model...
Epoch 29: validation accuracy = 0.813000 -- validation perplexity = 2.017275
Epoch 29: test accuracy: 0.841000
---- Qualitative Analysis
Context: is john in the bedroom ? sandra is in the office . daniel travelled to the bedroom . john is in the garden . sandra moved to the kitchen . john is in the bedroom . mary went to the garden . mary journeyed to the kitchen . sandra is no longer in the kitchen . is john in the bedroom ?
Question: is john in the bedroom ?
Answer: yes </s>
Model prediction: no </s>
=========================
Step 16400: train_loss = 0.106974, train_acc = 0.937500, train ppl = 1.054943
Step 16500: train_loss = 0.002258, train_acc = 1.000000, train ppl = 1.001130
Step 16600: train_loss = 0.129490, train_acc = 0.937500, train ppl = 1.066887
Step 16700: train_loss = 0.182720, train_acc = 0.937500, train ppl = 1.095664
Step 16800: train_loss = 0.006864, train_acc = 1.000000, train ppl = 1.003438
==== Finshed epoch 30 ====
Evaluating model...
Epoch 30: validation accuracy = 0.823000 -- validation perplexity = 1.955147
Epoch 30: test accuracy: 0.829000
---- Qualitative Analysis
Context: is mary in the bedroom ? daniel travelled to the office . mary journeyed to the bedroom . mary is no longer in the bedroom . john is in the kitchen . mary is in the kitchen . sandra is in the bedroom . is mary in the bedroom ?
Question: is mary in the bedroom ?
Answer: no </s>
Model prediction: yes </s>
=========================
Step 16900: train_loss = 0.000350, train_acc = 1.000000, train ppl = 1.000175
Step 17000: train_loss = 0.437201, train_acc = 0.937500, train ppl = 1.244334
Step 17100: train_loss = 0.008026, train_acc = 1.000000, train ppl = 1.004021
Step 17200: train_loss = 0.100921, train_acc = 0.937500, train ppl = 1.051755
Step 17300: train_loss = 0.000264, train_acc = 1.000000, train ppl = 1.000132
Step 17400: train_loss = 0.024731, train_acc = 1.000000, train ppl = 1.012442
==== Finshed epoch 31 ====
Evaluating model...
Epoch 31: validation accuracy = 0.824000 -- validation perplexity = 2.020342
Epoch 31: test accuracy: 0.831000
---- Qualitative Analysis
Context: is john in the garden ? mary moved to the office . mary is in the bathroom . mary travelled to the garden . sandra is no longer in the office . mary is not in the garden . john moved to the hallway . mary moved to the hallway . john travelled to the garden . is john in the garden ?
Question: is john in the garden ?
Answer: yes </s>
Model prediction: yes </s>
=========================
Step 17500: train_loss = 0.003121, train_acc = 1.000000, train ppl = 1.001562
Step 17600: train_loss = 0.011862, train_acc = 1.000000, train ppl = 1.005948
Step 17700: train_loss = 0.022566, train_acc = 1.000000, train ppl = 1.011347
Step 17800: train_loss = 0.000474, train_acc = 1.000000, train ppl = 1.000237
Step 17900: train_loss = 0.015895, train_acc = 1.000000, train ppl = 1.007979
Step 18000: train_loss = 0.087008, train_acc = 0.937500, train ppl = 1.044464
==== Finshed epoch 32 ====
Evaluating model...
Epoch 32: validation accuracy = 0.810000 -- validation perplexity = 1.853994
Epoch 32: test accuracy: 0.823000
---- Qualitative Analysis
Context: is john in the garden ? john is no longer in the garden . daniel is in the hallway . is john in the garden ?
Question: is john in the garden ?
Answer: no </s>
Model prediction: no </s>
=========================
Step 18100: train_loss = 0.008843, train_acc = 1.000000, train ppl = 1.004431
Step 18200: train_loss = 0.000000, train_acc = 1.000000, train ppl = 1.000000
Step 18300: train_loss = 0.225034, train_acc = 0.937500, train ppl = 1.119091
Step 18400: train_loss = 0.001064, train_acc = 1.000000, train ppl = 1.000532
Step 18500: train_loss = 0.002349, train_acc = 1.000000, train ppl = 1.001175
==== Finshed epoch 33 ====
Evaluating model...
Epoch 33: validation accuracy = 0.806000 -- validation perplexity = 2.136111
Epoch 33: test accuracy: 0.825000
---- Qualitative Analysis
Context: is sandra in the kitchen ? john is no longer in the kitchen . john went to the garden . mary went back to the bathroom . sandra is not in the office . daniel journeyed to the office . sandra journeyed to the office . is sandra in the kitchen ?
Question: is sandra in the kitchen ?
Answer: no </s>
Model prediction: no </s>
=========================
Step 18600: train_loss = 0.081284, train_acc = 0.937500, train ppl = 1.041479
Step 18700: train_loss = 0.000150, train_acc = 1.000000, train ppl = 1.000075
Step 18800: train_loss = 0.043234, train_acc = 1.000000, train ppl = 1.021852
Step 18900: train_loss = 0.000014, train_acc = 1.000000, train ppl = 1.000007
Step 19000: train_loss = 0.000167, train_acc = 1.000000, train ppl = 1.000083
Step 19100: train_loss = 0.066084, train_acc = 0.937500, train ppl = 1.033594
==== Finshed epoch 34 ====
Evaluating model...
Epoch 34: validation accuracy = 0.817000 -- validation perplexity = 2.144006
Epoch 34: test accuracy: 0.835000
---- Qualitative Analysis
Context: is mary in the office ? mary went to the office . mary travelled to the hallway . daniel is no longer in the garden . mary journeyed to the bathroom . mary journeyed to the garden . sandra is in the hallway . is mary in the office ?
Question: is mary in the office ?
Answer: no </s>
Model prediction: no </s>
=========================
Step 19200: train_loss = 0.004929, train_acc = 1.000000, train ppl = 1.002467
Step 19300: train_loss = 0.000640, train_acc = 1.000000, train ppl = 1.000320
Step 19400: train_loss = 0.000072, train_acc = 1.000000, train ppl = 1.000036
Step 19500: train_loss = 0.039774, train_acc = 1.000000, train ppl = 1.020086
Step 19600: train_loss = 0.000833, train_acc = 1.000000, train ppl = 1.000416
Step 19700: train_loss = 0.246215, train_acc = 0.937500, train ppl = 1.131006
==== Finshed epoch 35 ====
Evaluating model...
Epoch 35: validation accuracy = 0.819000 -- validation perplexity = 2.059602
Epoch 35: test accuracy: 0.821000
---- Qualitative Analysis
Context: is daniel in the kitchen ? mary is in the kitchen . john is no longer in the office . daniel journeyed to the bedroom . mary travelled to the garden . mary journeyed to the hallway . mary is not in the hallway . mary went to the hallway . mary travelled to the garden . daniel is in the office . daniel is in the bedroom . is daniel in the kitchen ?
Question: is daniel in the kitchen ?
Answer: no </s>
Model prediction: no </s>
=========================
Step 19800: train_loss = 0.198800, train_acc = 0.937500, train ppl = 1.104508
Step 19900: train_loss = 0.000190, train_acc = 1.000000, train ppl = 1.000095
Step 20000: train_loss = 0.000656, train_acc = 1.000000, train ppl = 1.000328
Step 20100: train_loss = 0.541685, train_acc = 0.937500, train ppl = 1.311069
Step 20200: train_loss = 0.002925, train_acc = 1.000000, train ppl = 1.001463
==== Finshed epoch 36 ====
Evaluating model...
Epoch 36: validation accuracy = 0.812000 -- validation perplexity = 2.144415
Epoch 36: test accuracy: 0.828000
---- Qualitative Analysis
Context: is mary in the hallway ? mary is in the hallway . daniel is in the bathroom . is mary in the hallway ?
Question: is mary in the hallway ?
Answer: yes </s>
Model prediction: yes </s>
=========================
Step 20300: train_loss = 0.000001, train_acc = 1.000000, train ppl = 1.000001
Step 20400: train_loss = 0.000118, train_acc = 1.000000, train ppl = 1.000059
Step 20500: train_loss = 0.023606, train_acc = 1.000000, train ppl = 1.011873
Step 20600: train_loss = 0.003792, train_acc = 1.000000, train ppl = 1.001898
Step 20700: train_loss = 0.003169, train_acc = 1.000000, train ppl = 1.001585
Step 20800: train_loss = 0.111155, train_acc = 0.937500, train ppl = 1.057151
==== Finshed epoch 37 ====
Evaluating model...
Epoch 37: validation accuracy = 0.825000 -- validation perplexity = 1.949695
Epoch 37: test accuracy: 0.826000
---- Qualitative Analysis
Context: is sandra in the bedroom ? john is in the bathroom . john is no longer in the bathroom . mary is not in the bedroom . mary moved to the office . john is in the garden . sandra journeyed to the bathroom . sandra went back to the bedroom . daniel journeyed to the kitchen . is sandra in the bedroom ?
Question: is sandra in the bedroom ?
Answer: yes </s>
Model prediction: yes </s>
=========================
Step 20900: train_loss = 0.096667, train_acc = 0.937500, train ppl = 1.049520
Step 21000: train_loss = 0.013953, train_acc = 1.000000, train ppl = 1.007001
Step 21100: train_loss = 0.007682, train_acc = 1.000000, train ppl = 1.003848
Step 21200: train_loss = 0.000094, train_acc = 1.000000, train ppl = 1.000047
Step 21300: train_loss = 0.000204, train_acc = 1.000000, train ppl = 1.000102
==== Finshed epoch 38 ====
Evaluating model...
Epoch 38: validation accuracy = 0.822000 -- validation perplexity = 1.977463
Epoch 38: test accuracy: 0.817000
---- Qualitative Analysis
Context: is sandra in the bathroom ? sandra went back to the bathroom . john is not in the office . sandra is not in the bathroom . daniel went back to the kitchen . is sandra in the bathroom ?
Question: is sandra in the bathroom ?
Answer: no </s>
Model prediction: no </s>
=========================
Step 21400: train_loss = 0.073660, train_acc = 1.000000, train ppl = 1.037516
Step 21500: train_loss = 0.000018, train_acc = 1.000000, train ppl = 1.000009
Step 21600: train_loss = 0.000863, train_acc = 1.000000, train ppl = 1.000432
Step 21700: train_loss = 0.031416, train_acc = 1.000000, train ppl = 1.015832
Step 21800: train_loss = 0.000699, train_acc = 1.000000, train ppl = 1.000350
Step 21900: train_loss = 0.232846, train_acc = 0.937500, train ppl = 1.123471
==== Finshed epoch 39 ====
Evaluating model...
Epoch 39: validation accuracy = 0.808000 -- validation perplexity = 2.217603
Epoch 39: test accuracy: 0.826000
---- Qualitative Analysis
Context: is john in the kitchen ? daniel went back to the office . sandra is in the hallway . mary travelled to the hallway . daniel travelled to the bathroom . sandra is in the kitchen . sandra is in the garden . sandra is in the hallway . daniel journeyed to the garden . mary is in the bedroom . john went back to the bedroom . is john in the kitchen ?
Question: is john in the kitchen ?
Answer: no </s>
Model prediction: no </s>
=========================
Step 22000: train_loss = 0.000279, train_acc = 1.000000, train ppl = 1.000140
Step 22100: train_loss = 0.001283, train_acc = 1.000000, train ppl = 1.000641
Step 22200: train_loss = 0.002254, train_acc = 1.000000, train ppl = 1.001128
Step 22300: train_loss = 0.000054, train_acc = 1.000000, train ppl = 1.000027
Step 22400: train_loss = 0.000212, train_acc = 1.000000, train ppl = 1.000106
Step 22500: train_loss = 0.035153, train_acc = 1.000000, train ppl = 1.017732
==== Finshed epoch 40 ====
Evaluating model...
Epoch 40: validation accuracy = 0.816000 -- validation perplexity = 2.088989
Epoch 40: test accuracy: 0.828000
---- Qualitative Analysis
Context: is mary in the bathroom ? john moved to the bathroom . daniel moved to the bathroom . sandra went to the kitchen . daniel journeyed to the bedroom . sandra went to the garden . sandra is no longer in the garden . daniel is not in the bedroom . mary is not in the office . sandra is no longer in the bedroom . mary moved to the bathroom . is mary in the bathroom ?
Question: is mary in the bathroom ?
Answer: yes </s>
Model prediction: yes </s>
=========================
Step 22600: train_loss = 0.135158, train_acc = 0.937500, train ppl = 1.069915
Step 22700: train_loss = 0.000348, train_acc = 1.000000, train ppl = 1.000174
Step 22800: train_loss = 0.000726, train_acc = 1.000000, train ppl = 1.000363
Step 22900: train_loss = 0.025118, train_acc = 1.000000, train ppl = 1.012638
Step 23000: train_loss = 0.005872, train_acc = 1.000000, train ppl = 1.002940
==== Finshed epoch 41 ====
Evaluating model...
Epoch 41: validation accuracy = 0.811000 -- validation perplexity = 2.084175
Epoch 41: test accuracy: 0.825000
---- Qualitative Analysis
Context: is sandra in the hallway ? sandra went back to the hallway . sandra is not in the hallway . is sandra in the hallway ?
Question: is sandra in the hallway ?
Answer: no </s>
Model prediction: no </s>
=========================
Step 23100: train_loss = 0.048058, train_acc = 0.937500, train ppl = 1.024320
Step 23200: train_loss = 0.000198, train_acc = 1.000000, train ppl = 1.000099
Step 23300: train_loss = 0.000530, train_acc = 1.000000, train ppl = 1.000265
Step 23400: train_loss = 0.088398, train_acc = 0.937500, train ppl = 1.045190
Step 23500: train_loss = 0.000728, train_acc = 1.000000, train ppl = 1.000364
Step 23600: train_loss = 0.296621, train_acc = 0.937500, train ppl = 1.159873
==== Finshed epoch 42 ====
Evaluating model...
Epoch 42: validation accuracy = 0.817000 -- validation perplexity = 2.047045
Epoch 42: test accuracy: 0.832000
---- Qualitative Analysis
Context: is mary in the kitchen ? mary went back to the kitchen . sandra journeyed to the bedroom . is mary in the kitchen ?
Question: is mary in the kitchen ?
Answer: yes </s>
Model prediction: yes </s>
=========================
Step 23700: train_loss = 0.011940, train_acc = 1.000000, train ppl = 1.005988
Step 23800: train_loss = 0.098983, train_acc = 0.937500, train ppl = 1.050737
Step 23900: train_loss = 0.000262, train_acc = 1.000000, train ppl = 1.000131
Step 24000: train_loss = 0.048678, train_acc = 0.937500, train ppl = 1.024638
Step 24100: train_loss = 0.000053, train_acc = 1.000000, train ppl = 1.000027
Step 24200: train_loss = 0.000001, train_acc = 1.000000, train ppl = 1.000001
==== Finshed epoch 43 ====
Evaluating model...
Epoch 43: validation accuracy = 0.829000 -- validation perplexity = 1.955353
Epoch 43: test accuracy: 0.815000
---- Qualitative Analysis
Context: is john in the bedroom ? sandra is in the office . daniel travelled to the bedroom . john is in the garden . sandra moved to the kitchen . john is in the bedroom . mary went to the garden . is john in the bedroom ?
Question: is john in the bedroom ?
Answer: yes </s>
Model prediction: yes </s>
=========================
Step 24300: train_loss = 0.162542, train_acc = 0.937500, train ppl = 1.084665
Step 24400: train_loss = 0.006320, train_acc = 1.000000, train ppl = 1.003165
Step 24500: train_loss = 0.193092, train_acc = 0.937500, train ppl = 1.101360
Step 24600: train_loss = 0.000164, train_acc = 1.000000, train ppl = 1.000082
Step 24700: train_loss = 0.001540, train_acc = 1.000000, train ppl = 1.000770
==== Finshed epoch 44 ====
Evaluating model...
Epoch 44: validation accuracy = 0.837000 -- validation perplexity = 1.949002
Epoch 44: test accuracy: 0.834000
---- Qualitative Analysis
Context: is daniel in the kitchen ? john is no longer in the kitchen . john went to the garden . mary went back to the bathroom . sandra is not in the office . daniel journeyed to the office . sandra journeyed to the office . john moved to the bathroom . daniel travelled to the kitchen . daniel is not in the kitchen . mary is in the garden . is daniel in the kitchen ?
Question: is daniel in the kitchen ?
Answer: no </s>
Model prediction: no </s>
=========================
Step 24800: train_loss = 0.000838, train_acc = 1.000000, train ppl = 1.000419
Step 24900: train_loss = 0.392320, train_acc = 0.937500, train ppl = 1.216722
Step 25000: train_loss = 0.000059, train_acc = 1.000000, train ppl = 1.000029
Step 25100: train_loss = 0.003324, train_acc = 1.000000, train ppl = 1.001663
Step 25200: train_loss = 0.252703, train_acc = 0.937500, train ppl = 1.134681
Step 25300: train_loss = 0.000019, train_acc = 1.000000, train ppl = 1.000009
==== Finshed epoch 45 ====
Evaluating model...
Epoch 45: validation accuracy = 0.830000 -- validation perplexity = 2.057100
Epoch 45: test accuracy: 0.832000
---- Qualitative Analysis
Context: is sandra in the bathroom ? mary is in the kitchen . john went to the bedroom . john went back to the bathroom . sandra travelled to the garden . mary is in the office . sandra is in the bedroom . john is not in the bathroom . sandra went to the bathroom . is sandra in the bathroom ?
Question: is sandra in the bathroom ?
Answer: yes </s>
Model prediction: yes </s>
=========================
Step 25400: train_loss = 0.039934, train_acc = 1.000000, train ppl = 1.020168
Step 25500: train_loss = 0.000047, train_acc = 1.000000, train ppl = 1.000023
Step 25600: train_loss = 0.000003, train_acc = 1.000000, train ppl = 1.000002
Step 25700: train_loss = 0.000062, train_acc = 1.000000, train ppl = 1.000031
Step 25800: train_loss = 0.021512, train_acc = 1.000000, train ppl = 1.010814
==== Finshed epoch 46 ====
Evaluating model...
Epoch 46: validation accuracy = 0.829000 -- validation perplexity = 2.000504
Epoch 46: test accuracy: 0.831000
---- Qualitative Analysis
Context: is mary in the bathroom ? mary is in the garden . sandra is no longer in the kitchen . mary journeyed to the bathroom . sandra is not in the bedroom . is mary in the bathroom ?
Question: is mary in the bathroom ?
Answer: yes </s>
Model prediction: yes </s>
=========================
Step 25900: train_loss = 0.019778, train_acc = 1.000000, train ppl = 1.009938
Step 26000: train_loss = 0.000023, train_acc = 1.000000, train ppl = 1.000012
Step 26100: train_loss = 0.000106, train_acc = 1.000000, train ppl = 1.000053
Step 26200: train_loss = 0.000792, train_acc = 1.000000, train ppl = 1.000396
Step 26300: train_loss = 0.001115, train_acc = 1.000000, train ppl = 1.000558
Step 26400: train_loss = 0.020647, train_acc = 1.000000, train ppl = 1.010377
==== Finshed epoch 47 ====
Evaluating model...
Epoch 47: validation accuracy = 0.841000 -- validation perplexity = 2.097408
Epoch 47: test accuracy: 0.823000
---- Qualitative Analysis
Context: is sandra in the hallway ? sandra went back to the bathroom . john is not in the office . sandra is not in the bathroom . daniel went back to the kitchen . sandra is no longer in the hallway . john is in the bedroom . is sandra in the hallway ?
Question: is sandra in the hallway ?
Answer: no </s>
Model prediction: no </s>
=========================
Step 26500: train_loss = 0.002656, train_acc = 1.000000, train ppl = 1.001329
Step 26600: train_loss = 0.303565, train_acc = 0.937500, train ppl = 1.163907
Step 26700: train_loss = 0.005693, train_acc = 1.000000, train ppl = 1.002851
Step 26800: train_loss = 0.000132, train_acc = 1.000000, train ppl = 1.000066
Step 26900: train_loss = 0.000964, train_acc = 1.000000, train ppl = 1.000482
Step 27000: train_loss = 0.001333, train_acc = 1.000000, train ppl = 1.000666
==== Finshed epoch 48 ====
Evaluating model...
Epoch 48: validation accuracy = 0.819000 -- validation perplexity = 2.122211
Epoch 48: test accuracy: 0.835000
---- Qualitative Analysis
Context: is mary in the garden ? mary is in the kitchen . john is no longer in the office . daniel journeyed to the bedroom . mary travelled to the garden . is mary in the garden ?
Question: is mary in the garden ?
Answer: yes </s>
Model prediction: yes </s>
=========================
Step 27100: train_loss = 0.001177, train_acc = 1.000000, train ppl = 1.000589
Step 27200: train_loss = 0.008353, train_acc = 1.000000, train ppl = 1.004185
Step 27300: train_loss = 0.002507, train_acc = 1.000000, train ppl = 1.001254
Step 27400: train_loss = 0.002084, train_acc = 1.000000, train ppl = 1.001043
Step 27500: train_loss = 0.238232, train_acc = 0.937500, train ppl = 1.126500
==== Finshed epoch 49 ====
Evaluating model...
Epoch 49: validation accuracy = 0.827000 -- validation perplexity = 1.988652
Epoch 49: test accuracy: 0.825000
---- Qualitative Analysis
Context: is john in the hallway ? john journeyed to the garden . daniel is no longer in the garden . is john in the hallway ?
Question: is john in the hallway ?
Answer: no </s>
Model prediction: no </s>
=========================
Step 27600: train_loss = 0.000286, train_acc = 1.000000, train ppl = 1.000143
Step 27700: train_loss = 0.042886, train_acc = 1.000000, train ppl = 1.021675
Step 27800: train_loss = 0.000260, train_acc = 1.000000, train ppl = 1.000130
Step 27900: train_loss = 0.003965, train_acc = 1.000000, train ppl = 1.001984
Step 28000: train_loss = 0.365243, train_acc = 0.875000, train ppl = 1.200360
Step 28100: train_loss = 0.000010, train_acc = 1.000000, train ppl = 1.000005
==== Finshed epoch 50 ====
Evaluating model...
Epoch 50: validation accuracy = 0.836000 -- validation perplexity = 2.017678
Epoch 50: test accuracy: 0.832000
---- Qualitative Analysis
Context: is mary in the bedroom ? sandra travelled to the kitchen . daniel went to the hallway . daniel is not in the hallway . mary is not in the bedroom . daniel journeyed to the office . sandra is no longer in the kitchen . sandra is not in the office . mary is in the hallway . is mary in the bedroom ?
Question: is mary in the bedroom ?
Answer: no </s>
Model prediction: no </s>
=========================
Best model (acc) at epoch 11 -- validation perplexity = 1.207271 -- validation accuracy = 0.841000 -- test accuracy = 0.832000
0.841
